[2024-12-28T16:42:21.941+0000] {taskinstance.py:1979} INFO - Dependencies all met for dep_context=non-requeueable deps ti=<TaskInstance: postgres_jaffle_to_snowflake.airbyte_check_sync manual__2024-12-28T16:41:31.749801+00:00 [queued]>
[2024-12-28T16:42:21.966+0000] {taskinstance.py:1979} INFO - Dependencies all met for dep_context=requeueable deps ti=<TaskInstance: postgres_jaffle_to_snowflake.airbyte_check_sync manual__2024-12-28T16:41:31.749801+00:00 [queued]>
[2024-12-28T16:42:21.968+0000] {taskinstance.py:2193} INFO - Starting attempt 1 of 1
[2024-12-28T16:42:22.007+0000] {taskinstance.py:2217} INFO - Executing <Task(AirbyteJobSensor): airbyte_check_sync> on 2024-12-28 16:41:31.749801+00:00
[2024-12-28T16:42:22.027+0000] {standard_task_runner.py:60} INFO - Started process 149 to run task
[2024-12-28T16:42:22.033+0000] {standard_task_runner.py:87} INFO - Running: ['***', 'tasks', 'run', 'postgres_jaffle_to_snowflake', 'airbyte_check_sync', 'manual__2024-12-28T16:41:31.749801+00:00', '--job-id', '85', '--raw', '--subdir', 'DAGS_FOLDER/postgres_jaffle_to_snowflake.py', '--cfg-path', '/tmp/tmp5bnrkpzb']
[2024-12-28T16:42:22.046+0000] {standard_task_runner.py:88} INFO - Job 85: Subtask airbyte_check_sync
[2024-12-28T16:42:22.156+0000] {task_command.py:423} INFO - Running <TaskInstance: postgres_jaffle_to_snowflake.airbyte_check_sync manual__2024-12-28T16:41:31.749801+00:00 [running]> on host a68ea757822e
[2024-12-28T16:42:22.631+0000] {taskinstance.py:2513} INFO - Exporting env vars: AIRFLOW_CTX_DAG_OWNER='***' AIRFLOW_CTX_DAG_ID='postgres_jaffle_to_snowflake' AIRFLOW_CTX_TASK_ID='airbyte_check_sync' AIRFLOW_CTX_EXECUTION_DATE='2024-12-28T16:41:31.749801+00:00' AIRFLOW_CTX_TRY_NUMBER='1' AIRFLOW_CTX_DAG_RUN_ID='manual__2024-12-28T16:41:31.749801+00:00'
[2024-12-28T16:42:22.707+0000] {base.py:83} INFO - Using connection ID 'airbyte_conn' for task execution.
[2024-12-28T16:42:22.835+0000] {airbyte.py:104} INFO - Waiting for job 58 to complete.
[2024-12-28T16:43:23.253+0000] {base.py:83} INFO - Using connection ID 'airbyte_conn' for task execution.
[2024-12-28T16:43:23.472+0000] {airbyte.py:104} INFO - Waiting for job 58 to complete.
[2024-12-28T16:44:23.657+0000] {base.py:83} INFO - Using connection ID 'airbyte_conn' for task execution.
[2024-12-28T16:44:23.790+0000] {airbyte.py:104} INFO - Waiting for job 58 to complete.
[2024-12-28T16:45:23.899+0000] {base.py:83} INFO - Using connection ID 'airbyte_conn' for task execution.
[2024-12-28T16:45:23.987+0000] {airbyte.py:104} INFO - Waiting for job 58 to complete.
[2024-12-28T16:46:24.168+0000] {base.py:83} INFO - Using connection ID 'airbyte_conn' for task execution.
[2024-12-28T16:46:24.346+0000] {airbyte.py:104} INFO - Waiting for job 58 to complete.
[2024-12-28T16:47:24.719+0000] {base.py:83} INFO - Using connection ID 'airbyte_conn' for task execution.
[2024-12-28T16:47:24.913+0000] {airbyte.py:99} INFO - Job 58 completed successfully.
[2024-12-28T16:47:24.920+0000] {base.py:295} INFO - Success criteria met. Exiting.
[2024-12-28T16:47:25.229+0000] {taskinstance.py:1149} INFO - Marking task as SUCCESS. dag_id=postgres_jaffle_to_snowflake, task_id=airbyte_check_sync, execution_date=20241228T164131, start_date=20241228T164221, end_date=20241228T164725
[2024-12-28T16:47:25.922+0000] {local_task_job_runner.py:234} INFO - Task exited with return code 0
[2024-12-28T16:47:26.532+0000] {taskinstance.py:3312} INFO - 0 downstream tasks scheduled from follow-on schedule check
