[2024-04-24T21:14:29.971+0000] {processor.py:161} INFO - Started process (PID=75) to work on /home/airflow/.local/lib/python3.10/site-packages/airflow/example_dags/example_branch_operator.py
[2024-04-24T21:14:29.973+0000] {processor.py:830} INFO - Processing file /home/airflow/.local/lib/python3.10/site-packages/airflow/example_dags/example_branch_operator.py for tasks to queue
[2024-04-24T21:14:29.977+0000] {logging_mixin.py:188} INFO - [2024-04-24T21:14:29.976+0000] {dagbag.py:540} INFO - Filling up the DagBag from /home/airflow/.local/lib/python3.10/site-packages/airflow/example_dags/example_branch_operator.py
[2024-04-24T21:14:30.179+0000] {processor.py:840} INFO - DAG(s) 'example_branch_operator' retrieved from /home/airflow/.local/lib/python3.10/site-packages/airflow/example_dags/example_branch_operator.py
[2024-04-24T21:14:30.397+0000] {logging_mixin.py:188} INFO - [2024-04-24T21:14:30.396+0000] {override.py:1769} INFO - Created Permission View: can edit on DAG:example_branch_operator
[2024-04-24T21:14:30.413+0000] {logging_mixin.py:188} INFO - [2024-04-24T21:14:30.413+0000] {override.py:1769} INFO - Created Permission View: can read on DAG:example_branch_operator
[2024-04-24T21:14:30.427+0000] {logging_mixin.py:188} INFO - [2024-04-24T21:14:30.426+0000] {override.py:1769} INFO - Created Permission View: can delete on DAG:example_branch_operator
[2024-04-24T21:14:30.427+0000] {logging_mixin.py:188} INFO - [2024-04-24T21:14:30.427+0000] {dag.py:3047} INFO - Sync 1 DAGs
[2024-04-24T21:14:30.449+0000] {logging_mixin.py:188} INFO - [2024-04-24T21:14:30.449+0000] {dag.py:3069} INFO - Creating ORM DAG for example_branch_operator
[2024-04-24T21:14:30.473+0000] {logging_mixin.py:188} INFO - [2024-04-24T21:14:30.473+0000] {dag.py:3834} INFO - Setting next_dagrun for example_branch_operator to 2024-04-23 00:00:00+00:00, run_after=2024-04-24 00:00:00+00:00
[2024-04-24T21:14:30.504+0000] {processor.py:183} INFO - Processing /home/airflow/.local/lib/python3.10/site-packages/airflow/example_dags/example_branch_operator.py took 0.539 seconds
[2024-04-24T21:15:06.033+0000] {processor.py:161} INFO - Started process (PID=130) to work on /home/airflow/.local/lib/python3.10/site-packages/airflow/example_dags/example_branch_operator.py
[2024-04-24T21:15:06.047+0000] {processor.py:830} INFO - Processing file /home/airflow/.local/lib/python3.10/site-packages/airflow/example_dags/example_branch_operator.py for tasks to queue
[2024-04-24T21:15:06.052+0000] {logging_mixin.py:188} INFO - [2024-04-24T21:15:06.051+0000] {dagbag.py:540} INFO - Filling up the DagBag from /home/airflow/.local/lib/python3.10/site-packages/airflow/example_dags/example_branch_operator.py
[2024-04-24T21:15:06.111+0000] {processor.py:840} INFO - DAG(s) 'example_branch_operator' retrieved from /home/airflow/.local/lib/python3.10/site-packages/airflow/example_dags/example_branch_operator.py
[2024-04-24T21:15:06.188+0000] {logging_mixin.py:188} INFO - [2024-04-24T21:15:06.188+0000] {dag.py:3047} INFO - Sync 1 DAGs
[2024-04-24T21:15:06.333+0000] {logging_mixin.py:188} INFO - [2024-04-24T21:15:06.333+0000] {dag.py:3834} INFO - Setting next_dagrun for example_branch_operator to 2024-04-23 00:00:00+00:00, run_after=2024-04-24 00:00:00+00:00
[2024-04-24T21:15:06.403+0000] {processor.py:183} INFO - Processing /home/airflow/.local/lib/python3.10/site-packages/airflow/example_dags/example_branch_operator.py took 0.377 seconds
[2024-04-24T21:15:36.907+0000] {processor.py:161} INFO - Started process (PID=186) to work on /home/airflow/.local/lib/python3.10/site-packages/airflow/example_dags/example_branch_operator.py
[2024-04-24T21:15:36.922+0000] {processor.py:830} INFO - Processing file /home/airflow/.local/lib/python3.10/site-packages/airflow/example_dags/example_branch_operator.py for tasks to queue
[2024-04-24T21:15:36.925+0000] {logging_mixin.py:188} INFO - [2024-04-24T21:15:36.925+0000] {dagbag.py:540} INFO - Filling up the DagBag from /home/airflow/.local/lib/python3.10/site-packages/airflow/example_dags/example_branch_operator.py
[2024-04-24T21:15:36.968+0000] {processor.py:840} INFO - DAG(s) 'example_branch_operator' retrieved from /home/airflow/.local/lib/python3.10/site-packages/airflow/example_dags/example_branch_operator.py
[2024-04-24T21:15:37.104+0000] {logging_mixin.py:188} INFO - [2024-04-24T21:15:37.104+0000] {dag.py:3047} INFO - Sync 1 DAGs
[2024-04-24T21:15:37.134+0000] {logging_mixin.py:188} INFO - [2024-04-24T21:15:37.134+0000] {dag.py:3834} INFO - Setting next_dagrun for example_branch_operator to 2024-04-23 00:00:00+00:00, run_after=2024-04-24 00:00:00+00:00
[2024-04-24T21:15:37.223+0000] {processor.py:183} INFO - Processing /home/airflow/.local/lib/python3.10/site-packages/airflow/example_dags/example_branch_operator.py took 0.321 seconds
[2024-04-24T21:16:07.410+0000] {processor.py:161} INFO - Started process (PID=242) to work on /home/airflow/.local/lib/python3.10/site-packages/airflow/example_dags/example_branch_operator.py
[2024-04-24T21:16:07.412+0000] {processor.py:830} INFO - Processing file /home/airflow/.local/lib/python3.10/site-packages/airflow/example_dags/example_branch_operator.py for tasks to queue
[2024-04-24T21:16:07.416+0000] {logging_mixin.py:188} INFO - [2024-04-24T21:16:07.416+0000] {dagbag.py:540} INFO - Filling up the DagBag from /home/airflow/.local/lib/python3.10/site-packages/airflow/example_dags/example_branch_operator.py
[2024-04-24T21:16:07.443+0000] {processor.py:840} INFO - DAG(s) 'example_branch_operator' retrieved from /home/airflow/.local/lib/python3.10/site-packages/airflow/example_dags/example_branch_operator.py
[2024-04-24T21:16:07.475+0000] {logging_mixin.py:188} INFO - [2024-04-24T21:16:07.475+0000] {dag.py:3047} INFO - Sync 1 DAGs
[2024-04-24T21:16:07.509+0000] {logging_mixin.py:188} INFO - [2024-04-24T21:16:07.508+0000] {dag.py:3834} INFO - Setting next_dagrun for example_branch_operator to 2024-04-23 00:00:00+00:00, run_after=2024-04-24 00:00:00+00:00
[2024-04-24T21:16:07.534+0000] {processor.py:183} INFO - Processing /home/airflow/.local/lib/python3.10/site-packages/airflow/example_dags/example_branch_operator.py took 0.132 seconds
[2024-04-24T21:16:38.842+0000] {processor.py:161} INFO - Started process (PID=297) to work on /home/airflow/.local/lib/python3.10/site-packages/airflow/example_dags/example_branch_operator.py
[2024-04-24T21:16:38.845+0000] {processor.py:830} INFO - Processing file /home/airflow/.local/lib/python3.10/site-packages/airflow/example_dags/example_branch_operator.py for tasks to queue
[2024-04-24T21:16:38.860+0000] {logging_mixin.py:188} INFO - [2024-04-24T21:16:38.859+0000] {dagbag.py:540} INFO - Filling up the DagBag from /home/airflow/.local/lib/python3.10/site-packages/airflow/example_dags/example_branch_operator.py
[2024-04-24T21:16:38.970+0000] {processor.py:840} INFO - DAG(s) 'example_branch_operator' retrieved from /home/airflow/.local/lib/python3.10/site-packages/airflow/example_dags/example_branch_operator.py
[2024-04-24T21:16:39.152+0000] {logging_mixin.py:188} INFO - [2024-04-24T21:16:39.152+0000] {dag.py:3047} INFO - Sync 1 DAGs
[2024-04-24T21:16:39.315+0000] {logging_mixin.py:188} INFO - [2024-04-24T21:16:39.315+0000] {dag.py:3834} INFO - Setting next_dagrun for example_branch_operator to 2024-04-23 00:00:00+00:00, run_after=2024-04-24 00:00:00+00:00
[2024-04-24T21:16:40.761+0000] {processor.py:183} INFO - Processing /home/airflow/.local/lib/python3.10/site-packages/airflow/example_dags/example_branch_operator.py took 1.939 seconds
[2024-04-24T21:17:10.998+0000] {processor.py:161} INFO - Started process (PID=352) to work on /home/airflow/.local/lib/python3.10/site-packages/airflow/example_dags/example_branch_operator.py
[2024-04-24T21:17:11.000+0000] {processor.py:830} INFO - Processing file /home/airflow/.local/lib/python3.10/site-packages/airflow/example_dags/example_branch_operator.py for tasks to queue
[2024-04-24T21:17:11.002+0000] {logging_mixin.py:188} INFO - [2024-04-24T21:17:11.002+0000] {dagbag.py:540} INFO - Filling up the DagBag from /home/airflow/.local/lib/python3.10/site-packages/airflow/example_dags/example_branch_operator.py
[2024-04-24T21:17:11.026+0000] {processor.py:840} INFO - DAG(s) 'example_branch_operator' retrieved from /home/airflow/.local/lib/python3.10/site-packages/airflow/example_dags/example_branch_operator.py
[2024-04-24T21:17:11.063+0000] {logging_mixin.py:188} INFO - [2024-04-24T21:17:11.062+0000] {dag.py:3047} INFO - Sync 1 DAGs
[2024-04-24T21:17:11.096+0000] {logging_mixin.py:188} INFO - [2024-04-24T21:17:11.096+0000] {dag.py:3834} INFO - Setting next_dagrun for example_branch_operator to 2024-04-23 00:00:00+00:00, run_after=2024-04-24 00:00:00+00:00
[2024-04-24T21:17:11.121+0000] {processor.py:183} INFO - Processing /home/airflow/.local/lib/python3.10/site-packages/airflow/example_dags/example_branch_operator.py took 0.127 seconds
[2024-04-24T21:17:41.707+0000] {processor.py:161} INFO - Started process (PID=408) to work on /home/airflow/.local/lib/python3.10/site-packages/airflow/example_dags/example_branch_operator.py
[2024-04-24T21:17:41.709+0000] {processor.py:830} INFO - Processing file /home/airflow/.local/lib/python3.10/site-packages/airflow/example_dags/example_branch_operator.py for tasks to queue
[2024-04-24T21:17:41.711+0000] {logging_mixin.py:188} INFO - [2024-04-24T21:17:41.711+0000] {dagbag.py:540} INFO - Filling up the DagBag from /home/airflow/.local/lib/python3.10/site-packages/airflow/example_dags/example_branch_operator.py
[2024-04-24T21:17:41.727+0000] {processor.py:840} INFO - DAG(s) 'example_branch_operator' retrieved from /home/airflow/.local/lib/python3.10/site-packages/airflow/example_dags/example_branch_operator.py
[2024-04-24T21:17:41.764+0000] {logging_mixin.py:188} INFO - [2024-04-24T21:17:41.764+0000] {dag.py:3047} INFO - Sync 1 DAGs
[2024-04-24T21:17:41.788+0000] {logging_mixin.py:188} INFO - [2024-04-24T21:17:41.788+0000] {dag.py:3834} INFO - Setting next_dagrun for example_branch_operator to 2024-04-23 00:00:00+00:00, run_after=2024-04-24 00:00:00+00:00
[2024-04-24T21:17:41.810+0000] {processor.py:183} INFO - Processing /home/airflow/.local/lib/python3.10/site-packages/airflow/example_dags/example_branch_operator.py took 0.106 seconds
[2024-04-24T21:18:12.080+0000] {processor.py:161} INFO - Started process (PID=463) to work on /home/airflow/.local/lib/python3.10/site-packages/airflow/example_dags/example_branch_operator.py
[2024-04-24T21:18:12.082+0000] {processor.py:830} INFO - Processing file /home/airflow/.local/lib/python3.10/site-packages/airflow/example_dags/example_branch_operator.py for tasks to queue
[2024-04-24T21:18:12.084+0000] {logging_mixin.py:188} INFO - [2024-04-24T21:18:12.084+0000] {dagbag.py:540} INFO - Filling up the DagBag from /home/airflow/.local/lib/python3.10/site-packages/airflow/example_dags/example_branch_operator.py
[2024-04-24T21:18:12.109+0000] {processor.py:840} INFO - DAG(s) 'example_branch_operator' retrieved from /home/airflow/.local/lib/python3.10/site-packages/airflow/example_dags/example_branch_operator.py
[2024-04-24T21:18:12.151+0000] {logging_mixin.py:188} INFO - [2024-04-24T21:18:12.150+0000] {dag.py:3047} INFO - Sync 1 DAGs
[2024-04-24T21:18:12.182+0000] {logging_mixin.py:188} INFO - [2024-04-24T21:18:12.181+0000] {dag.py:3834} INFO - Setting next_dagrun for example_branch_operator to 2024-04-23 00:00:00+00:00, run_after=2024-04-24 00:00:00+00:00
[2024-04-24T21:18:12.202+0000] {processor.py:183} INFO - Processing /home/airflow/.local/lib/python3.10/site-packages/airflow/example_dags/example_branch_operator.py took 0.126 seconds
[2024-04-24T21:18:42.688+0000] {processor.py:161} INFO - Started process (PID=518) to work on /home/airflow/.local/lib/python3.10/site-packages/airflow/example_dags/example_branch_operator.py
[2024-04-24T21:18:42.690+0000] {processor.py:830} INFO - Processing file /home/airflow/.local/lib/python3.10/site-packages/airflow/example_dags/example_branch_operator.py for tasks to queue
[2024-04-24T21:18:42.692+0000] {logging_mixin.py:188} INFO - [2024-04-24T21:18:42.692+0000] {dagbag.py:540} INFO - Filling up the DagBag from /home/airflow/.local/lib/python3.10/site-packages/airflow/example_dags/example_branch_operator.py
[2024-04-24T21:18:42.720+0000] {processor.py:840} INFO - DAG(s) 'example_branch_operator' retrieved from /home/airflow/.local/lib/python3.10/site-packages/airflow/example_dags/example_branch_operator.py
[2024-04-24T21:18:42.755+0000] {logging_mixin.py:188} INFO - [2024-04-24T21:18:42.755+0000] {dag.py:3047} INFO - Sync 1 DAGs
[2024-04-24T21:18:42.813+0000] {logging_mixin.py:188} INFO - [2024-04-24T21:18:42.812+0000] {dag.py:3834} INFO - Setting next_dagrun for example_branch_operator to 2024-04-23 00:00:00+00:00, run_after=2024-04-24 00:00:00+00:00
[2024-04-24T21:18:42.840+0000] {processor.py:183} INFO - Processing /home/airflow/.local/lib/python3.10/site-packages/airflow/example_dags/example_branch_operator.py took 0.157 seconds
[2024-04-24T21:19:13.488+0000] {processor.py:161} INFO - Started process (PID=574) to work on /home/airflow/.local/lib/python3.10/site-packages/airflow/example_dags/example_branch_operator.py
[2024-04-24T21:19:13.489+0000] {processor.py:830} INFO - Processing file /home/airflow/.local/lib/python3.10/site-packages/airflow/example_dags/example_branch_operator.py for tasks to queue
[2024-04-24T21:19:13.492+0000] {logging_mixin.py:188} INFO - [2024-04-24T21:19:13.491+0000] {dagbag.py:540} INFO - Filling up the DagBag from /home/airflow/.local/lib/python3.10/site-packages/airflow/example_dags/example_branch_operator.py
[2024-04-24T21:19:13.509+0000] {processor.py:840} INFO - DAG(s) 'example_branch_operator' retrieved from /home/airflow/.local/lib/python3.10/site-packages/airflow/example_dags/example_branch_operator.py
[2024-04-24T21:19:13.538+0000] {logging_mixin.py:188} INFO - [2024-04-24T21:19:13.538+0000] {dag.py:3047} INFO - Sync 1 DAGs
[2024-04-24T21:19:13.564+0000] {logging_mixin.py:188} INFO - [2024-04-24T21:19:13.564+0000] {dag.py:3834} INFO - Setting next_dagrun for example_branch_operator to 2024-04-23 00:00:00+00:00, run_after=2024-04-24 00:00:00+00:00
[2024-04-24T21:19:13.586+0000] {processor.py:183} INFO - Processing /home/airflow/.local/lib/python3.10/site-packages/airflow/example_dags/example_branch_operator.py took 0.103 seconds
[2024-04-24T21:19:43.702+0000] {processor.py:161} INFO - Started process (PID=630) to work on /home/airflow/.local/lib/python3.10/site-packages/airflow/example_dags/example_branch_operator.py
[2024-04-24T21:19:43.704+0000] {processor.py:830} INFO - Processing file /home/airflow/.local/lib/python3.10/site-packages/airflow/example_dags/example_branch_operator.py for tasks to queue
[2024-04-24T21:19:43.707+0000] {logging_mixin.py:188} INFO - [2024-04-24T21:19:43.707+0000] {dagbag.py:540} INFO - Filling up the DagBag from /home/airflow/.local/lib/python3.10/site-packages/airflow/example_dags/example_branch_operator.py
[2024-04-24T21:19:43.723+0000] {processor.py:840} INFO - DAG(s) 'example_branch_operator' retrieved from /home/airflow/.local/lib/python3.10/site-packages/airflow/example_dags/example_branch_operator.py
[2024-04-24T21:19:43.750+0000] {logging_mixin.py:188} INFO - [2024-04-24T21:19:43.750+0000] {dag.py:3047} INFO - Sync 1 DAGs
[2024-04-24T21:19:43.772+0000] {logging_mixin.py:188} INFO - [2024-04-24T21:19:43.772+0000] {dag.py:3834} INFO - Setting next_dagrun for example_branch_operator to 2024-04-23 00:00:00+00:00, run_after=2024-04-24 00:00:00+00:00
[2024-04-24T21:19:43.794+0000] {processor.py:183} INFO - Processing /home/airflow/.local/lib/python3.10/site-packages/airflow/example_dags/example_branch_operator.py took 0.095 seconds
[2024-04-24T21:20:14.343+0000] {processor.py:161} INFO - Started process (PID=686) to work on /home/airflow/.local/lib/python3.10/site-packages/airflow/example_dags/example_branch_operator.py
[2024-04-24T21:20:14.345+0000] {processor.py:830} INFO - Processing file /home/airflow/.local/lib/python3.10/site-packages/airflow/example_dags/example_branch_operator.py for tasks to queue
[2024-04-24T21:20:14.348+0000] {logging_mixin.py:188} INFO - [2024-04-24T21:20:14.347+0000] {dagbag.py:540} INFO - Filling up the DagBag from /home/airflow/.local/lib/python3.10/site-packages/airflow/example_dags/example_branch_operator.py
[2024-04-24T21:20:14.368+0000] {processor.py:840} INFO - DAG(s) 'example_branch_operator' retrieved from /home/airflow/.local/lib/python3.10/site-packages/airflow/example_dags/example_branch_operator.py
[2024-04-24T21:20:14.398+0000] {logging_mixin.py:188} INFO - [2024-04-24T21:20:14.398+0000] {dag.py:3047} INFO - Sync 1 DAGs
[2024-04-24T21:20:14.422+0000] {logging_mixin.py:188} INFO - [2024-04-24T21:20:14.422+0000] {dag.py:3834} INFO - Setting next_dagrun for example_branch_operator to 2024-04-23 00:00:00+00:00, run_after=2024-04-24 00:00:00+00:00
[2024-04-24T21:20:14.444+0000] {processor.py:183} INFO - Processing /home/airflow/.local/lib/python3.10/site-packages/airflow/example_dags/example_branch_operator.py took 0.107 seconds
[2024-04-24T21:20:44.822+0000] {processor.py:161} INFO - Started process (PID=742) to work on /home/airflow/.local/lib/python3.10/site-packages/airflow/example_dags/example_branch_operator.py
[2024-04-24T21:20:44.823+0000] {processor.py:830} INFO - Processing file /home/airflow/.local/lib/python3.10/site-packages/airflow/example_dags/example_branch_operator.py for tasks to queue
[2024-04-24T21:20:44.825+0000] {logging_mixin.py:188} INFO - [2024-04-24T21:20:44.825+0000] {dagbag.py:540} INFO - Filling up the DagBag from /home/airflow/.local/lib/python3.10/site-packages/airflow/example_dags/example_branch_operator.py
[2024-04-24T21:20:44.843+0000] {processor.py:840} INFO - DAG(s) 'example_branch_operator' retrieved from /home/airflow/.local/lib/python3.10/site-packages/airflow/example_dags/example_branch_operator.py
[2024-04-24T21:20:44.874+0000] {logging_mixin.py:188} INFO - [2024-04-24T21:20:44.873+0000] {dag.py:3047} INFO - Sync 1 DAGs
[2024-04-24T21:20:44.895+0000] {logging_mixin.py:188} INFO - [2024-04-24T21:20:44.895+0000] {dag.py:3834} INFO - Setting next_dagrun for example_branch_operator to 2024-04-23 00:00:00+00:00, run_after=2024-04-24 00:00:00+00:00
[2024-04-24T21:20:44.915+0000] {processor.py:183} INFO - Processing /home/airflow/.local/lib/python3.10/site-packages/airflow/example_dags/example_branch_operator.py took 0.097 seconds
[2024-04-24T21:21:15.615+0000] {processor.py:161} INFO - Started process (PID=798) to work on /home/airflow/.local/lib/python3.10/site-packages/airflow/example_dags/example_branch_operator.py
[2024-04-24T21:21:15.616+0000] {processor.py:830} INFO - Processing file /home/airflow/.local/lib/python3.10/site-packages/airflow/example_dags/example_branch_operator.py for tasks to queue
[2024-04-24T21:21:15.618+0000] {logging_mixin.py:188} INFO - [2024-04-24T21:21:15.618+0000] {dagbag.py:540} INFO - Filling up the DagBag from /home/airflow/.local/lib/python3.10/site-packages/airflow/example_dags/example_branch_operator.py
[2024-04-24T21:21:15.635+0000] {processor.py:840} INFO - DAG(s) 'example_branch_operator' retrieved from /home/airflow/.local/lib/python3.10/site-packages/airflow/example_dags/example_branch_operator.py
[2024-04-24T21:21:15.662+0000] {logging_mixin.py:188} INFO - [2024-04-24T21:21:15.662+0000] {dag.py:3047} INFO - Sync 1 DAGs
[2024-04-24T21:21:15.683+0000] {logging_mixin.py:188} INFO - [2024-04-24T21:21:15.683+0000] {dag.py:3834} INFO - Setting next_dagrun for example_branch_operator to 2024-04-23 00:00:00+00:00, run_after=2024-04-24 00:00:00+00:00
[2024-04-24T21:21:15.704+0000] {processor.py:183} INFO - Processing /home/airflow/.local/lib/python3.10/site-packages/airflow/example_dags/example_branch_operator.py took 0.093 seconds
[2024-04-24T21:21:45.755+0000] {processor.py:161} INFO - Started process (PID=853) to work on /home/airflow/.local/lib/python3.10/site-packages/airflow/example_dags/example_branch_operator.py
[2024-04-24T21:21:45.756+0000] {processor.py:830} INFO - Processing file /home/airflow/.local/lib/python3.10/site-packages/airflow/example_dags/example_branch_operator.py for tasks to queue
[2024-04-24T21:21:45.759+0000] {logging_mixin.py:188} INFO - [2024-04-24T21:21:45.758+0000] {dagbag.py:540} INFO - Filling up the DagBag from /home/airflow/.local/lib/python3.10/site-packages/airflow/example_dags/example_branch_operator.py
[2024-04-24T21:21:45.776+0000] {processor.py:840} INFO - DAG(s) 'example_branch_operator' retrieved from /home/airflow/.local/lib/python3.10/site-packages/airflow/example_dags/example_branch_operator.py
[2024-04-24T21:21:45.804+0000] {logging_mixin.py:188} INFO - [2024-04-24T21:21:45.803+0000] {dag.py:3047} INFO - Sync 1 DAGs
[2024-04-24T21:21:45.825+0000] {logging_mixin.py:188} INFO - [2024-04-24T21:21:45.825+0000] {dag.py:3834} INFO - Setting next_dagrun for example_branch_operator to 2024-04-23 00:00:00+00:00, run_after=2024-04-24 00:00:00+00:00
[2024-04-24T21:21:45.846+0000] {processor.py:183} INFO - Processing /home/airflow/.local/lib/python3.10/site-packages/airflow/example_dags/example_branch_operator.py took 0.094 seconds
[2024-04-24T21:22:16.008+0000] {processor.py:161} INFO - Started process (PID=909) to work on /home/airflow/.local/lib/python3.10/site-packages/airflow/example_dags/example_branch_operator.py
[2024-04-24T21:22:16.009+0000] {processor.py:830} INFO - Processing file /home/airflow/.local/lib/python3.10/site-packages/airflow/example_dags/example_branch_operator.py for tasks to queue
[2024-04-24T21:22:16.011+0000] {logging_mixin.py:188} INFO - [2024-04-24T21:22:16.011+0000] {dagbag.py:540} INFO - Filling up the DagBag from /home/airflow/.local/lib/python3.10/site-packages/airflow/example_dags/example_branch_operator.py
[2024-04-24T21:22:16.027+0000] {processor.py:840} INFO - DAG(s) 'example_branch_operator' retrieved from /home/airflow/.local/lib/python3.10/site-packages/airflow/example_dags/example_branch_operator.py
[2024-04-24T21:22:16.054+0000] {logging_mixin.py:188} INFO - [2024-04-24T21:22:16.054+0000] {dag.py:3047} INFO - Sync 1 DAGs
[2024-04-24T21:22:16.075+0000] {logging_mixin.py:188} INFO - [2024-04-24T21:22:16.075+0000] {dag.py:3834} INFO - Setting next_dagrun for example_branch_operator to 2024-04-23 00:00:00+00:00, run_after=2024-04-24 00:00:00+00:00
[2024-04-24T21:22:16.096+0000] {processor.py:183} INFO - Processing /home/airflow/.local/lib/python3.10/site-packages/airflow/example_dags/example_branch_operator.py took 0.092 seconds
[2024-04-24T21:22:46.245+0000] {processor.py:161} INFO - Started process (PID=965) to work on /home/airflow/.local/lib/python3.10/site-packages/airflow/example_dags/example_branch_operator.py
[2024-04-24T21:22:46.247+0000] {processor.py:830} INFO - Processing file /home/airflow/.local/lib/python3.10/site-packages/airflow/example_dags/example_branch_operator.py for tasks to queue
[2024-04-24T21:22:46.249+0000] {logging_mixin.py:188} INFO - [2024-04-24T21:22:46.249+0000] {dagbag.py:540} INFO - Filling up the DagBag from /home/airflow/.local/lib/python3.10/site-packages/airflow/example_dags/example_branch_operator.py
[2024-04-24T21:22:46.265+0000] {processor.py:840} INFO - DAG(s) 'example_branch_operator' retrieved from /home/airflow/.local/lib/python3.10/site-packages/airflow/example_dags/example_branch_operator.py
[2024-04-24T21:22:46.292+0000] {logging_mixin.py:188} INFO - [2024-04-24T21:22:46.292+0000] {dag.py:3047} INFO - Sync 1 DAGs
[2024-04-24T21:22:46.314+0000] {logging_mixin.py:188} INFO - [2024-04-24T21:22:46.313+0000] {dag.py:3834} INFO - Setting next_dagrun for example_branch_operator to 2024-04-23 00:00:00+00:00, run_after=2024-04-24 00:00:00+00:00
[2024-04-24T21:22:46.335+0000] {processor.py:183} INFO - Processing /home/airflow/.local/lib/python3.10/site-packages/airflow/example_dags/example_branch_operator.py took 0.093 seconds
[2024-04-24T21:23:16.550+0000] {processor.py:161} INFO - Started process (PID=1020) to work on /home/airflow/.local/lib/python3.10/site-packages/airflow/example_dags/example_branch_operator.py
[2024-04-24T21:23:16.551+0000] {processor.py:830} INFO - Processing file /home/airflow/.local/lib/python3.10/site-packages/airflow/example_dags/example_branch_operator.py for tasks to queue
[2024-04-24T21:23:16.553+0000] {logging_mixin.py:188} INFO - [2024-04-24T21:23:16.553+0000] {dagbag.py:540} INFO - Filling up the DagBag from /home/airflow/.local/lib/python3.10/site-packages/airflow/example_dags/example_branch_operator.py
[2024-04-24T21:23:16.569+0000] {processor.py:840} INFO - DAG(s) 'example_branch_operator' retrieved from /home/airflow/.local/lib/python3.10/site-packages/airflow/example_dags/example_branch_operator.py
[2024-04-24T21:23:16.597+0000] {logging_mixin.py:188} INFO - [2024-04-24T21:23:16.597+0000] {dag.py:3047} INFO - Sync 1 DAGs
[2024-04-24T21:23:16.619+0000] {logging_mixin.py:188} INFO - [2024-04-24T21:23:16.618+0000] {dag.py:3834} INFO - Setting next_dagrun for example_branch_operator to 2024-04-23 00:00:00+00:00, run_after=2024-04-24 00:00:00+00:00
[2024-04-24T21:23:16.639+0000] {processor.py:183} INFO - Processing /home/airflow/.local/lib/python3.10/site-packages/airflow/example_dags/example_branch_operator.py took 0.093 seconds
[2024-04-24T21:23:46.925+0000] {processor.py:161} INFO - Started process (PID=1075) to work on /home/airflow/.local/lib/python3.10/site-packages/airflow/example_dags/example_branch_operator.py
[2024-04-24T21:23:46.927+0000] {processor.py:830} INFO - Processing file /home/airflow/.local/lib/python3.10/site-packages/airflow/example_dags/example_branch_operator.py for tasks to queue
[2024-04-24T21:23:46.929+0000] {logging_mixin.py:188} INFO - [2024-04-24T21:23:46.928+0000] {dagbag.py:540} INFO - Filling up the DagBag from /home/airflow/.local/lib/python3.10/site-packages/airflow/example_dags/example_branch_operator.py
[2024-04-24T21:23:46.944+0000] {processor.py:840} INFO - DAG(s) 'example_branch_operator' retrieved from /home/airflow/.local/lib/python3.10/site-packages/airflow/example_dags/example_branch_operator.py
[2024-04-24T21:23:46.971+0000] {logging_mixin.py:188} INFO - [2024-04-24T21:23:46.971+0000] {dag.py:3047} INFO - Sync 1 DAGs
[2024-04-24T21:23:46.994+0000] {logging_mixin.py:188} INFO - [2024-04-24T21:23:46.993+0000] {dag.py:3834} INFO - Setting next_dagrun for example_branch_operator to 2024-04-23 00:00:00+00:00, run_after=2024-04-24 00:00:00+00:00
[2024-04-24T21:23:47.017+0000] {processor.py:183} INFO - Processing /home/airflow/.local/lib/python3.10/site-packages/airflow/example_dags/example_branch_operator.py took 0.095 seconds
[2024-04-24T21:24:17.416+0000] {processor.py:161} INFO - Started process (PID=1130) to work on /home/airflow/.local/lib/python3.10/site-packages/airflow/example_dags/example_branch_operator.py
[2024-04-24T21:24:17.418+0000] {processor.py:830} INFO - Processing file /home/airflow/.local/lib/python3.10/site-packages/airflow/example_dags/example_branch_operator.py for tasks to queue
[2024-04-24T21:24:17.420+0000] {logging_mixin.py:188} INFO - [2024-04-24T21:24:17.419+0000] {dagbag.py:540} INFO - Filling up the DagBag from /home/airflow/.local/lib/python3.10/site-packages/airflow/example_dags/example_branch_operator.py
[2024-04-24T21:24:17.436+0000] {processor.py:840} INFO - DAG(s) 'example_branch_operator' retrieved from /home/airflow/.local/lib/python3.10/site-packages/airflow/example_dags/example_branch_operator.py
[2024-04-24T21:24:17.463+0000] {logging_mixin.py:188} INFO - [2024-04-24T21:24:17.463+0000] {dag.py:3047} INFO - Sync 1 DAGs
[2024-04-24T21:24:17.485+0000] {logging_mixin.py:188} INFO - [2024-04-24T21:24:17.485+0000] {dag.py:3834} INFO - Setting next_dagrun for example_branch_operator to 2024-04-23 00:00:00+00:00, run_after=2024-04-24 00:00:00+00:00
[2024-04-24T21:24:17.505+0000] {processor.py:183} INFO - Processing /home/airflow/.local/lib/python3.10/site-packages/airflow/example_dags/example_branch_operator.py took 0.092 seconds
[2024-04-24T21:24:47.684+0000] {processor.py:161} INFO - Started process (PID=1186) to work on /home/airflow/.local/lib/python3.10/site-packages/airflow/example_dags/example_branch_operator.py
[2024-04-24T21:24:47.685+0000] {processor.py:830} INFO - Processing file /home/airflow/.local/lib/python3.10/site-packages/airflow/example_dags/example_branch_operator.py for tasks to queue
[2024-04-24T21:24:47.687+0000] {logging_mixin.py:188} INFO - [2024-04-24T21:24:47.687+0000] {dagbag.py:540} INFO - Filling up the DagBag from /home/airflow/.local/lib/python3.10/site-packages/airflow/example_dags/example_branch_operator.py
[2024-04-24T21:24:47.703+0000] {processor.py:840} INFO - DAG(s) 'example_branch_operator' retrieved from /home/airflow/.local/lib/python3.10/site-packages/airflow/example_dags/example_branch_operator.py
[2024-04-24T21:24:47.730+0000] {logging_mixin.py:188} INFO - [2024-04-24T21:24:47.730+0000] {dag.py:3047} INFO - Sync 1 DAGs
[2024-04-24T21:24:47.752+0000] {logging_mixin.py:188} INFO - [2024-04-24T21:24:47.752+0000] {dag.py:3834} INFO - Setting next_dagrun for example_branch_operator to 2024-04-23 00:00:00+00:00, run_after=2024-04-24 00:00:00+00:00
[2024-04-24T21:24:47.774+0000] {processor.py:183} INFO - Processing /home/airflow/.local/lib/python3.10/site-packages/airflow/example_dags/example_branch_operator.py took 0.094 seconds
[2024-04-24T21:25:18.173+0000] {processor.py:161} INFO - Started process (PID=1241) to work on /home/airflow/.local/lib/python3.10/site-packages/airflow/example_dags/example_branch_operator.py
[2024-04-24T21:25:18.174+0000] {processor.py:830} INFO - Processing file /home/airflow/.local/lib/python3.10/site-packages/airflow/example_dags/example_branch_operator.py for tasks to queue
[2024-04-24T21:25:18.176+0000] {logging_mixin.py:188} INFO - [2024-04-24T21:25:18.176+0000] {dagbag.py:540} INFO - Filling up the DagBag from /home/airflow/.local/lib/python3.10/site-packages/airflow/example_dags/example_branch_operator.py
[2024-04-24T21:25:18.192+0000] {processor.py:840} INFO - DAG(s) 'example_branch_operator' retrieved from /home/airflow/.local/lib/python3.10/site-packages/airflow/example_dags/example_branch_operator.py
[2024-04-24T21:25:18.220+0000] {logging_mixin.py:188} INFO - [2024-04-24T21:25:18.220+0000] {dag.py:3047} INFO - Sync 1 DAGs
[2024-04-24T21:25:18.241+0000] {logging_mixin.py:188} INFO - [2024-04-24T21:25:18.241+0000] {dag.py:3834} INFO - Setting next_dagrun for example_branch_operator to 2024-04-23 00:00:00+00:00, run_after=2024-04-24 00:00:00+00:00
[2024-04-24T21:25:18.263+0000] {processor.py:183} INFO - Processing /home/airflow/.local/lib/python3.10/site-packages/airflow/example_dags/example_branch_operator.py took 0.094 seconds
[2024-04-24T21:25:48.754+0000] {processor.py:161} INFO - Started process (PID=1297) to work on /home/airflow/.local/lib/python3.10/site-packages/airflow/example_dags/example_branch_operator.py
[2024-04-24T21:25:48.756+0000] {processor.py:830} INFO - Processing file /home/airflow/.local/lib/python3.10/site-packages/airflow/example_dags/example_branch_operator.py for tasks to queue
[2024-04-24T21:25:48.758+0000] {logging_mixin.py:188} INFO - [2024-04-24T21:25:48.757+0000] {dagbag.py:540} INFO - Filling up the DagBag from /home/airflow/.local/lib/python3.10/site-packages/airflow/example_dags/example_branch_operator.py
[2024-04-24T21:25:48.777+0000] {processor.py:840} INFO - DAG(s) 'example_branch_operator' retrieved from /home/airflow/.local/lib/python3.10/site-packages/airflow/example_dags/example_branch_operator.py
[2024-04-24T21:25:48.805+0000] {logging_mixin.py:188} INFO - [2024-04-24T21:25:48.804+0000] {dag.py:3047} INFO - Sync 1 DAGs
[2024-04-24T21:25:48.827+0000] {logging_mixin.py:188} INFO - [2024-04-24T21:25:48.826+0000] {dag.py:3834} INFO - Setting next_dagrun for example_branch_operator to 2024-04-23 00:00:00+00:00, run_after=2024-04-24 00:00:00+00:00
[2024-04-24T21:25:48.849+0000] {processor.py:183} INFO - Processing /home/airflow/.local/lib/python3.10/site-packages/airflow/example_dags/example_branch_operator.py took 0.098 seconds
[2024-04-24T21:26:19.002+0000] {processor.py:161} INFO - Started process (PID=1352) to work on /home/airflow/.local/lib/python3.10/site-packages/airflow/example_dags/example_branch_operator.py
[2024-04-24T21:26:19.004+0000] {processor.py:830} INFO - Processing file /home/airflow/.local/lib/python3.10/site-packages/airflow/example_dags/example_branch_operator.py for tasks to queue
[2024-04-24T21:26:19.006+0000] {logging_mixin.py:188} INFO - [2024-04-24T21:26:19.005+0000] {dagbag.py:540} INFO - Filling up the DagBag from /home/airflow/.local/lib/python3.10/site-packages/airflow/example_dags/example_branch_operator.py
[2024-04-24T21:26:19.021+0000] {processor.py:840} INFO - DAG(s) 'example_branch_operator' retrieved from /home/airflow/.local/lib/python3.10/site-packages/airflow/example_dags/example_branch_operator.py
[2024-04-24T21:26:19.048+0000] {logging_mixin.py:188} INFO - [2024-04-24T21:26:19.048+0000] {dag.py:3047} INFO - Sync 1 DAGs
[2024-04-24T21:26:19.195+0000] {logging_mixin.py:188} INFO - [2024-04-24T21:26:19.195+0000] {dag.py:3834} INFO - Setting next_dagrun for example_branch_operator to 2024-04-23 00:00:00+00:00, run_after=2024-04-24 00:00:00+00:00
[2024-04-24T21:26:19.214+0000] {processor.py:183} INFO - Processing /home/airflow/.local/lib/python3.10/site-packages/airflow/example_dags/example_branch_operator.py took 0.215 seconds
[2024-04-24T21:26:49.617+0000] {processor.py:161} INFO - Started process (PID=1405) to work on /home/airflow/.local/lib/python3.10/site-packages/airflow/example_dags/example_branch_operator.py
[2024-04-24T21:26:49.618+0000] {processor.py:830} INFO - Processing file /home/airflow/.local/lib/python3.10/site-packages/airflow/example_dags/example_branch_operator.py for tasks to queue
[2024-04-24T21:26:49.620+0000] {logging_mixin.py:188} INFO - [2024-04-24T21:26:49.619+0000] {dagbag.py:540} INFO - Filling up the DagBag from /home/airflow/.local/lib/python3.10/site-packages/airflow/example_dags/example_branch_operator.py
[2024-04-24T21:26:49.635+0000] {processor.py:840} INFO - DAG(s) 'example_branch_operator' retrieved from /home/airflow/.local/lib/python3.10/site-packages/airflow/example_dags/example_branch_operator.py
[2024-04-24T21:26:49.662+0000] {logging_mixin.py:188} INFO - [2024-04-24T21:26:49.662+0000] {dag.py:3047} INFO - Sync 1 DAGs
[2024-04-24T21:26:49.684+0000] {logging_mixin.py:188} INFO - [2024-04-24T21:26:49.684+0000] {dag.py:3834} INFO - Setting next_dagrun for example_branch_operator to 2024-04-23 00:00:00+00:00, run_after=2024-04-24 00:00:00+00:00
[2024-04-24T21:26:49.705+0000] {processor.py:183} INFO - Processing /home/airflow/.local/lib/python3.10/site-packages/airflow/example_dags/example_branch_operator.py took 0.092 seconds
[2024-04-24T21:27:20.343+0000] {processor.py:161} INFO - Started process (PID=1460) to work on /home/airflow/.local/lib/python3.10/site-packages/airflow/example_dags/example_branch_operator.py
[2024-04-24T21:27:20.344+0000] {processor.py:830} INFO - Processing file /home/airflow/.local/lib/python3.10/site-packages/airflow/example_dags/example_branch_operator.py for tasks to queue
[2024-04-24T21:27:20.347+0000] {logging_mixin.py:188} INFO - [2024-04-24T21:27:20.346+0000] {dagbag.py:540} INFO - Filling up the DagBag from /home/airflow/.local/lib/python3.10/site-packages/airflow/example_dags/example_branch_operator.py
[2024-04-24T21:27:20.364+0000] {processor.py:840} INFO - DAG(s) 'example_branch_operator' retrieved from /home/airflow/.local/lib/python3.10/site-packages/airflow/example_dags/example_branch_operator.py
[2024-04-24T21:27:20.391+0000] {logging_mixin.py:188} INFO - [2024-04-24T21:27:20.391+0000] {dag.py:3047} INFO - Sync 1 DAGs
[2024-04-24T21:27:20.411+0000] {logging_mixin.py:188} INFO - [2024-04-24T21:27:20.411+0000] {dag.py:3834} INFO - Setting next_dagrun for example_branch_operator to 2024-04-23 00:00:00+00:00, run_after=2024-04-24 00:00:00+00:00
[2024-04-24T21:27:20.432+0000] {processor.py:183} INFO - Processing /home/airflow/.local/lib/python3.10/site-packages/airflow/example_dags/example_branch_operator.py took 0.092 seconds
[2024-04-24T21:27:50.867+0000] {processor.py:161} INFO - Started process (PID=1516) to work on /home/airflow/.local/lib/python3.10/site-packages/airflow/example_dags/example_branch_operator.py
[2024-04-24T21:27:50.869+0000] {processor.py:830} INFO - Processing file /home/airflow/.local/lib/python3.10/site-packages/airflow/example_dags/example_branch_operator.py for tasks to queue
[2024-04-24T21:27:50.871+0000] {logging_mixin.py:188} INFO - [2024-04-24T21:27:50.871+0000] {dagbag.py:540} INFO - Filling up the DagBag from /home/airflow/.local/lib/python3.10/site-packages/airflow/example_dags/example_branch_operator.py
[2024-04-24T21:27:50.889+0000] {processor.py:840} INFO - DAG(s) 'example_branch_operator' retrieved from /home/airflow/.local/lib/python3.10/site-packages/airflow/example_dags/example_branch_operator.py
[2024-04-24T21:27:51.237+0000] {logging_mixin.py:188} INFO - [2024-04-24T21:27:51.237+0000] {dag.py:3047} INFO - Sync 1 DAGs
[2024-04-24T21:27:51.265+0000] {logging_mixin.py:188} INFO - [2024-04-24T21:27:51.264+0000] {dag.py:3834} INFO - Setting next_dagrun for example_branch_operator to 2024-04-23 00:00:00+00:00, run_after=2024-04-24 00:00:00+00:00
[2024-04-24T21:27:51.285+0000] {processor.py:183} INFO - Processing /home/airflow/.local/lib/python3.10/site-packages/airflow/example_dags/example_branch_operator.py took 0.422 seconds
[2024-04-24T21:28:22.025+0000] {processor.py:161} INFO - Started process (PID=1571) to work on /home/airflow/.local/lib/python3.10/site-packages/airflow/example_dags/example_branch_operator.py
[2024-04-24T21:28:22.026+0000] {processor.py:830} INFO - Processing file /home/airflow/.local/lib/python3.10/site-packages/airflow/example_dags/example_branch_operator.py for tasks to queue
[2024-04-24T21:28:22.028+0000] {logging_mixin.py:188} INFO - [2024-04-24T21:28:22.028+0000] {dagbag.py:540} INFO - Filling up the DagBag from /home/airflow/.local/lib/python3.10/site-packages/airflow/example_dags/example_branch_operator.py
[2024-04-24T21:28:22.045+0000] {processor.py:840} INFO - DAG(s) 'example_branch_operator' retrieved from /home/airflow/.local/lib/python3.10/site-packages/airflow/example_dags/example_branch_operator.py
[2024-04-24T21:28:22.104+0000] {logging_mixin.py:188} INFO - [2024-04-24T21:28:22.104+0000] {dag.py:3047} INFO - Sync 1 DAGs
[2024-04-24T21:28:22.301+0000] {logging_mixin.py:188} INFO - [2024-04-24T21:28:22.301+0000] {dag.py:3834} INFO - Setting next_dagrun for example_branch_operator to 2024-04-23 00:00:00+00:00, run_after=2024-04-24 00:00:00+00:00
[2024-04-24T21:28:22.320+0000] {processor.py:183} INFO - Processing /home/airflow/.local/lib/python3.10/site-packages/airflow/example_dags/example_branch_operator.py took 0.299 seconds
[2024-04-24T21:28:52.877+0000] {processor.py:161} INFO - Started process (PID=1626) to work on /home/airflow/.local/lib/python3.10/site-packages/airflow/example_dags/example_branch_operator.py
[2024-04-24T21:28:52.878+0000] {processor.py:830} INFO - Processing file /home/airflow/.local/lib/python3.10/site-packages/airflow/example_dags/example_branch_operator.py for tasks to queue
[2024-04-24T21:28:52.880+0000] {logging_mixin.py:188} INFO - [2024-04-24T21:28:52.880+0000] {dagbag.py:540} INFO - Filling up the DagBag from /home/airflow/.local/lib/python3.10/site-packages/airflow/example_dags/example_branch_operator.py
[2024-04-24T21:28:52.895+0000] {processor.py:840} INFO - DAG(s) 'example_branch_operator' retrieved from /home/airflow/.local/lib/python3.10/site-packages/airflow/example_dags/example_branch_operator.py
[2024-04-24T21:28:52.925+0000] {logging_mixin.py:188} INFO - [2024-04-24T21:28:52.925+0000] {dag.py:3047} INFO - Sync 1 DAGs
[2024-04-24T21:28:52.947+0000] {logging_mixin.py:188} INFO - [2024-04-24T21:28:52.947+0000] {dag.py:3834} INFO - Setting next_dagrun for example_branch_operator to 2024-04-23 00:00:00+00:00, run_after=2024-04-24 00:00:00+00:00
[2024-04-24T21:28:53.087+0000] {processor.py:183} INFO - Processing /home/airflow/.local/lib/python3.10/site-packages/airflow/example_dags/example_branch_operator.py took 0.213 seconds
[2024-04-24T21:29:23.763+0000] {processor.py:161} INFO - Started process (PID=1682) to work on /home/airflow/.local/lib/python3.10/site-packages/airflow/example_dags/example_branch_operator.py
[2024-04-24T21:29:23.764+0000] {processor.py:830} INFO - Processing file /home/airflow/.local/lib/python3.10/site-packages/airflow/example_dags/example_branch_operator.py for tasks to queue
[2024-04-24T21:29:23.766+0000] {logging_mixin.py:188} INFO - [2024-04-24T21:29:23.766+0000] {dagbag.py:540} INFO - Filling up the DagBag from /home/airflow/.local/lib/python3.10/site-packages/airflow/example_dags/example_branch_operator.py
[2024-04-24T21:29:23.783+0000] {processor.py:840} INFO - DAG(s) 'example_branch_operator' retrieved from /home/airflow/.local/lib/python3.10/site-packages/airflow/example_dags/example_branch_operator.py
[2024-04-24T21:29:23.810+0000] {logging_mixin.py:188} INFO - [2024-04-24T21:29:23.810+0000] {dag.py:3047} INFO - Sync 1 DAGs
[2024-04-24T21:29:23.832+0000] {logging_mixin.py:188} INFO - [2024-04-24T21:29:23.832+0000] {dag.py:3834} INFO - Setting next_dagrun for example_branch_operator to 2024-04-23 00:00:00+00:00, run_after=2024-04-24 00:00:00+00:00
[2024-04-24T21:29:23.853+0000] {processor.py:183} INFO - Processing /home/airflow/.local/lib/python3.10/site-packages/airflow/example_dags/example_branch_operator.py took 0.094 seconds
[2024-04-24T21:29:53.913+0000] {processor.py:161} INFO - Started process (PID=1737) to work on /home/airflow/.local/lib/python3.10/site-packages/airflow/example_dags/example_branch_operator.py
[2024-04-24T21:29:53.914+0000] {processor.py:830} INFO - Processing file /home/airflow/.local/lib/python3.10/site-packages/airflow/example_dags/example_branch_operator.py for tasks to queue
[2024-04-24T21:29:53.917+0000] {logging_mixin.py:188} INFO - [2024-04-24T21:29:53.916+0000] {dagbag.py:540} INFO - Filling up the DagBag from /home/airflow/.local/lib/python3.10/site-packages/airflow/example_dags/example_branch_operator.py
[2024-04-24T21:29:54.069+0000] {processor.py:840} INFO - DAG(s) 'example_branch_operator' retrieved from /home/airflow/.local/lib/python3.10/site-packages/airflow/example_dags/example_branch_operator.py
[2024-04-24T21:29:54.092+0000] {logging_mixin.py:188} INFO - [2024-04-24T21:29:54.092+0000] {dag.py:3047} INFO - Sync 1 DAGs
[2024-04-24T21:29:54.110+0000] {logging_mixin.py:188} INFO - [2024-04-24T21:29:54.110+0000] {dag.py:3834} INFO - Setting next_dagrun for example_branch_operator to 2024-04-23 00:00:00+00:00, run_after=2024-04-24 00:00:00+00:00
[2024-04-24T21:29:54.130+0000] {processor.py:183} INFO - Processing /home/airflow/.local/lib/python3.10/site-packages/airflow/example_dags/example_branch_operator.py took 0.220 seconds
[2024-04-24T21:30:24.731+0000] {processor.py:161} INFO - Started process (PID=1793) to work on /home/airflow/.local/lib/python3.10/site-packages/airflow/example_dags/example_branch_operator.py
[2024-04-24T21:30:24.732+0000] {processor.py:830} INFO - Processing file /home/airflow/.local/lib/python3.10/site-packages/airflow/example_dags/example_branch_operator.py for tasks to queue
[2024-04-24T21:30:24.734+0000] {logging_mixin.py:188} INFO - [2024-04-24T21:30:24.734+0000] {dagbag.py:540} INFO - Filling up the DagBag from /home/airflow/.local/lib/python3.10/site-packages/airflow/example_dags/example_branch_operator.py
[2024-04-24T21:30:24.758+0000] {processor.py:840} INFO - DAG(s) 'example_branch_operator' retrieved from /home/airflow/.local/lib/python3.10/site-packages/airflow/example_dags/example_branch_operator.py
[2024-04-24T21:30:24.793+0000] {logging_mixin.py:188} INFO - [2024-04-24T21:30:24.792+0000] {dag.py:3047} INFO - Sync 1 DAGs
[2024-04-24T21:30:24.822+0000] {logging_mixin.py:188} INFO - [2024-04-24T21:30:24.821+0000] {dag.py:3834} INFO - Setting next_dagrun for example_branch_operator to 2024-04-23 00:00:00+00:00, run_after=2024-04-24 00:00:00+00:00
[2024-04-24T21:30:24.852+0000] {processor.py:183} INFO - Processing /home/airflow/.local/lib/python3.10/site-packages/airflow/example_dags/example_branch_operator.py took 0.125 seconds
