[2024-04-24T21:14:33.505+0000] {processor.py:161} INFO - Started process (PID=85) to work on /home/airflow/.local/lib/python3.10/site-packages/airflow/example_dags/example_latest_only_with_trigger.py
[2024-04-24T21:14:33.507+0000] {processor.py:830} INFO - Processing file /home/airflow/.local/lib/python3.10/site-packages/airflow/example_dags/example_latest_only_with_trigger.py for tasks to queue
[2024-04-24T21:14:33.512+0000] {logging_mixin.py:188} INFO - [2024-04-24T21:14:33.511+0000] {dagbag.py:540} INFO - Filling up the DagBag from /home/airflow/.local/lib/python3.10/site-packages/airflow/example_dags/example_latest_only_with_trigger.py
[2024-04-24T21:14:33.528+0000] {processor.py:840} INFO - DAG(s) 'latest_only_with_trigger' retrieved from /home/airflow/.local/lib/python3.10/site-packages/airflow/example_dags/example_latest_only_with_trigger.py
[2024-04-24T21:14:33.813+0000] {logging_mixin.py:188} INFO - [2024-04-24T21:14:33.811+0000] {override.py:1769} INFO - Created Permission View: can edit on DAG:latest_only_with_trigger
[2024-04-24T21:14:33.836+0000] {logging_mixin.py:188} INFO - [2024-04-24T21:14:33.835+0000] {override.py:1769} INFO - Created Permission View: can read on DAG:latest_only_with_trigger
[2024-04-24T21:14:33.851+0000] {logging_mixin.py:188} INFO - [2024-04-24T21:14:33.850+0000] {override.py:1769} INFO - Created Permission View: can delete on DAG:latest_only_with_trigger
[2024-04-24T21:14:33.852+0000] {logging_mixin.py:188} INFO - [2024-04-24T21:14:33.852+0000] {dag.py:3047} INFO - Sync 1 DAGs
[2024-04-24T21:14:33.879+0000] {logging_mixin.py:188} INFO - [2024-04-24T21:14:33.878+0000] {dag.py:3069} INFO - Creating ORM DAG for latest_only_with_trigger
[2024-04-24T21:14:33.898+0000] {logging_mixin.py:188} INFO - [2024-04-24T21:14:33.898+0000] {dag.py:3834} INFO - Setting next_dagrun for latest_only_with_trigger to 2024-04-24 16:00:00+00:00, run_after=2024-04-24 20:00:00+00:00
[2024-04-24T21:14:33.939+0000] {processor.py:183} INFO - Processing /home/airflow/.local/lib/python3.10/site-packages/airflow/example_dags/example_latest_only_with_trigger.py took 0.441 seconds
[2024-04-24T21:15:08.950+0000] {processor.py:161} INFO - Started process (PID=140) to work on /home/airflow/.local/lib/python3.10/site-packages/airflow/example_dags/example_latest_only_with_trigger.py
[2024-04-24T21:15:08.960+0000] {processor.py:830} INFO - Processing file /home/airflow/.local/lib/python3.10/site-packages/airflow/example_dags/example_latest_only_with_trigger.py for tasks to queue
[2024-04-24T21:15:08.964+0000] {logging_mixin.py:188} INFO - [2024-04-24T21:15:08.964+0000] {dagbag.py:540} INFO - Filling up the DagBag from /home/airflow/.local/lib/python3.10/site-packages/airflow/example_dags/example_latest_only_with_trigger.py
[2024-04-24T21:15:09.032+0000] {processor.py:840} INFO - DAG(s) 'latest_only_with_trigger' retrieved from /home/airflow/.local/lib/python3.10/site-packages/airflow/example_dags/example_latest_only_with_trigger.py
[2024-04-24T21:15:09.108+0000] {logging_mixin.py:188} INFO - [2024-04-24T21:15:09.107+0000] {dag.py:3047} INFO - Sync 1 DAGs
[2024-04-24T21:15:09.212+0000] {logging_mixin.py:188} INFO - [2024-04-24T21:15:09.212+0000] {dag.py:3834} INFO - Setting next_dagrun for latest_only_with_trigger to 2024-04-24 16:00:00+00:00, run_after=2024-04-24 20:00:00+00:00
[2024-04-24T21:15:12.006+0000] {processor.py:183} INFO - Processing /home/airflow/.local/lib/python3.10/site-packages/airflow/example_dags/example_latest_only_with_trigger.py took 3.065 seconds
[2024-04-24T21:15:42.194+0000] {processor.py:161} INFO - Started process (PID=196) to work on /home/airflow/.local/lib/python3.10/site-packages/airflow/example_dags/example_latest_only_with_trigger.py
[2024-04-24T21:15:42.196+0000] {processor.py:830} INFO - Processing file /home/airflow/.local/lib/python3.10/site-packages/airflow/example_dags/example_latest_only_with_trigger.py for tasks to queue
[2024-04-24T21:15:42.200+0000] {logging_mixin.py:188} INFO - [2024-04-24T21:15:42.200+0000] {dagbag.py:540} INFO - Filling up the DagBag from /home/airflow/.local/lib/python3.10/site-packages/airflow/example_dags/example_latest_only_with_trigger.py
[2024-04-24T21:15:42.213+0000] {processor.py:840} INFO - DAG(s) 'latest_only_with_trigger' retrieved from /home/airflow/.local/lib/python3.10/site-packages/airflow/example_dags/example_latest_only_with_trigger.py
[2024-04-24T21:15:42.246+0000] {logging_mixin.py:188} INFO - [2024-04-24T21:15:42.246+0000] {dag.py:3047} INFO - Sync 1 DAGs
[2024-04-24T21:15:42.279+0000] {logging_mixin.py:188} INFO - [2024-04-24T21:15:42.278+0000] {dag.py:3834} INFO - Setting next_dagrun for latest_only_with_trigger to 2024-04-24 16:00:00+00:00, run_after=2024-04-24 20:00:00+00:00
[2024-04-24T21:15:42.322+0000] {processor.py:183} INFO - Processing /home/airflow/.local/lib/python3.10/site-packages/airflow/example_dags/example_latest_only_with_trigger.py took 0.134 seconds
[2024-04-24T21:16:13.177+0000] {processor.py:161} INFO - Started process (PID=252) to work on /home/airflow/.local/lib/python3.10/site-packages/airflow/example_dags/example_latest_only_with_trigger.py
[2024-04-24T21:16:13.180+0000] {processor.py:830} INFO - Processing file /home/airflow/.local/lib/python3.10/site-packages/airflow/example_dags/example_latest_only_with_trigger.py for tasks to queue
[2024-04-24T21:16:13.188+0000] {logging_mixin.py:188} INFO - [2024-04-24T21:16:13.188+0000] {dagbag.py:540} INFO - Filling up the DagBag from /home/airflow/.local/lib/python3.10/site-packages/airflow/example_dags/example_latest_only_with_trigger.py
[2024-04-24T21:16:13.201+0000] {processor.py:840} INFO - DAG(s) 'latest_only_with_trigger' retrieved from /home/airflow/.local/lib/python3.10/site-packages/airflow/example_dags/example_latest_only_with_trigger.py
[2024-04-24T21:16:13.252+0000] {logging_mixin.py:188} INFO - [2024-04-24T21:16:13.251+0000] {dag.py:3047} INFO - Sync 1 DAGs
[2024-04-24T21:16:13.314+0000] {logging_mixin.py:188} INFO - [2024-04-24T21:16:13.313+0000] {dag.py:3834} INFO - Setting next_dagrun for latest_only_with_trigger to 2024-04-24 16:00:00+00:00, run_after=2024-04-24 20:00:00+00:00
[2024-04-24T21:16:13.409+0000] {processor.py:183} INFO - Processing /home/airflow/.local/lib/python3.10/site-packages/airflow/example_dags/example_latest_only_with_trigger.py took 0.241 seconds
[2024-04-24T21:16:44.195+0000] {processor.py:161} INFO - Started process (PID=307) to work on /home/airflow/.local/lib/python3.10/site-packages/airflow/example_dags/example_latest_only_with_trigger.py
[2024-04-24T21:16:44.197+0000] {processor.py:830} INFO - Processing file /home/airflow/.local/lib/python3.10/site-packages/airflow/example_dags/example_latest_only_with_trigger.py for tasks to queue
[2024-04-24T21:16:44.200+0000] {logging_mixin.py:188} INFO - [2024-04-24T21:16:44.200+0000] {dagbag.py:540} INFO - Filling up the DagBag from /home/airflow/.local/lib/python3.10/site-packages/airflow/example_dags/example_latest_only_with_trigger.py
[2024-04-24T21:16:44.209+0000] {processor.py:840} INFO - DAG(s) 'latest_only_with_trigger' retrieved from /home/airflow/.local/lib/python3.10/site-packages/airflow/example_dags/example_latest_only_with_trigger.py
[2024-04-24T21:16:44.238+0000] {logging_mixin.py:188} INFO - [2024-04-24T21:16:44.237+0000] {dag.py:3047} INFO - Sync 1 DAGs
[2024-04-24T21:16:44.264+0000] {logging_mixin.py:188} INFO - [2024-04-24T21:16:44.264+0000] {dag.py:3834} INFO - Setting next_dagrun for latest_only_with_trigger to 2024-04-24 16:00:00+00:00, run_after=2024-04-24 20:00:00+00:00
[2024-04-24T21:16:44.288+0000] {processor.py:183} INFO - Processing /home/airflow/.local/lib/python3.10/site-packages/airflow/example_dags/example_latest_only_with_trigger.py took 0.097 seconds
[2024-04-24T21:17:14.637+0000] {processor.py:161} INFO - Started process (PID=362) to work on /home/airflow/.local/lib/python3.10/site-packages/airflow/example_dags/example_latest_only_with_trigger.py
[2024-04-24T21:17:14.642+0000] {processor.py:830} INFO - Processing file /home/airflow/.local/lib/python3.10/site-packages/airflow/example_dags/example_latest_only_with_trigger.py for tasks to queue
[2024-04-24T21:17:14.645+0000] {logging_mixin.py:188} INFO - [2024-04-24T21:17:14.645+0000] {dagbag.py:540} INFO - Filling up the DagBag from /home/airflow/.local/lib/python3.10/site-packages/airflow/example_dags/example_latest_only_with_trigger.py
[2024-04-24T21:17:14.652+0000] {processor.py:840} INFO - DAG(s) 'latest_only_with_trigger' retrieved from /home/airflow/.local/lib/python3.10/site-packages/airflow/example_dags/example_latest_only_with_trigger.py
[2024-04-24T21:17:14.675+0000] {logging_mixin.py:188} INFO - [2024-04-24T21:17:14.675+0000] {dag.py:3047} INFO - Sync 1 DAGs
[2024-04-24T21:17:14.700+0000] {logging_mixin.py:188} INFO - [2024-04-24T21:17:14.699+0000] {dag.py:3834} INFO - Setting next_dagrun for latest_only_with_trigger to 2024-04-24 16:00:00+00:00, run_after=2024-04-24 20:00:00+00:00
[2024-04-24T21:17:14.728+0000] {processor.py:183} INFO - Processing /home/airflow/.local/lib/python3.10/site-packages/airflow/example_dags/example_latest_only_with_trigger.py took 0.094 seconds
[2024-04-24T21:17:45.334+0000] {processor.py:161} INFO - Started process (PID=418) to work on /home/airflow/.local/lib/python3.10/site-packages/airflow/example_dags/example_latest_only_with_trigger.py
[2024-04-24T21:17:45.335+0000] {processor.py:830} INFO - Processing file /home/airflow/.local/lib/python3.10/site-packages/airflow/example_dags/example_latest_only_with_trigger.py for tasks to queue
[2024-04-24T21:17:45.337+0000] {logging_mixin.py:188} INFO - [2024-04-24T21:17:45.337+0000] {dagbag.py:540} INFO - Filling up the DagBag from /home/airflow/.local/lib/python3.10/site-packages/airflow/example_dags/example_latest_only_with_trigger.py
[2024-04-24T21:17:45.343+0000] {processor.py:840} INFO - DAG(s) 'latest_only_with_trigger' retrieved from /home/airflow/.local/lib/python3.10/site-packages/airflow/example_dags/example_latest_only_with_trigger.py
[2024-04-24T21:17:45.365+0000] {logging_mixin.py:188} INFO - [2024-04-24T21:17:45.364+0000] {dag.py:3047} INFO - Sync 1 DAGs
[2024-04-24T21:17:45.387+0000] {logging_mixin.py:188} INFO - [2024-04-24T21:17:45.386+0000] {dag.py:3834} INFO - Setting next_dagrun for latest_only_with_trigger to 2024-04-24 16:00:00+00:00, run_after=2024-04-24 20:00:00+00:00
[2024-04-24T21:17:45.409+0000] {processor.py:183} INFO - Processing /home/airflow/.local/lib/python3.10/site-packages/airflow/example_dags/example_latest_only_with_trigger.py took 0.080 seconds
[2024-04-24T21:18:15.676+0000] {processor.py:161} INFO - Started process (PID=473) to work on /home/airflow/.local/lib/python3.10/site-packages/airflow/example_dags/example_latest_only_with_trigger.py
[2024-04-24T21:18:15.678+0000] {processor.py:830} INFO - Processing file /home/airflow/.local/lib/python3.10/site-packages/airflow/example_dags/example_latest_only_with_trigger.py for tasks to queue
[2024-04-24T21:18:15.680+0000] {logging_mixin.py:188} INFO - [2024-04-24T21:18:15.680+0000] {dagbag.py:540} INFO - Filling up the DagBag from /home/airflow/.local/lib/python3.10/site-packages/airflow/example_dags/example_latest_only_with_trigger.py
[2024-04-24T21:18:15.686+0000] {processor.py:840} INFO - DAG(s) 'latest_only_with_trigger' retrieved from /home/airflow/.local/lib/python3.10/site-packages/airflow/example_dags/example_latest_only_with_trigger.py
[2024-04-24T21:18:15.708+0000] {logging_mixin.py:188} INFO - [2024-04-24T21:18:15.707+0000] {dag.py:3047} INFO - Sync 1 DAGs
[2024-04-24T21:18:15.730+0000] {logging_mixin.py:188} INFO - [2024-04-24T21:18:15.729+0000] {dag.py:3834} INFO - Setting next_dagrun for latest_only_with_trigger to 2024-04-24 16:00:00+00:00, run_after=2024-04-24 20:00:00+00:00
[2024-04-24T21:18:15.755+0000] {processor.py:183} INFO - Processing /home/airflow/.local/lib/python3.10/site-packages/airflow/example_dags/example_latest_only_with_trigger.py took 0.083 seconds
[2024-04-24T21:18:46.514+0000] {processor.py:161} INFO - Started process (PID=528) to work on /home/airflow/.local/lib/python3.10/site-packages/airflow/example_dags/example_latest_only_with_trigger.py
[2024-04-24T21:18:46.516+0000] {processor.py:830} INFO - Processing file /home/airflow/.local/lib/python3.10/site-packages/airflow/example_dags/example_latest_only_with_trigger.py for tasks to queue
[2024-04-24T21:18:46.520+0000] {logging_mixin.py:188} INFO - [2024-04-24T21:18:46.519+0000] {dagbag.py:540} INFO - Filling up the DagBag from /home/airflow/.local/lib/python3.10/site-packages/airflow/example_dags/example_latest_only_with_trigger.py
[2024-04-24T21:18:46.530+0000] {processor.py:840} INFO - DAG(s) 'latest_only_with_trigger' retrieved from /home/airflow/.local/lib/python3.10/site-packages/airflow/example_dags/example_latest_only_with_trigger.py
[2024-04-24T21:18:46.564+0000] {logging_mixin.py:188} INFO - [2024-04-24T21:18:46.564+0000] {dag.py:3047} INFO - Sync 1 DAGs
[2024-04-24T21:18:46.594+0000] {logging_mixin.py:188} INFO - [2024-04-24T21:18:46.593+0000] {dag.py:3834} INFO - Setting next_dagrun for latest_only_with_trigger to 2024-04-24 16:00:00+00:00, run_after=2024-04-24 20:00:00+00:00
[2024-04-24T21:18:46.620+0000] {processor.py:183} INFO - Processing /home/airflow/.local/lib/python3.10/site-packages/airflow/example_dags/example_latest_only_with_trigger.py took 0.113 seconds
[2024-04-24T21:19:17.283+0000] {processor.py:161} INFO - Started process (PID=584) to work on /home/airflow/.local/lib/python3.10/site-packages/airflow/example_dags/example_latest_only_with_trigger.py
[2024-04-24T21:19:17.285+0000] {processor.py:830} INFO - Processing file /home/airflow/.local/lib/python3.10/site-packages/airflow/example_dags/example_latest_only_with_trigger.py for tasks to queue
[2024-04-24T21:19:17.289+0000] {logging_mixin.py:188} INFO - [2024-04-24T21:19:17.288+0000] {dagbag.py:540} INFO - Filling up the DagBag from /home/airflow/.local/lib/python3.10/site-packages/airflow/example_dags/example_latest_only_with_trigger.py
[2024-04-24T21:19:17.297+0000] {processor.py:840} INFO - DAG(s) 'latest_only_with_trigger' retrieved from /home/airflow/.local/lib/python3.10/site-packages/airflow/example_dags/example_latest_only_with_trigger.py
[2024-04-24T21:19:17.324+0000] {logging_mixin.py:188} INFO - [2024-04-24T21:19:17.323+0000] {dag.py:3047} INFO - Sync 1 DAGs
[2024-04-24T21:19:17.353+0000] {logging_mixin.py:188} INFO - [2024-04-24T21:19:17.353+0000] {dag.py:3834} INFO - Setting next_dagrun for latest_only_with_trigger to 2024-04-24 16:00:00+00:00, run_after=2024-04-24 20:00:00+00:00
[2024-04-24T21:19:17.381+0000] {processor.py:183} INFO - Processing /home/airflow/.local/lib/python3.10/site-packages/airflow/example_dags/example_latest_only_with_trigger.py took 0.103 seconds
[2024-04-24T21:19:47.459+0000] {processor.py:161} INFO - Started process (PID=640) to work on /home/airflow/.local/lib/python3.10/site-packages/airflow/example_dags/example_latest_only_with_trigger.py
[2024-04-24T21:19:47.461+0000] {processor.py:830} INFO - Processing file /home/airflow/.local/lib/python3.10/site-packages/airflow/example_dags/example_latest_only_with_trigger.py for tasks to queue
[2024-04-24T21:19:47.463+0000] {logging_mixin.py:188} INFO - [2024-04-24T21:19:47.463+0000] {dagbag.py:540} INFO - Filling up the DagBag from /home/airflow/.local/lib/python3.10/site-packages/airflow/example_dags/example_latest_only_with_trigger.py
[2024-04-24T21:19:47.469+0000] {processor.py:840} INFO - DAG(s) 'latest_only_with_trigger' retrieved from /home/airflow/.local/lib/python3.10/site-packages/airflow/example_dags/example_latest_only_with_trigger.py
[2024-04-24T21:19:47.490+0000] {logging_mixin.py:188} INFO - [2024-04-24T21:19:47.490+0000] {dag.py:3047} INFO - Sync 1 DAGs
[2024-04-24T21:19:47.510+0000] {logging_mixin.py:188} INFO - [2024-04-24T21:19:47.509+0000] {dag.py:3834} INFO - Setting next_dagrun for latest_only_with_trigger to 2024-04-24 16:00:00+00:00, run_after=2024-04-24 20:00:00+00:00
[2024-04-24T21:19:47.531+0000] {processor.py:183} INFO - Processing /home/airflow/.local/lib/python3.10/site-packages/airflow/example_dags/example_latest_only_with_trigger.py took 0.075 seconds
[2024-04-24T21:20:18.439+0000] {processor.py:161} INFO - Started process (PID=696) to work on /home/airflow/.local/lib/python3.10/site-packages/airflow/example_dags/example_latest_only_with_trigger.py
[2024-04-24T21:20:18.441+0000] {processor.py:830} INFO - Processing file /home/airflow/.local/lib/python3.10/site-packages/airflow/example_dags/example_latest_only_with_trigger.py for tasks to queue
[2024-04-24T21:20:18.443+0000] {logging_mixin.py:188} INFO - [2024-04-24T21:20:18.442+0000] {dagbag.py:540} INFO - Filling up the DagBag from /home/airflow/.local/lib/python3.10/site-packages/airflow/example_dags/example_latest_only_with_trigger.py
[2024-04-24T21:20:18.449+0000] {processor.py:840} INFO - DAG(s) 'latest_only_with_trigger' retrieved from /home/airflow/.local/lib/python3.10/site-packages/airflow/example_dags/example_latest_only_with_trigger.py
[2024-04-24T21:20:18.470+0000] {logging_mixin.py:188} INFO - [2024-04-24T21:20:18.469+0000] {dag.py:3047} INFO - Sync 1 DAGs
[2024-04-24T21:20:18.492+0000] {logging_mixin.py:188} INFO - [2024-04-24T21:20:18.492+0000] {dag.py:3834} INFO - Setting next_dagrun for latest_only_with_trigger to 2024-04-24 16:00:00+00:00, run_after=2024-04-24 20:00:00+00:00
[2024-04-24T21:20:18.518+0000] {processor.py:183} INFO - Processing /home/airflow/.local/lib/python3.10/site-packages/airflow/example_dags/example_latest_only_with_trigger.py took 0.082 seconds
[2024-04-24T21:20:49.467+0000] {processor.py:161} INFO - Started process (PID=752) to work on /home/airflow/.local/lib/python3.10/site-packages/airflow/example_dags/example_latest_only_with_trigger.py
[2024-04-24T21:20:49.469+0000] {processor.py:830} INFO - Processing file /home/airflow/.local/lib/python3.10/site-packages/airflow/example_dags/example_latest_only_with_trigger.py for tasks to queue
[2024-04-24T21:20:49.472+0000] {logging_mixin.py:188} INFO - [2024-04-24T21:20:49.472+0000] {dagbag.py:540} INFO - Filling up the DagBag from /home/airflow/.local/lib/python3.10/site-packages/airflow/example_dags/example_latest_only_with_trigger.py
[2024-04-24T21:20:49.478+0000] {processor.py:840} INFO - DAG(s) 'latest_only_with_trigger' retrieved from /home/airflow/.local/lib/python3.10/site-packages/airflow/example_dags/example_latest_only_with_trigger.py
[2024-04-24T21:20:49.503+0000] {logging_mixin.py:188} INFO - [2024-04-24T21:20:49.503+0000] {dag.py:3047} INFO - Sync 1 DAGs
[2024-04-24T21:20:49.533+0000] {logging_mixin.py:188} INFO - [2024-04-24T21:20:49.533+0000] {dag.py:3834} INFO - Setting next_dagrun for latest_only_with_trigger to 2024-04-24 16:00:00+00:00, run_after=2024-04-24 20:00:00+00:00
[2024-04-24T21:20:49.558+0000] {processor.py:183} INFO - Processing /home/airflow/.local/lib/python3.10/site-packages/airflow/example_dags/example_latest_only_with_trigger.py took 0.096 seconds
[2024-04-24T21:21:20.224+0000] {processor.py:161} INFO - Started process (PID=808) to work on /home/airflow/.local/lib/python3.10/site-packages/airflow/example_dags/example_latest_only_with_trigger.py
[2024-04-24T21:21:20.226+0000] {processor.py:830} INFO - Processing file /home/airflow/.local/lib/python3.10/site-packages/airflow/example_dags/example_latest_only_with_trigger.py for tasks to queue
[2024-04-24T21:21:20.229+0000] {logging_mixin.py:188} INFO - [2024-04-24T21:21:20.228+0000] {dagbag.py:540} INFO - Filling up the DagBag from /home/airflow/.local/lib/python3.10/site-packages/airflow/example_dags/example_latest_only_with_trigger.py
[2024-04-24T21:21:20.234+0000] {processor.py:840} INFO - DAG(s) 'latest_only_with_trigger' retrieved from /home/airflow/.local/lib/python3.10/site-packages/airflow/example_dags/example_latest_only_with_trigger.py
[2024-04-24T21:21:20.256+0000] {logging_mixin.py:188} INFO - [2024-04-24T21:21:20.256+0000] {dag.py:3047} INFO - Sync 1 DAGs
[2024-04-24T21:21:20.275+0000] {logging_mixin.py:188} INFO - [2024-04-24T21:21:20.275+0000] {dag.py:3834} INFO - Setting next_dagrun for latest_only_with_trigger to 2024-04-24 16:00:00+00:00, run_after=2024-04-24 20:00:00+00:00
[2024-04-24T21:21:20.297+0000] {processor.py:183} INFO - Processing /home/airflow/.local/lib/python3.10/site-packages/airflow/example_dags/example_latest_only_with_trigger.py took 0.076 seconds
[2024-04-24T21:21:50.438+0000] {processor.py:161} INFO - Started process (PID=863) to work on /home/airflow/.local/lib/python3.10/site-packages/airflow/example_dags/example_latest_only_with_trigger.py
[2024-04-24T21:21:50.439+0000] {processor.py:830} INFO - Processing file /home/airflow/.local/lib/python3.10/site-packages/airflow/example_dags/example_latest_only_with_trigger.py for tasks to queue
[2024-04-24T21:21:50.442+0000] {logging_mixin.py:188} INFO - [2024-04-24T21:21:50.442+0000] {dagbag.py:540} INFO - Filling up the DagBag from /home/airflow/.local/lib/python3.10/site-packages/airflow/example_dags/example_latest_only_with_trigger.py
[2024-04-24T21:21:50.447+0000] {processor.py:840} INFO - DAG(s) 'latest_only_with_trigger' retrieved from /home/airflow/.local/lib/python3.10/site-packages/airflow/example_dags/example_latest_only_with_trigger.py
[2024-04-24T21:21:50.470+0000] {logging_mixin.py:188} INFO - [2024-04-24T21:21:50.470+0000] {dag.py:3047} INFO - Sync 1 DAGs
[2024-04-24T21:21:50.499+0000] {logging_mixin.py:188} INFO - [2024-04-24T21:21:50.498+0000] {dag.py:3834} INFO - Setting next_dagrun for latest_only_with_trigger to 2024-04-24 16:00:00+00:00, run_after=2024-04-24 20:00:00+00:00
[2024-04-24T21:21:50.521+0000] {processor.py:183} INFO - Processing /home/airflow/.local/lib/python3.10/site-packages/airflow/example_dags/example_latest_only_with_trigger.py took 0.088 seconds
[2024-04-24T21:22:20.640+0000] {processor.py:161} INFO - Started process (PID=919) to work on /home/airflow/.local/lib/python3.10/site-packages/airflow/example_dags/example_latest_only_with_trigger.py
[2024-04-24T21:22:20.641+0000] {processor.py:830} INFO - Processing file /home/airflow/.local/lib/python3.10/site-packages/airflow/example_dags/example_latest_only_with_trigger.py for tasks to queue
[2024-04-24T21:22:20.644+0000] {logging_mixin.py:188} INFO - [2024-04-24T21:22:20.643+0000] {dagbag.py:540} INFO - Filling up the DagBag from /home/airflow/.local/lib/python3.10/site-packages/airflow/example_dags/example_latest_only_with_trigger.py
[2024-04-24T21:22:20.650+0000] {processor.py:840} INFO - DAG(s) 'latest_only_with_trigger' retrieved from /home/airflow/.local/lib/python3.10/site-packages/airflow/example_dags/example_latest_only_with_trigger.py
[2024-04-24T21:22:20.672+0000] {logging_mixin.py:188} INFO - [2024-04-24T21:22:20.671+0000] {dag.py:3047} INFO - Sync 1 DAGs
[2024-04-24T21:22:20.693+0000] {logging_mixin.py:188} INFO - [2024-04-24T21:22:20.693+0000] {dag.py:3834} INFO - Setting next_dagrun for latest_only_with_trigger to 2024-04-24 16:00:00+00:00, run_after=2024-04-24 20:00:00+00:00
[2024-04-24T21:22:20.715+0000] {processor.py:183} INFO - Processing /home/airflow/.local/lib/python3.10/site-packages/airflow/example_dags/example_latest_only_with_trigger.py took 0.079 seconds
[2024-04-24T21:22:50.848+0000] {processor.py:161} INFO - Started process (PID=975) to work on /home/airflow/.local/lib/python3.10/site-packages/airflow/example_dags/example_latest_only_with_trigger.py
[2024-04-24T21:22:50.850+0000] {processor.py:830} INFO - Processing file /home/airflow/.local/lib/python3.10/site-packages/airflow/example_dags/example_latest_only_with_trigger.py for tasks to queue
[2024-04-24T21:22:50.852+0000] {logging_mixin.py:188} INFO - [2024-04-24T21:22:50.851+0000] {dagbag.py:540} INFO - Filling up the DagBag from /home/airflow/.local/lib/python3.10/site-packages/airflow/example_dags/example_latest_only_with_trigger.py
[2024-04-24T21:22:50.857+0000] {processor.py:840} INFO - DAG(s) 'latest_only_with_trigger' retrieved from /home/airflow/.local/lib/python3.10/site-packages/airflow/example_dags/example_latest_only_with_trigger.py
[2024-04-24T21:22:50.878+0000] {logging_mixin.py:188} INFO - [2024-04-24T21:22:50.878+0000] {dag.py:3047} INFO - Sync 1 DAGs
[2024-04-24T21:22:50.898+0000] {logging_mixin.py:188} INFO - [2024-04-24T21:22:50.897+0000] {dag.py:3834} INFO - Setting next_dagrun for latest_only_with_trigger to 2024-04-24 16:00:00+00:00, run_after=2024-04-24 20:00:00+00:00
[2024-04-24T21:22:50.919+0000] {processor.py:183} INFO - Processing /home/airflow/.local/lib/python3.10/site-packages/airflow/example_dags/example_latest_only_with_trigger.py took 0.074 seconds
[2024-04-24T21:23:21.163+0000] {processor.py:161} INFO - Started process (PID=1030) to work on /home/airflow/.local/lib/python3.10/site-packages/airflow/example_dags/example_latest_only_with_trigger.py
[2024-04-24T21:23:21.164+0000] {processor.py:830} INFO - Processing file /home/airflow/.local/lib/python3.10/site-packages/airflow/example_dags/example_latest_only_with_trigger.py for tasks to queue
[2024-04-24T21:23:21.166+0000] {logging_mixin.py:188} INFO - [2024-04-24T21:23:21.166+0000] {dagbag.py:540} INFO - Filling up the DagBag from /home/airflow/.local/lib/python3.10/site-packages/airflow/example_dags/example_latest_only_with_trigger.py
[2024-04-24T21:23:21.172+0000] {processor.py:840} INFO - DAG(s) 'latest_only_with_trigger' retrieved from /home/airflow/.local/lib/python3.10/site-packages/airflow/example_dags/example_latest_only_with_trigger.py
[2024-04-24T21:23:21.193+0000] {logging_mixin.py:188} INFO - [2024-04-24T21:23:21.193+0000] {dag.py:3047} INFO - Sync 1 DAGs
[2024-04-24T21:23:21.212+0000] {logging_mixin.py:188} INFO - [2024-04-24T21:23:21.212+0000] {dag.py:3834} INFO - Setting next_dagrun for latest_only_with_trigger to 2024-04-24 16:00:00+00:00, run_after=2024-04-24 20:00:00+00:00
[2024-04-24T21:23:21.234+0000] {processor.py:183} INFO - Processing /home/airflow/.local/lib/python3.10/site-packages/airflow/example_dags/example_latest_only_with_trigger.py took 0.075 seconds
[2024-04-24T21:23:51.561+0000] {processor.py:161} INFO - Started process (PID=1085) to work on /home/airflow/.local/lib/python3.10/site-packages/airflow/example_dags/example_latest_only_with_trigger.py
[2024-04-24T21:23:51.562+0000] {processor.py:830} INFO - Processing file /home/airflow/.local/lib/python3.10/site-packages/airflow/example_dags/example_latest_only_with_trigger.py for tasks to queue
[2024-04-24T21:23:51.564+0000] {logging_mixin.py:188} INFO - [2024-04-24T21:23:51.564+0000] {dagbag.py:540} INFO - Filling up the DagBag from /home/airflow/.local/lib/python3.10/site-packages/airflow/example_dags/example_latest_only_with_trigger.py
[2024-04-24T21:23:51.570+0000] {processor.py:840} INFO - DAG(s) 'latest_only_with_trigger' retrieved from /home/airflow/.local/lib/python3.10/site-packages/airflow/example_dags/example_latest_only_with_trigger.py
[2024-04-24T21:23:51.592+0000] {logging_mixin.py:188} INFO - [2024-04-24T21:23:51.592+0000] {dag.py:3047} INFO - Sync 1 DAGs
[2024-04-24T21:23:51.615+0000] {logging_mixin.py:188} INFO - [2024-04-24T21:23:51.614+0000] {dag.py:3834} INFO - Setting next_dagrun for latest_only_with_trigger to 2024-04-24 16:00:00+00:00, run_after=2024-04-24 20:00:00+00:00
[2024-04-24T21:23:51.635+0000] {processor.py:183} INFO - Processing /home/airflow/.local/lib/python3.10/site-packages/airflow/example_dags/example_latest_only_with_trigger.py took 0.078 seconds
[2024-04-24T21:24:22.008+0000] {processor.py:161} INFO - Started process (PID=1140) to work on /home/airflow/.local/lib/python3.10/site-packages/airflow/example_dags/example_latest_only_with_trigger.py
[2024-04-24T21:24:22.010+0000] {processor.py:830} INFO - Processing file /home/airflow/.local/lib/python3.10/site-packages/airflow/example_dags/example_latest_only_with_trigger.py for tasks to queue
[2024-04-24T21:24:22.012+0000] {logging_mixin.py:188} INFO - [2024-04-24T21:24:22.011+0000] {dagbag.py:540} INFO - Filling up the DagBag from /home/airflow/.local/lib/python3.10/site-packages/airflow/example_dags/example_latest_only_with_trigger.py
[2024-04-24T21:24:22.018+0000] {processor.py:840} INFO - DAG(s) 'latest_only_with_trigger' retrieved from /home/airflow/.local/lib/python3.10/site-packages/airflow/example_dags/example_latest_only_with_trigger.py
[2024-04-24T21:24:22.040+0000] {logging_mixin.py:188} INFO - [2024-04-24T21:24:22.040+0000] {dag.py:3047} INFO - Sync 1 DAGs
[2024-04-24T21:24:22.060+0000] {logging_mixin.py:188} INFO - [2024-04-24T21:24:22.060+0000] {dag.py:3834} INFO - Setting next_dagrun for latest_only_with_trigger to 2024-04-24 16:00:00+00:00, run_after=2024-04-24 20:00:00+00:00
[2024-04-24T21:24:22.081+0000] {processor.py:183} INFO - Processing /home/airflow/.local/lib/python3.10/site-packages/airflow/example_dags/example_latest_only_with_trigger.py took 0.077 seconds
[2024-04-24T21:24:52.289+0000] {processor.py:161} INFO - Started process (PID=1196) to work on /home/airflow/.local/lib/python3.10/site-packages/airflow/example_dags/example_latest_only_with_trigger.py
[2024-04-24T21:24:52.290+0000] {processor.py:830} INFO - Processing file /home/airflow/.local/lib/python3.10/site-packages/airflow/example_dags/example_latest_only_with_trigger.py for tasks to queue
[2024-04-24T21:24:52.292+0000] {logging_mixin.py:188} INFO - [2024-04-24T21:24:52.292+0000] {dagbag.py:540} INFO - Filling up the DagBag from /home/airflow/.local/lib/python3.10/site-packages/airflow/example_dags/example_latest_only_with_trigger.py
[2024-04-24T21:24:52.298+0000] {processor.py:840} INFO - DAG(s) 'latest_only_with_trigger' retrieved from /home/airflow/.local/lib/python3.10/site-packages/airflow/example_dags/example_latest_only_with_trigger.py
[2024-04-24T21:24:52.319+0000] {logging_mixin.py:188} INFO - [2024-04-24T21:24:52.318+0000] {dag.py:3047} INFO - Sync 1 DAGs
[2024-04-24T21:24:52.339+0000] {logging_mixin.py:188} INFO - [2024-04-24T21:24:52.338+0000] {dag.py:3834} INFO - Setting next_dagrun for latest_only_with_trigger to 2024-04-24 16:00:00+00:00, run_after=2024-04-24 20:00:00+00:00
[2024-04-24T21:24:52.360+0000] {processor.py:183} INFO - Processing /home/airflow/.local/lib/python3.10/site-packages/airflow/example_dags/example_latest_only_with_trigger.py took 0.074 seconds
[2024-04-24T21:25:22.758+0000] {processor.py:161} INFO - Started process (PID=1251) to work on /home/airflow/.local/lib/python3.10/site-packages/airflow/example_dags/example_latest_only_with_trigger.py
[2024-04-24T21:25:22.759+0000] {processor.py:830} INFO - Processing file /home/airflow/.local/lib/python3.10/site-packages/airflow/example_dags/example_latest_only_with_trigger.py for tasks to queue
[2024-04-24T21:25:22.762+0000] {logging_mixin.py:188} INFO - [2024-04-24T21:25:22.761+0000] {dagbag.py:540} INFO - Filling up the DagBag from /home/airflow/.local/lib/python3.10/site-packages/airflow/example_dags/example_latest_only_with_trigger.py
[2024-04-24T21:25:22.767+0000] {processor.py:840} INFO - DAG(s) 'latest_only_with_trigger' retrieved from /home/airflow/.local/lib/python3.10/site-packages/airflow/example_dags/example_latest_only_with_trigger.py
[2024-04-24T21:25:22.788+0000] {logging_mixin.py:188} INFO - [2024-04-24T21:25:22.788+0000] {dag.py:3047} INFO - Sync 1 DAGs
[2024-04-24T21:25:22.808+0000] {logging_mixin.py:188} INFO - [2024-04-24T21:25:22.808+0000] {dag.py:3834} INFO - Setting next_dagrun for latest_only_with_trigger to 2024-04-24 16:00:00+00:00, run_after=2024-04-24 20:00:00+00:00
[2024-04-24T21:25:22.829+0000] {processor.py:183} INFO - Processing /home/airflow/.local/lib/python3.10/site-packages/airflow/example_dags/example_latest_only_with_trigger.py took 0.075 seconds
[2024-04-24T21:25:53.373+0000] {processor.py:161} INFO - Started process (PID=1307) to work on /home/airflow/.local/lib/python3.10/site-packages/airflow/example_dags/example_latest_only_with_trigger.py
[2024-04-24T21:25:53.375+0000] {processor.py:830} INFO - Processing file /home/airflow/.local/lib/python3.10/site-packages/airflow/example_dags/example_latest_only_with_trigger.py for tasks to queue
[2024-04-24T21:25:53.376+0000] {logging_mixin.py:188} INFO - [2024-04-24T21:25:53.376+0000] {dagbag.py:540} INFO - Filling up the DagBag from /home/airflow/.local/lib/python3.10/site-packages/airflow/example_dags/example_latest_only_with_trigger.py
[2024-04-24T21:25:53.382+0000] {processor.py:840} INFO - DAG(s) 'latest_only_with_trigger' retrieved from /home/airflow/.local/lib/python3.10/site-packages/airflow/example_dags/example_latest_only_with_trigger.py
[2024-04-24T21:25:53.404+0000] {logging_mixin.py:188} INFO - [2024-04-24T21:25:53.404+0000] {dag.py:3047} INFO - Sync 1 DAGs
[2024-04-24T21:25:53.423+0000] {logging_mixin.py:188} INFO - [2024-04-24T21:25:53.423+0000] {dag.py:3834} INFO - Setting next_dagrun for latest_only_with_trigger to 2024-04-24 16:00:00+00:00, run_after=2024-04-24 20:00:00+00:00
[2024-04-24T21:25:53.445+0000] {processor.py:183} INFO - Processing /home/airflow/.local/lib/python3.10/site-packages/airflow/example_dags/example_latest_only_with_trigger.py took 0.075 seconds
[2024-04-24T21:26:24.182+0000] {processor.py:161} INFO - Started process (PID=1362) to work on /home/airflow/.local/lib/python3.10/site-packages/airflow/example_dags/example_latest_only_with_trigger.py
[2024-04-24T21:26:24.183+0000] {processor.py:830} INFO - Processing file /home/airflow/.local/lib/python3.10/site-packages/airflow/example_dags/example_latest_only_with_trigger.py for tasks to queue
[2024-04-24T21:26:24.185+0000] {logging_mixin.py:188} INFO - [2024-04-24T21:26:24.185+0000] {dagbag.py:540} INFO - Filling up the DagBag from /home/airflow/.local/lib/python3.10/site-packages/airflow/example_dags/example_latest_only_with_trigger.py
[2024-04-24T21:26:24.191+0000] {processor.py:840} INFO - DAG(s) 'latest_only_with_trigger' retrieved from /home/airflow/.local/lib/python3.10/site-packages/airflow/example_dags/example_latest_only_with_trigger.py
[2024-04-24T21:26:24.212+0000] {logging_mixin.py:188} INFO - [2024-04-24T21:26:24.212+0000] {dag.py:3047} INFO - Sync 1 DAGs
[2024-04-24T21:26:24.233+0000] {logging_mixin.py:188} INFO - [2024-04-24T21:26:24.232+0000] {dag.py:3834} INFO - Setting next_dagrun for latest_only_with_trigger to 2024-04-24 16:00:00+00:00, run_after=2024-04-24 20:00:00+00:00
[2024-04-24T21:26:24.361+0000] {processor.py:183} INFO - Processing /home/airflow/.local/lib/python3.10/site-packages/airflow/example_dags/example_latest_only_with_trigger.py took 0.182 seconds
[2024-04-24T21:26:54.417+0000] {processor.py:161} INFO - Started process (PID=1418) to work on /home/airflow/.local/lib/python3.10/site-packages/airflow/example_dags/example_latest_only_with_trigger.py
[2024-04-24T21:26:54.419+0000] {processor.py:830} INFO - Processing file /home/airflow/.local/lib/python3.10/site-packages/airflow/example_dags/example_latest_only_with_trigger.py for tasks to queue
[2024-04-24T21:26:54.421+0000] {logging_mixin.py:188} INFO - [2024-04-24T21:26:54.421+0000] {dagbag.py:540} INFO - Filling up the DagBag from /home/airflow/.local/lib/python3.10/site-packages/airflow/example_dags/example_latest_only_with_trigger.py
[2024-04-24T21:26:54.427+0000] {processor.py:840} INFO - DAG(s) 'latest_only_with_trigger' retrieved from /home/airflow/.local/lib/python3.10/site-packages/airflow/example_dags/example_latest_only_with_trigger.py
[2024-04-24T21:26:54.449+0000] {logging_mixin.py:188} INFO - [2024-04-24T21:26:54.449+0000] {dag.py:3047} INFO - Sync 1 DAGs
[2024-04-24T21:26:54.471+0000] {logging_mixin.py:188} INFO - [2024-04-24T21:26:54.470+0000] {dag.py:3834} INFO - Setting next_dagrun for latest_only_with_trigger to 2024-04-24 16:00:00+00:00, run_after=2024-04-24 20:00:00+00:00
[2024-04-24T21:26:54.491+0000] {processor.py:183} INFO - Processing /home/airflow/.local/lib/python3.10/site-packages/airflow/example_dags/example_latest_only_with_trigger.py took 0.077 seconds
[2024-04-24T21:27:24.957+0000] {processor.py:161} INFO - Started process (PID=1472) to work on /home/airflow/.local/lib/python3.10/site-packages/airflow/example_dags/example_latest_only_with_trigger.py
[2024-04-24T21:27:24.959+0000] {processor.py:830} INFO - Processing file /home/airflow/.local/lib/python3.10/site-packages/airflow/example_dags/example_latest_only_with_trigger.py for tasks to queue
[2024-04-24T21:27:24.961+0000] {logging_mixin.py:188} INFO - [2024-04-24T21:27:24.960+0000] {dagbag.py:540} INFO - Filling up the DagBag from /home/airflow/.local/lib/python3.10/site-packages/airflow/example_dags/example_latest_only_with_trigger.py
[2024-04-24T21:27:24.966+0000] {processor.py:840} INFO - DAG(s) 'latest_only_with_trigger' retrieved from /home/airflow/.local/lib/python3.10/site-packages/airflow/example_dags/example_latest_only_with_trigger.py
[2024-04-24T21:27:24.987+0000] {logging_mixin.py:188} INFO - [2024-04-24T21:27:24.987+0000] {dag.py:3047} INFO - Sync 1 DAGs
[2024-04-24T21:27:25.007+0000] {logging_mixin.py:188} INFO - [2024-04-24T21:27:25.007+0000] {dag.py:3834} INFO - Setting next_dagrun for latest_only_with_trigger to 2024-04-24 16:00:00+00:00, run_after=2024-04-24 20:00:00+00:00
[2024-04-24T21:27:25.030+0000] {processor.py:183} INFO - Processing /home/airflow/.local/lib/python3.10/site-packages/airflow/example_dags/example_latest_only_with_trigger.py took 0.076 seconds
[2024-04-24T21:27:55.672+0000] {processor.py:161} INFO - Started process (PID=1528) to work on /home/airflow/.local/lib/python3.10/site-packages/airflow/example_dags/example_latest_only_with_trigger.py
[2024-04-24T21:27:55.673+0000] {processor.py:830} INFO - Processing file /home/airflow/.local/lib/python3.10/site-packages/airflow/example_dags/example_latest_only_with_trigger.py for tasks to queue
[2024-04-24T21:27:55.675+0000] {logging_mixin.py:188} INFO - [2024-04-24T21:27:55.675+0000] {dagbag.py:540} INFO - Filling up the DagBag from /home/airflow/.local/lib/python3.10/site-packages/airflow/example_dags/example_latest_only_with_trigger.py
[2024-04-24T21:27:55.681+0000] {processor.py:840} INFO - DAG(s) 'latest_only_with_trigger' retrieved from /home/airflow/.local/lib/python3.10/site-packages/airflow/example_dags/example_latest_only_with_trigger.py
[2024-04-24T21:27:55.703+0000] {logging_mixin.py:188} INFO - [2024-04-24T21:27:55.703+0000] {dag.py:3047} INFO - Sync 1 DAGs
[2024-04-24T21:27:55.725+0000] {logging_mixin.py:188} INFO - [2024-04-24T21:27:55.724+0000] {dag.py:3834} INFO - Setting next_dagrun for latest_only_with_trigger to 2024-04-24 16:00:00+00:00, run_after=2024-04-24 20:00:00+00:00
[2024-04-24T21:27:55.746+0000] {processor.py:183} INFO - Processing /home/airflow/.local/lib/python3.10/site-packages/airflow/example_dags/example_latest_only_with_trigger.py took 0.077 seconds
[2024-04-24T21:28:25.846+0000] {processor.py:161} INFO - Started process (PID=1583) to work on /home/airflow/.local/lib/python3.10/site-packages/airflow/example_dags/example_latest_only_with_trigger.py
[2024-04-24T21:28:25.848+0000] {processor.py:830} INFO - Processing file /home/airflow/.local/lib/python3.10/site-packages/airflow/example_dags/example_latest_only_with_trigger.py for tasks to queue
[2024-04-24T21:28:25.850+0000] {logging_mixin.py:188} INFO - [2024-04-24T21:28:25.849+0000] {dagbag.py:540} INFO - Filling up the DagBag from /home/airflow/.local/lib/python3.10/site-packages/airflow/example_dags/example_latest_only_with_trigger.py
[2024-04-24T21:28:25.855+0000] {processor.py:840} INFO - DAG(s) 'latest_only_with_trigger' retrieved from /home/airflow/.local/lib/python3.10/site-packages/airflow/example_dags/example_latest_only_with_trigger.py
[2024-04-24T21:28:25.876+0000] {logging_mixin.py:188} INFO - [2024-04-24T21:28:25.876+0000] {dag.py:3047} INFO - Sync 1 DAGs
[2024-04-24T21:28:26.025+0000] {logging_mixin.py:188} INFO - [2024-04-24T21:28:26.025+0000] {dag.py:3834} INFO - Setting next_dagrun for latest_only_with_trigger to 2024-04-24 16:00:00+00:00, run_after=2024-04-24 20:00:00+00:00
[2024-04-24T21:28:26.045+0000] {processor.py:183} INFO - Processing /home/airflow/.local/lib/python3.10/site-packages/airflow/example_dags/example_latest_only_with_trigger.py took 0.202 seconds
[2024-04-24T21:28:56.630+0000] {processor.py:161} INFO - Started process (PID=1638) to work on /home/airflow/.local/lib/python3.10/site-packages/airflow/example_dags/example_latest_only_with_trigger.py
[2024-04-24T21:28:56.632+0000] {processor.py:830} INFO - Processing file /home/airflow/.local/lib/python3.10/site-packages/airflow/example_dags/example_latest_only_with_trigger.py for tasks to queue
[2024-04-24T21:28:56.634+0000] {logging_mixin.py:188} INFO - [2024-04-24T21:28:56.634+0000] {dagbag.py:540} INFO - Filling up the DagBag from /home/airflow/.local/lib/python3.10/site-packages/airflow/example_dags/example_latest_only_with_trigger.py
[2024-04-24T21:28:56.640+0000] {processor.py:840} INFO - DAG(s) 'latest_only_with_trigger' retrieved from /home/airflow/.local/lib/python3.10/site-packages/airflow/example_dags/example_latest_only_with_trigger.py
[2024-04-24T21:28:56.661+0000] {logging_mixin.py:188} INFO - [2024-04-24T21:28:56.661+0000] {dag.py:3047} INFO - Sync 1 DAGs
[2024-04-24T21:28:56.682+0000] {logging_mixin.py:188} INFO - [2024-04-24T21:28:56.682+0000] {dag.py:3834} INFO - Setting next_dagrun for latest_only_with_trigger to 2024-04-24 16:00:00+00:00, run_after=2024-04-24 20:00:00+00:00
[2024-04-24T21:28:56.706+0000] {processor.py:183} INFO - Processing /home/airflow/.local/lib/python3.10/site-packages/airflow/example_dags/example_latest_only_with_trigger.py took 0.079 seconds
[2024-04-24T21:29:27.279+0000] {processor.py:161} INFO - Started process (PID=1694) to work on /home/airflow/.local/lib/python3.10/site-packages/airflow/example_dags/example_latest_only_with_trigger.py
[2024-04-24T21:29:27.280+0000] {processor.py:830} INFO - Processing file /home/airflow/.local/lib/python3.10/site-packages/airflow/example_dags/example_latest_only_with_trigger.py for tasks to queue
[2024-04-24T21:29:27.282+0000] {logging_mixin.py:188} INFO - [2024-04-24T21:29:27.282+0000] {dagbag.py:540} INFO - Filling up the DagBag from /home/airflow/.local/lib/python3.10/site-packages/airflow/example_dags/example_latest_only_with_trigger.py
[2024-04-24T21:29:27.288+0000] {processor.py:840} INFO - DAG(s) 'latest_only_with_trigger' retrieved from /home/airflow/.local/lib/python3.10/site-packages/airflow/example_dags/example_latest_only_with_trigger.py
[2024-04-24T21:29:27.311+0000] {logging_mixin.py:188} INFO - [2024-04-24T21:29:27.311+0000] {dag.py:3047} INFO - Sync 1 DAGs
[2024-04-24T21:29:27.333+0000] {logging_mixin.py:188} INFO - [2024-04-24T21:29:27.333+0000] {dag.py:3834} INFO - Setting next_dagrun for latest_only_with_trigger to 2024-04-24 16:00:00+00:00, run_after=2024-04-24 20:00:00+00:00
[2024-04-24T21:29:27.356+0000] {processor.py:183} INFO - Processing /home/airflow/.local/lib/python3.10/site-packages/airflow/example_dags/example_latest_only_with_trigger.py took 0.081 seconds
[2024-04-24T21:29:58.131+0000] {processor.py:161} INFO - Started process (PID=1749) to work on /home/airflow/.local/lib/python3.10/site-packages/airflow/example_dags/example_latest_only_with_trigger.py
[2024-04-24T21:29:58.132+0000] {processor.py:830} INFO - Processing file /home/airflow/.local/lib/python3.10/site-packages/airflow/example_dags/example_latest_only_with_trigger.py for tasks to queue
[2024-04-24T21:29:58.135+0000] {logging_mixin.py:188} INFO - [2024-04-24T21:29:58.135+0000] {dagbag.py:540} INFO - Filling up the DagBag from /home/airflow/.local/lib/python3.10/site-packages/airflow/example_dags/example_latest_only_with_trigger.py
[2024-04-24T21:29:58.298+0000] {processor.py:840} INFO - DAG(s) 'latest_only_with_trigger' retrieved from /home/airflow/.local/lib/python3.10/site-packages/airflow/example_dags/example_latest_only_with_trigger.py
[2024-04-24T21:29:58.319+0000] {logging_mixin.py:188} INFO - [2024-04-24T21:29:58.319+0000] {dag.py:3047} INFO - Sync 1 DAGs
[2024-04-24T21:29:58.338+0000] {logging_mixin.py:188} INFO - [2024-04-24T21:29:58.338+0000] {dag.py:3834} INFO - Setting next_dagrun for latest_only_with_trigger to 2024-04-24 16:00:00+00:00, run_after=2024-04-24 20:00:00+00:00
[2024-04-24T21:29:58.357+0000] {processor.py:183} INFO - Processing /home/airflow/.local/lib/python3.10/site-packages/airflow/example_dags/example_latest_only_with_trigger.py took 0.230 seconds
