[2024-04-24T21:13:51.898+0000] {processor.py:161} INFO - Started process (PID=40) to work on /home/airflow/.local/lib/python3.10/site-packages/airflow/example_dags/example_params_ui_tutorial.py
[2024-04-24T21:13:51.901+0000] {processor.py:830} INFO - Processing file /home/airflow/.local/lib/python3.10/site-packages/airflow/example_dags/example_params_ui_tutorial.py for tasks to queue
[2024-04-24T21:13:51.919+0000] {logging_mixin.py:188} INFO - [2024-04-24T21:13:51.917+0000] {dagbag.py:540} INFO - Filling up the DagBag from /home/airflow/.local/lib/python3.10/site-packages/airflow/example_dags/example_params_ui_tutorial.py
[2024-04-24T21:13:52.326+0000] {processor.py:840} INFO - DAG(s) 'example_params_ui_tutorial' retrieved from /home/airflow/.local/lib/python3.10/site-packages/airflow/example_dags/example_params_ui_tutorial.py
[2024-04-24T21:13:54.240+0000] {logging_mixin.py:188} INFO - [2024-04-24T21:13:54.238+0000] {override.py:1769} INFO - Created Permission View: can edit on DAG:example_params_ui_tutorial
[2024-04-24T21:13:54.294+0000] {logging_mixin.py:188} INFO - [2024-04-24T21:13:54.293+0000] {override.py:1769} INFO - Created Permission View: can read on DAG:example_params_ui_tutorial
[2024-04-24T21:13:54.324+0000] {logging_mixin.py:188} INFO - [2024-04-24T21:13:54.323+0000] {override.py:1769} INFO - Created Permission View: can delete on DAG:example_params_ui_tutorial
[2024-04-24T21:13:54.326+0000] {logging_mixin.py:188} INFO - [2024-04-24T21:13:54.326+0000] {dag.py:3047} INFO - Sync 1 DAGs
[2024-04-24T21:13:54.396+0000] {logging_mixin.py:188} INFO - [2024-04-24T21:13:54.396+0000] {dag.py:3069} INFO - Creating ORM DAG for example_params_ui_tutorial
[2024-04-24T21:13:54.401+0000] {logging_mixin.py:188} INFO - [2024-04-24T21:13:54.401+0000] {dag.py:3834} INFO - Setting next_dagrun for example_params_ui_tutorial to None, run_after=None
[2024-04-24T21:13:54.490+0000] {processor.py:183} INFO - Processing /home/airflow/.local/lib/python3.10/site-packages/airflow/example_dags/example_params_ui_tutorial.py took 2.602 seconds
[2024-04-24T21:14:41.453+0000] {processor.py:161} INFO - Started process (PID=97) to work on /home/airflow/.local/lib/python3.10/site-packages/airflow/example_dags/example_params_ui_tutorial.py
[2024-04-24T21:14:41.455+0000] {processor.py:830} INFO - Processing file /home/airflow/.local/lib/python3.10/site-packages/airflow/example_dags/example_params_ui_tutorial.py for tasks to queue
[2024-04-24T21:14:41.459+0000] {logging_mixin.py:188} INFO - [2024-04-24T21:14:41.459+0000] {dagbag.py:540} INFO - Filling up the DagBag from /home/airflow/.local/lib/python3.10/site-packages/airflow/example_dags/example_params_ui_tutorial.py
[2024-04-24T21:14:41.500+0000] {processor.py:840} INFO - DAG(s) 'example_params_ui_tutorial' retrieved from /home/airflow/.local/lib/python3.10/site-packages/airflow/example_dags/example_params_ui_tutorial.py
[2024-04-24T21:14:41.633+0000] {logging_mixin.py:188} INFO - [2024-04-24T21:14:41.633+0000] {dag.py:3047} INFO - Sync 1 DAGs
[2024-04-24T21:14:41.666+0000] {logging_mixin.py:188} INFO - [2024-04-24T21:14:41.666+0000] {dag.py:3834} INFO - Setting next_dagrun for example_params_ui_tutorial to None, run_after=None
[2024-04-24T21:14:41.715+0000] {processor.py:183} INFO - Processing /home/airflow/.local/lib/python3.10/site-packages/airflow/example_dags/example_params_ui_tutorial.py took 0.267 seconds
[2024-04-24T21:15:13.984+0000] {processor.py:161} INFO - Started process (PID=144) to work on /home/airflow/.local/lib/python3.10/site-packages/airflow/example_dags/example_params_ui_tutorial.py
[2024-04-24T21:15:14.001+0000] {processor.py:830} INFO - Processing file /home/airflow/.local/lib/python3.10/site-packages/airflow/example_dags/example_params_ui_tutorial.py for tasks to queue
[2024-04-24T21:15:14.022+0000] {logging_mixin.py:188} INFO - [2024-04-24T21:15:14.021+0000] {dagbag.py:540} INFO - Filling up the DagBag from /home/airflow/.local/lib/python3.10/site-packages/airflow/example_dags/example_params_ui_tutorial.py
[2024-04-24T21:15:14.097+0000] {processor.py:840} INFO - DAG(s) 'example_params_ui_tutorial' retrieved from /home/airflow/.local/lib/python3.10/site-packages/airflow/example_dags/example_params_ui_tutorial.py
[2024-04-24T21:15:14.460+0000] {logging_mixin.py:188} INFO - [2024-04-24T21:15:14.459+0000] {dag.py:3047} INFO - Sync 1 DAGs
[2024-04-24T21:15:14.625+0000] {logging_mixin.py:188} INFO - [2024-04-24T21:15:14.624+0000] {dag.py:3834} INFO - Setting next_dagrun for example_params_ui_tutorial to None, run_after=None
[2024-04-24T21:15:14.726+0000] {processor.py:183} INFO - Processing /home/airflow/.local/lib/python3.10/site-packages/airflow/example_dags/example_params_ui_tutorial.py took 0.758 seconds
[2024-04-24T21:15:45.516+0000] {processor.py:161} INFO - Started process (PID=200) to work on /home/airflow/.local/lib/python3.10/site-packages/airflow/example_dags/example_params_ui_tutorial.py
[2024-04-24T21:15:45.518+0000] {processor.py:830} INFO - Processing file /home/airflow/.local/lib/python3.10/site-packages/airflow/example_dags/example_params_ui_tutorial.py for tasks to queue
[2024-04-24T21:15:45.520+0000] {logging_mixin.py:188} INFO - [2024-04-24T21:15:45.519+0000] {dagbag.py:540} INFO - Filling up the DagBag from /home/airflow/.local/lib/python3.10/site-packages/airflow/example_dags/example_params_ui_tutorial.py
[2024-04-24T21:15:45.533+0000] {processor.py:840} INFO - DAG(s) 'example_params_ui_tutorial' retrieved from /home/airflow/.local/lib/python3.10/site-packages/airflow/example_dags/example_params_ui_tutorial.py
[2024-04-24T21:15:45.584+0000] {logging_mixin.py:188} INFO - [2024-04-24T21:15:45.584+0000] {dag.py:3047} INFO - Sync 1 DAGs
[2024-04-24T21:15:45.598+0000] {logging_mixin.py:188} INFO - [2024-04-24T21:15:45.598+0000] {dag.py:3834} INFO - Setting next_dagrun for example_params_ui_tutorial to None, run_after=None
[2024-04-24T21:15:45.628+0000] {processor.py:183} INFO - Processing /home/airflow/.local/lib/python3.10/site-packages/airflow/example_dags/example_params_ui_tutorial.py took 0.116 seconds
[2024-04-24T21:16:16.370+0000] {processor.py:161} INFO - Started process (PID=256) to work on /home/airflow/.local/lib/python3.10/site-packages/airflow/example_dags/example_params_ui_tutorial.py
[2024-04-24T21:16:16.373+0000] {processor.py:830} INFO - Processing file /home/airflow/.local/lib/python3.10/site-packages/airflow/example_dags/example_params_ui_tutorial.py for tasks to queue
[2024-04-24T21:16:16.378+0000] {logging_mixin.py:188} INFO - [2024-04-24T21:16:16.376+0000] {dagbag.py:540} INFO - Filling up the DagBag from /home/airflow/.local/lib/python3.10/site-packages/airflow/example_dags/example_params_ui_tutorial.py
[2024-04-24T21:16:16.408+0000] {processor.py:840} INFO - DAG(s) 'example_params_ui_tutorial' retrieved from /home/airflow/.local/lib/python3.10/site-packages/airflow/example_dags/example_params_ui_tutorial.py
[2024-04-24T21:16:16.662+0000] {logging_mixin.py:188} INFO - [2024-04-24T21:16:16.662+0000] {dag.py:3047} INFO - Sync 1 DAGs
[2024-04-24T21:16:16.792+0000] {logging_mixin.py:188} INFO - [2024-04-24T21:16:16.791+0000] {dag.py:3834} INFO - Setting next_dagrun for example_params_ui_tutorial to None, run_after=None
[2024-04-24T21:16:17.374+0000] {processor.py:183} INFO - Processing /home/airflow/.local/lib/python3.10/site-packages/airflow/example_dags/example_params_ui_tutorial.py took 1.010 seconds
[2024-04-24T21:16:47.482+0000] {processor.py:161} INFO - Started process (PID=311) to work on /home/airflow/.local/lib/python3.10/site-packages/airflow/example_dags/example_params_ui_tutorial.py
[2024-04-24T21:16:47.483+0000] {processor.py:830} INFO - Processing file /home/airflow/.local/lib/python3.10/site-packages/airflow/example_dags/example_params_ui_tutorial.py for tasks to queue
[2024-04-24T21:16:47.486+0000] {logging_mixin.py:188} INFO - [2024-04-24T21:16:47.486+0000] {dagbag.py:540} INFO - Filling up the DagBag from /home/airflow/.local/lib/python3.10/site-packages/airflow/example_dags/example_params_ui_tutorial.py
[2024-04-24T21:16:47.500+0000] {processor.py:840} INFO - DAG(s) 'example_params_ui_tutorial' retrieved from /home/airflow/.local/lib/python3.10/site-packages/airflow/example_dags/example_params_ui_tutorial.py
[2024-04-24T21:16:47.569+0000] {logging_mixin.py:188} INFO - [2024-04-24T21:16:47.568+0000] {dag.py:3047} INFO - Sync 1 DAGs
[2024-04-24T21:16:47.584+0000] {logging_mixin.py:188} INFO - [2024-04-24T21:16:47.584+0000] {dag.py:3834} INFO - Setting next_dagrun for example_params_ui_tutorial to None, run_after=None
[2024-04-24T21:16:47.610+0000] {processor.py:183} INFO - Processing /home/airflow/.local/lib/python3.10/site-packages/airflow/example_dags/example_params_ui_tutorial.py took 0.132 seconds
[2024-04-24T21:17:17.898+0000] {processor.py:161} INFO - Started process (PID=366) to work on /home/airflow/.local/lib/python3.10/site-packages/airflow/example_dags/example_params_ui_tutorial.py
[2024-04-24T21:17:17.900+0000] {processor.py:830} INFO - Processing file /home/airflow/.local/lib/python3.10/site-packages/airflow/example_dags/example_params_ui_tutorial.py for tasks to queue
[2024-04-24T21:17:17.902+0000] {logging_mixin.py:188} INFO - [2024-04-24T21:17:17.902+0000] {dagbag.py:540} INFO - Filling up the DagBag from /home/airflow/.local/lib/python3.10/site-packages/airflow/example_dags/example_params_ui_tutorial.py
[2024-04-24T21:17:17.914+0000] {processor.py:840} INFO - DAG(s) 'example_params_ui_tutorial' retrieved from /home/airflow/.local/lib/python3.10/site-packages/airflow/example_dags/example_params_ui_tutorial.py
[2024-04-24T21:17:17.967+0000] {logging_mixin.py:188} INFO - [2024-04-24T21:17:17.967+0000] {dag.py:3047} INFO - Sync 1 DAGs
[2024-04-24T21:17:17.980+0000] {logging_mixin.py:188} INFO - [2024-04-24T21:17:17.980+0000] {dag.py:3834} INFO - Setting next_dagrun for example_params_ui_tutorial to None, run_after=None
[2024-04-24T21:17:18.002+0000] {processor.py:183} INFO - Processing /home/airflow/.local/lib/python3.10/site-packages/airflow/example_dags/example_params_ui_tutorial.py took 0.107 seconds
[2024-04-24T21:17:48.585+0000] {processor.py:161} INFO - Started process (PID=422) to work on /home/airflow/.local/lib/python3.10/site-packages/airflow/example_dags/example_params_ui_tutorial.py
[2024-04-24T21:17:48.587+0000] {processor.py:830} INFO - Processing file /home/airflow/.local/lib/python3.10/site-packages/airflow/example_dags/example_params_ui_tutorial.py for tasks to queue
[2024-04-24T21:17:48.589+0000] {logging_mixin.py:188} INFO - [2024-04-24T21:17:48.589+0000] {dagbag.py:540} INFO - Filling up the DagBag from /home/airflow/.local/lib/python3.10/site-packages/airflow/example_dags/example_params_ui_tutorial.py
[2024-04-24T21:17:48.603+0000] {processor.py:840} INFO - DAG(s) 'example_params_ui_tutorial' retrieved from /home/airflow/.local/lib/python3.10/site-packages/airflow/example_dags/example_params_ui_tutorial.py
[2024-04-24T21:17:48.669+0000] {logging_mixin.py:188} INFO - [2024-04-24T21:17:48.669+0000] {dag.py:3047} INFO - Sync 1 DAGs
[2024-04-24T21:17:48.686+0000] {logging_mixin.py:188} INFO - [2024-04-24T21:17:48.685+0000] {dag.py:3834} INFO - Setting next_dagrun for example_params_ui_tutorial to None, run_after=None
[2024-04-24T21:17:48.706+0000] {processor.py:183} INFO - Processing /home/airflow/.local/lib/python3.10/site-packages/airflow/example_dags/example_params_ui_tutorial.py took 0.124 seconds
[2024-04-24T21:18:18.947+0000] {processor.py:161} INFO - Started process (PID=477) to work on /home/airflow/.local/lib/python3.10/site-packages/airflow/example_dags/example_params_ui_tutorial.py
[2024-04-24T21:18:18.948+0000] {processor.py:830} INFO - Processing file /home/airflow/.local/lib/python3.10/site-packages/airflow/example_dags/example_params_ui_tutorial.py for tasks to queue
[2024-04-24T21:18:18.950+0000] {logging_mixin.py:188} INFO - [2024-04-24T21:18:18.950+0000] {dagbag.py:540} INFO - Filling up the DagBag from /home/airflow/.local/lib/python3.10/site-packages/airflow/example_dags/example_params_ui_tutorial.py
[2024-04-24T21:18:18.961+0000] {processor.py:840} INFO - DAG(s) 'example_params_ui_tutorial' retrieved from /home/airflow/.local/lib/python3.10/site-packages/airflow/example_dags/example_params_ui_tutorial.py
[2024-04-24T21:18:19.012+0000] {logging_mixin.py:188} INFO - [2024-04-24T21:18:19.011+0000] {dag.py:3047} INFO - Sync 1 DAGs
[2024-04-24T21:18:19.025+0000] {logging_mixin.py:188} INFO - [2024-04-24T21:18:19.024+0000] {dag.py:3834} INFO - Setting next_dagrun for example_params_ui_tutorial to None, run_after=None
[2024-04-24T21:18:19.045+0000] {processor.py:183} INFO - Processing /home/airflow/.local/lib/python3.10/site-packages/airflow/example_dags/example_params_ui_tutorial.py took 0.101 seconds
[2024-04-24T21:18:49.829+0000] {processor.py:161} INFO - Started process (PID=532) to work on /home/airflow/.local/lib/python3.10/site-packages/airflow/example_dags/example_params_ui_tutorial.py
[2024-04-24T21:18:49.831+0000] {processor.py:830} INFO - Processing file /home/airflow/.local/lib/python3.10/site-packages/airflow/example_dags/example_params_ui_tutorial.py for tasks to queue
[2024-04-24T21:18:49.834+0000] {logging_mixin.py:188} INFO - [2024-04-24T21:18:49.833+0000] {dagbag.py:540} INFO - Filling up the DagBag from /home/airflow/.local/lib/python3.10/site-packages/airflow/example_dags/example_params_ui_tutorial.py
[2024-04-24T21:18:49.848+0000] {processor.py:840} INFO - DAG(s) 'example_params_ui_tutorial' retrieved from /home/airflow/.local/lib/python3.10/site-packages/airflow/example_dags/example_params_ui_tutorial.py
[2024-04-24T21:18:49.925+0000] {logging_mixin.py:188} INFO - [2024-04-24T21:18:49.925+0000] {dag.py:3047} INFO - Sync 1 DAGs
[2024-04-24T21:18:49.947+0000] {logging_mixin.py:188} INFO - [2024-04-24T21:18:49.946+0000] {dag.py:3834} INFO - Setting next_dagrun for example_params_ui_tutorial to None, run_after=None
[2024-04-24T21:18:49.974+0000] {processor.py:183} INFO - Processing /home/airflow/.local/lib/python3.10/site-packages/airflow/example_dags/example_params_ui_tutorial.py took 0.149 seconds
[2024-04-24T21:19:20.455+0000] {processor.py:161} INFO - Started process (PID=588) to work on /home/airflow/.local/lib/python3.10/site-packages/airflow/example_dags/example_params_ui_tutorial.py
[2024-04-24T21:19:20.456+0000] {processor.py:830} INFO - Processing file /home/airflow/.local/lib/python3.10/site-packages/airflow/example_dags/example_params_ui_tutorial.py for tasks to queue
[2024-04-24T21:19:20.458+0000] {logging_mixin.py:188} INFO - [2024-04-24T21:19:20.458+0000] {dagbag.py:540} INFO - Filling up the DagBag from /home/airflow/.local/lib/python3.10/site-packages/airflow/example_dags/example_params_ui_tutorial.py
[2024-04-24T21:19:20.470+0000] {processor.py:840} INFO - DAG(s) 'example_params_ui_tutorial' retrieved from /home/airflow/.local/lib/python3.10/site-packages/airflow/example_dags/example_params_ui_tutorial.py
[2024-04-24T21:19:20.525+0000] {logging_mixin.py:188} INFO - [2024-04-24T21:19:20.524+0000] {dag.py:3047} INFO - Sync 1 DAGs
[2024-04-24T21:19:20.538+0000] {logging_mixin.py:188} INFO - [2024-04-24T21:19:20.538+0000] {dag.py:3834} INFO - Setting next_dagrun for example_params_ui_tutorial to None, run_after=None
[2024-04-24T21:19:20.560+0000] {processor.py:183} INFO - Processing /home/airflow/.local/lib/python3.10/site-packages/airflow/example_dags/example_params_ui_tutorial.py took 0.110 seconds
[2024-04-24T21:19:51.244+0000] {processor.py:161} INFO - Started process (PID=645) to work on /home/airflow/.local/lib/python3.10/site-packages/airflow/example_dags/example_params_ui_tutorial.py
[2024-04-24T21:19:51.246+0000] {processor.py:830} INFO - Processing file /home/airflow/.local/lib/python3.10/site-packages/airflow/example_dags/example_params_ui_tutorial.py for tasks to queue
[2024-04-24T21:19:51.254+0000] {logging_mixin.py:188} INFO - [2024-04-24T21:19:51.249+0000] {dagbag.py:540} INFO - Filling up the DagBag from /home/airflow/.local/lib/python3.10/site-packages/airflow/example_dags/example_params_ui_tutorial.py
[2024-04-24T21:19:51.272+0000] {processor.py:840} INFO - DAG(s) 'example_params_ui_tutorial' retrieved from /home/airflow/.local/lib/python3.10/site-packages/airflow/example_dags/example_params_ui_tutorial.py
[2024-04-24T21:19:51.376+0000] {logging_mixin.py:188} INFO - [2024-04-24T21:19:51.376+0000] {dag.py:3047} INFO - Sync 1 DAGs
[2024-04-24T21:19:51.389+0000] {logging_mixin.py:188} INFO - [2024-04-24T21:19:51.389+0000] {dag.py:3834} INFO - Setting next_dagrun for example_params_ui_tutorial to None, run_after=None
[2024-04-24T21:19:51.406+0000] {processor.py:183} INFO - Processing /home/airflow/.local/lib/python3.10/site-packages/airflow/example_dags/example_params_ui_tutorial.py took 0.167 seconds
[2024-04-24T21:20:21.571+0000] {processor.py:161} INFO - Started process (PID=699) to work on /home/airflow/.local/lib/python3.10/site-packages/airflow/example_dags/example_params_ui_tutorial.py
[2024-04-24T21:20:21.572+0000] {processor.py:830} INFO - Processing file /home/airflow/.local/lib/python3.10/site-packages/airflow/example_dags/example_params_ui_tutorial.py for tasks to queue
[2024-04-24T21:20:21.574+0000] {logging_mixin.py:188} INFO - [2024-04-24T21:20:21.573+0000] {dagbag.py:540} INFO - Filling up the DagBag from /home/airflow/.local/lib/python3.10/site-packages/airflow/example_dags/example_params_ui_tutorial.py
[2024-04-24T21:20:21.585+0000] {processor.py:840} INFO - DAG(s) 'example_params_ui_tutorial' retrieved from /home/airflow/.local/lib/python3.10/site-packages/airflow/example_dags/example_params_ui_tutorial.py
[2024-04-24T21:20:21.638+0000] {logging_mixin.py:188} INFO - [2024-04-24T21:20:21.638+0000] {dag.py:3047} INFO - Sync 1 DAGs
[2024-04-24T21:20:21.653+0000] {logging_mixin.py:188} INFO - [2024-04-24T21:20:21.653+0000] {dag.py:3834} INFO - Setting next_dagrun for example_params_ui_tutorial to None, run_after=None
[2024-04-24T21:20:21.680+0000] {processor.py:183} INFO - Processing /home/airflow/.local/lib/python3.10/site-packages/airflow/example_dags/example_params_ui_tutorial.py took 0.112 seconds
[2024-04-24T21:20:52.602+0000] {processor.py:161} INFO - Started process (PID=755) to work on /home/airflow/.local/lib/python3.10/site-packages/airflow/example_dags/example_params_ui_tutorial.py
[2024-04-24T21:20:52.603+0000] {processor.py:830} INFO - Processing file /home/airflow/.local/lib/python3.10/site-packages/airflow/example_dags/example_params_ui_tutorial.py for tasks to queue
[2024-04-24T21:20:52.605+0000] {logging_mixin.py:188} INFO - [2024-04-24T21:20:52.605+0000] {dagbag.py:540} INFO - Filling up the DagBag from /home/airflow/.local/lib/python3.10/site-packages/airflow/example_dags/example_params_ui_tutorial.py
[2024-04-24T21:20:52.619+0000] {processor.py:840} INFO - DAG(s) 'example_params_ui_tutorial' retrieved from /home/airflow/.local/lib/python3.10/site-packages/airflow/example_dags/example_params_ui_tutorial.py
[2024-04-24T21:20:52.669+0000] {logging_mixin.py:188} INFO - [2024-04-24T21:20:52.669+0000] {dag.py:3047} INFO - Sync 1 DAGs
[2024-04-24T21:20:52.684+0000] {logging_mixin.py:188} INFO - [2024-04-24T21:20:52.684+0000] {dag.py:3834} INFO - Setting next_dagrun for example_params_ui_tutorial to None, run_after=None
[2024-04-24T21:20:52.706+0000] {processor.py:183} INFO - Processing /home/airflow/.local/lib/python3.10/site-packages/airflow/example_dags/example_params_ui_tutorial.py took 0.107 seconds
[2024-04-24T21:21:23.342+0000] {processor.py:161} INFO - Started process (PID=811) to work on /home/airflow/.local/lib/python3.10/site-packages/airflow/example_dags/example_params_ui_tutorial.py
[2024-04-24T21:21:23.344+0000] {processor.py:830} INFO - Processing file /home/airflow/.local/lib/python3.10/site-packages/airflow/example_dags/example_params_ui_tutorial.py for tasks to queue
[2024-04-24T21:21:23.346+0000] {logging_mixin.py:188} INFO - [2024-04-24T21:21:23.346+0000] {dagbag.py:540} INFO - Filling up the DagBag from /home/airflow/.local/lib/python3.10/site-packages/airflow/example_dags/example_params_ui_tutorial.py
[2024-04-24T21:21:23.358+0000] {processor.py:840} INFO - DAG(s) 'example_params_ui_tutorial' retrieved from /home/airflow/.local/lib/python3.10/site-packages/airflow/example_dags/example_params_ui_tutorial.py
[2024-04-24T21:21:23.414+0000] {logging_mixin.py:188} INFO - [2024-04-24T21:21:23.414+0000] {dag.py:3047} INFO - Sync 1 DAGs
[2024-04-24T21:21:23.432+0000] {logging_mixin.py:188} INFO - [2024-04-24T21:21:23.431+0000] {dag.py:3834} INFO - Setting next_dagrun for example_params_ui_tutorial to None, run_after=None
[2024-04-24T21:21:23.459+0000] {processor.py:183} INFO - Processing /home/airflow/.local/lib/python3.10/site-packages/airflow/example_dags/example_params_ui_tutorial.py took 0.120 seconds
[2024-04-24T21:21:53.565+0000] {processor.py:161} INFO - Started process (PID=866) to work on /home/airflow/.local/lib/python3.10/site-packages/airflow/example_dags/example_params_ui_tutorial.py
[2024-04-24T21:21:53.566+0000] {processor.py:830} INFO - Processing file /home/airflow/.local/lib/python3.10/site-packages/airflow/example_dags/example_params_ui_tutorial.py for tasks to queue
[2024-04-24T21:21:53.568+0000] {logging_mixin.py:188} INFO - [2024-04-24T21:21:53.567+0000] {dagbag.py:540} INFO - Filling up the DagBag from /home/airflow/.local/lib/python3.10/site-packages/airflow/example_dags/example_params_ui_tutorial.py
[2024-04-24T21:21:53.580+0000] {processor.py:840} INFO - DAG(s) 'example_params_ui_tutorial' retrieved from /home/airflow/.local/lib/python3.10/site-packages/airflow/example_dags/example_params_ui_tutorial.py
[2024-04-24T21:21:53.687+0000] {logging_mixin.py:188} INFO - [2024-04-24T21:21:53.687+0000] {dag.py:3047} INFO - Sync 1 DAGs
[2024-04-24T21:21:53.702+0000] {logging_mixin.py:188} INFO - [2024-04-24T21:21:53.702+0000] {dag.py:3834} INFO - Setting next_dagrun for example_params_ui_tutorial to None, run_after=None
[2024-04-24T21:21:53.724+0000] {processor.py:183} INFO - Processing /home/airflow/.local/lib/python3.10/site-packages/airflow/example_dags/example_params_ui_tutorial.py took 0.162 seconds
[2024-04-24T21:22:23.766+0000] {processor.py:161} INFO - Started process (PID=922) to work on /home/airflow/.local/lib/python3.10/site-packages/airflow/example_dags/example_params_ui_tutorial.py
[2024-04-24T21:22:23.767+0000] {processor.py:830} INFO - Processing file /home/airflow/.local/lib/python3.10/site-packages/airflow/example_dags/example_params_ui_tutorial.py for tasks to queue
[2024-04-24T21:22:23.769+0000] {logging_mixin.py:188} INFO - [2024-04-24T21:22:23.769+0000] {dagbag.py:540} INFO - Filling up the DagBag from /home/airflow/.local/lib/python3.10/site-packages/airflow/example_dags/example_params_ui_tutorial.py
[2024-04-24T21:22:23.781+0000] {processor.py:840} INFO - DAG(s) 'example_params_ui_tutorial' retrieved from /home/airflow/.local/lib/python3.10/site-packages/airflow/example_dags/example_params_ui_tutorial.py
[2024-04-24T21:22:23.831+0000] {logging_mixin.py:188} INFO - [2024-04-24T21:22:23.831+0000] {dag.py:3047} INFO - Sync 1 DAGs
[2024-04-24T21:22:23.843+0000] {logging_mixin.py:188} INFO - [2024-04-24T21:22:23.842+0000] {dag.py:3834} INFO - Setting next_dagrun for example_params_ui_tutorial to None, run_after=None
[2024-04-24T21:22:23.863+0000] {processor.py:183} INFO - Processing /home/airflow/.local/lib/python3.10/site-packages/airflow/example_dags/example_params_ui_tutorial.py took 0.099 seconds
[2024-04-24T21:22:53.970+0000] {processor.py:161} INFO - Started process (PID=978) to work on /home/airflow/.local/lib/python3.10/site-packages/airflow/example_dags/example_params_ui_tutorial.py
[2024-04-24T21:22:53.971+0000] {processor.py:830} INFO - Processing file /home/airflow/.local/lib/python3.10/site-packages/airflow/example_dags/example_params_ui_tutorial.py for tasks to queue
[2024-04-24T21:22:53.973+0000] {logging_mixin.py:188} INFO - [2024-04-24T21:22:53.972+0000] {dagbag.py:540} INFO - Filling up the DagBag from /home/airflow/.local/lib/python3.10/site-packages/airflow/example_dags/example_params_ui_tutorial.py
[2024-04-24T21:22:53.984+0000] {processor.py:840} INFO - DAG(s) 'example_params_ui_tutorial' retrieved from /home/airflow/.local/lib/python3.10/site-packages/airflow/example_dags/example_params_ui_tutorial.py
[2024-04-24T21:22:54.035+0000] {logging_mixin.py:188} INFO - [2024-04-24T21:22:54.035+0000] {dag.py:3047} INFO - Sync 1 DAGs
[2024-04-24T21:22:54.050+0000] {logging_mixin.py:188} INFO - [2024-04-24T21:22:54.050+0000] {dag.py:3834} INFO - Setting next_dagrun for example_params_ui_tutorial to None, run_after=None
[2024-04-24T21:22:54.074+0000] {processor.py:183} INFO - Processing /home/airflow/.local/lib/python3.10/site-packages/airflow/example_dags/example_params_ui_tutorial.py took 0.107 seconds
[2024-04-24T21:23:24.283+0000] {processor.py:161} INFO - Started process (PID=1033) to work on /home/airflow/.local/lib/python3.10/site-packages/airflow/example_dags/example_params_ui_tutorial.py
[2024-04-24T21:23:24.284+0000] {processor.py:830} INFO - Processing file /home/airflow/.local/lib/python3.10/site-packages/airflow/example_dags/example_params_ui_tutorial.py for tasks to queue
[2024-04-24T21:23:24.286+0000] {logging_mixin.py:188} INFO - [2024-04-24T21:23:24.286+0000] {dagbag.py:540} INFO - Filling up the DagBag from /home/airflow/.local/lib/python3.10/site-packages/airflow/example_dags/example_params_ui_tutorial.py
[2024-04-24T21:23:24.297+0000] {processor.py:840} INFO - DAG(s) 'example_params_ui_tutorial' retrieved from /home/airflow/.local/lib/python3.10/site-packages/airflow/example_dags/example_params_ui_tutorial.py
[2024-04-24T21:23:24.345+0000] {logging_mixin.py:188} INFO - [2024-04-24T21:23:24.344+0000] {dag.py:3047} INFO - Sync 1 DAGs
[2024-04-24T21:23:24.356+0000] {logging_mixin.py:188} INFO - [2024-04-24T21:23:24.356+0000] {dag.py:3834} INFO - Setting next_dagrun for example_params_ui_tutorial to None, run_after=None
[2024-04-24T21:23:24.378+0000] {processor.py:183} INFO - Processing /home/airflow/.local/lib/python3.10/site-packages/airflow/example_dags/example_params_ui_tutorial.py took 0.097 seconds
[2024-04-24T21:23:54.748+0000] {processor.py:161} INFO - Started process (PID=1088) to work on /home/airflow/.local/lib/python3.10/site-packages/airflow/example_dags/example_params_ui_tutorial.py
[2024-04-24T21:23:54.750+0000] {processor.py:830} INFO - Processing file /home/airflow/.local/lib/python3.10/site-packages/airflow/example_dags/example_params_ui_tutorial.py for tasks to queue
[2024-04-24T21:23:54.751+0000] {logging_mixin.py:188} INFO - [2024-04-24T21:23:54.751+0000] {dagbag.py:540} INFO - Filling up the DagBag from /home/airflow/.local/lib/python3.10/site-packages/airflow/example_dags/example_params_ui_tutorial.py
[2024-04-24T21:23:54.763+0000] {processor.py:840} INFO - DAG(s) 'example_params_ui_tutorial' retrieved from /home/airflow/.local/lib/python3.10/site-packages/airflow/example_dags/example_params_ui_tutorial.py
[2024-04-24T21:23:54.813+0000] {logging_mixin.py:188} INFO - [2024-04-24T21:23:54.813+0000] {dag.py:3047} INFO - Sync 1 DAGs
[2024-04-24T21:23:54.825+0000] {logging_mixin.py:188} INFO - [2024-04-24T21:23:54.825+0000] {dag.py:3834} INFO - Setting next_dagrun for example_params_ui_tutorial to None, run_after=None
[2024-04-24T21:23:54.849+0000] {processor.py:183} INFO - Processing /home/airflow/.local/lib/python3.10/site-packages/airflow/example_dags/example_params_ui_tutorial.py took 0.104 seconds
[2024-04-24T21:24:25.139+0000] {processor.py:161} INFO - Started process (PID=1143) to work on /home/airflow/.local/lib/python3.10/site-packages/airflow/example_dags/example_params_ui_tutorial.py
[2024-04-24T21:24:25.140+0000] {processor.py:830} INFO - Processing file /home/airflow/.local/lib/python3.10/site-packages/airflow/example_dags/example_params_ui_tutorial.py for tasks to queue
[2024-04-24T21:24:25.141+0000] {logging_mixin.py:188} INFO - [2024-04-24T21:24:25.141+0000] {dagbag.py:540} INFO - Filling up the DagBag from /home/airflow/.local/lib/python3.10/site-packages/airflow/example_dags/example_params_ui_tutorial.py
[2024-04-24T21:24:25.152+0000] {processor.py:840} INFO - DAG(s) 'example_params_ui_tutorial' retrieved from /home/airflow/.local/lib/python3.10/site-packages/airflow/example_dags/example_params_ui_tutorial.py
[2024-04-24T21:24:25.200+0000] {logging_mixin.py:188} INFO - [2024-04-24T21:24:25.199+0000] {dag.py:3047} INFO - Sync 1 DAGs
[2024-04-24T21:24:25.211+0000] {logging_mixin.py:188} INFO - [2024-04-24T21:24:25.211+0000] {dag.py:3834} INFO - Setting next_dagrun for example_params_ui_tutorial to None, run_after=None
[2024-04-24T21:24:25.233+0000] {processor.py:183} INFO - Processing /home/airflow/.local/lib/python3.10/site-packages/airflow/example_dags/example_params_ui_tutorial.py took 0.097 seconds
[2024-04-24T21:24:55.414+0000] {processor.py:161} INFO - Started process (PID=1199) to work on /home/airflow/.local/lib/python3.10/site-packages/airflow/example_dags/example_params_ui_tutorial.py
[2024-04-24T21:24:55.415+0000] {processor.py:830} INFO - Processing file /home/airflow/.local/lib/python3.10/site-packages/airflow/example_dags/example_params_ui_tutorial.py for tasks to queue
[2024-04-24T21:24:55.417+0000] {logging_mixin.py:188} INFO - [2024-04-24T21:24:55.417+0000] {dagbag.py:540} INFO - Filling up the DagBag from /home/airflow/.local/lib/python3.10/site-packages/airflow/example_dags/example_params_ui_tutorial.py
[2024-04-24T21:24:55.429+0000] {processor.py:840} INFO - DAG(s) 'example_params_ui_tutorial' retrieved from /home/airflow/.local/lib/python3.10/site-packages/airflow/example_dags/example_params_ui_tutorial.py
[2024-04-24T21:24:55.479+0000] {logging_mixin.py:188} INFO - [2024-04-24T21:24:55.479+0000] {dag.py:3047} INFO - Sync 1 DAGs
[2024-04-24T21:24:55.491+0000] {logging_mixin.py:188} INFO - [2024-04-24T21:24:55.491+0000] {dag.py:3834} INFO - Setting next_dagrun for example_params_ui_tutorial to None, run_after=None
[2024-04-24T21:24:55.511+0000] {processor.py:183} INFO - Processing /home/airflow/.local/lib/python3.10/site-packages/airflow/example_dags/example_params_ui_tutorial.py took 0.100 seconds
[2024-04-24T21:25:25.893+0000] {processor.py:161} INFO - Started process (PID=1254) to work on /home/airflow/.local/lib/python3.10/site-packages/airflow/example_dags/example_params_ui_tutorial.py
[2024-04-24T21:25:25.894+0000] {processor.py:830} INFO - Processing file /home/airflow/.local/lib/python3.10/site-packages/airflow/example_dags/example_params_ui_tutorial.py for tasks to queue
[2024-04-24T21:25:25.896+0000] {logging_mixin.py:188} INFO - [2024-04-24T21:25:25.896+0000] {dagbag.py:540} INFO - Filling up the DagBag from /home/airflow/.local/lib/python3.10/site-packages/airflow/example_dags/example_params_ui_tutorial.py
[2024-04-24T21:25:25.907+0000] {processor.py:840} INFO - DAG(s) 'example_params_ui_tutorial' retrieved from /home/airflow/.local/lib/python3.10/site-packages/airflow/example_dags/example_params_ui_tutorial.py
[2024-04-24T21:25:25.958+0000] {logging_mixin.py:188} INFO - [2024-04-24T21:25:25.957+0000] {dag.py:3047} INFO - Sync 1 DAGs
[2024-04-24T21:25:25.969+0000] {logging_mixin.py:188} INFO - [2024-04-24T21:25:25.968+0000] {dag.py:3834} INFO - Setting next_dagrun for example_params_ui_tutorial to None, run_after=None
[2024-04-24T21:25:25.991+0000] {processor.py:183} INFO - Processing /home/airflow/.local/lib/python3.10/site-packages/airflow/example_dags/example_params_ui_tutorial.py took 0.102 seconds
[2024-04-24T21:25:56.511+0000] {processor.py:161} INFO - Started process (PID=1310) to work on /home/airflow/.local/lib/python3.10/site-packages/airflow/example_dags/example_params_ui_tutorial.py
[2024-04-24T21:25:56.512+0000] {processor.py:830} INFO - Processing file /home/airflow/.local/lib/python3.10/site-packages/airflow/example_dags/example_params_ui_tutorial.py for tasks to queue
[2024-04-24T21:25:56.514+0000] {logging_mixin.py:188} INFO - [2024-04-24T21:25:56.514+0000] {dagbag.py:540} INFO - Filling up the DagBag from /home/airflow/.local/lib/python3.10/site-packages/airflow/example_dags/example_params_ui_tutorial.py
[2024-04-24T21:25:56.525+0000] {processor.py:840} INFO - DAG(s) 'example_params_ui_tutorial' retrieved from /home/airflow/.local/lib/python3.10/site-packages/airflow/example_dags/example_params_ui_tutorial.py
[2024-04-24T21:25:56.574+0000] {logging_mixin.py:188} INFO - [2024-04-24T21:25:56.574+0000] {dag.py:3047} INFO - Sync 1 DAGs
[2024-04-24T21:25:56.586+0000] {logging_mixin.py:188} INFO - [2024-04-24T21:25:56.586+0000] {dag.py:3834} INFO - Setting next_dagrun for example_params_ui_tutorial to None, run_after=None
[2024-04-24T21:25:56.607+0000] {processor.py:183} INFO - Processing /home/airflow/.local/lib/python3.10/site-packages/airflow/example_dags/example_params_ui_tutorial.py took 0.099 seconds
[2024-04-24T21:26:27.309+0000] {processor.py:161} INFO - Started process (PID=1365) to work on /home/airflow/.local/lib/python3.10/site-packages/airflow/example_dags/example_params_ui_tutorial.py
[2024-04-24T21:26:27.310+0000] {processor.py:830} INFO - Processing file /home/airflow/.local/lib/python3.10/site-packages/airflow/example_dags/example_params_ui_tutorial.py for tasks to queue
[2024-04-24T21:26:27.312+0000] {logging_mixin.py:188} INFO - [2024-04-24T21:26:27.312+0000] {dagbag.py:540} INFO - Filling up the DagBag from /home/airflow/.local/lib/python3.10/site-packages/airflow/example_dags/example_params_ui_tutorial.py
[2024-04-24T21:26:27.323+0000] {processor.py:840} INFO - DAG(s) 'example_params_ui_tutorial' retrieved from /home/airflow/.local/lib/python3.10/site-packages/airflow/example_dags/example_params_ui_tutorial.py
[2024-04-24T21:26:27.373+0000] {logging_mixin.py:188} INFO - [2024-04-24T21:26:27.372+0000] {dag.py:3047} INFO - Sync 1 DAGs
[2024-04-24T21:26:27.384+0000] {logging_mixin.py:188} INFO - [2024-04-24T21:26:27.384+0000] {dag.py:3834} INFO - Setting next_dagrun for example_params_ui_tutorial to None, run_after=None
[2024-04-24T21:26:27.404+0000] {processor.py:183} INFO - Processing /home/airflow/.local/lib/python3.10/site-packages/airflow/example_dags/example_params_ui_tutorial.py took 0.099 seconds
[2024-04-24T21:26:57.456+0000] {processor.py:161} INFO - Started process (PID=1419) to work on /home/airflow/.local/lib/python3.10/site-packages/airflow/example_dags/example_params_ui_tutorial.py
[2024-04-24T21:26:57.458+0000] {processor.py:830} INFO - Processing file /home/airflow/.local/lib/python3.10/site-packages/airflow/example_dags/example_params_ui_tutorial.py for tasks to queue
[2024-04-24T21:26:57.460+0000] {logging_mixin.py:188} INFO - [2024-04-24T21:26:57.459+0000] {dagbag.py:540} INFO - Filling up the DagBag from /home/airflow/.local/lib/python3.10/site-packages/airflow/example_dags/example_params_ui_tutorial.py
[2024-04-24T21:26:57.470+0000] {processor.py:840} INFO - DAG(s) 'example_params_ui_tutorial' retrieved from /home/airflow/.local/lib/python3.10/site-packages/airflow/example_dags/example_params_ui_tutorial.py
[2024-04-24T21:26:57.519+0000] {logging_mixin.py:188} INFO - [2024-04-24T21:26:57.519+0000] {dag.py:3047} INFO - Sync 1 DAGs
[2024-04-24T21:26:57.530+0000] {logging_mixin.py:188} INFO - [2024-04-24T21:26:57.530+0000] {dag.py:3834} INFO - Setting next_dagrun for example_params_ui_tutorial to None, run_after=None
[2024-04-24T21:26:57.551+0000] {processor.py:183} INFO - Processing /home/airflow/.local/lib/python3.10/site-packages/airflow/example_dags/example_params_ui_tutorial.py took 0.098 seconds
[2024-04-24T21:27:28.085+0000] {processor.py:161} INFO - Started process (PID=1475) to work on /home/airflow/.local/lib/python3.10/site-packages/airflow/example_dags/example_params_ui_tutorial.py
[2024-04-24T21:27:28.086+0000] {processor.py:830} INFO - Processing file /home/airflow/.local/lib/python3.10/site-packages/airflow/example_dags/example_params_ui_tutorial.py for tasks to queue
[2024-04-24T21:27:28.088+0000] {logging_mixin.py:188} INFO - [2024-04-24T21:27:28.088+0000] {dagbag.py:540} INFO - Filling up the DagBag from /home/airflow/.local/lib/python3.10/site-packages/airflow/example_dags/example_params_ui_tutorial.py
[2024-04-24T21:27:28.100+0000] {processor.py:840} INFO - DAG(s) 'example_params_ui_tutorial' retrieved from /home/airflow/.local/lib/python3.10/site-packages/airflow/example_dags/example_params_ui_tutorial.py
[2024-04-24T21:27:28.148+0000] {logging_mixin.py:188} INFO - [2024-04-24T21:27:28.147+0000] {dag.py:3047} INFO - Sync 1 DAGs
[2024-04-24T21:27:28.160+0000] {logging_mixin.py:188} INFO - [2024-04-24T21:27:28.160+0000] {dag.py:3834} INFO - Setting next_dagrun for example_params_ui_tutorial to None, run_after=None
[2024-04-24T21:27:28.180+0000] {processor.py:183} INFO - Processing /home/airflow/.local/lib/python3.10/site-packages/airflow/example_dags/example_params_ui_tutorial.py took 0.098 seconds
[2024-04-24T21:27:58.801+0000] {processor.py:161} INFO - Started process (PID=1531) to work on /home/airflow/.local/lib/python3.10/site-packages/airflow/example_dags/example_params_ui_tutorial.py
[2024-04-24T21:27:58.802+0000] {processor.py:830} INFO - Processing file /home/airflow/.local/lib/python3.10/site-packages/airflow/example_dags/example_params_ui_tutorial.py for tasks to queue
[2024-04-24T21:27:58.804+0000] {logging_mixin.py:188} INFO - [2024-04-24T21:27:58.803+0000] {dagbag.py:540} INFO - Filling up the DagBag from /home/airflow/.local/lib/python3.10/site-packages/airflow/example_dags/example_params_ui_tutorial.py
[2024-04-24T21:27:58.815+0000] {processor.py:840} INFO - DAG(s) 'example_params_ui_tutorial' retrieved from /home/airflow/.local/lib/python3.10/site-packages/airflow/example_dags/example_params_ui_tutorial.py
[2024-04-24T21:27:58.864+0000] {logging_mixin.py:188} INFO - [2024-04-24T21:27:58.864+0000] {dag.py:3047} INFO - Sync 1 DAGs
[2024-04-24T21:27:58.876+0000] {logging_mixin.py:188} INFO - [2024-04-24T21:27:58.876+0000] {dag.py:3834} INFO - Setting next_dagrun for example_params_ui_tutorial to None, run_after=None
[2024-04-24T21:27:58.897+0000] {processor.py:183} INFO - Processing /home/airflow/.local/lib/python3.10/site-packages/airflow/example_dags/example_params_ui_tutorial.py took 0.099 seconds
[2024-04-24T21:28:29.095+0000] {processor.py:161} INFO - Started process (PID=1586) to work on /home/airflow/.local/lib/python3.10/site-packages/airflow/example_dags/example_params_ui_tutorial.py
[2024-04-24T21:28:29.096+0000] {processor.py:830} INFO - Processing file /home/airflow/.local/lib/python3.10/site-packages/airflow/example_dags/example_params_ui_tutorial.py for tasks to queue
[2024-04-24T21:28:29.097+0000] {logging_mixin.py:188} INFO - [2024-04-24T21:28:29.097+0000] {dagbag.py:540} INFO - Filling up the DagBag from /home/airflow/.local/lib/python3.10/site-packages/airflow/example_dags/example_params_ui_tutorial.py
[2024-04-24T21:28:29.108+0000] {processor.py:840} INFO - DAG(s) 'example_params_ui_tutorial' retrieved from /home/airflow/.local/lib/python3.10/site-packages/airflow/example_dags/example_params_ui_tutorial.py
[2024-04-24T21:28:29.156+0000] {logging_mixin.py:188} INFO - [2024-04-24T21:28:29.156+0000] {dag.py:3047} INFO - Sync 1 DAGs
[2024-04-24T21:28:29.288+0000] {logging_mixin.py:188} INFO - [2024-04-24T21:28:29.288+0000] {dag.py:3834} INFO - Setting next_dagrun for example_params_ui_tutorial to None, run_after=None
[2024-04-24T21:28:29.309+0000] {processor.py:183} INFO - Processing /home/airflow/.local/lib/python3.10/site-packages/airflow/example_dags/example_params_ui_tutorial.py took 0.217 seconds
[2024-04-24T21:28:59.757+0000] {processor.py:161} INFO - Started process (PID=1641) to work on /home/airflow/.local/lib/python3.10/site-packages/airflow/example_dags/example_params_ui_tutorial.py
[2024-04-24T21:28:59.759+0000] {processor.py:830} INFO - Processing file /home/airflow/.local/lib/python3.10/site-packages/airflow/example_dags/example_params_ui_tutorial.py for tasks to queue
[2024-04-24T21:28:59.761+0000] {logging_mixin.py:188} INFO - [2024-04-24T21:28:59.761+0000] {dagbag.py:540} INFO - Filling up the DagBag from /home/airflow/.local/lib/python3.10/site-packages/airflow/example_dags/example_params_ui_tutorial.py
[2024-04-24T21:28:59.773+0000] {processor.py:840} INFO - DAG(s) 'example_params_ui_tutorial' retrieved from /home/airflow/.local/lib/python3.10/site-packages/airflow/example_dags/example_params_ui_tutorial.py
[2024-04-24T21:28:59.825+0000] {logging_mixin.py:188} INFO - [2024-04-24T21:28:59.825+0000] {dag.py:3047} INFO - Sync 1 DAGs
[2024-04-24T21:28:59.837+0000] {logging_mixin.py:188} INFO - [2024-04-24T21:28:59.837+0000] {dag.py:3834} INFO - Setting next_dagrun for example_params_ui_tutorial to None, run_after=None
[2024-04-24T21:28:59.993+0000] {processor.py:183} INFO - Processing /home/airflow/.local/lib/python3.10/site-packages/airflow/example_dags/example_params_ui_tutorial.py took 0.238 seconds
[2024-04-24T21:29:30.414+0000] {processor.py:161} INFO - Started process (PID=1697) to work on /home/airflow/.local/lib/python3.10/site-packages/airflow/example_dags/example_params_ui_tutorial.py
[2024-04-24T21:29:30.415+0000] {processor.py:830} INFO - Processing file /home/airflow/.local/lib/python3.10/site-packages/airflow/example_dags/example_params_ui_tutorial.py for tasks to queue
[2024-04-24T21:29:30.417+0000] {logging_mixin.py:188} INFO - [2024-04-24T21:29:30.417+0000] {dagbag.py:540} INFO - Filling up the DagBag from /home/airflow/.local/lib/python3.10/site-packages/airflow/example_dags/example_params_ui_tutorial.py
[2024-04-24T21:29:30.428+0000] {processor.py:840} INFO - DAG(s) 'example_params_ui_tutorial' retrieved from /home/airflow/.local/lib/python3.10/site-packages/airflow/example_dags/example_params_ui_tutorial.py
[2024-04-24T21:29:30.480+0000] {logging_mixin.py:188} INFO - [2024-04-24T21:29:30.480+0000] {dag.py:3047} INFO - Sync 1 DAGs
[2024-04-24T21:29:30.492+0000] {logging_mixin.py:188} INFO - [2024-04-24T21:29:30.492+0000] {dag.py:3834} INFO - Setting next_dagrun for example_params_ui_tutorial to None, run_after=None
[2024-04-24T21:29:30.514+0000] {processor.py:183} INFO - Processing /home/airflow/.local/lib/python3.10/site-packages/airflow/example_dags/example_params_ui_tutorial.py took 0.103 seconds
[2024-04-24T21:30:01.521+0000] {processor.py:161} INFO - Started process (PID=1752) to work on /home/airflow/.local/lib/python3.10/site-packages/airflow/example_dags/example_params_ui_tutorial.py
[2024-04-24T21:30:01.522+0000] {processor.py:830} INFO - Processing file /home/airflow/.local/lib/python3.10/site-packages/airflow/example_dags/example_params_ui_tutorial.py for tasks to queue
[2024-04-24T21:30:01.524+0000] {logging_mixin.py:188} INFO - [2024-04-24T21:30:01.524+0000] {dagbag.py:540} INFO - Filling up the DagBag from /home/airflow/.local/lib/python3.10/site-packages/airflow/example_dags/example_params_ui_tutorial.py
[2024-04-24T21:30:01.536+0000] {processor.py:840} INFO - DAG(s) 'example_params_ui_tutorial' retrieved from /home/airflow/.local/lib/python3.10/site-packages/airflow/example_dags/example_params_ui_tutorial.py
[2024-04-24T21:30:01.584+0000] {logging_mixin.py:188} INFO - [2024-04-24T21:30:01.584+0000] {dag.py:3047} INFO - Sync 1 DAGs
[2024-04-24T21:30:01.595+0000] {logging_mixin.py:188} INFO - [2024-04-24T21:30:01.595+0000] {dag.py:3834} INFO - Setting next_dagrun for example_params_ui_tutorial to None, run_after=None
[2024-04-24T21:30:01.616+0000] {processor.py:183} INFO - Processing /home/airflow/.local/lib/python3.10/site-packages/airflow/example_dags/example_params_ui_tutorial.py took 0.098 seconds
