[2024-04-24T21:14:32.095+0000] {processor.py:161} INFO - Started process (PID=81) to work on /home/airflow/.local/lib/python3.10/site-packages/airflow/example_dags/example_branch_python_dop_operator_3.py
[2024-04-24T21:14:32.098+0000] {processor.py:830} INFO - Processing file /home/airflow/.local/lib/python3.10/site-packages/airflow/example_dags/example_branch_python_dop_operator_3.py for tasks to queue
[2024-04-24T21:14:32.103+0000] {logging_mixin.py:188} INFO - [2024-04-24T21:14:32.103+0000] {dagbag.py:540} INFO - Filling up the DagBag from /home/airflow/.local/lib/python3.10/site-packages/airflow/example_dags/example_branch_python_dop_operator_3.py
[2024-04-24T21:14:32.139+0000] {processor.py:840} INFO - DAG(s) 'example_branch_dop_operator_v3' retrieved from /home/airflow/.local/lib/python3.10/site-packages/airflow/example_dags/example_branch_python_dop_operator_3.py
[2024-04-24T21:14:32.632+0000] {logging_mixin.py:188} INFO - [2024-04-24T21:14:32.630+0000] {override.py:1769} INFO - Created Permission View: can edit on DAG:example_branch_dop_operator_v3
[2024-04-24T21:14:32.673+0000] {logging_mixin.py:188} INFO - [2024-04-24T21:14:32.671+0000] {override.py:1769} INFO - Created Permission View: can read on DAG:example_branch_dop_operator_v3
[2024-04-24T21:14:32.695+0000] {logging_mixin.py:188} INFO - [2024-04-24T21:14:32.694+0000] {override.py:1769} INFO - Created Permission View: can delete on DAG:example_branch_dop_operator_v3
[2024-04-24T21:14:32.697+0000] {logging_mixin.py:188} INFO - [2024-04-24T21:14:32.696+0000] {dag.py:3047} INFO - Sync 1 DAGs
[2024-04-24T21:14:32.740+0000] {logging_mixin.py:188} INFO - [2024-04-24T21:14:32.739+0000] {dag.py:3069} INFO - Creating ORM DAG for example_branch_dop_operator_v3
[2024-04-24T21:14:32.811+0000] {logging_mixin.py:188} INFO - [2024-04-24T21:14:32.810+0000] {dag.py:3834} INFO - Setting next_dagrun for example_branch_dop_operator_v3 to 2024-04-24 21:13:00+00:00, run_after=2024-04-24 21:14:00+00:00
[2024-04-24T21:14:32.859+0000] {processor.py:183} INFO - Processing /home/airflow/.local/lib/python3.10/site-packages/airflow/example_dags/example_branch_python_dop_operator_3.py took 0.771 seconds
[2024-04-24T21:15:08.210+0000] {processor.py:161} INFO - Started process (PID=136) to work on /home/airflow/.local/lib/python3.10/site-packages/airflow/example_dags/example_branch_python_dop_operator_3.py
[2024-04-24T21:15:08.212+0000] {processor.py:830} INFO - Processing file /home/airflow/.local/lib/python3.10/site-packages/airflow/example_dags/example_branch_python_dop_operator_3.py for tasks to queue
[2024-04-24T21:15:08.215+0000] {logging_mixin.py:188} INFO - [2024-04-24T21:15:08.214+0000] {dagbag.py:540} INFO - Filling up the DagBag from /home/airflow/.local/lib/python3.10/site-packages/airflow/example_dags/example_branch_python_dop_operator_3.py
[2024-04-24T21:15:08.250+0000] {processor.py:840} INFO - DAG(s) 'example_branch_dop_operator_v3' retrieved from /home/airflow/.local/lib/python3.10/site-packages/airflow/example_dags/example_branch_python_dop_operator_3.py
[2024-04-24T21:15:08.282+0000] {logging_mixin.py:188} INFO - [2024-04-24T21:15:08.281+0000] {dag.py:3047} INFO - Sync 1 DAGs
[2024-04-24T21:15:08.378+0000] {logging_mixin.py:188} INFO - [2024-04-24T21:15:08.377+0000] {dag.py:3834} INFO - Setting next_dagrun for example_branch_dop_operator_v3 to 2024-04-24 21:14:00+00:00, run_after=2024-04-24 21:15:00+00:00
[2024-04-24T21:15:08.456+0000] {processor.py:183} INFO - Processing /home/airflow/.local/lib/python3.10/site-packages/airflow/example_dags/example_branch_python_dop_operator_3.py took 0.266 seconds
[2024-04-24T21:15:38.745+0000] {processor.py:161} INFO - Started process (PID=192) to work on /home/airflow/.local/lib/python3.10/site-packages/airflow/example_dags/example_branch_python_dop_operator_3.py
[2024-04-24T21:15:38.748+0000] {processor.py:830} INFO - Processing file /home/airflow/.local/lib/python3.10/site-packages/airflow/example_dags/example_branch_python_dop_operator_3.py for tasks to queue
[2024-04-24T21:15:38.751+0000] {logging_mixin.py:188} INFO - [2024-04-24T21:15:38.751+0000] {dagbag.py:540} INFO - Filling up the DagBag from /home/airflow/.local/lib/python3.10/site-packages/airflow/example_dags/example_branch_python_dop_operator_3.py
[2024-04-24T21:15:38.766+0000] {processor.py:840} INFO - DAG(s) 'example_branch_dop_operator_v3' retrieved from /home/airflow/.local/lib/python3.10/site-packages/airflow/example_dags/example_branch_python_dop_operator_3.py
[2024-04-24T21:15:38.799+0000] {logging_mixin.py:188} INFO - [2024-04-24T21:15:38.799+0000] {dag.py:3047} INFO - Sync 1 DAGs
[2024-04-24T21:15:38.841+0000] {logging_mixin.py:188} INFO - [2024-04-24T21:15:38.841+0000] {dag.py:3834} INFO - Setting next_dagrun for example_branch_dop_operator_v3 to 2024-04-24 21:14:00+00:00, run_after=2024-04-24 21:15:00+00:00
[2024-04-24T21:15:38.880+0000] {processor.py:183} INFO - Processing /home/airflow/.local/lib/python3.10/site-packages/airflow/example_dags/example_branch_python_dop_operator_3.py took 0.140 seconds
[2024-04-24T21:16:08.978+0000] {processor.py:161} INFO - Started process (PID=248) to work on /home/airflow/.local/lib/python3.10/site-packages/airflow/example_dags/example_branch_python_dop_operator_3.py
[2024-04-24T21:16:08.979+0000] {processor.py:830} INFO - Processing file /home/airflow/.local/lib/python3.10/site-packages/airflow/example_dags/example_branch_python_dop_operator_3.py for tasks to queue
[2024-04-24T21:16:08.982+0000] {logging_mixin.py:188} INFO - [2024-04-24T21:16:08.981+0000] {dagbag.py:540} INFO - Filling up the DagBag from /home/airflow/.local/lib/python3.10/site-packages/airflow/example_dags/example_branch_python_dop_operator_3.py
[2024-04-24T21:16:08.990+0000] {processor.py:840} INFO - DAG(s) 'example_branch_dop_operator_v3' retrieved from /home/airflow/.local/lib/python3.10/site-packages/airflow/example_dags/example_branch_python_dop_operator_3.py
[2024-04-24T21:16:09.011+0000] {logging_mixin.py:188} INFO - [2024-04-24T21:16:09.011+0000] {dag.py:3047} INFO - Sync 1 DAGs
[2024-04-24T21:16:09.036+0000] {logging_mixin.py:188} INFO - [2024-04-24T21:16:09.036+0000] {dag.py:3834} INFO - Setting next_dagrun for example_branch_dop_operator_v3 to 2024-04-24 21:15:00+00:00, run_after=2024-04-24 21:16:00+00:00
[2024-04-24T21:16:09.058+0000] {processor.py:183} INFO - Processing /home/airflow/.local/lib/python3.10/site-packages/airflow/example_dags/example_branch_python_dop_operator_3.py took 0.084 seconds
[2024-04-24T21:16:41.687+0000] {processor.py:161} INFO - Started process (PID=303) to work on /home/airflow/.local/lib/python3.10/site-packages/airflow/example_dags/example_branch_python_dop_operator_3.py
[2024-04-24T21:16:41.694+0000] {processor.py:830} INFO - Processing file /home/airflow/.local/lib/python3.10/site-packages/airflow/example_dags/example_branch_python_dop_operator_3.py for tasks to queue
[2024-04-24T21:16:41.700+0000] {logging_mixin.py:188} INFO - [2024-04-24T21:16:41.699+0000] {dagbag.py:540} INFO - Filling up the DagBag from /home/airflow/.local/lib/python3.10/site-packages/airflow/example_dags/example_branch_python_dop_operator_3.py
[2024-04-24T21:16:41.744+0000] {processor.py:840} INFO - DAG(s) 'example_branch_dop_operator_v3' retrieved from /home/airflow/.local/lib/python3.10/site-packages/airflow/example_dags/example_branch_python_dop_operator_3.py
[2024-04-24T21:16:41.795+0000] {logging_mixin.py:188} INFO - [2024-04-24T21:16:41.794+0000] {dag.py:3047} INFO - Sync 1 DAGs
[2024-04-24T21:16:41.896+0000] {logging_mixin.py:188} INFO - [2024-04-24T21:16:41.895+0000] {dag.py:3834} INFO - Setting next_dagrun for example_branch_dop_operator_v3 to 2024-04-24 21:15:00+00:00, run_after=2024-04-24 21:16:00+00:00
[2024-04-24T21:16:41.966+0000] {processor.py:183} INFO - Processing /home/airflow/.local/lib/python3.10/site-packages/airflow/example_dags/example_branch_python_dop_operator_3.py took 0.288 seconds
[2024-04-24T21:17:12.394+0000] {processor.py:161} INFO - Started process (PID=358) to work on /home/airflow/.local/lib/python3.10/site-packages/airflow/example_dags/example_branch_python_dop_operator_3.py
[2024-04-24T21:17:12.396+0000] {processor.py:830} INFO - Processing file /home/airflow/.local/lib/python3.10/site-packages/airflow/example_dags/example_branch_python_dop_operator_3.py for tasks to queue
[2024-04-24T21:17:12.398+0000] {logging_mixin.py:188} INFO - [2024-04-24T21:17:12.398+0000] {dagbag.py:540} INFO - Filling up the DagBag from /home/airflow/.local/lib/python3.10/site-packages/airflow/example_dags/example_branch_python_dop_operator_3.py
[2024-04-24T21:17:12.411+0000] {processor.py:840} INFO - DAG(s) 'example_branch_dop_operator_v3' retrieved from /home/airflow/.local/lib/python3.10/site-packages/airflow/example_dags/example_branch_python_dop_operator_3.py
[2024-04-24T21:17:12.435+0000] {logging_mixin.py:188} INFO - [2024-04-24T21:17:12.435+0000] {dag.py:3047} INFO - Sync 1 DAGs
[2024-04-24T21:17:12.465+0000] {logging_mixin.py:188} INFO - [2024-04-24T21:17:12.465+0000] {dag.py:3834} INFO - Setting next_dagrun for example_branch_dop_operator_v3 to 2024-04-24 21:16:00+00:00, run_after=2024-04-24 21:17:00+00:00
[2024-04-24T21:17:12.491+0000] {processor.py:183} INFO - Processing /home/airflow/.local/lib/python3.10/site-packages/airflow/example_dags/example_branch_python_dop_operator_3.py took 0.103 seconds
[2024-04-24T21:17:43.063+0000] {processor.py:161} INFO - Started process (PID=414) to work on /home/airflow/.local/lib/python3.10/site-packages/airflow/example_dags/example_branch_python_dop_operator_3.py
[2024-04-24T21:17:43.065+0000] {processor.py:830} INFO - Processing file /home/airflow/.local/lib/python3.10/site-packages/airflow/example_dags/example_branch_python_dop_operator_3.py for tasks to queue
[2024-04-24T21:17:43.068+0000] {logging_mixin.py:188} INFO - [2024-04-24T21:17:43.067+0000] {dagbag.py:540} INFO - Filling up the DagBag from /home/airflow/.local/lib/python3.10/site-packages/airflow/example_dags/example_branch_python_dop_operator_3.py
[2024-04-24T21:17:43.080+0000] {processor.py:840} INFO - DAG(s) 'example_branch_dop_operator_v3' retrieved from /home/airflow/.local/lib/python3.10/site-packages/airflow/example_dags/example_branch_python_dop_operator_3.py
[2024-04-24T21:17:43.105+0000] {logging_mixin.py:188} INFO - [2024-04-24T21:17:43.105+0000] {dag.py:3047} INFO - Sync 1 DAGs
[2024-04-24T21:17:43.148+0000] {logging_mixin.py:188} INFO - [2024-04-24T21:17:43.147+0000] {dag.py:3834} INFO - Setting next_dagrun for example_branch_dop_operator_v3 to 2024-04-24 21:16:00+00:00, run_after=2024-04-24 21:17:00+00:00
[2024-04-24T21:17:43.179+0000] {processor.py:183} INFO - Processing /home/airflow/.local/lib/python3.10/site-packages/airflow/example_dags/example_branch_python_dop_operator_3.py took 0.120 seconds
[2024-04-24T21:18:13.443+0000] {processor.py:161} INFO - Started process (PID=469) to work on /home/airflow/.local/lib/python3.10/site-packages/airflow/example_dags/example_branch_python_dop_operator_3.py
[2024-04-24T21:18:13.445+0000] {processor.py:830} INFO - Processing file /home/airflow/.local/lib/python3.10/site-packages/airflow/example_dags/example_branch_python_dop_operator_3.py for tasks to queue
[2024-04-24T21:18:13.448+0000] {logging_mixin.py:188} INFO - [2024-04-24T21:18:13.448+0000] {dagbag.py:540} INFO - Filling up the DagBag from /home/airflow/.local/lib/python3.10/site-packages/airflow/example_dags/example_branch_python_dop_operator_3.py
[2024-04-24T21:18:13.460+0000] {processor.py:840} INFO - DAG(s) 'example_branch_dop_operator_v3' retrieved from /home/airflow/.local/lib/python3.10/site-packages/airflow/example_dags/example_branch_python_dop_operator_3.py
[2024-04-24T21:18:13.482+0000] {logging_mixin.py:188} INFO - [2024-04-24T21:18:13.482+0000] {dag.py:3047} INFO - Sync 1 DAGs
[2024-04-24T21:18:13.508+0000] {logging_mixin.py:188} INFO - [2024-04-24T21:18:13.508+0000] {dag.py:3834} INFO - Setting next_dagrun for example_branch_dop_operator_v3 to 2024-04-24 21:17:00+00:00, run_after=2024-04-24 21:18:00+00:00
[2024-04-24T21:18:13.528+0000] {processor.py:183} INFO - Processing /home/airflow/.local/lib/python3.10/site-packages/airflow/example_dags/example_branch_python_dop_operator_3.py took 0.089 seconds
[2024-04-24T21:18:44.170+0000] {processor.py:161} INFO - Started process (PID=524) to work on /home/airflow/.local/lib/python3.10/site-packages/airflow/example_dags/example_branch_python_dop_operator_3.py
[2024-04-24T21:18:44.172+0000] {processor.py:830} INFO - Processing file /home/airflow/.local/lib/python3.10/site-packages/airflow/example_dags/example_branch_python_dop_operator_3.py for tasks to queue
[2024-04-24T21:18:44.176+0000] {logging_mixin.py:188} INFO - [2024-04-24T21:18:44.175+0000] {dagbag.py:540} INFO - Filling up the DagBag from /home/airflow/.local/lib/python3.10/site-packages/airflow/example_dags/example_branch_python_dop_operator_3.py
[2024-04-24T21:18:44.188+0000] {processor.py:840} INFO - DAG(s) 'example_branch_dop_operator_v3' retrieved from /home/airflow/.local/lib/python3.10/site-packages/airflow/example_dags/example_branch_python_dop_operator_3.py
[2024-04-24T21:18:44.219+0000] {logging_mixin.py:188} INFO - [2024-04-24T21:18:44.219+0000] {dag.py:3047} INFO - Sync 1 DAGs
[2024-04-24T21:18:44.249+0000] {logging_mixin.py:188} INFO - [2024-04-24T21:18:44.249+0000] {dag.py:3834} INFO - Setting next_dagrun for example_branch_dop_operator_v3 to 2024-04-24 21:17:00+00:00, run_after=2024-04-24 21:18:00+00:00
[2024-04-24T21:18:44.277+0000] {processor.py:183} INFO - Processing /home/airflow/.local/lib/python3.10/site-packages/airflow/example_dags/example_branch_python_dop_operator_3.py took 0.112 seconds
[2024-04-24T21:19:14.831+0000] {processor.py:161} INFO - Started process (PID=580) to work on /home/airflow/.local/lib/python3.10/site-packages/airflow/example_dags/example_branch_python_dop_operator_3.py
[2024-04-24T21:19:14.833+0000] {processor.py:830} INFO - Processing file /home/airflow/.local/lib/python3.10/site-packages/airflow/example_dags/example_branch_python_dop_operator_3.py for tasks to queue
[2024-04-24T21:19:14.835+0000] {logging_mixin.py:188} INFO - [2024-04-24T21:19:14.835+0000] {dagbag.py:540} INFO - Filling up the DagBag from /home/airflow/.local/lib/python3.10/site-packages/airflow/example_dags/example_branch_python_dop_operator_3.py
[2024-04-24T21:19:14.845+0000] {processor.py:840} INFO - DAG(s) 'example_branch_dop_operator_v3' retrieved from /home/airflow/.local/lib/python3.10/site-packages/airflow/example_dags/example_branch_python_dop_operator_3.py
[2024-04-24T21:19:14.873+0000] {logging_mixin.py:188} INFO - [2024-04-24T21:19:14.873+0000] {dag.py:3047} INFO - Sync 1 DAGs
[2024-04-24T21:19:14.899+0000] {logging_mixin.py:188} INFO - [2024-04-24T21:19:14.899+0000] {dag.py:3834} INFO - Setting next_dagrun for example_branch_dop_operator_v3 to 2024-04-24 21:18:00+00:00, run_after=2024-04-24 21:19:00+00:00
[2024-04-24T21:19:14.921+0000] {processor.py:183} INFO - Processing /home/airflow/.local/lib/python3.10/site-packages/airflow/example_dags/example_branch_python_dop_operator_3.py took 0.093 seconds
[2024-04-24T21:19:45.193+0000] {processor.py:161} INFO - Started process (PID=636) to work on /home/airflow/.local/lib/python3.10/site-packages/airflow/example_dags/example_branch_python_dop_operator_3.py
[2024-04-24T21:19:45.196+0000] {processor.py:830} INFO - Processing file /home/airflow/.local/lib/python3.10/site-packages/airflow/example_dags/example_branch_python_dop_operator_3.py for tasks to queue
[2024-04-24T21:19:45.199+0000] {logging_mixin.py:188} INFO - [2024-04-24T21:19:45.198+0000] {dagbag.py:540} INFO - Filling up the DagBag from /home/airflow/.local/lib/python3.10/site-packages/airflow/example_dags/example_branch_python_dop_operator_3.py
[2024-04-24T21:19:45.208+0000] {processor.py:840} INFO - DAG(s) 'example_branch_dop_operator_v3' retrieved from /home/airflow/.local/lib/python3.10/site-packages/airflow/example_dags/example_branch_python_dop_operator_3.py
[2024-04-24T21:19:45.231+0000] {logging_mixin.py:188} INFO - [2024-04-24T21:19:45.230+0000] {dag.py:3047} INFO - Sync 1 DAGs
[2024-04-24T21:19:45.263+0000] {logging_mixin.py:188} INFO - [2024-04-24T21:19:45.262+0000] {dag.py:3834} INFO - Setting next_dagrun for example_branch_dop_operator_v3 to 2024-04-24 21:18:00+00:00, run_after=2024-04-24 21:19:00+00:00
[2024-04-24T21:19:45.284+0000] {processor.py:183} INFO - Processing /home/airflow/.local/lib/python3.10/site-packages/airflow/example_dags/example_branch_python_dop_operator_3.py took 0.095 seconds
[2024-04-24T21:20:16.152+0000] {processor.py:161} INFO - Started process (PID=692) to work on /home/airflow/.local/lib/python3.10/site-packages/airflow/example_dags/example_branch_python_dop_operator_3.py
[2024-04-24T21:20:16.156+0000] {processor.py:830} INFO - Processing file /home/airflow/.local/lib/python3.10/site-packages/airflow/example_dags/example_branch_python_dop_operator_3.py for tasks to queue
[2024-04-24T21:20:16.164+0000] {logging_mixin.py:188} INFO - [2024-04-24T21:20:16.163+0000] {dagbag.py:540} INFO - Filling up the DagBag from /home/airflow/.local/lib/python3.10/site-packages/airflow/example_dags/example_branch_python_dop_operator_3.py
[2024-04-24T21:20:16.189+0000] {processor.py:840} INFO - DAG(s) 'example_branch_dop_operator_v3' retrieved from /home/airflow/.local/lib/python3.10/site-packages/airflow/example_dags/example_branch_python_dop_operator_3.py
[2024-04-24T21:20:16.228+0000] {logging_mixin.py:188} INFO - [2024-04-24T21:20:16.228+0000] {dag.py:3047} INFO - Sync 1 DAGs
[2024-04-24T21:20:16.255+0000] {logging_mixin.py:188} INFO - [2024-04-24T21:20:16.255+0000] {dag.py:3834} INFO - Setting next_dagrun for example_branch_dop_operator_v3 to 2024-04-24 21:19:00+00:00, run_after=2024-04-24 21:20:00+00:00
[2024-04-24T21:20:16.274+0000] {processor.py:183} INFO - Processing /home/airflow/.local/lib/python3.10/site-packages/airflow/example_dags/example_branch_python_dop_operator_3.py took 0.128 seconds
[2024-04-24T21:20:47.189+0000] {processor.py:161} INFO - Started process (PID=748) to work on /home/airflow/.local/lib/python3.10/site-packages/airflow/example_dags/example_branch_python_dop_operator_3.py
[2024-04-24T21:20:47.190+0000] {processor.py:830} INFO - Processing file /home/airflow/.local/lib/python3.10/site-packages/airflow/example_dags/example_branch_python_dop_operator_3.py for tasks to queue
[2024-04-24T21:20:47.192+0000] {logging_mixin.py:188} INFO - [2024-04-24T21:20:47.192+0000] {dagbag.py:540} INFO - Filling up the DagBag from /home/airflow/.local/lib/python3.10/site-packages/airflow/example_dags/example_branch_python_dop_operator_3.py
[2024-04-24T21:20:47.201+0000] {processor.py:840} INFO - DAG(s) 'example_branch_dop_operator_v3' retrieved from /home/airflow/.local/lib/python3.10/site-packages/airflow/example_dags/example_branch_python_dop_operator_3.py
[2024-04-24T21:20:47.221+0000] {logging_mixin.py:188} INFO - [2024-04-24T21:20:47.221+0000] {dag.py:3047} INFO - Sync 1 DAGs
[2024-04-24T21:20:47.249+0000] {logging_mixin.py:188} INFO - [2024-04-24T21:20:47.248+0000] {dag.py:3834} INFO - Setting next_dagrun for example_branch_dop_operator_v3 to 2024-04-24 21:19:00+00:00, run_after=2024-04-24 21:20:00+00:00
[2024-04-24T21:20:47.271+0000] {processor.py:183} INFO - Processing /home/airflow/.local/lib/python3.10/site-packages/airflow/example_dags/example_branch_python_dop_operator_3.py took 0.086 seconds
[2024-04-24T21:21:17.965+0000] {processor.py:161} INFO - Started process (PID=804) to work on /home/airflow/.local/lib/python3.10/site-packages/airflow/example_dags/example_branch_python_dop_operator_3.py
[2024-04-24T21:21:17.966+0000] {processor.py:830} INFO - Processing file /home/airflow/.local/lib/python3.10/site-packages/airflow/example_dags/example_branch_python_dop_operator_3.py for tasks to queue
[2024-04-24T21:21:17.968+0000] {logging_mixin.py:188} INFO - [2024-04-24T21:21:17.968+0000] {dagbag.py:540} INFO - Filling up the DagBag from /home/airflow/.local/lib/python3.10/site-packages/airflow/example_dags/example_branch_python_dop_operator_3.py
[2024-04-24T21:21:17.977+0000] {processor.py:840} INFO - DAG(s) 'example_branch_dop_operator_v3' retrieved from /home/airflow/.local/lib/python3.10/site-packages/airflow/example_dags/example_branch_python_dop_operator_3.py
[2024-04-24T21:21:17.997+0000] {logging_mixin.py:188} INFO - [2024-04-24T21:21:17.997+0000] {dag.py:3047} INFO - Sync 1 DAGs
[2024-04-24T21:21:18.023+0000] {logging_mixin.py:188} INFO - [2024-04-24T21:21:18.022+0000] {dag.py:3834} INFO - Setting next_dagrun for example_branch_dop_operator_v3 to 2024-04-24 21:20:00+00:00, run_after=2024-04-24 21:21:00+00:00
[2024-04-24T21:21:18.042+0000] {processor.py:183} INFO - Processing /home/airflow/.local/lib/python3.10/site-packages/airflow/example_dags/example_branch_python_dop_operator_3.py took 0.080 seconds
[2024-04-24T21:21:48.099+0000] {processor.py:161} INFO - Started process (PID=859) to work on /home/airflow/.local/lib/python3.10/site-packages/airflow/example_dags/example_branch_python_dop_operator_3.py
[2024-04-24T21:21:48.100+0000] {processor.py:830} INFO - Processing file /home/airflow/.local/lib/python3.10/site-packages/airflow/example_dags/example_branch_python_dop_operator_3.py for tasks to queue
[2024-04-24T21:21:48.102+0000] {logging_mixin.py:188} INFO - [2024-04-24T21:21:48.102+0000] {dagbag.py:540} INFO - Filling up the DagBag from /home/airflow/.local/lib/python3.10/site-packages/airflow/example_dags/example_branch_python_dop_operator_3.py
[2024-04-24T21:21:48.110+0000] {processor.py:840} INFO - DAG(s) 'example_branch_dop_operator_v3' retrieved from /home/airflow/.local/lib/python3.10/site-packages/airflow/example_dags/example_branch_python_dop_operator_3.py
[2024-04-24T21:21:48.130+0000] {logging_mixin.py:188} INFO - [2024-04-24T21:21:48.130+0000] {dag.py:3047} INFO - Sync 1 DAGs
[2024-04-24T21:21:48.152+0000] {logging_mixin.py:188} INFO - [2024-04-24T21:21:48.152+0000] {dag.py:3834} INFO - Setting next_dagrun for example_branch_dop_operator_v3 to 2024-04-24 21:20:00+00:00, run_after=2024-04-24 21:21:00+00:00
[2024-04-24T21:21:48.171+0000] {processor.py:183} INFO - Processing /home/airflow/.local/lib/python3.10/site-packages/airflow/example_dags/example_branch_python_dop_operator_3.py took 0.074 seconds
[2024-04-24T21:22:18.364+0000] {processor.py:161} INFO - Started process (PID=915) to work on /home/airflow/.local/lib/python3.10/site-packages/airflow/example_dags/example_branch_python_dop_operator_3.py
[2024-04-24T21:22:18.365+0000] {processor.py:830} INFO - Processing file /home/airflow/.local/lib/python3.10/site-packages/airflow/example_dags/example_branch_python_dop_operator_3.py for tasks to queue
[2024-04-24T21:22:18.367+0000] {logging_mixin.py:188} INFO - [2024-04-24T21:22:18.367+0000] {dagbag.py:540} INFO - Filling up the DagBag from /home/airflow/.local/lib/python3.10/site-packages/airflow/example_dags/example_branch_python_dop_operator_3.py
[2024-04-24T21:22:18.376+0000] {processor.py:840} INFO - DAG(s) 'example_branch_dop_operator_v3' retrieved from /home/airflow/.local/lib/python3.10/site-packages/airflow/example_dags/example_branch_python_dop_operator_3.py
[2024-04-24T21:22:18.395+0000] {logging_mixin.py:188} INFO - [2024-04-24T21:22:18.395+0000] {dag.py:3047} INFO - Sync 1 DAGs
[2024-04-24T21:22:18.418+0000] {logging_mixin.py:188} INFO - [2024-04-24T21:22:18.418+0000] {dag.py:3834} INFO - Setting next_dagrun for example_branch_dop_operator_v3 to 2024-04-24 21:21:00+00:00, run_after=2024-04-24 21:22:00+00:00
[2024-04-24T21:22:18.437+0000] {processor.py:183} INFO - Processing /home/airflow/.local/lib/python3.10/site-packages/airflow/example_dags/example_branch_python_dop_operator_3.py took 0.076 seconds
[2024-04-24T21:22:48.603+0000] {processor.py:161} INFO - Started process (PID=971) to work on /home/airflow/.local/lib/python3.10/site-packages/airflow/example_dags/example_branch_python_dop_operator_3.py
[2024-04-24T21:22:48.604+0000] {processor.py:830} INFO - Processing file /home/airflow/.local/lib/python3.10/site-packages/airflow/example_dags/example_branch_python_dop_operator_3.py for tasks to queue
[2024-04-24T21:22:48.607+0000] {logging_mixin.py:188} INFO - [2024-04-24T21:22:48.606+0000] {dagbag.py:540} INFO - Filling up the DagBag from /home/airflow/.local/lib/python3.10/site-packages/airflow/example_dags/example_branch_python_dop_operator_3.py
[2024-04-24T21:22:48.615+0000] {processor.py:840} INFO - DAG(s) 'example_branch_dop_operator_v3' retrieved from /home/airflow/.local/lib/python3.10/site-packages/airflow/example_dags/example_branch_python_dop_operator_3.py
[2024-04-24T21:22:48.635+0000] {logging_mixin.py:188} INFO - [2024-04-24T21:22:48.635+0000] {dag.py:3047} INFO - Sync 1 DAGs
[2024-04-24T21:22:48.658+0000] {logging_mixin.py:188} INFO - [2024-04-24T21:22:48.658+0000] {dag.py:3834} INFO - Setting next_dagrun for example_branch_dop_operator_v3 to 2024-04-24 21:21:00+00:00, run_after=2024-04-24 21:22:00+00:00
[2024-04-24T21:22:48.676+0000] {processor.py:183} INFO - Processing /home/airflow/.local/lib/python3.10/site-packages/airflow/example_dags/example_branch_python_dop_operator_3.py took 0.076 seconds
[2024-04-24T21:23:18.907+0000] {processor.py:161} INFO - Started process (PID=1026) to work on /home/airflow/.local/lib/python3.10/site-packages/airflow/example_dags/example_branch_python_dop_operator_3.py
[2024-04-24T21:23:18.908+0000] {processor.py:830} INFO - Processing file /home/airflow/.local/lib/python3.10/site-packages/airflow/example_dags/example_branch_python_dop_operator_3.py for tasks to queue
[2024-04-24T21:23:18.911+0000] {logging_mixin.py:188} INFO - [2024-04-24T21:23:18.910+0000] {dagbag.py:540} INFO - Filling up the DagBag from /home/airflow/.local/lib/python3.10/site-packages/airflow/example_dags/example_branch_python_dop_operator_3.py
[2024-04-24T21:23:18.920+0000] {processor.py:840} INFO - DAG(s) 'example_branch_dop_operator_v3' retrieved from /home/airflow/.local/lib/python3.10/site-packages/airflow/example_dags/example_branch_python_dop_operator_3.py
[2024-04-24T21:23:18.941+0000] {logging_mixin.py:188} INFO - [2024-04-24T21:23:18.941+0000] {dag.py:3047} INFO - Sync 1 DAGs
[2024-04-24T21:23:18.964+0000] {logging_mixin.py:188} INFO - [2024-04-24T21:23:18.964+0000] {dag.py:3834} INFO - Setting next_dagrun for example_branch_dop_operator_v3 to 2024-04-24 21:22:00+00:00, run_after=2024-04-24 21:23:00+00:00
[2024-04-24T21:23:18.984+0000] {processor.py:183} INFO - Processing /home/airflow/.local/lib/python3.10/site-packages/airflow/example_dags/example_branch_python_dop_operator_3.py took 0.081 seconds
[2024-04-24T21:23:49.278+0000] {processor.py:161} INFO - Started process (PID=1081) to work on /home/airflow/.local/lib/python3.10/site-packages/airflow/example_dags/example_branch_python_dop_operator_3.py
[2024-04-24T21:23:49.279+0000] {processor.py:830} INFO - Processing file /home/airflow/.local/lib/python3.10/site-packages/airflow/example_dags/example_branch_python_dop_operator_3.py for tasks to queue
[2024-04-24T21:23:49.281+0000] {logging_mixin.py:188} INFO - [2024-04-24T21:23:49.281+0000] {dagbag.py:540} INFO - Filling up the DagBag from /home/airflow/.local/lib/python3.10/site-packages/airflow/example_dags/example_branch_python_dop_operator_3.py
[2024-04-24T21:23:49.290+0000] {processor.py:840} INFO - DAG(s) 'example_branch_dop_operator_v3' retrieved from /home/airflow/.local/lib/python3.10/site-packages/airflow/example_dags/example_branch_python_dop_operator_3.py
[2024-04-24T21:23:49.313+0000] {logging_mixin.py:188} INFO - [2024-04-24T21:23:49.312+0000] {dag.py:3047} INFO - Sync 1 DAGs
[2024-04-24T21:23:49.338+0000] {logging_mixin.py:188} INFO - [2024-04-24T21:23:49.338+0000] {dag.py:3834} INFO - Setting next_dagrun for example_branch_dop_operator_v3 to 2024-04-24 21:22:00+00:00, run_after=2024-04-24 21:23:00+00:00
[2024-04-24T21:23:49.363+0000] {processor.py:183} INFO - Processing /home/airflow/.local/lib/python3.10/site-packages/airflow/example_dags/example_branch_python_dop_operator_3.py took 0.088 seconds
[2024-04-24T21:24:19.762+0000] {processor.py:161} INFO - Started process (PID=1136) to work on /home/airflow/.local/lib/python3.10/site-packages/airflow/example_dags/example_branch_python_dop_operator_3.py
[2024-04-24T21:24:19.763+0000] {processor.py:830} INFO - Processing file /home/airflow/.local/lib/python3.10/site-packages/airflow/example_dags/example_branch_python_dop_operator_3.py for tasks to queue
[2024-04-24T21:24:19.765+0000] {logging_mixin.py:188} INFO - [2024-04-24T21:24:19.764+0000] {dagbag.py:540} INFO - Filling up the DagBag from /home/airflow/.local/lib/python3.10/site-packages/airflow/example_dags/example_branch_python_dop_operator_3.py
[2024-04-24T21:24:19.773+0000] {processor.py:840} INFO - DAG(s) 'example_branch_dop_operator_v3' retrieved from /home/airflow/.local/lib/python3.10/site-packages/airflow/example_dags/example_branch_python_dop_operator_3.py
[2024-04-24T21:24:19.793+0000] {logging_mixin.py:188} INFO - [2024-04-24T21:24:19.792+0000] {dag.py:3047} INFO - Sync 1 DAGs
[2024-04-24T21:24:19.815+0000] {logging_mixin.py:188} INFO - [2024-04-24T21:24:19.815+0000] {dag.py:3834} INFO - Setting next_dagrun for example_branch_dop_operator_v3 to 2024-04-24 21:23:00+00:00, run_after=2024-04-24 21:24:00+00:00
[2024-04-24T21:24:19.834+0000] {processor.py:183} INFO - Processing /home/airflow/.local/lib/python3.10/site-packages/airflow/example_dags/example_branch_python_dop_operator_3.py took 0.075 seconds
[2024-04-24T21:24:50.043+0000] {processor.py:161} INFO - Started process (PID=1192) to work on /home/airflow/.local/lib/python3.10/site-packages/airflow/example_dags/example_branch_python_dop_operator_3.py
[2024-04-24T21:24:50.045+0000] {processor.py:830} INFO - Processing file /home/airflow/.local/lib/python3.10/site-packages/airflow/example_dags/example_branch_python_dop_operator_3.py for tasks to queue
[2024-04-24T21:24:50.047+0000] {logging_mixin.py:188} INFO - [2024-04-24T21:24:50.046+0000] {dagbag.py:540} INFO - Filling up the DagBag from /home/airflow/.local/lib/python3.10/site-packages/airflow/example_dags/example_branch_python_dop_operator_3.py
[2024-04-24T21:24:50.055+0000] {processor.py:840} INFO - DAG(s) 'example_branch_dop_operator_v3' retrieved from /home/airflow/.local/lib/python3.10/site-packages/airflow/example_dags/example_branch_python_dop_operator_3.py
[2024-04-24T21:24:50.075+0000] {logging_mixin.py:188} INFO - [2024-04-24T21:24:50.074+0000] {dag.py:3047} INFO - Sync 1 DAGs
[2024-04-24T21:24:50.096+0000] {logging_mixin.py:188} INFO - [2024-04-24T21:24:50.096+0000] {dag.py:3834} INFO - Setting next_dagrun for example_branch_dop_operator_v3 to 2024-04-24 21:23:00+00:00, run_after=2024-04-24 21:24:00+00:00
[2024-04-24T21:24:50.115+0000] {processor.py:183} INFO - Processing /home/airflow/.local/lib/python3.10/site-packages/airflow/example_dags/example_branch_python_dop_operator_3.py took 0.075 seconds
[2024-04-24T21:25:20.522+0000] {processor.py:161} INFO - Started process (PID=1247) to work on /home/airflow/.local/lib/python3.10/site-packages/airflow/example_dags/example_branch_python_dop_operator_3.py
[2024-04-24T21:25:20.523+0000] {processor.py:830} INFO - Processing file /home/airflow/.local/lib/python3.10/site-packages/airflow/example_dags/example_branch_python_dop_operator_3.py for tasks to queue
[2024-04-24T21:25:20.525+0000] {logging_mixin.py:188} INFO - [2024-04-24T21:25:20.525+0000] {dagbag.py:540} INFO - Filling up the DagBag from /home/airflow/.local/lib/python3.10/site-packages/airflow/example_dags/example_branch_python_dop_operator_3.py
[2024-04-24T21:25:20.534+0000] {processor.py:840} INFO - DAG(s) 'example_branch_dop_operator_v3' retrieved from /home/airflow/.local/lib/python3.10/site-packages/airflow/example_dags/example_branch_python_dop_operator_3.py
[2024-04-24T21:25:20.554+0000] {logging_mixin.py:188} INFO - [2024-04-24T21:25:20.554+0000] {dag.py:3047} INFO - Sync 1 DAGs
[2024-04-24T21:25:20.578+0000] {logging_mixin.py:188} INFO - [2024-04-24T21:25:20.578+0000] {dag.py:3834} INFO - Setting next_dagrun for example_branch_dop_operator_v3 to 2024-04-24 21:24:00+00:00, run_after=2024-04-24 21:25:00+00:00
[2024-04-24T21:25:20.599+0000] {processor.py:183} INFO - Processing /home/airflow/.local/lib/python3.10/site-packages/airflow/example_dags/example_branch_python_dop_operator_3.py took 0.080 seconds
[2024-04-24T21:25:51.132+0000] {processor.py:161} INFO - Started process (PID=1303) to work on /home/airflow/.local/lib/python3.10/site-packages/airflow/example_dags/example_branch_python_dop_operator_3.py
[2024-04-24T21:25:51.133+0000] {processor.py:830} INFO - Processing file /home/airflow/.local/lib/python3.10/site-packages/airflow/example_dags/example_branch_python_dop_operator_3.py for tasks to queue
[2024-04-24T21:25:51.135+0000] {logging_mixin.py:188} INFO - [2024-04-24T21:25:51.135+0000] {dagbag.py:540} INFO - Filling up the DagBag from /home/airflow/.local/lib/python3.10/site-packages/airflow/example_dags/example_branch_python_dop_operator_3.py
[2024-04-24T21:25:51.144+0000] {processor.py:840} INFO - DAG(s) 'example_branch_dop_operator_v3' retrieved from /home/airflow/.local/lib/python3.10/site-packages/airflow/example_dags/example_branch_python_dop_operator_3.py
[2024-04-24T21:25:51.165+0000] {logging_mixin.py:188} INFO - [2024-04-24T21:25:51.164+0000] {dag.py:3047} INFO - Sync 1 DAGs
[2024-04-24T21:25:51.189+0000] {logging_mixin.py:188} INFO - [2024-04-24T21:25:51.189+0000] {dag.py:3834} INFO - Setting next_dagrun for example_branch_dop_operator_v3 to 2024-04-24 21:24:00+00:00, run_after=2024-04-24 21:25:00+00:00
[2024-04-24T21:25:51.209+0000] {processor.py:183} INFO - Processing /home/airflow/.local/lib/python3.10/site-packages/airflow/example_dags/example_branch_python_dop_operator_3.py took 0.079 seconds
[2024-04-24T21:26:21.694+0000] {processor.py:161} INFO - Started process (PID=1358) to work on /home/airflow/.local/lib/python3.10/site-packages/airflow/example_dags/example_branch_python_dop_operator_3.py
[2024-04-24T21:26:21.696+0000] {processor.py:830} INFO - Processing file /home/airflow/.local/lib/python3.10/site-packages/airflow/example_dags/example_branch_python_dop_operator_3.py for tasks to queue
[2024-04-24T21:26:21.697+0000] {logging_mixin.py:188} INFO - [2024-04-24T21:26:21.697+0000] {dagbag.py:540} INFO - Filling up the DagBag from /home/airflow/.local/lib/python3.10/site-packages/airflow/example_dags/example_branch_python_dop_operator_3.py
[2024-04-24T21:26:21.705+0000] {processor.py:840} INFO - DAG(s) 'example_branch_dop_operator_v3' retrieved from /home/airflow/.local/lib/python3.10/site-packages/airflow/example_dags/example_branch_python_dop_operator_3.py
[2024-04-24T21:26:21.726+0000] {logging_mixin.py:188} INFO - [2024-04-24T21:26:21.726+0000] {dag.py:3047} INFO - Sync 1 DAGs
[2024-04-24T21:26:21.748+0000] {logging_mixin.py:188} INFO - [2024-04-24T21:26:21.748+0000] {dag.py:3834} INFO - Setting next_dagrun for example_branch_dop_operator_v3 to 2024-04-24 21:25:00+00:00, run_after=2024-04-24 21:26:00+00:00
[2024-04-24T21:26:21.883+0000] {processor.py:183} INFO - Processing /home/airflow/.local/lib/python3.10/site-packages/airflow/example_dags/example_branch_python_dop_operator_3.py took 0.192 seconds
[2024-04-24T21:26:52.066+0000] {processor.py:161} INFO - Started process (PID=1413) to work on /home/airflow/.local/lib/python3.10/site-packages/airflow/example_dags/example_branch_python_dop_operator_3.py
[2024-04-24T21:26:52.067+0000] {processor.py:830} INFO - Processing file /home/airflow/.local/lib/python3.10/site-packages/airflow/example_dags/example_branch_python_dop_operator_3.py for tasks to queue
[2024-04-24T21:26:52.069+0000] {logging_mixin.py:188} INFO - [2024-04-24T21:26:52.069+0000] {dagbag.py:540} INFO - Filling up the DagBag from /home/airflow/.local/lib/python3.10/site-packages/airflow/example_dags/example_branch_python_dop_operator_3.py
[2024-04-24T21:26:52.077+0000] {processor.py:840} INFO - DAG(s) 'example_branch_dop_operator_v3' retrieved from /home/airflow/.local/lib/python3.10/site-packages/airflow/example_dags/example_branch_python_dop_operator_3.py
[2024-04-24T21:26:52.096+0000] {logging_mixin.py:188} INFO - [2024-04-24T21:26:52.096+0000] {dag.py:3047} INFO - Sync 1 DAGs
[2024-04-24T21:26:52.120+0000] {logging_mixin.py:188} INFO - [2024-04-24T21:26:52.120+0000] {dag.py:3834} INFO - Setting next_dagrun for example_branch_dop_operator_v3 to 2024-04-24 21:25:00+00:00, run_after=2024-04-24 21:26:00+00:00
[2024-04-24T21:26:52.138+0000] {processor.py:183} INFO - Processing /home/airflow/.local/lib/python3.10/site-packages/airflow/example_dags/example_branch_python_dop_operator_3.py took 0.076 seconds
[2024-04-24T21:27:22.717+0000] {processor.py:161} INFO - Started process (PID=1468) to work on /home/airflow/.local/lib/python3.10/site-packages/airflow/example_dags/example_branch_python_dop_operator_3.py
[2024-04-24T21:27:22.719+0000] {processor.py:830} INFO - Processing file /home/airflow/.local/lib/python3.10/site-packages/airflow/example_dags/example_branch_python_dop_operator_3.py for tasks to queue
[2024-04-24T21:27:22.721+0000] {logging_mixin.py:188} INFO - [2024-04-24T21:27:22.720+0000] {dagbag.py:540} INFO - Filling up the DagBag from /home/airflow/.local/lib/python3.10/site-packages/airflow/example_dags/example_branch_python_dop_operator_3.py
[2024-04-24T21:27:22.729+0000] {processor.py:840} INFO - DAG(s) 'example_branch_dop_operator_v3' retrieved from /home/airflow/.local/lib/python3.10/site-packages/airflow/example_dags/example_branch_python_dop_operator_3.py
[2024-04-24T21:27:22.752+0000] {logging_mixin.py:188} INFO - [2024-04-24T21:27:22.751+0000] {dag.py:3047} INFO - Sync 1 DAGs
[2024-04-24T21:27:22.775+0000] {logging_mixin.py:188} INFO - [2024-04-24T21:27:22.775+0000] {dag.py:3834} INFO - Setting next_dagrun for example_branch_dop_operator_v3 to 2024-04-24 21:26:00+00:00, run_after=2024-04-24 21:27:00+00:00
[2024-04-24T21:27:22.795+0000] {processor.py:183} INFO - Processing /home/airflow/.local/lib/python3.10/site-packages/airflow/example_dags/example_branch_python_dop_operator_3.py took 0.081 seconds
[2024-04-24T21:27:53.288+0000] {processor.py:161} INFO - Started process (PID=1524) to work on /home/airflow/.local/lib/python3.10/site-packages/airflow/example_dags/example_branch_python_dop_operator_3.py
[2024-04-24T21:27:53.289+0000] {processor.py:830} INFO - Processing file /home/airflow/.local/lib/python3.10/site-packages/airflow/example_dags/example_branch_python_dop_operator_3.py for tasks to queue
[2024-04-24T21:27:53.292+0000] {logging_mixin.py:188} INFO - [2024-04-24T21:27:53.292+0000] {dagbag.py:540} INFO - Filling up the DagBag from /home/airflow/.local/lib/python3.10/site-packages/airflow/example_dags/example_branch_python_dop_operator_3.py
[2024-04-24T21:27:53.301+0000] {processor.py:840} INFO - DAG(s) 'example_branch_dop_operator_v3' retrieved from /home/airflow/.local/lib/python3.10/site-packages/airflow/example_dags/example_branch_python_dop_operator_3.py
[2024-04-24T21:27:53.328+0000] {logging_mixin.py:188} INFO - [2024-04-24T21:27:53.328+0000] {dag.py:3047} INFO - Sync 1 DAGs
[2024-04-24T21:27:53.350+0000] {logging_mixin.py:188} INFO - [2024-04-24T21:27:53.350+0000] {dag.py:3834} INFO - Setting next_dagrun for example_branch_dop_operator_v3 to 2024-04-24 21:26:00+00:00, run_after=2024-04-24 21:27:00+00:00
[2024-04-24T21:27:53.368+0000] {processor.py:183} INFO - Processing /home/airflow/.local/lib/python3.10/site-packages/airflow/example_dags/example_branch_python_dop_operator_3.py took 0.084 seconds
[2024-04-24T21:28:24.154+0000] {processor.py:161} INFO - Started process (PID=1579) to work on /home/airflow/.local/lib/python3.10/site-packages/airflow/example_dags/example_branch_python_dop_operator_3.py
[2024-04-24T21:28:24.155+0000] {processor.py:830} INFO - Processing file /home/airflow/.local/lib/python3.10/site-packages/airflow/example_dags/example_branch_python_dop_operator_3.py for tasks to queue
[2024-04-24T21:28:24.157+0000] {logging_mixin.py:188} INFO - [2024-04-24T21:28:24.157+0000] {dagbag.py:540} INFO - Filling up the DagBag from /home/airflow/.local/lib/python3.10/site-packages/airflow/example_dags/example_branch_python_dop_operator_3.py
[2024-04-24T21:28:24.165+0000] {processor.py:840} INFO - DAG(s) 'example_branch_dop_operator_v3' retrieved from /home/airflow/.local/lib/python3.10/site-packages/airflow/example_dags/example_branch_python_dop_operator_3.py
[2024-04-24T21:28:24.185+0000] {logging_mixin.py:188} INFO - [2024-04-24T21:28:24.184+0000] {dag.py:3047} INFO - Sync 1 DAGs
[2024-04-24T21:28:24.315+0000] {logging_mixin.py:188} INFO - [2024-04-24T21:28:24.315+0000] {dag.py:3834} INFO - Setting next_dagrun for example_branch_dop_operator_v3 to 2024-04-24 21:27:00+00:00, run_after=2024-04-24 21:28:00+00:00
[2024-04-24T21:28:24.331+0000] {processor.py:183} INFO - Processing /home/airflow/.local/lib/python3.10/site-packages/airflow/example_dags/example_branch_python_dop_operator_3.py took 0.181 seconds
[2024-04-24T21:28:54.467+0000] {processor.py:161} INFO - Started process (PID=1634) to work on /home/airflow/.local/lib/python3.10/site-packages/airflow/example_dags/example_branch_python_dop_operator_3.py
[2024-04-24T21:28:54.468+0000] {processor.py:830} INFO - Processing file /home/airflow/.local/lib/python3.10/site-packages/airflow/example_dags/example_branch_python_dop_operator_3.py for tasks to queue
[2024-04-24T21:28:54.470+0000] {logging_mixin.py:188} INFO - [2024-04-24T21:28:54.470+0000] {dagbag.py:540} INFO - Filling up the DagBag from /home/airflow/.local/lib/python3.10/site-packages/airflow/example_dags/example_branch_python_dop_operator_3.py
[2024-04-24T21:28:54.482+0000] {processor.py:840} INFO - DAG(s) 'example_branch_dop_operator_v3' retrieved from /home/airflow/.local/lib/python3.10/site-packages/airflow/example_dags/example_branch_python_dop_operator_3.py
[2024-04-24T21:28:54.504+0000] {logging_mixin.py:188} INFO - [2024-04-24T21:28:54.504+0000] {dag.py:3047} INFO - Sync 1 DAGs
[2024-04-24T21:28:54.532+0000] {logging_mixin.py:188} INFO - [2024-04-24T21:28:54.531+0000] {dag.py:3834} INFO - Setting next_dagrun for example_branch_dop_operator_v3 to 2024-04-24 21:27:00+00:00, run_after=2024-04-24 21:28:00+00:00
[2024-04-24T21:28:54.553+0000] {processor.py:183} INFO - Processing /home/airflow/.local/lib/python3.10/site-packages/airflow/example_dags/example_branch_python_dop_operator_3.py took 0.089 seconds
[2024-04-24T21:29:25.150+0000] {processor.py:161} INFO - Started process (PID=1690) to work on /home/airflow/.local/lib/python3.10/site-packages/airflow/example_dags/example_branch_python_dop_operator_3.py
[2024-04-24T21:29:25.152+0000] {processor.py:830} INFO - Processing file /home/airflow/.local/lib/python3.10/site-packages/airflow/example_dags/example_branch_python_dop_operator_3.py for tasks to queue
[2024-04-24T21:29:25.153+0000] {logging_mixin.py:188} INFO - [2024-04-24T21:29:25.153+0000] {dagbag.py:540} INFO - Filling up the DagBag from /home/airflow/.local/lib/python3.10/site-packages/airflow/example_dags/example_branch_python_dop_operator_3.py
[2024-04-24T21:29:25.162+0000] {processor.py:840} INFO - DAG(s) 'example_branch_dop_operator_v3' retrieved from /home/airflow/.local/lib/python3.10/site-packages/airflow/example_dags/example_branch_python_dop_operator_3.py
[2024-04-24T21:29:25.181+0000] {logging_mixin.py:188} INFO - [2024-04-24T21:29:25.180+0000] {dag.py:3047} INFO - Sync 1 DAGs
[2024-04-24T21:29:25.202+0000] {logging_mixin.py:188} INFO - [2024-04-24T21:29:25.202+0000] {dag.py:3834} INFO - Setting next_dagrun for example_branch_dop_operator_v3 to 2024-04-24 21:28:00+00:00, run_after=2024-04-24 21:29:00+00:00
[2024-04-24T21:29:25.221+0000] {processor.py:183} INFO - Processing /home/airflow/.local/lib/python3.10/site-packages/airflow/example_dags/example_branch_python_dop_operator_3.py took 0.074 seconds
[2024-04-24T21:29:55.867+0000] {processor.py:161} INFO - Started process (PID=1745) to work on /home/airflow/.local/lib/python3.10/site-packages/airflow/example_dags/example_branch_python_dop_operator_3.py
[2024-04-24T21:29:55.868+0000] {processor.py:830} INFO - Processing file /home/airflow/.local/lib/python3.10/site-packages/airflow/example_dags/example_branch_python_dop_operator_3.py for tasks to queue
[2024-04-24T21:29:55.870+0000] {logging_mixin.py:188} INFO - [2024-04-24T21:29:55.869+0000] {dagbag.py:540} INFO - Filling up the DagBag from /home/airflow/.local/lib/python3.10/site-packages/airflow/example_dags/example_branch_python_dop_operator_3.py
[2024-04-24T21:29:55.990+0000] {processor.py:840} INFO - DAG(s) 'example_branch_dop_operator_v3' retrieved from /home/airflow/.local/lib/python3.10/site-packages/airflow/example_dags/example_branch_python_dop_operator_3.py
[2024-04-24T21:29:56.007+0000] {logging_mixin.py:188} INFO - [2024-04-24T21:29:56.007+0000] {dag.py:3047} INFO - Sync 1 DAGs
[2024-04-24T21:29:56.026+0000] {logging_mixin.py:188} INFO - [2024-04-24T21:29:56.026+0000] {dag.py:3834} INFO - Setting next_dagrun for example_branch_dop_operator_v3 to 2024-04-24 21:28:00+00:00, run_after=2024-04-24 21:29:00+00:00
[2024-04-24T21:29:56.044+0000] {processor.py:183} INFO - Processing /home/airflow/.local/lib/python3.10/site-packages/airflow/example_dags/example_branch_python_dop_operator_3.py took 0.181 seconds
[2024-04-24T21:30:26.207+0000] {processor.py:161} INFO - Started process (PID=1801) to work on /home/airflow/.local/lib/python3.10/site-packages/airflow/example_dags/example_branch_python_dop_operator_3.py
[2024-04-24T21:30:26.209+0000] {processor.py:830} INFO - Processing file /home/airflow/.local/lib/python3.10/site-packages/airflow/example_dags/example_branch_python_dop_operator_3.py for tasks to queue
[2024-04-24T21:30:26.211+0000] {logging_mixin.py:188} INFO - [2024-04-24T21:30:26.211+0000] {dagbag.py:540} INFO - Filling up the DagBag from /home/airflow/.local/lib/python3.10/site-packages/airflow/example_dags/example_branch_python_dop_operator_3.py
[2024-04-24T21:30:26.220+0000] {processor.py:840} INFO - DAG(s) 'example_branch_dop_operator_v3' retrieved from /home/airflow/.local/lib/python3.10/site-packages/airflow/example_dags/example_branch_python_dop_operator_3.py
[2024-04-24T21:30:26.240+0000] {logging_mixin.py:188} INFO - [2024-04-24T21:30:26.239+0000] {dag.py:3047} INFO - Sync 1 DAGs
[2024-04-24T21:30:26.264+0000] {logging_mixin.py:188} INFO - [2024-04-24T21:30:26.264+0000] {dag.py:3834} INFO - Setting next_dagrun for example_branch_dop_operator_v3 to 2024-04-24 21:29:00+00:00, run_after=2024-04-24 21:30:00+00:00
[2024-04-24T21:30:26.282+0000] {processor.py:183} INFO - Processing /home/airflow/.local/lib/python3.10/site-packages/airflow/example_dags/example_branch_python_dop_operator_3.py took 0.079 seconds
