[2024-04-24T21:14:30.341+0000] {processor.py:161} INFO - Started process (PID=76) to work on /home/airflow/.local/lib/python3.10/site-packages/airflow/example_dags/example_nested_branch_dag.py
[2024-04-24T21:14:30.344+0000] {processor.py:830} INFO - Processing file /home/airflow/.local/lib/python3.10/site-packages/airflow/example_dags/example_nested_branch_dag.py for tasks to queue
[2024-04-24T21:14:30.347+0000] {logging_mixin.py:188} INFO - [2024-04-24T21:14:30.347+0000] {dagbag.py:540} INFO - Filling up the DagBag from /home/airflow/.local/lib/python3.10/site-packages/airflow/example_dags/example_nested_branch_dag.py
[2024-04-24T21:14:30.372+0000] {processor.py:840} INFO - DAG(s) 'example_nested_branch_dag' retrieved from /home/airflow/.local/lib/python3.10/site-packages/airflow/example_dags/example_nested_branch_dag.py
[2024-04-24T21:14:30.583+0000] {logging_mixin.py:188} INFO - [2024-04-24T21:14:30.579+0000] {override.py:1769} INFO - Created Permission View: can edit on DAG:example_nested_branch_dag
[2024-04-24T21:14:30.608+0000] {logging_mixin.py:188} INFO - [2024-04-24T21:14:30.607+0000] {override.py:1769} INFO - Created Permission View: can read on DAG:example_nested_branch_dag
[2024-04-24T21:14:30.626+0000] {logging_mixin.py:188} INFO - [2024-04-24T21:14:30.626+0000] {override.py:1769} INFO - Created Permission View: can delete on DAG:example_nested_branch_dag
[2024-04-24T21:14:30.628+0000] {logging_mixin.py:188} INFO - [2024-04-24T21:14:30.627+0000] {dag.py:3047} INFO - Sync 1 DAGs
[2024-04-24T21:14:30.653+0000] {logging_mixin.py:188} INFO - [2024-04-24T21:14:30.652+0000] {dag.py:3069} INFO - Creating ORM DAG for example_nested_branch_dag
[2024-04-24T21:14:30.685+0000] {logging_mixin.py:188} INFO - [2024-04-24T21:14:30.684+0000] {dag.py:3834} INFO - Setting next_dagrun for example_nested_branch_dag to 2024-04-23 00:00:00+00:00, run_after=2024-04-24 00:00:00+00:00
[2024-04-24T21:14:30.757+0000] {processor.py:183} INFO - Processing /home/airflow/.local/lib/python3.10/site-packages/airflow/example_dags/example_nested_branch_dag.py took 0.422 seconds
[2024-04-24T21:15:06.040+0000] {processor.py:161} INFO - Started process (PID=131) to work on /home/airflow/.local/lib/python3.10/site-packages/airflow/example_dags/example_nested_branch_dag.py
[2024-04-24T21:15:06.047+0000] {processor.py:830} INFO - Processing file /home/airflow/.local/lib/python3.10/site-packages/airflow/example_dags/example_nested_branch_dag.py for tasks to queue
[2024-04-24T21:15:06.052+0000] {logging_mixin.py:188} INFO - [2024-04-24T21:15:06.051+0000] {dagbag.py:540} INFO - Filling up the DagBag from /home/airflow/.local/lib/python3.10/site-packages/airflow/example_dags/example_nested_branch_dag.py
[2024-04-24T21:15:06.089+0000] {processor.py:840} INFO - DAG(s) 'example_nested_branch_dag' retrieved from /home/airflow/.local/lib/python3.10/site-packages/airflow/example_dags/example_nested_branch_dag.py
[2024-04-24T21:15:06.144+0000] {logging_mixin.py:188} INFO - [2024-04-24T21:15:06.144+0000] {dag.py:3047} INFO - Sync 1 DAGs
[2024-04-24T21:15:06.205+0000] {logging_mixin.py:188} INFO - [2024-04-24T21:15:06.204+0000] {dag.py:3834} INFO - Setting next_dagrun for example_nested_branch_dag to 2024-04-23 00:00:00+00:00, run_after=2024-04-24 00:00:00+00:00
[2024-04-24T21:15:06.306+0000] {processor.py:183} INFO - Processing /home/airflow/.local/lib/python3.10/site-packages/airflow/example_dags/example_nested_branch_dag.py took 0.274 seconds
[2024-04-24T21:15:37.187+0000] {processor.py:161} INFO - Started process (PID=187) to work on /home/airflow/.local/lib/python3.10/site-packages/airflow/example_dags/example_nested_branch_dag.py
[2024-04-24T21:15:37.197+0000] {processor.py:830} INFO - Processing file /home/airflow/.local/lib/python3.10/site-packages/airflow/example_dags/example_nested_branch_dag.py for tasks to queue
[2024-04-24T21:15:37.200+0000] {logging_mixin.py:188} INFO - [2024-04-24T21:15:37.200+0000] {dagbag.py:540} INFO - Filling up the DagBag from /home/airflow/.local/lib/python3.10/site-packages/airflow/example_dags/example_nested_branch_dag.py
[2024-04-24T21:15:37.226+0000] {processor.py:840} INFO - DAG(s) 'example_nested_branch_dag' retrieved from /home/airflow/.local/lib/python3.10/site-packages/airflow/example_dags/example_nested_branch_dag.py
[2024-04-24T21:15:37.317+0000] {logging_mixin.py:188} INFO - [2024-04-24T21:15:37.316+0000] {dag.py:3047} INFO - Sync 1 DAGs
[2024-04-24T21:15:37.370+0000] {logging_mixin.py:188} INFO - [2024-04-24T21:15:37.370+0000] {dag.py:3834} INFO - Setting next_dagrun for example_nested_branch_dag to 2024-04-23 00:00:00+00:00, run_after=2024-04-24 00:00:00+00:00
[2024-04-24T21:15:37.430+0000] {processor.py:183} INFO - Processing /home/airflow/.local/lib/python3.10/site-packages/airflow/example_dags/example_nested_branch_dag.py took 0.248 seconds
[2024-04-24T21:16:07.682+0000] {processor.py:161} INFO - Started process (PID=243) to work on /home/airflow/.local/lib/python3.10/site-packages/airflow/example_dags/example_nested_branch_dag.py
[2024-04-24T21:16:07.683+0000] {processor.py:830} INFO - Processing file /home/airflow/.local/lib/python3.10/site-packages/airflow/example_dags/example_nested_branch_dag.py for tasks to queue
[2024-04-24T21:16:07.686+0000] {logging_mixin.py:188} INFO - [2024-04-24T21:16:07.686+0000] {dagbag.py:540} INFO - Filling up the DagBag from /home/airflow/.local/lib/python3.10/site-packages/airflow/example_dags/example_nested_branch_dag.py
[2024-04-24T21:16:07.699+0000] {processor.py:840} INFO - DAG(s) 'example_nested_branch_dag' retrieved from /home/airflow/.local/lib/python3.10/site-packages/airflow/example_dags/example_nested_branch_dag.py
[2024-04-24T21:16:07.729+0000] {logging_mixin.py:188} INFO - [2024-04-24T21:16:07.729+0000] {dag.py:3047} INFO - Sync 1 DAGs
[2024-04-24T21:16:07.761+0000] {logging_mixin.py:188} INFO - [2024-04-24T21:16:07.761+0000] {dag.py:3834} INFO - Setting next_dagrun for example_nested_branch_dag to 2024-04-23 00:00:00+00:00, run_after=2024-04-24 00:00:00+00:00
[2024-04-24T21:16:07.782+0000] {processor.py:183} INFO - Processing /home/airflow/.local/lib/python3.10/site-packages/airflow/example_dags/example_nested_branch_dag.py took 0.105 seconds
[2024-04-24T21:16:38.955+0000] {processor.py:161} INFO - Started process (PID=298) to work on /home/airflow/.local/lib/python3.10/site-packages/airflow/example_dags/example_nested_branch_dag.py
[2024-04-24T21:16:38.968+0000] {processor.py:830} INFO - Processing file /home/airflow/.local/lib/python3.10/site-packages/airflow/example_dags/example_nested_branch_dag.py for tasks to queue
[2024-04-24T21:16:38.985+0000] {logging_mixin.py:188} INFO - [2024-04-24T21:16:38.984+0000] {dagbag.py:540} INFO - Filling up the DagBag from /home/airflow/.local/lib/python3.10/site-packages/airflow/example_dags/example_nested_branch_dag.py
[2024-04-24T21:16:39.075+0000] {processor.py:840} INFO - DAG(s) 'example_nested_branch_dag' retrieved from /home/airflow/.local/lib/python3.10/site-packages/airflow/example_dags/example_nested_branch_dag.py
[2024-04-24T21:16:39.247+0000] {logging_mixin.py:188} INFO - [2024-04-24T21:16:39.247+0000] {dag.py:3047} INFO - Sync 1 DAGs
[2024-04-24T21:16:39.390+0000] {logging_mixin.py:188} INFO - [2024-04-24T21:16:39.389+0000] {dag.py:3834} INFO - Setting next_dagrun for example_nested_branch_dag to 2024-04-23 00:00:00+00:00, run_after=2024-04-24 00:00:00+00:00
[2024-04-24T21:16:40.756+0000] {processor.py:183} INFO - Processing /home/airflow/.local/lib/python3.10/site-packages/airflow/example_dags/example_nested_branch_dag.py took 1.822 seconds
[2024-04-24T21:17:11.005+0000] {processor.py:161} INFO - Started process (PID=353) to work on /home/airflow/.local/lib/python3.10/site-packages/airflow/example_dags/example_nested_branch_dag.py
[2024-04-24T21:17:11.006+0000] {processor.py:830} INFO - Processing file /home/airflow/.local/lib/python3.10/site-packages/airflow/example_dags/example_nested_branch_dag.py for tasks to queue
[2024-04-24T21:17:11.010+0000] {logging_mixin.py:188} INFO - [2024-04-24T21:17:11.009+0000] {dagbag.py:540} INFO - Filling up the DagBag from /home/airflow/.local/lib/python3.10/site-packages/airflow/example_dags/example_nested_branch_dag.py
[2024-04-24T21:17:11.023+0000] {processor.py:840} INFO - DAG(s) 'example_nested_branch_dag' retrieved from /home/airflow/.local/lib/python3.10/site-packages/airflow/example_dags/example_nested_branch_dag.py
[2024-04-24T21:17:11.055+0000] {logging_mixin.py:188} INFO - [2024-04-24T21:17:11.054+0000] {dag.py:3047} INFO - Sync 1 DAGs
[2024-04-24T21:17:11.089+0000] {logging_mixin.py:188} INFO - [2024-04-24T21:17:11.089+0000] {dag.py:3834} INFO - Setting next_dagrun for example_nested_branch_dag to 2024-04-23 00:00:00+00:00, run_after=2024-04-24 00:00:00+00:00
[2024-04-24T21:17:11.113+0000] {processor.py:183} INFO - Processing /home/airflow/.local/lib/python3.10/site-packages/airflow/example_dags/example_nested_branch_dag.py took 0.113 seconds
[2024-04-24T21:17:41.710+0000] {processor.py:161} INFO - Started process (PID=409) to work on /home/airflow/.local/lib/python3.10/site-packages/airflow/example_dags/example_nested_branch_dag.py
[2024-04-24T21:17:41.711+0000] {processor.py:830} INFO - Processing file /home/airflow/.local/lib/python3.10/site-packages/airflow/example_dags/example_nested_branch_dag.py for tasks to queue
[2024-04-24T21:17:41.713+0000] {logging_mixin.py:188} INFO - [2024-04-24T21:17:41.713+0000] {dagbag.py:540} INFO - Filling up the DagBag from /home/airflow/.local/lib/python3.10/site-packages/airflow/example_dags/example_nested_branch_dag.py
[2024-04-24T21:17:41.723+0000] {processor.py:840} INFO - DAG(s) 'example_nested_branch_dag' retrieved from /home/airflow/.local/lib/python3.10/site-packages/airflow/example_dags/example_nested_branch_dag.py
[2024-04-24T21:17:41.747+0000] {logging_mixin.py:188} INFO - [2024-04-24T21:17:41.747+0000] {dag.py:3047} INFO - Sync 1 DAGs
[2024-04-24T21:17:41.775+0000] {logging_mixin.py:188} INFO - [2024-04-24T21:17:41.774+0000] {dag.py:3834} INFO - Setting next_dagrun for example_nested_branch_dag to 2024-04-23 00:00:00+00:00, run_after=2024-04-24 00:00:00+00:00
[2024-04-24T21:17:41.795+0000] {processor.py:183} INFO - Processing /home/airflow/.local/lib/python3.10/site-packages/airflow/example_dags/example_nested_branch_dag.py took 0.089 seconds
[2024-04-24T21:18:12.082+0000] {processor.py:161} INFO - Started process (PID=464) to work on /home/airflow/.local/lib/python3.10/site-packages/airflow/example_dags/example_nested_branch_dag.py
[2024-04-24T21:18:12.083+0000] {processor.py:830} INFO - Processing file /home/airflow/.local/lib/python3.10/site-packages/airflow/example_dags/example_nested_branch_dag.py for tasks to queue
[2024-04-24T21:18:12.085+0000] {logging_mixin.py:188} INFO - [2024-04-24T21:18:12.085+0000] {dagbag.py:540} INFO - Filling up the DagBag from /home/airflow/.local/lib/python3.10/site-packages/airflow/example_dags/example_nested_branch_dag.py
[2024-04-24T21:18:12.099+0000] {processor.py:840} INFO - DAG(s) 'example_nested_branch_dag' retrieved from /home/airflow/.local/lib/python3.10/site-packages/airflow/example_dags/example_nested_branch_dag.py
[2024-04-24T21:18:12.133+0000] {logging_mixin.py:188} INFO - [2024-04-24T21:18:12.133+0000] {dag.py:3047} INFO - Sync 1 DAGs
[2024-04-24T21:18:12.162+0000] {logging_mixin.py:188} INFO - [2024-04-24T21:18:12.162+0000] {dag.py:3834} INFO - Setting next_dagrun for example_nested_branch_dag to 2024-04-23 00:00:00+00:00, run_after=2024-04-24 00:00:00+00:00
[2024-04-24T21:18:12.183+0000] {processor.py:183} INFO - Processing /home/airflow/.local/lib/python3.10/site-packages/airflow/example_dags/example_nested_branch_dag.py took 0.105 seconds
[2024-04-24T21:18:42.693+0000] {processor.py:161} INFO - Started process (PID=519) to work on /home/airflow/.local/lib/python3.10/site-packages/airflow/example_dags/example_nested_branch_dag.py
[2024-04-24T21:18:42.695+0000] {processor.py:830} INFO - Processing file /home/airflow/.local/lib/python3.10/site-packages/airflow/example_dags/example_nested_branch_dag.py for tasks to queue
[2024-04-24T21:18:42.698+0000] {logging_mixin.py:188} INFO - [2024-04-24T21:18:42.697+0000] {dagbag.py:540} INFO - Filling up the DagBag from /home/airflow/.local/lib/python3.10/site-packages/airflow/example_dags/example_nested_branch_dag.py
[2024-04-24T21:18:42.711+0000] {processor.py:840} INFO - DAG(s) 'example_nested_branch_dag' retrieved from /home/airflow/.local/lib/python3.10/site-packages/airflow/example_dags/example_nested_branch_dag.py
[2024-04-24T21:18:42.742+0000] {logging_mixin.py:188} INFO - [2024-04-24T21:18:42.741+0000] {dag.py:3047} INFO - Sync 1 DAGs
[2024-04-24T21:18:42.790+0000] {logging_mixin.py:188} INFO - [2024-04-24T21:18:42.789+0000] {dag.py:3834} INFO - Setting next_dagrun for example_nested_branch_dag to 2024-04-23 00:00:00+00:00, run_after=2024-04-24 00:00:00+00:00
[2024-04-24T21:18:42.827+0000] {processor.py:183} INFO - Processing /home/airflow/.local/lib/python3.10/site-packages/airflow/example_dags/example_nested_branch_dag.py took 0.138 seconds
[2024-04-24T21:19:13.490+0000] {processor.py:161} INFO - Started process (PID=575) to work on /home/airflow/.local/lib/python3.10/site-packages/airflow/example_dags/example_nested_branch_dag.py
[2024-04-24T21:19:13.491+0000] {processor.py:830} INFO - Processing file /home/airflow/.local/lib/python3.10/site-packages/airflow/example_dags/example_nested_branch_dag.py for tasks to queue
[2024-04-24T21:19:13.494+0000] {logging_mixin.py:188} INFO - [2024-04-24T21:19:13.493+0000] {dagbag.py:540} INFO - Filling up the DagBag from /home/airflow/.local/lib/python3.10/site-packages/airflow/example_dags/example_nested_branch_dag.py
[2024-04-24T21:19:13.504+0000] {processor.py:840} INFO - DAG(s) 'example_nested_branch_dag' retrieved from /home/airflow/.local/lib/python3.10/site-packages/airflow/example_dags/example_nested_branch_dag.py
[2024-04-24T21:19:13.528+0000] {logging_mixin.py:188} INFO - [2024-04-24T21:19:13.527+0000] {dag.py:3047} INFO - Sync 1 DAGs
[2024-04-24T21:19:13.554+0000] {logging_mixin.py:188} INFO - [2024-04-24T21:19:13.553+0000] {dag.py:3834} INFO - Setting next_dagrun for example_nested_branch_dag to 2024-04-23 00:00:00+00:00, run_after=2024-04-24 00:00:00+00:00
[2024-04-24T21:19:13.575+0000] {processor.py:183} INFO - Processing /home/airflow/.local/lib/python3.10/site-packages/airflow/example_dags/example_nested_branch_dag.py took 0.089 seconds
[2024-04-24T21:19:43.703+0000] {processor.py:161} INFO - Started process (PID=631) to work on /home/airflow/.local/lib/python3.10/site-packages/airflow/example_dags/example_nested_branch_dag.py
[2024-04-24T21:19:43.705+0000] {processor.py:830} INFO - Processing file /home/airflow/.local/lib/python3.10/site-packages/airflow/example_dags/example_nested_branch_dag.py for tasks to queue
[2024-04-24T21:19:43.708+0000] {logging_mixin.py:188} INFO - [2024-04-24T21:19:43.707+0000] {dagbag.py:540} INFO - Filling up the DagBag from /home/airflow/.local/lib/python3.10/site-packages/airflow/example_dags/example_nested_branch_dag.py
[2024-04-24T21:19:43.717+0000] {processor.py:840} INFO - DAG(s) 'example_nested_branch_dag' retrieved from /home/airflow/.local/lib/python3.10/site-packages/airflow/example_dags/example_nested_branch_dag.py
[2024-04-24T21:19:43.740+0000] {logging_mixin.py:188} INFO - [2024-04-24T21:19:43.740+0000] {dag.py:3047} INFO - Sync 1 DAGs
[2024-04-24T21:19:43.772+0000] {logging_mixin.py:188} INFO - [2024-04-24T21:19:43.772+0000] {dag.py:3834} INFO - Setting next_dagrun for example_nested_branch_dag to 2024-04-23 00:00:00+00:00, run_after=2024-04-24 00:00:00+00:00
[2024-04-24T21:19:43.794+0000] {processor.py:183} INFO - Processing /home/airflow/.local/lib/python3.10/site-packages/airflow/example_dags/example_nested_branch_dag.py took 0.094 seconds
[2024-04-24T21:20:14.343+0000] {processor.py:161} INFO - Started process (PID=687) to work on /home/airflow/.local/lib/python3.10/site-packages/airflow/example_dags/example_nested_branch_dag.py
[2024-04-24T21:20:14.345+0000] {processor.py:830} INFO - Processing file /home/airflow/.local/lib/python3.10/site-packages/airflow/example_dags/example_nested_branch_dag.py for tasks to queue
[2024-04-24T21:20:14.348+0000] {logging_mixin.py:188} INFO - [2024-04-24T21:20:14.347+0000] {dagbag.py:540} INFO - Filling up the DagBag from /home/airflow/.local/lib/python3.10/site-packages/airflow/example_dags/example_nested_branch_dag.py
[2024-04-24T21:20:14.359+0000] {processor.py:840} INFO - DAG(s) 'example_nested_branch_dag' retrieved from /home/airflow/.local/lib/python3.10/site-packages/airflow/example_dags/example_nested_branch_dag.py
[2024-04-24T21:20:14.382+0000] {logging_mixin.py:188} INFO - [2024-04-24T21:20:14.382+0000] {dag.py:3047} INFO - Sync 1 DAGs
[2024-04-24T21:20:14.406+0000] {logging_mixin.py:188} INFO - [2024-04-24T21:20:14.405+0000] {dag.py:3834} INFO - Setting next_dagrun for example_nested_branch_dag to 2024-04-23 00:00:00+00:00, run_after=2024-04-24 00:00:00+00:00
[2024-04-24T21:20:14.428+0000] {processor.py:183} INFO - Processing /home/airflow/.local/lib/python3.10/site-packages/airflow/example_dags/example_nested_branch_dag.py took 0.090 seconds
[2024-04-24T21:20:44.822+0000] {processor.py:161} INFO - Started process (PID=743) to work on /home/airflow/.local/lib/python3.10/site-packages/airflow/example_dags/example_nested_branch_dag.py
[2024-04-24T21:20:44.823+0000] {processor.py:830} INFO - Processing file /home/airflow/.local/lib/python3.10/site-packages/airflow/example_dags/example_nested_branch_dag.py for tasks to queue
[2024-04-24T21:20:44.825+0000] {logging_mixin.py:188} INFO - [2024-04-24T21:20:44.825+0000] {dagbag.py:540} INFO - Filling up the DagBag from /home/airflow/.local/lib/python3.10/site-packages/airflow/example_dags/example_nested_branch_dag.py
[2024-04-24T21:20:44.834+0000] {processor.py:840} INFO - DAG(s) 'example_nested_branch_dag' retrieved from /home/airflow/.local/lib/python3.10/site-packages/airflow/example_dags/example_nested_branch_dag.py
[2024-04-24T21:20:44.858+0000] {logging_mixin.py:188} INFO - [2024-04-24T21:20:44.858+0000] {dag.py:3047} INFO - Sync 1 DAGs
[2024-04-24T21:20:44.882+0000] {logging_mixin.py:188} INFO - [2024-04-24T21:20:44.881+0000] {dag.py:3834} INFO - Setting next_dagrun for example_nested_branch_dag to 2024-04-23 00:00:00+00:00, run_after=2024-04-24 00:00:00+00:00
[2024-04-24T21:20:44.902+0000] {processor.py:183} INFO - Processing /home/airflow/.local/lib/python3.10/site-packages/airflow/example_dags/example_nested_branch_dag.py took 0.083 seconds
[2024-04-24T21:21:15.615+0000] {processor.py:161} INFO - Started process (PID=799) to work on /home/airflow/.local/lib/python3.10/site-packages/airflow/example_dags/example_nested_branch_dag.py
[2024-04-24T21:21:15.616+0000] {processor.py:830} INFO - Processing file /home/airflow/.local/lib/python3.10/site-packages/airflow/example_dags/example_nested_branch_dag.py for tasks to queue
[2024-04-24T21:21:15.618+0000] {logging_mixin.py:188} INFO - [2024-04-24T21:21:15.618+0000] {dagbag.py:540} INFO - Filling up the DagBag from /home/airflow/.local/lib/python3.10/site-packages/airflow/example_dags/example_nested_branch_dag.py
[2024-04-24T21:21:15.627+0000] {processor.py:840} INFO - DAG(s) 'example_nested_branch_dag' retrieved from /home/airflow/.local/lib/python3.10/site-packages/airflow/example_dags/example_nested_branch_dag.py
[2024-04-24T21:21:15.651+0000] {logging_mixin.py:188} INFO - [2024-04-24T21:21:15.650+0000] {dag.py:3047} INFO - Sync 1 DAGs
[2024-04-24T21:21:15.671+0000] {logging_mixin.py:188} INFO - [2024-04-24T21:21:15.671+0000] {dag.py:3834} INFO - Setting next_dagrun for example_nested_branch_dag to 2024-04-23 00:00:00+00:00, run_after=2024-04-24 00:00:00+00:00
[2024-04-24T21:21:15.691+0000] {processor.py:183} INFO - Processing /home/airflow/.local/lib/python3.10/site-packages/airflow/example_dags/example_nested_branch_dag.py took 0.079 seconds
[2024-04-24T21:21:45.757+0000] {processor.py:161} INFO - Started process (PID=854) to work on /home/airflow/.local/lib/python3.10/site-packages/airflow/example_dags/example_nested_branch_dag.py
[2024-04-24T21:21:45.758+0000] {processor.py:830} INFO - Processing file /home/airflow/.local/lib/python3.10/site-packages/airflow/example_dags/example_nested_branch_dag.py for tasks to queue
[2024-04-24T21:21:45.760+0000] {logging_mixin.py:188} INFO - [2024-04-24T21:21:45.760+0000] {dagbag.py:540} INFO - Filling up the DagBag from /home/airflow/.local/lib/python3.10/site-packages/airflow/example_dags/example_nested_branch_dag.py
[2024-04-24T21:21:45.769+0000] {processor.py:840} INFO - DAG(s) 'example_nested_branch_dag' retrieved from /home/airflow/.local/lib/python3.10/site-packages/airflow/example_dags/example_nested_branch_dag.py
[2024-04-24T21:21:45.792+0000] {logging_mixin.py:188} INFO - [2024-04-24T21:21:45.792+0000] {dag.py:3047} INFO - Sync 1 DAGs
[2024-04-24T21:21:45.813+0000] {logging_mixin.py:188} INFO - [2024-04-24T21:21:45.813+0000] {dag.py:3834} INFO - Setting next_dagrun for example_nested_branch_dag to 2024-04-23 00:00:00+00:00, run_after=2024-04-24 00:00:00+00:00
[2024-04-24T21:21:45.834+0000] {processor.py:183} INFO - Processing /home/airflow/.local/lib/python3.10/site-packages/airflow/example_dags/example_nested_branch_dag.py took 0.080 seconds
[2024-04-24T21:22:16.008+0000] {processor.py:161} INFO - Started process (PID=910) to work on /home/airflow/.local/lib/python3.10/site-packages/airflow/example_dags/example_nested_branch_dag.py
[2024-04-24T21:22:16.009+0000] {processor.py:830} INFO - Processing file /home/airflow/.local/lib/python3.10/site-packages/airflow/example_dags/example_nested_branch_dag.py for tasks to queue
[2024-04-24T21:22:16.011+0000] {logging_mixin.py:188} INFO - [2024-04-24T21:22:16.011+0000] {dagbag.py:540} INFO - Filling up the DagBag from /home/airflow/.local/lib/python3.10/site-packages/airflow/example_dags/example_nested_branch_dag.py
[2024-04-24T21:22:16.020+0000] {processor.py:840} INFO - DAG(s) 'example_nested_branch_dag' retrieved from /home/airflow/.local/lib/python3.10/site-packages/airflow/example_dags/example_nested_branch_dag.py
[2024-04-24T21:22:16.043+0000] {logging_mixin.py:188} INFO - [2024-04-24T21:22:16.043+0000] {dag.py:3047} INFO - Sync 1 DAGs
[2024-04-24T21:22:16.064+0000] {logging_mixin.py:188} INFO - [2024-04-24T21:22:16.064+0000] {dag.py:3834} INFO - Setting next_dagrun for example_nested_branch_dag to 2024-04-23 00:00:00+00:00, run_after=2024-04-24 00:00:00+00:00
[2024-04-24T21:22:16.084+0000] {processor.py:183} INFO - Processing /home/airflow/.local/lib/python3.10/site-packages/airflow/example_dags/example_nested_branch_dag.py took 0.080 seconds
[2024-04-24T21:22:46.245+0000] {processor.py:161} INFO - Started process (PID=966) to work on /home/airflow/.local/lib/python3.10/site-packages/airflow/example_dags/example_nested_branch_dag.py
[2024-04-24T21:22:46.247+0000] {processor.py:830} INFO - Processing file /home/airflow/.local/lib/python3.10/site-packages/airflow/example_dags/example_nested_branch_dag.py for tasks to queue
[2024-04-24T21:22:46.249+0000] {logging_mixin.py:188} INFO - [2024-04-24T21:22:46.249+0000] {dagbag.py:540} INFO - Filling up the DagBag from /home/airflow/.local/lib/python3.10/site-packages/airflow/example_dags/example_nested_branch_dag.py
[2024-04-24T21:22:46.258+0000] {processor.py:840} INFO - DAG(s) 'example_nested_branch_dag' retrieved from /home/airflow/.local/lib/python3.10/site-packages/airflow/example_dags/example_nested_branch_dag.py
[2024-04-24T21:22:46.281+0000] {logging_mixin.py:188} INFO - [2024-04-24T21:22:46.281+0000] {dag.py:3047} INFO - Sync 1 DAGs
[2024-04-24T21:22:46.304+0000] {logging_mixin.py:188} INFO - [2024-04-24T21:22:46.304+0000] {dag.py:3834} INFO - Setting next_dagrun for example_nested_branch_dag to 2024-04-23 00:00:00+00:00, run_after=2024-04-24 00:00:00+00:00
[2024-04-24T21:22:46.324+0000] {processor.py:183} INFO - Processing /home/airflow/.local/lib/python3.10/site-packages/airflow/example_dags/example_nested_branch_dag.py took 0.082 seconds
[2024-04-24T21:23:16.551+0000] {processor.py:161} INFO - Started process (PID=1021) to work on /home/airflow/.local/lib/python3.10/site-packages/airflow/example_dags/example_nested_branch_dag.py
[2024-04-24T21:23:16.552+0000] {processor.py:830} INFO - Processing file /home/airflow/.local/lib/python3.10/site-packages/airflow/example_dags/example_nested_branch_dag.py for tasks to queue
[2024-04-24T21:23:16.554+0000] {logging_mixin.py:188} INFO - [2024-04-24T21:23:16.554+0000] {dagbag.py:540} INFO - Filling up the DagBag from /home/airflow/.local/lib/python3.10/site-packages/airflow/example_dags/example_nested_branch_dag.py
[2024-04-24T21:23:16.563+0000] {processor.py:840} INFO - DAG(s) 'example_nested_branch_dag' retrieved from /home/airflow/.local/lib/python3.10/site-packages/airflow/example_dags/example_nested_branch_dag.py
[2024-04-24T21:23:16.591+0000] {logging_mixin.py:188} INFO - [2024-04-24T21:23:16.591+0000] {dag.py:3047} INFO - Sync 1 DAGs
[2024-04-24T21:23:16.612+0000] {logging_mixin.py:188} INFO - [2024-04-24T21:23:16.612+0000] {dag.py:3834} INFO - Setting next_dagrun for example_nested_branch_dag to 2024-04-23 00:00:00+00:00, run_after=2024-04-24 00:00:00+00:00
[2024-04-24T21:23:16.633+0000] {processor.py:183} INFO - Processing /home/airflow/.local/lib/python3.10/site-packages/airflow/example_dags/example_nested_branch_dag.py took 0.085 seconds
[2024-04-24T21:23:46.926+0000] {processor.py:161} INFO - Started process (PID=1076) to work on /home/airflow/.local/lib/python3.10/site-packages/airflow/example_dags/example_nested_branch_dag.py
[2024-04-24T21:23:46.927+0000] {processor.py:830} INFO - Processing file /home/airflow/.local/lib/python3.10/site-packages/airflow/example_dags/example_nested_branch_dag.py for tasks to queue
[2024-04-24T21:23:46.929+0000] {logging_mixin.py:188} INFO - [2024-04-24T21:23:46.928+0000] {dagbag.py:540} INFO - Filling up the DagBag from /home/airflow/.local/lib/python3.10/site-packages/airflow/example_dags/example_nested_branch_dag.py
[2024-04-24T21:23:46.938+0000] {processor.py:840} INFO - DAG(s) 'example_nested_branch_dag' retrieved from /home/airflow/.local/lib/python3.10/site-packages/airflow/example_dags/example_nested_branch_dag.py
[2024-04-24T21:23:46.960+0000] {logging_mixin.py:188} INFO - [2024-04-24T21:23:46.960+0000] {dag.py:3047} INFO - Sync 1 DAGs
[2024-04-24T21:23:46.982+0000] {logging_mixin.py:188} INFO - [2024-04-24T21:23:46.981+0000] {dag.py:3834} INFO - Setting next_dagrun for example_nested_branch_dag to 2024-04-23 00:00:00+00:00, run_after=2024-04-24 00:00:00+00:00
[2024-04-24T21:23:47.003+0000] {processor.py:183} INFO - Processing /home/airflow/.local/lib/python3.10/site-packages/airflow/example_dags/example_nested_branch_dag.py took 0.081 seconds
[2024-04-24T21:24:17.418+0000] {processor.py:161} INFO - Started process (PID=1131) to work on /home/airflow/.local/lib/python3.10/site-packages/airflow/example_dags/example_nested_branch_dag.py
[2024-04-24T21:24:17.419+0000] {processor.py:830} INFO - Processing file /home/airflow/.local/lib/python3.10/site-packages/airflow/example_dags/example_nested_branch_dag.py for tasks to queue
[2024-04-24T21:24:17.421+0000] {logging_mixin.py:188} INFO - [2024-04-24T21:24:17.421+0000] {dagbag.py:540} INFO - Filling up the DagBag from /home/airflow/.local/lib/python3.10/site-packages/airflow/example_dags/example_nested_branch_dag.py
[2024-04-24T21:24:17.430+0000] {processor.py:840} INFO - DAG(s) 'example_nested_branch_dag' retrieved from /home/airflow/.local/lib/python3.10/site-packages/airflow/example_dags/example_nested_branch_dag.py
[2024-04-24T21:24:17.453+0000] {logging_mixin.py:188} INFO - [2024-04-24T21:24:17.453+0000] {dag.py:3047} INFO - Sync 1 DAGs
[2024-04-24T21:24:17.475+0000] {logging_mixin.py:188} INFO - [2024-04-24T21:24:17.474+0000] {dag.py:3834} INFO - Setting next_dagrun for example_nested_branch_dag to 2024-04-23 00:00:00+00:00, run_after=2024-04-24 00:00:00+00:00
[2024-04-24T21:24:17.495+0000] {processor.py:183} INFO - Processing /home/airflow/.local/lib/python3.10/site-packages/airflow/example_dags/example_nested_branch_dag.py took 0.080 seconds
[2024-04-24T21:24:47.684+0000] {processor.py:161} INFO - Started process (PID=1187) to work on /home/airflow/.local/lib/python3.10/site-packages/airflow/example_dags/example_nested_branch_dag.py
[2024-04-24T21:24:47.685+0000] {processor.py:830} INFO - Processing file /home/airflow/.local/lib/python3.10/site-packages/airflow/example_dags/example_nested_branch_dag.py for tasks to queue
[2024-04-24T21:24:47.687+0000] {logging_mixin.py:188} INFO - [2024-04-24T21:24:47.687+0000] {dagbag.py:540} INFO - Filling up the DagBag from /home/airflow/.local/lib/python3.10/site-packages/airflow/example_dags/example_nested_branch_dag.py
[2024-04-24T21:24:47.696+0000] {processor.py:840} INFO - DAG(s) 'example_nested_branch_dag' retrieved from /home/airflow/.local/lib/python3.10/site-packages/airflow/example_dags/example_nested_branch_dag.py
[2024-04-24T21:24:47.720+0000] {logging_mixin.py:188} INFO - [2024-04-24T21:24:47.719+0000] {dag.py:3047} INFO - Sync 1 DAGs
[2024-04-24T21:24:47.742+0000] {logging_mixin.py:188} INFO - [2024-04-24T21:24:47.741+0000] {dag.py:3834} INFO - Setting next_dagrun for example_nested_branch_dag to 2024-04-23 00:00:00+00:00, run_after=2024-04-24 00:00:00+00:00
[2024-04-24T21:24:47.763+0000] {processor.py:183} INFO - Processing /home/airflow/.local/lib/python3.10/site-packages/airflow/example_dags/example_nested_branch_dag.py took 0.082 seconds
[2024-04-24T21:25:18.173+0000] {processor.py:161} INFO - Started process (PID=1242) to work on /home/airflow/.local/lib/python3.10/site-packages/airflow/example_dags/example_nested_branch_dag.py
[2024-04-24T21:25:18.174+0000] {processor.py:830} INFO - Processing file /home/airflow/.local/lib/python3.10/site-packages/airflow/example_dags/example_nested_branch_dag.py for tasks to queue
[2024-04-24T21:25:18.176+0000] {logging_mixin.py:188} INFO - [2024-04-24T21:25:18.176+0000] {dagbag.py:540} INFO - Filling up the DagBag from /home/airflow/.local/lib/python3.10/site-packages/airflow/example_dags/example_nested_branch_dag.py
[2024-04-24T21:25:18.185+0000] {processor.py:840} INFO - DAG(s) 'example_nested_branch_dag' retrieved from /home/airflow/.local/lib/python3.10/site-packages/airflow/example_dags/example_nested_branch_dag.py
[2024-04-24T21:25:18.209+0000] {logging_mixin.py:188} INFO - [2024-04-24T21:25:18.208+0000] {dag.py:3047} INFO - Sync 1 DAGs
[2024-04-24T21:25:18.229+0000] {logging_mixin.py:188} INFO - [2024-04-24T21:25:18.229+0000] {dag.py:3834} INFO - Setting next_dagrun for example_nested_branch_dag to 2024-04-23 00:00:00+00:00, run_after=2024-04-24 00:00:00+00:00
[2024-04-24T21:25:18.251+0000] {processor.py:183} INFO - Processing /home/airflow/.local/lib/python3.10/site-packages/airflow/example_dags/example_nested_branch_dag.py took 0.081 seconds
[2024-04-24T21:25:48.755+0000] {processor.py:161} INFO - Started process (PID=1298) to work on /home/airflow/.local/lib/python3.10/site-packages/airflow/example_dags/example_nested_branch_dag.py
[2024-04-24T21:25:48.757+0000] {processor.py:830} INFO - Processing file /home/airflow/.local/lib/python3.10/site-packages/airflow/example_dags/example_nested_branch_dag.py for tasks to queue
[2024-04-24T21:25:48.759+0000] {logging_mixin.py:188} INFO - [2024-04-24T21:25:48.758+0000] {dagbag.py:540} INFO - Filling up the DagBag from /home/airflow/.local/lib/python3.10/site-packages/airflow/example_dags/example_nested_branch_dag.py
[2024-04-24T21:25:48.769+0000] {processor.py:840} INFO - DAG(s) 'example_nested_branch_dag' retrieved from /home/airflow/.local/lib/python3.10/site-packages/airflow/example_dags/example_nested_branch_dag.py
[2024-04-24T21:25:48.793+0000] {logging_mixin.py:188} INFO - [2024-04-24T21:25:48.792+0000] {dag.py:3047} INFO - Sync 1 DAGs
[2024-04-24T21:25:48.814+0000] {logging_mixin.py:188} INFO - [2024-04-24T21:25:48.814+0000] {dag.py:3834} INFO - Setting next_dagrun for example_nested_branch_dag to 2024-04-23 00:00:00+00:00, run_after=2024-04-24 00:00:00+00:00
[2024-04-24T21:25:48.835+0000] {processor.py:183} INFO - Processing /home/airflow/.local/lib/python3.10/site-packages/airflow/example_dags/example_nested_branch_dag.py took 0.084 seconds
[2024-04-24T21:26:19.004+0000] {processor.py:161} INFO - Started process (PID=1353) to work on /home/airflow/.local/lib/python3.10/site-packages/airflow/example_dags/example_nested_branch_dag.py
[2024-04-24T21:26:19.005+0000] {processor.py:830} INFO - Processing file /home/airflow/.local/lib/python3.10/site-packages/airflow/example_dags/example_nested_branch_dag.py for tasks to queue
[2024-04-24T21:26:19.007+0000] {logging_mixin.py:188} INFO - [2024-04-24T21:26:19.007+0000] {dagbag.py:540} INFO - Filling up the DagBag from /home/airflow/.local/lib/python3.10/site-packages/airflow/example_dags/example_nested_branch_dag.py
[2024-04-24T21:26:19.017+0000] {processor.py:840} INFO - DAG(s) 'example_nested_branch_dag' retrieved from /home/airflow/.local/lib/python3.10/site-packages/airflow/example_dags/example_nested_branch_dag.py
[2024-04-24T21:26:19.041+0000] {logging_mixin.py:188} INFO - [2024-04-24T21:26:19.040+0000] {dag.py:3047} INFO - Sync 1 DAGs
[2024-04-24T21:26:19.062+0000] {logging_mixin.py:188} INFO - [2024-04-24T21:26:19.062+0000] {dag.py:3834} INFO - Setting next_dagrun for example_nested_branch_dag to 2024-04-23 00:00:00+00:00, run_after=2024-04-24 00:00:00+00:00
[2024-04-24T21:26:19.206+0000] {processor.py:183} INFO - Processing /home/airflow/.local/lib/python3.10/site-packages/airflow/example_dags/example_nested_branch_dag.py took 0.206 seconds
[2024-04-24T21:26:49.617+0000] {processor.py:161} INFO - Started process (PID=1406) to work on /home/airflow/.local/lib/python3.10/site-packages/airflow/example_dags/example_nested_branch_dag.py
[2024-04-24T21:26:49.618+0000] {processor.py:830} INFO - Processing file /home/airflow/.local/lib/python3.10/site-packages/airflow/example_dags/example_nested_branch_dag.py for tasks to queue
[2024-04-24T21:26:49.620+0000] {logging_mixin.py:188} INFO - [2024-04-24T21:26:49.619+0000] {dagbag.py:540} INFO - Filling up the DagBag from /home/airflow/.local/lib/python3.10/site-packages/airflow/example_dags/example_nested_branch_dag.py
[2024-04-24T21:26:49.629+0000] {processor.py:840} INFO - DAG(s) 'example_nested_branch_dag' retrieved from /home/airflow/.local/lib/python3.10/site-packages/airflow/example_dags/example_nested_branch_dag.py
[2024-04-24T21:26:49.652+0000] {logging_mixin.py:188} INFO - [2024-04-24T21:26:49.651+0000] {dag.py:3047} INFO - Sync 1 DAGs
[2024-04-24T21:26:49.672+0000] {logging_mixin.py:188} INFO - [2024-04-24T21:26:49.672+0000] {dag.py:3834} INFO - Setting next_dagrun for example_nested_branch_dag to 2024-04-23 00:00:00+00:00, run_after=2024-04-24 00:00:00+00:00
[2024-04-24T21:26:49.693+0000] {processor.py:183} INFO - Processing /home/airflow/.local/lib/python3.10/site-packages/airflow/example_dags/example_nested_branch_dag.py took 0.080 seconds
[2024-04-24T21:27:20.343+0000] {processor.py:161} INFO - Started process (PID=1461) to work on /home/airflow/.local/lib/python3.10/site-packages/airflow/example_dags/example_nested_branch_dag.py
[2024-04-24T21:27:20.344+0000] {processor.py:830} INFO - Processing file /home/airflow/.local/lib/python3.10/site-packages/airflow/example_dags/example_nested_branch_dag.py for tasks to queue
[2024-04-24T21:27:20.347+0000] {logging_mixin.py:188} INFO - [2024-04-24T21:27:20.346+0000] {dagbag.py:540} INFO - Filling up the DagBag from /home/airflow/.local/lib/python3.10/site-packages/airflow/example_dags/example_nested_branch_dag.py
[2024-04-24T21:27:20.358+0000] {processor.py:840} INFO - DAG(s) 'example_nested_branch_dag' retrieved from /home/airflow/.local/lib/python3.10/site-packages/airflow/example_dags/example_nested_branch_dag.py
[2024-04-24T21:27:20.381+0000] {logging_mixin.py:188} INFO - [2024-04-24T21:27:20.380+0000] {dag.py:3047} INFO - Sync 1 DAGs
[2024-04-24T21:27:20.401+0000] {logging_mixin.py:188} INFO - [2024-04-24T21:27:20.401+0000] {dag.py:3834} INFO - Setting next_dagrun for example_nested_branch_dag to 2024-04-23 00:00:00+00:00, run_after=2024-04-24 00:00:00+00:00
[2024-04-24T21:27:20.421+0000] {processor.py:183} INFO - Processing /home/airflow/.local/lib/python3.10/site-packages/airflow/example_dags/example_nested_branch_dag.py took 0.081 seconds
[2024-04-24T21:27:50.866+0000] {processor.py:161} INFO - Started process (PID=1517) to work on /home/airflow/.local/lib/python3.10/site-packages/airflow/example_dags/example_nested_branch_dag.py
[2024-04-24T21:27:50.868+0000] {processor.py:830} INFO - Processing file /home/airflow/.local/lib/python3.10/site-packages/airflow/example_dags/example_nested_branch_dag.py for tasks to queue
[2024-04-24T21:27:50.871+0000] {logging_mixin.py:188} INFO - [2024-04-24T21:27:50.871+0000] {dagbag.py:540} INFO - Filling up the DagBag from /home/airflow/.local/lib/python3.10/site-packages/airflow/example_dags/example_nested_branch_dag.py
[2024-04-24T21:27:50.881+0000] {processor.py:840} INFO - DAG(s) 'example_nested_branch_dag' retrieved from /home/airflow/.local/lib/python3.10/site-packages/airflow/example_dags/example_nested_branch_dag.py
[2024-04-24T21:27:50.907+0000] {logging_mixin.py:188} INFO - [2024-04-24T21:27:50.906+0000] {dag.py:3047} INFO - Sync 1 DAGs
[2024-04-24T21:27:51.256+0000] {logging_mixin.py:188} INFO - [2024-04-24T21:27:51.255+0000] {dag.py:3834} INFO - Setting next_dagrun for example_nested_branch_dag to 2024-04-23 00:00:00+00:00, run_after=2024-04-24 00:00:00+00:00
[2024-04-24T21:27:51.273+0000] {processor.py:183} INFO - Processing /home/airflow/.local/lib/python3.10/site-packages/airflow/example_dags/example_nested_branch_dag.py took 0.411 seconds
[2024-04-24T21:28:22.026+0000] {processor.py:161} INFO - Started process (PID=1572) to work on /home/airflow/.local/lib/python3.10/site-packages/airflow/example_dags/example_nested_branch_dag.py
[2024-04-24T21:28:22.027+0000] {processor.py:830} INFO - Processing file /home/airflow/.local/lib/python3.10/site-packages/airflow/example_dags/example_nested_branch_dag.py for tasks to queue
[2024-04-24T21:28:22.030+0000] {logging_mixin.py:188} INFO - [2024-04-24T21:28:22.029+0000] {dagbag.py:540} INFO - Filling up the DagBag from /home/airflow/.local/lib/python3.10/site-packages/airflow/example_dags/example_nested_branch_dag.py
[2024-04-24T21:28:22.040+0000] {processor.py:840} INFO - DAG(s) 'example_nested_branch_dag' retrieved from /home/airflow/.local/lib/python3.10/site-packages/airflow/example_dags/example_nested_branch_dag.py
[2024-04-24T21:28:22.100+0000] {logging_mixin.py:188} INFO - [2024-04-24T21:28:22.100+0000] {dag.py:3047} INFO - Sync 1 DAGs
[2024-04-24T21:28:22.299+0000] {logging_mixin.py:188} INFO - [2024-04-24T21:28:22.299+0000] {dag.py:3834} INFO - Setting next_dagrun for example_nested_branch_dag to 2024-04-23 00:00:00+00:00, run_after=2024-04-24 00:00:00+00:00
[2024-04-24T21:28:22.318+0000] {processor.py:183} INFO - Processing /home/airflow/.local/lib/python3.10/site-packages/airflow/example_dags/example_nested_branch_dag.py took 0.295 seconds
[2024-04-24T21:28:52.877+0000] {processor.py:161} INFO - Started process (PID=1627) to work on /home/airflow/.local/lib/python3.10/site-packages/airflow/example_dags/example_nested_branch_dag.py
[2024-04-24T21:28:52.878+0000] {processor.py:830} INFO - Processing file /home/airflow/.local/lib/python3.10/site-packages/airflow/example_dags/example_nested_branch_dag.py for tasks to queue
[2024-04-24T21:28:52.880+0000] {logging_mixin.py:188} INFO - [2024-04-24T21:28:52.880+0000] {dagbag.py:540} INFO - Filling up the DagBag from /home/airflow/.local/lib/python3.10/site-packages/airflow/example_dags/example_nested_branch_dag.py
[2024-04-24T21:28:52.889+0000] {processor.py:840} INFO - DAG(s) 'example_nested_branch_dag' retrieved from /home/airflow/.local/lib/python3.10/site-packages/airflow/example_dags/example_nested_branch_dag.py
[2024-04-24T21:28:52.913+0000] {logging_mixin.py:188} INFO - [2024-04-24T21:28:52.913+0000] {dag.py:3047} INFO - Sync 1 DAGs
[2024-04-24T21:28:52.935+0000] {logging_mixin.py:188} INFO - [2024-04-24T21:28:52.935+0000] {dag.py:3834} INFO - Setting next_dagrun for example_nested_branch_dag to 2024-04-23 00:00:00+00:00, run_after=2024-04-24 00:00:00+00:00
[2024-04-24T21:28:52.956+0000] {processor.py:183} INFO - Processing /home/airflow/.local/lib/python3.10/site-packages/airflow/example_dags/example_nested_branch_dag.py took 0.082 seconds
[2024-04-24T21:29:23.763+0000] {processor.py:161} INFO - Started process (PID=1683) to work on /home/airflow/.local/lib/python3.10/site-packages/airflow/example_dags/example_nested_branch_dag.py
[2024-04-24T21:29:23.764+0000] {processor.py:830} INFO - Processing file /home/airflow/.local/lib/python3.10/site-packages/airflow/example_dags/example_nested_branch_dag.py for tasks to queue
[2024-04-24T21:29:23.766+0000] {logging_mixin.py:188} INFO - [2024-04-24T21:29:23.766+0000] {dagbag.py:540} INFO - Filling up the DagBag from /home/airflow/.local/lib/python3.10/site-packages/airflow/example_dags/example_nested_branch_dag.py
[2024-04-24T21:29:23.776+0000] {processor.py:840} INFO - DAG(s) 'example_nested_branch_dag' retrieved from /home/airflow/.local/lib/python3.10/site-packages/airflow/example_dags/example_nested_branch_dag.py
[2024-04-24T21:29:23.798+0000] {logging_mixin.py:188} INFO - [2024-04-24T21:29:23.798+0000] {dag.py:3047} INFO - Sync 1 DAGs
[2024-04-24T21:29:23.819+0000] {logging_mixin.py:188} INFO - [2024-04-24T21:29:23.819+0000] {dag.py:3834} INFO - Setting next_dagrun for example_nested_branch_dag to 2024-04-23 00:00:00+00:00, run_after=2024-04-24 00:00:00+00:00
[2024-04-24T21:29:23.839+0000] {processor.py:183} INFO - Processing /home/airflow/.local/lib/python3.10/site-packages/airflow/example_dags/example_nested_branch_dag.py took 0.079 seconds
[2024-04-24T21:29:53.924+0000] {processor.py:161} INFO - Started process (PID=1738) to work on /home/airflow/.local/lib/python3.10/site-packages/airflow/example_dags/example_nested_branch_dag.py
[2024-04-24T21:29:53.925+0000] {processor.py:830} INFO - Processing file /home/airflow/.local/lib/python3.10/site-packages/airflow/example_dags/example_nested_branch_dag.py for tasks to queue
[2024-04-24T21:29:53.928+0000] {logging_mixin.py:188} INFO - [2024-04-24T21:29:53.927+0000] {dagbag.py:540} INFO - Filling up the DagBag from /home/airflow/.local/lib/python3.10/site-packages/airflow/example_dags/example_nested_branch_dag.py
[2024-04-24T21:29:54.071+0000] {processor.py:840} INFO - DAG(s) 'example_nested_branch_dag' retrieved from /home/airflow/.local/lib/python3.10/site-packages/airflow/example_dags/example_nested_branch_dag.py
[2024-04-24T21:29:54.088+0000] {logging_mixin.py:188} INFO - [2024-04-24T21:29:54.087+0000] {dag.py:3047} INFO - Sync 1 DAGs
[2024-04-24T21:29:54.106+0000] {logging_mixin.py:188} INFO - [2024-04-24T21:29:54.106+0000] {dag.py:3834} INFO - Setting next_dagrun for example_nested_branch_dag to 2024-04-23 00:00:00+00:00, run_after=2024-04-24 00:00:00+00:00
[2024-04-24T21:29:54.124+0000] {processor.py:183} INFO - Processing /home/airflow/.local/lib/python3.10/site-packages/airflow/example_dags/example_nested_branch_dag.py took 0.205 seconds
[2024-04-24T21:30:24.735+0000] {processor.py:161} INFO - Started process (PID=1794) to work on /home/airflow/.local/lib/python3.10/site-packages/airflow/example_dags/example_nested_branch_dag.py
[2024-04-24T21:30:24.736+0000] {processor.py:830} INFO - Processing file /home/airflow/.local/lib/python3.10/site-packages/airflow/example_dags/example_nested_branch_dag.py for tasks to queue
[2024-04-24T21:30:24.739+0000] {logging_mixin.py:188} INFO - [2024-04-24T21:30:24.739+0000] {dagbag.py:540} INFO - Filling up the DagBag from /home/airflow/.local/lib/python3.10/site-packages/airflow/example_dags/example_nested_branch_dag.py
[2024-04-24T21:30:24.753+0000] {processor.py:840} INFO - DAG(s) 'example_nested_branch_dag' retrieved from /home/airflow/.local/lib/python3.10/site-packages/airflow/example_dags/example_nested_branch_dag.py
[2024-04-24T21:30:24.781+0000] {logging_mixin.py:188} INFO - [2024-04-24T21:30:24.781+0000] {dag.py:3047} INFO - Sync 1 DAGs
[2024-04-24T21:30:24.811+0000] {logging_mixin.py:188} INFO - [2024-04-24T21:30:24.811+0000] {dag.py:3834} INFO - Setting next_dagrun for example_nested_branch_dag to 2024-04-23 00:00:00+00:00, run_after=2024-04-24 00:00:00+00:00
[2024-04-24T21:30:24.836+0000] {processor.py:183} INFO - Processing /home/airflow/.local/lib/python3.10/site-packages/airflow/example_dags/example_nested_branch_dag.py took 0.106 seconds
