[2024-04-24T21:14:40.359+0000] {processor.py:161} INFO - Started process (PID=90) to work on /home/airflow/.local/lib/python3.10/site-packages/airflow/example_dags/example_xcomargs.py
[2024-04-24T21:14:40.361+0000] {processor.py:830} INFO - Processing file /home/airflow/.local/lib/python3.10/site-packages/airflow/example_dags/example_xcomargs.py for tasks to queue
[2024-04-24T21:14:40.366+0000] {logging_mixin.py:188} INFO - [2024-04-24T21:14:40.365+0000] {dagbag.py:540} INFO - Filling up the DagBag from /home/airflow/.local/lib/python3.10/site-packages/airflow/example_dags/example_xcomargs.py
[2024-04-24T21:14:40.387+0000] {processor.py:840} INFO - DAG(s) 'example_xcom_args_with_operators', 'example_xcom_args' retrieved from /home/airflow/.local/lib/python3.10/site-packages/airflow/example_dags/example_xcomargs.py
[2024-04-24T21:14:40.663+0000] {logging_mixin.py:188} INFO - [2024-04-24T21:14:40.661+0000] {override.py:1769} INFO - Created Permission View: can edit on DAG:example_xcom_args_with_operators
[2024-04-24T21:14:40.690+0000] {logging_mixin.py:188} INFO - [2024-04-24T21:14:40.689+0000] {override.py:1769} INFO - Created Permission View: can read on DAG:example_xcom_args_with_operators
[2024-04-24T21:14:40.714+0000] {logging_mixin.py:188} INFO - [2024-04-24T21:14:40.714+0000] {override.py:1769} INFO - Created Permission View: can delete on DAG:example_xcom_args_with_operators
[2024-04-24T21:14:40.752+0000] {logging_mixin.py:188} INFO - [2024-04-24T21:14:40.751+0000] {override.py:1769} INFO - Created Permission View: can edit on DAG:example_xcom_args
[2024-04-24T21:14:40.776+0000] {logging_mixin.py:188} INFO - [2024-04-24T21:14:40.775+0000] {override.py:1769} INFO - Created Permission View: can read on DAG:example_xcom_args
[2024-04-24T21:14:40.797+0000] {logging_mixin.py:188} INFO - [2024-04-24T21:14:40.796+0000] {override.py:1769} INFO - Created Permission View: can delete on DAG:example_xcom_args
[2024-04-24T21:14:40.799+0000] {logging_mixin.py:188} INFO - [2024-04-24T21:14:40.798+0000] {dag.py:3047} INFO - Sync 2 DAGs
[2024-04-24T21:14:40.829+0000] {logging_mixin.py:188} INFO - [2024-04-24T21:14:40.828+0000] {dag.py:3069} INFO - Creating ORM DAG for example_xcom_args
[2024-04-24T21:14:40.840+0000] {logging_mixin.py:188} INFO - [2024-04-24T21:14:40.839+0000] {dag.py:3069} INFO - Creating ORM DAG for example_xcom_args_with_operators
[2024-04-24T21:14:40.845+0000] {logging_mixin.py:188} INFO - [2024-04-24T21:14:40.845+0000] {dag.py:3834} INFO - Setting next_dagrun for example_xcom_args to None, run_after=None
[2024-04-24T21:14:40.849+0000] {logging_mixin.py:188} INFO - [2024-04-24T21:14:40.849+0000] {dag.py:3834} INFO - Setting next_dagrun for example_xcom_args_with_operators to None, run_after=None
[2024-04-24T21:14:40.914+0000] {processor.py:183} INFO - Processing /home/airflow/.local/lib/python3.10/site-packages/airflow/example_dags/example_xcomargs.py took 0.561 seconds
[2024-04-24T21:15:16.166+0000] {processor.py:161} INFO - Started process (PID=152) to work on /home/airflow/.local/lib/python3.10/site-packages/airflow/example_dags/example_xcomargs.py
[2024-04-24T21:15:16.169+0000] {processor.py:830} INFO - Processing file /home/airflow/.local/lib/python3.10/site-packages/airflow/example_dags/example_xcomargs.py for tasks to queue
[2024-04-24T21:15:16.174+0000] {logging_mixin.py:188} INFO - [2024-04-24T21:15:16.173+0000] {dagbag.py:540} INFO - Filling up the DagBag from /home/airflow/.local/lib/python3.10/site-packages/airflow/example_dags/example_xcomargs.py
[2024-04-24T21:15:16.197+0000] {processor.py:840} INFO - DAG(s) 'example_xcom_args', 'example_xcom_args_with_operators' retrieved from /home/airflow/.local/lib/python3.10/site-packages/airflow/example_dags/example_xcomargs.py
[2024-04-24T21:15:16.242+0000] {logging_mixin.py:188} INFO - [2024-04-24T21:15:16.242+0000] {dag.py:3047} INFO - Sync 2 DAGs
[2024-04-24T21:15:16.264+0000] {logging_mixin.py:188} INFO - [2024-04-24T21:15:16.264+0000] {dag.py:3834} INFO - Setting next_dagrun for example_xcom_args to None, run_after=None
[2024-04-24T21:15:16.273+0000] {logging_mixin.py:188} INFO - [2024-04-24T21:15:16.273+0000] {dag.py:3834} INFO - Setting next_dagrun for example_xcom_args_with_operators to None, run_after=None
[2024-04-24T21:15:16.308+0000] {processor.py:183} INFO - Processing /home/airflow/.local/lib/python3.10/site-packages/airflow/example_dags/example_xcomargs.py took 0.149 seconds
[2024-04-24T21:15:47.130+0000] {processor.py:161} INFO - Started process (PID=210) to work on /home/airflow/.local/lib/python3.10/site-packages/airflow/example_dags/example_xcomargs.py
[2024-04-24T21:15:47.132+0000] {processor.py:830} INFO - Processing file /home/airflow/.local/lib/python3.10/site-packages/airflow/example_dags/example_xcomargs.py for tasks to queue
[2024-04-24T21:15:47.135+0000] {logging_mixin.py:188} INFO - [2024-04-24T21:15:47.135+0000] {dagbag.py:540} INFO - Filling up the DagBag from /home/airflow/.local/lib/python3.10/site-packages/airflow/example_dags/example_xcomargs.py
[2024-04-24T21:15:47.145+0000] {processor.py:840} INFO - DAG(s) 'example_xcom_args_with_operators', 'example_xcom_args' retrieved from /home/airflow/.local/lib/python3.10/site-packages/airflow/example_dags/example_xcomargs.py
[2024-04-24T21:15:47.170+0000] {logging_mixin.py:188} INFO - [2024-04-24T21:15:47.170+0000] {dag.py:3047} INFO - Sync 2 DAGs
[2024-04-24T21:15:47.184+0000] {logging_mixin.py:188} INFO - [2024-04-24T21:15:47.183+0000] {dag.py:3834} INFO - Setting next_dagrun for example_xcom_args to None, run_after=None
[2024-04-24T21:15:47.188+0000] {logging_mixin.py:188} INFO - [2024-04-24T21:15:47.188+0000] {dag.py:3834} INFO - Setting next_dagrun for example_xcom_args_with_operators to None, run_after=None
[2024-04-24T21:15:47.217+0000] {processor.py:183} INFO - Processing /home/airflow/.local/lib/python3.10/site-packages/airflow/example_dags/example_xcomargs.py took 0.091 seconds
[2024-04-24T21:16:21.326+0000] {processor.py:161} INFO - Started process (PID=274) to work on /home/airflow/.local/lib/python3.10/site-packages/airflow/example_dags/example_xcomargs.py
[2024-04-24T21:16:21.328+0000] {processor.py:830} INFO - Processing file /home/airflow/.local/lib/python3.10/site-packages/airflow/example_dags/example_xcomargs.py for tasks to queue
[2024-04-24T21:16:21.331+0000] {logging_mixin.py:188} INFO - [2024-04-24T21:16:21.331+0000] {dagbag.py:540} INFO - Filling up the DagBag from /home/airflow/.local/lib/python3.10/site-packages/airflow/example_dags/example_xcomargs.py
[2024-04-24T21:16:21.344+0000] {processor.py:840} INFO - DAG(s) 'example_xcom_args', 'example_xcom_args_with_operators' retrieved from /home/airflow/.local/lib/python3.10/site-packages/airflow/example_dags/example_xcomargs.py
[2024-04-24T21:16:21.380+0000] {logging_mixin.py:188} INFO - [2024-04-24T21:16:21.380+0000] {dag.py:3047} INFO - Sync 2 DAGs
[2024-04-24T21:16:21.399+0000] {logging_mixin.py:188} INFO - [2024-04-24T21:16:21.398+0000] {dag.py:3834} INFO - Setting next_dagrun for example_xcom_args to None, run_after=None
[2024-04-24T21:16:21.404+0000] {logging_mixin.py:188} INFO - [2024-04-24T21:16:21.404+0000] {dag.py:3834} INFO - Setting next_dagrun for example_xcom_args_with_operators to None, run_after=None
[2024-04-24T21:16:21.433+0000] {processor.py:183} INFO - Processing /home/airflow/.local/lib/python3.10/site-packages/airflow/example_dags/example_xcomargs.py took 0.113 seconds
[2024-04-24T21:16:59.021+0000] {processor.py:161} INFO - Started process (PID=338) to work on /home/airflow/.local/lib/python3.10/site-packages/airflow/example_dags/example_xcomargs.py
[2024-04-24T21:16:59.023+0000] {processor.py:830} INFO - Processing file /home/airflow/.local/lib/python3.10/site-packages/airflow/example_dags/example_xcomargs.py for tasks to queue
[2024-04-24T21:16:59.027+0000] {logging_mixin.py:188} INFO - [2024-04-24T21:16:59.026+0000] {dagbag.py:540} INFO - Filling up the DagBag from /home/airflow/.local/lib/python3.10/site-packages/airflow/example_dags/example_xcomargs.py
[2024-04-24T21:16:59.041+0000] {processor.py:840} INFO - DAG(s) 'example_xcom_args', 'example_xcom_args_with_operators' retrieved from /home/airflow/.local/lib/python3.10/site-packages/airflow/example_dags/example_xcomargs.py
[2024-04-24T21:16:59.084+0000] {logging_mixin.py:188} INFO - [2024-04-24T21:16:59.083+0000] {dag.py:3047} INFO - Sync 2 DAGs
[2024-04-24T21:16:59.115+0000] {logging_mixin.py:188} INFO - [2024-04-24T21:16:59.114+0000] {dag.py:3834} INFO - Setting next_dagrun for example_xcom_args to None, run_after=None
[2024-04-24T21:16:59.124+0000] {logging_mixin.py:188} INFO - [2024-04-24T21:16:59.123+0000] {dag.py:3834} INFO - Setting next_dagrun for example_xcom_args_with_operators to None, run_after=None
[2024-04-24T21:16:59.158+0000] {processor.py:183} INFO - Processing /home/airflow/.local/lib/python3.10/site-packages/airflow/example_dags/example_xcomargs.py took 0.143 seconds
[2024-04-24T21:17:29.476+0000] {processor.py:161} INFO - Started process (PID=394) to work on /home/airflow/.local/lib/python3.10/site-packages/airflow/example_dags/example_xcomargs.py
[2024-04-24T21:17:29.479+0000] {processor.py:830} INFO - Processing file /home/airflow/.local/lib/python3.10/site-packages/airflow/example_dags/example_xcomargs.py for tasks to queue
[2024-04-24T21:17:29.484+0000] {logging_mixin.py:188} INFO - [2024-04-24T21:17:29.483+0000] {dagbag.py:540} INFO - Filling up the DagBag from /home/airflow/.local/lib/python3.10/site-packages/airflow/example_dags/example_xcomargs.py
[2024-04-24T21:17:29.496+0000] {processor.py:840} INFO - DAG(s) 'example_xcom_args', 'example_xcom_args_with_operators' retrieved from /home/airflow/.local/lib/python3.10/site-packages/airflow/example_dags/example_xcomargs.py
[2024-04-24T21:17:29.527+0000] {logging_mixin.py:188} INFO - [2024-04-24T21:17:29.526+0000] {dag.py:3047} INFO - Sync 2 DAGs
[2024-04-24T21:17:29.544+0000] {logging_mixin.py:188} INFO - [2024-04-24T21:17:29.543+0000] {dag.py:3834} INFO - Setting next_dagrun for example_xcom_args to None, run_after=None
[2024-04-24T21:17:29.548+0000] {logging_mixin.py:188} INFO - [2024-04-24T21:17:29.548+0000] {dag.py:3834} INFO - Setting next_dagrun for example_xcom_args_with_operators to None, run_after=None
[2024-04-24T21:17:29.570+0000] {processor.py:183} INFO - Processing /home/airflow/.local/lib/python3.10/site-packages/airflow/example_dags/example_xcomargs.py took 0.099 seconds
[2024-04-24T21:18:00.024+0000] {processor.py:161} INFO - Started process (PID=449) to work on /home/airflow/.local/lib/python3.10/site-packages/airflow/example_dags/example_xcomargs.py
[2024-04-24T21:18:00.027+0000] {processor.py:830} INFO - Processing file /home/airflow/.local/lib/python3.10/site-packages/airflow/example_dags/example_xcomargs.py for tasks to queue
[2024-04-24T21:18:00.029+0000] {logging_mixin.py:188} INFO - [2024-04-24T21:18:00.029+0000] {dagbag.py:540} INFO - Filling up the DagBag from /home/airflow/.local/lib/python3.10/site-packages/airflow/example_dags/example_xcomargs.py
[2024-04-24T21:18:00.037+0000] {processor.py:840} INFO - DAG(s) 'example_xcom_args', 'example_xcom_args_with_operators' retrieved from /home/airflow/.local/lib/python3.10/site-packages/airflow/example_dags/example_xcomargs.py
[2024-04-24T21:18:00.067+0000] {logging_mixin.py:188} INFO - [2024-04-24T21:18:00.067+0000] {dag.py:3047} INFO - Sync 2 DAGs
[2024-04-24T21:18:00.081+0000] {logging_mixin.py:188} INFO - [2024-04-24T21:18:00.081+0000] {dag.py:3834} INFO - Setting next_dagrun for example_xcom_args to None, run_after=None
[2024-04-24T21:18:00.085+0000] {logging_mixin.py:188} INFO - [2024-04-24T21:18:00.085+0000] {dag.py:3834} INFO - Setting next_dagrun for example_xcom_args_with_operators to None, run_after=None
[2024-04-24T21:18:00.107+0000] {processor.py:183} INFO - Processing /home/airflow/.local/lib/python3.10/site-packages/airflow/example_dags/example_xcomargs.py took 0.086 seconds
[2024-04-24T21:18:30.339+0000] {processor.py:161} INFO - Started process (PID=504) to work on /home/airflow/.local/lib/python3.10/site-packages/airflow/example_dags/example_xcomargs.py
[2024-04-24T21:18:30.341+0000] {processor.py:830} INFO - Processing file /home/airflow/.local/lib/python3.10/site-packages/airflow/example_dags/example_xcomargs.py for tasks to queue
[2024-04-24T21:18:30.344+0000] {logging_mixin.py:188} INFO - [2024-04-24T21:18:30.344+0000] {dagbag.py:540} INFO - Filling up the DagBag from /home/airflow/.local/lib/python3.10/site-packages/airflow/example_dags/example_xcomargs.py
[2024-04-24T21:18:30.356+0000] {processor.py:840} INFO - DAG(s) 'example_xcom_args_with_operators', 'example_xcom_args' retrieved from /home/airflow/.local/lib/python3.10/site-packages/airflow/example_dags/example_xcomargs.py
[2024-04-24T21:18:30.388+0000] {logging_mixin.py:188} INFO - [2024-04-24T21:18:30.387+0000] {dag.py:3047} INFO - Sync 2 DAGs
[2024-04-24T21:18:30.401+0000] {logging_mixin.py:188} INFO - [2024-04-24T21:18:30.401+0000] {dag.py:3834} INFO - Setting next_dagrun for example_xcom_args to None, run_after=None
[2024-04-24T21:18:30.407+0000] {logging_mixin.py:188} INFO - [2024-04-24T21:18:30.406+0000] {dag.py:3834} INFO - Setting next_dagrun for example_xcom_args_with_operators to None, run_after=None
[2024-04-24T21:18:30.425+0000] {processor.py:183} INFO - Processing /home/airflow/.local/lib/python3.10/site-packages/airflow/example_dags/example_xcomargs.py took 0.090 seconds
[2024-04-24T21:19:01.540+0000] {processor.py:161} INFO - Started process (PID=560) to work on /home/airflow/.local/lib/python3.10/site-packages/airflow/example_dags/example_xcomargs.py
[2024-04-24T21:19:01.542+0000] {processor.py:830} INFO - Processing file /home/airflow/.local/lib/python3.10/site-packages/airflow/example_dags/example_xcomargs.py for tasks to queue
[2024-04-24T21:19:01.546+0000] {logging_mixin.py:188} INFO - [2024-04-24T21:19:01.545+0000] {dagbag.py:540} INFO - Filling up the DagBag from /home/airflow/.local/lib/python3.10/site-packages/airflow/example_dags/example_xcomargs.py
[2024-04-24T21:19:01.561+0000] {processor.py:840} INFO - DAG(s) 'example_xcom_args_with_operators', 'example_xcom_args' retrieved from /home/airflow/.local/lib/python3.10/site-packages/airflow/example_dags/example_xcomargs.py
[2024-04-24T21:19:01.603+0000] {logging_mixin.py:188} INFO - [2024-04-24T21:19:01.602+0000] {dag.py:3047} INFO - Sync 2 DAGs
[2024-04-24T21:19:01.623+0000] {logging_mixin.py:188} INFO - [2024-04-24T21:19:01.623+0000] {dag.py:3834} INFO - Setting next_dagrun for example_xcom_args to None, run_after=None
[2024-04-24T21:19:01.628+0000] {logging_mixin.py:188} INFO - [2024-04-24T21:19:01.628+0000] {dag.py:3834} INFO - Setting next_dagrun for example_xcom_args_with_operators to None, run_after=None
[2024-04-24T21:19:01.657+0000] {processor.py:183} INFO - Processing /home/airflow/.local/lib/python3.10/site-packages/airflow/example_dags/example_xcomargs.py took 0.122 seconds
[2024-04-24T21:19:32.000+0000] {processor.py:161} INFO - Started process (PID=616) to work on /home/airflow/.local/lib/python3.10/site-packages/airflow/example_dags/example_xcomargs.py
[2024-04-24T21:19:32.002+0000] {processor.py:830} INFO - Processing file /home/airflow/.local/lib/python3.10/site-packages/airflow/example_dags/example_xcomargs.py for tasks to queue
[2024-04-24T21:19:32.004+0000] {logging_mixin.py:188} INFO - [2024-04-24T21:19:32.004+0000] {dagbag.py:540} INFO - Filling up the DagBag from /home/airflow/.local/lib/python3.10/site-packages/airflow/example_dags/example_xcomargs.py
[2024-04-24T21:19:32.012+0000] {processor.py:840} INFO - DAG(s) 'example_xcom_args_with_operators', 'example_xcom_args' retrieved from /home/airflow/.local/lib/python3.10/site-packages/airflow/example_dags/example_xcomargs.py
[2024-04-24T21:19:32.037+0000] {logging_mixin.py:188} INFO - [2024-04-24T21:19:32.037+0000] {dag.py:3047} INFO - Sync 2 DAGs
[2024-04-24T21:19:32.051+0000] {logging_mixin.py:188} INFO - [2024-04-24T21:19:32.051+0000] {dag.py:3834} INFO - Setting next_dagrun for example_xcom_args to None, run_after=None
[2024-04-24T21:19:32.056+0000] {logging_mixin.py:188} INFO - [2024-04-24T21:19:32.056+0000] {dag.py:3834} INFO - Setting next_dagrun for example_xcom_args_with_operators to None, run_after=None
[2024-04-24T21:19:32.074+0000] {processor.py:183} INFO - Processing /home/airflow/.local/lib/python3.10/site-packages/airflow/example_dags/example_xcomargs.py took 0.076 seconds
[2024-04-24T21:20:02.633+0000] {processor.py:161} INFO - Started process (PID=672) to work on /home/airflow/.local/lib/python3.10/site-packages/airflow/example_dags/example_xcomargs.py
[2024-04-24T21:20:02.635+0000] {processor.py:830} INFO - Processing file /home/airflow/.local/lib/python3.10/site-packages/airflow/example_dags/example_xcomargs.py for tasks to queue
[2024-04-24T21:20:02.637+0000] {logging_mixin.py:188} INFO - [2024-04-24T21:20:02.636+0000] {dagbag.py:540} INFO - Filling up the DagBag from /home/airflow/.local/lib/python3.10/site-packages/airflow/example_dags/example_xcomargs.py
[2024-04-24T21:20:02.645+0000] {processor.py:840} INFO - DAG(s) 'example_xcom_args_with_operators', 'example_xcom_args' retrieved from /home/airflow/.local/lib/python3.10/site-packages/airflow/example_dags/example_xcomargs.py
[2024-04-24T21:20:02.667+0000] {logging_mixin.py:188} INFO - [2024-04-24T21:20:02.667+0000] {dag.py:3047} INFO - Sync 2 DAGs
[2024-04-24T21:20:02.678+0000] {logging_mixin.py:188} INFO - [2024-04-24T21:20:02.678+0000] {dag.py:3834} INFO - Setting next_dagrun for example_xcom_args to None, run_after=None
[2024-04-24T21:20:02.682+0000] {logging_mixin.py:188} INFO - [2024-04-24T21:20:02.682+0000] {dag.py:3834} INFO - Setting next_dagrun for example_xcom_args_with_operators to None, run_after=None
[2024-04-24T21:20:02.699+0000] {processor.py:183} INFO - Processing /home/airflow/.local/lib/python3.10/site-packages/airflow/example_dags/example_xcomargs.py took 0.069 seconds
[2024-04-24T21:20:33.139+0000] {processor.py:161} INFO - Started process (PID=728) to work on /home/airflow/.local/lib/python3.10/site-packages/airflow/example_dags/example_xcomargs.py
[2024-04-24T21:20:33.141+0000] {processor.py:830} INFO - Processing file /home/airflow/.local/lib/python3.10/site-packages/airflow/example_dags/example_xcomargs.py for tasks to queue
[2024-04-24T21:20:33.144+0000] {logging_mixin.py:188} INFO - [2024-04-24T21:20:33.144+0000] {dagbag.py:540} INFO - Filling up the DagBag from /home/airflow/.local/lib/python3.10/site-packages/airflow/example_dags/example_xcomargs.py
[2024-04-24T21:20:33.156+0000] {processor.py:840} INFO - DAG(s) 'example_xcom_args_with_operators', 'example_xcom_args' retrieved from /home/airflow/.local/lib/python3.10/site-packages/airflow/example_dags/example_xcomargs.py
[2024-04-24T21:20:33.184+0000] {logging_mixin.py:188} INFO - [2024-04-24T21:20:33.184+0000] {dag.py:3047} INFO - Sync 2 DAGs
[2024-04-24T21:20:33.199+0000] {logging_mixin.py:188} INFO - [2024-04-24T21:20:33.198+0000] {dag.py:3834} INFO - Setting next_dagrun for example_xcom_args to None, run_after=None
[2024-04-24T21:20:33.204+0000] {logging_mixin.py:188} INFO - [2024-04-24T21:20:33.204+0000] {dag.py:3834} INFO - Setting next_dagrun for example_xcom_args_with_operators to None, run_after=None
[2024-04-24T21:20:33.227+0000] {processor.py:183} INFO - Processing /home/airflow/.local/lib/python3.10/site-packages/airflow/example_dags/example_xcomargs.py took 0.092 seconds
[2024-04-24T21:21:04.053+0000] {processor.py:161} INFO - Started process (PID=784) to work on /home/airflow/.local/lib/python3.10/site-packages/airflow/example_dags/example_xcomargs.py
[2024-04-24T21:21:04.054+0000] {processor.py:830} INFO - Processing file /home/airflow/.local/lib/python3.10/site-packages/airflow/example_dags/example_xcomargs.py for tasks to queue
[2024-04-24T21:21:04.056+0000] {logging_mixin.py:188} INFO - [2024-04-24T21:21:04.056+0000] {dagbag.py:540} INFO - Filling up the DagBag from /home/airflow/.local/lib/python3.10/site-packages/airflow/example_dags/example_xcomargs.py
[2024-04-24T21:21:04.064+0000] {processor.py:840} INFO - DAG(s) 'example_xcom_args', 'example_xcom_args_with_operators' retrieved from /home/airflow/.local/lib/python3.10/site-packages/airflow/example_dags/example_xcomargs.py
[2024-04-24T21:21:04.088+0000] {logging_mixin.py:188} INFO - [2024-04-24T21:21:04.088+0000] {dag.py:3047} INFO - Sync 2 DAGs
[2024-04-24T21:21:04.101+0000] {logging_mixin.py:188} INFO - [2024-04-24T21:21:04.101+0000] {dag.py:3834} INFO - Setting next_dagrun for example_xcom_args to None, run_after=None
[2024-04-24T21:21:04.106+0000] {logging_mixin.py:188} INFO - [2024-04-24T21:21:04.106+0000] {dag.py:3834} INFO - Setting next_dagrun for example_xcom_args_with_operators to None, run_after=None
[2024-04-24T21:21:04.124+0000] {processor.py:183} INFO - Processing /home/airflow/.local/lib/python3.10/site-packages/airflow/example_dags/example_xcomargs.py took 0.075 seconds
[2024-04-24T21:21:35.106+0000] {processor.py:161} INFO - Started process (PID=840) to work on /home/airflow/.local/lib/python3.10/site-packages/airflow/example_dags/example_xcomargs.py
[2024-04-24T21:21:35.107+0000] {processor.py:830} INFO - Processing file /home/airflow/.local/lib/python3.10/site-packages/airflow/example_dags/example_xcomargs.py for tasks to queue
[2024-04-24T21:21:35.109+0000] {logging_mixin.py:188} INFO - [2024-04-24T21:21:35.109+0000] {dagbag.py:540} INFO - Filling up the DagBag from /home/airflow/.local/lib/python3.10/site-packages/airflow/example_dags/example_xcomargs.py
[2024-04-24T21:21:35.117+0000] {processor.py:840} INFO - DAG(s) 'example_xcom_args', 'example_xcom_args_with_operators' retrieved from /home/airflow/.local/lib/python3.10/site-packages/airflow/example_dags/example_xcomargs.py
[2024-04-24T21:21:35.141+0000] {logging_mixin.py:188} INFO - [2024-04-24T21:21:35.141+0000] {dag.py:3047} INFO - Sync 2 DAGs
[2024-04-24T21:21:35.153+0000] {logging_mixin.py:188} INFO - [2024-04-24T21:21:35.152+0000] {dag.py:3834} INFO - Setting next_dagrun for example_xcom_args to None, run_after=None
[2024-04-24T21:21:35.156+0000] {logging_mixin.py:188} INFO - [2024-04-24T21:21:35.156+0000] {dag.py:3834} INFO - Setting next_dagrun for example_xcom_args_with_operators to None, run_after=None
[2024-04-24T21:21:35.172+0000] {processor.py:183} INFO - Processing /home/airflow/.local/lib/python3.10/site-packages/airflow/example_dags/example_xcomargs.py took 0.069 seconds
[2024-04-24T21:22:05.342+0000] {processor.py:161} INFO - Started process (PID=895) to work on /home/airflow/.local/lib/python3.10/site-packages/airflow/example_dags/example_xcomargs.py
[2024-04-24T21:22:05.344+0000] {processor.py:830} INFO - Processing file /home/airflow/.local/lib/python3.10/site-packages/airflow/example_dags/example_xcomargs.py for tasks to queue
[2024-04-24T21:22:05.346+0000] {logging_mixin.py:188} INFO - [2024-04-24T21:22:05.346+0000] {dagbag.py:540} INFO - Filling up the DagBag from /home/airflow/.local/lib/python3.10/site-packages/airflow/example_dags/example_xcomargs.py
[2024-04-24T21:22:05.354+0000] {processor.py:840} INFO - DAG(s) 'example_xcom_args_with_operators', 'example_xcom_args' retrieved from /home/airflow/.local/lib/python3.10/site-packages/airflow/example_dags/example_xcomargs.py
[2024-04-24T21:22:05.379+0000] {logging_mixin.py:188} INFO - [2024-04-24T21:22:05.379+0000] {dag.py:3047} INFO - Sync 2 DAGs
[2024-04-24T21:22:05.391+0000] {logging_mixin.py:188} INFO - [2024-04-24T21:22:05.391+0000] {dag.py:3834} INFO - Setting next_dagrun for example_xcom_args to None, run_after=None
[2024-04-24T21:22:05.395+0000] {logging_mixin.py:188} INFO - [2024-04-24T21:22:05.395+0000] {dag.py:3834} INFO - Setting next_dagrun for example_xcom_args_with_operators to None, run_after=None
[2024-04-24T21:22:05.414+0000] {processor.py:183} INFO - Processing /home/airflow/.local/lib/python3.10/site-packages/airflow/example_dags/example_xcomargs.py took 0.075 seconds
[2024-04-24T21:22:36.236+0000] {processor.py:161} INFO - Started process (PID=951) to work on /home/airflow/.local/lib/python3.10/site-packages/airflow/example_dags/example_xcomargs.py
[2024-04-24T21:22:36.237+0000] {processor.py:830} INFO - Processing file /home/airflow/.local/lib/python3.10/site-packages/airflow/example_dags/example_xcomargs.py for tasks to queue
[2024-04-24T21:22:36.239+0000] {logging_mixin.py:188} INFO - [2024-04-24T21:22:36.239+0000] {dagbag.py:540} INFO - Filling up the DagBag from /home/airflow/.local/lib/python3.10/site-packages/airflow/example_dags/example_xcomargs.py
[2024-04-24T21:22:36.247+0000] {processor.py:840} INFO - DAG(s) 'example_xcom_args_with_operators', 'example_xcom_args' retrieved from /home/airflow/.local/lib/python3.10/site-packages/airflow/example_dags/example_xcomargs.py
[2024-04-24T21:22:36.270+0000] {logging_mixin.py:188} INFO - [2024-04-24T21:22:36.270+0000] {dag.py:3047} INFO - Sync 2 DAGs
[2024-04-24T21:22:36.281+0000] {logging_mixin.py:188} INFO - [2024-04-24T21:22:36.280+0000] {dag.py:3834} INFO - Setting next_dagrun for example_xcom_args to None, run_after=None
[2024-04-24T21:22:36.285+0000] {logging_mixin.py:188} INFO - [2024-04-24T21:22:36.285+0000] {dag.py:3834} INFO - Setting next_dagrun for example_xcom_args_with_operators to None, run_after=None
[2024-04-24T21:22:36.302+0000] {processor.py:183} INFO - Processing /home/airflow/.local/lib/python3.10/site-packages/airflow/example_dags/example_xcomargs.py took 0.070 seconds
[2024-04-24T21:23:06.548+0000] {processor.py:161} INFO - Started process (PID=1006) to work on /home/airflow/.local/lib/python3.10/site-packages/airflow/example_dags/example_xcomargs.py
[2024-04-24T21:23:06.549+0000] {processor.py:830} INFO - Processing file /home/airflow/.local/lib/python3.10/site-packages/airflow/example_dags/example_xcomargs.py for tasks to queue
[2024-04-24T21:23:06.551+0000] {logging_mixin.py:188} INFO - [2024-04-24T21:23:06.551+0000] {dagbag.py:540} INFO - Filling up the DagBag from /home/airflow/.local/lib/python3.10/site-packages/airflow/example_dags/example_xcomargs.py
[2024-04-24T21:23:06.559+0000] {processor.py:840} INFO - DAG(s) 'example_xcom_args_with_operators', 'example_xcom_args' retrieved from /home/airflow/.local/lib/python3.10/site-packages/airflow/example_dags/example_xcomargs.py
[2024-04-24T21:23:06.582+0000] {logging_mixin.py:188} INFO - [2024-04-24T21:23:06.582+0000] {dag.py:3047} INFO - Sync 2 DAGs
[2024-04-24T21:23:06.596+0000] {logging_mixin.py:188} INFO - [2024-04-24T21:23:06.596+0000] {dag.py:3834} INFO - Setting next_dagrun for example_xcom_args to None, run_after=None
[2024-04-24T21:23:06.600+0000] {logging_mixin.py:188} INFO - [2024-04-24T21:23:06.600+0000] {dag.py:3834} INFO - Setting next_dagrun for example_xcom_args_with_operators to None, run_after=None
[2024-04-24T21:23:06.621+0000] {processor.py:183} INFO - Processing /home/airflow/.local/lib/python3.10/site-packages/airflow/example_dags/example_xcomargs.py took 0.076 seconds
[2024-04-24T21:23:36.982+0000] {processor.py:161} INFO - Started process (PID=1061) to work on /home/airflow/.local/lib/python3.10/site-packages/airflow/example_dags/example_xcomargs.py
[2024-04-24T21:23:36.983+0000] {processor.py:830} INFO - Processing file /home/airflow/.local/lib/python3.10/site-packages/airflow/example_dags/example_xcomargs.py for tasks to queue
[2024-04-24T21:23:36.985+0000] {logging_mixin.py:188} INFO - [2024-04-24T21:23:36.985+0000] {dagbag.py:540} INFO - Filling up the DagBag from /home/airflow/.local/lib/python3.10/site-packages/airflow/example_dags/example_xcomargs.py
[2024-04-24T21:23:36.993+0000] {processor.py:840} INFO - DAG(s) 'example_xcom_args_with_operators', 'example_xcom_args' retrieved from /home/airflow/.local/lib/python3.10/site-packages/airflow/example_dags/example_xcomargs.py
[2024-04-24T21:23:37.020+0000] {logging_mixin.py:188} INFO - [2024-04-24T21:23:37.019+0000] {dag.py:3047} INFO - Sync 2 DAGs
[2024-04-24T21:23:37.032+0000] {logging_mixin.py:188} INFO - [2024-04-24T21:23:37.031+0000] {dag.py:3834} INFO - Setting next_dagrun for example_xcom_args to None, run_after=None
[2024-04-24T21:23:37.036+0000] {logging_mixin.py:188} INFO - [2024-04-24T21:23:37.036+0000] {dag.py:3834} INFO - Setting next_dagrun for example_xcom_args_with_operators to None, run_after=None
[2024-04-24T21:23:37.057+0000] {processor.py:183} INFO - Processing /home/airflow/.local/lib/python3.10/site-packages/airflow/example_dags/example_xcomargs.py took 0.080 seconds
[2024-04-24T21:24:07.378+0000] {processor.py:161} INFO - Started process (PID=1116) to work on /home/airflow/.local/lib/python3.10/site-packages/airflow/example_dags/example_xcomargs.py
[2024-04-24T21:24:07.380+0000] {processor.py:830} INFO - Processing file /home/airflow/.local/lib/python3.10/site-packages/airflow/example_dags/example_xcomargs.py for tasks to queue
[2024-04-24T21:24:07.381+0000] {logging_mixin.py:188} INFO - [2024-04-24T21:24:07.381+0000] {dagbag.py:540} INFO - Filling up the DagBag from /home/airflow/.local/lib/python3.10/site-packages/airflow/example_dags/example_xcomargs.py
[2024-04-24T21:24:07.390+0000] {processor.py:840} INFO - DAG(s) 'example_xcom_args', 'example_xcom_args_with_operators' retrieved from /home/airflow/.local/lib/python3.10/site-packages/airflow/example_dags/example_xcomargs.py
[2024-04-24T21:24:07.414+0000] {logging_mixin.py:188} INFO - [2024-04-24T21:24:07.414+0000] {dag.py:3047} INFO - Sync 2 DAGs
[2024-04-24T21:24:07.428+0000] {logging_mixin.py:188} INFO - [2024-04-24T21:24:07.427+0000] {dag.py:3834} INFO - Setting next_dagrun for example_xcom_args to None, run_after=None
[2024-04-24T21:24:07.433+0000] {logging_mixin.py:188} INFO - [2024-04-24T21:24:07.432+0000] {dag.py:3834} INFO - Setting next_dagrun for example_xcom_args_with_operators to None, run_after=None
[2024-04-24T21:24:07.453+0000] {processor.py:183} INFO - Processing /home/airflow/.local/lib/python3.10/site-packages/airflow/example_dags/example_xcomargs.py took 0.077 seconds
[2024-04-24T21:24:37.714+0000] {processor.py:161} INFO - Started process (PID=1172) to work on /home/airflow/.local/lib/python3.10/site-packages/airflow/example_dags/example_xcomargs.py
[2024-04-24T21:24:37.716+0000] {processor.py:830} INFO - Processing file /home/airflow/.local/lib/python3.10/site-packages/airflow/example_dags/example_xcomargs.py for tasks to queue
[2024-04-24T21:24:37.718+0000] {logging_mixin.py:188} INFO - [2024-04-24T21:24:37.718+0000] {dagbag.py:540} INFO - Filling up the DagBag from /home/airflow/.local/lib/python3.10/site-packages/airflow/example_dags/example_xcomargs.py
[2024-04-24T21:24:37.727+0000] {processor.py:840} INFO - DAG(s) 'example_xcom_args', 'example_xcom_args_with_operators' retrieved from /home/airflow/.local/lib/python3.10/site-packages/airflow/example_dags/example_xcomargs.py
[2024-04-24T21:24:37.751+0000] {logging_mixin.py:188} INFO - [2024-04-24T21:24:37.751+0000] {dag.py:3047} INFO - Sync 2 DAGs
[2024-04-24T21:24:37.765+0000] {logging_mixin.py:188} INFO - [2024-04-24T21:24:37.764+0000] {dag.py:3834} INFO - Setting next_dagrun for example_xcom_args to None, run_after=None
[2024-04-24T21:24:37.769+0000] {logging_mixin.py:188} INFO - [2024-04-24T21:24:37.769+0000] {dag.py:3834} INFO - Setting next_dagrun for example_xcom_args_with_operators to None, run_after=None
[2024-04-24T21:24:37.787+0000] {processor.py:183} INFO - Processing /home/airflow/.local/lib/python3.10/site-packages/airflow/example_dags/example_xcomargs.py took 0.076 seconds
[2024-04-24T21:25:08.113+0000] {processor.py:161} INFO - Started process (PID=1227) to work on /home/airflow/.local/lib/python3.10/site-packages/airflow/example_dags/example_xcomargs.py
[2024-04-24T21:25:08.114+0000] {processor.py:830} INFO - Processing file /home/airflow/.local/lib/python3.10/site-packages/airflow/example_dags/example_xcomargs.py for tasks to queue
[2024-04-24T21:25:08.116+0000] {logging_mixin.py:188} INFO - [2024-04-24T21:25:08.116+0000] {dagbag.py:540} INFO - Filling up the DagBag from /home/airflow/.local/lib/python3.10/site-packages/airflow/example_dags/example_xcomargs.py
[2024-04-24T21:25:08.125+0000] {processor.py:840} INFO - DAG(s) 'example_xcom_args_with_operators', 'example_xcom_args' retrieved from /home/airflow/.local/lib/python3.10/site-packages/airflow/example_dags/example_xcomargs.py
[2024-04-24T21:25:08.150+0000] {logging_mixin.py:188} INFO - [2024-04-24T21:25:08.150+0000] {dag.py:3047} INFO - Sync 2 DAGs
[2024-04-24T21:25:08.162+0000] {logging_mixin.py:188} INFO - [2024-04-24T21:25:08.162+0000] {dag.py:3834} INFO - Setting next_dagrun for example_xcom_args to None, run_after=None
[2024-04-24T21:25:08.167+0000] {logging_mixin.py:188} INFO - [2024-04-24T21:25:08.166+0000] {dag.py:3834} INFO - Setting next_dagrun for example_xcom_args_with_operators to None, run_after=None
[2024-04-24T21:25:08.186+0000] {processor.py:183} INFO - Processing /home/airflow/.local/lib/python3.10/site-packages/airflow/example_dags/example_xcomargs.py took 0.077 seconds
[2024-04-24T21:25:38.557+0000] {processor.py:161} INFO - Started process (PID=1283) to work on /home/airflow/.local/lib/python3.10/site-packages/airflow/example_dags/example_xcomargs.py
[2024-04-24T21:25:38.558+0000] {processor.py:830} INFO - Processing file /home/airflow/.local/lib/python3.10/site-packages/airflow/example_dags/example_xcomargs.py for tasks to queue
[2024-04-24T21:25:38.560+0000] {logging_mixin.py:188} INFO - [2024-04-24T21:25:38.560+0000] {dagbag.py:540} INFO - Filling up the DagBag from /home/airflow/.local/lib/python3.10/site-packages/airflow/example_dags/example_xcomargs.py
[2024-04-24T21:25:38.568+0000] {processor.py:840} INFO - DAG(s) 'example_xcom_args_with_operators', 'example_xcom_args' retrieved from /home/airflow/.local/lib/python3.10/site-packages/airflow/example_dags/example_xcomargs.py
[2024-04-24T21:25:38.593+0000] {logging_mixin.py:188} INFO - [2024-04-24T21:25:38.593+0000] {dag.py:3047} INFO - Sync 2 DAGs
[2024-04-24T21:25:38.606+0000] {logging_mixin.py:188} INFO - [2024-04-24T21:25:38.606+0000] {dag.py:3834} INFO - Setting next_dagrun for example_xcom_args to None, run_after=None
[2024-04-24T21:25:38.610+0000] {logging_mixin.py:188} INFO - [2024-04-24T21:25:38.610+0000] {dag.py:3834} INFO - Setting next_dagrun for example_xcom_args_with_operators to None, run_after=None
[2024-04-24T21:25:38.631+0000] {processor.py:183} INFO - Processing /home/airflow/.local/lib/python3.10/site-packages/airflow/example_dags/example_xcomargs.py took 0.077 seconds
[2024-04-24T21:26:09.023+0000] {processor.py:161} INFO - Started process (PID=1338) to work on /home/airflow/.local/lib/python3.10/site-packages/airflow/example_dags/example_xcomargs.py
[2024-04-24T21:26:09.025+0000] {processor.py:830} INFO - Processing file /home/airflow/.local/lib/python3.10/site-packages/airflow/example_dags/example_xcomargs.py for tasks to queue
[2024-04-24T21:26:09.027+0000] {logging_mixin.py:188} INFO - [2024-04-24T21:26:09.027+0000] {dagbag.py:540} INFO - Filling up the DagBag from /home/airflow/.local/lib/python3.10/site-packages/airflow/example_dags/example_xcomargs.py
[2024-04-24T21:26:09.034+0000] {processor.py:840} INFO - DAG(s) 'example_xcom_args', 'example_xcom_args_with_operators' retrieved from /home/airflow/.local/lib/python3.10/site-packages/airflow/example_dags/example_xcomargs.py
[2024-04-24T21:26:09.061+0000] {logging_mixin.py:188} INFO - [2024-04-24T21:26:09.061+0000] {dag.py:3047} INFO - Sync 2 DAGs
[2024-04-24T21:26:09.074+0000] {logging_mixin.py:188} INFO - [2024-04-24T21:26:09.073+0000] {dag.py:3834} INFO - Setting next_dagrun for example_xcom_args to None, run_after=None
[2024-04-24T21:26:09.078+0000] {logging_mixin.py:188} INFO - [2024-04-24T21:26:09.078+0000] {dag.py:3834} INFO - Setting next_dagrun for example_xcom_args_with_operators to None, run_after=None
[2024-04-24T21:26:09.097+0000] {processor.py:183} INFO - Processing /home/airflow/.local/lib/python3.10/site-packages/airflow/example_dags/example_xcomargs.py took 0.077 seconds
[2024-04-24T21:26:39.921+0000] {processor.py:161} INFO - Started process (PID=1393) to work on /home/airflow/.local/lib/python3.10/site-packages/airflow/example_dags/example_xcomargs.py
[2024-04-24T21:26:39.923+0000] {processor.py:830} INFO - Processing file /home/airflow/.local/lib/python3.10/site-packages/airflow/example_dags/example_xcomargs.py for tasks to queue
[2024-04-24T21:26:39.925+0000] {logging_mixin.py:188} INFO - [2024-04-24T21:26:39.925+0000] {dagbag.py:540} INFO - Filling up the DagBag from /home/airflow/.local/lib/python3.10/site-packages/airflow/example_dags/example_xcomargs.py
[2024-04-24T21:26:39.936+0000] {processor.py:840} INFO - DAG(s) 'example_xcom_args_with_operators', 'example_xcom_args' retrieved from /home/airflow/.local/lib/python3.10/site-packages/airflow/example_dags/example_xcomargs.py
[2024-04-24T21:26:39.971+0000] {logging_mixin.py:188} INFO - [2024-04-24T21:26:39.970+0000] {dag.py:3047} INFO - Sync 2 DAGs
[2024-04-24T21:26:39.986+0000] {logging_mixin.py:188} INFO - [2024-04-24T21:26:39.985+0000] {dag.py:3834} INFO - Setting next_dagrun for example_xcom_args to None, run_after=None
[2024-04-24T21:26:39.991+0000] {logging_mixin.py:188} INFO - [2024-04-24T21:26:39.991+0000] {dag.py:3834} INFO - Setting next_dagrun for example_xcom_args_with_operators to None, run_after=None
[2024-04-24T21:26:40.021+0000] {processor.py:183} INFO - Processing /home/airflow/.local/lib/python3.10/site-packages/airflow/example_dags/example_xcomargs.py took 0.105 seconds
[2024-04-24T21:27:10.811+0000] {processor.py:161} INFO - Started process (PID=1448) to work on /home/airflow/.local/lib/python3.10/site-packages/airflow/example_dags/example_xcomargs.py
[2024-04-24T21:27:10.813+0000] {processor.py:830} INFO - Processing file /home/airflow/.local/lib/python3.10/site-packages/airflow/example_dags/example_xcomargs.py for tasks to queue
[2024-04-24T21:27:10.815+0000] {logging_mixin.py:188} INFO - [2024-04-24T21:27:10.814+0000] {dagbag.py:540} INFO - Filling up the DagBag from /home/airflow/.local/lib/python3.10/site-packages/airflow/example_dags/example_xcomargs.py
[2024-04-24T21:27:10.823+0000] {processor.py:840} INFO - DAG(s) 'example_xcom_args_with_operators', 'example_xcom_args' retrieved from /home/airflow/.local/lib/python3.10/site-packages/airflow/example_dags/example_xcomargs.py
[2024-04-24T21:27:10.851+0000] {logging_mixin.py:188} INFO - [2024-04-24T21:27:10.851+0000] {dag.py:3047} INFO - Sync 2 DAGs
[2024-04-24T21:27:10.865+0000] {logging_mixin.py:188} INFO - [2024-04-24T21:27:10.864+0000] {dag.py:3834} INFO - Setting next_dagrun for example_xcom_args to None, run_after=None
[2024-04-24T21:27:10.869+0000] {logging_mixin.py:188} INFO - [2024-04-24T21:27:10.869+0000] {dag.py:3834} INFO - Setting next_dagrun for example_xcom_args_with_operators to None, run_after=None
[2024-04-24T21:27:10.890+0000] {processor.py:183} INFO - Processing /home/airflow/.local/lib/python3.10/site-packages/airflow/example_dags/example_xcomargs.py took 0.083 seconds
[2024-04-24T21:27:41.907+0000] {processor.py:161} INFO - Started process (PID=1504) to work on /home/airflow/.local/lib/python3.10/site-packages/airflow/example_dags/example_xcomargs.py
[2024-04-24T21:27:41.908+0000] {processor.py:830} INFO - Processing file /home/airflow/.local/lib/python3.10/site-packages/airflow/example_dags/example_xcomargs.py for tasks to queue
[2024-04-24T21:27:41.910+0000] {logging_mixin.py:188} INFO - [2024-04-24T21:27:41.910+0000] {dagbag.py:540} INFO - Filling up the DagBag from /home/airflow/.local/lib/python3.10/site-packages/airflow/example_dags/example_xcomargs.py
[2024-04-24T21:27:41.920+0000] {processor.py:840} INFO - DAG(s) 'example_xcom_args_with_operators', 'example_xcom_args' retrieved from /home/airflow/.local/lib/python3.10/site-packages/airflow/example_dags/example_xcomargs.py
[2024-04-24T21:27:41.946+0000] {logging_mixin.py:188} INFO - [2024-04-24T21:27:41.946+0000] {dag.py:3047} INFO - Sync 2 DAGs
[2024-04-24T21:27:41.961+0000] {logging_mixin.py:188} INFO - [2024-04-24T21:27:41.961+0000] {dag.py:3834} INFO - Setting next_dagrun for example_xcom_args to None, run_after=None
[2024-04-24T21:27:41.966+0000] {logging_mixin.py:188} INFO - [2024-04-24T21:27:41.965+0000] {dag.py:3834} INFO - Setting next_dagrun for example_xcom_args_with_operators to None, run_after=None
[2024-04-24T21:27:41.987+0000] {processor.py:183} INFO - Processing /home/airflow/.local/lib/python3.10/site-packages/airflow/example_dags/example_xcomargs.py took 0.084 seconds
[2024-04-24T21:28:12.353+0000] {processor.py:161} INFO - Started process (PID=1559) to work on /home/airflow/.local/lib/python3.10/site-packages/airflow/example_dags/example_xcomargs.py
[2024-04-24T21:28:12.354+0000] {processor.py:830} INFO - Processing file /home/airflow/.local/lib/python3.10/site-packages/airflow/example_dags/example_xcomargs.py for tasks to queue
[2024-04-24T21:28:12.356+0000] {logging_mixin.py:188} INFO - [2024-04-24T21:28:12.355+0000] {dagbag.py:540} INFO - Filling up the DagBag from /home/airflow/.local/lib/python3.10/site-packages/airflow/example_dags/example_xcomargs.py
[2024-04-24T21:28:12.364+0000] {processor.py:840} INFO - DAG(s) 'example_xcom_args_with_operators', 'example_xcom_args' retrieved from /home/airflow/.local/lib/python3.10/site-packages/airflow/example_dags/example_xcomargs.py
[2024-04-24T21:28:12.389+0000] {logging_mixin.py:188} INFO - [2024-04-24T21:28:12.389+0000] {dag.py:3047} INFO - Sync 2 DAGs
[2024-04-24T21:28:12.404+0000] {logging_mixin.py:188} INFO - [2024-04-24T21:28:12.403+0000] {dag.py:3834} INFO - Setting next_dagrun for example_xcom_args to None, run_after=None
[2024-04-24T21:28:12.408+0000] {logging_mixin.py:188} INFO - [2024-04-24T21:28:12.408+0000] {dag.py:3834} INFO - Setting next_dagrun for example_xcom_args_with_operators to None, run_after=None
[2024-04-24T21:28:12.428+0000] {processor.py:183} INFO - Processing /home/airflow/.local/lib/python3.10/site-packages/airflow/example_dags/example_xcomargs.py took 0.079 seconds
[2024-04-24T21:28:43.233+0000] {processor.py:161} INFO - Started process (PID=1614) to work on /home/airflow/.local/lib/python3.10/site-packages/airflow/example_dags/example_xcomargs.py
[2024-04-24T21:28:43.235+0000] {processor.py:830} INFO - Processing file /home/airflow/.local/lib/python3.10/site-packages/airflow/example_dags/example_xcomargs.py for tasks to queue
[2024-04-24T21:28:43.237+0000] {logging_mixin.py:188} INFO - [2024-04-24T21:28:43.236+0000] {dagbag.py:540} INFO - Filling up the DagBag from /home/airflow/.local/lib/python3.10/site-packages/airflow/example_dags/example_xcomargs.py
[2024-04-24T21:28:43.245+0000] {processor.py:840} INFO - DAG(s) 'example_xcom_args', 'example_xcom_args_with_operators' retrieved from /home/airflow/.local/lib/python3.10/site-packages/airflow/example_dags/example_xcomargs.py
[2024-04-24T21:28:43.268+0000] {logging_mixin.py:188} INFO - [2024-04-24T21:28:43.268+0000] {dag.py:3047} INFO - Sync 2 DAGs
[2024-04-24T21:28:43.280+0000] {logging_mixin.py:188} INFO - [2024-04-24T21:28:43.279+0000] {dag.py:3834} INFO - Setting next_dagrun for example_xcom_args to None, run_after=None
[2024-04-24T21:28:43.283+0000] {logging_mixin.py:188} INFO - [2024-04-24T21:28:43.283+0000] {dag.py:3834} INFO - Setting next_dagrun for example_xcom_args_with_operators to None, run_after=None
[2024-04-24T21:28:43.301+0000] {processor.py:183} INFO - Processing /home/airflow/.local/lib/python3.10/site-packages/airflow/example_dags/example_xcomargs.py took 0.071 seconds
[2024-04-24T21:29:14.181+0000] {processor.py:161} INFO - Started process (PID=1670) to work on /home/airflow/.local/lib/python3.10/site-packages/airflow/example_dags/example_xcomargs.py
[2024-04-24T21:29:14.183+0000] {processor.py:830} INFO - Processing file /home/airflow/.local/lib/python3.10/site-packages/airflow/example_dags/example_xcomargs.py for tasks to queue
[2024-04-24T21:29:14.185+0000] {logging_mixin.py:188} INFO - [2024-04-24T21:29:14.184+0000] {dagbag.py:540} INFO - Filling up the DagBag from /home/airflow/.local/lib/python3.10/site-packages/airflow/example_dags/example_xcomargs.py
[2024-04-24T21:29:14.193+0000] {processor.py:840} INFO - DAG(s) 'example_xcom_args', 'example_xcom_args_with_operators' retrieved from /home/airflow/.local/lib/python3.10/site-packages/airflow/example_dags/example_xcomargs.py
[2024-04-24T21:29:14.218+0000] {logging_mixin.py:188} INFO - [2024-04-24T21:29:14.218+0000] {dag.py:3047} INFO - Sync 2 DAGs
[2024-04-24T21:29:14.231+0000] {logging_mixin.py:188} INFO - [2024-04-24T21:29:14.231+0000] {dag.py:3834} INFO - Setting next_dagrun for example_xcom_args to None, run_after=None
[2024-04-24T21:29:14.235+0000] {logging_mixin.py:188} INFO - [2024-04-24T21:29:14.235+0000] {dag.py:3834} INFO - Setting next_dagrun for example_xcom_args_with_operators to None, run_after=None
[2024-04-24T21:29:14.255+0000] {processor.py:183} INFO - Processing /home/airflow/.local/lib/python3.10/site-packages/airflow/example_dags/example_xcomargs.py took 0.077 seconds
[2024-04-24T21:29:45.103+0000] {processor.py:161} INFO - Started process (PID=1727) to work on /home/airflow/.local/lib/python3.10/site-packages/airflow/example_dags/example_xcomargs.py
[2024-04-24T21:29:45.105+0000] {processor.py:830} INFO - Processing file /home/airflow/.local/lib/python3.10/site-packages/airflow/example_dags/example_xcomargs.py for tasks to queue
[2024-04-24T21:29:45.107+0000] {logging_mixin.py:188} INFO - [2024-04-24T21:29:45.107+0000] {dagbag.py:540} INFO - Filling up the DagBag from /home/airflow/.local/lib/python3.10/site-packages/airflow/example_dags/example_xcomargs.py
[2024-04-24T21:29:45.114+0000] {processor.py:840} INFO - DAG(s) 'example_xcom_args_with_operators', 'example_xcom_args' retrieved from /home/airflow/.local/lib/python3.10/site-packages/airflow/example_dags/example_xcomargs.py
[2024-04-24T21:29:45.139+0000] {logging_mixin.py:188} INFO - [2024-04-24T21:29:45.139+0000] {dag.py:3047} INFO - Sync 2 DAGs
[2024-04-24T21:29:45.273+0000] {logging_mixin.py:188} INFO - [2024-04-24T21:29:45.273+0000] {dag.py:3834} INFO - Setting next_dagrun for example_xcom_args to None, run_after=None
[2024-04-24T21:29:45.277+0000] {logging_mixin.py:188} INFO - [2024-04-24T21:29:45.276+0000] {dag.py:3834} INFO - Setting next_dagrun for example_xcom_args_with_operators to None, run_after=None
[2024-04-24T21:29:45.293+0000] {processor.py:183} INFO - Processing /home/airflow/.local/lib/python3.10/site-packages/airflow/example_dags/example_xcomargs.py took 0.193 seconds
[2024-04-24T21:30:16.086+0000] {processor.py:161} INFO - Started process (PID=1783) to work on /home/airflow/.local/lib/python3.10/site-packages/airflow/example_dags/example_xcomargs.py
[2024-04-24T21:30:16.087+0000] {processor.py:830} INFO - Processing file /home/airflow/.local/lib/python3.10/site-packages/airflow/example_dags/example_xcomargs.py for tasks to queue
[2024-04-24T21:30:16.089+0000] {logging_mixin.py:188} INFO - [2024-04-24T21:30:16.089+0000] {dagbag.py:540} INFO - Filling up the DagBag from /home/airflow/.local/lib/python3.10/site-packages/airflow/example_dags/example_xcomargs.py
[2024-04-24T21:30:16.098+0000] {processor.py:840} INFO - DAG(s) 'example_xcom_args', 'example_xcom_args_with_operators' retrieved from /home/airflow/.local/lib/python3.10/site-packages/airflow/example_dags/example_xcomargs.py
[2024-04-24T21:30:16.154+0000] {logging_mixin.py:188} INFO - [2024-04-24T21:30:16.153+0000] {dag.py:3047} INFO - Sync 2 DAGs
[2024-04-24T21:30:16.182+0000] {logging_mixin.py:188} INFO - [2024-04-24T21:30:16.182+0000] {dag.py:3834} INFO - Setting next_dagrun for example_xcom_args to None, run_after=None
[2024-04-24T21:30:16.193+0000] {logging_mixin.py:188} INFO - [2024-04-24T21:30:16.193+0000] {dag.py:3834} INFO - Setting next_dagrun for example_xcom_args_with_operators to None, run_after=None
[2024-04-24T21:30:16.219+0000] {processor.py:183} INFO - Processing /home/airflow/.local/lib/python3.10/site-packages/airflow/example_dags/example_xcomargs.py took 0.136 seconds
