[2024-04-24T21:14:29.877+0000] {processor.py:161} INFO - Started process (PID=74) to work on /home/airflow/.local/lib/python3.10/site-packages/airflow/example_dags/example_sla_dag.py
[2024-04-24T21:14:29.880+0000] {processor.py:830} INFO - Processing file /home/airflow/.local/lib/python3.10/site-packages/airflow/example_dags/example_sla_dag.py for tasks to queue
[2024-04-24T21:14:29.885+0000] {logging_mixin.py:188} INFO - [2024-04-24T21:14:29.884+0000] {dagbag.py:540} INFO - Filling up the DagBag from /home/airflow/.local/lib/python3.10/site-packages/airflow/example_dags/example_sla_dag.py
[2024-04-24T21:14:29.910+0000] {processor.py:840} INFO - DAG(s) 'example_sla_dag' retrieved from /home/airflow/.local/lib/python3.10/site-packages/airflow/example_dags/example_sla_dag.py
[2024-04-24T21:14:30.164+0000] {logging_mixin.py:188} INFO - [2024-04-24T21:14:30.159+0000] {override.py:1769} INFO - Created Permission View: can edit on DAG:example_sla_dag
[2024-04-24T21:14:30.188+0000] {logging_mixin.py:188} INFO - [2024-04-24T21:14:30.187+0000] {override.py:1769} INFO - Created Permission View: can read on DAG:example_sla_dag
[2024-04-24T21:14:30.201+0000] {logging_mixin.py:188} INFO - [2024-04-24T21:14:30.200+0000] {override.py:1769} INFO - Created Permission View: can delete on DAG:example_sla_dag
[2024-04-24T21:14:30.202+0000] {logging_mixin.py:188} INFO - [2024-04-24T21:14:30.202+0000] {dag.py:3047} INFO - Sync 1 DAGs
[2024-04-24T21:14:30.231+0000] {logging_mixin.py:188} INFO - [2024-04-24T21:14:30.230+0000] {dag.py:3069} INFO - Creating ORM DAG for example_sla_dag
[2024-04-24T21:14:30.258+0000] {logging_mixin.py:188} INFO - [2024-04-24T21:14:30.257+0000] {dag.py:3834} INFO - Setting next_dagrun for example_sla_dag to 2024-04-24 21:12:00+00:00, run_after=2024-04-24 21:14:00+00:00
[2024-04-24T21:14:30.288+0000] {processor.py:183} INFO - Processing /home/airflow/.local/lib/python3.10/site-packages/airflow/example_dags/example_sla_dag.py took 0.420 seconds
[2024-04-24T21:15:05.638+0000] {processor.py:161} INFO - Started process (PID=129) to work on /home/airflow/.local/lib/python3.10/site-packages/airflow/example_dags/example_sla_dag.py
[2024-04-24T21:15:05.658+0000] {processor.py:830} INFO - Processing file /home/airflow/.local/lib/python3.10/site-packages/airflow/example_dags/example_sla_dag.py for tasks to queue
[2024-04-24T21:15:05.662+0000] {logging_mixin.py:188} INFO - [2024-04-24T21:15:05.662+0000] {dagbag.py:540} INFO - Filling up the DagBag from /home/airflow/.local/lib/python3.10/site-packages/airflow/example_dags/example_sla_dag.py
[2024-04-24T21:15:05.693+0000] {processor.py:840} INFO - DAG(s) 'example_sla_dag' retrieved from /home/airflow/.local/lib/python3.10/site-packages/airflow/example_dags/example_sla_dag.py
[2024-04-24T21:15:05.750+0000] {logging_mixin.py:188} INFO - [2024-04-24T21:15:05.750+0000] {dag.py:3047} INFO - Sync 1 DAGs
[2024-04-24T21:15:05.911+0000] {logging_mixin.py:188} INFO - [2024-04-24T21:15:05.911+0000] {dag.py:3834} INFO - Setting next_dagrun for example_sla_dag to 2024-04-24 21:12:00+00:00, run_after=2024-04-24 21:14:00+00:00
[2024-04-24T21:15:05.958+0000] {processor.py:183} INFO - Processing /home/airflow/.local/lib/python3.10/site-packages/airflow/example_dags/example_sla_dag.py took 0.328 seconds
[2024-04-24T21:15:36.867+0000] {processor.py:161} INFO - Started process (PID=185) to work on /home/airflow/.local/lib/python3.10/site-packages/airflow/example_dags/example_sla_dag.py
[2024-04-24T21:15:36.896+0000] {processor.py:830} INFO - Processing file /home/airflow/.local/lib/python3.10/site-packages/airflow/example_dags/example_sla_dag.py for tasks to queue
[2024-04-24T21:15:36.899+0000] {logging_mixin.py:188} INFO - [2024-04-24T21:15:36.898+0000] {dagbag.py:540} INFO - Filling up the DagBag from /home/airflow/.local/lib/python3.10/site-packages/airflow/example_dags/example_sla_dag.py
[2024-04-24T21:15:36.909+0000] {processor.py:840} INFO - DAG(s) 'example_sla_dag' retrieved from /home/airflow/.local/lib/python3.10/site-packages/airflow/example_dags/example_sla_dag.py
[2024-04-24T21:15:36.936+0000] {logging_mixin.py:188} INFO - [2024-04-24T21:15:36.935+0000] {dag.py:3047} INFO - Sync 1 DAGs
[2024-04-24T21:15:36.971+0000] {logging_mixin.py:188} INFO - [2024-04-24T21:15:36.971+0000] {dag.py:3834} INFO - Setting next_dagrun for example_sla_dag to 2024-04-24 21:12:00+00:00, run_after=2024-04-24 21:14:00+00:00
[2024-04-24T21:15:37.015+0000] {processor.py:183} INFO - Processing /home/airflow/.local/lib/python3.10/site-packages/airflow/example_dags/example_sla_dag.py took 0.152 seconds
[2024-04-24T21:16:07.278+0000] {processor.py:161} INFO - Started process (PID=241) to work on /home/airflow/.local/lib/python3.10/site-packages/airflow/example_dags/example_sla_dag.py
[2024-04-24T21:16:07.279+0000] {processor.py:830} INFO - Processing file /home/airflow/.local/lib/python3.10/site-packages/airflow/example_dags/example_sla_dag.py for tasks to queue
[2024-04-24T21:16:07.282+0000] {logging_mixin.py:188} INFO - [2024-04-24T21:16:07.281+0000] {dagbag.py:540} INFO - Filling up the DagBag from /home/airflow/.local/lib/python3.10/site-packages/airflow/example_dags/example_sla_dag.py
[2024-04-24T21:16:07.290+0000] {processor.py:840} INFO - DAG(s) 'example_sla_dag' retrieved from /home/airflow/.local/lib/python3.10/site-packages/airflow/example_dags/example_sla_dag.py
[2024-04-24T21:16:07.310+0000] {logging_mixin.py:188} INFO - [2024-04-24T21:16:07.310+0000] {dag.py:3047} INFO - Sync 1 DAGs
[2024-04-24T21:16:07.333+0000] {logging_mixin.py:188} INFO - [2024-04-24T21:16:07.333+0000] {dag.py:3834} INFO - Setting next_dagrun for example_sla_dag to 2024-04-24 21:14:00+00:00, run_after=2024-04-24 21:16:00+00:00
[2024-04-24T21:16:07.357+0000] {processor.py:183} INFO - Processing /home/airflow/.local/lib/python3.10/site-packages/airflow/example_dags/example_sla_dag.py took 0.083 seconds
[2024-04-24T21:16:38.216+0000] {processor.py:161} INFO - Started process (PID=296) to work on /home/airflow/.local/lib/python3.10/site-packages/airflow/example_dags/example_sla_dag.py
[2024-04-24T21:16:38.227+0000] {processor.py:830} INFO - Processing file /home/airflow/.local/lib/python3.10/site-packages/airflow/example_dags/example_sla_dag.py for tasks to queue
[2024-04-24T21:16:38.235+0000] {logging_mixin.py:188} INFO - [2024-04-24T21:16:38.234+0000] {dagbag.py:540} INFO - Filling up the DagBag from /home/airflow/.local/lib/python3.10/site-packages/airflow/example_dags/example_sla_dag.py
[2024-04-24T21:16:38.286+0000] {processor.py:840} INFO - DAG(s) 'example_sla_dag' retrieved from /home/airflow/.local/lib/python3.10/site-packages/airflow/example_dags/example_sla_dag.py
[2024-04-24T21:16:38.413+0000] {logging_mixin.py:188} INFO - [2024-04-24T21:16:38.412+0000] {dag.py:3047} INFO - Sync 1 DAGs
[2024-04-24T21:16:38.646+0000] {logging_mixin.py:188} INFO - [2024-04-24T21:16:38.645+0000] {dag.py:3834} INFO - Setting next_dagrun for example_sla_dag to 2024-04-24 21:14:00+00:00, run_after=2024-04-24 21:16:00+00:00
[2024-04-24T21:16:38.795+0000] {processor.py:183} INFO - Processing /home/airflow/.local/lib/python3.10/site-packages/airflow/example_dags/example_sla_dag.py took 0.604 seconds
[2024-04-24T21:17:08.983+0000] {processor.py:161} INFO - Started process (PID=351) to work on /home/airflow/.local/lib/python3.10/site-packages/airflow/example_dags/example_sla_dag.py
[2024-04-24T21:17:08.984+0000] {processor.py:830} INFO - Processing file /home/airflow/.local/lib/python3.10/site-packages/airflow/example_dags/example_sla_dag.py for tasks to queue
[2024-04-24T21:17:08.986+0000] {logging_mixin.py:188} INFO - [2024-04-24T21:17:08.986+0000] {dagbag.py:540} INFO - Filling up the DagBag from /home/airflow/.local/lib/python3.10/site-packages/airflow/example_dags/example_sla_dag.py
[2024-04-24T21:17:08.995+0000] {processor.py:840} INFO - DAG(s) 'example_sla_dag' retrieved from /home/airflow/.local/lib/python3.10/site-packages/airflow/example_dags/example_sla_dag.py
[2024-04-24T21:17:09.015+0000] {logging_mixin.py:188} INFO - [2024-04-24T21:17:09.015+0000] {dag.py:3047} INFO - Sync 1 DAGs
[2024-04-24T21:17:09.038+0000] {logging_mixin.py:188} INFO - [2024-04-24T21:17:09.038+0000] {dag.py:3834} INFO - Setting next_dagrun for example_sla_dag to 2024-04-24 21:14:00+00:00, run_after=2024-04-24 21:16:00+00:00
[2024-04-24T21:17:09.057+0000] {processor.py:183} INFO - Processing /home/airflow/.local/lib/python3.10/site-packages/airflow/example_dags/example_sla_dag.py took 0.078 seconds
[2024-04-24T21:17:39.693+0000] {processor.py:161} INFO - Started process (PID=407) to work on /home/airflow/.local/lib/python3.10/site-packages/airflow/example_dags/example_sla_dag.py
[2024-04-24T21:17:39.695+0000] {processor.py:830} INFO - Processing file /home/airflow/.local/lib/python3.10/site-packages/airflow/example_dags/example_sla_dag.py for tasks to queue
[2024-04-24T21:17:39.697+0000] {logging_mixin.py:188} INFO - [2024-04-24T21:17:39.696+0000] {dagbag.py:540} INFO - Filling up the DagBag from /home/airflow/.local/lib/python3.10/site-packages/airflow/example_dags/example_sla_dag.py
[2024-04-24T21:17:39.707+0000] {processor.py:840} INFO - DAG(s) 'example_sla_dag' retrieved from /home/airflow/.local/lib/python3.10/site-packages/airflow/example_dags/example_sla_dag.py
[2024-04-24T21:17:39.729+0000] {logging_mixin.py:188} INFO - [2024-04-24T21:17:39.729+0000] {dag.py:3047} INFO - Sync 1 DAGs
[2024-04-24T21:17:39.757+0000] {logging_mixin.py:188} INFO - [2024-04-24T21:17:39.756+0000] {dag.py:3834} INFO - Setting next_dagrun for example_sla_dag to 2024-04-24 21:14:00+00:00, run_after=2024-04-24 21:16:00+00:00
[2024-04-24T21:17:39.780+0000] {processor.py:183} INFO - Processing /home/airflow/.local/lib/python3.10/site-packages/airflow/example_dags/example_sla_dag.py took 0.090 seconds
[2024-04-24T21:18:10.064+0000] {processor.py:161} INFO - Started process (PID=462) to work on /home/airflow/.local/lib/python3.10/site-packages/airflow/example_dags/example_sla_dag.py
[2024-04-24T21:18:10.065+0000] {processor.py:830} INFO - Processing file /home/airflow/.local/lib/python3.10/site-packages/airflow/example_dags/example_sla_dag.py for tasks to queue
[2024-04-24T21:18:10.067+0000] {logging_mixin.py:188} INFO - [2024-04-24T21:18:10.067+0000] {dagbag.py:540} INFO - Filling up the DagBag from /home/airflow/.local/lib/python3.10/site-packages/airflow/example_dags/example_sla_dag.py
[2024-04-24T21:18:10.076+0000] {processor.py:840} INFO - DAG(s) 'example_sla_dag' retrieved from /home/airflow/.local/lib/python3.10/site-packages/airflow/example_dags/example_sla_dag.py
[2024-04-24T21:18:10.097+0000] {logging_mixin.py:188} INFO - [2024-04-24T21:18:10.096+0000] {dag.py:3047} INFO - Sync 1 DAGs
[2024-04-24T21:18:10.120+0000] {logging_mixin.py:188} INFO - [2024-04-24T21:18:10.120+0000] {dag.py:3834} INFO - Setting next_dagrun for example_sla_dag to 2024-04-24 21:16:00+00:00, run_after=2024-04-24 21:18:00+00:00
[2024-04-24T21:18:10.141+0000] {processor.py:183} INFO - Processing /home/airflow/.local/lib/python3.10/site-packages/airflow/example_dags/example_sla_dag.py took 0.081 seconds
[2024-04-24T21:18:40.689+0000] {processor.py:161} INFO - Started process (PID=517) to work on /home/airflow/.local/lib/python3.10/site-packages/airflow/example_dags/example_sla_dag.py
[2024-04-24T21:18:40.691+0000] {processor.py:830} INFO - Processing file /home/airflow/.local/lib/python3.10/site-packages/airflow/example_dags/example_sla_dag.py for tasks to queue
[2024-04-24T21:18:40.699+0000] {logging_mixin.py:188} INFO - [2024-04-24T21:18:40.697+0000] {dagbag.py:540} INFO - Filling up the DagBag from /home/airflow/.local/lib/python3.10/site-packages/airflow/example_dags/example_sla_dag.py
[2024-04-24T21:18:40.724+0000] {processor.py:840} INFO - DAG(s) 'example_sla_dag' retrieved from /home/airflow/.local/lib/python3.10/site-packages/airflow/example_dags/example_sla_dag.py
[2024-04-24T21:18:40.783+0000] {logging_mixin.py:188} INFO - [2024-04-24T21:18:40.782+0000] {dag.py:3047} INFO - Sync 1 DAGs
[2024-04-24T21:18:40.850+0000] {logging_mixin.py:188} INFO - [2024-04-24T21:18:40.850+0000] {dag.py:3834} INFO - Setting next_dagrun for example_sla_dag to 2024-04-24 21:16:00+00:00, run_after=2024-04-24 21:18:00+00:00
[2024-04-24T21:18:40.902+0000] {processor.py:183} INFO - Processing /home/airflow/.local/lib/python3.10/site-packages/airflow/example_dags/example_sla_dag.py took 0.219 seconds
[2024-04-24T21:19:11.472+0000] {processor.py:161} INFO - Started process (PID=573) to work on /home/airflow/.local/lib/python3.10/site-packages/airflow/example_dags/example_sla_dag.py
[2024-04-24T21:19:11.474+0000] {processor.py:830} INFO - Processing file /home/airflow/.local/lib/python3.10/site-packages/airflow/example_dags/example_sla_dag.py for tasks to queue
[2024-04-24T21:19:11.477+0000] {logging_mixin.py:188} INFO - [2024-04-24T21:19:11.476+0000] {dagbag.py:540} INFO - Filling up the DagBag from /home/airflow/.local/lib/python3.10/site-packages/airflow/example_dags/example_sla_dag.py
[2024-04-24T21:19:11.489+0000] {processor.py:840} INFO - DAG(s) 'example_sla_dag' retrieved from /home/airflow/.local/lib/python3.10/site-packages/airflow/example_dags/example_sla_dag.py
[2024-04-24T21:19:11.516+0000] {logging_mixin.py:188} INFO - [2024-04-24T21:19:11.516+0000] {dag.py:3047} INFO - Sync 1 DAGs
[2024-04-24T21:19:11.548+0000] {logging_mixin.py:188} INFO - [2024-04-24T21:19:11.548+0000] {dag.py:3834} INFO - Setting next_dagrun for example_sla_dag to 2024-04-24 21:16:00+00:00, run_after=2024-04-24 21:18:00+00:00
[2024-04-24T21:19:11.577+0000] {processor.py:183} INFO - Processing /home/airflow/.local/lib/python3.10/site-packages/airflow/example_dags/example_sla_dag.py took 0.110 seconds
[2024-04-24T21:19:41.680+0000] {processor.py:161} INFO - Started process (PID=629) to work on /home/airflow/.local/lib/python3.10/site-packages/airflow/example_dags/example_sla_dag.py
[2024-04-24T21:19:41.681+0000] {processor.py:830} INFO - Processing file /home/airflow/.local/lib/python3.10/site-packages/airflow/example_dags/example_sla_dag.py for tasks to queue
[2024-04-24T21:19:41.684+0000] {logging_mixin.py:188} INFO - [2024-04-24T21:19:41.683+0000] {dagbag.py:540} INFO - Filling up the DagBag from /home/airflow/.local/lib/python3.10/site-packages/airflow/example_dags/example_sla_dag.py
[2024-04-24T21:19:41.692+0000] {processor.py:840} INFO - DAG(s) 'example_sla_dag' retrieved from /home/airflow/.local/lib/python3.10/site-packages/airflow/example_dags/example_sla_dag.py
[2024-04-24T21:19:41.712+0000] {logging_mixin.py:188} INFO - [2024-04-24T21:19:41.712+0000] {dag.py:3047} INFO - Sync 1 DAGs
[2024-04-24T21:19:41.736+0000] {logging_mixin.py:188} INFO - [2024-04-24T21:19:41.736+0000] {dag.py:3834} INFO - Setting next_dagrun for example_sla_dag to 2024-04-24 21:16:00+00:00, run_after=2024-04-24 21:18:00+00:00
[2024-04-24T21:19:41.758+0000] {processor.py:183} INFO - Processing /home/airflow/.local/lib/python3.10/site-packages/airflow/example_dags/example_sla_dag.py took 0.081 seconds
[2024-04-24T21:20:12.328+0000] {processor.py:161} INFO - Started process (PID=685) to work on /home/airflow/.local/lib/python3.10/site-packages/airflow/example_dags/example_sla_dag.py
[2024-04-24T21:20:12.330+0000] {processor.py:830} INFO - Processing file /home/airflow/.local/lib/python3.10/site-packages/airflow/example_dags/example_sla_dag.py for tasks to queue
[2024-04-24T21:20:12.332+0000] {logging_mixin.py:188} INFO - [2024-04-24T21:20:12.332+0000] {dagbag.py:540} INFO - Filling up the DagBag from /home/airflow/.local/lib/python3.10/site-packages/airflow/example_dags/example_sla_dag.py
[2024-04-24T21:20:12.340+0000] {processor.py:840} INFO - DAG(s) 'example_sla_dag' retrieved from /home/airflow/.local/lib/python3.10/site-packages/airflow/example_dags/example_sla_dag.py
[2024-04-24T21:20:12.359+0000] {logging_mixin.py:188} INFO - [2024-04-24T21:20:12.359+0000] {dag.py:3047} INFO - Sync 1 DAGs
[2024-04-24T21:20:12.380+0000] {logging_mixin.py:188} INFO - [2024-04-24T21:20:12.380+0000] {dag.py:3834} INFO - Setting next_dagrun for example_sla_dag to 2024-04-24 21:18:00+00:00, run_after=2024-04-24 21:20:00+00:00
[2024-04-24T21:20:12.399+0000] {processor.py:183} INFO - Processing /home/airflow/.local/lib/python3.10/site-packages/airflow/example_dags/example_sla_dag.py took 0.074 seconds
[2024-04-24T21:20:42.798+0000] {processor.py:161} INFO - Started process (PID=741) to work on /home/airflow/.local/lib/python3.10/site-packages/airflow/example_dags/example_sla_dag.py
[2024-04-24T21:20:42.799+0000] {processor.py:830} INFO - Processing file /home/airflow/.local/lib/python3.10/site-packages/airflow/example_dags/example_sla_dag.py for tasks to queue
[2024-04-24T21:20:42.801+0000] {logging_mixin.py:188} INFO - [2024-04-24T21:20:42.800+0000] {dagbag.py:540} INFO - Filling up the DagBag from /home/airflow/.local/lib/python3.10/site-packages/airflow/example_dags/example_sla_dag.py
[2024-04-24T21:20:42.809+0000] {processor.py:840} INFO - DAG(s) 'example_sla_dag' retrieved from /home/airflow/.local/lib/python3.10/site-packages/airflow/example_dags/example_sla_dag.py
[2024-04-24T21:20:42.830+0000] {logging_mixin.py:188} INFO - [2024-04-24T21:20:42.830+0000] {dag.py:3047} INFO - Sync 1 DAGs
[2024-04-24T21:20:42.853+0000] {logging_mixin.py:188} INFO - [2024-04-24T21:20:42.853+0000] {dag.py:3834} INFO - Setting next_dagrun for example_sla_dag to 2024-04-24 21:18:00+00:00, run_after=2024-04-24 21:20:00+00:00
[2024-04-24T21:20:42.872+0000] {processor.py:183} INFO - Processing /home/airflow/.local/lib/python3.10/site-packages/airflow/example_dags/example_sla_dag.py took 0.077 seconds
[2024-04-24T21:21:13.591+0000] {processor.py:161} INFO - Started process (PID=797) to work on /home/airflow/.local/lib/python3.10/site-packages/airflow/example_dags/example_sla_dag.py
[2024-04-24T21:21:13.592+0000] {processor.py:830} INFO - Processing file /home/airflow/.local/lib/python3.10/site-packages/airflow/example_dags/example_sla_dag.py for tasks to queue
[2024-04-24T21:21:13.594+0000] {logging_mixin.py:188} INFO - [2024-04-24T21:21:13.594+0000] {dagbag.py:540} INFO - Filling up the DagBag from /home/airflow/.local/lib/python3.10/site-packages/airflow/example_dags/example_sla_dag.py
[2024-04-24T21:21:13.602+0000] {processor.py:840} INFO - DAG(s) 'example_sla_dag' retrieved from /home/airflow/.local/lib/python3.10/site-packages/airflow/example_dags/example_sla_dag.py
[2024-04-24T21:21:13.621+0000] {logging_mixin.py:188} INFO - [2024-04-24T21:21:13.621+0000] {dag.py:3047} INFO - Sync 1 DAGs
[2024-04-24T21:21:13.644+0000] {logging_mixin.py:188} INFO - [2024-04-24T21:21:13.644+0000] {dag.py:3834} INFO - Setting next_dagrun for example_sla_dag to 2024-04-24 21:18:00+00:00, run_after=2024-04-24 21:20:00+00:00
[2024-04-24T21:21:13.662+0000] {processor.py:183} INFO - Processing /home/airflow/.local/lib/python3.10/site-packages/airflow/example_dags/example_sla_dag.py took 0.074 seconds
[2024-04-24T21:21:43.729+0000] {processor.py:161} INFO - Started process (PID=852) to work on /home/airflow/.local/lib/python3.10/site-packages/airflow/example_dags/example_sla_dag.py
[2024-04-24T21:21:43.730+0000] {processor.py:830} INFO - Processing file /home/airflow/.local/lib/python3.10/site-packages/airflow/example_dags/example_sla_dag.py for tasks to queue
[2024-04-24T21:21:43.732+0000] {logging_mixin.py:188} INFO - [2024-04-24T21:21:43.732+0000] {dagbag.py:540} INFO - Filling up the DagBag from /home/airflow/.local/lib/python3.10/site-packages/airflow/example_dags/example_sla_dag.py
[2024-04-24T21:21:43.740+0000] {processor.py:840} INFO - DAG(s) 'example_sla_dag' retrieved from /home/airflow/.local/lib/python3.10/site-packages/airflow/example_dags/example_sla_dag.py
[2024-04-24T21:21:43.760+0000] {logging_mixin.py:188} INFO - [2024-04-24T21:21:43.759+0000] {dag.py:3047} INFO - Sync 1 DAGs
[2024-04-24T21:21:43.780+0000] {logging_mixin.py:188} INFO - [2024-04-24T21:21:43.780+0000] {dag.py:3834} INFO - Setting next_dagrun for example_sla_dag to 2024-04-24 21:18:00+00:00, run_after=2024-04-24 21:20:00+00:00
[2024-04-24T21:21:43.799+0000] {processor.py:183} INFO - Processing /home/airflow/.local/lib/python3.10/site-packages/airflow/example_dags/example_sla_dag.py took 0.073 seconds
[2024-04-24T21:22:13.981+0000] {processor.py:161} INFO - Started process (PID=908) to work on /home/airflow/.local/lib/python3.10/site-packages/airflow/example_dags/example_sla_dag.py
[2024-04-24T21:22:13.982+0000] {processor.py:830} INFO - Processing file /home/airflow/.local/lib/python3.10/site-packages/airflow/example_dags/example_sla_dag.py for tasks to queue
[2024-04-24T21:22:13.984+0000] {logging_mixin.py:188} INFO - [2024-04-24T21:22:13.984+0000] {dagbag.py:540} INFO - Filling up the DagBag from /home/airflow/.local/lib/python3.10/site-packages/airflow/example_dags/example_sla_dag.py
[2024-04-24T21:22:13.992+0000] {processor.py:840} INFO - DAG(s) 'example_sla_dag' retrieved from /home/airflow/.local/lib/python3.10/site-packages/airflow/example_dags/example_sla_dag.py
[2024-04-24T21:22:14.011+0000] {logging_mixin.py:188} INFO - [2024-04-24T21:22:14.011+0000] {dag.py:3047} INFO - Sync 1 DAGs
[2024-04-24T21:22:14.033+0000] {logging_mixin.py:188} INFO - [2024-04-24T21:22:14.033+0000] {dag.py:3834} INFO - Setting next_dagrun for example_sla_dag to 2024-04-24 21:20:00+00:00, run_after=2024-04-24 21:22:00+00:00
[2024-04-24T21:22:14.053+0000] {processor.py:183} INFO - Processing /home/airflow/.local/lib/python3.10/site-packages/airflow/example_dags/example_sla_dag.py took 0.076 seconds
[2024-04-24T21:22:44.215+0000] {processor.py:161} INFO - Started process (PID=964) to work on /home/airflow/.local/lib/python3.10/site-packages/airflow/example_dags/example_sla_dag.py
[2024-04-24T21:22:44.217+0000] {processor.py:830} INFO - Processing file /home/airflow/.local/lib/python3.10/site-packages/airflow/example_dags/example_sla_dag.py for tasks to queue
[2024-04-24T21:22:44.219+0000] {logging_mixin.py:188} INFO - [2024-04-24T21:22:44.219+0000] {dagbag.py:540} INFO - Filling up the DagBag from /home/airflow/.local/lib/python3.10/site-packages/airflow/example_dags/example_sla_dag.py
[2024-04-24T21:22:44.227+0000] {processor.py:840} INFO - DAG(s) 'example_sla_dag' retrieved from /home/airflow/.local/lib/python3.10/site-packages/airflow/example_dags/example_sla_dag.py
[2024-04-24T21:22:44.252+0000] {logging_mixin.py:188} INFO - [2024-04-24T21:22:44.251+0000] {dag.py:3047} INFO - Sync 1 DAGs
[2024-04-24T21:22:44.280+0000] {logging_mixin.py:188} INFO - [2024-04-24T21:22:44.280+0000] {dag.py:3834} INFO - Setting next_dagrun for example_sla_dag to 2024-04-24 21:20:00+00:00, run_after=2024-04-24 21:22:00+00:00
[2024-04-24T21:22:44.307+0000] {processor.py:183} INFO - Processing /home/airflow/.local/lib/python3.10/site-packages/airflow/example_dags/example_sla_dag.py took 0.095 seconds
[2024-04-24T21:23:14.521+0000] {processor.py:161} INFO - Started process (PID=1019) to work on /home/airflow/.local/lib/python3.10/site-packages/airflow/example_dags/example_sla_dag.py
[2024-04-24T21:23:14.522+0000] {processor.py:830} INFO - Processing file /home/airflow/.local/lib/python3.10/site-packages/airflow/example_dags/example_sla_dag.py for tasks to queue
[2024-04-24T21:23:14.524+0000] {logging_mixin.py:188} INFO - [2024-04-24T21:23:14.524+0000] {dagbag.py:540} INFO - Filling up the DagBag from /home/airflow/.local/lib/python3.10/site-packages/airflow/example_dags/example_sla_dag.py
[2024-04-24T21:23:14.532+0000] {processor.py:840} INFO - DAG(s) 'example_sla_dag' retrieved from /home/airflow/.local/lib/python3.10/site-packages/airflow/example_dags/example_sla_dag.py
[2024-04-24T21:23:14.552+0000] {logging_mixin.py:188} INFO - [2024-04-24T21:23:14.551+0000] {dag.py:3047} INFO - Sync 1 DAGs
[2024-04-24T21:23:14.572+0000] {logging_mixin.py:188} INFO - [2024-04-24T21:23:14.572+0000] {dag.py:3834} INFO - Setting next_dagrun for example_sla_dag to 2024-04-24 21:20:00+00:00, run_after=2024-04-24 21:22:00+00:00
[2024-04-24T21:23:14.591+0000] {processor.py:183} INFO - Processing /home/airflow/.local/lib/python3.10/site-packages/airflow/example_dags/example_sla_dag.py took 0.074 seconds
[2024-04-24T21:23:44.903+0000] {processor.py:161} INFO - Started process (PID=1074) to work on /home/airflow/.local/lib/python3.10/site-packages/airflow/example_dags/example_sla_dag.py
[2024-04-24T21:23:44.904+0000] {processor.py:830} INFO - Processing file /home/airflow/.local/lib/python3.10/site-packages/airflow/example_dags/example_sla_dag.py for tasks to queue
[2024-04-24T21:23:44.906+0000] {logging_mixin.py:188} INFO - [2024-04-24T21:23:44.906+0000] {dagbag.py:540} INFO - Filling up the DagBag from /home/airflow/.local/lib/python3.10/site-packages/airflow/example_dags/example_sla_dag.py
[2024-04-24T21:23:44.915+0000] {processor.py:840} INFO - DAG(s) 'example_sla_dag' retrieved from /home/airflow/.local/lib/python3.10/site-packages/airflow/example_dags/example_sla_dag.py
[2024-04-24T21:23:44.934+0000] {logging_mixin.py:188} INFO - [2024-04-24T21:23:44.934+0000] {dag.py:3047} INFO - Sync 1 DAGs
[2024-04-24T21:23:44.955+0000] {logging_mixin.py:188} INFO - [2024-04-24T21:23:44.955+0000] {dag.py:3834} INFO - Setting next_dagrun for example_sla_dag to 2024-04-24 21:20:00+00:00, run_after=2024-04-24 21:22:00+00:00
[2024-04-24T21:23:44.974+0000] {processor.py:183} INFO - Processing /home/airflow/.local/lib/python3.10/site-packages/airflow/example_dags/example_sla_dag.py took 0.074 seconds
[2024-04-24T21:24:15.391+0000] {processor.py:161} INFO - Started process (PID=1129) to work on /home/airflow/.local/lib/python3.10/site-packages/airflow/example_dags/example_sla_dag.py
[2024-04-24T21:24:15.392+0000] {processor.py:830} INFO - Processing file /home/airflow/.local/lib/python3.10/site-packages/airflow/example_dags/example_sla_dag.py for tasks to queue
[2024-04-24T21:24:15.394+0000] {logging_mixin.py:188} INFO - [2024-04-24T21:24:15.394+0000] {dagbag.py:540} INFO - Filling up the DagBag from /home/airflow/.local/lib/python3.10/site-packages/airflow/example_dags/example_sla_dag.py
[2024-04-24T21:24:15.403+0000] {processor.py:840} INFO - DAG(s) 'example_sla_dag' retrieved from /home/airflow/.local/lib/python3.10/site-packages/airflow/example_dags/example_sla_dag.py
[2024-04-24T21:24:15.423+0000] {logging_mixin.py:188} INFO - [2024-04-24T21:24:15.422+0000] {dag.py:3047} INFO - Sync 1 DAGs
[2024-04-24T21:24:15.443+0000] {logging_mixin.py:188} INFO - [2024-04-24T21:24:15.443+0000] {dag.py:3834} INFO - Setting next_dagrun for example_sla_dag to 2024-04-24 21:22:00+00:00, run_after=2024-04-24 21:24:00+00:00
[2024-04-24T21:24:15.462+0000] {processor.py:183} INFO - Processing /home/airflow/.local/lib/python3.10/site-packages/airflow/example_dags/example_sla_dag.py took 0.074 seconds
[2024-04-24T21:24:46.276+0000] {processor.py:161} INFO - Started process (PID=1183) to work on /home/airflow/.local/lib/python3.10/site-packages/airflow/example_dags/example_sla_dag.py
[2024-04-24T21:24:46.278+0000] {processor.py:830} INFO - Processing file /home/airflow/.local/lib/python3.10/site-packages/airflow/example_dags/example_sla_dag.py for tasks to queue
[2024-04-24T21:24:46.280+0000] {logging_mixin.py:188} INFO - [2024-04-24T21:24:46.279+0000] {dagbag.py:540} INFO - Filling up the DagBag from /home/airflow/.local/lib/python3.10/site-packages/airflow/example_dags/example_sla_dag.py
[2024-04-24T21:24:46.288+0000] {processor.py:840} INFO - DAG(s) 'example_sla_dag' retrieved from /home/airflow/.local/lib/python3.10/site-packages/airflow/example_dags/example_sla_dag.py
[2024-04-24T21:24:46.306+0000] {logging_mixin.py:188} INFO - [2024-04-24T21:24:46.306+0000] {dag.py:3047} INFO - Sync 1 DAGs
[2024-04-24T21:24:46.329+0000] {logging_mixin.py:188} INFO - [2024-04-24T21:24:46.328+0000] {dag.py:3834} INFO - Setting next_dagrun for example_sla_dag to 2024-04-24 21:22:00+00:00, run_after=2024-04-24 21:24:00+00:00
[2024-04-24T21:24:46.350+0000] {processor.py:183} INFO - Processing /home/airflow/.local/lib/python3.10/site-packages/airflow/example_dags/example_sla_dag.py took 0.078 seconds
[2024-04-24T21:25:16.675+0000] {processor.py:161} INFO - Started process (PID=1238) to work on /home/airflow/.local/lib/python3.10/site-packages/airflow/example_dags/example_sla_dag.py
[2024-04-24T21:25:16.676+0000] {processor.py:830} INFO - Processing file /home/airflow/.local/lib/python3.10/site-packages/airflow/example_dags/example_sla_dag.py for tasks to queue
[2024-04-24T21:25:16.678+0000] {logging_mixin.py:188} INFO - [2024-04-24T21:25:16.678+0000] {dagbag.py:540} INFO - Filling up the DagBag from /home/airflow/.local/lib/python3.10/site-packages/airflow/example_dags/example_sla_dag.py
[2024-04-24T21:25:16.686+0000] {processor.py:840} INFO - DAG(s) 'example_sla_dag' retrieved from /home/airflow/.local/lib/python3.10/site-packages/airflow/example_dags/example_sla_dag.py
[2024-04-24T21:25:16.705+0000] {logging_mixin.py:188} INFO - [2024-04-24T21:25:16.704+0000] {dag.py:3047} INFO - Sync 1 DAGs
[2024-04-24T21:25:16.725+0000] {logging_mixin.py:188} INFO - [2024-04-24T21:25:16.725+0000] {dag.py:3834} INFO - Setting next_dagrun for example_sla_dag to 2024-04-24 21:22:00+00:00, run_after=2024-04-24 21:24:00+00:00
[2024-04-24T21:25:16.743+0000] {processor.py:183} INFO - Processing /home/airflow/.local/lib/python3.10/site-packages/airflow/example_dags/example_sla_dag.py took 0.072 seconds
[2024-04-24T21:25:47.141+0000] {processor.py:161} INFO - Started process (PID=1294) to work on /home/airflow/.local/lib/python3.10/site-packages/airflow/example_dags/example_sla_dag.py
[2024-04-24T21:25:47.143+0000] {processor.py:830} INFO - Processing file /home/airflow/.local/lib/python3.10/site-packages/airflow/example_dags/example_sla_dag.py for tasks to queue
[2024-04-24T21:25:47.145+0000] {logging_mixin.py:188} INFO - [2024-04-24T21:25:47.145+0000] {dagbag.py:540} INFO - Filling up the DagBag from /home/airflow/.local/lib/python3.10/site-packages/airflow/example_dags/example_sla_dag.py
[2024-04-24T21:25:47.154+0000] {processor.py:840} INFO - DAG(s) 'example_sla_dag' retrieved from /home/airflow/.local/lib/python3.10/site-packages/airflow/example_dags/example_sla_dag.py
[2024-04-24T21:25:47.174+0000] {logging_mixin.py:188} INFO - [2024-04-24T21:25:47.174+0000] {dag.py:3047} INFO - Sync 1 DAGs
[2024-04-24T21:25:47.194+0000] {logging_mixin.py:188} INFO - [2024-04-24T21:25:47.194+0000] {dag.py:3834} INFO - Setting next_dagrun for example_sla_dag to 2024-04-24 21:22:00+00:00, run_after=2024-04-24 21:24:00+00:00
[2024-04-24T21:25:47.213+0000] {processor.py:183} INFO - Processing /home/airflow/.local/lib/python3.10/site-packages/airflow/example_dags/example_sla_dag.py took 0.076 seconds
[2024-04-24T21:26:17.581+0000] {processor.py:161} INFO - Started process (PID=1349) to work on /home/airflow/.local/lib/python3.10/site-packages/airflow/example_dags/example_sla_dag.py
[2024-04-24T21:26:17.583+0000] {processor.py:830} INFO - Processing file /home/airflow/.local/lib/python3.10/site-packages/airflow/example_dags/example_sla_dag.py for tasks to queue
[2024-04-24T21:26:17.584+0000] {logging_mixin.py:188} INFO - [2024-04-24T21:26:17.584+0000] {dagbag.py:540} INFO - Filling up the DagBag from /home/airflow/.local/lib/python3.10/site-packages/airflow/example_dags/example_sla_dag.py
[2024-04-24T21:26:17.592+0000] {processor.py:840} INFO - DAG(s) 'example_sla_dag' retrieved from /home/airflow/.local/lib/python3.10/site-packages/airflow/example_dags/example_sla_dag.py
[2024-04-24T21:26:17.612+0000] {logging_mixin.py:188} INFO - [2024-04-24T21:26:17.611+0000] {dag.py:3047} INFO - Sync 1 DAGs
[2024-04-24T21:26:17.633+0000] {logging_mixin.py:188} INFO - [2024-04-24T21:26:17.633+0000] {dag.py:3834} INFO - Setting next_dagrun for example_sla_dag to 2024-04-24 21:24:00+00:00, run_after=2024-04-24 21:26:00+00:00
[2024-04-24T21:26:17.652+0000] {processor.py:183} INFO - Processing /home/airflow/.local/lib/python3.10/site-packages/airflow/example_dags/example_sla_dag.py took 0.074 seconds
[2024-04-24T21:26:48.596+0000] {processor.py:161} INFO - Started process (PID=1404) to work on /home/airflow/.local/lib/python3.10/site-packages/airflow/example_dags/example_sla_dag.py
[2024-04-24T21:26:48.597+0000] {processor.py:830} INFO - Processing file /home/airflow/.local/lib/python3.10/site-packages/airflow/example_dags/example_sla_dag.py for tasks to queue
[2024-04-24T21:26:48.599+0000] {logging_mixin.py:188} INFO - [2024-04-24T21:26:48.599+0000] {dagbag.py:540} INFO - Filling up the DagBag from /home/airflow/.local/lib/python3.10/site-packages/airflow/example_dags/example_sla_dag.py
[2024-04-24T21:26:48.607+0000] {processor.py:840} INFO - DAG(s) 'example_sla_dag' retrieved from /home/airflow/.local/lib/python3.10/site-packages/airflow/example_dags/example_sla_dag.py
[2024-04-24T21:26:48.626+0000] {logging_mixin.py:188} INFO - [2024-04-24T21:26:48.625+0000] {dag.py:3047} INFO - Sync 1 DAGs
[2024-04-24T21:26:48.646+0000] {logging_mixin.py:188} INFO - [2024-04-24T21:26:48.646+0000] {dag.py:3834} INFO - Setting next_dagrun for example_sla_dag to 2024-04-24 21:24:00+00:00, run_after=2024-04-24 21:26:00+00:00
[2024-04-24T21:26:48.666+0000] {processor.py:183} INFO - Processing /home/airflow/.local/lib/python3.10/site-packages/airflow/example_dags/example_sla_dag.py took 0.074 seconds
[2024-04-24T21:27:19.328+0000] {processor.py:161} INFO - Started process (PID=1459) to work on /home/airflow/.local/lib/python3.10/site-packages/airflow/example_dags/example_sla_dag.py
[2024-04-24T21:27:19.330+0000] {processor.py:830} INFO - Processing file /home/airflow/.local/lib/python3.10/site-packages/airflow/example_dags/example_sla_dag.py for tasks to queue
[2024-04-24T21:27:19.332+0000] {logging_mixin.py:188} INFO - [2024-04-24T21:27:19.331+0000] {dagbag.py:540} INFO - Filling up the DagBag from /home/airflow/.local/lib/python3.10/site-packages/airflow/example_dags/example_sla_dag.py
[2024-04-24T21:27:19.340+0000] {processor.py:840} INFO - DAG(s) 'example_sla_dag' retrieved from /home/airflow/.local/lib/python3.10/site-packages/airflow/example_dags/example_sla_dag.py
[2024-04-24T21:27:19.358+0000] {logging_mixin.py:188} INFO - [2024-04-24T21:27:19.358+0000] {dag.py:3047} INFO - Sync 1 DAGs
[2024-04-24T21:27:19.380+0000] {logging_mixin.py:188} INFO - [2024-04-24T21:27:19.380+0000] {dag.py:3834} INFO - Setting next_dagrun for example_sla_dag to 2024-04-24 21:24:00+00:00, run_after=2024-04-24 21:26:00+00:00
[2024-04-24T21:27:19.398+0000] {processor.py:183} INFO - Processing /home/airflow/.local/lib/python3.10/site-packages/airflow/example_dags/example_sla_dag.py took 0.073 seconds
[2024-04-24T21:27:49.826+0000] {processor.py:161} INFO - Started process (PID=1515) to work on /home/airflow/.local/lib/python3.10/site-packages/airflow/example_dags/example_sla_dag.py
[2024-04-24T21:27:49.827+0000] {processor.py:830} INFO - Processing file /home/airflow/.local/lib/python3.10/site-packages/airflow/example_dags/example_sla_dag.py for tasks to queue
[2024-04-24T21:27:49.830+0000] {logging_mixin.py:188} INFO - [2024-04-24T21:27:49.830+0000] {dagbag.py:540} INFO - Filling up the DagBag from /home/airflow/.local/lib/python3.10/site-packages/airflow/example_dags/example_sla_dag.py
[2024-04-24T21:27:49.905+0000] {processor.py:840} INFO - DAG(s) 'example_sla_dag' retrieved from /home/airflow/.local/lib/python3.10/site-packages/airflow/example_dags/example_sla_dag.py
[2024-04-24T21:27:49.977+0000] {logging_mixin.py:188} INFO - [2024-04-24T21:27:49.976+0000] {dag.py:3047} INFO - Sync 1 DAGs
[2024-04-24T21:27:50.239+0000] {logging_mixin.py:188} INFO - [2024-04-24T21:27:50.239+0000] {dag.py:3834} INFO - Setting next_dagrun for example_sla_dag to 2024-04-24 21:24:00+00:00, run_after=2024-04-24 21:26:00+00:00
[2024-04-24T21:27:50.262+0000] {processor.py:183} INFO - Processing /home/airflow/.local/lib/python3.10/site-packages/airflow/example_dags/example_sla_dag.py took 0.440 seconds
[2024-04-24T21:28:20.929+0000] {processor.py:161} INFO - Started process (PID=1570) to work on /home/airflow/.local/lib/python3.10/site-packages/airflow/example_dags/example_sla_dag.py
[2024-04-24T21:28:20.930+0000] {processor.py:830} INFO - Processing file /home/airflow/.local/lib/python3.10/site-packages/airflow/example_dags/example_sla_dag.py for tasks to queue
[2024-04-24T21:28:20.933+0000] {logging_mixin.py:188} INFO - [2024-04-24T21:28:20.932+0000] {dagbag.py:540} INFO - Filling up the DagBag from /home/airflow/.local/lib/python3.10/site-packages/airflow/example_dags/example_sla_dag.py
[2024-04-24T21:28:20.943+0000] {processor.py:840} INFO - DAG(s) 'example_sla_dag' retrieved from /home/airflow/.local/lib/python3.10/site-packages/airflow/example_dags/example_sla_dag.py
[2024-04-24T21:28:20.964+0000] {logging_mixin.py:188} INFO - [2024-04-24T21:28:20.964+0000] {dag.py:3047} INFO - Sync 1 DAGs
[2024-04-24T21:28:20.988+0000] {logging_mixin.py:188} INFO - [2024-04-24T21:28:20.988+0000] {dag.py:3834} INFO - Setting next_dagrun for example_sla_dag to 2024-04-24 21:26:00+00:00, run_after=2024-04-24 21:28:00+00:00
[2024-04-24T21:28:21.116+0000] {processor.py:183} INFO - Processing /home/airflow/.local/lib/python3.10/site-packages/airflow/example_dags/example_sla_dag.py took 0.190 seconds
[2024-04-24T21:28:51.826+0000] {processor.py:161} INFO - Started process (PID=1625) to work on /home/airflow/.local/lib/python3.10/site-packages/airflow/example_dags/example_sla_dag.py
[2024-04-24T21:28:51.828+0000] {processor.py:830} INFO - Processing file /home/airflow/.local/lib/python3.10/site-packages/airflow/example_dags/example_sla_dag.py for tasks to queue
[2024-04-24T21:28:51.829+0000] {logging_mixin.py:188} INFO - [2024-04-24T21:28:51.829+0000] {dagbag.py:540} INFO - Filling up the DagBag from /home/airflow/.local/lib/python3.10/site-packages/airflow/example_dags/example_sla_dag.py
[2024-04-24T21:28:51.837+0000] {processor.py:840} INFO - DAG(s) 'example_sla_dag' retrieved from /home/airflow/.local/lib/python3.10/site-packages/airflow/example_dags/example_sla_dag.py
[2024-04-24T21:28:51.856+0000] {logging_mixin.py:188} INFO - [2024-04-24T21:28:51.855+0000] {dag.py:3047} INFO - Sync 1 DAGs
[2024-04-24T21:28:51.877+0000] {logging_mixin.py:188} INFO - [2024-04-24T21:28:51.877+0000] {dag.py:3834} INFO - Setting next_dagrun for example_sla_dag to 2024-04-24 21:26:00+00:00, run_after=2024-04-24 21:28:00+00:00
[2024-04-24T21:28:51.895+0000] {processor.py:183} INFO - Processing /home/airflow/.local/lib/python3.10/site-packages/airflow/example_dags/example_sla_dag.py took 0.071 seconds
[2024-04-24T21:29:22.732+0000] {processor.py:161} INFO - Started process (PID=1681) to work on /home/airflow/.local/lib/python3.10/site-packages/airflow/example_dags/example_sla_dag.py
[2024-04-24T21:29:22.733+0000] {processor.py:830} INFO - Processing file /home/airflow/.local/lib/python3.10/site-packages/airflow/example_dags/example_sla_dag.py for tasks to queue
[2024-04-24T21:29:22.736+0000] {logging_mixin.py:188} INFO - [2024-04-24T21:29:22.735+0000] {dagbag.py:540} INFO - Filling up the DagBag from /home/airflow/.local/lib/python3.10/site-packages/airflow/example_dags/example_sla_dag.py
[2024-04-24T21:29:22.744+0000] {processor.py:840} INFO - DAG(s) 'example_sla_dag' retrieved from /home/airflow/.local/lib/python3.10/site-packages/airflow/example_dags/example_sla_dag.py
[2024-04-24T21:29:22.762+0000] {logging_mixin.py:188} INFO - [2024-04-24T21:29:22.762+0000] {dag.py:3047} INFO - Sync 1 DAGs
[2024-04-24T21:29:22.783+0000] {logging_mixin.py:188} INFO - [2024-04-24T21:29:22.782+0000] {dag.py:3834} INFO - Setting next_dagrun for example_sla_dag to 2024-04-24 21:26:00+00:00, run_after=2024-04-24 21:28:00+00:00
[2024-04-24T21:29:22.801+0000] {processor.py:183} INFO - Processing /home/airflow/.local/lib/python3.10/site-packages/airflow/example_dags/example_sla_dag.py took 0.072 seconds
[2024-04-24T21:29:52.904+0000] {processor.py:161} INFO - Started process (PID=1736) to work on /home/airflow/.local/lib/python3.10/site-packages/airflow/example_dags/example_sla_dag.py
[2024-04-24T21:29:52.905+0000] {processor.py:830} INFO - Processing file /home/airflow/.local/lib/python3.10/site-packages/airflow/example_dags/example_sla_dag.py for tasks to queue
[2024-04-24T21:29:52.907+0000] {logging_mixin.py:188} INFO - [2024-04-24T21:29:52.906+0000] {dagbag.py:540} INFO - Filling up the DagBag from /home/airflow/.local/lib/python3.10/site-packages/airflow/example_dags/example_sla_dag.py
[2024-04-24T21:29:52.915+0000] {processor.py:840} INFO - DAG(s) 'example_sla_dag' retrieved from /home/airflow/.local/lib/python3.10/site-packages/airflow/example_dags/example_sla_dag.py
[2024-04-24T21:29:53.044+0000] {logging_mixin.py:188} INFO - [2024-04-24T21:29:53.044+0000] {dag.py:3047} INFO - Sync 1 DAGs
[2024-04-24T21:29:53.062+0000] {logging_mixin.py:188} INFO - [2024-04-24T21:29:53.062+0000] {dag.py:3834} INFO - Setting next_dagrun for example_sla_dag to 2024-04-24 21:26:00+00:00, run_after=2024-04-24 21:28:00+00:00
[2024-04-24T21:29:53.080+0000] {processor.py:183} INFO - Processing /home/airflow/.local/lib/python3.10/site-packages/airflow/example_dags/example_sla_dag.py took 0.180 seconds
[2024-04-24T21:30:23.706+0000] {processor.py:161} INFO - Started process (PID=1792) to work on /home/airflow/.local/lib/python3.10/site-packages/airflow/example_dags/example_sla_dag.py
[2024-04-24T21:30:23.707+0000] {processor.py:830} INFO - Processing file /home/airflow/.local/lib/python3.10/site-packages/airflow/example_dags/example_sla_dag.py for tasks to queue
[2024-04-24T21:30:23.711+0000] {logging_mixin.py:188} INFO - [2024-04-24T21:30:23.710+0000] {dagbag.py:540} INFO - Filling up the DagBag from /home/airflow/.local/lib/python3.10/site-packages/airflow/example_dags/example_sla_dag.py
[2024-04-24T21:30:23.720+0000] {processor.py:840} INFO - DAG(s) 'example_sla_dag' retrieved from /home/airflow/.local/lib/python3.10/site-packages/airflow/example_dags/example_sla_dag.py
[2024-04-24T21:30:23.745+0000] {logging_mixin.py:188} INFO - [2024-04-24T21:30:23.745+0000] {dag.py:3047} INFO - Sync 1 DAGs
[2024-04-24T21:30:23.781+0000] {logging_mixin.py:188} INFO - [2024-04-24T21:30:23.781+0000] {dag.py:3834} INFO - Setting next_dagrun for example_sla_dag to 2024-04-24 21:28:00+00:00, run_after=2024-04-24 21:30:00+00:00
[2024-04-24T21:30:23.810+0000] {processor.py:183} INFO - Processing /home/airflow/.local/lib/python3.10/site-packages/airflow/example_dags/example_sla_dag.py took 0.107 seconds
