[2024-04-24T21:14:03.691+0000] {processor.py:161} INFO - Started process (PID=50) to work on /home/airflow/.local/lib/python3.10/site-packages/airflow/example_dags/example_task_group.py
[2024-04-24T21:14:03.800+0000] {processor.py:830} INFO - Processing file /home/airflow/.local/lib/python3.10/site-packages/airflow/example_dags/example_task_group.py for tasks to queue
[2024-04-24T21:14:03.873+0000] {logging_mixin.py:188} INFO - [2024-04-24T21:14:03.857+0000] {dagbag.py:540} INFO - Filling up the DagBag from /home/airflow/.local/lib/python3.10/site-packages/airflow/example_dags/example_task_group.py
[2024-04-24T21:14:04.135+0000] {processor.py:840} INFO - DAG(s) 'example_task_group' retrieved from /home/airflow/.local/lib/python3.10/site-packages/airflow/example_dags/example_task_group.py
[2024-04-24T21:14:05.239+0000] {logging_mixin.py:188} INFO - [2024-04-24T21:14:05.238+0000] {override.py:1769} INFO - Created Permission View: can edit on DAG:example_task_group
[2024-04-24T21:14:05.264+0000] {logging_mixin.py:188} INFO - [2024-04-24T21:14:05.263+0000] {override.py:1769} INFO - Created Permission View: can read on DAG:example_task_group
[2024-04-24T21:14:05.281+0000] {logging_mixin.py:188} INFO - [2024-04-24T21:14:05.280+0000] {override.py:1769} INFO - Created Permission View: can delete on DAG:example_task_group
[2024-04-24T21:14:05.282+0000] {logging_mixin.py:188} INFO - [2024-04-24T21:14:05.282+0000] {dag.py:3047} INFO - Sync 1 DAGs
[2024-04-24T21:14:05.332+0000] {logging_mixin.py:188} INFO - [2024-04-24T21:14:05.331+0000] {dag.py:3069} INFO - Creating ORM DAG for example_task_group
[2024-04-24T21:14:05.377+0000] {logging_mixin.py:188} INFO - [2024-04-24T21:14:05.376+0000] {dag.py:3834} INFO - Setting next_dagrun for example_task_group to 2024-04-23 00:00:00+00:00, run_after=2024-04-24 00:00:00+00:00
[2024-04-24T21:14:05.442+0000] {processor.py:183} INFO - Processing /home/airflow/.local/lib/python3.10/site-packages/airflow/example_dags/example_task_group.py took 1.867 seconds
[2024-04-24T21:14:44.547+0000] {processor.py:161} INFO - Started process (PID=107) to work on /home/airflow/.local/lib/python3.10/site-packages/airflow/example_dags/example_task_group.py
[2024-04-24T21:14:44.550+0000] {processor.py:830} INFO - Processing file /home/airflow/.local/lib/python3.10/site-packages/airflow/example_dags/example_task_group.py for tasks to queue
[2024-04-24T21:14:44.556+0000] {logging_mixin.py:188} INFO - [2024-04-24T21:14:44.555+0000] {dagbag.py:540} INFO - Filling up the DagBag from /home/airflow/.local/lib/python3.10/site-packages/airflow/example_dags/example_task_group.py
[2024-04-24T21:14:44.581+0000] {processor.py:840} INFO - DAG(s) 'example_task_group' retrieved from /home/airflow/.local/lib/python3.10/site-packages/airflow/example_dags/example_task_group.py
[2024-04-24T21:14:44.653+0000] {logging_mixin.py:188} INFO - [2024-04-24T21:14:44.652+0000] {dag.py:3047} INFO - Sync 1 DAGs
[2024-04-24T21:14:44.699+0000] {logging_mixin.py:188} INFO - [2024-04-24T21:14:44.699+0000] {dag.py:3834} INFO - Setting next_dagrun for example_task_group to 2024-04-23 00:00:00+00:00, run_after=2024-04-24 00:00:00+00:00
[2024-04-24T21:14:44.751+0000] {processor.py:183} INFO - Processing /home/airflow/.local/lib/python3.10/site-packages/airflow/example_dags/example_task_group.py took 0.210 seconds
[2024-04-24T21:15:16.959+0000] {processor.py:161} INFO - Started process (PID=160) to work on /home/airflow/.local/lib/python3.10/site-packages/airflow/example_dags/example_task_group.py
[2024-04-24T21:15:16.963+0000] {processor.py:830} INFO - Processing file /home/airflow/.local/lib/python3.10/site-packages/airflow/example_dags/example_task_group.py for tasks to queue
[2024-04-24T21:15:16.974+0000] {logging_mixin.py:188} INFO - [2024-04-24T21:15:16.973+0000] {dagbag.py:540} INFO - Filling up the DagBag from /home/airflow/.local/lib/python3.10/site-packages/airflow/example_dags/example_task_group.py
[2024-04-24T21:15:16.989+0000] {processor.py:840} INFO - DAG(s) 'example_task_group' retrieved from /home/airflow/.local/lib/python3.10/site-packages/airflow/example_dags/example_task_group.py
[2024-04-24T21:15:17.032+0000] {logging_mixin.py:188} INFO - [2024-04-24T21:15:17.032+0000] {dag.py:3047} INFO - Sync 1 DAGs
[2024-04-24T21:15:17.087+0000] {logging_mixin.py:188} INFO - [2024-04-24T21:15:17.087+0000] {dag.py:3834} INFO - Setting next_dagrun for example_task_group to 2024-04-23 00:00:00+00:00, run_after=2024-04-24 00:00:00+00:00
[2024-04-24T21:15:17.143+0000] {processor.py:183} INFO - Processing /home/airflow/.local/lib/python3.10/site-packages/airflow/example_dags/example_task_group.py took 0.191 seconds
[2024-04-24T21:15:47.377+0000] {processor.py:161} INFO - Started process (PID=215) to work on /home/airflow/.local/lib/python3.10/site-packages/airflow/example_dags/example_task_group.py
[2024-04-24T21:15:47.379+0000] {processor.py:830} INFO - Processing file /home/airflow/.local/lib/python3.10/site-packages/airflow/example_dags/example_task_group.py for tasks to queue
[2024-04-24T21:15:47.383+0000] {logging_mixin.py:188} INFO - [2024-04-24T21:15:47.382+0000] {dagbag.py:540} INFO - Filling up the DagBag from /home/airflow/.local/lib/python3.10/site-packages/airflow/example_dags/example_task_group.py
[2024-04-24T21:15:47.397+0000] {processor.py:840} INFO - DAG(s) 'example_task_group' retrieved from /home/airflow/.local/lib/python3.10/site-packages/airflow/example_dags/example_task_group.py
[2024-04-24T21:15:47.427+0000] {logging_mixin.py:188} INFO - [2024-04-24T21:15:47.426+0000] {dag.py:3047} INFO - Sync 1 DAGs
[2024-04-24T21:15:47.457+0000] {logging_mixin.py:188} INFO - [2024-04-24T21:15:47.457+0000] {dag.py:3834} INFO - Setting next_dagrun for example_task_group to 2024-04-23 00:00:00+00:00, run_after=2024-04-24 00:00:00+00:00
[2024-04-24T21:15:47.494+0000] {processor.py:183} INFO - Processing /home/airflow/.local/lib/python3.10/site-packages/airflow/example_dags/example_task_group.py took 0.123 seconds
[2024-04-24T21:16:20.065+0000] {processor.py:161} INFO - Started process (PID=266) to work on /home/airflow/.local/lib/python3.10/site-packages/airflow/example_dags/example_task_group.py
[2024-04-24T21:16:20.067+0000] {processor.py:830} INFO - Processing file /home/airflow/.local/lib/python3.10/site-packages/airflow/example_dags/example_task_group.py for tasks to queue
[2024-04-24T21:16:20.070+0000] {logging_mixin.py:188} INFO - [2024-04-24T21:16:20.070+0000] {dagbag.py:540} INFO - Filling up the DagBag from /home/airflow/.local/lib/python3.10/site-packages/airflow/example_dags/example_task_group.py
[2024-04-24T21:16:20.084+0000] {processor.py:840} INFO - DAG(s) 'example_task_group' retrieved from /home/airflow/.local/lib/python3.10/site-packages/airflow/example_dags/example_task_group.py
[2024-04-24T21:16:20.124+0000] {logging_mixin.py:188} INFO - [2024-04-24T21:16:20.124+0000] {dag.py:3047} INFO - Sync 1 DAGs
[2024-04-24T21:16:20.166+0000] {logging_mixin.py:188} INFO - [2024-04-24T21:16:20.166+0000] {dag.py:3834} INFO - Setting next_dagrun for example_task_group to 2024-04-23 00:00:00+00:00, run_after=2024-04-24 00:00:00+00:00
[2024-04-24T21:16:20.201+0000] {processor.py:183} INFO - Processing /home/airflow/.local/lib/python3.10/site-packages/airflow/example_dags/example_task_group.py took 0.144 seconds
[2024-04-24T21:16:50.298+0000] {processor.py:161} INFO - Started process (PID=320) to work on /home/airflow/.local/lib/python3.10/site-packages/airflow/example_dags/example_task_group.py
[2024-04-24T21:16:50.301+0000] {processor.py:830} INFO - Processing file /home/airflow/.local/lib/python3.10/site-packages/airflow/example_dags/example_task_group.py for tasks to queue
[2024-04-24T21:16:50.305+0000] {logging_mixin.py:188} INFO - [2024-04-24T21:16:50.304+0000] {dagbag.py:540} INFO - Filling up the DagBag from /home/airflow/.local/lib/python3.10/site-packages/airflow/example_dags/example_task_group.py
[2024-04-24T21:16:50.318+0000] {processor.py:840} INFO - DAG(s) 'example_task_group' retrieved from /home/airflow/.local/lib/python3.10/site-packages/airflow/example_dags/example_task_group.py
[2024-04-24T21:16:50.353+0000] {logging_mixin.py:188} INFO - [2024-04-24T21:16:50.353+0000] {dag.py:3047} INFO - Sync 1 DAGs
[2024-04-24T21:16:50.389+0000] {logging_mixin.py:188} INFO - [2024-04-24T21:16:50.389+0000] {dag.py:3834} INFO - Setting next_dagrun for example_task_group to 2024-04-23 00:00:00+00:00, run_after=2024-04-24 00:00:00+00:00
[2024-04-24T21:16:50.422+0000] {processor.py:183} INFO - Processing /home/airflow/.local/lib/python3.10/site-packages/airflow/example_dags/example_task_group.py took 0.130 seconds
[2024-04-24T21:17:20.478+0000] {processor.py:161} INFO - Started process (PID=375) to work on /home/airflow/.local/lib/python3.10/site-packages/airflow/example_dags/example_task_group.py
[2024-04-24T21:17:20.479+0000] {processor.py:830} INFO - Processing file /home/airflow/.local/lib/python3.10/site-packages/airflow/example_dags/example_task_group.py for tasks to queue
[2024-04-24T21:17:20.482+0000] {logging_mixin.py:188} INFO - [2024-04-24T21:17:20.481+0000] {dagbag.py:540} INFO - Filling up the DagBag from /home/airflow/.local/lib/python3.10/site-packages/airflow/example_dags/example_task_group.py
[2024-04-24T21:17:20.489+0000] {processor.py:840} INFO - DAG(s) 'example_task_group' retrieved from /home/airflow/.local/lib/python3.10/site-packages/airflow/example_dags/example_task_group.py
[2024-04-24T21:17:20.513+0000] {logging_mixin.py:188} INFO - [2024-04-24T21:17:20.513+0000] {dag.py:3047} INFO - Sync 1 DAGs
[2024-04-24T21:17:20.533+0000] {logging_mixin.py:188} INFO - [2024-04-24T21:17:20.533+0000] {dag.py:3834} INFO - Setting next_dagrun for example_task_group to 2024-04-23 00:00:00+00:00, run_after=2024-04-24 00:00:00+00:00
[2024-04-24T21:17:20.557+0000] {processor.py:183} INFO - Processing /home/airflow/.local/lib/python3.10/site-packages/airflow/example_dags/example_task_group.py took 0.082 seconds
[2024-04-24T21:17:51.160+0000] {processor.py:161} INFO - Started process (PID=431) to work on /home/airflow/.local/lib/python3.10/site-packages/airflow/example_dags/example_task_group.py
[2024-04-24T21:17:51.162+0000] {processor.py:830} INFO - Processing file /home/airflow/.local/lib/python3.10/site-packages/airflow/example_dags/example_task_group.py for tasks to queue
[2024-04-24T21:17:51.164+0000] {logging_mixin.py:188} INFO - [2024-04-24T21:17:51.164+0000] {dagbag.py:540} INFO - Filling up the DagBag from /home/airflow/.local/lib/python3.10/site-packages/airflow/example_dags/example_task_group.py
[2024-04-24T21:17:51.172+0000] {processor.py:840} INFO - DAG(s) 'example_task_group' retrieved from /home/airflow/.local/lib/python3.10/site-packages/airflow/example_dags/example_task_group.py
[2024-04-24T21:17:51.197+0000] {logging_mixin.py:188} INFO - [2024-04-24T21:17:51.196+0000] {dag.py:3047} INFO - Sync 1 DAGs
[2024-04-24T21:17:51.219+0000] {logging_mixin.py:188} INFO - [2024-04-24T21:17:51.219+0000] {dag.py:3834} INFO - Setting next_dagrun for example_task_group to 2024-04-23 00:00:00+00:00, run_after=2024-04-24 00:00:00+00:00
[2024-04-24T21:17:51.240+0000] {processor.py:183} INFO - Processing /home/airflow/.local/lib/python3.10/site-packages/airflow/example_dags/example_task_group.py took 0.084 seconds
[2024-04-24T21:18:21.476+0000] {processor.py:161} INFO - Started process (PID=486) to work on /home/airflow/.local/lib/python3.10/site-packages/airflow/example_dags/example_task_group.py
[2024-04-24T21:18:21.477+0000] {processor.py:830} INFO - Processing file /home/airflow/.local/lib/python3.10/site-packages/airflow/example_dags/example_task_group.py for tasks to queue
[2024-04-24T21:18:21.479+0000] {logging_mixin.py:188} INFO - [2024-04-24T21:18:21.479+0000] {dagbag.py:540} INFO - Filling up the DagBag from /home/airflow/.local/lib/python3.10/site-packages/airflow/example_dags/example_task_group.py
[2024-04-24T21:18:21.487+0000] {processor.py:840} INFO - DAG(s) 'example_task_group' retrieved from /home/airflow/.local/lib/python3.10/site-packages/airflow/example_dags/example_task_group.py
[2024-04-24T21:18:21.518+0000] {logging_mixin.py:188} INFO - [2024-04-24T21:18:21.517+0000] {dag.py:3047} INFO - Sync 1 DAGs
[2024-04-24T21:18:21.538+0000] {logging_mixin.py:188} INFO - [2024-04-24T21:18:21.538+0000] {dag.py:3834} INFO - Setting next_dagrun for example_task_group to 2024-04-23 00:00:00+00:00, run_after=2024-04-24 00:00:00+00:00
[2024-04-24T21:18:21.557+0000] {processor.py:183} INFO - Processing /home/airflow/.local/lib/python3.10/site-packages/airflow/example_dags/example_task_group.py took 0.085 seconds
[2024-04-24T21:18:52.413+0000] {processor.py:161} INFO - Started process (PID=541) to work on /home/airflow/.local/lib/python3.10/site-packages/airflow/example_dags/example_task_group.py
[2024-04-24T21:18:52.415+0000] {processor.py:830} INFO - Processing file /home/airflow/.local/lib/python3.10/site-packages/airflow/example_dags/example_task_group.py for tasks to queue
[2024-04-24T21:18:52.417+0000] {logging_mixin.py:188} INFO - [2024-04-24T21:18:52.417+0000] {dagbag.py:540} INFO - Filling up the DagBag from /home/airflow/.local/lib/python3.10/site-packages/airflow/example_dags/example_task_group.py
[2024-04-24T21:18:52.425+0000] {processor.py:840} INFO - DAG(s) 'example_task_group' retrieved from /home/airflow/.local/lib/python3.10/site-packages/airflow/example_dags/example_task_group.py
[2024-04-24T21:18:52.451+0000] {logging_mixin.py:188} INFO - [2024-04-24T21:18:52.451+0000] {dag.py:3047} INFO - Sync 1 DAGs
[2024-04-24T21:18:52.474+0000] {logging_mixin.py:188} INFO - [2024-04-24T21:18:52.474+0000] {dag.py:3834} INFO - Setting next_dagrun for example_task_group to 2024-04-23 00:00:00+00:00, run_after=2024-04-24 00:00:00+00:00
[2024-04-24T21:18:52.498+0000] {processor.py:183} INFO - Processing /home/airflow/.local/lib/python3.10/site-packages/airflow/example_dags/example_task_group.py took 0.088 seconds
[2024-04-24T21:19:22.966+0000] {processor.py:161} INFO - Started process (PID=597) to work on /home/airflow/.local/lib/python3.10/site-packages/airflow/example_dags/example_task_group.py
[2024-04-24T21:19:22.968+0000] {processor.py:830} INFO - Processing file /home/airflow/.local/lib/python3.10/site-packages/airflow/example_dags/example_task_group.py for tasks to queue
[2024-04-24T21:19:22.970+0000] {logging_mixin.py:188} INFO - [2024-04-24T21:19:22.970+0000] {dagbag.py:540} INFO - Filling up the DagBag from /home/airflow/.local/lib/python3.10/site-packages/airflow/example_dags/example_task_group.py
[2024-04-24T21:19:22.978+0000] {processor.py:840} INFO - DAG(s) 'example_task_group' retrieved from /home/airflow/.local/lib/python3.10/site-packages/airflow/example_dags/example_task_group.py
[2024-04-24T21:19:22.999+0000] {logging_mixin.py:188} INFO - [2024-04-24T21:19:22.999+0000] {dag.py:3047} INFO - Sync 1 DAGs
[2024-04-24T21:19:23.024+0000] {logging_mixin.py:188} INFO - [2024-04-24T21:19:23.023+0000] {dag.py:3834} INFO - Setting next_dagrun for example_task_group to 2024-04-23 00:00:00+00:00, run_after=2024-04-24 00:00:00+00:00
[2024-04-24T21:19:23.044+0000] {processor.py:183} INFO - Processing /home/airflow/.local/lib/python3.10/site-packages/airflow/example_dags/example_task_group.py took 0.082 seconds
[2024-04-24T21:19:53.817+0000] {processor.py:161} INFO - Started process (PID=653) to work on /home/airflow/.local/lib/python3.10/site-packages/airflow/example_dags/example_task_group.py
[2024-04-24T21:19:53.829+0000] {processor.py:830} INFO - Processing file /home/airflow/.local/lib/python3.10/site-packages/airflow/example_dags/example_task_group.py for tasks to queue
[2024-04-24T21:19:53.833+0000] {logging_mixin.py:188} INFO - [2024-04-24T21:19:53.832+0000] {dagbag.py:540} INFO - Filling up the DagBag from /home/airflow/.local/lib/python3.10/site-packages/airflow/example_dags/example_task_group.py
[2024-04-24T21:19:53.866+0000] {processor.py:840} INFO - DAG(s) 'example_task_group' retrieved from /home/airflow/.local/lib/python3.10/site-packages/airflow/example_dags/example_task_group.py
[2024-04-24T21:19:53.962+0000] {logging_mixin.py:188} INFO - [2024-04-24T21:19:53.961+0000] {dag.py:3047} INFO - Sync 1 DAGs
[2024-04-24T21:19:54.076+0000] {logging_mixin.py:188} INFO - [2024-04-24T21:19:54.075+0000] {dag.py:3834} INFO - Setting next_dagrun for example_task_group to 2024-04-23 00:00:00+00:00, run_after=2024-04-24 00:00:00+00:00
[2024-04-24T21:19:54.149+0000] {processor.py:183} INFO - Processing /home/airflow/.local/lib/python3.10/site-packages/airflow/example_dags/example_task_group.py took 0.338 seconds
[2024-04-24T21:20:24.221+0000] {processor.py:161} INFO - Started process (PID=709) to work on /home/airflow/.local/lib/python3.10/site-packages/airflow/example_dags/example_task_group.py
[2024-04-24T21:20:24.223+0000] {processor.py:830} INFO - Processing file /home/airflow/.local/lib/python3.10/site-packages/airflow/example_dags/example_task_group.py for tasks to queue
[2024-04-24T21:20:24.225+0000] {logging_mixin.py:188} INFO - [2024-04-24T21:20:24.225+0000] {dagbag.py:540} INFO - Filling up the DagBag from /home/airflow/.local/lib/python3.10/site-packages/airflow/example_dags/example_task_group.py
[2024-04-24T21:20:24.233+0000] {processor.py:840} INFO - DAG(s) 'example_task_group' retrieved from /home/airflow/.local/lib/python3.10/site-packages/airflow/example_dags/example_task_group.py
[2024-04-24T21:20:24.255+0000] {logging_mixin.py:188} INFO - [2024-04-24T21:20:24.255+0000] {dag.py:3047} INFO - Sync 1 DAGs
[2024-04-24T21:20:24.282+0000] {logging_mixin.py:188} INFO - [2024-04-24T21:20:24.281+0000] {dag.py:3834} INFO - Setting next_dagrun for example_task_group to 2024-04-23 00:00:00+00:00, run_after=2024-04-24 00:00:00+00:00
[2024-04-24T21:20:24.303+0000] {processor.py:183} INFO - Processing /home/airflow/.local/lib/python3.10/site-packages/airflow/example_dags/example_task_group.py took 0.084 seconds
[2024-04-24T21:20:55.216+0000] {processor.py:161} INFO - Started process (PID=765) to work on /home/airflow/.local/lib/python3.10/site-packages/airflow/example_dags/example_task_group.py
[2024-04-24T21:20:55.217+0000] {processor.py:830} INFO - Processing file /home/airflow/.local/lib/python3.10/site-packages/airflow/example_dags/example_task_group.py for tasks to queue
[2024-04-24T21:20:55.219+0000] {logging_mixin.py:188} INFO - [2024-04-24T21:20:55.219+0000] {dagbag.py:540} INFO - Filling up the DagBag from /home/airflow/.local/lib/python3.10/site-packages/airflow/example_dags/example_task_group.py
[2024-04-24T21:20:55.227+0000] {processor.py:840} INFO - DAG(s) 'example_task_group' retrieved from /home/airflow/.local/lib/python3.10/site-packages/airflow/example_dags/example_task_group.py
[2024-04-24T21:20:55.250+0000] {logging_mixin.py:188} INFO - [2024-04-24T21:20:55.250+0000] {dag.py:3047} INFO - Sync 1 DAGs
[2024-04-24T21:20:55.270+0000] {logging_mixin.py:188} INFO - [2024-04-24T21:20:55.270+0000] {dag.py:3834} INFO - Setting next_dagrun for example_task_group to 2024-04-23 00:00:00+00:00, run_after=2024-04-24 00:00:00+00:00
[2024-04-24T21:20:55.289+0000] {processor.py:183} INFO - Processing /home/airflow/.local/lib/python3.10/site-packages/airflow/example_dags/example_task_group.py took 0.077 seconds
[2024-04-24T21:21:25.970+0000] {processor.py:161} INFO - Started process (PID=821) to work on /home/airflow/.local/lib/python3.10/site-packages/airflow/example_dags/example_task_group.py
[2024-04-24T21:21:25.971+0000] {processor.py:830} INFO - Processing file /home/airflow/.local/lib/python3.10/site-packages/airflow/example_dags/example_task_group.py for tasks to queue
[2024-04-24T21:21:25.974+0000] {logging_mixin.py:188} INFO - [2024-04-24T21:21:25.974+0000] {dagbag.py:540} INFO - Filling up the DagBag from /home/airflow/.local/lib/python3.10/site-packages/airflow/example_dags/example_task_group.py
[2024-04-24T21:21:25.983+0000] {processor.py:840} INFO - DAG(s) 'example_task_group' retrieved from /home/airflow/.local/lib/python3.10/site-packages/airflow/example_dags/example_task_group.py
[2024-04-24T21:21:26.009+0000] {logging_mixin.py:188} INFO - [2024-04-24T21:21:26.009+0000] {dag.py:3047} INFO - Sync 1 DAGs
[2024-04-24T21:21:26.030+0000] {logging_mixin.py:188} INFO - [2024-04-24T21:21:26.030+0000] {dag.py:3834} INFO - Setting next_dagrun for example_task_group to 2024-04-23 00:00:00+00:00, run_after=2024-04-24 00:00:00+00:00
[2024-04-24T21:21:26.048+0000] {processor.py:183} INFO - Processing /home/airflow/.local/lib/python3.10/site-packages/airflow/example_dags/example_task_group.py took 0.083 seconds
[2024-04-24T21:21:56.388+0000] {processor.py:161} INFO - Started process (PID=876) to work on /home/airflow/.local/lib/python3.10/site-packages/airflow/example_dags/example_task_group.py
[2024-04-24T21:21:56.390+0000] {processor.py:830} INFO - Processing file /home/airflow/.local/lib/python3.10/site-packages/airflow/example_dags/example_task_group.py for tasks to queue
[2024-04-24T21:21:56.393+0000] {logging_mixin.py:188} INFO - [2024-04-24T21:21:56.392+0000] {dagbag.py:540} INFO - Filling up the DagBag from /home/airflow/.local/lib/python3.10/site-packages/airflow/example_dags/example_task_group.py
[2024-04-24T21:21:56.400+0000] {processor.py:840} INFO - DAG(s) 'example_task_group' retrieved from /home/airflow/.local/lib/python3.10/site-packages/airflow/example_dags/example_task_group.py
[2024-04-24T21:21:56.426+0000] {logging_mixin.py:188} INFO - [2024-04-24T21:21:56.425+0000] {dag.py:3047} INFO - Sync 1 DAGs
[2024-04-24T21:21:56.445+0000] {logging_mixin.py:188} INFO - [2024-04-24T21:21:56.445+0000] {dag.py:3834} INFO - Setting next_dagrun for example_task_group to 2024-04-23 00:00:00+00:00, run_after=2024-04-24 00:00:00+00:00
[2024-04-24T21:21:56.466+0000] {processor.py:183} INFO - Processing /home/airflow/.local/lib/python3.10/site-packages/airflow/example_dags/example_task_group.py took 0.081 seconds
[2024-04-24T21:22:27.386+0000] {processor.py:161} INFO - Started process (PID=932) to work on /home/airflow/.local/lib/python3.10/site-packages/airflow/example_dags/example_task_group.py
[2024-04-24T21:22:27.387+0000] {processor.py:830} INFO - Processing file /home/airflow/.local/lib/python3.10/site-packages/airflow/example_dags/example_task_group.py for tasks to queue
[2024-04-24T21:22:27.389+0000] {logging_mixin.py:188} INFO - [2024-04-24T21:22:27.389+0000] {dagbag.py:540} INFO - Filling up the DagBag from /home/airflow/.local/lib/python3.10/site-packages/airflow/example_dags/example_task_group.py
[2024-04-24T21:22:27.398+0000] {processor.py:840} INFO - DAG(s) 'example_task_group' retrieved from /home/airflow/.local/lib/python3.10/site-packages/airflow/example_dags/example_task_group.py
[2024-04-24T21:22:27.419+0000] {logging_mixin.py:188} INFO - [2024-04-24T21:22:27.418+0000] {dag.py:3047} INFO - Sync 1 DAGs
[2024-04-24T21:22:27.443+0000] {logging_mixin.py:188} INFO - [2024-04-24T21:22:27.443+0000] {dag.py:3834} INFO - Setting next_dagrun for example_task_group to 2024-04-23 00:00:00+00:00, run_after=2024-04-24 00:00:00+00:00
[2024-04-24T21:22:27.463+0000] {processor.py:183} INFO - Processing /home/airflow/.local/lib/python3.10/site-packages/airflow/example_dags/example_task_group.py took 0.082 seconds
[2024-04-24T21:22:57.622+0000] {processor.py:161} INFO - Started process (PID=988) to work on /home/airflow/.local/lib/python3.10/site-packages/airflow/example_dags/example_task_group.py
[2024-04-24T21:22:57.623+0000] {processor.py:830} INFO - Processing file /home/airflow/.local/lib/python3.10/site-packages/airflow/example_dags/example_task_group.py for tasks to queue
[2024-04-24T21:22:57.626+0000] {logging_mixin.py:188} INFO - [2024-04-24T21:22:57.625+0000] {dagbag.py:540} INFO - Filling up the DagBag from /home/airflow/.local/lib/python3.10/site-packages/airflow/example_dags/example_task_group.py
[2024-04-24T21:22:57.633+0000] {processor.py:840} INFO - DAG(s) 'example_task_group' retrieved from /home/airflow/.local/lib/python3.10/site-packages/airflow/example_dags/example_task_group.py
[2024-04-24T21:22:57.655+0000] {logging_mixin.py:188} INFO - [2024-04-24T21:22:57.654+0000] {dag.py:3047} INFO - Sync 1 DAGs
[2024-04-24T21:22:57.676+0000] {logging_mixin.py:188} INFO - [2024-04-24T21:22:57.676+0000] {dag.py:3834} INFO - Setting next_dagrun for example_task_group to 2024-04-23 00:00:00+00:00, run_after=2024-04-24 00:00:00+00:00
[2024-04-24T21:22:57.696+0000] {processor.py:183} INFO - Processing /home/airflow/.local/lib/python3.10/site-packages/airflow/example_dags/example_task_group.py took 0.077 seconds
[2024-04-24T21:23:28.034+0000] {processor.py:161} INFO - Started process (PID=1043) to work on /home/airflow/.local/lib/python3.10/site-packages/airflow/example_dags/example_task_group.py
[2024-04-24T21:23:28.035+0000] {processor.py:830} INFO - Processing file /home/airflow/.local/lib/python3.10/site-packages/airflow/example_dags/example_task_group.py for tasks to queue
[2024-04-24T21:23:28.037+0000] {logging_mixin.py:188} INFO - [2024-04-24T21:23:28.037+0000] {dagbag.py:540} INFO - Filling up the DagBag from /home/airflow/.local/lib/python3.10/site-packages/airflow/example_dags/example_task_group.py
[2024-04-24T21:23:28.044+0000] {processor.py:840} INFO - DAG(s) 'example_task_group' retrieved from /home/airflow/.local/lib/python3.10/site-packages/airflow/example_dags/example_task_group.py
[2024-04-24T21:23:28.066+0000] {logging_mixin.py:188} INFO - [2024-04-24T21:23:28.066+0000] {dag.py:3047} INFO - Sync 1 DAGs
[2024-04-24T21:23:28.087+0000] {logging_mixin.py:188} INFO - [2024-04-24T21:23:28.086+0000] {dag.py:3834} INFO - Setting next_dagrun for example_task_group to 2024-04-23 00:00:00+00:00, run_after=2024-04-24 00:00:00+00:00
[2024-04-24T21:23:28.105+0000] {processor.py:183} INFO - Processing /home/airflow/.local/lib/python3.10/site-packages/airflow/example_dags/example_task_group.py took 0.075 seconds
[2024-04-24T21:23:58.490+0000] {processor.py:161} INFO - Started process (PID=1098) to work on /home/airflow/.local/lib/python3.10/site-packages/airflow/example_dags/example_task_group.py
[2024-04-24T21:23:58.494+0000] {processor.py:830} INFO - Processing file /home/airflow/.local/lib/python3.10/site-packages/airflow/example_dags/example_task_group.py for tasks to queue
[2024-04-24T21:23:58.496+0000] {logging_mixin.py:188} INFO - [2024-04-24T21:23:58.496+0000] {dagbag.py:540} INFO - Filling up the DagBag from /home/airflow/.local/lib/python3.10/site-packages/airflow/example_dags/example_task_group.py
[2024-04-24T21:23:58.503+0000] {processor.py:840} INFO - DAG(s) 'example_task_group' retrieved from /home/airflow/.local/lib/python3.10/site-packages/airflow/example_dags/example_task_group.py
[2024-04-24T21:23:58.525+0000] {logging_mixin.py:188} INFO - [2024-04-24T21:23:58.525+0000] {dag.py:3047} INFO - Sync 1 DAGs
[2024-04-24T21:23:58.547+0000] {logging_mixin.py:188} INFO - [2024-04-24T21:23:58.547+0000] {dag.py:3834} INFO - Setting next_dagrun for example_task_group to 2024-04-23 00:00:00+00:00, run_after=2024-04-24 00:00:00+00:00
[2024-04-24T21:23:58.571+0000] {processor.py:183} INFO - Processing /home/airflow/.local/lib/python3.10/site-packages/airflow/example_dags/example_task_group.py took 0.085 seconds
[2024-04-24T21:24:28.873+0000] {processor.py:161} INFO - Started process (PID=1153) to work on /home/airflow/.local/lib/python3.10/site-packages/airflow/example_dags/example_task_group.py
[2024-04-24T21:24:28.874+0000] {processor.py:830} INFO - Processing file /home/airflow/.local/lib/python3.10/site-packages/airflow/example_dags/example_task_group.py for tasks to queue
[2024-04-24T21:24:28.876+0000] {logging_mixin.py:188} INFO - [2024-04-24T21:24:28.876+0000] {dagbag.py:540} INFO - Filling up the DagBag from /home/airflow/.local/lib/python3.10/site-packages/airflow/example_dags/example_task_group.py
[2024-04-24T21:24:28.885+0000] {processor.py:840} INFO - DAG(s) 'example_task_group' retrieved from /home/airflow/.local/lib/python3.10/site-packages/airflow/example_dags/example_task_group.py
[2024-04-24T21:24:28.907+0000] {logging_mixin.py:188} INFO - [2024-04-24T21:24:28.906+0000] {dag.py:3047} INFO - Sync 1 DAGs
[2024-04-24T21:24:28.927+0000] {logging_mixin.py:188} INFO - [2024-04-24T21:24:28.926+0000] {dag.py:3834} INFO - Setting next_dagrun for example_task_group to 2024-04-23 00:00:00+00:00, run_after=2024-04-24 00:00:00+00:00
[2024-04-24T21:24:28.945+0000] {processor.py:183} INFO - Processing /home/airflow/.local/lib/python3.10/site-packages/airflow/example_dags/example_task_group.py took 0.076 seconds
[2024-04-24T21:24:59.122+0000] {processor.py:161} INFO - Started process (PID=1209) to work on /home/airflow/.local/lib/python3.10/site-packages/airflow/example_dags/example_task_group.py
[2024-04-24T21:24:59.124+0000] {processor.py:830} INFO - Processing file /home/airflow/.local/lib/python3.10/site-packages/airflow/example_dags/example_task_group.py for tasks to queue
[2024-04-24T21:24:59.127+0000] {logging_mixin.py:188} INFO - [2024-04-24T21:24:59.126+0000] {dagbag.py:540} INFO - Filling up the DagBag from /home/airflow/.local/lib/python3.10/site-packages/airflow/example_dags/example_task_group.py
[2024-04-24T21:24:59.139+0000] {processor.py:840} INFO - DAG(s) 'example_task_group' retrieved from /home/airflow/.local/lib/python3.10/site-packages/airflow/example_dags/example_task_group.py
[2024-04-24T21:24:59.161+0000] {logging_mixin.py:188} INFO - [2024-04-24T21:24:59.160+0000] {dag.py:3047} INFO - Sync 1 DAGs
[2024-04-24T21:24:59.185+0000] {logging_mixin.py:188} INFO - [2024-04-24T21:24:59.185+0000] {dag.py:3834} INFO - Setting next_dagrun for example_task_group to 2024-04-23 00:00:00+00:00, run_after=2024-04-24 00:00:00+00:00
[2024-04-24T21:24:59.203+0000] {processor.py:183} INFO - Processing /home/airflow/.local/lib/python3.10/site-packages/airflow/example_dags/example_task_group.py took 0.089 seconds
[2024-04-24T21:25:29.494+0000] {processor.py:161} INFO - Started process (PID=1264) to work on /home/airflow/.local/lib/python3.10/site-packages/airflow/example_dags/example_task_group.py
[2024-04-24T21:25:29.495+0000] {processor.py:830} INFO - Processing file /home/airflow/.local/lib/python3.10/site-packages/airflow/example_dags/example_task_group.py for tasks to queue
[2024-04-24T21:25:29.497+0000] {logging_mixin.py:188} INFO - [2024-04-24T21:25:29.497+0000] {dagbag.py:540} INFO - Filling up the DagBag from /home/airflow/.local/lib/python3.10/site-packages/airflow/example_dags/example_task_group.py
[2024-04-24T21:25:29.506+0000] {processor.py:840} INFO - DAG(s) 'example_task_group' retrieved from /home/airflow/.local/lib/python3.10/site-packages/airflow/example_dags/example_task_group.py
[2024-04-24T21:25:29.592+0000] {logging_mixin.py:188} INFO - [2024-04-24T21:25:29.592+0000] {dag.py:3047} INFO - Sync 1 DAGs
[2024-04-24T21:25:29.619+0000] {logging_mixin.py:188} INFO - [2024-04-24T21:25:29.619+0000] {dag.py:3834} INFO - Setting next_dagrun for example_task_group to 2024-04-23 00:00:00+00:00, run_after=2024-04-24 00:00:00+00:00
[2024-04-24T21:25:29.640+0000] {processor.py:183} INFO - Processing /home/airflow/.local/lib/python3.10/site-packages/airflow/example_dags/example_task_group.py took 0.150 seconds
[2024-04-24T21:26:00.164+0000] {processor.py:161} INFO - Started process (PID=1320) to work on /home/airflow/.local/lib/python3.10/site-packages/airflow/example_dags/example_task_group.py
[2024-04-24T21:26:00.165+0000] {processor.py:830} INFO - Processing file /home/airflow/.local/lib/python3.10/site-packages/airflow/example_dags/example_task_group.py for tasks to queue
[2024-04-24T21:26:00.167+0000] {logging_mixin.py:188} INFO - [2024-04-24T21:26:00.167+0000] {dagbag.py:540} INFO - Filling up the DagBag from /home/airflow/.local/lib/python3.10/site-packages/airflow/example_dags/example_task_group.py
[2024-04-24T21:26:00.174+0000] {processor.py:840} INFO - DAG(s) 'example_task_group' retrieved from /home/airflow/.local/lib/python3.10/site-packages/airflow/example_dags/example_task_group.py
[2024-04-24T21:26:00.199+0000] {logging_mixin.py:188} INFO - [2024-04-24T21:26:00.199+0000] {dag.py:3047} INFO - Sync 1 DAGs
[2024-04-24T21:26:00.219+0000] {logging_mixin.py:188} INFO - [2024-04-24T21:26:00.219+0000] {dag.py:3834} INFO - Setting next_dagrun for example_task_group to 2024-04-23 00:00:00+00:00, run_after=2024-04-24 00:00:00+00:00
[2024-04-24T21:26:00.237+0000] {processor.py:183} INFO - Processing /home/airflow/.local/lib/python3.10/site-packages/airflow/example_dags/example_task_group.py took 0.077 seconds
[2024-04-24T21:26:31.020+0000] {processor.py:161} INFO - Started process (PID=1381) to work on /home/airflow/.local/lib/python3.10/site-packages/airflow/example_dags/example_task_group.py
[2024-04-24T21:26:31.021+0000] {processor.py:830} INFO - Processing file /home/airflow/.local/lib/python3.10/site-packages/airflow/example_dags/example_task_group.py for tasks to queue
[2024-04-24T21:26:31.023+0000] {logging_mixin.py:188} INFO - [2024-04-24T21:26:31.023+0000] {dagbag.py:540} INFO - Filling up the DagBag from /home/airflow/.local/lib/python3.10/site-packages/airflow/example_dags/example_task_group.py
[2024-04-24T21:26:31.031+0000] {processor.py:840} INFO - DAG(s) 'example_task_group' retrieved from /home/airflow/.local/lib/python3.10/site-packages/airflow/example_dags/example_task_group.py
[2024-04-24T21:26:31.053+0000] {logging_mixin.py:188} INFO - [2024-04-24T21:26:31.053+0000] {dag.py:3047} INFO - Sync 1 DAGs
[2024-04-24T21:26:31.072+0000] {logging_mixin.py:188} INFO - [2024-04-24T21:26:31.072+0000] {dag.py:3834} INFO - Setting next_dagrun for example_task_group to 2024-04-23 00:00:00+00:00, run_after=2024-04-24 00:00:00+00:00
[2024-04-24T21:26:31.091+0000] {processor.py:183} INFO - Processing /home/airflow/.local/lib/python3.10/site-packages/airflow/example_dags/example_task_group.py took 0.075 seconds
[2024-04-24T21:27:01.479+0000] {processor.py:161} INFO - Started process (PID=1436) to work on /home/airflow/.local/lib/python3.10/site-packages/airflow/example_dags/example_task_group.py
[2024-04-24T21:27:01.480+0000] {processor.py:830} INFO - Processing file /home/airflow/.local/lib/python3.10/site-packages/airflow/example_dags/example_task_group.py for tasks to queue
[2024-04-24T21:27:01.482+0000] {logging_mixin.py:188} INFO - [2024-04-24T21:27:01.482+0000] {dagbag.py:540} INFO - Filling up the DagBag from /home/airflow/.local/lib/python3.10/site-packages/airflow/example_dags/example_task_group.py
[2024-04-24T21:27:01.490+0000] {processor.py:840} INFO - DAG(s) 'example_task_group' retrieved from /home/airflow/.local/lib/python3.10/site-packages/airflow/example_dags/example_task_group.py
[2024-04-24T21:27:01.512+0000] {logging_mixin.py:188} INFO - [2024-04-24T21:27:01.512+0000] {dag.py:3047} INFO - Sync 1 DAGs
[2024-04-24T21:27:01.536+0000] {logging_mixin.py:188} INFO - [2024-04-24T21:27:01.535+0000] {dag.py:3834} INFO - Setting next_dagrun for example_task_group to 2024-04-23 00:00:00+00:00, run_after=2024-04-24 00:00:00+00:00
[2024-04-24T21:27:01.677+0000] {processor.py:183} INFO - Processing /home/airflow/.local/lib/python3.10/site-packages/airflow/example_dags/example_task_group.py took 0.202 seconds
[2024-04-24T21:27:31.712+0000] {processor.py:161} INFO - Started process (PID=1492) to work on /home/airflow/.local/lib/python3.10/site-packages/airflow/example_dags/example_task_group.py
[2024-04-24T21:27:31.713+0000] {processor.py:830} INFO - Processing file /home/airflow/.local/lib/python3.10/site-packages/airflow/example_dags/example_task_group.py for tasks to queue
[2024-04-24T21:27:31.716+0000] {logging_mixin.py:188} INFO - [2024-04-24T21:27:31.715+0000] {dagbag.py:540} INFO - Filling up the DagBag from /home/airflow/.local/lib/python3.10/site-packages/airflow/example_dags/example_task_group.py
[2024-04-24T21:27:31.724+0000] {processor.py:840} INFO - DAG(s) 'example_task_group' retrieved from /home/airflow/.local/lib/python3.10/site-packages/airflow/example_dags/example_task_group.py
[2024-04-24T21:27:31.747+0000] {logging_mixin.py:188} INFO - [2024-04-24T21:27:31.746+0000] {dag.py:3047} INFO - Sync 1 DAGs
[2024-04-24T21:27:31.766+0000] {logging_mixin.py:188} INFO - [2024-04-24T21:27:31.766+0000] {dag.py:3834} INFO - Setting next_dagrun for example_task_group to 2024-04-23 00:00:00+00:00, run_after=2024-04-24 00:00:00+00:00
[2024-04-24T21:27:31.784+0000] {processor.py:183} INFO - Processing /home/airflow/.local/lib/python3.10/site-packages/airflow/example_dags/example_task_group.py took 0.076 seconds
[2024-04-24T21:28:02.431+0000] {processor.py:161} INFO - Started process (PID=1547) to work on /home/airflow/.local/lib/python3.10/site-packages/airflow/example_dags/example_task_group.py
[2024-04-24T21:28:02.432+0000] {processor.py:830} INFO - Processing file /home/airflow/.local/lib/python3.10/site-packages/airflow/example_dags/example_task_group.py for tasks to queue
[2024-04-24T21:28:02.434+0000] {logging_mixin.py:188} INFO - [2024-04-24T21:28:02.434+0000] {dagbag.py:540} INFO - Filling up the DagBag from /home/airflow/.local/lib/python3.10/site-packages/airflow/example_dags/example_task_group.py
[2024-04-24T21:28:02.443+0000] {processor.py:840} INFO - DAG(s) 'example_task_group' retrieved from /home/airflow/.local/lib/python3.10/site-packages/airflow/example_dags/example_task_group.py
[2024-04-24T21:28:02.466+0000] {logging_mixin.py:188} INFO - [2024-04-24T21:28:02.465+0000] {dag.py:3047} INFO - Sync 1 DAGs
[2024-04-24T21:28:02.487+0000] {logging_mixin.py:188} INFO - [2024-04-24T21:28:02.487+0000] {dag.py:3834} INFO - Setting next_dagrun for example_task_group to 2024-04-23 00:00:00+00:00, run_after=2024-04-24 00:00:00+00:00
[2024-04-24T21:28:02.506+0000] {processor.py:183} INFO - Processing /home/airflow/.local/lib/python3.10/site-packages/airflow/example_dags/example_task_group.py took 0.078 seconds
[2024-04-24T21:28:33.361+0000] {processor.py:161} INFO - Started process (PID=1602) to work on /home/airflow/.local/lib/python3.10/site-packages/airflow/example_dags/example_task_group.py
[2024-04-24T21:28:33.362+0000] {processor.py:830} INFO - Processing file /home/airflow/.local/lib/python3.10/site-packages/airflow/example_dags/example_task_group.py for tasks to queue
[2024-04-24T21:28:33.365+0000] {logging_mixin.py:188} INFO - [2024-04-24T21:28:33.364+0000] {dagbag.py:540} INFO - Filling up the DagBag from /home/airflow/.local/lib/python3.10/site-packages/airflow/example_dags/example_task_group.py
[2024-04-24T21:28:33.372+0000] {processor.py:840} INFO - DAG(s) 'example_task_group' retrieved from /home/airflow/.local/lib/python3.10/site-packages/airflow/example_dags/example_task_group.py
[2024-04-24T21:28:33.394+0000] {logging_mixin.py:188} INFO - [2024-04-24T21:28:33.393+0000] {dag.py:3047} INFO - Sync 1 DAGs
[2024-04-24T21:28:33.417+0000] {logging_mixin.py:188} INFO - [2024-04-24T21:28:33.416+0000] {dag.py:3834} INFO - Setting next_dagrun for example_task_group to 2024-04-23 00:00:00+00:00, run_after=2024-04-24 00:00:00+00:00
[2024-04-24T21:28:33.434+0000] {processor.py:183} INFO - Processing /home/airflow/.local/lib/python3.10/site-packages/airflow/example_dags/example_task_group.py took 0.077 seconds
[2024-04-24T21:29:04.018+0000] {processor.py:161} INFO - Started process (PID=1658) to work on /home/airflow/.local/lib/python3.10/site-packages/airflow/example_dags/example_task_group.py
[2024-04-24T21:29:04.019+0000] {processor.py:830} INFO - Processing file /home/airflow/.local/lib/python3.10/site-packages/airflow/example_dags/example_task_group.py for tasks to queue
[2024-04-24T21:29:04.021+0000] {logging_mixin.py:188} INFO - [2024-04-24T21:29:04.021+0000] {dagbag.py:540} INFO - Filling up the DagBag from /home/airflow/.local/lib/python3.10/site-packages/airflow/example_dags/example_task_group.py
[2024-04-24T21:29:04.028+0000] {processor.py:840} INFO - DAG(s) 'example_task_group' retrieved from /home/airflow/.local/lib/python3.10/site-packages/airflow/example_dags/example_task_group.py
[2024-04-24T21:29:04.051+0000] {logging_mixin.py:188} INFO - [2024-04-24T21:29:04.051+0000] {dag.py:3047} INFO - Sync 1 DAGs
[2024-04-24T21:29:04.210+0000] {logging_mixin.py:188} INFO - [2024-04-24T21:29:04.210+0000] {dag.py:3834} INFO - Setting next_dagrun for example_task_group to 2024-04-23 00:00:00+00:00, run_after=2024-04-24 00:00:00+00:00
[2024-04-24T21:29:04.227+0000] {processor.py:183} INFO - Processing /home/airflow/.local/lib/python3.10/site-packages/airflow/example_dags/example_task_group.py took 0.213 seconds
[2024-04-24T21:29:34.330+0000] {processor.py:161} INFO - Started process (PID=1713) to work on /home/airflow/.local/lib/python3.10/site-packages/airflow/example_dags/example_task_group.py
[2024-04-24T21:29:34.331+0000] {processor.py:830} INFO - Processing file /home/airflow/.local/lib/python3.10/site-packages/airflow/example_dags/example_task_group.py for tasks to queue
[2024-04-24T21:29:34.333+0000] {logging_mixin.py:188} INFO - [2024-04-24T21:29:34.333+0000] {dagbag.py:540} INFO - Filling up the DagBag from /home/airflow/.local/lib/python3.10/site-packages/airflow/example_dags/example_task_group.py
[2024-04-24T21:29:34.340+0000] {processor.py:840} INFO - DAG(s) 'example_task_group' retrieved from /home/airflow/.local/lib/python3.10/site-packages/airflow/example_dags/example_task_group.py
[2024-04-24T21:29:34.361+0000] {logging_mixin.py:188} INFO - [2024-04-24T21:29:34.360+0000] {dag.py:3047} INFO - Sync 1 DAGs
[2024-04-24T21:29:34.500+0000] {logging_mixin.py:188} INFO - [2024-04-24T21:29:34.500+0000] {dag.py:3834} INFO - Setting next_dagrun for example_task_group to 2024-04-23 00:00:00+00:00, run_after=2024-04-24 00:00:00+00:00
[2024-04-24T21:29:34.521+0000] {processor.py:183} INFO - Processing /home/airflow/.local/lib/python3.10/site-packages/airflow/example_dags/example_task_group.py took 0.194 seconds
[2024-04-24T21:30:05.124+0000] {processor.py:161} INFO - Started process (PID=1769) to work on /home/airflow/.local/lib/python3.10/site-packages/airflow/example_dags/example_task_group.py
[2024-04-24T21:30:05.125+0000] {processor.py:830} INFO - Processing file /home/airflow/.local/lib/python3.10/site-packages/airflow/example_dags/example_task_group.py for tasks to queue
[2024-04-24T21:30:05.128+0000] {logging_mixin.py:188} INFO - [2024-04-24T21:30:05.127+0000] {dagbag.py:540} INFO - Filling up the DagBag from /home/airflow/.local/lib/python3.10/site-packages/airflow/example_dags/example_task_group.py
[2024-04-24T21:30:05.135+0000] {processor.py:840} INFO - DAG(s) 'example_task_group' retrieved from /home/airflow/.local/lib/python3.10/site-packages/airflow/example_dags/example_task_group.py
[2024-04-24T21:30:05.157+0000] {logging_mixin.py:188} INFO - [2024-04-24T21:30:05.156+0000] {dag.py:3047} INFO - Sync 1 DAGs
[2024-04-24T21:30:05.176+0000] {logging_mixin.py:188} INFO - [2024-04-24T21:30:05.176+0000] {dag.py:3834} INFO - Setting next_dagrun for example_task_group to 2024-04-23 00:00:00+00:00, run_after=2024-04-24 00:00:00+00:00
[2024-04-24T21:30:05.194+0000] {processor.py:183} INFO - Processing /home/airflow/.local/lib/python3.10/site-packages/airflow/example_dags/example_task_group.py took 0.074 seconds
