[2024-04-24T21:14:33.776+0000] {processor.py:161} INFO - Started process (PID=86) to work on /home/airflow/.local/lib/python3.10/site-packages/airflow/example_dags/example_trigger_target_dag.py
[2024-04-24T21:14:33.779+0000] {processor.py:830} INFO - Processing file /home/airflow/.local/lib/python3.10/site-packages/airflow/example_dags/example_trigger_target_dag.py for tasks to queue
[2024-04-24T21:14:33.786+0000] {logging_mixin.py:188} INFO - [2024-04-24T21:14:33.786+0000] {dagbag.py:540} INFO - Filling up the DagBag from /home/airflow/.local/lib/python3.10/site-packages/airflow/example_dags/example_trigger_target_dag.py
[2024-04-24T21:14:33.809+0000] {processor.py:840} INFO - DAG(s) 'example_trigger_target_dag' retrieved from /home/airflow/.local/lib/python3.10/site-packages/airflow/example_dags/example_trigger_target_dag.py
[2024-04-24T21:14:34.076+0000] {logging_mixin.py:188} INFO - [2024-04-24T21:14:34.075+0000] {override.py:1769} INFO - Created Permission View: can edit on DAG:example_trigger_target_dag
[2024-04-24T21:14:34.171+0000] {logging_mixin.py:188} INFO - [2024-04-24T21:14:34.168+0000] {override.py:1769} INFO - Created Permission View: can read on DAG:example_trigger_target_dag
[2024-04-24T21:14:34.188+0000] {logging_mixin.py:188} INFO - [2024-04-24T21:14:34.187+0000] {override.py:1769} INFO - Created Permission View: can delete on DAG:example_trigger_target_dag
[2024-04-24T21:14:34.189+0000] {logging_mixin.py:188} INFO - [2024-04-24T21:14:34.188+0000] {dag.py:3047} INFO - Sync 1 DAGs
[2024-04-24T21:14:34.225+0000] {logging_mixin.py:188} INFO - [2024-04-24T21:14:34.225+0000] {dag.py:3069} INFO - Creating ORM DAG for example_trigger_target_dag
[2024-04-24T21:14:34.228+0000] {logging_mixin.py:188} INFO - [2024-04-24T21:14:34.228+0000] {dag.py:3834} INFO - Setting next_dagrun for example_trigger_target_dag to None, run_after=None
[2024-04-24T21:14:34.321+0000] {processor.py:183} INFO - Processing /home/airflow/.local/lib/python3.10/site-packages/airflow/example_dags/example_trigger_target_dag.py took 0.553 seconds
[2024-04-24T21:15:09.172+0000] {processor.py:161} INFO - Started process (PID=141) to work on /home/airflow/.local/lib/python3.10/site-packages/airflow/example_dags/example_trigger_target_dag.py
[2024-04-24T21:15:09.180+0000] {processor.py:830} INFO - Processing file /home/airflow/.local/lib/python3.10/site-packages/airflow/example_dags/example_trigger_target_dag.py for tasks to queue
[2024-04-24T21:15:09.197+0000] {logging_mixin.py:188} INFO - [2024-04-24T21:15:09.196+0000] {dagbag.py:540} INFO - Filling up the DagBag from /home/airflow/.local/lib/python3.10/site-packages/airflow/example_dags/example_trigger_target_dag.py
[2024-04-24T21:15:09.263+0000] {processor.py:840} INFO - DAG(s) 'example_trigger_target_dag' retrieved from /home/airflow/.local/lib/python3.10/site-packages/airflow/example_dags/example_trigger_target_dag.py
[2024-04-24T21:15:09.405+0000] {logging_mixin.py:188} INFO - [2024-04-24T21:15:09.405+0000] {dag.py:3047} INFO - Sync 1 DAGs
[2024-04-24T21:15:09.465+0000] {logging_mixin.py:188} INFO - [2024-04-24T21:15:09.464+0000] {dag.py:3834} INFO - Setting next_dagrun for example_trigger_target_dag to None, run_after=None
[2024-04-24T21:15:12.613+0000] {processor.py:183} INFO - Processing /home/airflow/.local/lib/python3.10/site-packages/airflow/example_dags/example_trigger_target_dag.py took 3.463 seconds
[2024-04-24T21:15:43.354+0000] {processor.py:161} INFO - Started process (PID=197) to work on /home/airflow/.local/lib/python3.10/site-packages/airflow/example_dags/example_trigger_target_dag.py
[2024-04-24T21:15:43.356+0000] {processor.py:830} INFO - Processing file /home/airflow/.local/lib/python3.10/site-packages/airflow/example_dags/example_trigger_target_dag.py for tasks to queue
[2024-04-24T21:15:43.358+0000] {logging_mixin.py:188} INFO - [2024-04-24T21:15:43.358+0000] {dagbag.py:540} INFO - Filling up the DagBag from /home/airflow/.local/lib/python3.10/site-packages/airflow/example_dags/example_trigger_target_dag.py
[2024-04-24T21:15:43.364+0000] {processor.py:840} INFO - DAG(s) 'example_trigger_target_dag' retrieved from /home/airflow/.local/lib/python3.10/site-packages/airflow/example_dags/example_trigger_target_dag.py
[2024-04-24T21:15:43.384+0000] {logging_mixin.py:188} INFO - [2024-04-24T21:15:43.384+0000] {dag.py:3047} INFO - Sync 1 DAGs
[2024-04-24T21:15:43.396+0000] {logging_mixin.py:188} INFO - [2024-04-24T21:15:43.395+0000] {dag.py:3834} INFO - Setting next_dagrun for example_trigger_target_dag to None, run_after=None
[2024-04-24T21:15:43.422+0000] {processor.py:183} INFO - Processing /home/airflow/.local/lib/python3.10/site-packages/airflow/example_dags/example_trigger_target_dag.py took 0.071 seconds
[2024-04-24T21:16:13.536+0000] {processor.py:161} INFO - Started process (PID=253) to work on /home/airflow/.local/lib/python3.10/site-packages/airflow/example_dags/example_trigger_target_dag.py
[2024-04-24T21:16:13.539+0000] {processor.py:830} INFO - Processing file /home/airflow/.local/lib/python3.10/site-packages/airflow/example_dags/example_trigger_target_dag.py for tasks to queue
[2024-04-24T21:16:13.546+0000] {logging_mixin.py:188} INFO - [2024-04-24T21:16:13.545+0000] {dagbag.py:540} INFO - Filling up the DagBag from /home/airflow/.local/lib/python3.10/site-packages/airflow/example_dags/example_trigger_target_dag.py
[2024-04-24T21:16:13.561+0000] {processor.py:840} INFO - DAG(s) 'example_trigger_target_dag' retrieved from /home/airflow/.local/lib/python3.10/site-packages/airflow/example_dags/example_trigger_target_dag.py
[2024-04-24T21:16:13.611+0000] {logging_mixin.py:188} INFO - [2024-04-24T21:16:13.611+0000] {dag.py:3047} INFO - Sync 1 DAGs
[2024-04-24T21:16:13.665+0000] {logging_mixin.py:188} INFO - [2024-04-24T21:16:13.665+0000] {dag.py:3834} INFO - Setting next_dagrun for example_trigger_target_dag to None, run_after=None
[2024-04-24T21:16:13.733+0000] {processor.py:183} INFO - Processing /home/airflow/.local/lib/python3.10/site-packages/airflow/example_dags/example_trigger_target_dag.py took 0.204 seconds
[2024-04-24T21:16:44.197+0000] {processor.py:161} INFO - Started process (PID=308) to work on /home/airflow/.local/lib/python3.10/site-packages/airflow/example_dags/example_trigger_target_dag.py
[2024-04-24T21:16:44.199+0000] {processor.py:830} INFO - Processing file /home/airflow/.local/lib/python3.10/site-packages/airflow/example_dags/example_trigger_target_dag.py for tasks to queue
[2024-04-24T21:16:44.202+0000] {logging_mixin.py:188} INFO - [2024-04-24T21:16:44.202+0000] {dagbag.py:540} INFO - Filling up the DagBag from /home/airflow/.local/lib/python3.10/site-packages/airflow/example_dags/example_trigger_target_dag.py
[2024-04-24T21:16:44.211+0000] {processor.py:840} INFO - DAG(s) 'example_trigger_target_dag' retrieved from /home/airflow/.local/lib/python3.10/site-packages/airflow/example_dags/example_trigger_target_dag.py
[2024-04-24T21:16:44.236+0000] {logging_mixin.py:188} INFO - [2024-04-24T21:16:44.236+0000] {dag.py:3047} INFO - Sync 1 DAGs
[2024-04-24T21:16:44.252+0000] {logging_mixin.py:188} INFO - [2024-04-24T21:16:44.252+0000] {dag.py:3834} INFO - Setting next_dagrun for example_trigger_target_dag to None, run_after=None
[2024-04-24T21:16:44.278+0000] {processor.py:183} INFO - Processing /home/airflow/.local/lib/python3.10/site-packages/airflow/example_dags/example_trigger_target_dag.py took 0.085 seconds
[2024-04-24T21:17:14.639+0000] {processor.py:161} INFO - Started process (PID=363) to work on /home/airflow/.local/lib/python3.10/site-packages/airflow/example_dags/example_trigger_target_dag.py
[2024-04-24T21:17:14.642+0000] {processor.py:830} INFO - Processing file /home/airflow/.local/lib/python3.10/site-packages/airflow/example_dags/example_trigger_target_dag.py for tasks to queue
[2024-04-24T21:17:14.645+0000] {logging_mixin.py:188} INFO - [2024-04-24T21:17:14.645+0000] {dagbag.py:540} INFO - Filling up the DagBag from /home/airflow/.local/lib/python3.10/site-packages/airflow/example_dags/example_trigger_target_dag.py
[2024-04-24T21:17:14.652+0000] {processor.py:840} INFO - DAG(s) 'example_trigger_target_dag' retrieved from /home/airflow/.local/lib/python3.10/site-packages/airflow/example_dags/example_trigger_target_dag.py
[2024-04-24T21:17:14.674+0000] {logging_mixin.py:188} INFO - [2024-04-24T21:17:14.673+0000] {dag.py:3047} INFO - Sync 1 DAGs
[2024-04-24T21:17:14.687+0000] {logging_mixin.py:188} INFO - [2024-04-24T21:17:14.687+0000] {dag.py:3834} INFO - Setting next_dagrun for example_trigger_target_dag to None, run_after=None
[2024-04-24T21:17:14.719+0000] {processor.py:183} INFO - Processing /home/airflow/.local/lib/python3.10/site-packages/airflow/example_dags/example_trigger_target_dag.py took 0.084 seconds
[2024-04-24T21:17:45.335+0000] {processor.py:161} INFO - Started process (PID=419) to work on /home/airflow/.local/lib/python3.10/site-packages/airflow/example_dags/example_trigger_target_dag.py
[2024-04-24T21:17:45.336+0000] {processor.py:830} INFO - Processing file /home/airflow/.local/lib/python3.10/site-packages/airflow/example_dags/example_trigger_target_dag.py for tasks to queue
[2024-04-24T21:17:45.338+0000] {logging_mixin.py:188} INFO - [2024-04-24T21:17:45.337+0000] {dagbag.py:540} INFO - Filling up the DagBag from /home/airflow/.local/lib/python3.10/site-packages/airflow/example_dags/example_trigger_target_dag.py
[2024-04-24T21:17:45.344+0000] {processor.py:840} INFO - DAG(s) 'example_trigger_target_dag' retrieved from /home/airflow/.local/lib/python3.10/site-packages/airflow/example_dags/example_trigger_target_dag.py
[2024-04-24T21:17:45.364+0000] {logging_mixin.py:188} INFO - [2024-04-24T21:17:45.364+0000] {dag.py:3047} INFO - Sync 1 DAGs
[2024-04-24T21:17:45.377+0000] {logging_mixin.py:188} INFO - [2024-04-24T21:17:45.376+0000] {dag.py:3834} INFO - Setting next_dagrun for example_trigger_target_dag to None, run_after=None
[2024-04-24T21:17:45.398+0000] {processor.py:183} INFO - Processing /home/airflow/.local/lib/python3.10/site-packages/airflow/example_dags/example_trigger_target_dag.py took 0.068 seconds
[2024-04-24T21:18:15.677+0000] {processor.py:161} INFO - Started process (PID=474) to work on /home/airflow/.local/lib/python3.10/site-packages/airflow/example_dags/example_trigger_target_dag.py
[2024-04-24T21:18:15.678+0000] {processor.py:830} INFO - Processing file /home/airflow/.local/lib/python3.10/site-packages/airflow/example_dags/example_trigger_target_dag.py for tasks to queue
[2024-04-24T21:18:15.680+0000] {logging_mixin.py:188} INFO - [2024-04-24T21:18:15.680+0000] {dagbag.py:540} INFO - Filling up the DagBag from /home/airflow/.local/lib/python3.10/site-packages/airflow/example_dags/example_trigger_target_dag.py
[2024-04-24T21:18:15.686+0000] {processor.py:840} INFO - DAG(s) 'example_trigger_target_dag' retrieved from /home/airflow/.local/lib/python3.10/site-packages/airflow/example_dags/example_trigger_target_dag.py
[2024-04-24T21:18:15.707+0000] {logging_mixin.py:188} INFO - [2024-04-24T21:18:15.706+0000] {dag.py:3047} INFO - Sync 1 DAGs
[2024-04-24T21:18:15.719+0000] {logging_mixin.py:188} INFO - [2024-04-24T21:18:15.719+0000] {dag.py:3834} INFO - Setting next_dagrun for example_trigger_target_dag to None, run_after=None
[2024-04-24T21:18:15.742+0000] {processor.py:183} INFO - Processing /home/airflow/.local/lib/python3.10/site-packages/airflow/example_dags/example_trigger_target_dag.py took 0.069 seconds
[2024-04-24T21:18:46.517+0000] {processor.py:161} INFO - Started process (PID=529) to work on /home/airflow/.local/lib/python3.10/site-packages/airflow/example_dags/example_trigger_target_dag.py
[2024-04-24T21:18:46.519+0000] {processor.py:830} INFO - Processing file /home/airflow/.local/lib/python3.10/site-packages/airflow/example_dags/example_trigger_target_dag.py for tasks to queue
[2024-04-24T21:18:46.522+0000] {logging_mixin.py:188} INFO - [2024-04-24T21:18:46.522+0000] {dagbag.py:540} INFO - Filling up the DagBag from /home/airflow/.local/lib/python3.10/site-packages/airflow/example_dags/example_trigger_target_dag.py
[2024-04-24T21:18:46.533+0000] {processor.py:840} INFO - DAG(s) 'example_trigger_target_dag' retrieved from /home/airflow/.local/lib/python3.10/site-packages/airflow/example_dags/example_trigger_target_dag.py
[2024-04-24T21:18:46.562+0000] {logging_mixin.py:188} INFO - [2024-04-24T21:18:46.562+0000] {dag.py:3047} INFO - Sync 1 DAGs
[2024-04-24T21:18:46.579+0000] {logging_mixin.py:188} INFO - [2024-04-24T21:18:46.579+0000] {dag.py:3834} INFO - Setting next_dagrun for example_trigger_target_dag to None, run_after=None
[2024-04-24T21:18:46.607+0000] {processor.py:183} INFO - Processing /home/airflow/.local/lib/python3.10/site-packages/airflow/example_dags/example_trigger_target_dag.py took 0.097 seconds
[2024-04-24T21:19:17.286+0000] {processor.py:161} INFO - Started process (PID=585) to work on /home/airflow/.local/lib/python3.10/site-packages/airflow/example_dags/example_trigger_target_dag.py
[2024-04-24T21:19:17.289+0000] {processor.py:830} INFO - Processing file /home/airflow/.local/lib/python3.10/site-packages/airflow/example_dags/example_trigger_target_dag.py for tasks to queue
[2024-04-24T21:19:17.292+0000] {logging_mixin.py:188} INFO - [2024-04-24T21:19:17.291+0000] {dagbag.py:540} INFO - Filling up the DagBag from /home/airflow/.local/lib/python3.10/site-packages/airflow/example_dags/example_trigger_target_dag.py
[2024-04-24T21:19:17.299+0000] {processor.py:840} INFO - DAG(s) 'example_trigger_target_dag' retrieved from /home/airflow/.local/lib/python3.10/site-packages/airflow/example_dags/example_trigger_target_dag.py
[2024-04-24T21:19:17.330+0000] {logging_mixin.py:188} INFO - [2024-04-24T21:19:17.330+0000] {dag.py:3047} INFO - Sync 1 DAGs
[2024-04-24T21:19:17.346+0000] {logging_mixin.py:188} INFO - [2024-04-24T21:19:17.346+0000] {dag.py:3834} INFO - Setting next_dagrun for example_trigger_target_dag to None, run_after=None
[2024-04-24T21:19:17.375+0000] {processor.py:183} INFO - Processing /home/airflow/.local/lib/python3.10/site-packages/airflow/example_dags/example_trigger_target_dag.py took 0.095 seconds
[2024-04-24T21:19:47.459+0000] {processor.py:161} INFO - Started process (PID=641) to work on /home/airflow/.local/lib/python3.10/site-packages/airflow/example_dags/example_trigger_target_dag.py
[2024-04-24T21:19:47.461+0000] {processor.py:830} INFO - Processing file /home/airflow/.local/lib/python3.10/site-packages/airflow/example_dags/example_trigger_target_dag.py for tasks to queue
[2024-04-24T21:19:47.463+0000] {logging_mixin.py:188} INFO - [2024-04-24T21:19:47.463+0000] {dagbag.py:540} INFO - Filling up the DagBag from /home/airflow/.local/lib/python3.10/site-packages/airflow/example_dags/example_trigger_target_dag.py
[2024-04-24T21:19:47.469+0000] {processor.py:840} INFO - DAG(s) 'example_trigger_target_dag' retrieved from /home/airflow/.local/lib/python3.10/site-packages/airflow/example_dags/example_trigger_target_dag.py
[2024-04-24T21:19:47.489+0000] {logging_mixin.py:188} INFO - [2024-04-24T21:19:47.489+0000] {dag.py:3047} INFO - Sync 1 DAGs
[2024-04-24T21:19:47.501+0000] {logging_mixin.py:188} INFO - [2024-04-24T21:19:47.500+0000] {dag.py:3834} INFO - Setting next_dagrun for example_trigger_target_dag to None, run_after=None
[2024-04-24T21:19:47.521+0000] {processor.py:183} INFO - Processing /home/airflow/.local/lib/python3.10/site-packages/airflow/example_dags/example_trigger_target_dag.py took 0.065 seconds
[2024-04-24T21:20:18.440+0000] {processor.py:161} INFO - Started process (PID=697) to work on /home/airflow/.local/lib/python3.10/site-packages/airflow/example_dags/example_trigger_target_dag.py
[2024-04-24T21:20:18.441+0000] {processor.py:830} INFO - Processing file /home/airflow/.local/lib/python3.10/site-packages/airflow/example_dags/example_trigger_target_dag.py for tasks to queue
[2024-04-24T21:20:18.443+0000] {logging_mixin.py:188} INFO - [2024-04-24T21:20:18.443+0000] {dagbag.py:540} INFO - Filling up the DagBag from /home/airflow/.local/lib/python3.10/site-packages/airflow/example_dags/example_trigger_target_dag.py
[2024-04-24T21:20:18.449+0000] {processor.py:840} INFO - DAG(s) 'example_trigger_target_dag' retrieved from /home/airflow/.local/lib/python3.10/site-packages/airflow/example_dags/example_trigger_target_dag.py
[2024-04-24T21:20:18.470+0000] {logging_mixin.py:188} INFO - [2024-04-24T21:20:18.470+0000] {dag.py:3047} INFO - Sync 1 DAGs
[2024-04-24T21:20:18.482+0000] {logging_mixin.py:188} INFO - [2024-04-24T21:20:18.481+0000] {dag.py:3834} INFO - Setting next_dagrun for example_trigger_target_dag to None, run_after=None
[2024-04-24T21:20:18.504+0000] {processor.py:183} INFO - Processing /home/airflow/.local/lib/python3.10/site-packages/airflow/example_dags/example_trigger_target_dag.py took 0.067 seconds
[2024-04-24T21:20:49.468+0000] {processor.py:161} INFO - Started process (PID=753) to work on /home/airflow/.local/lib/python3.10/site-packages/airflow/example_dags/example_trigger_target_dag.py
[2024-04-24T21:20:49.469+0000] {processor.py:830} INFO - Processing file /home/airflow/.local/lib/python3.10/site-packages/airflow/example_dags/example_trigger_target_dag.py for tasks to queue
[2024-04-24T21:20:49.472+0000] {logging_mixin.py:188} INFO - [2024-04-24T21:20:49.472+0000] {dagbag.py:540} INFO - Filling up the DagBag from /home/airflow/.local/lib/python3.10/site-packages/airflow/example_dags/example_trigger_target_dag.py
[2024-04-24T21:20:49.479+0000] {processor.py:840} INFO - DAG(s) 'example_trigger_target_dag' retrieved from /home/airflow/.local/lib/python3.10/site-packages/airflow/example_dags/example_trigger_target_dag.py
[2024-04-24T21:20:49.502+0000] {logging_mixin.py:188} INFO - [2024-04-24T21:20:49.502+0000] {dag.py:3047} INFO - Sync 1 DAGs
[2024-04-24T21:20:49.517+0000] {logging_mixin.py:188} INFO - [2024-04-24T21:20:49.516+0000] {dag.py:3834} INFO - Setting next_dagrun for example_trigger_target_dag to None, run_after=None
[2024-04-24T21:20:49.540+0000] {processor.py:183} INFO - Processing /home/airflow/.local/lib/python3.10/site-packages/airflow/example_dags/example_trigger_target_dag.py took 0.076 seconds
[2024-04-24T21:21:20.224+0000] {processor.py:161} INFO - Started process (PID=809) to work on /home/airflow/.local/lib/python3.10/site-packages/airflow/example_dags/example_trigger_target_dag.py
[2024-04-24T21:21:20.226+0000] {processor.py:830} INFO - Processing file /home/airflow/.local/lib/python3.10/site-packages/airflow/example_dags/example_trigger_target_dag.py for tasks to queue
[2024-04-24T21:21:20.229+0000] {logging_mixin.py:188} INFO - [2024-04-24T21:21:20.228+0000] {dagbag.py:540} INFO - Filling up the DagBag from /home/airflow/.local/lib/python3.10/site-packages/airflow/example_dags/example_trigger_target_dag.py
[2024-04-24T21:21:20.234+0000] {processor.py:840} INFO - DAG(s) 'example_trigger_target_dag' retrieved from /home/airflow/.local/lib/python3.10/site-packages/airflow/example_dags/example_trigger_target_dag.py
[2024-04-24T21:21:20.255+0000] {logging_mixin.py:188} INFO - [2024-04-24T21:21:20.255+0000] {dag.py:3047} INFO - Sync 1 DAGs
[2024-04-24T21:21:20.266+0000] {logging_mixin.py:188} INFO - [2024-04-24T21:21:20.266+0000] {dag.py:3834} INFO - Setting next_dagrun for example_trigger_target_dag to None, run_after=None
[2024-04-24T21:21:20.287+0000] {processor.py:183} INFO - Processing /home/airflow/.local/lib/python3.10/site-packages/airflow/example_dags/example_trigger_target_dag.py took 0.066 seconds
[2024-04-24T21:21:50.438+0000] {processor.py:161} INFO - Started process (PID=864) to work on /home/airflow/.local/lib/python3.10/site-packages/airflow/example_dags/example_trigger_target_dag.py
[2024-04-24T21:21:50.439+0000] {processor.py:830} INFO - Processing file /home/airflow/.local/lib/python3.10/site-packages/airflow/example_dags/example_trigger_target_dag.py for tasks to queue
[2024-04-24T21:21:50.442+0000] {logging_mixin.py:188} INFO - [2024-04-24T21:21:50.442+0000] {dagbag.py:540} INFO - Filling up the DagBag from /home/airflow/.local/lib/python3.10/site-packages/airflow/example_dags/example_trigger_target_dag.py
[2024-04-24T21:21:50.449+0000] {processor.py:840} INFO - DAG(s) 'example_trigger_target_dag' retrieved from /home/airflow/.local/lib/python3.10/site-packages/airflow/example_dags/example_trigger_target_dag.py
[2024-04-24T21:21:50.469+0000] {logging_mixin.py:188} INFO - [2024-04-24T21:21:50.469+0000] {dag.py:3047} INFO - Sync 1 DAGs
[2024-04-24T21:21:50.484+0000] {logging_mixin.py:188} INFO - [2024-04-24T21:21:50.483+0000] {dag.py:3834} INFO - Setting next_dagrun for example_trigger_target_dag to None, run_after=None
[2024-04-24T21:21:50.507+0000] {processor.py:183} INFO - Processing /home/airflow/.local/lib/python3.10/site-packages/airflow/example_dags/example_trigger_target_dag.py took 0.073 seconds
[2024-04-24T21:22:20.640+0000] {processor.py:161} INFO - Started process (PID=920) to work on /home/airflow/.local/lib/python3.10/site-packages/airflow/example_dags/example_trigger_target_dag.py
[2024-04-24T21:22:20.641+0000] {processor.py:830} INFO - Processing file /home/airflow/.local/lib/python3.10/site-packages/airflow/example_dags/example_trigger_target_dag.py for tasks to queue
[2024-04-24T21:22:20.644+0000] {logging_mixin.py:188} INFO - [2024-04-24T21:22:20.644+0000] {dagbag.py:540} INFO - Filling up the DagBag from /home/airflow/.local/lib/python3.10/site-packages/airflow/example_dags/example_trigger_target_dag.py
[2024-04-24T21:22:20.650+0000] {processor.py:840} INFO - DAG(s) 'example_trigger_target_dag' retrieved from /home/airflow/.local/lib/python3.10/site-packages/airflow/example_dags/example_trigger_target_dag.py
[2024-04-24T21:22:20.671+0000] {logging_mixin.py:188} INFO - [2024-04-24T21:22:20.671+0000] {dag.py:3047} INFO - Sync 1 DAGs
[2024-04-24T21:22:20.684+0000] {logging_mixin.py:188} INFO - [2024-04-24T21:22:20.684+0000] {dag.py:3834} INFO - Setting next_dagrun for example_trigger_target_dag to None, run_after=None
[2024-04-24T21:22:20.705+0000] {processor.py:183} INFO - Processing /home/airflow/.local/lib/python3.10/site-packages/airflow/example_dags/example_trigger_target_dag.py took 0.069 seconds
[2024-04-24T21:22:50.849+0000] {processor.py:161} INFO - Started process (PID=976) to work on /home/airflow/.local/lib/python3.10/site-packages/airflow/example_dags/example_trigger_target_dag.py
[2024-04-24T21:22:50.850+0000] {processor.py:830} INFO - Processing file /home/airflow/.local/lib/python3.10/site-packages/airflow/example_dags/example_trigger_target_dag.py for tasks to queue
[2024-04-24T21:22:50.852+0000] {logging_mixin.py:188} INFO - [2024-04-24T21:22:50.852+0000] {dagbag.py:540} INFO - Filling up the DagBag from /home/airflow/.local/lib/python3.10/site-packages/airflow/example_dags/example_trigger_target_dag.py
[2024-04-24T21:22:50.858+0000] {processor.py:840} INFO - DAG(s) 'example_trigger_target_dag' retrieved from /home/airflow/.local/lib/python3.10/site-packages/airflow/example_dags/example_trigger_target_dag.py
[2024-04-24T21:22:50.877+0000] {logging_mixin.py:188} INFO - [2024-04-24T21:22:50.877+0000] {dag.py:3047} INFO - Sync 1 DAGs
[2024-04-24T21:22:50.888+0000] {logging_mixin.py:188} INFO - [2024-04-24T21:22:50.888+0000] {dag.py:3834} INFO - Setting next_dagrun for example_trigger_target_dag to None, run_after=None
[2024-04-24T21:22:50.909+0000] {processor.py:183} INFO - Processing /home/airflow/.local/lib/python3.10/site-packages/airflow/example_dags/example_trigger_target_dag.py took 0.064 seconds
[2024-04-24T21:23:21.163+0000] {processor.py:161} INFO - Started process (PID=1031) to work on /home/airflow/.local/lib/python3.10/site-packages/airflow/example_dags/example_trigger_target_dag.py
[2024-04-24T21:23:21.164+0000] {processor.py:830} INFO - Processing file /home/airflow/.local/lib/python3.10/site-packages/airflow/example_dags/example_trigger_target_dag.py for tasks to queue
[2024-04-24T21:23:21.166+0000] {logging_mixin.py:188} INFO - [2024-04-24T21:23:21.166+0000] {dagbag.py:540} INFO - Filling up the DagBag from /home/airflow/.local/lib/python3.10/site-packages/airflow/example_dags/example_trigger_target_dag.py
[2024-04-24T21:23:21.172+0000] {processor.py:840} INFO - DAG(s) 'example_trigger_target_dag' retrieved from /home/airflow/.local/lib/python3.10/site-packages/airflow/example_dags/example_trigger_target_dag.py
[2024-04-24T21:23:21.192+0000] {logging_mixin.py:188} INFO - [2024-04-24T21:23:21.192+0000] {dag.py:3047} INFO - Sync 1 DAGs
[2024-04-24T21:23:21.203+0000] {logging_mixin.py:188} INFO - [2024-04-24T21:23:21.203+0000] {dag.py:3834} INFO - Setting next_dagrun for example_trigger_target_dag to None, run_after=None
[2024-04-24T21:23:21.224+0000] {processor.py:183} INFO - Processing /home/airflow/.local/lib/python3.10/site-packages/airflow/example_dags/example_trigger_target_dag.py took 0.065 seconds
[2024-04-24T21:23:51.561+0000] {processor.py:161} INFO - Started process (PID=1086) to work on /home/airflow/.local/lib/python3.10/site-packages/airflow/example_dags/example_trigger_target_dag.py
[2024-04-24T21:23:51.562+0000] {processor.py:830} INFO - Processing file /home/airflow/.local/lib/python3.10/site-packages/airflow/example_dags/example_trigger_target_dag.py for tasks to queue
[2024-04-24T21:23:51.564+0000] {logging_mixin.py:188} INFO - [2024-04-24T21:23:51.564+0000] {dagbag.py:540} INFO - Filling up the DagBag from /home/airflow/.local/lib/python3.10/site-packages/airflow/example_dags/example_trigger_target_dag.py
[2024-04-24T21:23:51.570+0000] {processor.py:840} INFO - DAG(s) 'example_trigger_target_dag' retrieved from /home/airflow/.local/lib/python3.10/site-packages/airflow/example_dags/example_trigger_target_dag.py
[2024-04-24T21:23:51.590+0000] {logging_mixin.py:188} INFO - [2024-04-24T21:23:51.590+0000] {dag.py:3047} INFO - Sync 1 DAGs
[2024-04-24T21:23:51.602+0000] {logging_mixin.py:188} INFO - [2024-04-24T21:23:51.602+0000] {dag.py:3834} INFO - Setting next_dagrun for example_trigger_target_dag to None, run_after=None
[2024-04-24T21:23:51.624+0000] {processor.py:183} INFO - Processing /home/airflow/.local/lib/python3.10/site-packages/airflow/example_dags/example_trigger_target_dag.py took 0.066 seconds
[2024-04-24T21:24:22.008+0000] {processor.py:161} INFO - Started process (PID=1141) to work on /home/airflow/.local/lib/python3.10/site-packages/airflow/example_dags/example_trigger_target_dag.py
[2024-04-24T21:24:22.010+0000] {processor.py:830} INFO - Processing file /home/airflow/.local/lib/python3.10/site-packages/airflow/example_dags/example_trigger_target_dag.py for tasks to queue
[2024-04-24T21:24:22.012+0000] {logging_mixin.py:188} INFO - [2024-04-24T21:24:22.012+0000] {dagbag.py:540} INFO - Filling up the DagBag from /home/airflow/.local/lib/python3.10/site-packages/airflow/example_dags/example_trigger_target_dag.py
[2024-04-24T21:24:22.018+0000] {processor.py:840} INFO - DAG(s) 'example_trigger_target_dag' retrieved from /home/airflow/.local/lib/python3.10/site-packages/airflow/example_dags/example_trigger_target_dag.py
[2024-04-24T21:24:22.040+0000] {logging_mixin.py:188} INFO - [2024-04-24T21:24:22.039+0000] {dag.py:3047} INFO - Sync 1 DAGs
[2024-04-24T21:24:22.051+0000] {logging_mixin.py:188} INFO - [2024-04-24T21:24:22.051+0000] {dag.py:3834} INFO - Setting next_dagrun for example_trigger_target_dag to None, run_after=None
[2024-04-24T21:24:22.072+0000] {processor.py:183} INFO - Processing /home/airflow/.local/lib/python3.10/site-packages/airflow/example_dags/example_trigger_target_dag.py took 0.067 seconds
[2024-04-24T21:24:52.289+0000] {processor.py:161} INFO - Started process (PID=1197) to work on /home/airflow/.local/lib/python3.10/site-packages/airflow/example_dags/example_trigger_target_dag.py
[2024-04-24T21:24:52.290+0000] {processor.py:830} INFO - Processing file /home/airflow/.local/lib/python3.10/site-packages/airflow/example_dags/example_trigger_target_dag.py for tasks to queue
[2024-04-24T21:24:52.292+0000] {logging_mixin.py:188} INFO - [2024-04-24T21:24:52.292+0000] {dagbag.py:540} INFO - Filling up the DagBag from /home/airflow/.local/lib/python3.10/site-packages/airflow/example_dags/example_trigger_target_dag.py
[2024-04-24T21:24:52.298+0000] {processor.py:840} INFO - DAG(s) 'example_trigger_target_dag' retrieved from /home/airflow/.local/lib/python3.10/site-packages/airflow/example_dags/example_trigger_target_dag.py
[2024-04-24T21:24:52.318+0000] {logging_mixin.py:188} INFO - [2024-04-24T21:24:52.318+0000] {dag.py:3047} INFO - Sync 1 DAGs
[2024-04-24T21:24:52.329+0000] {logging_mixin.py:188} INFO - [2024-04-24T21:24:52.329+0000] {dag.py:3834} INFO - Setting next_dagrun for example_trigger_target_dag to None, run_after=None
[2024-04-24T21:24:52.350+0000] {processor.py:183} INFO - Processing /home/airflow/.local/lib/python3.10/site-packages/airflow/example_dags/example_trigger_target_dag.py took 0.065 seconds
[2024-04-24T21:25:22.760+0000] {processor.py:161} INFO - Started process (PID=1252) to work on /home/airflow/.local/lib/python3.10/site-packages/airflow/example_dags/example_trigger_target_dag.py
[2024-04-24T21:25:22.761+0000] {processor.py:830} INFO - Processing file /home/airflow/.local/lib/python3.10/site-packages/airflow/example_dags/example_trigger_target_dag.py for tasks to queue
[2024-04-24T21:25:22.763+0000] {logging_mixin.py:188} INFO - [2024-04-24T21:25:22.763+0000] {dagbag.py:540} INFO - Filling up the DagBag from /home/airflow/.local/lib/python3.10/site-packages/airflow/example_dags/example_trigger_target_dag.py
[2024-04-24T21:25:22.769+0000] {processor.py:840} INFO - DAG(s) 'example_trigger_target_dag' retrieved from /home/airflow/.local/lib/python3.10/site-packages/airflow/example_dags/example_trigger_target_dag.py
[2024-04-24T21:25:22.788+0000] {logging_mixin.py:188} INFO - [2024-04-24T21:25:22.788+0000] {dag.py:3047} INFO - Sync 1 DAGs
[2024-04-24T21:25:22.800+0000] {logging_mixin.py:188} INFO - [2024-04-24T21:25:22.800+0000] {dag.py:3834} INFO - Setting next_dagrun for example_trigger_target_dag to None, run_after=None
[2024-04-24T21:25:22.820+0000] {processor.py:183} INFO - Processing /home/airflow/.local/lib/python3.10/site-packages/airflow/example_dags/example_trigger_target_dag.py took 0.064 seconds
[2024-04-24T21:25:53.373+0000] {processor.py:161} INFO - Started process (PID=1308) to work on /home/airflow/.local/lib/python3.10/site-packages/airflow/example_dags/example_trigger_target_dag.py
[2024-04-24T21:25:53.375+0000] {processor.py:830} INFO - Processing file /home/airflow/.local/lib/python3.10/site-packages/airflow/example_dags/example_trigger_target_dag.py for tasks to queue
[2024-04-24T21:25:53.376+0000] {logging_mixin.py:188} INFO - [2024-04-24T21:25:53.376+0000] {dagbag.py:540} INFO - Filling up the DagBag from /home/airflow/.local/lib/python3.10/site-packages/airflow/example_dags/example_trigger_target_dag.py
[2024-04-24T21:25:53.382+0000] {processor.py:840} INFO - DAG(s) 'example_trigger_target_dag' retrieved from /home/airflow/.local/lib/python3.10/site-packages/airflow/example_dags/example_trigger_target_dag.py
[2024-04-24T21:25:53.403+0000] {logging_mixin.py:188} INFO - [2024-04-24T21:25:53.403+0000] {dag.py:3047} INFO - Sync 1 DAGs
[2024-04-24T21:25:53.414+0000] {logging_mixin.py:188} INFO - [2024-04-24T21:25:53.414+0000] {dag.py:3834} INFO - Setting next_dagrun for example_trigger_target_dag to None, run_after=None
[2024-04-24T21:25:53.435+0000] {processor.py:183} INFO - Processing /home/airflow/.local/lib/python3.10/site-packages/airflow/example_dags/example_trigger_target_dag.py took 0.065 seconds
[2024-04-24T21:26:24.182+0000] {processor.py:161} INFO - Started process (PID=1363) to work on /home/airflow/.local/lib/python3.10/site-packages/airflow/example_dags/example_trigger_target_dag.py
[2024-04-24T21:26:24.183+0000] {processor.py:830} INFO - Processing file /home/airflow/.local/lib/python3.10/site-packages/airflow/example_dags/example_trigger_target_dag.py for tasks to queue
[2024-04-24T21:26:24.185+0000] {logging_mixin.py:188} INFO - [2024-04-24T21:26:24.185+0000] {dagbag.py:540} INFO - Filling up the DagBag from /home/airflow/.local/lib/python3.10/site-packages/airflow/example_dags/example_trigger_target_dag.py
[2024-04-24T21:26:24.192+0000] {processor.py:840} INFO - DAG(s) 'example_trigger_target_dag' retrieved from /home/airflow/.local/lib/python3.10/site-packages/airflow/example_dags/example_trigger_target_dag.py
[2024-04-24T21:26:24.213+0000] {logging_mixin.py:188} INFO - [2024-04-24T21:26:24.213+0000] {dag.py:3047} INFO - Sync 1 DAGs
[2024-04-24T21:26:24.224+0000] {logging_mixin.py:188} INFO - [2024-04-24T21:26:24.224+0000] {dag.py:3834} INFO - Setting next_dagrun for example_trigger_target_dag to None, run_after=None
[2024-04-24T21:26:24.245+0000] {processor.py:183} INFO - Processing /home/airflow/.local/lib/python3.10/site-packages/airflow/example_dags/example_trigger_target_dag.py took 0.066 seconds
[2024-04-24T21:26:54.309+0000] {processor.py:161} INFO - Started process (PID=1417) to work on /home/airflow/.local/lib/python3.10/site-packages/airflow/example_dags/example_trigger_target_dag.py
[2024-04-24T21:26:54.311+0000] {processor.py:830} INFO - Processing file /home/airflow/.local/lib/python3.10/site-packages/airflow/example_dags/example_trigger_target_dag.py for tasks to queue
[2024-04-24T21:26:54.314+0000] {logging_mixin.py:188} INFO - [2024-04-24T21:26:54.312+0000] {dagbag.py:540} INFO - Filling up the DagBag from /home/airflow/.local/lib/python3.10/site-packages/airflow/example_dags/example_trigger_target_dag.py
[2024-04-24T21:26:54.320+0000] {processor.py:840} INFO - DAG(s) 'example_trigger_target_dag' retrieved from /home/airflow/.local/lib/python3.10/site-packages/airflow/example_dags/example_trigger_target_dag.py
[2024-04-24T21:26:54.341+0000] {logging_mixin.py:188} INFO - [2024-04-24T21:26:54.340+0000] {dag.py:3047} INFO - Sync 1 DAGs
[2024-04-24T21:26:54.353+0000] {logging_mixin.py:188} INFO - [2024-04-24T21:26:54.352+0000] {dag.py:3834} INFO - Setting next_dagrun for example_trigger_target_dag to None, run_after=None
[2024-04-24T21:26:54.378+0000] {processor.py:183} INFO - Processing /home/airflow/.local/lib/python3.10/site-packages/airflow/example_dags/example_trigger_target_dag.py took 0.072 seconds
[2024-04-24T21:27:24.960+0000] {processor.py:161} INFO - Started process (PID=1473) to work on /home/airflow/.local/lib/python3.10/site-packages/airflow/example_dags/example_trigger_target_dag.py
[2024-04-24T21:27:24.961+0000] {processor.py:830} INFO - Processing file /home/airflow/.local/lib/python3.10/site-packages/airflow/example_dags/example_trigger_target_dag.py for tasks to queue
[2024-04-24T21:27:24.963+0000] {logging_mixin.py:188} INFO - [2024-04-24T21:27:24.963+0000] {dagbag.py:540} INFO - Filling up the DagBag from /home/airflow/.local/lib/python3.10/site-packages/airflow/example_dags/example_trigger_target_dag.py
[2024-04-24T21:27:24.969+0000] {processor.py:840} INFO - DAG(s) 'example_trigger_target_dag' retrieved from /home/airflow/.local/lib/python3.10/site-packages/airflow/example_dags/example_trigger_target_dag.py
[2024-04-24T21:27:24.988+0000] {logging_mixin.py:188} INFO - [2024-04-24T21:27:24.988+0000] {dag.py:3047} INFO - Sync 1 DAGs
[2024-04-24T21:27:24.999+0000] {logging_mixin.py:188} INFO - [2024-04-24T21:27:24.999+0000] {dag.py:3834} INFO - Setting next_dagrun for example_trigger_target_dag to None, run_after=None
[2024-04-24T21:27:25.021+0000] {processor.py:183} INFO - Processing /home/airflow/.local/lib/python3.10/site-packages/airflow/example_dags/example_trigger_target_dag.py took 0.064 seconds
[2024-04-24T21:27:55.672+0000] {processor.py:161} INFO - Started process (PID=1529) to work on /home/airflow/.local/lib/python3.10/site-packages/airflow/example_dags/example_trigger_target_dag.py
[2024-04-24T21:27:55.673+0000] {processor.py:830} INFO - Processing file /home/airflow/.local/lib/python3.10/site-packages/airflow/example_dags/example_trigger_target_dag.py for tasks to queue
[2024-04-24T21:27:55.675+0000] {logging_mixin.py:188} INFO - [2024-04-24T21:27:55.675+0000] {dagbag.py:540} INFO - Filling up the DagBag from /home/airflow/.local/lib/python3.10/site-packages/airflow/example_dags/example_trigger_target_dag.py
[2024-04-24T21:27:55.681+0000] {processor.py:840} INFO - DAG(s) 'example_trigger_target_dag' retrieved from /home/airflow/.local/lib/python3.10/site-packages/airflow/example_dags/example_trigger_target_dag.py
[2024-04-24T21:27:55.702+0000] {logging_mixin.py:188} INFO - [2024-04-24T21:27:55.702+0000] {dag.py:3047} INFO - Sync 1 DAGs
[2024-04-24T21:27:55.714+0000] {logging_mixin.py:188} INFO - [2024-04-24T21:27:55.714+0000] {dag.py:3834} INFO - Setting next_dagrun for example_trigger_target_dag to None, run_after=None
[2024-04-24T21:27:55.735+0000] {processor.py:183} INFO - Processing /home/airflow/.local/lib/python3.10/site-packages/airflow/example_dags/example_trigger_target_dag.py took 0.066 seconds
[2024-04-24T21:28:25.846+0000] {processor.py:161} INFO - Started process (PID=1584) to work on /home/airflow/.local/lib/python3.10/site-packages/airflow/example_dags/example_trigger_target_dag.py
[2024-04-24T21:28:25.848+0000] {processor.py:830} INFO - Processing file /home/airflow/.local/lib/python3.10/site-packages/airflow/example_dags/example_trigger_target_dag.py for tasks to queue
[2024-04-24T21:28:25.850+0000] {logging_mixin.py:188} INFO - [2024-04-24T21:28:25.849+0000] {dagbag.py:540} INFO - Filling up the DagBag from /home/airflow/.local/lib/python3.10/site-packages/airflow/example_dags/example_trigger_target_dag.py
[2024-04-24T21:28:25.856+0000] {processor.py:840} INFO - DAG(s) 'example_trigger_target_dag' retrieved from /home/airflow/.local/lib/python3.10/site-packages/airflow/example_dags/example_trigger_target_dag.py
[2024-04-24T21:28:25.876+0000] {logging_mixin.py:188} INFO - [2024-04-24T21:28:25.876+0000] {dag.py:3047} INFO - Sync 1 DAGs
[2024-04-24T21:28:25.887+0000] {logging_mixin.py:188} INFO - [2024-04-24T21:28:25.887+0000] {dag.py:3834} INFO - Setting next_dagrun for example_trigger_target_dag to None, run_after=None
[2024-04-24T21:28:26.034+0000] {processor.py:183} INFO - Processing /home/airflow/.local/lib/python3.10/site-packages/airflow/example_dags/example_trigger_target_dag.py took 0.191 seconds
[2024-04-24T21:28:56.632+0000] {processor.py:161} INFO - Started process (PID=1639) to work on /home/airflow/.local/lib/python3.10/site-packages/airflow/example_dags/example_trigger_target_dag.py
[2024-04-24T21:28:56.633+0000] {processor.py:830} INFO - Processing file /home/airflow/.local/lib/python3.10/site-packages/airflow/example_dags/example_trigger_target_dag.py for tasks to queue
[2024-04-24T21:28:56.636+0000] {logging_mixin.py:188} INFO - [2024-04-24T21:28:56.635+0000] {dagbag.py:540} INFO - Filling up the DagBag from /home/airflow/.local/lib/python3.10/site-packages/airflow/example_dags/example_trigger_target_dag.py
[2024-04-24T21:28:56.641+0000] {processor.py:840} INFO - DAG(s) 'example_trigger_target_dag' retrieved from /home/airflow/.local/lib/python3.10/site-packages/airflow/example_dags/example_trigger_target_dag.py
[2024-04-24T21:28:56.661+0000] {logging_mixin.py:188} INFO - [2024-04-24T21:28:56.661+0000] {dag.py:3047} INFO - Sync 1 DAGs
[2024-04-24T21:28:56.673+0000] {logging_mixin.py:188} INFO - [2024-04-24T21:28:56.672+0000] {dag.py:3834} INFO - Setting next_dagrun for example_trigger_target_dag to None, run_after=None
[2024-04-24T21:28:56.694+0000] {processor.py:183} INFO - Processing /home/airflow/.local/lib/python3.10/site-packages/airflow/example_dags/example_trigger_target_dag.py took 0.066 seconds
[2024-04-24T21:29:27.281+0000] {processor.py:161} INFO - Started process (PID=1695) to work on /home/airflow/.local/lib/python3.10/site-packages/airflow/example_dags/example_trigger_target_dag.py
[2024-04-24T21:29:27.283+0000] {processor.py:830} INFO - Processing file /home/airflow/.local/lib/python3.10/site-packages/airflow/example_dags/example_trigger_target_dag.py for tasks to queue
[2024-04-24T21:29:27.285+0000] {logging_mixin.py:188} INFO - [2024-04-24T21:29:27.284+0000] {dagbag.py:540} INFO - Filling up the DagBag from /home/airflow/.local/lib/python3.10/site-packages/airflow/example_dags/example_trigger_target_dag.py
[2024-04-24T21:29:27.291+0000] {processor.py:840} INFO - DAG(s) 'example_trigger_target_dag' retrieved from /home/airflow/.local/lib/python3.10/site-packages/airflow/example_dags/example_trigger_target_dag.py
[2024-04-24T21:29:27.311+0000] {logging_mixin.py:188} INFO - [2024-04-24T21:29:27.311+0000] {dag.py:3047} INFO - Sync 1 DAGs
[2024-04-24T21:29:27.324+0000] {logging_mixin.py:188} INFO - [2024-04-24T21:29:27.324+0000] {dag.py:3834} INFO - Setting next_dagrun for example_trigger_target_dag to None, run_after=None
[2024-04-24T21:29:27.348+0000] {processor.py:183} INFO - Processing /home/airflow/.local/lib/python3.10/site-packages/airflow/example_dags/example_trigger_target_dag.py took 0.070 seconds
[2024-04-24T21:29:58.133+0000] {processor.py:161} INFO - Started process (PID=1750) to work on /home/airflow/.local/lib/python3.10/site-packages/airflow/example_dags/example_trigger_target_dag.py
[2024-04-24T21:29:58.135+0000] {processor.py:830} INFO - Processing file /home/airflow/.local/lib/python3.10/site-packages/airflow/example_dags/example_trigger_target_dag.py for tasks to queue
[2024-04-24T21:29:58.137+0000] {logging_mixin.py:188} INFO - [2024-04-24T21:29:58.137+0000] {dagbag.py:540} INFO - Filling up the DagBag from /home/airflow/.local/lib/python3.10/site-packages/airflow/example_dags/example_trigger_target_dag.py
[2024-04-24T21:29:58.292+0000] {processor.py:840} INFO - DAG(s) 'example_trigger_target_dag' retrieved from /home/airflow/.local/lib/python3.10/site-packages/airflow/example_dags/example_trigger_target_dag.py
[2024-04-24T21:29:58.308+0000] {logging_mixin.py:188} INFO - [2024-04-24T21:29:58.308+0000] {dag.py:3047} INFO - Sync 1 DAGs
[2024-04-24T21:29:58.323+0000] {logging_mixin.py:188} INFO - [2024-04-24T21:29:58.323+0000] {dag.py:3834} INFO - Setting next_dagrun for example_trigger_target_dag to None, run_after=None
[2024-04-24T21:29:58.342+0000] {processor.py:183} INFO - Processing /home/airflow/.local/lib/python3.10/site-packages/airflow/example_dags/example_trigger_target_dag.py took 0.213 seconds
