[2024-04-24T21:14:11.244+0000] {processor.py:161} INFO - Started process (PID=63) to work on /home/airflow/.local/lib/python3.10/site-packages/airflow/example_dags/example_params_trigger_ui.py
[2024-04-24T21:14:11.277+0000] {processor.py:830} INFO - Processing file /home/airflow/.local/lib/python3.10/site-packages/airflow/example_dags/example_params_trigger_ui.py for tasks to queue
[2024-04-24T21:14:11.424+0000] {logging_mixin.py:188} INFO - [2024-04-24T21:14:11.406+0000] {dagbag.py:540} INFO - Filling up the DagBag from /home/airflow/.local/lib/python3.10/site-packages/airflow/example_dags/example_params_trigger_ui.py
[2024-04-24T21:14:11.708+0000] {processor.py:840} INFO - DAG(s) 'example_params_trigger_ui' retrieved from /home/airflow/.local/lib/python3.10/site-packages/airflow/example_dags/example_params_trigger_ui.py
[2024-04-24T21:14:14.332+0000] {logging_mixin.py:188} INFO - [2024-04-24T21:14:14.230+0000] {override.py:1769} INFO - Created Permission View: can edit on DAG:example_params_trigger_ui
[2024-04-24T21:14:14.367+0000] {logging_mixin.py:188} INFO - [2024-04-24T21:14:14.366+0000] {override.py:1769} INFO - Created Permission View: can read on DAG:example_params_trigger_ui
[2024-04-24T21:14:14.386+0000] {logging_mixin.py:188} INFO - [2024-04-24T21:14:14.385+0000] {override.py:1769} INFO - Created Permission View: can delete on DAG:example_params_trigger_ui
[2024-04-24T21:14:14.388+0000] {logging_mixin.py:188} INFO - [2024-04-24T21:14:14.387+0000] {dag.py:3047} INFO - Sync 1 DAGs
[2024-04-24T21:14:14.442+0000] {logging_mixin.py:188} INFO - [2024-04-24T21:14:14.442+0000] {dag.py:3069} INFO - Creating ORM DAG for example_params_trigger_ui
[2024-04-24T21:14:14.444+0000] {logging_mixin.py:188} INFO - [2024-04-24T21:14:14.444+0000] {dag.py:3834} INFO - Setting next_dagrun for example_params_trigger_ui to None, run_after=None
[2024-04-24T21:14:16.960+0000] {processor.py:183} INFO - Processing /home/airflow/.local/lib/python3.10/site-packages/airflow/example_dags/example_params_trigger_ui.py took 6.025 seconds
[2024-04-24T21:14:51.158+0000] {processor.py:161} INFO - Started process (PID=119) to work on /home/airflow/.local/lib/python3.10/site-packages/airflow/example_dags/example_params_trigger_ui.py
[2024-04-24T21:14:51.165+0000] {processor.py:830} INFO - Processing file /home/airflow/.local/lib/python3.10/site-packages/airflow/example_dags/example_params_trigger_ui.py for tasks to queue
[2024-04-24T21:14:51.171+0000] {logging_mixin.py:188} INFO - [2024-04-24T21:14:51.170+0000] {dagbag.py:540} INFO - Filling up the DagBag from /home/airflow/.local/lib/python3.10/site-packages/airflow/example_dags/example_params_trigger_ui.py
[2024-04-24T21:14:51.248+0000] {processor.py:840} INFO - DAG(s) 'example_params_trigger_ui' retrieved from /home/airflow/.local/lib/python3.10/site-packages/airflow/example_dags/example_params_trigger_ui.py
[2024-04-24T21:14:51.531+0000] {logging_mixin.py:188} INFO - [2024-04-24T21:14:51.530+0000] {dag.py:3047} INFO - Sync 1 DAGs
[2024-04-24T21:14:51.713+0000] {logging_mixin.py:188} INFO - [2024-04-24T21:14:51.713+0000] {dag.py:3834} INFO - Setting next_dagrun for example_params_trigger_ui to None, run_after=None
[2024-04-24T21:14:51.907+0000] {processor.py:183} INFO - Processing /home/airflow/.local/lib/python3.10/site-packages/airflow/example_dags/example_params_trigger_ui.py took 0.763 seconds
[2024-04-24T21:15:22.130+0000] {processor.py:161} INFO - Started process (PID=175) to work on /home/airflow/.local/lib/python3.10/site-packages/airflow/example_dags/example_params_trigger_ui.py
[2024-04-24T21:15:22.133+0000] {processor.py:830} INFO - Processing file /home/airflow/.local/lib/python3.10/site-packages/airflow/example_dags/example_params_trigger_ui.py for tasks to queue
[2024-04-24T21:15:22.138+0000] {logging_mixin.py:188} INFO - [2024-04-24T21:15:22.137+0000] {dagbag.py:540} INFO - Filling up the DagBag from /home/airflow/.local/lib/python3.10/site-packages/airflow/example_dags/example_params_trigger_ui.py
[2024-04-24T21:15:22.188+0000] {processor.py:840} INFO - DAG(s) 'example_params_trigger_ui' retrieved from /home/airflow/.local/lib/python3.10/site-packages/airflow/example_dags/example_params_trigger_ui.py
[2024-04-24T21:15:22.313+0000] {logging_mixin.py:188} INFO - [2024-04-24T21:15:22.312+0000] {dag.py:3047} INFO - Sync 1 DAGs
[2024-04-24T21:15:22.340+0000] {logging_mixin.py:188} INFO - [2024-04-24T21:15:22.340+0000] {dag.py:3834} INFO - Setting next_dagrun for example_params_trigger_ui to None, run_after=None
[2024-04-24T21:15:22.388+0000] {processor.py:183} INFO - Processing /home/airflow/.local/lib/python3.10/site-packages/airflow/example_dags/example_params_trigger_ui.py took 0.265 seconds
[2024-04-24T21:15:52.617+0000] {processor.py:161} INFO - Started process (PID=231) to work on /home/airflow/.local/lib/python3.10/site-packages/airflow/example_dags/example_params_trigger_ui.py
[2024-04-24T21:15:52.618+0000] {processor.py:830} INFO - Processing file /home/airflow/.local/lib/python3.10/site-packages/airflow/example_dags/example_params_trigger_ui.py for tasks to queue
[2024-04-24T21:15:52.621+0000] {logging_mixin.py:188} INFO - [2024-04-24T21:15:52.620+0000] {dagbag.py:540} INFO - Filling up the DagBag from /home/airflow/.local/lib/python3.10/site-packages/airflow/example_dags/example_params_trigger_ui.py
[2024-04-24T21:15:52.634+0000] {processor.py:840} INFO - DAG(s) 'example_params_trigger_ui' retrieved from /home/airflow/.local/lib/python3.10/site-packages/airflow/example_dags/example_params_trigger_ui.py
[2024-04-24T21:15:52.677+0000] {logging_mixin.py:188} INFO - [2024-04-24T21:15:52.677+0000] {dag.py:3047} INFO - Sync 1 DAGs
[2024-04-24T21:15:52.690+0000] {logging_mixin.py:188} INFO - [2024-04-24T21:15:52.689+0000] {dag.py:3834} INFO - Setting next_dagrun for example_params_trigger_ui to None, run_after=None
[2024-04-24T21:15:52.709+0000] {processor.py:183} INFO - Processing /home/airflow/.local/lib/python3.10/site-packages/airflow/example_dags/example_params_trigger_ui.py took 0.096 seconds
[2024-04-24T21:16:23.062+0000] {processor.py:161} INFO - Started process (PID=286) to work on /home/airflow/.local/lib/python3.10/site-packages/airflow/example_dags/example_params_trigger_ui.py
[2024-04-24T21:16:23.064+0000] {processor.py:830} INFO - Processing file /home/airflow/.local/lib/python3.10/site-packages/airflow/example_dags/example_params_trigger_ui.py for tasks to queue
[2024-04-24T21:16:23.066+0000] {logging_mixin.py:188} INFO - [2024-04-24T21:16:23.065+0000] {dagbag.py:540} INFO - Filling up the DagBag from /home/airflow/.local/lib/python3.10/site-packages/airflow/example_dags/example_params_trigger_ui.py
[2024-04-24T21:16:23.081+0000] {processor.py:840} INFO - DAG(s) 'example_params_trigger_ui' retrieved from /home/airflow/.local/lib/python3.10/site-packages/airflow/example_dags/example_params_trigger_ui.py
[2024-04-24T21:16:23.133+0000] {logging_mixin.py:188} INFO - [2024-04-24T21:16:23.133+0000] {dag.py:3047} INFO - Sync 1 DAGs
[2024-04-24T21:16:23.147+0000] {logging_mixin.py:188} INFO - [2024-04-24T21:16:23.146+0000] {dag.py:3834} INFO - Setting next_dagrun for example_params_trigger_ui to None, run_after=None
[2024-04-24T21:16:23.171+0000] {processor.py:183} INFO - Processing /home/airflow/.local/lib/python3.10/site-packages/airflow/example_dags/example_params_trigger_ui.py took 0.112 seconds
[2024-04-24T21:16:58.713+0000] {processor.py:161} INFO - Started process (PID=334) to work on /home/airflow/.local/lib/python3.10/site-packages/airflow/example_dags/example_params_trigger_ui.py
[2024-04-24T21:16:58.715+0000] {processor.py:830} INFO - Processing file /home/airflow/.local/lib/python3.10/site-packages/airflow/example_dags/example_params_trigger_ui.py for tasks to queue
[2024-04-24T21:16:58.718+0000] {logging_mixin.py:188} INFO - [2024-04-24T21:16:58.718+0000] {dagbag.py:540} INFO - Filling up the DagBag from /home/airflow/.local/lib/python3.10/site-packages/airflow/example_dags/example_params_trigger_ui.py
[2024-04-24T21:16:58.743+0000] {processor.py:840} INFO - DAG(s) 'example_params_trigger_ui' retrieved from /home/airflow/.local/lib/python3.10/site-packages/airflow/example_dags/example_params_trigger_ui.py
[2024-04-24T21:16:58.828+0000] {logging_mixin.py:188} INFO - [2024-04-24T21:16:58.828+0000] {dag.py:3047} INFO - Sync 1 DAGs
[2024-04-24T21:16:58.853+0000] {logging_mixin.py:188} INFO - [2024-04-24T21:16:58.853+0000] {dag.py:3834} INFO - Setting next_dagrun for example_params_trigger_ui to None, run_after=None
[2024-04-24T21:16:58.883+0000] {processor.py:183} INFO - Processing /home/airflow/.local/lib/python3.10/site-packages/airflow/example_dags/example_params_trigger_ui.py took 0.175 seconds
[2024-04-24T21:17:29.170+0000] {processor.py:161} INFO - Started process (PID=389) to work on /home/airflow/.local/lib/python3.10/site-packages/airflow/example_dags/example_params_trigger_ui.py
[2024-04-24T21:17:29.172+0000] {processor.py:830} INFO - Processing file /home/airflow/.local/lib/python3.10/site-packages/airflow/example_dags/example_params_trigger_ui.py for tasks to queue
[2024-04-24T21:17:29.174+0000] {logging_mixin.py:188} INFO - [2024-04-24T21:17:29.174+0000] {dagbag.py:540} INFO - Filling up the DagBag from /home/airflow/.local/lib/python3.10/site-packages/airflow/example_dags/example_params_trigger_ui.py
[2024-04-24T21:17:29.188+0000] {processor.py:840} INFO - DAG(s) 'example_params_trigger_ui' retrieved from /home/airflow/.local/lib/python3.10/site-packages/airflow/example_dags/example_params_trigger_ui.py
[2024-04-24T21:17:29.240+0000] {logging_mixin.py:188} INFO - [2024-04-24T21:17:29.240+0000] {dag.py:3047} INFO - Sync 1 DAGs
[2024-04-24T21:17:29.255+0000] {logging_mixin.py:188} INFO - [2024-04-24T21:17:29.254+0000] {dag.py:3834} INFO - Setting next_dagrun for example_params_trigger_ui to None, run_after=None
[2024-04-24T21:17:29.280+0000] {processor.py:183} INFO - Processing /home/airflow/.local/lib/python3.10/site-packages/airflow/example_dags/example_params_trigger_ui.py took 0.113 seconds
[2024-04-24T21:17:59.609+0000] {processor.py:161} INFO - Started process (PID=443) to work on /home/airflow/.local/lib/python3.10/site-packages/airflow/example_dags/example_params_trigger_ui.py
[2024-04-24T21:17:59.611+0000] {processor.py:830} INFO - Processing file /home/airflow/.local/lib/python3.10/site-packages/airflow/example_dags/example_params_trigger_ui.py for tasks to queue
[2024-04-24T21:17:59.613+0000] {logging_mixin.py:188} INFO - [2024-04-24T21:17:59.612+0000] {dagbag.py:540} INFO - Filling up the DagBag from /home/airflow/.local/lib/python3.10/site-packages/airflow/example_dags/example_params_trigger_ui.py
[2024-04-24T21:17:59.630+0000] {processor.py:840} INFO - DAG(s) 'example_params_trigger_ui' retrieved from /home/airflow/.local/lib/python3.10/site-packages/airflow/example_dags/example_params_trigger_ui.py
[2024-04-24T21:17:59.694+0000] {logging_mixin.py:188} INFO - [2024-04-24T21:17:59.694+0000] {dag.py:3047} INFO - Sync 1 DAGs
[2024-04-24T21:17:59.710+0000] {logging_mixin.py:188} INFO - [2024-04-24T21:17:59.710+0000] {dag.py:3834} INFO - Setting next_dagrun for example_params_trigger_ui to None, run_after=None
[2024-04-24T21:17:59.735+0000] {processor.py:183} INFO - Processing /home/airflow/.local/lib/python3.10/site-packages/airflow/example_dags/example_params_trigger_ui.py took 0.130 seconds
[2024-04-24T21:18:29.911+0000] {processor.py:161} INFO - Started process (PID=498) to work on /home/airflow/.local/lib/python3.10/site-packages/airflow/example_dags/example_params_trigger_ui.py
[2024-04-24T21:18:29.913+0000] {processor.py:830} INFO - Processing file /home/airflow/.local/lib/python3.10/site-packages/airflow/example_dags/example_params_trigger_ui.py for tasks to queue
[2024-04-24T21:18:29.915+0000] {logging_mixin.py:188} INFO - [2024-04-24T21:18:29.915+0000] {dagbag.py:540} INFO - Filling up the DagBag from /home/airflow/.local/lib/python3.10/site-packages/airflow/example_dags/example_params_trigger_ui.py
[2024-04-24T21:18:29.929+0000] {processor.py:840} INFO - DAG(s) 'example_params_trigger_ui' retrieved from /home/airflow/.local/lib/python3.10/site-packages/airflow/example_dags/example_params_trigger_ui.py
[2024-04-24T21:18:29.976+0000] {logging_mixin.py:188} INFO - [2024-04-24T21:18:29.976+0000] {dag.py:3047} INFO - Sync 1 DAGs
[2024-04-24T21:18:29.988+0000] {logging_mixin.py:188} INFO - [2024-04-24T21:18:29.988+0000] {dag.py:3834} INFO - Setting next_dagrun for example_params_trigger_ui to None, run_after=None
[2024-04-24T21:18:30.009+0000] {processor.py:183} INFO - Processing /home/airflow/.local/lib/python3.10/site-packages/airflow/example_dags/example_params_trigger_ui.py took 0.101 seconds
[2024-04-24T21:19:00.965+0000] {processor.py:161} INFO - Started process (PID=554) to work on /home/airflow/.local/lib/python3.10/site-packages/airflow/example_dags/example_params_trigger_ui.py
[2024-04-24T21:19:00.968+0000] {processor.py:830} INFO - Processing file /home/airflow/.local/lib/python3.10/site-packages/airflow/example_dags/example_params_trigger_ui.py for tasks to queue
[2024-04-24T21:19:00.971+0000] {logging_mixin.py:188} INFO - [2024-04-24T21:19:00.970+0000] {dagbag.py:540} INFO - Filling up the DagBag from /home/airflow/.local/lib/python3.10/site-packages/airflow/example_dags/example_params_trigger_ui.py
[2024-04-24T21:19:00.995+0000] {processor.py:840} INFO - DAG(s) 'example_params_trigger_ui' retrieved from /home/airflow/.local/lib/python3.10/site-packages/airflow/example_dags/example_params_trigger_ui.py
[2024-04-24T21:19:01.082+0000] {logging_mixin.py:188} INFO - [2024-04-24T21:19:01.082+0000] {dag.py:3047} INFO - Sync 1 DAGs
[2024-04-24T21:19:01.099+0000] {logging_mixin.py:188} INFO - [2024-04-24T21:19:01.098+0000] {dag.py:3834} INFO - Setting next_dagrun for example_params_trigger_ui to None, run_after=None
[2024-04-24T21:19:01.129+0000] {processor.py:183} INFO - Processing /home/airflow/.local/lib/python3.10/site-packages/airflow/example_dags/example_params_trigger_ui.py took 0.170 seconds
[2024-04-24T21:19:31.620+0000] {processor.py:161} INFO - Started process (PID=610) to work on /home/airflow/.local/lib/python3.10/site-packages/airflow/example_dags/example_params_trigger_ui.py
[2024-04-24T21:19:31.621+0000] {processor.py:830} INFO - Processing file /home/airflow/.local/lib/python3.10/site-packages/airflow/example_dags/example_params_trigger_ui.py for tasks to queue
[2024-04-24T21:19:31.623+0000] {logging_mixin.py:188} INFO - [2024-04-24T21:19:31.623+0000] {dagbag.py:540} INFO - Filling up the DagBag from /home/airflow/.local/lib/python3.10/site-packages/airflow/example_dags/example_params_trigger_ui.py
[2024-04-24T21:19:31.636+0000] {processor.py:840} INFO - DAG(s) 'example_params_trigger_ui' retrieved from /home/airflow/.local/lib/python3.10/site-packages/airflow/example_dags/example_params_trigger_ui.py
[2024-04-24T21:19:31.679+0000] {logging_mixin.py:188} INFO - [2024-04-24T21:19:31.679+0000] {dag.py:3047} INFO - Sync 1 DAGs
[2024-04-24T21:19:31.690+0000] {logging_mixin.py:188} INFO - [2024-04-24T21:19:31.690+0000] {dag.py:3834} INFO - Setting next_dagrun for example_params_trigger_ui to None, run_after=None
[2024-04-24T21:19:31.712+0000] {processor.py:183} INFO - Processing /home/airflow/.local/lib/python3.10/site-packages/airflow/example_dags/example_params_trigger_ui.py took 0.096 seconds
[2024-04-24T21:20:02.243+0000] {processor.py:161} INFO - Started process (PID=666) to work on /home/airflow/.local/lib/python3.10/site-packages/airflow/example_dags/example_params_trigger_ui.py
[2024-04-24T21:20:02.247+0000] {processor.py:830} INFO - Processing file /home/airflow/.local/lib/python3.10/site-packages/airflow/example_dags/example_params_trigger_ui.py for tasks to queue
[2024-04-24T21:20:02.251+0000] {logging_mixin.py:188} INFO - [2024-04-24T21:20:02.251+0000] {dagbag.py:540} INFO - Filling up the DagBag from /home/airflow/.local/lib/python3.10/site-packages/airflow/example_dags/example_params_trigger_ui.py
[2024-04-24T21:20:02.265+0000] {processor.py:840} INFO - DAG(s) 'example_params_trigger_ui' retrieved from /home/airflow/.local/lib/python3.10/site-packages/airflow/example_dags/example_params_trigger_ui.py
[2024-04-24T21:20:02.311+0000] {logging_mixin.py:188} INFO - [2024-04-24T21:20:02.311+0000] {dag.py:3047} INFO - Sync 1 DAGs
[2024-04-24T21:20:02.323+0000] {logging_mixin.py:188} INFO - [2024-04-24T21:20:02.323+0000] {dag.py:3834} INFO - Setting next_dagrun for example_params_trigger_ui to None, run_after=None
[2024-04-24T21:20:02.343+0000] {processor.py:183} INFO - Processing /home/airflow/.local/lib/python3.10/site-packages/airflow/example_dags/example_params_trigger_ui.py took 0.103 seconds
[2024-04-24T21:20:32.759+0000] {processor.py:161} INFO - Started process (PID=722) to work on /home/airflow/.local/lib/python3.10/site-packages/airflow/example_dags/example_params_trigger_ui.py
[2024-04-24T21:20:32.761+0000] {processor.py:830} INFO - Processing file /home/airflow/.local/lib/python3.10/site-packages/airflow/example_dags/example_params_trigger_ui.py for tasks to queue
[2024-04-24T21:20:32.764+0000] {logging_mixin.py:188} INFO - [2024-04-24T21:20:32.763+0000] {dagbag.py:540} INFO - Filling up the DagBag from /home/airflow/.local/lib/python3.10/site-packages/airflow/example_dags/example_params_trigger_ui.py
[2024-04-24T21:20:32.779+0000] {processor.py:840} INFO - DAG(s) 'example_params_trigger_ui' retrieved from /home/airflow/.local/lib/python3.10/site-packages/airflow/example_dags/example_params_trigger_ui.py
[2024-04-24T21:20:32.832+0000] {logging_mixin.py:188} INFO - [2024-04-24T21:20:32.832+0000] {dag.py:3047} INFO - Sync 1 DAGs
[2024-04-24T21:20:32.845+0000] {logging_mixin.py:188} INFO - [2024-04-24T21:20:32.844+0000] {dag.py:3834} INFO - Setting next_dagrun for example_params_trigger_ui to None, run_after=None
[2024-04-24T21:20:32.865+0000] {processor.py:183} INFO - Processing /home/airflow/.local/lib/python3.10/site-packages/airflow/example_dags/example_params_trigger_ui.py took 0.113 seconds
[2024-04-24T21:21:03.697+0000] {processor.py:161} INFO - Started process (PID=778) to work on /home/airflow/.local/lib/python3.10/site-packages/airflow/example_dags/example_params_trigger_ui.py
[2024-04-24T21:21:03.699+0000] {processor.py:830} INFO - Processing file /home/airflow/.local/lib/python3.10/site-packages/airflow/example_dags/example_params_trigger_ui.py for tasks to queue
[2024-04-24T21:21:03.701+0000] {logging_mixin.py:188} INFO - [2024-04-24T21:21:03.701+0000] {dagbag.py:540} INFO - Filling up the DagBag from /home/airflow/.local/lib/python3.10/site-packages/airflow/example_dags/example_params_trigger_ui.py
[2024-04-24T21:21:03.715+0000] {processor.py:840} INFO - DAG(s) 'example_params_trigger_ui' retrieved from /home/airflow/.local/lib/python3.10/site-packages/airflow/example_dags/example_params_trigger_ui.py
[2024-04-24T21:21:03.759+0000] {logging_mixin.py:188} INFO - [2024-04-24T21:21:03.759+0000] {dag.py:3047} INFO - Sync 1 DAGs
[2024-04-24T21:21:03.771+0000] {logging_mixin.py:188} INFO - [2024-04-24T21:21:03.771+0000] {dag.py:3834} INFO - Setting next_dagrun for example_params_trigger_ui to None, run_after=None
[2024-04-24T21:21:03.791+0000] {processor.py:183} INFO - Processing /home/airflow/.local/lib/python3.10/site-packages/airflow/example_dags/example_params_trigger_ui.py took 0.097 seconds
[2024-04-24T21:21:34.635+0000] {processor.py:161} INFO - Started process (PID=833) to work on /home/airflow/.local/lib/python3.10/site-packages/airflow/example_dags/example_params_trigger_ui.py
[2024-04-24T21:21:34.637+0000] {processor.py:830} INFO - Processing file /home/airflow/.local/lib/python3.10/site-packages/airflow/example_dags/example_params_trigger_ui.py for tasks to queue
[2024-04-24T21:21:34.639+0000] {logging_mixin.py:188} INFO - [2024-04-24T21:21:34.638+0000] {dagbag.py:540} INFO - Filling up the DagBag from /home/airflow/.local/lib/python3.10/site-packages/airflow/example_dags/example_params_trigger_ui.py
[2024-04-24T21:21:34.651+0000] {processor.py:840} INFO - DAG(s) 'example_params_trigger_ui' retrieved from /home/airflow/.local/lib/python3.10/site-packages/airflow/example_dags/example_params_trigger_ui.py
[2024-04-24T21:21:34.735+0000] {logging_mixin.py:188} INFO - [2024-04-24T21:21:34.735+0000] {dag.py:3047} INFO - Sync 1 DAGs
[2024-04-24T21:21:34.747+0000] {logging_mixin.py:188} INFO - [2024-04-24T21:21:34.747+0000] {dag.py:3834} INFO - Setting next_dagrun for example_params_trigger_ui to None, run_after=None
[2024-04-24T21:21:34.766+0000] {processor.py:183} INFO - Processing /home/airflow/.local/lib/python3.10/site-packages/airflow/example_dags/example_params_trigger_ui.py took 0.134 seconds
[2024-04-24T21:22:04.906+0000] {processor.py:161} INFO - Started process (PID=889) to work on /home/airflow/.local/lib/python3.10/site-packages/airflow/example_dags/example_params_trigger_ui.py
[2024-04-24T21:22:04.907+0000] {processor.py:830} INFO - Processing file /home/airflow/.local/lib/python3.10/site-packages/airflow/example_dags/example_params_trigger_ui.py for tasks to queue
[2024-04-24T21:22:04.910+0000] {logging_mixin.py:188} INFO - [2024-04-24T21:22:04.910+0000] {dagbag.py:540} INFO - Filling up the DagBag from /home/airflow/.local/lib/python3.10/site-packages/airflow/example_dags/example_params_trigger_ui.py
[2024-04-24T21:22:04.926+0000] {processor.py:840} INFO - DAG(s) 'example_params_trigger_ui' retrieved from /home/airflow/.local/lib/python3.10/site-packages/airflow/example_dags/example_params_trigger_ui.py
[2024-04-24T21:22:04.979+0000] {logging_mixin.py:188} INFO - [2024-04-24T21:22:04.979+0000] {dag.py:3047} INFO - Sync 1 DAGs
[2024-04-24T21:22:04.992+0000] {logging_mixin.py:188} INFO - [2024-04-24T21:22:04.992+0000] {dag.py:3834} INFO - Setting next_dagrun for example_params_trigger_ui to None, run_after=None
[2024-04-24T21:22:05.012+0000] {processor.py:183} INFO - Processing /home/airflow/.local/lib/python3.10/site-packages/airflow/example_dags/example_params_trigger_ui.py took 0.110 seconds
[2024-04-24T21:22:35.877+0000] {processor.py:161} INFO - Started process (PID=945) to work on /home/airflow/.local/lib/python3.10/site-packages/airflow/example_dags/example_params_trigger_ui.py
[2024-04-24T21:22:35.878+0000] {processor.py:830} INFO - Processing file /home/airflow/.local/lib/python3.10/site-packages/airflow/example_dags/example_params_trigger_ui.py for tasks to queue
[2024-04-24T21:22:35.881+0000] {logging_mixin.py:188} INFO - [2024-04-24T21:22:35.881+0000] {dagbag.py:540} INFO - Filling up the DagBag from /home/airflow/.local/lib/python3.10/site-packages/airflow/example_dags/example_params_trigger_ui.py
[2024-04-24T21:22:35.895+0000] {processor.py:840} INFO - DAG(s) 'example_params_trigger_ui' retrieved from /home/airflow/.local/lib/python3.10/site-packages/airflow/example_dags/example_params_trigger_ui.py
[2024-04-24T21:22:35.943+0000] {logging_mixin.py:188} INFO - [2024-04-24T21:22:35.942+0000] {dag.py:3047} INFO - Sync 1 DAGs
[2024-04-24T21:22:35.954+0000] {logging_mixin.py:188} INFO - [2024-04-24T21:22:35.954+0000] {dag.py:3834} INFO - Setting next_dagrun for example_params_trigger_ui to None, run_after=None
[2024-04-24T21:22:35.975+0000] {processor.py:183} INFO - Processing /home/airflow/.local/lib/python3.10/site-packages/airflow/example_dags/example_params_trigger_ui.py took 0.101 seconds
[2024-04-24T21:23:06.073+0000] {processor.py:161} INFO - Started process (PID=1000) to work on /home/airflow/.local/lib/python3.10/site-packages/airflow/example_dags/example_params_trigger_ui.py
[2024-04-24T21:23:06.075+0000] {processor.py:830} INFO - Processing file /home/airflow/.local/lib/python3.10/site-packages/airflow/example_dags/example_params_trigger_ui.py for tasks to queue
[2024-04-24T21:23:06.077+0000] {logging_mixin.py:188} INFO - [2024-04-24T21:23:06.076+0000] {dagbag.py:540} INFO - Filling up the DagBag from /home/airflow/.local/lib/python3.10/site-packages/airflow/example_dags/example_params_trigger_ui.py
[2024-04-24T21:23:06.090+0000] {processor.py:840} INFO - DAG(s) 'example_params_trigger_ui' retrieved from /home/airflow/.local/lib/python3.10/site-packages/airflow/example_dags/example_params_trigger_ui.py
[2024-04-24T21:23:06.138+0000] {logging_mixin.py:188} INFO - [2024-04-24T21:23:06.137+0000] {dag.py:3047} INFO - Sync 1 DAGs
[2024-04-24T21:23:06.149+0000] {logging_mixin.py:188} INFO - [2024-04-24T21:23:06.149+0000] {dag.py:3834} INFO - Setting next_dagrun for example_params_trigger_ui to None, run_after=None
[2024-04-24T21:23:06.173+0000] {processor.py:183} INFO - Processing /home/airflow/.local/lib/python3.10/site-packages/airflow/example_dags/example_params_trigger_ui.py took 0.103 seconds
[2024-04-24T21:23:36.458+0000] {processor.py:161} INFO - Started process (PID=1055) to work on /home/airflow/.local/lib/python3.10/site-packages/airflow/example_dags/example_params_trigger_ui.py
[2024-04-24T21:23:36.459+0000] {processor.py:830} INFO - Processing file /home/airflow/.local/lib/python3.10/site-packages/airflow/example_dags/example_params_trigger_ui.py for tasks to queue
[2024-04-24T21:23:36.461+0000] {logging_mixin.py:188} INFO - [2024-04-24T21:23:36.461+0000] {dagbag.py:540} INFO - Filling up the DagBag from /home/airflow/.local/lib/python3.10/site-packages/airflow/example_dags/example_params_trigger_ui.py
[2024-04-24T21:23:36.474+0000] {processor.py:840} INFO - DAG(s) 'example_params_trigger_ui' retrieved from /home/airflow/.local/lib/python3.10/site-packages/airflow/example_dags/example_params_trigger_ui.py
[2024-04-24T21:23:36.520+0000] {logging_mixin.py:188} INFO - [2024-04-24T21:23:36.520+0000] {dag.py:3047} INFO - Sync 1 DAGs
[2024-04-24T21:23:36.532+0000] {logging_mixin.py:188} INFO - [2024-04-24T21:23:36.532+0000] {dag.py:3834} INFO - Setting next_dagrun for example_params_trigger_ui to None, run_after=None
[2024-04-24T21:23:36.552+0000] {processor.py:183} INFO - Processing /home/airflow/.local/lib/python3.10/site-packages/airflow/example_dags/example_params_trigger_ui.py took 0.098 seconds
[2024-04-24T21:24:06.780+0000] {processor.py:161} INFO - Started process (PID=1109) to work on /home/airflow/.local/lib/python3.10/site-packages/airflow/example_dags/example_params_trigger_ui.py
[2024-04-24T21:24:06.781+0000] {processor.py:830} INFO - Processing file /home/airflow/.local/lib/python3.10/site-packages/airflow/example_dags/example_params_trigger_ui.py for tasks to queue
[2024-04-24T21:24:06.783+0000] {logging_mixin.py:188} INFO - [2024-04-24T21:24:06.783+0000] {dagbag.py:540} INFO - Filling up the DagBag from /home/airflow/.local/lib/python3.10/site-packages/airflow/example_dags/example_params_trigger_ui.py
[2024-04-24T21:24:06.796+0000] {processor.py:840} INFO - DAG(s) 'example_params_trigger_ui' retrieved from /home/airflow/.local/lib/python3.10/site-packages/airflow/example_dags/example_params_trigger_ui.py
[2024-04-24T21:24:06.838+0000] {logging_mixin.py:188} INFO - [2024-04-24T21:24:06.838+0000] {dag.py:3047} INFO - Sync 1 DAGs
[2024-04-24T21:24:06.849+0000] {logging_mixin.py:188} INFO - [2024-04-24T21:24:06.849+0000] {dag.py:3834} INFO - Setting next_dagrun for example_params_trigger_ui to None, run_after=None
[2024-04-24T21:24:06.874+0000] {processor.py:183} INFO - Processing /home/airflow/.local/lib/python3.10/site-packages/airflow/example_dags/example_params_trigger_ui.py took 0.098 seconds
[2024-04-24T21:24:37.172+0000] {processor.py:161} INFO - Started process (PID=1165) to work on /home/airflow/.local/lib/python3.10/site-packages/airflow/example_dags/example_params_trigger_ui.py
[2024-04-24T21:24:37.173+0000] {processor.py:830} INFO - Processing file /home/airflow/.local/lib/python3.10/site-packages/airflow/example_dags/example_params_trigger_ui.py for tasks to queue
[2024-04-24T21:24:37.177+0000] {logging_mixin.py:188} INFO - [2024-04-24T21:24:37.176+0000] {dagbag.py:540} INFO - Filling up the DagBag from /home/airflow/.local/lib/python3.10/site-packages/airflow/example_dags/example_params_trigger_ui.py
[2024-04-24T21:24:37.193+0000] {processor.py:840} INFO - DAG(s) 'example_params_trigger_ui' retrieved from /home/airflow/.local/lib/python3.10/site-packages/airflow/example_dags/example_params_trigger_ui.py
[2024-04-24T21:24:37.244+0000] {logging_mixin.py:188} INFO - [2024-04-24T21:24:37.243+0000] {dag.py:3047} INFO - Sync 1 DAGs
[2024-04-24T21:24:37.256+0000] {logging_mixin.py:188} INFO - [2024-04-24T21:24:37.255+0000] {dag.py:3834} INFO - Setting next_dagrun for example_params_trigger_ui to None, run_after=None
[2024-04-24T21:24:37.276+0000] {processor.py:183} INFO - Processing /home/airflow/.local/lib/python3.10/site-packages/airflow/example_dags/example_params_trigger_ui.py took 0.111 seconds
[2024-04-24T21:25:07.573+0000] {processor.py:161} INFO - Started process (PID=1220) to work on /home/airflow/.local/lib/python3.10/site-packages/airflow/example_dags/example_params_trigger_ui.py
[2024-04-24T21:25:07.574+0000] {processor.py:830} INFO - Processing file /home/airflow/.local/lib/python3.10/site-packages/airflow/example_dags/example_params_trigger_ui.py for tasks to queue
[2024-04-24T21:25:07.577+0000] {logging_mixin.py:188} INFO - [2024-04-24T21:25:07.576+0000] {dagbag.py:540} INFO - Filling up the DagBag from /home/airflow/.local/lib/python3.10/site-packages/airflow/example_dags/example_params_trigger_ui.py
[2024-04-24T21:25:07.591+0000] {processor.py:840} INFO - DAG(s) 'example_params_trigger_ui' retrieved from /home/airflow/.local/lib/python3.10/site-packages/airflow/example_dags/example_params_trigger_ui.py
[2024-04-24T21:25:07.652+0000] {logging_mixin.py:188} INFO - [2024-04-24T21:25:07.652+0000] {dag.py:3047} INFO - Sync 1 DAGs
[2024-04-24T21:25:07.665+0000] {logging_mixin.py:188} INFO - [2024-04-24T21:25:07.665+0000] {dag.py:3834} INFO - Setting next_dagrun for example_params_trigger_ui to None, run_after=None
[2024-04-24T21:25:07.696+0000] {processor.py:183} INFO - Processing /home/airflow/.local/lib/python3.10/site-packages/airflow/example_dags/example_params_trigger_ui.py took 0.125 seconds
[2024-04-24T21:25:37.955+0000] {processor.py:161} INFO - Started process (PID=1277) to work on /home/airflow/.local/lib/python3.10/site-packages/airflow/example_dags/example_params_trigger_ui.py
[2024-04-24T21:25:37.956+0000] {processor.py:830} INFO - Processing file /home/airflow/.local/lib/python3.10/site-packages/airflow/example_dags/example_params_trigger_ui.py for tasks to queue
[2024-04-24T21:25:37.959+0000] {logging_mixin.py:188} INFO - [2024-04-24T21:25:37.958+0000] {dagbag.py:540} INFO - Filling up the DagBag from /home/airflow/.local/lib/python3.10/site-packages/airflow/example_dags/example_params_trigger_ui.py
[2024-04-24T21:25:37.971+0000] {processor.py:840} INFO - DAG(s) 'example_params_trigger_ui' retrieved from /home/airflow/.local/lib/python3.10/site-packages/airflow/example_dags/example_params_trigger_ui.py
[2024-04-24T21:25:38.012+0000] {logging_mixin.py:188} INFO - [2024-04-24T21:25:38.012+0000] {dag.py:3047} INFO - Sync 1 DAGs
[2024-04-24T21:25:38.023+0000] {logging_mixin.py:188} INFO - [2024-04-24T21:25:38.023+0000] {dag.py:3834} INFO - Setting next_dagrun for example_params_trigger_ui to None, run_after=None
[2024-04-24T21:25:38.042+0000] {processor.py:183} INFO - Processing /home/airflow/.local/lib/python3.10/site-packages/airflow/example_dags/example_params_trigger_ui.py took 0.090 seconds
[2024-04-24T21:26:08.550+0000] {processor.py:161} INFO - Started process (PID=1331) to work on /home/airflow/.local/lib/python3.10/site-packages/airflow/example_dags/example_params_trigger_ui.py
[2024-04-24T21:26:08.551+0000] {processor.py:830} INFO - Processing file /home/airflow/.local/lib/python3.10/site-packages/airflow/example_dags/example_params_trigger_ui.py for tasks to queue
[2024-04-24T21:26:08.553+0000] {logging_mixin.py:188} INFO - [2024-04-24T21:26:08.553+0000] {dagbag.py:540} INFO - Filling up the DagBag from /home/airflow/.local/lib/python3.10/site-packages/airflow/example_dags/example_params_trigger_ui.py
[2024-04-24T21:26:08.566+0000] {processor.py:840} INFO - DAG(s) 'example_params_trigger_ui' retrieved from /home/airflow/.local/lib/python3.10/site-packages/airflow/example_dags/example_params_trigger_ui.py
[2024-04-24T21:26:08.613+0000] {logging_mixin.py:188} INFO - [2024-04-24T21:26:08.613+0000] {dag.py:3047} INFO - Sync 1 DAGs
[2024-04-24T21:26:08.624+0000] {logging_mixin.py:188} INFO - [2024-04-24T21:26:08.624+0000] {dag.py:3834} INFO - Setting next_dagrun for example_params_trigger_ui to None, run_after=None
[2024-04-24T21:26:08.647+0000] {processor.py:183} INFO - Processing /home/airflow/.local/lib/python3.10/site-packages/airflow/example_dags/example_params_trigger_ui.py took 0.100 seconds
[2024-04-24T21:26:39.534+0000] {processor.py:161} INFO - Started process (PID=1387) to work on /home/airflow/.local/lib/python3.10/site-packages/airflow/example_dags/example_params_trigger_ui.py
[2024-04-24T21:26:39.535+0000] {processor.py:830} INFO - Processing file /home/airflow/.local/lib/python3.10/site-packages/airflow/example_dags/example_params_trigger_ui.py for tasks to queue
[2024-04-24T21:26:39.538+0000] {logging_mixin.py:188} INFO - [2024-04-24T21:26:39.537+0000] {dagbag.py:540} INFO - Filling up the DagBag from /home/airflow/.local/lib/python3.10/site-packages/airflow/example_dags/example_params_trigger_ui.py
[2024-04-24T21:26:39.552+0000] {processor.py:840} INFO - DAG(s) 'example_params_trigger_ui' retrieved from /home/airflow/.local/lib/python3.10/site-packages/airflow/example_dags/example_params_trigger_ui.py
[2024-04-24T21:26:39.596+0000] {logging_mixin.py:188} INFO - [2024-04-24T21:26:39.596+0000] {dag.py:3047} INFO - Sync 1 DAGs
[2024-04-24T21:26:39.607+0000] {logging_mixin.py:188} INFO - [2024-04-24T21:26:39.607+0000] {dag.py:3834} INFO - Setting next_dagrun for example_params_trigger_ui to None, run_after=None
[2024-04-24T21:26:39.627+0000] {processor.py:183} INFO - Processing /home/airflow/.local/lib/python3.10/site-packages/airflow/example_dags/example_params_trigger_ui.py took 0.097 seconds
[2024-04-24T21:27:10.284+0000] {processor.py:161} INFO - Started process (PID=1442) to work on /home/airflow/.local/lib/python3.10/site-packages/airflow/example_dags/example_params_trigger_ui.py
[2024-04-24T21:27:10.285+0000] {processor.py:830} INFO - Processing file /home/airflow/.local/lib/python3.10/site-packages/airflow/example_dags/example_params_trigger_ui.py for tasks to queue
[2024-04-24T21:27:10.288+0000] {logging_mixin.py:188} INFO - [2024-04-24T21:27:10.287+0000] {dagbag.py:540} INFO - Filling up the DagBag from /home/airflow/.local/lib/python3.10/site-packages/airflow/example_dags/example_params_trigger_ui.py
[2024-04-24T21:27:10.305+0000] {processor.py:840} INFO - DAG(s) 'example_params_trigger_ui' retrieved from /home/airflow/.local/lib/python3.10/site-packages/airflow/example_dags/example_params_trigger_ui.py
[2024-04-24T21:27:10.367+0000] {logging_mixin.py:188} INFO - [2024-04-24T21:27:10.367+0000] {dag.py:3047} INFO - Sync 1 DAGs
[2024-04-24T21:27:10.381+0000] {logging_mixin.py:188} INFO - [2024-04-24T21:27:10.381+0000] {dag.py:3834} INFO - Setting next_dagrun for example_params_trigger_ui to None, run_after=None
[2024-04-24T21:27:10.404+0000] {processor.py:183} INFO - Processing /home/airflow/.local/lib/python3.10/site-packages/airflow/example_dags/example_params_trigger_ui.py took 0.124 seconds
[2024-04-24T21:27:41.218+0000] {processor.py:161} INFO - Started process (PID=1498) to work on /home/airflow/.local/lib/python3.10/site-packages/airflow/example_dags/example_params_trigger_ui.py
[2024-04-24T21:27:41.220+0000] {processor.py:830} INFO - Processing file /home/airflow/.local/lib/python3.10/site-packages/airflow/example_dags/example_params_trigger_ui.py for tasks to queue
[2024-04-24T21:27:41.222+0000] {logging_mixin.py:188} INFO - [2024-04-24T21:27:41.222+0000] {dagbag.py:540} INFO - Filling up the DagBag from /home/airflow/.local/lib/python3.10/site-packages/airflow/example_dags/example_params_trigger_ui.py
[2024-04-24T21:27:41.235+0000] {processor.py:840} INFO - DAG(s) 'example_params_trigger_ui' retrieved from /home/airflow/.local/lib/python3.10/site-packages/airflow/example_dags/example_params_trigger_ui.py
[2024-04-24T21:27:41.280+0000] {logging_mixin.py:188} INFO - [2024-04-24T21:27:41.280+0000] {dag.py:3047} INFO - Sync 1 DAGs
[2024-04-24T21:27:41.292+0000] {logging_mixin.py:188} INFO - [2024-04-24T21:27:41.291+0000] {dag.py:3834} INFO - Setting next_dagrun for example_params_trigger_ui to None, run_after=None
[2024-04-24T21:27:41.438+0000] {processor.py:183} INFO - Processing /home/airflow/.local/lib/python3.10/site-packages/airflow/example_dags/example_params_trigger_ui.py took 0.223 seconds
[2024-04-24T21:28:11.985+0000] {processor.py:161} INFO - Started process (PID=1553) to work on /home/airflow/.local/lib/python3.10/site-packages/airflow/example_dags/example_params_trigger_ui.py
[2024-04-24T21:28:11.986+0000] {processor.py:830} INFO - Processing file /home/airflow/.local/lib/python3.10/site-packages/airflow/example_dags/example_params_trigger_ui.py for tasks to queue
[2024-04-24T21:28:11.989+0000] {logging_mixin.py:188} INFO - [2024-04-24T21:28:11.989+0000] {dagbag.py:540} INFO - Filling up the DagBag from /home/airflow/.local/lib/python3.10/site-packages/airflow/example_dags/example_params_trigger_ui.py
[2024-04-24T21:28:12.008+0000] {processor.py:840} INFO - DAG(s) 'example_params_trigger_ui' retrieved from /home/airflow/.local/lib/python3.10/site-packages/airflow/example_dags/example_params_trigger_ui.py
[2024-04-24T21:28:12.053+0000] {logging_mixin.py:188} INFO - [2024-04-24T21:28:12.052+0000] {dag.py:3047} INFO - Sync 1 DAGs
[2024-04-24T21:28:12.064+0000] {logging_mixin.py:188} INFO - [2024-04-24T21:28:12.064+0000] {dag.py:3834} INFO - Setting next_dagrun for example_params_trigger_ui to None, run_after=None
[2024-04-24T21:28:12.084+0000] {processor.py:183} INFO - Processing /home/airflow/.local/lib/python3.10/site-packages/airflow/example_dags/example_params_trigger_ui.py took 0.103 seconds
[2024-04-24T21:28:42.876+0000] {processor.py:161} INFO - Started process (PID=1608) to work on /home/airflow/.local/lib/python3.10/site-packages/airflow/example_dags/example_params_trigger_ui.py
[2024-04-24T21:28:42.877+0000] {processor.py:830} INFO - Processing file /home/airflow/.local/lib/python3.10/site-packages/airflow/example_dags/example_params_trigger_ui.py for tasks to queue
[2024-04-24T21:28:42.880+0000] {logging_mixin.py:188} INFO - [2024-04-24T21:28:42.879+0000] {dagbag.py:540} INFO - Filling up the DagBag from /home/airflow/.local/lib/python3.10/site-packages/airflow/example_dags/example_params_trigger_ui.py
[2024-04-24T21:28:42.893+0000] {processor.py:840} INFO - DAG(s) 'example_params_trigger_ui' retrieved from /home/airflow/.local/lib/python3.10/site-packages/airflow/example_dags/example_params_trigger_ui.py
[2024-04-24T21:28:42.939+0000] {logging_mixin.py:188} INFO - [2024-04-24T21:28:42.939+0000] {dag.py:3047} INFO - Sync 1 DAGs
[2024-04-24T21:28:42.951+0000] {logging_mixin.py:188} INFO - [2024-04-24T21:28:42.951+0000] {dag.py:3834} INFO - Setting next_dagrun for example_params_trigger_ui to None, run_after=None
[2024-04-24T21:28:42.972+0000] {processor.py:183} INFO - Processing /home/airflow/.local/lib/python3.10/site-packages/airflow/example_dags/example_params_trigger_ui.py took 0.099 seconds
[2024-04-24T21:29:13.828+0000] {processor.py:161} INFO - Started process (PID=1664) to work on /home/airflow/.local/lib/python3.10/site-packages/airflow/example_dags/example_params_trigger_ui.py
[2024-04-24T21:29:13.830+0000] {processor.py:830} INFO - Processing file /home/airflow/.local/lib/python3.10/site-packages/airflow/example_dags/example_params_trigger_ui.py for tasks to queue
[2024-04-24T21:29:13.832+0000] {logging_mixin.py:188} INFO - [2024-04-24T21:29:13.832+0000] {dagbag.py:540} INFO - Filling up the DagBag from /home/airflow/.local/lib/python3.10/site-packages/airflow/example_dags/example_params_trigger_ui.py
[2024-04-24T21:29:13.845+0000] {processor.py:840} INFO - DAG(s) 'example_params_trigger_ui' retrieved from /home/airflow/.local/lib/python3.10/site-packages/airflow/example_dags/example_params_trigger_ui.py
[2024-04-24T21:29:13.889+0000] {logging_mixin.py:188} INFO - [2024-04-24T21:29:13.889+0000] {dag.py:3047} INFO - Sync 1 DAGs
[2024-04-24T21:29:13.901+0000] {logging_mixin.py:188} INFO - [2024-04-24T21:29:13.900+0000] {dag.py:3834} INFO - Setting next_dagrun for example_params_trigger_ui to None, run_after=None
[2024-04-24T21:29:13.922+0000] {processor.py:183} INFO - Processing /home/airflow/.local/lib/python3.10/site-packages/airflow/example_dags/example_params_trigger_ui.py took 0.097 seconds
[2024-04-24T21:29:44.143+0000] {processor.py:161} INFO - Started process (PID=1719) to work on /home/airflow/.local/lib/python3.10/site-packages/airflow/example_dags/example_params_trigger_ui.py
[2024-04-24T21:29:44.144+0000] {processor.py:830} INFO - Processing file /home/airflow/.local/lib/python3.10/site-packages/airflow/example_dags/example_params_trigger_ui.py for tasks to queue
[2024-04-24T21:29:44.146+0000] {logging_mixin.py:188} INFO - [2024-04-24T21:29:44.146+0000] {dagbag.py:540} INFO - Filling up the DagBag from /home/airflow/.local/lib/python3.10/site-packages/airflow/example_dags/example_params_trigger_ui.py
[2024-04-24T21:29:44.159+0000] {processor.py:840} INFO - DAG(s) 'example_params_trigger_ui' retrieved from /home/airflow/.local/lib/python3.10/site-packages/airflow/example_dags/example_params_trigger_ui.py
[2024-04-24T21:29:44.334+0000] {logging_mixin.py:188} INFO - [2024-04-24T21:29:44.334+0000] {dag.py:3047} INFO - Sync 1 DAGs
[2024-04-24T21:29:44.345+0000] {logging_mixin.py:188} INFO - [2024-04-24T21:29:44.344+0000] {dag.py:3834} INFO - Setting next_dagrun for example_params_trigger_ui to None, run_after=None
[2024-04-24T21:29:44.364+0000] {processor.py:183} INFO - Processing /home/airflow/.local/lib/python3.10/site-packages/airflow/example_dags/example_params_trigger_ui.py took 0.224 seconds
[2024-04-24T21:30:14.579+0000] {processor.py:161} INFO - Started process (PID=1775) to work on /home/airflow/.local/lib/python3.10/site-packages/airflow/example_dags/example_params_trigger_ui.py
[2024-04-24T21:30:14.580+0000] {processor.py:830} INFO - Processing file /home/airflow/.local/lib/python3.10/site-packages/airflow/example_dags/example_params_trigger_ui.py for tasks to queue
[2024-04-24T21:30:14.582+0000] {logging_mixin.py:188} INFO - [2024-04-24T21:30:14.582+0000] {dagbag.py:540} INFO - Filling up the DagBag from /home/airflow/.local/lib/python3.10/site-packages/airflow/example_dags/example_params_trigger_ui.py
[2024-04-24T21:30:14.597+0000] {processor.py:840} INFO - DAG(s) 'example_params_trigger_ui' retrieved from /home/airflow/.local/lib/python3.10/site-packages/airflow/example_dags/example_params_trigger_ui.py
[2024-04-24T21:30:14.653+0000] {logging_mixin.py:188} INFO - [2024-04-24T21:30:14.653+0000] {dag.py:3047} INFO - Sync 1 DAGs
[2024-04-24T21:30:14.667+0000] {logging_mixin.py:188} INFO - [2024-04-24T21:30:14.667+0000] {dag.py:3834} INFO - Setting next_dagrun for example_params_trigger_ui to None, run_after=None
[2024-04-24T21:30:14.687+0000] {processor.py:183} INFO - Processing /home/airflow/.local/lib/python3.10/site-packages/airflow/example_dags/example_params_trigger_ui.py took 0.111 seconds
