[2024-04-24T21:14:29.436+0000] {processor.py:161} INFO - Started process (PID=73) to work on /home/airflow/.local/lib/python3.10/site-packages/airflow/example_dags/example_python_operator.py
[2024-04-24T21:14:29.438+0000] {processor.py:830} INFO - Processing file /home/airflow/.local/lib/python3.10/site-packages/airflow/example_dags/example_python_operator.py for tasks to queue
[2024-04-24T21:14:29.441+0000] {logging_mixin.py:188} INFO - [2024-04-24T21:14:29.441+0000] {dagbag.py:540} INFO - Filling up the DagBag from /home/airflow/.local/lib/python3.10/site-packages/airflow/example_dags/example_python_operator.py
[2024-04-24T21:14:29.472+0000] {processor.py:840} INFO - DAG(s) 'example_python_operator' retrieved from /home/airflow/.local/lib/python3.10/site-packages/airflow/example_dags/example_python_operator.py
[2024-04-24T21:14:29.778+0000] {logging_mixin.py:188} INFO - [2024-04-24T21:14:29.777+0000] {override.py:1769} INFO - Created Permission View: can edit on DAG:example_python_operator
[2024-04-24T21:14:29.806+0000] {logging_mixin.py:188} INFO - [2024-04-24T21:14:29.804+0000] {override.py:1769} INFO - Created Permission View: can read on DAG:example_python_operator
[2024-04-24T21:14:29.831+0000] {logging_mixin.py:188} INFO - [2024-04-24T21:14:29.829+0000] {override.py:1769} INFO - Created Permission View: can delete on DAG:example_python_operator
[2024-04-24T21:14:29.833+0000] {logging_mixin.py:188} INFO - [2024-04-24T21:14:29.833+0000] {dag.py:3047} INFO - Sync 1 DAGs
[2024-04-24T21:14:29.864+0000] {logging_mixin.py:188} INFO - [2024-04-24T21:14:29.863+0000] {dag.py:3069} INFO - Creating ORM DAG for example_python_operator
[2024-04-24T21:14:29.866+0000] {logging_mixin.py:188} INFO - [2024-04-24T21:14:29.865+0000] {dag.py:3834} INFO - Setting next_dagrun for example_python_operator to None, run_after=None
[2024-04-24T21:14:29.908+0000] {processor.py:183} INFO - Processing /home/airflow/.local/lib/python3.10/site-packages/airflow/example_dags/example_python_operator.py took 0.479 seconds
[2024-04-24T21:15:01.023+0000] {processor.py:161} INFO - Started process (PID=128) to work on /home/airflow/.local/lib/python3.10/site-packages/airflow/example_dags/example_python_operator.py
[2024-04-24T21:15:01.039+0000] {processor.py:830} INFO - Processing file /home/airflow/.local/lib/python3.10/site-packages/airflow/example_dags/example_python_operator.py for tasks to queue
[2024-04-24T21:15:01.054+0000] {logging_mixin.py:188} INFO - [2024-04-24T21:15:01.053+0000] {dagbag.py:540} INFO - Filling up the DagBag from /home/airflow/.local/lib/python3.10/site-packages/airflow/example_dags/example_python_operator.py
[2024-04-24T21:15:01.083+0000] {processor.py:840} INFO - DAG(s) 'example_python_operator' retrieved from /home/airflow/.local/lib/python3.10/site-packages/airflow/example_dags/example_python_operator.py
[2024-04-24T21:15:01.247+0000] {logging_mixin.py:188} INFO - [2024-04-24T21:15:01.246+0000] {dag.py:3047} INFO - Sync 1 DAGs
[2024-04-24T21:15:05.361+0000] {logging_mixin.py:188} INFO - [2024-04-24T21:15:05.360+0000] {dag.py:3834} INFO - Setting next_dagrun for example_python_operator to None, run_after=None
[2024-04-24T21:15:05.506+0000] {processor.py:183} INFO - Processing /home/airflow/.local/lib/python3.10/site-packages/airflow/example_dags/example_python_operator.py took 4.489 seconds
[2024-04-24T21:15:36.188+0000] {processor.py:161} INFO - Started process (PID=184) to work on /home/airflow/.local/lib/python3.10/site-packages/airflow/example_dags/example_python_operator.py
[2024-04-24T21:15:36.344+0000] {processor.py:830} INFO - Processing file /home/airflow/.local/lib/python3.10/site-packages/airflow/example_dags/example_python_operator.py for tasks to queue
[2024-04-24T21:15:36.347+0000] {logging_mixin.py:188} INFO - [2024-04-24T21:15:36.346+0000] {dagbag.py:540} INFO - Filling up the DagBag from /home/airflow/.local/lib/python3.10/site-packages/airflow/example_dags/example_python_operator.py
[2024-04-24T21:15:36.364+0000] {processor.py:840} INFO - DAG(s) 'example_python_operator' retrieved from /home/airflow/.local/lib/python3.10/site-packages/airflow/example_dags/example_python_operator.py
[2024-04-24T21:15:36.507+0000] {logging_mixin.py:188} INFO - [2024-04-24T21:15:36.507+0000] {dag.py:3047} INFO - Sync 1 DAGs
[2024-04-24T21:15:36.520+0000] {logging_mixin.py:188} INFO - [2024-04-24T21:15:36.520+0000] {dag.py:3834} INFO - Setting next_dagrun for example_python_operator to None, run_after=None
[2024-04-24T21:15:36.859+0000] {processor.py:183} INFO - Processing /home/airflow/.local/lib/python3.10/site-packages/airflow/example_dags/example_python_operator.py took 0.674 seconds
[2024-04-24T21:16:07.147+0000] {processor.py:161} INFO - Started process (PID=240) to work on /home/airflow/.local/lib/python3.10/site-packages/airflow/example_dags/example_python_operator.py
[2024-04-24T21:16:07.149+0000] {processor.py:830} INFO - Processing file /home/airflow/.local/lib/python3.10/site-packages/airflow/example_dags/example_python_operator.py for tasks to queue
[2024-04-24T21:16:07.153+0000] {logging_mixin.py:188} INFO - [2024-04-24T21:16:07.153+0000] {dagbag.py:540} INFO - Filling up the DagBag from /home/airflow/.local/lib/python3.10/site-packages/airflow/example_dags/example_python_operator.py
[2024-04-24T21:16:07.168+0000] {processor.py:840} INFO - DAG(s) 'example_python_operator' retrieved from /home/airflow/.local/lib/python3.10/site-packages/airflow/example_dags/example_python_operator.py
[2024-04-24T21:16:07.199+0000] {logging_mixin.py:188} INFO - [2024-04-24T21:16:07.198+0000] {dag.py:3047} INFO - Sync 1 DAGs
[2024-04-24T21:16:07.214+0000] {logging_mixin.py:188} INFO - [2024-04-24T21:16:07.213+0000] {dag.py:3834} INFO - Setting next_dagrun for example_python_operator to None, run_after=None
[2024-04-24T21:16:07.239+0000] {processor.py:183} INFO - Processing /home/airflow/.local/lib/python3.10/site-packages/airflow/example_dags/example_python_operator.py took 0.096 seconds
[2024-04-24T21:16:37.733+0000] {processor.py:161} INFO - Started process (PID=295) to work on /home/airflow/.local/lib/python3.10/site-packages/airflow/example_dags/example_python_operator.py
[2024-04-24T21:16:37.747+0000] {processor.py:830} INFO - Processing file /home/airflow/.local/lib/python3.10/site-packages/airflow/example_dags/example_python_operator.py for tasks to queue
[2024-04-24T21:16:37.761+0000] {logging_mixin.py:188} INFO - [2024-04-24T21:16:37.751+0000] {dagbag.py:540} INFO - Filling up the DagBag from /home/airflow/.local/lib/python3.10/site-packages/airflow/example_dags/example_python_operator.py
[2024-04-24T21:16:37.830+0000] {processor.py:840} INFO - DAG(s) 'example_python_operator' retrieved from /home/airflow/.local/lib/python3.10/site-packages/airflow/example_dags/example_python_operator.py
[2024-04-24T21:16:37.943+0000] {logging_mixin.py:188} INFO - [2024-04-24T21:16:37.935+0000] {dag.py:3047} INFO - Sync 1 DAGs
[2024-04-24T21:16:38.006+0000] {logging_mixin.py:188} INFO - [2024-04-24T21:16:38.005+0000] {dag.py:3834} INFO - Setting next_dagrun for example_python_operator to None, run_after=None
[2024-04-24T21:16:38.083+0000] {processor.py:183} INFO - Processing /home/airflow/.local/lib/python3.10/site-packages/airflow/example_dags/example_python_operator.py took 0.357 seconds
[2024-04-24T21:17:08.869+0000] {processor.py:161} INFO - Started process (PID=350) to work on /home/airflow/.local/lib/python3.10/site-packages/airflow/example_dags/example_python_operator.py
[2024-04-24T21:17:08.870+0000] {processor.py:830} INFO - Processing file /home/airflow/.local/lib/python3.10/site-packages/airflow/example_dags/example_python_operator.py for tasks to queue
[2024-04-24T21:17:08.872+0000] {logging_mixin.py:188} INFO - [2024-04-24T21:17:08.872+0000] {dagbag.py:540} INFO - Filling up the DagBag from /home/airflow/.local/lib/python3.10/site-packages/airflow/example_dags/example_python_operator.py
[2024-04-24T21:17:08.882+0000] {processor.py:840} INFO - DAG(s) 'example_python_operator' retrieved from /home/airflow/.local/lib/python3.10/site-packages/airflow/example_dags/example_python_operator.py
[2024-04-24T21:17:08.907+0000] {logging_mixin.py:188} INFO - [2024-04-24T21:17:08.907+0000] {dag.py:3047} INFO - Sync 1 DAGs
[2024-04-24T21:17:08.920+0000] {logging_mixin.py:188} INFO - [2024-04-24T21:17:08.920+0000] {dag.py:3834} INFO - Setting next_dagrun for example_python_operator to None, run_after=None
[2024-04-24T21:17:08.942+0000] {processor.py:183} INFO - Processing /home/airflow/.local/lib/python3.10/site-packages/airflow/example_dags/example_python_operator.py took 0.077 seconds
[2024-04-24T21:17:39.569+0000] {processor.py:161} INFO - Started process (PID=406) to work on /home/airflow/.local/lib/python3.10/site-packages/airflow/example_dags/example_python_operator.py
[2024-04-24T21:17:39.570+0000] {processor.py:830} INFO - Processing file /home/airflow/.local/lib/python3.10/site-packages/airflow/example_dags/example_python_operator.py for tasks to queue
[2024-04-24T21:17:39.572+0000] {logging_mixin.py:188} INFO - [2024-04-24T21:17:39.571+0000] {dagbag.py:540} INFO - Filling up the DagBag from /home/airflow/.local/lib/python3.10/site-packages/airflow/example_dags/example_python_operator.py
[2024-04-24T21:17:39.584+0000] {processor.py:840} INFO - DAG(s) 'example_python_operator' retrieved from /home/airflow/.local/lib/python3.10/site-packages/airflow/example_dags/example_python_operator.py
[2024-04-24T21:17:39.606+0000] {logging_mixin.py:188} INFO - [2024-04-24T21:17:39.606+0000] {dag.py:3047} INFO - Sync 1 DAGs
[2024-04-24T21:17:39.621+0000] {logging_mixin.py:188} INFO - [2024-04-24T21:17:39.621+0000] {dag.py:3834} INFO - Setting next_dagrun for example_python_operator to None, run_after=None
[2024-04-24T21:17:39.646+0000] {processor.py:183} INFO - Processing /home/airflow/.local/lib/python3.10/site-packages/airflow/example_dags/example_python_operator.py took 0.082 seconds
[2024-04-24T21:18:09.950+0000] {processor.py:161} INFO - Started process (PID=461) to work on /home/airflow/.local/lib/python3.10/site-packages/airflow/example_dags/example_python_operator.py
[2024-04-24T21:18:09.951+0000] {processor.py:830} INFO - Processing file /home/airflow/.local/lib/python3.10/site-packages/airflow/example_dags/example_python_operator.py for tasks to queue
[2024-04-24T21:18:09.953+0000] {logging_mixin.py:188} INFO - [2024-04-24T21:18:09.953+0000] {dagbag.py:540} INFO - Filling up the DagBag from /home/airflow/.local/lib/python3.10/site-packages/airflow/example_dags/example_python_operator.py
[2024-04-24T21:18:09.963+0000] {processor.py:840} INFO - DAG(s) 'example_python_operator' retrieved from /home/airflow/.local/lib/python3.10/site-packages/airflow/example_dags/example_python_operator.py
[2024-04-24T21:18:09.985+0000] {logging_mixin.py:188} INFO - [2024-04-24T21:18:09.985+0000] {dag.py:3047} INFO - Sync 1 DAGs
[2024-04-24T21:18:09.997+0000] {logging_mixin.py:188} INFO - [2024-04-24T21:18:09.996+0000] {dag.py:3834} INFO - Setting next_dagrun for example_python_operator to None, run_after=None
[2024-04-24T21:18:10.018+0000] {processor.py:183} INFO - Processing /home/airflow/.local/lib/python3.10/site-packages/airflow/example_dags/example_python_operator.py took 0.072 seconds
[2024-04-24T21:18:40.516+0000] {processor.py:161} INFO - Started process (PID=516) to work on /home/airflow/.local/lib/python3.10/site-packages/airflow/example_dags/example_python_operator.py
[2024-04-24T21:18:40.518+0000] {processor.py:830} INFO - Processing file /home/airflow/.local/lib/python3.10/site-packages/airflow/example_dags/example_python_operator.py for tasks to queue
[2024-04-24T21:18:40.521+0000] {logging_mixin.py:188} INFO - [2024-04-24T21:18:40.520+0000] {dagbag.py:540} INFO - Filling up the DagBag from /home/airflow/.local/lib/python3.10/site-packages/airflow/example_dags/example_python_operator.py
[2024-04-24T21:18:40.535+0000] {processor.py:840} INFO - DAG(s) 'example_python_operator' retrieved from /home/airflow/.local/lib/python3.10/site-packages/airflow/example_dags/example_python_operator.py
[2024-04-24T21:18:40.566+0000] {logging_mixin.py:188} INFO - [2024-04-24T21:18:40.565+0000] {dag.py:3047} INFO - Sync 1 DAGs
[2024-04-24T21:18:40.582+0000] {logging_mixin.py:188} INFO - [2024-04-24T21:18:40.582+0000] {dag.py:3834} INFO - Setting next_dagrun for example_python_operator to None, run_after=None
[2024-04-24T21:18:40.614+0000] {processor.py:183} INFO - Processing /home/airflow/.local/lib/python3.10/site-packages/airflow/example_dags/example_python_operator.py took 0.102 seconds
[2024-04-24T21:19:11.313+0000] {processor.py:161} INFO - Started process (PID=572) to work on /home/airflow/.local/lib/python3.10/site-packages/airflow/example_dags/example_python_operator.py
[2024-04-24T21:19:11.315+0000] {processor.py:830} INFO - Processing file /home/airflow/.local/lib/python3.10/site-packages/airflow/example_dags/example_python_operator.py for tasks to queue
[2024-04-24T21:19:11.320+0000] {logging_mixin.py:188} INFO - [2024-04-24T21:19:11.319+0000] {dagbag.py:540} INFO - Filling up the DagBag from /home/airflow/.local/lib/python3.10/site-packages/airflow/example_dags/example_python_operator.py
[2024-04-24T21:19:11.340+0000] {processor.py:840} INFO - DAG(s) 'example_python_operator' retrieved from /home/airflow/.local/lib/python3.10/site-packages/airflow/example_dags/example_python_operator.py
[2024-04-24T21:19:11.372+0000] {logging_mixin.py:188} INFO - [2024-04-24T21:19:11.371+0000] {dag.py:3047} INFO - Sync 1 DAGs
[2024-04-24T21:19:11.392+0000] {logging_mixin.py:188} INFO - [2024-04-24T21:19:11.392+0000] {dag.py:3834} INFO - Setting next_dagrun for example_python_operator to None, run_after=None
[2024-04-24T21:19:11.419+0000] {processor.py:183} INFO - Processing /home/airflow/.local/lib/python3.10/site-packages/airflow/example_dags/example_python_operator.py took 0.111 seconds
[2024-04-24T21:19:41.567+0000] {processor.py:161} INFO - Started process (PID=628) to work on /home/airflow/.local/lib/python3.10/site-packages/airflow/example_dags/example_python_operator.py
[2024-04-24T21:19:41.569+0000] {processor.py:830} INFO - Processing file /home/airflow/.local/lib/python3.10/site-packages/airflow/example_dags/example_python_operator.py for tasks to queue
[2024-04-24T21:19:41.573+0000] {logging_mixin.py:188} INFO - [2024-04-24T21:19:41.573+0000] {dagbag.py:540} INFO - Filling up the DagBag from /home/airflow/.local/lib/python3.10/site-packages/airflow/example_dags/example_python_operator.py
[2024-04-24T21:19:41.586+0000] {processor.py:840} INFO - DAG(s) 'example_python_operator' retrieved from /home/airflow/.local/lib/python3.10/site-packages/airflow/example_dags/example_python_operator.py
[2024-04-24T21:19:41.611+0000] {logging_mixin.py:188} INFO - [2024-04-24T21:19:41.611+0000] {dag.py:3047} INFO - Sync 1 DAGs
[2024-04-24T21:19:41.624+0000] {logging_mixin.py:188} INFO - [2024-04-24T21:19:41.623+0000] {dag.py:3834} INFO - Setting next_dagrun for example_python_operator to None, run_after=None
[2024-04-24T21:19:41.649+0000] {processor.py:183} INFO - Processing /home/airflow/.local/lib/python3.10/site-packages/airflow/example_dags/example_python_operator.py took 0.088 seconds
[2024-04-24T21:20:12.218+0000] {processor.py:161} INFO - Started process (PID=684) to work on /home/airflow/.local/lib/python3.10/site-packages/airflow/example_dags/example_python_operator.py
[2024-04-24T21:20:12.219+0000] {processor.py:830} INFO - Processing file /home/airflow/.local/lib/python3.10/site-packages/airflow/example_dags/example_python_operator.py for tasks to queue
[2024-04-24T21:20:12.221+0000] {logging_mixin.py:188} INFO - [2024-04-24T21:20:12.221+0000] {dagbag.py:540} INFO - Filling up the DagBag from /home/airflow/.local/lib/python3.10/site-packages/airflow/example_dags/example_python_operator.py
[2024-04-24T21:20:12.232+0000] {processor.py:840} INFO - DAG(s) 'example_python_operator' retrieved from /home/airflow/.local/lib/python3.10/site-packages/airflow/example_dags/example_python_operator.py
[2024-04-24T21:20:12.254+0000] {logging_mixin.py:188} INFO - [2024-04-24T21:20:12.254+0000] {dag.py:3047} INFO - Sync 1 DAGs
[2024-04-24T21:20:12.265+0000] {logging_mixin.py:188} INFO - [2024-04-24T21:20:12.265+0000] {dag.py:3834} INFO - Setting next_dagrun for example_python_operator to None, run_after=None
[2024-04-24T21:20:12.285+0000] {processor.py:183} INFO - Processing /home/airflow/.local/lib/python3.10/site-packages/airflow/example_dags/example_python_operator.py took 0.072 seconds
[2024-04-24T21:20:42.690+0000] {processor.py:161} INFO - Started process (PID=740) to work on /home/airflow/.local/lib/python3.10/site-packages/airflow/example_dags/example_python_operator.py
[2024-04-24T21:20:42.691+0000] {processor.py:830} INFO - Processing file /home/airflow/.local/lib/python3.10/site-packages/airflow/example_dags/example_python_operator.py for tasks to queue
[2024-04-24T21:20:42.693+0000] {logging_mixin.py:188} INFO - [2024-04-24T21:20:42.693+0000] {dagbag.py:540} INFO - Filling up the DagBag from /home/airflow/.local/lib/python3.10/site-packages/airflow/example_dags/example_python_operator.py
[2024-04-24T21:20:42.705+0000] {processor.py:840} INFO - DAG(s) 'example_python_operator' retrieved from /home/airflow/.local/lib/python3.10/site-packages/airflow/example_dags/example_python_operator.py
[2024-04-24T21:20:42.727+0000] {logging_mixin.py:188} INFO - [2024-04-24T21:20:42.726+0000] {dag.py:3047} INFO - Sync 1 DAGs
[2024-04-24T21:20:42.738+0000] {logging_mixin.py:188} INFO - [2024-04-24T21:20:42.738+0000] {dag.py:3834} INFO - Setting next_dagrun for example_python_operator to None, run_after=None
[2024-04-24T21:20:42.759+0000] {processor.py:183} INFO - Processing /home/airflow/.local/lib/python3.10/site-packages/airflow/example_dags/example_python_operator.py took 0.072 seconds
[2024-04-24T21:21:13.484+0000] {processor.py:161} INFO - Started process (PID=796) to work on /home/airflow/.local/lib/python3.10/site-packages/airflow/example_dags/example_python_operator.py
[2024-04-24T21:21:13.486+0000] {processor.py:830} INFO - Processing file /home/airflow/.local/lib/python3.10/site-packages/airflow/example_dags/example_python_operator.py for tasks to queue
[2024-04-24T21:21:13.487+0000] {logging_mixin.py:188} INFO - [2024-04-24T21:21:13.487+0000] {dagbag.py:540} INFO - Filling up the DagBag from /home/airflow/.local/lib/python3.10/site-packages/airflow/example_dags/example_python_operator.py
[2024-04-24T21:21:13.498+0000] {processor.py:840} INFO - DAG(s) 'example_python_operator' retrieved from /home/airflow/.local/lib/python3.10/site-packages/airflow/example_dags/example_python_operator.py
[2024-04-24T21:21:13.520+0000] {logging_mixin.py:188} INFO - [2024-04-24T21:21:13.520+0000] {dag.py:3047} INFO - Sync 1 DAGs
[2024-04-24T21:21:13.532+0000] {logging_mixin.py:188} INFO - [2024-04-24T21:21:13.531+0000] {dag.py:3834} INFO - Setting next_dagrun for example_python_operator to None, run_after=None
[2024-04-24T21:21:13.551+0000] {processor.py:183} INFO - Processing /home/airflow/.local/lib/python3.10/site-packages/airflow/example_dags/example_python_operator.py took 0.070 seconds
[2024-04-24T21:21:43.619+0000] {processor.py:161} INFO - Started process (PID=851) to work on /home/airflow/.local/lib/python3.10/site-packages/airflow/example_dags/example_python_operator.py
[2024-04-24T21:21:43.620+0000] {processor.py:830} INFO - Processing file /home/airflow/.local/lib/python3.10/site-packages/airflow/example_dags/example_python_operator.py for tasks to queue
[2024-04-24T21:21:43.622+0000] {logging_mixin.py:188} INFO - [2024-04-24T21:21:43.622+0000] {dagbag.py:540} INFO - Filling up the DagBag from /home/airflow/.local/lib/python3.10/site-packages/airflow/example_dags/example_python_operator.py
[2024-04-24T21:21:43.633+0000] {processor.py:840} INFO - DAG(s) 'example_python_operator' retrieved from /home/airflow/.local/lib/python3.10/site-packages/airflow/example_dags/example_python_operator.py
[2024-04-24T21:21:43.658+0000] {logging_mixin.py:188} INFO - [2024-04-24T21:21:43.657+0000] {dag.py:3047} INFO - Sync 1 DAGs
[2024-04-24T21:21:43.669+0000] {logging_mixin.py:188} INFO - [2024-04-24T21:21:43.669+0000] {dag.py:3834} INFO - Setting next_dagrun for example_python_operator to None, run_after=None
[2024-04-24T21:21:43.689+0000] {processor.py:183} INFO - Processing /home/airflow/.local/lib/python3.10/site-packages/airflow/example_dags/example_python_operator.py took 0.074 seconds
[2024-04-24T21:22:13.876+0000] {processor.py:161} INFO - Started process (PID=907) to work on /home/airflow/.local/lib/python3.10/site-packages/airflow/example_dags/example_python_operator.py
[2024-04-24T21:22:13.877+0000] {processor.py:830} INFO - Processing file /home/airflow/.local/lib/python3.10/site-packages/airflow/example_dags/example_python_operator.py for tasks to queue
[2024-04-24T21:22:13.879+0000] {logging_mixin.py:188} INFO - [2024-04-24T21:22:13.879+0000] {dagbag.py:540} INFO - Filling up the DagBag from /home/airflow/.local/lib/python3.10/site-packages/airflow/example_dags/example_python_operator.py
[2024-04-24T21:22:13.890+0000] {processor.py:840} INFO - DAG(s) 'example_python_operator' retrieved from /home/airflow/.local/lib/python3.10/site-packages/airflow/example_dags/example_python_operator.py
[2024-04-24T21:22:13.911+0000] {logging_mixin.py:188} INFO - [2024-04-24T21:22:13.911+0000] {dag.py:3047} INFO - Sync 1 DAGs
[2024-04-24T21:22:13.923+0000] {logging_mixin.py:188} INFO - [2024-04-24T21:22:13.923+0000] {dag.py:3834} INFO - Setting next_dagrun for example_python_operator to None, run_after=None
[2024-04-24T21:22:13.942+0000] {processor.py:183} INFO - Processing /home/airflow/.local/lib/python3.10/site-packages/airflow/example_dags/example_python_operator.py took 0.070 seconds
[2024-04-24T21:22:44.071+0000] {processor.py:161} INFO - Started process (PID=963) to work on /home/airflow/.local/lib/python3.10/site-packages/airflow/example_dags/example_python_operator.py
[2024-04-24T21:22:44.073+0000] {processor.py:830} INFO - Processing file /home/airflow/.local/lib/python3.10/site-packages/airflow/example_dags/example_python_operator.py for tasks to queue
[2024-04-24T21:22:44.076+0000] {logging_mixin.py:188} INFO - [2024-04-24T21:22:44.076+0000] {dagbag.py:540} INFO - Filling up the DagBag from /home/airflow/.local/lib/python3.10/site-packages/airflow/example_dags/example_python_operator.py
[2024-04-24T21:22:44.090+0000] {processor.py:840} INFO - DAG(s) 'example_python_operator' retrieved from /home/airflow/.local/lib/python3.10/site-packages/airflow/example_dags/example_python_operator.py
[2024-04-24T21:22:44.120+0000] {logging_mixin.py:188} INFO - [2024-04-24T21:22:44.120+0000] {dag.py:3047} INFO - Sync 1 DAGs
[2024-04-24T21:22:44.135+0000] {logging_mixin.py:188} INFO - [2024-04-24T21:22:44.135+0000] {dag.py:3834} INFO - Setting next_dagrun for example_python_operator to None, run_after=None
[2024-04-24T21:22:44.171+0000] {processor.py:183} INFO - Processing /home/airflow/.local/lib/python3.10/site-packages/airflow/example_dags/example_python_operator.py took 0.103 seconds
[2024-04-24T21:23:14.402+0000] {processor.py:161} INFO - Started process (PID=1018) to work on /home/airflow/.local/lib/python3.10/site-packages/airflow/example_dags/example_python_operator.py
[2024-04-24T21:23:14.403+0000] {processor.py:830} INFO - Processing file /home/airflow/.local/lib/python3.10/site-packages/airflow/example_dags/example_python_operator.py for tasks to queue
[2024-04-24T21:23:14.405+0000] {logging_mixin.py:188} INFO - [2024-04-24T21:23:14.405+0000] {dagbag.py:540} INFO - Filling up the DagBag from /home/airflow/.local/lib/python3.10/site-packages/airflow/example_dags/example_python_operator.py
[2024-04-24T21:23:14.419+0000] {processor.py:840} INFO - DAG(s) 'example_python_operator' retrieved from /home/airflow/.local/lib/python3.10/site-packages/airflow/example_dags/example_python_operator.py
[2024-04-24T21:23:14.449+0000] {logging_mixin.py:188} INFO - [2024-04-24T21:23:14.449+0000] {dag.py:3047} INFO - Sync 1 DAGs
[2024-04-24T21:23:14.461+0000] {logging_mixin.py:188} INFO - [2024-04-24T21:23:14.461+0000] {dag.py:3834} INFO - Setting next_dagrun for example_python_operator to None, run_after=None
[2024-04-24T21:23:14.481+0000] {processor.py:183} INFO - Processing /home/airflow/.local/lib/python3.10/site-packages/airflow/example_dags/example_python_operator.py took 0.082 seconds
[2024-04-24T21:23:44.796+0000] {processor.py:161} INFO - Started process (PID=1073) to work on /home/airflow/.local/lib/python3.10/site-packages/airflow/example_dags/example_python_operator.py
[2024-04-24T21:23:44.797+0000] {processor.py:830} INFO - Processing file /home/airflow/.local/lib/python3.10/site-packages/airflow/example_dags/example_python_operator.py for tasks to queue
[2024-04-24T21:23:44.799+0000] {logging_mixin.py:188} INFO - [2024-04-24T21:23:44.799+0000] {dagbag.py:540} INFO - Filling up the DagBag from /home/airflow/.local/lib/python3.10/site-packages/airflow/example_dags/example_python_operator.py
[2024-04-24T21:23:44.809+0000] {processor.py:840} INFO - DAG(s) 'example_python_operator' retrieved from /home/airflow/.local/lib/python3.10/site-packages/airflow/example_dags/example_python_operator.py
[2024-04-24T21:23:44.831+0000] {logging_mixin.py:188} INFO - [2024-04-24T21:23:44.831+0000] {dag.py:3047} INFO - Sync 1 DAGs
[2024-04-24T21:23:44.842+0000] {logging_mixin.py:188} INFO - [2024-04-24T21:23:44.842+0000] {dag.py:3834} INFO - Setting next_dagrun for example_python_operator to None, run_after=None
[2024-04-24T21:23:44.863+0000] {processor.py:183} INFO - Processing /home/airflow/.local/lib/python3.10/site-packages/airflow/example_dags/example_python_operator.py took 0.070 seconds
[2024-04-24T21:24:15.282+0000] {processor.py:161} INFO - Started process (PID=1128) to work on /home/airflow/.local/lib/python3.10/site-packages/airflow/example_dags/example_python_operator.py
[2024-04-24T21:24:15.283+0000] {processor.py:830} INFO - Processing file /home/airflow/.local/lib/python3.10/site-packages/airflow/example_dags/example_python_operator.py for tasks to queue
[2024-04-24T21:24:15.286+0000] {logging_mixin.py:188} INFO - [2024-04-24T21:24:15.285+0000] {dagbag.py:540} INFO - Filling up the DagBag from /home/airflow/.local/lib/python3.10/site-packages/airflow/example_dags/example_python_operator.py
[2024-04-24T21:24:15.296+0000] {processor.py:840} INFO - DAG(s) 'example_python_operator' retrieved from /home/airflow/.local/lib/python3.10/site-packages/airflow/example_dags/example_python_operator.py
[2024-04-24T21:24:15.318+0000] {logging_mixin.py:188} INFO - [2024-04-24T21:24:15.317+0000] {dag.py:3047} INFO - Sync 1 DAGs
[2024-04-24T21:24:15.329+0000] {logging_mixin.py:188} INFO - [2024-04-24T21:24:15.328+0000] {dag.py:3834} INFO - Setting next_dagrun for example_python_operator to None, run_after=None
[2024-04-24T21:24:15.350+0000] {processor.py:183} INFO - Processing /home/airflow/.local/lib/python3.10/site-packages/airflow/example_dags/example_python_operator.py took 0.072 seconds
[2024-04-24T21:24:46.172+0000] {processor.py:161} INFO - Started process (PID=1182) to work on /home/airflow/.local/lib/python3.10/site-packages/airflow/example_dags/example_python_operator.py
[2024-04-24T21:24:46.173+0000] {processor.py:830} INFO - Processing file /home/airflow/.local/lib/python3.10/site-packages/airflow/example_dags/example_python_operator.py for tasks to queue
[2024-04-24T21:24:46.175+0000] {logging_mixin.py:188} INFO - [2024-04-24T21:24:46.175+0000] {dagbag.py:540} INFO - Filling up the DagBag from /home/airflow/.local/lib/python3.10/site-packages/airflow/example_dags/example_python_operator.py
[2024-04-24T21:24:46.185+0000] {processor.py:840} INFO - DAG(s) 'example_python_operator' retrieved from /home/airflow/.local/lib/python3.10/site-packages/airflow/example_dags/example_python_operator.py
[2024-04-24T21:24:46.207+0000] {logging_mixin.py:188} INFO - [2024-04-24T21:24:46.207+0000] {dag.py:3047} INFO - Sync 1 DAGs
[2024-04-24T21:24:46.218+0000] {logging_mixin.py:188} INFO - [2024-04-24T21:24:46.218+0000] {dag.py:3834} INFO - Setting next_dagrun for example_python_operator to None, run_after=None
[2024-04-24T21:24:46.241+0000] {processor.py:183} INFO - Processing /home/airflow/.local/lib/python3.10/site-packages/airflow/example_dags/example_python_operator.py took 0.072 seconds
[2024-04-24T21:25:16.562+0000] {processor.py:161} INFO - Started process (PID=1237) to work on /home/airflow/.local/lib/python3.10/site-packages/airflow/example_dags/example_python_operator.py
[2024-04-24T21:25:16.563+0000] {processor.py:830} INFO - Processing file /home/airflow/.local/lib/python3.10/site-packages/airflow/example_dags/example_python_operator.py for tasks to queue
[2024-04-24T21:25:16.565+0000] {logging_mixin.py:188} INFO - [2024-04-24T21:25:16.564+0000] {dagbag.py:540} INFO - Filling up the DagBag from /home/airflow/.local/lib/python3.10/site-packages/airflow/example_dags/example_python_operator.py
[2024-04-24T21:25:16.575+0000] {processor.py:840} INFO - DAG(s) 'example_python_operator' retrieved from /home/airflow/.local/lib/python3.10/site-packages/airflow/example_dags/example_python_operator.py
[2024-04-24T21:25:16.599+0000] {logging_mixin.py:188} INFO - [2024-04-24T21:25:16.599+0000] {dag.py:3047} INFO - Sync 1 DAGs
[2024-04-24T21:25:16.615+0000] {logging_mixin.py:188} INFO - [2024-04-24T21:25:16.615+0000] {dag.py:3834} INFO - Setting next_dagrun for example_python_operator to None, run_after=None
[2024-04-24T21:25:16.636+0000] {processor.py:183} INFO - Processing /home/airflow/.local/lib/python3.10/site-packages/airflow/example_dags/example_python_operator.py took 0.078 seconds
[2024-04-24T21:25:47.033+0000] {processor.py:161} INFO - Started process (PID=1293) to work on /home/airflow/.local/lib/python3.10/site-packages/airflow/example_dags/example_python_operator.py
[2024-04-24T21:25:47.034+0000] {processor.py:830} INFO - Processing file /home/airflow/.local/lib/python3.10/site-packages/airflow/example_dags/example_python_operator.py for tasks to queue
[2024-04-24T21:25:47.036+0000] {logging_mixin.py:188} INFO - [2024-04-24T21:25:47.036+0000] {dagbag.py:540} INFO - Filling up the DagBag from /home/airflow/.local/lib/python3.10/site-packages/airflow/example_dags/example_python_operator.py
[2024-04-24T21:25:47.046+0000] {processor.py:840} INFO - DAG(s) 'example_python_operator' retrieved from /home/airflow/.local/lib/python3.10/site-packages/airflow/example_dags/example_python_operator.py
[2024-04-24T21:25:47.069+0000] {logging_mixin.py:188} INFO - [2024-04-24T21:25:47.069+0000] {dag.py:3047} INFO - Sync 1 DAGs
[2024-04-24T21:25:47.081+0000] {logging_mixin.py:188} INFO - [2024-04-24T21:25:47.081+0000] {dag.py:3834} INFO - Setting next_dagrun for example_python_operator to None, run_after=None
[2024-04-24T21:25:47.102+0000] {processor.py:183} INFO - Processing /home/airflow/.local/lib/python3.10/site-packages/airflow/example_dags/example_python_operator.py took 0.072 seconds
[2024-04-24T21:26:17.463+0000] {processor.py:161} INFO - Started process (PID=1348) to work on /home/airflow/.local/lib/python3.10/site-packages/airflow/example_dags/example_python_operator.py
[2024-04-24T21:26:17.464+0000] {processor.py:830} INFO - Processing file /home/airflow/.local/lib/python3.10/site-packages/airflow/example_dags/example_python_operator.py for tasks to queue
[2024-04-24T21:26:17.467+0000] {logging_mixin.py:188} INFO - [2024-04-24T21:26:17.466+0000] {dagbag.py:540} INFO - Filling up the DagBag from /home/airflow/.local/lib/python3.10/site-packages/airflow/example_dags/example_python_operator.py
[2024-04-24T21:26:17.479+0000] {processor.py:840} INFO - DAG(s) 'example_python_operator' retrieved from /home/airflow/.local/lib/python3.10/site-packages/airflow/example_dags/example_python_operator.py
[2024-04-24T21:26:17.504+0000] {logging_mixin.py:188} INFO - [2024-04-24T21:26:17.503+0000] {dag.py:3047} INFO - Sync 1 DAGs
[2024-04-24T21:26:17.518+0000] {logging_mixin.py:188} INFO - [2024-04-24T21:26:17.518+0000] {dag.py:3834} INFO - Setting next_dagrun for example_python_operator to None, run_after=None
[2024-04-24T21:26:17.541+0000] {processor.py:183} INFO - Processing /home/airflow/.local/lib/python3.10/site-packages/airflow/example_dags/example_python_operator.py took 0.081 seconds
[2024-04-24T21:26:48.487+0000] {processor.py:161} INFO - Started process (PID=1403) to work on /home/airflow/.local/lib/python3.10/site-packages/airflow/example_dags/example_python_operator.py
[2024-04-24T21:26:48.488+0000] {processor.py:830} INFO - Processing file /home/airflow/.local/lib/python3.10/site-packages/airflow/example_dags/example_python_operator.py for tasks to queue
[2024-04-24T21:26:48.491+0000] {logging_mixin.py:188} INFO - [2024-04-24T21:26:48.490+0000] {dagbag.py:540} INFO - Filling up the DagBag from /home/airflow/.local/lib/python3.10/site-packages/airflow/example_dags/example_python_operator.py
[2024-04-24T21:26:48.504+0000] {processor.py:840} INFO - DAG(s) 'example_python_operator' retrieved from /home/airflow/.local/lib/python3.10/site-packages/airflow/example_dags/example_python_operator.py
[2024-04-24T21:26:48.526+0000] {logging_mixin.py:188} INFO - [2024-04-24T21:26:48.526+0000] {dag.py:3047} INFO - Sync 1 DAGs
[2024-04-24T21:26:48.538+0000] {logging_mixin.py:188} INFO - [2024-04-24T21:26:48.537+0000] {dag.py:3834} INFO - Setting next_dagrun for example_python_operator to None, run_after=None
[2024-04-24T21:26:48.558+0000] {processor.py:183} INFO - Processing /home/airflow/.local/lib/python3.10/site-packages/airflow/example_dags/example_python_operator.py took 0.076 seconds
[2024-04-24T21:27:19.216+0000] {processor.py:161} INFO - Started process (PID=1458) to work on /home/airflow/.local/lib/python3.10/site-packages/airflow/example_dags/example_python_operator.py
[2024-04-24T21:27:19.218+0000] {processor.py:830} INFO - Processing file /home/airflow/.local/lib/python3.10/site-packages/airflow/example_dags/example_python_operator.py for tasks to queue
[2024-04-24T21:27:19.220+0000] {logging_mixin.py:188} INFO - [2024-04-24T21:27:19.220+0000] {dagbag.py:540} INFO - Filling up the DagBag from /home/airflow/.local/lib/python3.10/site-packages/airflow/example_dags/example_python_operator.py
[2024-04-24T21:27:19.234+0000] {processor.py:840} INFO - DAG(s) 'example_python_operator' retrieved from /home/airflow/.local/lib/python3.10/site-packages/airflow/example_dags/example_python_operator.py
[2024-04-24T21:27:19.257+0000] {logging_mixin.py:188} INFO - [2024-04-24T21:27:19.256+0000] {dag.py:3047} INFO - Sync 1 DAGs
[2024-04-24T21:27:19.268+0000] {logging_mixin.py:188} INFO - [2024-04-24T21:27:19.268+0000] {dag.py:3834} INFO - Setting next_dagrun for example_python_operator to None, run_after=None
[2024-04-24T21:27:19.289+0000] {processor.py:183} INFO - Processing /home/airflow/.local/lib/python3.10/site-packages/airflow/example_dags/example_python_operator.py took 0.076 seconds
[2024-04-24T21:27:49.444+0000] {processor.py:161} INFO - Started process (PID=1514) to work on /home/airflow/.local/lib/python3.10/site-packages/airflow/example_dags/example_python_operator.py
[2024-04-24T21:27:49.445+0000] {processor.py:830} INFO - Processing file /home/airflow/.local/lib/python3.10/site-packages/airflow/example_dags/example_python_operator.py for tasks to queue
[2024-04-24T21:27:49.447+0000] {logging_mixin.py:188} INFO - [2024-04-24T21:27:49.447+0000] {dagbag.py:540} INFO - Filling up the DagBag from /home/airflow/.local/lib/python3.10/site-packages/airflow/example_dags/example_python_operator.py
[2024-04-24T21:27:49.459+0000] {processor.py:840} INFO - DAG(s) 'example_python_operator' retrieved from /home/airflow/.local/lib/python3.10/site-packages/airflow/example_dags/example_python_operator.py
[2024-04-24T21:27:49.485+0000] {logging_mixin.py:188} INFO - [2024-04-24T21:27:49.485+0000] {dag.py:3047} INFO - Sync 1 DAGs
[2024-04-24T21:27:49.729+0000] {logging_mixin.py:188} INFO - [2024-04-24T21:27:49.729+0000] {dag.py:3834} INFO - Setting next_dagrun for example_python_operator to None, run_after=None
[2024-04-24T21:27:49.788+0000] {processor.py:183} INFO - Processing /home/airflow/.local/lib/python3.10/site-packages/airflow/example_dags/example_python_operator.py took 0.348 seconds
[2024-04-24T21:28:19.908+0000] {processor.py:161} INFO - Started process (PID=1569) to work on /home/airflow/.local/lib/python3.10/site-packages/airflow/example_dags/example_python_operator.py
[2024-04-24T21:28:19.909+0000] {processor.py:830} INFO - Processing file /home/airflow/.local/lib/python3.10/site-packages/airflow/example_dags/example_python_operator.py for tasks to queue
[2024-04-24T21:28:19.911+0000] {logging_mixin.py:188} INFO - [2024-04-24T21:28:19.910+0000] {dagbag.py:540} INFO - Filling up the DagBag from /home/airflow/.local/lib/python3.10/site-packages/airflow/example_dags/example_python_operator.py
[2024-04-24T21:28:19.921+0000] {processor.py:840} INFO - DAG(s) 'example_python_operator' retrieved from /home/airflow/.local/lib/python3.10/site-packages/airflow/example_dags/example_python_operator.py
[2024-04-24T21:28:19.944+0000] {logging_mixin.py:188} INFO - [2024-04-24T21:28:19.944+0000] {dag.py:3047} INFO - Sync 1 DAGs
[2024-04-24T21:28:19.955+0000] {logging_mixin.py:188} INFO - [2024-04-24T21:28:19.955+0000] {dag.py:3834} INFO - Setting next_dagrun for example_python_operator to None, run_after=None
[2024-04-24T21:28:19.976+0000] {processor.py:183} INFO - Processing /home/airflow/.local/lib/python3.10/site-packages/airflow/example_dags/example_python_operator.py took 0.072 seconds
[2024-04-24T21:28:50.725+0000] {processor.py:161} INFO - Started process (PID=1624) to work on /home/airflow/.local/lib/python3.10/site-packages/airflow/example_dags/example_python_operator.py
[2024-04-24T21:28:50.726+0000] {processor.py:830} INFO - Processing file /home/airflow/.local/lib/python3.10/site-packages/airflow/example_dags/example_python_operator.py for tasks to queue
[2024-04-24T21:28:50.728+0000] {logging_mixin.py:188} INFO - [2024-04-24T21:28:50.727+0000] {dagbag.py:540} INFO - Filling up the DagBag from /home/airflow/.local/lib/python3.10/site-packages/airflow/example_dags/example_python_operator.py
[2024-04-24T21:28:50.738+0000] {processor.py:840} INFO - DAG(s) 'example_python_operator' retrieved from /home/airflow/.local/lib/python3.10/site-packages/airflow/example_dags/example_python_operator.py
[2024-04-24T21:28:50.760+0000] {logging_mixin.py:188} INFO - [2024-04-24T21:28:50.760+0000] {dag.py:3047} INFO - Sync 1 DAGs
[2024-04-24T21:28:50.771+0000] {logging_mixin.py:188} INFO - [2024-04-24T21:28:50.771+0000] {dag.py:3834} INFO - Setting next_dagrun for example_python_operator to None, run_after=None
[2024-04-24T21:28:50.791+0000] {processor.py:183} INFO - Processing /home/airflow/.local/lib/python3.10/site-packages/airflow/example_dags/example_python_operator.py took 0.070 seconds
[2024-04-24T21:29:21.642+0000] {processor.py:161} INFO - Started process (PID=1680) to work on /home/airflow/.local/lib/python3.10/site-packages/airflow/example_dags/example_python_operator.py
[2024-04-24T21:29:21.643+0000] {processor.py:830} INFO - Processing file /home/airflow/.local/lib/python3.10/site-packages/airflow/example_dags/example_python_operator.py for tasks to queue
[2024-04-24T21:29:21.645+0000] {logging_mixin.py:188} INFO - [2024-04-24T21:29:21.645+0000] {dagbag.py:540} INFO - Filling up the DagBag from /home/airflow/.local/lib/python3.10/site-packages/airflow/example_dags/example_python_operator.py
[2024-04-24T21:29:21.655+0000] {processor.py:840} INFO - DAG(s) 'example_python_operator' retrieved from /home/airflow/.local/lib/python3.10/site-packages/airflow/example_dags/example_python_operator.py
[2024-04-24T21:29:21.677+0000] {logging_mixin.py:188} INFO - [2024-04-24T21:29:21.677+0000] {dag.py:3047} INFO - Sync 1 DAGs
[2024-04-24T21:29:21.688+0000] {logging_mixin.py:188} INFO - [2024-04-24T21:29:21.688+0000] {dag.py:3834} INFO - Setting next_dagrun for example_python_operator to None, run_after=None
[2024-04-24T21:29:21.709+0000] {processor.py:183} INFO - Processing /home/airflow/.local/lib/python3.10/site-packages/airflow/example_dags/example_python_operator.py took 0.070 seconds
[2024-04-24T21:29:51.881+0000] {processor.py:161} INFO - Started process (PID=1735) to work on /home/airflow/.local/lib/python3.10/site-packages/airflow/example_dags/example_python_operator.py
[2024-04-24T21:29:51.882+0000] {processor.py:830} INFO - Processing file /home/airflow/.local/lib/python3.10/site-packages/airflow/example_dags/example_python_operator.py for tasks to queue
[2024-04-24T21:29:51.885+0000] {logging_mixin.py:188} INFO - [2024-04-24T21:29:51.884+0000] {dagbag.py:540} INFO - Filling up the DagBag from /home/airflow/.local/lib/python3.10/site-packages/airflow/example_dags/example_python_operator.py
[2024-04-24T21:29:51.899+0000] {processor.py:840} INFO - DAG(s) 'example_python_operator' retrieved from /home/airflow/.local/lib/python3.10/site-packages/airflow/example_dags/example_python_operator.py
[2024-04-24T21:29:52.050+0000] {logging_mixin.py:188} INFO - [2024-04-24T21:29:52.050+0000] {dag.py:3047} INFO - Sync 1 DAGs
[2024-04-24T21:29:52.061+0000] {logging_mixin.py:188} INFO - [2024-04-24T21:29:52.061+0000] {dag.py:3834} INFO - Setting next_dagrun for example_python_operator to None, run_after=None
[2024-04-24T21:29:52.082+0000] {processor.py:183} INFO - Processing /home/airflow/.local/lib/python3.10/site-packages/airflow/example_dags/example_python_operator.py took 0.204 seconds
[2024-04-24T21:30:22.506+0000] {processor.py:161} INFO - Started process (PID=1791) to work on /home/airflow/.local/lib/python3.10/site-packages/airflow/example_dags/example_python_operator.py
[2024-04-24T21:30:22.509+0000] {processor.py:830} INFO - Processing file /home/airflow/.local/lib/python3.10/site-packages/airflow/example_dags/example_python_operator.py for tasks to queue
[2024-04-24T21:30:22.534+0000] {logging_mixin.py:188} INFO - [2024-04-24T21:30:22.533+0000] {dagbag.py:540} INFO - Filling up the DagBag from /home/airflow/.local/lib/python3.10/site-packages/airflow/example_dags/example_python_operator.py
[2024-04-24T21:30:22.560+0000] {processor.py:840} INFO - DAG(s) 'example_python_operator' retrieved from /home/airflow/.local/lib/python3.10/site-packages/airflow/example_dags/example_python_operator.py
[2024-04-24T21:30:22.601+0000] {logging_mixin.py:188} INFO - [2024-04-24T21:30:22.601+0000] {dag.py:3047} INFO - Sync 1 DAGs
[2024-04-24T21:30:22.621+0000] {logging_mixin.py:188} INFO - [2024-04-24T21:30:22.621+0000] {dag.py:3834} INFO - Setting next_dagrun for example_python_operator to None, run_after=None
[2024-04-24T21:30:22.648+0000] {processor.py:183} INFO - Processing /home/airflow/.local/lib/python3.10/site-packages/airflow/example_dags/example_python_operator.py took 0.145 seconds
