[2024-04-24T21:14:32.419+0000] {processor.py:161} INFO - Started process (PID=82) to work on /home/airflow/.local/lib/python3.10/site-packages/airflow/example_dags/example_local_kubernetes_executor.py
[2024-04-24T21:14:32.421+0000] {processor.py:830} INFO - Processing file /home/airflow/.local/lib/python3.10/site-packages/airflow/example_dags/example_local_kubernetes_executor.py for tasks to queue
[2024-04-24T21:14:32.425+0000] {logging_mixin.py:188} INFO - [2024-04-24T21:14:32.424+0000] {dagbag.py:540} INFO - Filling up the DagBag from /home/airflow/.local/lib/python3.10/site-packages/airflow/example_dags/example_local_kubernetes_executor.py
[2024-04-24T21:14:32.469+0000] {processor.py:840} INFO - DAG(s) 'example_local_kubernetes_executor' retrieved from /home/airflow/.local/lib/python3.10/site-packages/airflow/example_dags/example_local_kubernetes_executor.py
[2024-04-24T21:14:33.060+0000] {logging_mixin.py:188} INFO - [2024-04-24T21:14:33.057+0000] {override.py:1769} INFO - Created Permission View: can edit on DAG:example_local_kubernetes_executor
[2024-04-24T21:14:33.089+0000] {logging_mixin.py:188} INFO - [2024-04-24T21:14:33.088+0000] {override.py:1769} INFO - Created Permission View: can read on DAG:example_local_kubernetes_executor
[2024-04-24T21:14:33.107+0000] {logging_mixin.py:188} INFO - [2024-04-24T21:14:33.106+0000] {override.py:1769} INFO - Created Permission View: can delete on DAG:example_local_kubernetes_executor
[2024-04-24T21:14:33.108+0000] {logging_mixin.py:188} INFO - [2024-04-24T21:14:33.108+0000] {dag.py:3047} INFO - Sync 1 DAGs
[2024-04-24T21:14:33.142+0000] {logging_mixin.py:188} INFO - [2024-04-24T21:14:33.141+0000] {dag.py:3069} INFO - Creating ORM DAG for example_local_kubernetes_executor
[2024-04-24T21:14:33.145+0000] {logging_mixin.py:188} INFO - [2024-04-24T21:14:33.144+0000] {dag.py:3834} INFO - Setting next_dagrun for example_local_kubernetes_executor to None, run_after=None
[2024-04-24T21:14:33.206+0000] {processor.py:183} INFO - Processing /home/airflow/.local/lib/python3.10/site-packages/airflow/example_dags/example_local_kubernetes_executor.py took 0.795 seconds
[2024-04-24T21:15:08.262+0000] {processor.py:161} INFO - Started process (PID=137) to work on /home/airflow/.local/lib/python3.10/site-packages/airflow/example_dags/example_local_kubernetes_executor.py
[2024-04-24T21:15:08.263+0000] {processor.py:830} INFO - Processing file /home/airflow/.local/lib/python3.10/site-packages/airflow/example_dags/example_local_kubernetes_executor.py for tasks to queue
[2024-04-24T21:15:08.267+0000] {logging_mixin.py:188} INFO - [2024-04-24T21:15:08.266+0000] {dagbag.py:540} INFO - Filling up the DagBag from /home/airflow/.local/lib/python3.10/site-packages/airflow/example_dags/example_local_kubernetes_executor.py
[2024-04-24T21:15:08.280+0000] {processor.py:840} INFO - DAG(s) 'example_local_kubernetes_executor' retrieved from /home/airflow/.local/lib/python3.10/site-packages/airflow/example_dags/example_local_kubernetes_executor.py
[2024-04-24T21:15:08.437+0000] {logging_mixin.py:188} INFO - [2024-04-24T21:15:08.436+0000] {dag.py:3047} INFO - Sync 1 DAGs
[2024-04-24T21:15:08.499+0000] {logging_mixin.py:188} INFO - [2024-04-24T21:15:08.499+0000] {dag.py:3834} INFO - Setting next_dagrun for example_local_kubernetes_executor to None, run_after=None
[2024-04-24T21:15:08.555+0000] {processor.py:183} INFO - Processing /home/airflow/.local/lib/python3.10/site-packages/airflow/example_dags/example_local_kubernetes_executor.py took 0.298 seconds
[2024-04-24T21:15:38.945+0000] {processor.py:161} INFO - Started process (PID=193) to work on /home/airflow/.local/lib/python3.10/site-packages/airflow/example_dags/example_local_kubernetes_executor.py
[2024-04-24T21:15:38.947+0000] {processor.py:830} INFO - Processing file /home/airflow/.local/lib/python3.10/site-packages/airflow/example_dags/example_local_kubernetes_executor.py for tasks to queue
[2024-04-24T21:15:38.951+0000] {logging_mixin.py:188} INFO - [2024-04-24T21:15:38.951+0000] {dagbag.py:540} INFO - Filling up the DagBag from /home/airflow/.local/lib/python3.10/site-packages/airflow/example_dags/example_local_kubernetes_executor.py
[2024-04-24T21:15:38.969+0000] {processor.py:840} INFO - DAG(s) 'example_local_kubernetes_executor' retrieved from /home/airflow/.local/lib/python3.10/site-packages/airflow/example_dags/example_local_kubernetes_executor.py
[2024-04-24T21:15:39.033+0000] {logging_mixin.py:188} INFO - [2024-04-24T21:15:39.033+0000] {dag.py:3047} INFO - Sync 1 DAGs
[2024-04-24T21:15:39.056+0000] {logging_mixin.py:188} INFO - [2024-04-24T21:15:39.055+0000] {dag.py:3834} INFO - Setting next_dagrun for example_local_kubernetes_executor to None, run_after=None
[2024-04-24T21:15:39.097+0000] {processor.py:183} INFO - Processing /home/airflow/.local/lib/python3.10/site-packages/airflow/example_dags/example_local_kubernetes_executor.py took 0.159 seconds
[2024-04-24T21:16:09.987+0000] {processor.py:161} INFO - Started process (PID=249) to work on /home/airflow/.local/lib/python3.10/site-packages/airflow/example_dags/example_local_kubernetes_executor.py
[2024-04-24T21:16:09.988+0000] {processor.py:830} INFO - Processing file /home/airflow/.local/lib/python3.10/site-packages/airflow/example_dags/example_local_kubernetes_executor.py for tasks to queue
[2024-04-24T21:16:09.990+0000] {logging_mixin.py:188} INFO - [2024-04-24T21:16:09.990+0000] {dagbag.py:540} INFO - Filling up the DagBag from /home/airflow/.local/lib/python3.10/site-packages/airflow/example_dags/example_local_kubernetes_executor.py
[2024-04-24T21:16:09.998+0000] {processor.py:840} INFO - DAG(s) 'example_local_kubernetes_executor' retrieved from /home/airflow/.local/lib/python3.10/site-packages/airflow/example_dags/example_local_kubernetes_executor.py
[2024-04-24T21:16:10.035+0000] {logging_mixin.py:188} INFO - [2024-04-24T21:16:10.035+0000] {dag.py:3047} INFO - Sync 1 DAGs
[2024-04-24T21:16:10.050+0000] {logging_mixin.py:188} INFO - [2024-04-24T21:16:10.049+0000] {dag.py:3834} INFO - Setting next_dagrun for example_local_kubernetes_executor to None, run_after=None
[2024-04-24T21:16:10.072+0000] {processor.py:183} INFO - Processing /home/airflow/.local/lib/python3.10/site-packages/airflow/example_dags/example_local_kubernetes_executor.py took 0.088 seconds
[2024-04-24T21:16:41.797+0000] {processor.py:161} INFO - Started process (PID=304) to work on /home/airflow/.local/lib/python3.10/site-packages/airflow/example_dags/example_local_kubernetes_executor.py
[2024-04-24T21:16:41.804+0000] {processor.py:830} INFO - Processing file /home/airflow/.local/lib/python3.10/site-packages/airflow/example_dags/example_local_kubernetes_executor.py for tasks to queue
[2024-04-24T21:16:41.810+0000] {logging_mixin.py:188} INFO - [2024-04-24T21:16:41.809+0000] {dagbag.py:540} INFO - Filling up the DagBag from /home/airflow/.local/lib/python3.10/site-packages/airflow/example_dags/example_local_kubernetes_executor.py
[2024-04-24T21:16:41.843+0000] {processor.py:840} INFO - DAG(s) 'example_local_kubernetes_executor' retrieved from /home/airflow/.local/lib/python3.10/site-packages/airflow/example_dags/example_local_kubernetes_executor.py
[2024-04-24T21:16:41.968+0000] {logging_mixin.py:188} INFO - [2024-04-24T21:16:41.968+0000] {dag.py:3047} INFO - Sync 1 DAGs
[2024-04-24T21:16:41.990+0000] {logging_mixin.py:188} INFO - [2024-04-24T21:16:41.990+0000] {dag.py:3834} INFO - Setting next_dagrun for example_local_kubernetes_executor to None, run_after=None
[2024-04-24T21:16:42.024+0000] {processor.py:183} INFO - Processing /home/airflow/.local/lib/python3.10/site-packages/airflow/example_dags/example_local_kubernetes_executor.py took 0.234 seconds
[2024-04-24T21:17:12.418+0000] {processor.py:161} INFO - Started process (PID=359) to work on /home/airflow/.local/lib/python3.10/site-packages/airflow/example_dags/example_local_kubernetes_executor.py
[2024-04-24T21:17:12.420+0000] {processor.py:830} INFO - Processing file /home/airflow/.local/lib/python3.10/site-packages/airflow/example_dags/example_local_kubernetes_executor.py for tasks to queue
[2024-04-24T21:17:12.423+0000] {logging_mixin.py:188} INFO - [2024-04-24T21:17:12.422+0000] {dagbag.py:540} INFO - Filling up the DagBag from /home/airflow/.local/lib/python3.10/site-packages/airflow/example_dags/example_local_kubernetes_executor.py
[2024-04-24T21:17:12.432+0000] {processor.py:840} INFO - DAG(s) 'example_local_kubernetes_executor' retrieved from /home/airflow/.local/lib/python3.10/site-packages/airflow/example_dags/example_local_kubernetes_executor.py
[2024-04-24T21:17:12.474+0000] {logging_mixin.py:188} INFO - [2024-04-24T21:17:12.474+0000] {dag.py:3047} INFO - Sync 1 DAGs
[2024-04-24T21:17:12.488+0000] {logging_mixin.py:188} INFO - [2024-04-24T21:17:12.488+0000] {dag.py:3834} INFO - Setting next_dagrun for example_local_kubernetes_executor to None, run_after=None
[2024-04-24T21:17:12.508+0000] {processor.py:183} INFO - Processing /home/airflow/.local/lib/python3.10/site-packages/airflow/example_dags/example_local_kubernetes_executor.py took 0.095 seconds
[2024-04-24T21:17:43.097+0000] {processor.py:161} INFO - Started process (PID=415) to work on /home/airflow/.local/lib/python3.10/site-packages/airflow/example_dags/example_local_kubernetes_executor.py
[2024-04-24T21:17:43.098+0000] {processor.py:830} INFO - Processing file /home/airflow/.local/lib/python3.10/site-packages/airflow/example_dags/example_local_kubernetes_executor.py for tasks to queue
[2024-04-24T21:17:43.101+0000] {logging_mixin.py:188} INFO - [2024-04-24T21:17:43.101+0000] {dagbag.py:540} INFO - Filling up the DagBag from /home/airflow/.local/lib/python3.10/site-packages/airflow/example_dags/example_local_kubernetes_executor.py
[2024-04-24T21:17:43.110+0000] {processor.py:840} INFO - DAG(s) 'example_local_kubernetes_executor' retrieved from /home/airflow/.local/lib/python3.10/site-packages/airflow/example_dags/example_local_kubernetes_executor.py
[2024-04-24T21:17:43.172+0000] {logging_mixin.py:188} INFO - [2024-04-24T21:17:43.172+0000] {dag.py:3047} INFO - Sync 1 DAGs
[2024-04-24T21:17:43.189+0000] {logging_mixin.py:188} INFO - [2024-04-24T21:17:43.189+0000] {dag.py:3834} INFO - Setting next_dagrun for example_local_kubernetes_executor to None, run_after=None
[2024-04-24T21:17:43.213+0000] {processor.py:183} INFO - Processing /home/airflow/.local/lib/python3.10/site-packages/airflow/example_dags/example_local_kubernetes_executor.py took 0.120 seconds
[2024-04-24T21:18:13.468+0000] {processor.py:161} INFO - Started process (PID=470) to work on /home/airflow/.local/lib/python3.10/site-packages/airflow/example_dags/example_local_kubernetes_executor.py
[2024-04-24T21:18:13.470+0000] {processor.py:830} INFO - Processing file /home/airflow/.local/lib/python3.10/site-packages/airflow/example_dags/example_local_kubernetes_executor.py for tasks to queue
[2024-04-24T21:18:13.473+0000] {logging_mixin.py:188} INFO - [2024-04-24T21:18:13.473+0000] {dagbag.py:540} INFO - Filling up the DagBag from /home/airflow/.local/lib/python3.10/site-packages/airflow/example_dags/example_local_kubernetes_executor.py
[2024-04-24T21:18:13.481+0000] {processor.py:840} INFO - DAG(s) 'example_local_kubernetes_executor' retrieved from /home/airflow/.local/lib/python3.10/site-packages/airflow/example_dags/example_local_kubernetes_executor.py
[2024-04-24T21:18:13.517+0000] {logging_mixin.py:188} INFO - [2024-04-24T21:18:13.517+0000] {dag.py:3047} INFO - Sync 1 DAGs
[2024-04-24T21:18:13.530+0000] {logging_mixin.py:188} INFO - [2024-04-24T21:18:13.530+0000] {dag.py:3834} INFO - Setting next_dagrun for example_local_kubernetes_executor to None, run_after=None
[2024-04-24T21:18:13.551+0000] {processor.py:183} INFO - Processing /home/airflow/.local/lib/python3.10/site-packages/airflow/example_dags/example_local_kubernetes_executor.py took 0.088 seconds
[2024-04-24T21:18:44.323+0000] {processor.py:161} INFO - Started process (PID=525) to work on /home/airflow/.local/lib/python3.10/site-packages/airflow/example_dags/example_local_kubernetes_executor.py
[2024-04-24T21:18:44.324+0000] {processor.py:830} INFO - Processing file /home/airflow/.local/lib/python3.10/site-packages/airflow/example_dags/example_local_kubernetes_executor.py for tasks to queue
[2024-04-24T21:18:44.327+0000] {logging_mixin.py:188} INFO - [2024-04-24T21:18:44.327+0000] {dagbag.py:540} INFO - Filling up the DagBag from /home/airflow/.local/lib/python3.10/site-packages/airflow/example_dags/example_local_kubernetes_executor.py
[2024-04-24T21:18:44.337+0000] {processor.py:840} INFO - DAG(s) 'example_local_kubernetes_executor' retrieved from /home/airflow/.local/lib/python3.10/site-packages/airflow/example_dags/example_local_kubernetes_executor.py
[2024-04-24T21:18:44.381+0000] {logging_mixin.py:188} INFO - [2024-04-24T21:18:44.381+0000] {dag.py:3047} INFO - Sync 1 DAGs
[2024-04-24T21:18:44.409+0000] {logging_mixin.py:188} INFO - [2024-04-24T21:18:44.408+0000] {dag.py:3834} INFO - Setting next_dagrun for example_local_kubernetes_executor to None, run_after=None
[2024-04-24T21:18:44.447+0000] {processor.py:183} INFO - Processing /home/airflow/.local/lib/python3.10/site-packages/airflow/example_dags/example_local_kubernetes_executor.py took 0.128 seconds
[2024-04-24T21:19:14.855+0000] {processor.py:161} INFO - Started process (PID=581) to work on /home/airflow/.local/lib/python3.10/site-packages/airflow/example_dags/example_local_kubernetes_executor.py
[2024-04-24T21:19:14.858+0000] {processor.py:830} INFO - Processing file /home/airflow/.local/lib/python3.10/site-packages/airflow/example_dags/example_local_kubernetes_executor.py for tasks to queue
[2024-04-24T21:19:14.861+0000] {logging_mixin.py:188} INFO - [2024-04-24T21:19:14.860+0000] {dagbag.py:540} INFO - Filling up the DagBag from /home/airflow/.local/lib/python3.10/site-packages/airflow/example_dags/example_local_kubernetes_executor.py
[2024-04-24T21:19:14.872+0000] {processor.py:840} INFO - DAG(s) 'example_local_kubernetes_executor' retrieved from /home/airflow/.local/lib/python3.10/site-packages/airflow/example_dags/example_local_kubernetes_executor.py
[2024-04-24T21:19:14.909+0000] {logging_mixin.py:188} INFO - [2024-04-24T21:19:14.909+0000] {dag.py:3047} INFO - Sync 1 DAGs
[2024-04-24T21:19:14.927+0000] {logging_mixin.py:188} INFO - [2024-04-24T21:19:14.926+0000] {dag.py:3834} INFO - Setting next_dagrun for example_local_kubernetes_executor to None, run_after=None
[2024-04-24T21:19:14.972+0000] {processor.py:183} INFO - Processing /home/airflow/.local/lib/python3.10/site-packages/airflow/example_dags/example_local_kubernetes_executor.py took 0.122 seconds
[2024-04-24T21:19:45.226+0000] {processor.py:161} INFO - Started process (PID=637) to work on /home/airflow/.local/lib/python3.10/site-packages/airflow/example_dags/example_local_kubernetes_executor.py
[2024-04-24T21:19:45.228+0000] {processor.py:830} INFO - Processing file /home/airflow/.local/lib/python3.10/site-packages/airflow/example_dags/example_local_kubernetes_executor.py for tasks to queue
[2024-04-24T21:19:45.231+0000] {logging_mixin.py:188} INFO - [2024-04-24T21:19:45.230+0000] {dagbag.py:540} INFO - Filling up the DagBag from /home/airflow/.local/lib/python3.10/site-packages/airflow/example_dags/example_local_kubernetes_executor.py
[2024-04-24T21:19:45.238+0000] {processor.py:840} INFO - DAG(s) 'example_local_kubernetes_executor' retrieved from /home/airflow/.local/lib/python3.10/site-packages/airflow/example_dags/example_local_kubernetes_executor.py
[2024-04-24T21:19:45.279+0000] {logging_mixin.py:188} INFO - [2024-04-24T21:19:45.278+0000] {dag.py:3047} INFO - Sync 1 DAGs
[2024-04-24T21:19:45.292+0000] {logging_mixin.py:188} INFO - [2024-04-24T21:19:45.292+0000] {dag.py:3834} INFO - Setting next_dagrun for example_local_kubernetes_executor to None, run_after=None
[2024-04-24T21:19:45.316+0000] {processor.py:183} INFO - Processing /home/airflow/.local/lib/python3.10/site-packages/airflow/example_dags/example_local_kubernetes_executor.py took 0.093 seconds
[2024-04-24T21:20:16.308+0000] {processor.py:161} INFO - Started process (PID=693) to work on /home/airflow/.local/lib/python3.10/site-packages/airflow/example_dags/example_local_kubernetes_executor.py
[2024-04-24T21:20:16.310+0000] {processor.py:830} INFO - Processing file /home/airflow/.local/lib/python3.10/site-packages/airflow/example_dags/example_local_kubernetes_executor.py for tasks to queue
[2024-04-24T21:20:16.312+0000] {logging_mixin.py:188} INFO - [2024-04-24T21:20:16.312+0000] {dagbag.py:540} INFO - Filling up the DagBag from /home/airflow/.local/lib/python3.10/site-packages/airflow/example_dags/example_local_kubernetes_executor.py
[2024-04-24T21:20:16.320+0000] {processor.py:840} INFO - DAG(s) 'example_local_kubernetes_executor' retrieved from /home/airflow/.local/lib/python3.10/site-packages/airflow/example_dags/example_local_kubernetes_executor.py
[2024-04-24T21:20:16.355+0000] {logging_mixin.py:188} INFO - [2024-04-24T21:20:16.354+0000] {dag.py:3047} INFO - Sync 1 DAGs
[2024-04-24T21:20:16.367+0000] {logging_mixin.py:188} INFO - [2024-04-24T21:20:16.366+0000] {dag.py:3834} INFO - Setting next_dagrun for example_local_kubernetes_executor to None, run_after=None
[2024-04-24T21:20:16.389+0000] {processor.py:183} INFO - Processing /home/airflow/.local/lib/python3.10/site-packages/airflow/example_dags/example_local_kubernetes_executor.py took 0.084 seconds
[2024-04-24T21:20:47.206+0000] {processor.py:161} INFO - Started process (PID=749) to work on /home/airflow/.local/lib/python3.10/site-packages/airflow/example_dags/example_local_kubernetes_executor.py
[2024-04-24T21:20:47.208+0000] {processor.py:830} INFO - Processing file /home/airflow/.local/lib/python3.10/site-packages/airflow/example_dags/example_local_kubernetes_executor.py for tasks to queue
[2024-04-24T21:20:47.210+0000] {logging_mixin.py:188} INFO - [2024-04-24T21:20:47.209+0000] {dagbag.py:540} INFO - Filling up the DagBag from /home/airflow/.local/lib/python3.10/site-packages/airflow/example_dags/example_local_kubernetes_executor.py
[2024-04-24T21:20:47.217+0000] {processor.py:840} INFO - DAG(s) 'example_local_kubernetes_executor' retrieved from /home/airflow/.local/lib/python3.10/site-packages/airflow/example_dags/example_local_kubernetes_executor.py
[2024-04-24T21:20:47.257+0000] {logging_mixin.py:188} INFO - [2024-04-24T21:20:47.256+0000] {dag.py:3047} INFO - Sync 1 DAGs
[2024-04-24T21:20:47.271+0000] {logging_mixin.py:188} INFO - [2024-04-24T21:20:47.271+0000] {dag.py:3834} INFO - Setting next_dagrun for example_local_kubernetes_executor to None, run_after=None
[2024-04-24T21:20:47.296+0000] {processor.py:183} INFO - Processing /home/airflow/.local/lib/python3.10/site-packages/airflow/example_dags/example_local_kubernetes_executor.py took 0.093 seconds
[2024-04-24T21:21:18.083+0000] {processor.py:161} INFO - Started process (PID=805) to work on /home/airflow/.local/lib/python3.10/site-packages/airflow/example_dags/example_local_kubernetes_executor.py
[2024-04-24T21:21:18.085+0000] {processor.py:830} INFO - Processing file /home/airflow/.local/lib/python3.10/site-packages/airflow/example_dags/example_local_kubernetes_executor.py for tasks to queue
[2024-04-24T21:21:18.087+0000] {logging_mixin.py:188} INFO - [2024-04-24T21:21:18.087+0000] {dagbag.py:540} INFO - Filling up the DagBag from /home/airflow/.local/lib/python3.10/site-packages/airflow/example_dags/example_local_kubernetes_executor.py
[2024-04-24T21:21:18.098+0000] {processor.py:840} INFO - DAG(s) 'example_local_kubernetes_executor' retrieved from /home/airflow/.local/lib/python3.10/site-packages/airflow/example_dags/example_local_kubernetes_executor.py
[2024-04-24T21:21:18.135+0000] {logging_mixin.py:188} INFO - [2024-04-24T21:21:18.135+0000] {dag.py:3047} INFO - Sync 1 DAGs
[2024-04-24T21:21:18.148+0000] {logging_mixin.py:188} INFO - [2024-04-24T21:21:18.148+0000] {dag.py:3834} INFO - Setting next_dagrun for example_local_kubernetes_executor to None, run_after=None
[2024-04-24T21:21:18.171+0000] {processor.py:183} INFO - Processing /home/airflow/.local/lib/python3.10/site-packages/airflow/example_dags/example_local_kubernetes_executor.py took 0.092 seconds
[2024-04-24T21:21:48.314+0000] {processor.py:161} INFO - Started process (PID=861) to work on /home/airflow/.local/lib/python3.10/site-packages/airflow/example_dags/example_local_kubernetes_executor.py
[2024-04-24T21:21:48.315+0000] {processor.py:830} INFO - Processing file /home/airflow/.local/lib/python3.10/site-packages/airflow/example_dags/example_local_kubernetes_executor.py for tasks to queue
[2024-04-24T21:21:48.317+0000] {logging_mixin.py:188} INFO - [2024-04-24T21:21:48.317+0000] {dagbag.py:540} INFO - Filling up the DagBag from /home/airflow/.local/lib/python3.10/site-packages/airflow/example_dags/example_local_kubernetes_executor.py
[2024-04-24T21:21:48.326+0000] {processor.py:840} INFO - DAG(s) 'example_local_kubernetes_executor' retrieved from /home/airflow/.local/lib/python3.10/site-packages/airflow/example_dags/example_local_kubernetes_executor.py
[2024-04-24T21:21:48.361+0000] {logging_mixin.py:188} INFO - [2024-04-24T21:21:48.360+0000] {dag.py:3047} INFO - Sync 1 DAGs
[2024-04-24T21:21:48.372+0000] {logging_mixin.py:188} INFO - [2024-04-24T21:21:48.372+0000] {dag.py:3834} INFO - Setting next_dagrun for example_local_kubernetes_executor to None, run_after=None
[2024-04-24T21:21:48.393+0000] {processor.py:183} INFO - Processing /home/airflow/.local/lib/python3.10/site-packages/airflow/example_dags/example_local_kubernetes_executor.py took 0.083 seconds
[2024-04-24T21:22:18.474+0000] {processor.py:161} INFO - Started process (PID=916) to work on /home/airflow/.local/lib/python3.10/site-packages/airflow/example_dags/example_local_kubernetes_executor.py
[2024-04-24T21:22:18.475+0000] {processor.py:830} INFO - Processing file /home/airflow/.local/lib/python3.10/site-packages/airflow/example_dags/example_local_kubernetes_executor.py for tasks to queue
[2024-04-24T21:22:18.477+0000] {logging_mixin.py:188} INFO - [2024-04-24T21:22:18.477+0000] {dagbag.py:540} INFO - Filling up the DagBag from /home/airflow/.local/lib/python3.10/site-packages/airflow/example_dags/example_local_kubernetes_executor.py
[2024-04-24T21:22:18.485+0000] {processor.py:840} INFO - DAG(s) 'example_local_kubernetes_executor' retrieved from /home/airflow/.local/lib/python3.10/site-packages/airflow/example_dags/example_local_kubernetes_executor.py
[2024-04-24T21:22:18.520+0000] {logging_mixin.py:188} INFO - [2024-04-24T21:22:18.520+0000] {dag.py:3047} INFO - Sync 1 DAGs
[2024-04-24T21:22:18.533+0000] {logging_mixin.py:188} INFO - [2024-04-24T21:22:18.533+0000] {dag.py:3834} INFO - Setting next_dagrun for example_local_kubernetes_executor to None, run_after=None
[2024-04-24T21:22:18.553+0000] {processor.py:183} INFO - Processing /home/airflow/.local/lib/python3.10/site-packages/airflow/example_dags/example_local_kubernetes_executor.py took 0.083 seconds
[2024-04-24T21:22:48.714+0000] {processor.py:161} INFO - Started process (PID=972) to work on /home/airflow/.local/lib/python3.10/site-packages/airflow/example_dags/example_local_kubernetes_executor.py
[2024-04-24T21:22:48.715+0000] {processor.py:830} INFO - Processing file /home/airflow/.local/lib/python3.10/site-packages/airflow/example_dags/example_local_kubernetes_executor.py for tasks to queue
[2024-04-24T21:22:48.717+0000] {logging_mixin.py:188} INFO - [2024-04-24T21:22:48.717+0000] {dagbag.py:540} INFO - Filling up the DagBag from /home/airflow/.local/lib/python3.10/site-packages/airflow/example_dags/example_local_kubernetes_executor.py
[2024-04-24T21:22:48.724+0000] {processor.py:840} INFO - DAG(s) 'example_local_kubernetes_executor' retrieved from /home/airflow/.local/lib/python3.10/site-packages/airflow/example_dags/example_local_kubernetes_executor.py
[2024-04-24T21:22:48.759+0000] {logging_mixin.py:188} INFO - [2024-04-24T21:22:48.758+0000] {dag.py:3047} INFO - Sync 1 DAGs
[2024-04-24T21:22:48.770+0000] {logging_mixin.py:188} INFO - [2024-04-24T21:22:48.770+0000] {dag.py:3834} INFO - Setting next_dagrun for example_local_kubernetes_executor to None, run_after=None
[2024-04-24T21:22:48.792+0000] {processor.py:183} INFO - Processing /home/airflow/.local/lib/python3.10/site-packages/airflow/example_dags/example_local_kubernetes_executor.py took 0.082 seconds
[2024-04-24T21:23:19.023+0000] {processor.py:161} INFO - Started process (PID=1027) to work on /home/airflow/.local/lib/python3.10/site-packages/airflow/example_dags/example_local_kubernetes_executor.py
[2024-04-24T21:23:19.024+0000] {processor.py:830} INFO - Processing file /home/airflow/.local/lib/python3.10/site-packages/airflow/example_dags/example_local_kubernetes_executor.py for tasks to queue
[2024-04-24T21:23:19.027+0000] {logging_mixin.py:188} INFO - [2024-04-24T21:23:19.026+0000] {dagbag.py:540} INFO - Filling up the DagBag from /home/airflow/.local/lib/python3.10/site-packages/airflow/example_dags/example_local_kubernetes_executor.py
[2024-04-24T21:23:19.034+0000] {processor.py:840} INFO - DAG(s) 'example_local_kubernetes_executor' retrieved from /home/airflow/.local/lib/python3.10/site-packages/airflow/example_dags/example_local_kubernetes_executor.py
[2024-04-24T21:23:19.071+0000] {logging_mixin.py:188} INFO - [2024-04-24T21:23:19.071+0000] {dag.py:3047} INFO - Sync 1 DAGs
[2024-04-24T21:23:19.084+0000] {logging_mixin.py:188} INFO - [2024-04-24T21:23:19.083+0000] {dag.py:3834} INFO - Setting next_dagrun for example_local_kubernetes_executor to None, run_after=None
[2024-04-24T21:23:19.106+0000] {processor.py:183} INFO - Processing /home/airflow/.local/lib/python3.10/site-packages/airflow/example_dags/example_local_kubernetes_executor.py took 0.086 seconds
[2024-04-24T21:23:49.401+0000] {processor.py:161} INFO - Started process (PID=1082) to work on /home/airflow/.local/lib/python3.10/site-packages/airflow/example_dags/example_local_kubernetes_executor.py
[2024-04-24T21:23:49.402+0000] {processor.py:830} INFO - Processing file /home/airflow/.local/lib/python3.10/site-packages/airflow/example_dags/example_local_kubernetes_executor.py for tasks to queue
[2024-04-24T21:23:49.405+0000] {logging_mixin.py:188} INFO - [2024-04-24T21:23:49.404+0000] {dagbag.py:540} INFO - Filling up the DagBag from /home/airflow/.local/lib/python3.10/site-packages/airflow/example_dags/example_local_kubernetes_executor.py
[2024-04-24T21:23:49.413+0000] {processor.py:840} INFO - DAG(s) 'example_local_kubernetes_executor' retrieved from /home/airflow/.local/lib/python3.10/site-packages/airflow/example_dags/example_local_kubernetes_executor.py
[2024-04-24T21:23:49.449+0000] {logging_mixin.py:188} INFO - [2024-04-24T21:23:49.449+0000] {dag.py:3047} INFO - Sync 1 DAGs
[2024-04-24T21:23:49.462+0000] {logging_mixin.py:188} INFO - [2024-04-24T21:23:49.462+0000] {dag.py:3834} INFO - Setting next_dagrun for example_local_kubernetes_executor to None, run_after=None
[2024-04-24T21:23:49.488+0000] {processor.py:183} INFO - Processing /home/airflow/.local/lib/python3.10/site-packages/airflow/example_dags/example_local_kubernetes_executor.py took 0.090 seconds
[2024-04-24T21:24:19.871+0000] {processor.py:161} INFO - Started process (PID=1137) to work on /home/airflow/.local/lib/python3.10/site-packages/airflow/example_dags/example_local_kubernetes_executor.py
[2024-04-24T21:24:19.872+0000] {processor.py:830} INFO - Processing file /home/airflow/.local/lib/python3.10/site-packages/airflow/example_dags/example_local_kubernetes_executor.py for tasks to queue
[2024-04-24T21:24:19.874+0000] {logging_mixin.py:188} INFO - [2024-04-24T21:24:19.873+0000] {dagbag.py:540} INFO - Filling up the DagBag from /home/airflow/.local/lib/python3.10/site-packages/airflow/example_dags/example_local_kubernetes_executor.py
[2024-04-24T21:24:19.882+0000] {processor.py:840} INFO - DAG(s) 'example_local_kubernetes_executor' retrieved from /home/airflow/.local/lib/python3.10/site-packages/airflow/example_dags/example_local_kubernetes_executor.py
[2024-04-24T21:24:19.916+0000] {logging_mixin.py:188} INFO - [2024-04-24T21:24:19.916+0000] {dag.py:3047} INFO - Sync 1 DAGs
[2024-04-24T21:24:19.931+0000] {logging_mixin.py:188} INFO - [2024-04-24T21:24:19.930+0000] {dag.py:3834} INFO - Setting next_dagrun for example_local_kubernetes_executor to None, run_after=None
[2024-04-24T21:24:19.952+0000] {processor.py:183} INFO - Processing /home/airflow/.local/lib/python3.10/site-packages/airflow/example_dags/example_local_kubernetes_executor.py took 0.084 seconds
[2024-04-24T21:24:50.152+0000] {processor.py:161} INFO - Started process (PID=1193) to work on /home/airflow/.local/lib/python3.10/site-packages/airflow/example_dags/example_local_kubernetes_executor.py
[2024-04-24T21:24:50.154+0000] {processor.py:830} INFO - Processing file /home/airflow/.local/lib/python3.10/site-packages/airflow/example_dags/example_local_kubernetes_executor.py for tasks to queue
[2024-04-24T21:24:50.156+0000] {logging_mixin.py:188} INFO - [2024-04-24T21:24:50.156+0000] {dagbag.py:540} INFO - Filling up the DagBag from /home/airflow/.local/lib/python3.10/site-packages/airflow/example_dags/example_local_kubernetes_executor.py
[2024-04-24T21:24:50.164+0000] {processor.py:840} INFO - DAG(s) 'example_local_kubernetes_executor' retrieved from /home/airflow/.local/lib/python3.10/site-packages/airflow/example_dags/example_local_kubernetes_executor.py
[2024-04-24T21:24:50.197+0000] {logging_mixin.py:188} INFO - [2024-04-24T21:24:50.197+0000] {dag.py:3047} INFO - Sync 1 DAGs
[2024-04-24T21:24:50.209+0000] {logging_mixin.py:188} INFO - [2024-04-24T21:24:50.208+0000] {dag.py:3834} INFO - Setting next_dagrun for example_local_kubernetes_executor to None, run_after=None
[2024-04-24T21:24:50.230+0000] {processor.py:183} INFO - Processing /home/airflow/.local/lib/python3.10/site-packages/airflow/example_dags/example_local_kubernetes_executor.py took 0.081 seconds
[2024-04-24T21:25:20.528+0000] {processor.py:161} INFO - Started process (PID=1248) to work on /home/airflow/.local/lib/python3.10/site-packages/airflow/example_dags/example_local_kubernetes_executor.py
[2024-04-24T21:25:20.529+0000] {processor.py:830} INFO - Processing file /home/airflow/.local/lib/python3.10/site-packages/airflow/example_dags/example_local_kubernetes_executor.py for tasks to queue
[2024-04-24T21:25:20.531+0000] {logging_mixin.py:188} INFO - [2024-04-24T21:25:20.531+0000] {dagbag.py:540} INFO - Filling up the DagBag from /home/airflow/.local/lib/python3.10/site-packages/airflow/example_dags/example_local_kubernetes_executor.py
[2024-04-24T21:25:20.539+0000] {processor.py:840} INFO - DAG(s) 'example_local_kubernetes_executor' retrieved from /home/airflow/.local/lib/python3.10/site-packages/airflow/example_dags/example_local_kubernetes_executor.py
[2024-04-24T21:25:20.574+0000] {logging_mixin.py:188} INFO - [2024-04-24T21:25:20.574+0000] {dag.py:3047} INFO - Sync 1 DAGs
[2024-04-24T21:25:20.585+0000] {logging_mixin.py:188} INFO - [2024-04-24T21:25:20.585+0000] {dag.py:3834} INFO - Setting next_dagrun for example_local_kubernetes_executor to None, run_after=None
[2024-04-24T21:25:20.607+0000] {processor.py:183} INFO - Processing /home/airflow/.local/lib/python3.10/site-packages/airflow/example_dags/example_local_kubernetes_executor.py took 0.082 seconds
[2024-04-24T21:25:51.140+0000] {processor.py:161} INFO - Started process (PID=1304) to work on /home/airflow/.local/lib/python3.10/site-packages/airflow/example_dags/example_local_kubernetes_executor.py
[2024-04-24T21:25:51.141+0000] {processor.py:830} INFO - Processing file /home/airflow/.local/lib/python3.10/site-packages/airflow/example_dags/example_local_kubernetes_executor.py for tasks to queue
[2024-04-24T21:25:51.143+0000] {logging_mixin.py:188} INFO - [2024-04-24T21:25:51.143+0000] {dagbag.py:540} INFO - Filling up the DagBag from /home/airflow/.local/lib/python3.10/site-packages/airflow/example_dags/example_local_kubernetes_executor.py
[2024-04-24T21:25:51.152+0000] {processor.py:840} INFO - DAG(s) 'example_local_kubernetes_executor' retrieved from /home/airflow/.local/lib/python3.10/site-packages/airflow/example_dags/example_local_kubernetes_executor.py
[2024-04-24T21:25:51.186+0000] {logging_mixin.py:188} INFO - [2024-04-24T21:25:51.186+0000] {dag.py:3047} INFO - Sync 1 DAGs
[2024-04-24T21:25:51.198+0000] {logging_mixin.py:188} INFO - [2024-04-24T21:25:51.198+0000] {dag.py:3834} INFO - Setting next_dagrun for example_local_kubernetes_executor to None, run_after=None
[2024-04-24T21:25:51.218+0000] {processor.py:183} INFO - Processing /home/airflow/.local/lib/python3.10/site-packages/airflow/example_dags/example_local_kubernetes_executor.py took 0.082 seconds
[2024-04-24T21:26:21.926+0000] {processor.py:161} INFO - Started process (PID=1359) to work on /home/airflow/.local/lib/python3.10/site-packages/airflow/example_dags/example_local_kubernetes_executor.py
[2024-04-24T21:26:21.928+0000] {processor.py:830} INFO - Processing file /home/airflow/.local/lib/python3.10/site-packages/airflow/example_dags/example_local_kubernetes_executor.py for tasks to queue
[2024-04-24T21:26:21.930+0000] {logging_mixin.py:188} INFO - [2024-04-24T21:26:21.929+0000] {dagbag.py:540} INFO - Filling up the DagBag from /home/airflow/.local/lib/python3.10/site-packages/airflow/example_dags/example_local_kubernetes_executor.py
[2024-04-24T21:26:21.937+0000] {processor.py:840} INFO - DAG(s) 'example_local_kubernetes_executor' retrieved from /home/airflow/.local/lib/python3.10/site-packages/airflow/example_dags/example_local_kubernetes_executor.py
[2024-04-24T21:26:21.973+0000] {logging_mixin.py:188} INFO - [2024-04-24T21:26:21.972+0000] {dag.py:3047} INFO - Sync 1 DAGs
[2024-04-24T21:26:21.987+0000] {logging_mixin.py:188} INFO - [2024-04-24T21:26:21.987+0000] {dag.py:3834} INFO - Setting next_dagrun for example_local_kubernetes_executor to None, run_after=None
[2024-04-24T21:26:22.008+0000] {processor.py:183} INFO - Processing /home/airflow/.local/lib/python3.10/site-packages/airflow/example_dags/example_local_kubernetes_executor.py took 0.086 seconds
[2024-04-24T21:26:52.175+0000] {processor.py:161} INFO - Started process (PID=1414) to work on /home/airflow/.local/lib/python3.10/site-packages/airflow/example_dags/example_local_kubernetes_executor.py
[2024-04-24T21:26:52.176+0000] {processor.py:830} INFO - Processing file /home/airflow/.local/lib/python3.10/site-packages/airflow/example_dags/example_local_kubernetes_executor.py for tasks to queue
[2024-04-24T21:26:52.178+0000] {logging_mixin.py:188} INFO - [2024-04-24T21:26:52.178+0000] {dagbag.py:540} INFO - Filling up the DagBag from /home/airflow/.local/lib/python3.10/site-packages/airflow/example_dags/example_local_kubernetes_executor.py
[2024-04-24T21:26:52.186+0000] {processor.py:840} INFO - DAG(s) 'example_local_kubernetes_executor' retrieved from /home/airflow/.local/lib/python3.10/site-packages/airflow/example_dags/example_local_kubernetes_executor.py
[2024-04-24T21:26:52.219+0000] {logging_mixin.py:188} INFO - [2024-04-24T21:26:52.219+0000] {dag.py:3047} INFO - Sync 1 DAGs
[2024-04-24T21:26:52.230+0000] {logging_mixin.py:188} INFO - [2024-04-24T21:26:52.230+0000] {dag.py:3834} INFO - Setting next_dagrun for example_local_kubernetes_executor to None, run_after=None
[2024-04-24T21:26:52.257+0000] {processor.py:183} INFO - Processing /home/airflow/.local/lib/python3.10/site-packages/airflow/example_dags/example_local_kubernetes_executor.py took 0.085 seconds
[2024-04-24T21:27:22.833+0000] {processor.py:161} INFO - Started process (PID=1469) to work on /home/airflow/.local/lib/python3.10/site-packages/airflow/example_dags/example_local_kubernetes_executor.py
[2024-04-24T21:27:22.834+0000] {processor.py:830} INFO - Processing file /home/airflow/.local/lib/python3.10/site-packages/airflow/example_dags/example_local_kubernetes_executor.py for tasks to queue
[2024-04-24T21:27:22.836+0000] {logging_mixin.py:188} INFO - [2024-04-24T21:27:22.836+0000] {dagbag.py:540} INFO - Filling up the DagBag from /home/airflow/.local/lib/python3.10/site-packages/airflow/example_dags/example_local_kubernetes_executor.py
[2024-04-24T21:27:22.844+0000] {processor.py:840} INFO - DAG(s) 'example_local_kubernetes_executor' retrieved from /home/airflow/.local/lib/python3.10/site-packages/airflow/example_dags/example_local_kubernetes_executor.py
[2024-04-24T21:27:22.878+0000] {logging_mixin.py:188} INFO - [2024-04-24T21:27:22.878+0000] {dag.py:3047} INFO - Sync 1 DAGs
[2024-04-24T21:27:22.889+0000] {logging_mixin.py:188} INFO - [2024-04-24T21:27:22.889+0000] {dag.py:3834} INFO - Setting next_dagrun for example_local_kubernetes_executor to None, run_after=None
[2024-04-24T21:27:22.912+0000] {processor.py:183} INFO - Processing /home/airflow/.local/lib/python3.10/site-packages/airflow/example_dags/example_local_kubernetes_executor.py took 0.083 seconds
[2024-04-24T21:27:53.405+0000] {processor.py:161} INFO - Started process (PID=1525) to work on /home/airflow/.local/lib/python3.10/site-packages/airflow/example_dags/example_local_kubernetes_executor.py
[2024-04-24T21:27:53.406+0000] {processor.py:830} INFO - Processing file /home/airflow/.local/lib/python3.10/site-packages/airflow/example_dags/example_local_kubernetes_executor.py for tasks to queue
[2024-04-24T21:27:53.409+0000] {logging_mixin.py:188} INFO - [2024-04-24T21:27:53.409+0000] {dagbag.py:540} INFO - Filling up the DagBag from /home/airflow/.local/lib/python3.10/site-packages/airflow/example_dags/example_local_kubernetes_executor.py
[2024-04-24T21:27:53.417+0000] {processor.py:840} INFO - DAG(s) 'example_local_kubernetes_executor' retrieved from /home/airflow/.local/lib/python3.10/site-packages/airflow/example_dags/example_local_kubernetes_executor.py
[2024-04-24T21:27:53.452+0000] {logging_mixin.py:188} INFO - [2024-04-24T21:27:53.451+0000] {dag.py:3047} INFO - Sync 1 DAGs
[2024-04-24T21:27:53.588+0000] {logging_mixin.py:188} INFO - [2024-04-24T21:27:53.587+0000] {dag.py:3834} INFO - Setting next_dagrun for example_local_kubernetes_executor to None, run_after=None
[2024-04-24T21:27:53.608+0000] {processor.py:183} INFO - Processing /home/airflow/.local/lib/python3.10/site-packages/airflow/example_dags/example_local_kubernetes_executor.py took 0.207 seconds
[2024-04-24T21:28:24.370+0000] {processor.py:161} INFO - Started process (PID=1580) to work on /home/airflow/.local/lib/python3.10/site-packages/airflow/example_dags/example_local_kubernetes_executor.py
[2024-04-24T21:28:24.371+0000] {processor.py:830} INFO - Processing file /home/airflow/.local/lib/python3.10/site-packages/airflow/example_dags/example_local_kubernetes_executor.py for tasks to queue
[2024-04-24T21:28:24.374+0000] {logging_mixin.py:188} INFO - [2024-04-24T21:28:24.373+0000] {dagbag.py:540} INFO - Filling up the DagBag from /home/airflow/.local/lib/python3.10/site-packages/airflow/example_dags/example_local_kubernetes_executor.py
[2024-04-24T21:28:24.381+0000] {processor.py:840} INFO - DAG(s) 'example_local_kubernetes_executor' retrieved from /home/airflow/.local/lib/python3.10/site-packages/airflow/example_dags/example_local_kubernetes_executor.py
[2024-04-24T21:28:24.416+0000] {logging_mixin.py:188} INFO - [2024-04-24T21:28:24.416+0000] {dag.py:3047} INFO - Sync 1 DAGs
[2024-04-24T21:28:24.569+0000] {logging_mixin.py:188} INFO - [2024-04-24T21:28:24.568+0000] {dag.py:3834} INFO - Setting next_dagrun for example_local_kubernetes_executor to None, run_after=None
[2024-04-24T21:28:24.588+0000] {processor.py:183} INFO - Processing /home/airflow/.local/lib/python3.10/site-packages/airflow/example_dags/example_local_kubernetes_executor.py took 0.222 seconds
[2024-04-24T21:28:55.485+0000] {processor.py:161} INFO - Started process (PID=1635) to work on /home/airflow/.local/lib/python3.10/site-packages/airflow/example_dags/example_local_kubernetes_executor.py
[2024-04-24T21:28:55.486+0000] {processor.py:830} INFO - Processing file /home/airflow/.local/lib/python3.10/site-packages/airflow/example_dags/example_local_kubernetes_executor.py for tasks to queue
[2024-04-24T21:28:55.488+0000] {logging_mixin.py:188} INFO - [2024-04-24T21:28:55.488+0000] {dagbag.py:540} INFO - Filling up the DagBag from /home/airflow/.local/lib/python3.10/site-packages/airflow/example_dags/example_local_kubernetes_executor.py
[2024-04-24T21:28:55.496+0000] {processor.py:840} INFO - DAG(s) 'example_local_kubernetes_executor' retrieved from /home/airflow/.local/lib/python3.10/site-packages/airflow/example_dags/example_local_kubernetes_executor.py
[2024-04-24T21:28:55.534+0000] {logging_mixin.py:188} INFO - [2024-04-24T21:28:55.534+0000] {dag.py:3047} INFO - Sync 1 DAGs
[2024-04-24T21:28:55.547+0000] {logging_mixin.py:188} INFO - [2024-04-24T21:28:55.547+0000] {dag.py:3834} INFO - Setting next_dagrun for example_local_kubernetes_executor to None, run_after=None
[2024-04-24T21:28:55.572+0000] {processor.py:183} INFO - Processing /home/airflow/.local/lib/python3.10/site-packages/airflow/example_dags/example_local_kubernetes_executor.py took 0.091 seconds
[2024-04-24T21:29:26.159+0000] {processor.py:161} INFO - Started process (PID=1691) to work on /home/airflow/.local/lib/python3.10/site-packages/airflow/example_dags/example_local_kubernetes_executor.py
[2024-04-24T21:29:26.160+0000] {processor.py:830} INFO - Processing file /home/airflow/.local/lib/python3.10/site-packages/airflow/example_dags/example_local_kubernetes_executor.py for tasks to queue
[2024-04-24T21:29:26.163+0000] {logging_mixin.py:188} INFO - [2024-04-24T21:29:26.163+0000] {dagbag.py:540} INFO - Filling up the DagBag from /home/airflow/.local/lib/python3.10/site-packages/airflow/example_dags/example_local_kubernetes_executor.py
[2024-04-24T21:29:26.171+0000] {processor.py:840} INFO - DAG(s) 'example_local_kubernetes_executor' retrieved from /home/airflow/.local/lib/python3.10/site-packages/airflow/example_dags/example_local_kubernetes_executor.py
[2024-04-24T21:29:26.206+0000] {logging_mixin.py:188} INFO - [2024-04-24T21:29:26.206+0000] {dag.py:3047} INFO - Sync 1 DAGs
[2024-04-24T21:29:26.217+0000] {logging_mixin.py:188} INFO - [2024-04-24T21:29:26.217+0000] {dag.py:3834} INFO - Setting next_dagrun for example_local_kubernetes_executor to None, run_after=None
[2024-04-24T21:29:26.240+0000] {processor.py:183} INFO - Processing /home/airflow/.local/lib/python3.10/site-packages/airflow/example_dags/example_local_kubernetes_executor.py took 0.085 seconds
[2024-04-24T21:29:56.884+0000] {processor.py:161} INFO - Started process (PID=1746) to work on /home/airflow/.local/lib/python3.10/site-packages/airflow/example_dags/example_local_kubernetes_executor.py
[2024-04-24T21:29:56.885+0000] {processor.py:830} INFO - Processing file /home/airflow/.local/lib/python3.10/site-packages/airflow/example_dags/example_local_kubernetes_executor.py for tasks to queue
[2024-04-24T21:29:56.887+0000] {logging_mixin.py:188} INFO - [2024-04-24T21:29:56.887+0000] {dagbag.py:540} INFO - Filling up the DagBag from /home/airflow/.local/lib/python3.10/site-packages/airflow/example_dags/example_local_kubernetes_executor.py
[2024-04-24T21:29:57.023+0000] {processor.py:840} INFO - DAG(s) 'example_local_kubernetes_executor' retrieved from /home/airflow/.local/lib/python3.10/site-packages/airflow/example_dags/example_local_kubernetes_executor.py
[2024-04-24T21:29:57.054+0000] {logging_mixin.py:188} INFO - [2024-04-24T21:29:57.054+0000] {dag.py:3047} INFO - Sync 1 DAGs
[2024-04-24T21:29:57.064+0000] {logging_mixin.py:188} INFO - [2024-04-24T21:29:57.064+0000] {dag.py:3834} INFO - Setting next_dagrun for example_local_kubernetes_executor to None, run_after=None
[2024-04-24T21:29:57.083+0000] {processor.py:183} INFO - Processing /home/airflow/.local/lib/python3.10/site-packages/airflow/example_dags/example_local_kubernetes_executor.py took 0.203 seconds
