[2024-04-24T21:14:06.647+0000] {processor.py:161} INFO - Started process (PID=53) to work on /home/airflow/.local/lib/python3.10/site-packages/airflow/example_dags/example_skip_dag.py
[2024-04-24T21:14:06.662+0000] {processor.py:830} INFO - Processing file /home/airflow/.local/lib/python3.10/site-packages/airflow/example_dags/example_skip_dag.py for tasks to queue
[2024-04-24T21:14:06.720+0000] {logging_mixin.py:188} INFO - [2024-04-24T21:14:06.718+0000] {dagbag.py:540} INFO - Filling up the DagBag from /home/airflow/.local/lib/python3.10/site-packages/airflow/example_dags/example_skip_dag.py
[2024-04-24T21:14:06.931+0000] {processor.py:840} INFO - DAG(s) 'example_skip_dag' retrieved from /home/airflow/.local/lib/python3.10/site-packages/airflow/example_dags/example_skip_dag.py
[2024-04-24T21:14:08.346+0000] {logging_mixin.py:188} INFO - [2024-04-24T21:14:08.342+0000] {override.py:1769} INFO - Created Permission View: can edit on DAG:example_skip_dag
[2024-04-24T21:14:08.439+0000] {logging_mixin.py:188} INFO - [2024-04-24T21:14:08.436+0000] {override.py:1769} INFO - Created Permission View: can read on DAG:example_skip_dag
[2024-04-24T21:14:08.467+0000] {logging_mixin.py:188} INFO - [2024-04-24T21:14:08.465+0000] {override.py:1769} INFO - Created Permission View: can delete on DAG:example_skip_dag
[2024-04-24T21:14:08.488+0000] {logging_mixin.py:188} INFO - [2024-04-24T21:14:08.487+0000] {dag.py:3047} INFO - Sync 1 DAGs
[2024-04-24T21:14:08.534+0000] {logging_mixin.py:188} INFO - [2024-04-24T21:14:08.533+0000] {dag.py:3069} INFO - Creating ORM DAG for example_skip_dag
[2024-04-24T21:14:08.601+0000] {logging_mixin.py:188} INFO - [2024-04-24T21:14:08.600+0000] {dag.py:3834} INFO - Setting next_dagrun for example_skip_dag to 2024-04-23 00:00:00+00:00, run_after=2024-04-24 00:00:00+00:00
[2024-04-24T21:14:08.659+0000] {processor.py:183} INFO - Processing /home/airflow/.local/lib/python3.10/site-packages/airflow/example_dags/example_skip_dag.py took 2.041 seconds
[2024-04-24T21:14:45.439+0000] {processor.py:161} INFO - Started process (PID=110) to work on /home/airflow/.local/lib/python3.10/site-packages/airflow/example_dags/example_skip_dag.py
[2024-04-24T21:14:45.441+0000] {processor.py:830} INFO - Processing file /home/airflow/.local/lib/python3.10/site-packages/airflow/example_dags/example_skip_dag.py for tasks to queue
[2024-04-24T21:14:45.447+0000] {logging_mixin.py:188} INFO - [2024-04-24T21:14:45.446+0000] {dagbag.py:540} INFO - Filling up the DagBag from /home/airflow/.local/lib/python3.10/site-packages/airflow/example_dags/example_skip_dag.py
[2024-04-24T21:14:45.461+0000] {processor.py:840} INFO - DAG(s) 'example_skip_dag' retrieved from /home/airflow/.local/lib/python3.10/site-packages/airflow/example_dags/example_skip_dag.py
[2024-04-24T21:14:45.500+0000] {logging_mixin.py:188} INFO - [2024-04-24T21:14:45.500+0000] {dag.py:3047} INFO - Sync 1 DAGs
[2024-04-24T21:14:45.541+0000] {logging_mixin.py:188} INFO - [2024-04-24T21:14:45.540+0000] {dag.py:3834} INFO - Setting next_dagrun for example_skip_dag to 2024-04-23 00:00:00+00:00, run_after=2024-04-24 00:00:00+00:00
[2024-04-24T21:14:45.581+0000] {processor.py:183} INFO - Processing /home/airflow/.local/lib/python3.10/site-packages/airflow/example_dags/example_skip_dag.py took 0.149 seconds
[2024-04-24T21:15:17.634+0000] {processor.py:161} INFO - Started process (PID=163) to work on /home/airflow/.local/lib/python3.10/site-packages/airflow/example_dags/example_skip_dag.py
[2024-04-24T21:15:17.636+0000] {processor.py:830} INFO - Processing file /home/airflow/.local/lib/python3.10/site-packages/airflow/example_dags/example_skip_dag.py for tasks to queue
[2024-04-24T21:15:17.640+0000] {logging_mixin.py:188} INFO - [2024-04-24T21:15:17.640+0000] {dagbag.py:540} INFO - Filling up the DagBag from /home/airflow/.local/lib/python3.10/site-packages/airflow/example_dags/example_skip_dag.py
[2024-04-24T21:15:17.663+0000] {processor.py:840} INFO - DAG(s) 'example_skip_dag' retrieved from /home/airflow/.local/lib/python3.10/site-packages/airflow/example_dags/example_skip_dag.py
[2024-04-24T21:15:17.733+0000] {logging_mixin.py:188} INFO - [2024-04-24T21:15:17.732+0000] {dag.py:3047} INFO - Sync 1 DAGs
[2024-04-24T21:15:17.811+0000] {logging_mixin.py:188} INFO - [2024-04-24T21:15:17.810+0000] {dag.py:3834} INFO - Setting next_dagrun for example_skip_dag to 2024-04-23 00:00:00+00:00, run_after=2024-04-24 00:00:00+00:00
[2024-04-24T21:15:17.857+0000] {processor.py:183} INFO - Processing /home/airflow/.local/lib/python3.10/site-packages/airflow/example_dags/example_skip_dag.py took 0.231 seconds
[2024-04-24T21:15:48.849+0000] {processor.py:161} INFO - Started process (PID=219) to work on /home/airflow/.local/lib/python3.10/site-packages/airflow/example_dags/example_skip_dag.py
[2024-04-24T21:15:48.851+0000] {processor.py:830} INFO - Processing file /home/airflow/.local/lib/python3.10/site-packages/airflow/example_dags/example_skip_dag.py for tasks to queue
[2024-04-24T21:15:48.855+0000] {logging_mixin.py:188} INFO - [2024-04-24T21:15:48.854+0000] {dagbag.py:540} INFO - Filling up the DagBag from /home/airflow/.local/lib/python3.10/site-packages/airflow/example_dags/example_skip_dag.py
[2024-04-24T21:15:48.863+0000] {processor.py:840} INFO - DAG(s) 'example_skip_dag' retrieved from /home/airflow/.local/lib/python3.10/site-packages/airflow/example_dags/example_skip_dag.py
[2024-04-24T21:15:48.889+0000] {logging_mixin.py:188} INFO - [2024-04-24T21:15:48.889+0000] {dag.py:3047} INFO - Sync 1 DAGs
[2024-04-24T21:15:48.914+0000] {logging_mixin.py:188} INFO - [2024-04-24T21:15:48.913+0000] {dag.py:3834} INFO - Setting next_dagrun for example_skip_dag to 2024-04-23 00:00:00+00:00, run_after=2024-04-24 00:00:00+00:00
[2024-04-24T21:15:48.944+0000] {processor.py:183} INFO - Processing /home/airflow/.local/lib/python3.10/site-packages/airflow/example_dags/example_skip_dag.py took 0.099 seconds
[2024-04-24T21:16:20.865+0000] {processor.py:161} INFO - Started process (PID=269) to work on /home/airflow/.local/lib/python3.10/site-packages/airflow/example_dags/example_skip_dag.py
[2024-04-24T21:16:20.868+0000] {processor.py:830} INFO - Processing file /home/airflow/.local/lib/python3.10/site-packages/airflow/example_dags/example_skip_dag.py for tasks to queue
[2024-04-24T21:16:20.872+0000] {logging_mixin.py:188} INFO - [2024-04-24T21:16:20.871+0000] {dagbag.py:540} INFO - Filling up the DagBag from /home/airflow/.local/lib/python3.10/site-packages/airflow/example_dags/example_skip_dag.py
[2024-04-24T21:16:20.883+0000] {processor.py:840} INFO - DAG(s) 'example_skip_dag' retrieved from /home/airflow/.local/lib/python3.10/site-packages/airflow/example_dags/example_skip_dag.py
[2024-04-24T21:16:20.913+0000] {logging_mixin.py:188} INFO - [2024-04-24T21:16:20.912+0000] {dag.py:3047} INFO - Sync 1 DAGs
[2024-04-24T21:16:20.946+0000] {logging_mixin.py:188} INFO - [2024-04-24T21:16:20.945+0000] {dag.py:3834} INFO - Setting next_dagrun for example_skip_dag to 2024-04-23 00:00:00+00:00, run_after=2024-04-24 00:00:00+00:00
[2024-04-24T21:16:20.975+0000] {processor.py:183} INFO - Processing /home/airflow/.local/lib/python3.10/site-packages/airflow/example_dags/example_skip_dag.py took 0.116 seconds
[2024-04-24T21:16:58.157+0000] {processor.py:161} INFO - Started process (PID=330) to work on /home/airflow/.local/lib/python3.10/site-packages/airflow/example_dags/example_skip_dag.py
[2024-04-24T21:16:58.159+0000] {processor.py:830} INFO - Processing file /home/airflow/.local/lib/python3.10/site-packages/airflow/example_dags/example_skip_dag.py for tasks to queue
[2024-04-24T21:16:58.163+0000] {logging_mixin.py:188} INFO - [2024-04-24T21:16:58.162+0000] {dagbag.py:540} INFO - Filling up the DagBag from /home/airflow/.local/lib/python3.10/site-packages/airflow/example_dags/example_skip_dag.py
[2024-04-24T21:16:58.175+0000] {processor.py:840} INFO - DAG(s) 'example_skip_dag' retrieved from /home/airflow/.local/lib/python3.10/site-packages/airflow/example_dags/example_skip_dag.py
[2024-04-24T21:16:58.226+0000] {logging_mixin.py:188} INFO - [2024-04-24T21:16:58.226+0000] {dag.py:3047} INFO - Sync 1 DAGs
[2024-04-24T21:16:58.261+0000] {logging_mixin.py:188} INFO - [2024-04-24T21:16:58.261+0000] {dag.py:3834} INFO - Setting next_dagrun for example_skip_dag to 2024-04-23 00:00:00+00:00, run_after=2024-04-24 00:00:00+00:00
[2024-04-24T21:16:58.289+0000] {processor.py:183} INFO - Processing /home/airflow/.local/lib/python3.10/site-packages/airflow/example_dags/example_skip_dag.py took 0.137 seconds
[2024-04-24T21:17:28.774+0000] {processor.py:161} INFO - Started process (PID=386) to work on /home/airflow/.local/lib/python3.10/site-packages/airflow/example_dags/example_skip_dag.py
[2024-04-24T21:17:28.776+0000] {processor.py:830} INFO - Processing file /home/airflow/.local/lib/python3.10/site-packages/airflow/example_dags/example_skip_dag.py for tasks to queue
[2024-04-24T21:17:28.778+0000] {logging_mixin.py:188} INFO - [2024-04-24T21:17:28.777+0000] {dagbag.py:540} INFO - Filling up the DagBag from /home/airflow/.local/lib/python3.10/site-packages/airflow/example_dags/example_skip_dag.py
[2024-04-24T21:17:28.786+0000] {processor.py:840} INFO - DAG(s) 'example_skip_dag' retrieved from /home/airflow/.local/lib/python3.10/site-packages/airflow/example_dags/example_skip_dag.py
[2024-04-24T21:17:28.817+0000] {logging_mixin.py:188} INFO - [2024-04-24T21:17:28.817+0000] {dag.py:3047} INFO - Sync 1 DAGs
[2024-04-24T21:17:28.842+0000] {logging_mixin.py:188} INFO - [2024-04-24T21:17:28.842+0000] {dag.py:3834} INFO - Setting next_dagrun for example_skip_dag to 2024-04-23 00:00:00+00:00, run_after=2024-04-24 00:00:00+00:00
[2024-04-24T21:17:28.866+0000] {processor.py:183} INFO - Processing /home/airflow/.local/lib/python3.10/site-packages/airflow/example_dags/example_skip_dag.py took 0.096 seconds
[2024-04-24T21:17:59.453+0000] {processor.py:161} INFO - Started process (PID=441) to work on /home/airflow/.local/lib/python3.10/site-packages/airflow/example_dags/example_skip_dag.py
[2024-04-24T21:17:59.454+0000] {processor.py:830} INFO - Processing file /home/airflow/.local/lib/python3.10/site-packages/airflow/example_dags/example_skip_dag.py for tasks to queue
[2024-04-24T21:17:59.456+0000] {logging_mixin.py:188} INFO - [2024-04-24T21:17:59.456+0000] {dagbag.py:540} INFO - Filling up the DagBag from /home/airflow/.local/lib/python3.10/site-packages/airflow/example_dags/example_skip_dag.py
[2024-04-24T21:17:59.464+0000] {processor.py:840} INFO - DAG(s) 'example_skip_dag' retrieved from /home/airflow/.local/lib/python3.10/site-packages/airflow/example_dags/example_skip_dag.py
[2024-04-24T21:17:59.488+0000] {logging_mixin.py:188} INFO - [2024-04-24T21:17:59.487+0000] {dag.py:3047} INFO - Sync 1 DAGs
[2024-04-24T21:17:59.514+0000] {logging_mixin.py:188} INFO - [2024-04-24T21:17:59.514+0000] {dag.py:3834} INFO - Setting next_dagrun for example_skip_dag to 2024-04-23 00:00:00+00:00, run_after=2024-04-24 00:00:00+00:00
[2024-04-24T21:17:59.542+0000] {processor.py:183} INFO - Processing /home/airflow/.local/lib/python3.10/site-packages/airflow/example_dags/example_skip_dag.py took 0.093 seconds
[2024-04-24T21:18:29.759+0000] {processor.py:161} INFO - Started process (PID=496) to work on /home/airflow/.local/lib/python3.10/site-packages/airflow/example_dags/example_skip_dag.py
[2024-04-24T21:18:29.760+0000] {processor.py:830} INFO - Processing file /home/airflow/.local/lib/python3.10/site-packages/airflow/example_dags/example_skip_dag.py for tasks to queue
[2024-04-24T21:18:29.763+0000] {logging_mixin.py:188} INFO - [2024-04-24T21:18:29.762+0000] {dagbag.py:540} INFO - Filling up the DagBag from /home/airflow/.local/lib/python3.10/site-packages/airflow/example_dags/example_skip_dag.py
[2024-04-24T21:18:29.770+0000] {processor.py:840} INFO - DAG(s) 'example_skip_dag' retrieved from /home/airflow/.local/lib/python3.10/site-packages/airflow/example_dags/example_skip_dag.py
[2024-04-24T21:18:29.799+0000] {logging_mixin.py:188} INFO - [2024-04-24T21:18:29.798+0000] {dag.py:3047} INFO - Sync 1 DAGs
[2024-04-24T21:18:29.831+0000] {logging_mixin.py:188} INFO - [2024-04-24T21:18:29.830+0000] {dag.py:3834} INFO - Setting next_dagrun for example_skip_dag to 2024-04-23 00:00:00+00:00, run_after=2024-04-24 00:00:00+00:00
[2024-04-24T21:18:29.851+0000] {processor.py:183} INFO - Processing /home/airflow/.local/lib/python3.10/site-packages/airflow/example_dags/example_skip_dag.py took 0.097 seconds
[2024-04-24T21:19:00.714+0000] {processor.py:161} INFO - Started process (PID=552) to work on /home/airflow/.local/lib/python3.10/site-packages/airflow/example_dags/example_skip_dag.py
[2024-04-24T21:19:00.716+0000] {processor.py:830} INFO - Processing file /home/airflow/.local/lib/python3.10/site-packages/airflow/example_dags/example_skip_dag.py for tasks to queue
[2024-04-24T21:19:00.718+0000] {logging_mixin.py:188} INFO - [2024-04-24T21:19:00.718+0000] {dagbag.py:540} INFO - Filling up the DagBag from /home/airflow/.local/lib/python3.10/site-packages/airflow/example_dags/example_skip_dag.py
[2024-04-24T21:19:00.726+0000] {processor.py:840} INFO - DAG(s) 'example_skip_dag' retrieved from /home/airflow/.local/lib/python3.10/site-packages/airflow/example_dags/example_skip_dag.py
[2024-04-24T21:19:00.752+0000] {logging_mixin.py:188} INFO - [2024-04-24T21:19:00.751+0000] {dag.py:3047} INFO - Sync 1 DAGs
[2024-04-24T21:19:00.775+0000] {logging_mixin.py:188} INFO - [2024-04-24T21:19:00.775+0000] {dag.py:3834} INFO - Setting next_dagrun for example_skip_dag to 2024-04-23 00:00:00+00:00, run_after=2024-04-24 00:00:00+00:00
[2024-04-24T21:19:00.799+0000] {processor.py:183} INFO - Processing /home/airflow/.local/lib/python3.10/site-packages/airflow/example_dags/example_skip_dag.py took 0.088 seconds
[2024-04-24T21:19:31.306+0000] {processor.py:161} INFO - Started process (PID=608) to work on /home/airflow/.local/lib/python3.10/site-packages/airflow/example_dags/example_skip_dag.py
[2024-04-24T21:19:31.307+0000] {processor.py:830} INFO - Processing file /home/airflow/.local/lib/python3.10/site-packages/airflow/example_dags/example_skip_dag.py for tasks to queue
[2024-04-24T21:19:31.309+0000] {logging_mixin.py:188} INFO - [2024-04-24T21:19:31.309+0000] {dagbag.py:540} INFO - Filling up the DagBag from /home/airflow/.local/lib/python3.10/site-packages/airflow/example_dags/example_skip_dag.py
[2024-04-24T21:19:31.316+0000] {processor.py:840} INFO - DAG(s) 'example_skip_dag' retrieved from /home/airflow/.local/lib/python3.10/site-packages/airflow/example_dags/example_skip_dag.py
[2024-04-24T21:19:31.340+0000] {logging_mixin.py:188} INFO - [2024-04-24T21:19:31.340+0000] {dag.py:3047} INFO - Sync 1 DAGs
[2024-04-24T21:19:31.372+0000] {logging_mixin.py:188} INFO - [2024-04-24T21:19:31.372+0000] {dag.py:3834} INFO - Setting next_dagrun for example_skip_dag to 2024-04-23 00:00:00+00:00, run_after=2024-04-24 00:00:00+00:00
[2024-04-24T21:19:31.396+0000] {processor.py:183} INFO - Processing /home/airflow/.local/lib/python3.10/site-packages/airflow/example_dags/example_skip_dag.py took 0.094 seconds
[2024-04-24T21:20:02.030+0000] {processor.py:161} INFO - Started process (PID=664) to work on /home/airflow/.local/lib/python3.10/site-packages/airflow/example_dags/example_skip_dag.py
[2024-04-24T21:20:02.031+0000] {processor.py:830} INFO - Processing file /home/airflow/.local/lib/python3.10/site-packages/airflow/example_dags/example_skip_dag.py for tasks to queue
[2024-04-24T21:20:02.034+0000] {logging_mixin.py:188} INFO - [2024-04-24T21:20:02.033+0000] {dagbag.py:540} INFO - Filling up the DagBag from /home/airflow/.local/lib/python3.10/site-packages/airflow/example_dags/example_skip_dag.py
[2024-04-24T21:20:02.040+0000] {processor.py:840} INFO - DAG(s) 'example_skip_dag' retrieved from /home/airflow/.local/lib/python3.10/site-packages/airflow/example_dags/example_skip_dag.py
[2024-04-24T21:20:02.062+0000] {logging_mixin.py:188} INFO - [2024-04-24T21:20:02.062+0000] {dag.py:3047} INFO - Sync 1 DAGs
[2024-04-24T21:20:02.087+0000] {logging_mixin.py:188} INFO - [2024-04-24T21:20:02.086+0000] {dag.py:3834} INFO - Setting next_dagrun for example_skip_dag to 2024-04-23 00:00:00+00:00, run_after=2024-04-24 00:00:00+00:00
[2024-04-24T21:20:02.107+0000] {processor.py:183} INFO - Processing /home/airflow/.local/lib/python3.10/site-packages/airflow/example_dags/example_skip_dag.py took 0.081 seconds
[2024-04-24T21:20:32.507+0000] {processor.py:161} INFO - Started process (PID=720) to work on /home/airflow/.local/lib/python3.10/site-packages/airflow/example_dags/example_skip_dag.py
[2024-04-24T21:20:32.509+0000] {processor.py:830} INFO - Processing file /home/airflow/.local/lib/python3.10/site-packages/airflow/example_dags/example_skip_dag.py for tasks to queue
[2024-04-24T21:20:32.511+0000] {logging_mixin.py:188} INFO - [2024-04-24T21:20:32.511+0000] {dagbag.py:540} INFO - Filling up the DagBag from /home/airflow/.local/lib/python3.10/site-packages/airflow/example_dags/example_skip_dag.py
[2024-04-24T21:20:32.518+0000] {processor.py:840} INFO - DAG(s) 'example_skip_dag' retrieved from /home/airflow/.local/lib/python3.10/site-packages/airflow/example_dags/example_skip_dag.py
[2024-04-24T21:20:32.547+0000] {logging_mixin.py:188} INFO - [2024-04-24T21:20:32.547+0000] {dag.py:3047} INFO - Sync 1 DAGs
[2024-04-24T21:20:32.573+0000] {logging_mixin.py:188} INFO - [2024-04-24T21:20:32.573+0000] {dag.py:3834} INFO - Setting next_dagrun for example_skip_dag to 2024-04-23 00:00:00+00:00, run_after=2024-04-24 00:00:00+00:00
[2024-04-24T21:20:32.596+0000] {processor.py:183} INFO - Processing /home/airflow/.local/lib/python3.10/site-packages/airflow/example_dags/example_skip_dag.py took 0.093 seconds
[2024-04-24T21:21:03.485+0000] {processor.py:161} INFO - Started process (PID=776) to work on /home/airflow/.local/lib/python3.10/site-packages/airflow/example_dags/example_skip_dag.py
[2024-04-24T21:21:03.486+0000] {processor.py:830} INFO - Processing file /home/airflow/.local/lib/python3.10/site-packages/airflow/example_dags/example_skip_dag.py for tasks to queue
[2024-04-24T21:21:03.488+0000] {logging_mixin.py:188} INFO - [2024-04-24T21:21:03.488+0000] {dagbag.py:540} INFO - Filling up the DagBag from /home/airflow/.local/lib/python3.10/site-packages/airflow/example_dags/example_skip_dag.py
[2024-04-24T21:21:03.495+0000] {processor.py:840} INFO - DAG(s) 'example_skip_dag' retrieved from /home/airflow/.local/lib/python3.10/site-packages/airflow/example_dags/example_skip_dag.py
[2024-04-24T21:21:03.518+0000] {logging_mixin.py:188} INFO - [2024-04-24T21:21:03.518+0000] {dag.py:3047} INFO - Sync 1 DAGs
[2024-04-24T21:21:03.539+0000] {logging_mixin.py:188} INFO - [2024-04-24T21:21:03.539+0000] {dag.py:3834} INFO - Setting next_dagrun for example_skip_dag to 2024-04-23 00:00:00+00:00, run_after=2024-04-24 00:00:00+00:00
[2024-04-24T21:21:03.561+0000] {processor.py:183} INFO - Processing /home/airflow/.local/lib/python3.10/site-packages/airflow/example_dags/example_skip_dag.py took 0.080 seconds
[2024-04-24T21:21:34.522+0000] {processor.py:161} INFO - Started process (PID=831) to work on /home/airflow/.local/lib/python3.10/site-packages/airflow/example_dags/example_skip_dag.py
[2024-04-24T21:21:34.523+0000] {processor.py:830} INFO - Processing file /home/airflow/.local/lib/python3.10/site-packages/airflow/example_dags/example_skip_dag.py for tasks to queue
[2024-04-24T21:21:34.526+0000] {logging_mixin.py:188} INFO - [2024-04-24T21:21:34.525+0000] {dagbag.py:540} INFO - Filling up the DagBag from /home/airflow/.local/lib/python3.10/site-packages/airflow/example_dags/example_skip_dag.py
[2024-04-24T21:21:34.532+0000] {processor.py:840} INFO - DAG(s) 'example_skip_dag' retrieved from /home/airflow/.local/lib/python3.10/site-packages/airflow/example_dags/example_skip_dag.py
[2024-04-24T21:21:34.556+0000] {logging_mixin.py:188} INFO - [2024-04-24T21:21:34.555+0000] {dag.py:3047} INFO - Sync 1 DAGs
[2024-04-24T21:21:34.577+0000] {logging_mixin.py:188} INFO - [2024-04-24T21:21:34.576+0000] {dag.py:3834} INFO - Setting next_dagrun for example_skip_dag to 2024-04-23 00:00:00+00:00, run_after=2024-04-24 00:00:00+00:00
[2024-04-24T21:21:34.597+0000] {processor.py:183} INFO - Processing /home/airflow/.local/lib/python3.10/site-packages/airflow/example_dags/example_skip_dag.py took 0.079 seconds
[2024-04-24T21:22:04.682+0000] {processor.py:161} INFO - Started process (PID=887) to work on /home/airflow/.local/lib/python3.10/site-packages/airflow/example_dags/example_skip_dag.py
[2024-04-24T21:22:04.683+0000] {processor.py:830} INFO - Processing file /home/airflow/.local/lib/python3.10/site-packages/airflow/example_dags/example_skip_dag.py for tasks to queue
[2024-04-24T21:22:04.686+0000] {logging_mixin.py:188} INFO - [2024-04-24T21:22:04.686+0000] {dagbag.py:540} INFO - Filling up the DagBag from /home/airflow/.local/lib/python3.10/site-packages/airflow/example_dags/example_skip_dag.py
[2024-04-24T21:22:04.693+0000] {processor.py:840} INFO - DAG(s) 'example_skip_dag' retrieved from /home/airflow/.local/lib/python3.10/site-packages/airflow/example_dags/example_skip_dag.py
[2024-04-24T21:22:04.719+0000] {logging_mixin.py:188} INFO - [2024-04-24T21:22:04.718+0000] {dag.py:3047} INFO - Sync 1 DAGs
[2024-04-24T21:22:04.742+0000] {logging_mixin.py:188} INFO - [2024-04-24T21:22:04.742+0000] {dag.py:3834} INFO - Setting next_dagrun for example_skip_dag to 2024-04-23 00:00:00+00:00, run_after=2024-04-24 00:00:00+00:00
[2024-04-24T21:22:04.763+0000] {processor.py:183} INFO - Processing /home/airflow/.local/lib/python3.10/site-packages/airflow/example_dags/example_skip_dag.py took 0.085 seconds
[2024-04-24T21:22:35.654+0000] {processor.py:161} INFO - Started process (PID=943) to work on /home/airflow/.local/lib/python3.10/site-packages/airflow/example_dags/example_skip_dag.py
[2024-04-24T21:22:35.656+0000] {processor.py:830} INFO - Processing file /home/airflow/.local/lib/python3.10/site-packages/airflow/example_dags/example_skip_dag.py for tasks to queue
[2024-04-24T21:22:35.658+0000] {logging_mixin.py:188} INFO - [2024-04-24T21:22:35.657+0000] {dagbag.py:540} INFO - Filling up the DagBag from /home/airflow/.local/lib/python3.10/site-packages/airflow/example_dags/example_skip_dag.py
[2024-04-24T21:22:35.664+0000] {processor.py:840} INFO - DAG(s) 'example_skip_dag' retrieved from /home/airflow/.local/lib/python3.10/site-packages/airflow/example_dags/example_skip_dag.py
[2024-04-24T21:22:35.686+0000] {logging_mixin.py:188} INFO - [2024-04-24T21:22:35.685+0000] {dag.py:3047} INFO - Sync 1 DAGs
[2024-04-24T21:22:35.716+0000] {logging_mixin.py:188} INFO - [2024-04-24T21:22:35.716+0000] {dag.py:3834} INFO - Setting next_dagrun for example_skip_dag to 2024-04-23 00:00:00+00:00, run_after=2024-04-24 00:00:00+00:00
[2024-04-24T21:22:35.744+0000] {processor.py:183} INFO - Processing /home/airflow/.local/lib/python3.10/site-packages/airflow/example_dags/example_skip_dag.py took 0.093 seconds
[2024-04-24T21:23:05.803+0000] {processor.py:161} INFO - Started process (PID=997) to work on /home/airflow/.local/lib/python3.10/site-packages/airflow/example_dags/example_skip_dag.py
[2024-04-24T21:23:05.804+0000] {processor.py:830} INFO - Processing file /home/airflow/.local/lib/python3.10/site-packages/airflow/example_dags/example_skip_dag.py for tasks to queue
[2024-04-24T21:23:05.806+0000] {logging_mixin.py:188} INFO - [2024-04-24T21:23:05.806+0000] {dagbag.py:540} INFO - Filling up the DagBag from /home/airflow/.local/lib/python3.10/site-packages/airflow/example_dags/example_skip_dag.py
[2024-04-24T21:23:05.812+0000] {processor.py:840} INFO - DAG(s) 'example_skip_dag' retrieved from /home/airflow/.local/lib/python3.10/site-packages/airflow/example_dags/example_skip_dag.py
[2024-04-24T21:23:05.876+0000] {logging_mixin.py:188} INFO - [2024-04-24T21:23:05.876+0000] {dag.py:3047} INFO - Sync 1 DAGs
[2024-04-24T21:23:05.911+0000] {logging_mixin.py:188} INFO - [2024-04-24T21:23:05.911+0000] {dag.py:3834} INFO - Setting next_dagrun for example_skip_dag to 2024-04-23 00:00:00+00:00, run_after=2024-04-24 00:00:00+00:00
[2024-04-24T21:23:05.932+0000] {processor.py:183} INFO - Processing /home/airflow/.local/lib/python3.10/site-packages/airflow/example_dags/example_skip_dag.py took 0.133 seconds
[2024-04-24T21:23:36.205+0000] {processor.py:161} INFO - Started process (PID=1052) to work on /home/airflow/.local/lib/python3.10/site-packages/airflow/example_dags/example_skip_dag.py
[2024-04-24T21:23:36.206+0000] {processor.py:830} INFO - Processing file /home/airflow/.local/lib/python3.10/site-packages/airflow/example_dags/example_skip_dag.py for tasks to queue
[2024-04-24T21:23:36.208+0000] {logging_mixin.py:188} INFO - [2024-04-24T21:23:36.208+0000] {dagbag.py:540} INFO - Filling up the DagBag from /home/airflow/.local/lib/python3.10/site-packages/airflow/example_dags/example_skip_dag.py
[2024-04-24T21:23:36.214+0000] {processor.py:840} INFO - DAG(s) 'example_skip_dag' retrieved from /home/airflow/.local/lib/python3.10/site-packages/airflow/example_dags/example_skip_dag.py
[2024-04-24T21:23:36.255+0000] {logging_mixin.py:188} INFO - [2024-04-24T21:23:36.255+0000] {dag.py:3047} INFO - Sync 1 DAGs
[2024-04-24T21:23:36.284+0000] {logging_mixin.py:188} INFO - [2024-04-24T21:23:36.284+0000] {dag.py:3834} INFO - Setting next_dagrun for example_skip_dag to 2024-04-23 00:00:00+00:00, run_after=2024-04-24 00:00:00+00:00
[2024-04-24T21:23:36.305+0000] {processor.py:183} INFO - Processing /home/airflow/.local/lib/python3.10/site-packages/airflow/example_dags/example_skip_dag.py took 0.103 seconds
[2024-04-24T21:24:06.660+0000] {processor.py:161} INFO - Started process (PID=1107) to work on /home/airflow/.local/lib/python3.10/site-packages/airflow/example_dags/example_skip_dag.py
[2024-04-24T21:24:06.661+0000] {processor.py:830} INFO - Processing file /home/airflow/.local/lib/python3.10/site-packages/airflow/example_dags/example_skip_dag.py for tasks to queue
[2024-04-24T21:24:06.663+0000] {logging_mixin.py:188} INFO - [2024-04-24T21:24:06.662+0000] {dagbag.py:540} INFO - Filling up the DagBag from /home/airflow/.local/lib/python3.10/site-packages/airflow/example_dags/example_skip_dag.py
[2024-04-24T21:24:06.669+0000] {processor.py:840} INFO - DAG(s) 'example_skip_dag' retrieved from /home/airflow/.local/lib/python3.10/site-packages/airflow/example_dags/example_skip_dag.py
[2024-04-24T21:24:06.690+0000] {logging_mixin.py:188} INFO - [2024-04-24T21:24:06.690+0000] {dag.py:3047} INFO - Sync 1 DAGs
[2024-04-24T21:24:06.711+0000] {logging_mixin.py:188} INFO - [2024-04-24T21:24:06.711+0000] {dag.py:3834} INFO - Setting next_dagrun for example_skip_dag to 2024-04-23 00:00:00+00:00, run_after=2024-04-24 00:00:00+00:00
[2024-04-24T21:24:06.735+0000] {processor.py:183} INFO - Processing /home/airflow/.local/lib/python3.10/site-packages/airflow/example_dags/example_skip_dag.py took 0.079 seconds
[2024-04-24T21:24:37.041+0000] {processor.py:161} INFO - Started process (PID=1163) to work on /home/airflow/.local/lib/python3.10/site-packages/airflow/example_dags/example_skip_dag.py
[2024-04-24T21:24:37.043+0000] {processor.py:830} INFO - Processing file /home/airflow/.local/lib/python3.10/site-packages/airflow/example_dags/example_skip_dag.py for tasks to queue
[2024-04-24T21:24:37.046+0000] {logging_mixin.py:188} INFO - [2024-04-24T21:24:37.045+0000] {dagbag.py:540} INFO - Filling up the DagBag from /home/airflow/.local/lib/python3.10/site-packages/airflow/example_dags/example_skip_dag.py
[2024-04-24T21:24:37.054+0000] {processor.py:840} INFO - DAG(s) 'example_skip_dag' retrieved from /home/airflow/.local/lib/python3.10/site-packages/airflow/example_dags/example_skip_dag.py
[2024-04-24T21:24:37.079+0000] {logging_mixin.py:188} INFO - [2024-04-24T21:24:37.079+0000] {dag.py:3047} INFO - Sync 1 DAGs
[2024-04-24T21:24:37.101+0000] {logging_mixin.py:188} INFO - [2024-04-24T21:24:37.101+0000] {dag.py:3834} INFO - Setting next_dagrun for example_skip_dag to 2024-04-23 00:00:00+00:00, run_after=2024-04-24 00:00:00+00:00
[2024-04-24T21:24:37.124+0000] {processor.py:183} INFO - Processing /home/airflow/.local/lib/python3.10/site-packages/airflow/example_dags/example_skip_dag.py took 0.088 seconds
[2024-04-24T21:25:07.335+0000] {processor.py:161} INFO - Started process (PID=1218) to work on /home/airflow/.local/lib/python3.10/site-packages/airflow/example_dags/example_skip_dag.py
[2024-04-24T21:25:07.336+0000] {processor.py:830} INFO - Processing file /home/airflow/.local/lib/python3.10/site-packages/airflow/example_dags/example_skip_dag.py for tasks to queue
[2024-04-24T21:25:07.338+0000] {logging_mixin.py:188} INFO - [2024-04-24T21:25:07.338+0000] {dagbag.py:540} INFO - Filling up the DagBag from /home/airflow/.local/lib/python3.10/site-packages/airflow/example_dags/example_skip_dag.py
[2024-04-24T21:25:07.352+0000] {processor.py:840} INFO - DAG(s) 'example_skip_dag' retrieved from /home/airflow/.local/lib/python3.10/site-packages/airflow/example_dags/example_skip_dag.py
[2024-04-24T21:25:07.379+0000] {logging_mixin.py:188} INFO - [2024-04-24T21:25:07.379+0000] {dag.py:3047} INFO - Sync 1 DAGs
[2024-04-24T21:25:07.407+0000] {logging_mixin.py:188} INFO - [2024-04-24T21:25:07.406+0000] {dag.py:3834} INFO - Setting next_dagrun for example_skip_dag to 2024-04-23 00:00:00+00:00, run_after=2024-04-24 00:00:00+00:00
[2024-04-24T21:25:07.428+0000] {processor.py:183} INFO - Processing /home/airflow/.local/lib/python3.10/site-packages/airflow/example_dags/example_skip_dag.py took 0.096 seconds
[2024-04-24T21:25:37.730+0000] {processor.py:161} INFO - Started process (PID=1274) to work on /home/airflow/.local/lib/python3.10/site-packages/airflow/example_dags/example_skip_dag.py
[2024-04-24T21:25:37.732+0000] {processor.py:830} INFO - Processing file /home/airflow/.local/lib/python3.10/site-packages/airflow/example_dags/example_skip_dag.py for tasks to queue
[2024-04-24T21:25:37.733+0000] {logging_mixin.py:188} INFO - [2024-04-24T21:25:37.733+0000] {dagbag.py:540} INFO - Filling up the DagBag from /home/airflow/.local/lib/python3.10/site-packages/airflow/example_dags/example_skip_dag.py
[2024-04-24T21:25:37.740+0000] {processor.py:840} INFO - DAG(s) 'example_skip_dag' retrieved from /home/airflow/.local/lib/python3.10/site-packages/airflow/example_dags/example_skip_dag.py
[2024-04-24T21:25:37.763+0000] {logging_mixin.py:188} INFO - [2024-04-24T21:25:37.763+0000] {dag.py:3047} INFO - Sync 1 DAGs
[2024-04-24T21:25:37.784+0000] {logging_mixin.py:188} INFO - [2024-04-24T21:25:37.784+0000] {dag.py:3834} INFO - Setting next_dagrun for example_skip_dag to 2024-04-23 00:00:00+00:00, run_after=2024-04-24 00:00:00+00:00
[2024-04-24T21:25:37.806+0000] {processor.py:183} INFO - Processing /home/airflow/.local/lib/python3.10/site-packages/airflow/example_dags/example_skip_dag.py took 0.079 seconds
[2024-04-24T21:26:08.339+0000] {processor.py:161} INFO - Started process (PID=1329) to work on /home/airflow/.local/lib/python3.10/site-packages/airflow/example_dags/example_skip_dag.py
[2024-04-24T21:26:08.341+0000] {processor.py:830} INFO - Processing file /home/airflow/.local/lib/python3.10/site-packages/airflow/example_dags/example_skip_dag.py for tasks to queue
[2024-04-24T21:26:08.343+0000] {logging_mixin.py:188} INFO - [2024-04-24T21:26:08.343+0000] {dagbag.py:540} INFO - Filling up the DagBag from /home/airflow/.local/lib/python3.10/site-packages/airflow/example_dags/example_skip_dag.py
[2024-04-24T21:26:08.349+0000] {processor.py:840} INFO - DAG(s) 'example_skip_dag' retrieved from /home/airflow/.local/lib/python3.10/site-packages/airflow/example_dags/example_skip_dag.py
[2024-04-24T21:26:08.371+0000] {logging_mixin.py:188} INFO - [2024-04-24T21:26:08.371+0000] {dag.py:3047} INFO - Sync 1 DAGs
[2024-04-24T21:26:08.391+0000] {logging_mixin.py:188} INFO - [2024-04-24T21:26:08.390+0000] {dag.py:3834} INFO - Setting next_dagrun for example_skip_dag to 2024-04-23 00:00:00+00:00, run_after=2024-04-24 00:00:00+00:00
[2024-04-24T21:26:08.412+0000] {processor.py:183} INFO - Processing /home/airflow/.local/lib/python3.10/site-packages/airflow/example_dags/example_skip_dag.py took 0.076 seconds
[2024-04-24T21:26:39.296+0000] {processor.py:161} INFO - Started process (PID=1385) to work on /home/airflow/.local/lib/python3.10/site-packages/airflow/example_dags/example_skip_dag.py
[2024-04-24T21:26:39.298+0000] {processor.py:830} INFO - Processing file /home/airflow/.local/lib/python3.10/site-packages/airflow/example_dags/example_skip_dag.py for tasks to queue
[2024-04-24T21:26:39.300+0000] {logging_mixin.py:188} INFO - [2024-04-24T21:26:39.300+0000] {dagbag.py:540} INFO - Filling up the DagBag from /home/airflow/.local/lib/python3.10/site-packages/airflow/example_dags/example_skip_dag.py
[2024-04-24T21:26:39.309+0000] {processor.py:840} INFO - DAG(s) 'example_skip_dag' retrieved from /home/airflow/.local/lib/python3.10/site-packages/airflow/example_dags/example_skip_dag.py
[2024-04-24T21:26:39.335+0000] {logging_mixin.py:188} INFO - [2024-04-24T21:26:39.335+0000] {dag.py:3047} INFO - Sync 1 DAGs
[2024-04-24T21:26:39.366+0000] {logging_mixin.py:188} INFO - [2024-04-24T21:26:39.365+0000] {dag.py:3834} INFO - Setting next_dagrun for example_skip_dag to 2024-04-23 00:00:00+00:00, run_after=2024-04-24 00:00:00+00:00
[2024-04-24T21:26:39.390+0000] {processor.py:183} INFO - Processing /home/airflow/.local/lib/python3.10/site-packages/airflow/example_dags/example_skip_dag.py took 0.099 seconds
[2024-04-24T21:27:10.032+0000] {processor.py:161} INFO - Started process (PID=1440) to work on /home/airflow/.local/lib/python3.10/site-packages/airflow/example_dags/example_skip_dag.py
[2024-04-24T21:27:10.034+0000] {processor.py:830} INFO - Processing file /home/airflow/.local/lib/python3.10/site-packages/airflow/example_dags/example_skip_dag.py for tasks to queue
[2024-04-24T21:27:10.036+0000] {logging_mixin.py:188} INFO - [2024-04-24T21:27:10.036+0000] {dagbag.py:540} INFO - Filling up the DagBag from /home/airflow/.local/lib/python3.10/site-packages/airflow/example_dags/example_skip_dag.py
[2024-04-24T21:27:10.045+0000] {processor.py:840} INFO - DAG(s) 'example_skip_dag' retrieved from /home/airflow/.local/lib/python3.10/site-packages/airflow/example_dags/example_skip_dag.py
[2024-04-24T21:27:10.067+0000] {logging_mixin.py:188} INFO - [2024-04-24T21:27:10.067+0000] {dag.py:3047} INFO - Sync 1 DAGs
[2024-04-24T21:27:10.088+0000] {logging_mixin.py:188} INFO - [2024-04-24T21:27:10.087+0000] {dag.py:3834} INFO - Setting next_dagrun for example_skip_dag to 2024-04-23 00:00:00+00:00, run_after=2024-04-24 00:00:00+00:00
[2024-04-24T21:27:10.250+0000] {processor.py:183} INFO - Processing /home/airflow/.local/lib/python3.10/site-packages/airflow/example_dags/example_skip_dag.py took 0.221 seconds
[2024-04-24T21:27:41.014+0000] {processor.py:161} INFO - Started process (PID=1496) to work on /home/airflow/.local/lib/python3.10/site-packages/airflow/example_dags/example_skip_dag.py
[2024-04-24T21:27:41.016+0000] {processor.py:830} INFO - Processing file /home/airflow/.local/lib/python3.10/site-packages/airflow/example_dags/example_skip_dag.py for tasks to queue
[2024-04-24T21:27:41.018+0000] {logging_mixin.py:188} INFO - [2024-04-24T21:27:41.018+0000] {dagbag.py:540} INFO - Filling up the DagBag from /home/airflow/.local/lib/python3.10/site-packages/airflow/example_dags/example_skip_dag.py
[2024-04-24T21:27:41.024+0000] {processor.py:840} INFO - DAG(s) 'example_skip_dag' retrieved from /home/airflow/.local/lib/python3.10/site-packages/airflow/example_dags/example_skip_dag.py
[2024-04-24T21:27:41.047+0000] {logging_mixin.py:188} INFO - [2024-04-24T21:27:41.047+0000] {dag.py:3047} INFO - Sync 1 DAGs
[2024-04-24T21:27:41.067+0000] {logging_mixin.py:188} INFO - [2024-04-24T21:27:41.067+0000] {dag.py:3834} INFO - Setting next_dagrun for example_skip_dag to 2024-04-23 00:00:00+00:00, run_after=2024-04-24 00:00:00+00:00
[2024-04-24T21:27:41.087+0000] {processor.py:183} INFO - Processing /home/airflow/.local/lib/python3.10/site-packages/airflow/example_dags/example_skip_dag.py took 0.076 seconds
[2024-04-24T21:28:11.730+0000] {processor.py:161} INFO - Started process (PID=1551) to work on /home/airflow/.local/lib/python3.10/site-packages/airflow/example_dags/example_skip_dag.py
[2024-04-24T21:28:11.731+0000] {processor.py:830} INFO - Processing file /home/airflow/.local/lib/python3.10/site-packages/airflow/example_dags/example_skip_dag.py for tasks to queue
[2024-04-24T21:28:11.733+0000] {logging_mixin.py:188} INFO - [2024-04-24T21:28:11.733+0000] {dagbag.py:540} INFO - Filling up the DagBag from /home/airflow/.local/lib/python3.10/site-packages/airflow/example_dags/example_skip_dag.py
[2024-04-24T21:28:11.743+0000] {processor.py:840} INFO - DAG(s) 'example_skip_dag' retrieved from /home/airflow/.local/lib/python3.10/site-packages/airflow/example_dags/example_skip_dag.py
[2024-04-24T21:28:11.766+0000] {logging_mixin.py:188} INFO - [2024-04-24T21:28:11.766+0000] {dag.py:3047} INFO - Sync 1 DAGs
[2024-04-24T21:28:11.791+0000] {logging_mixin.py:188} INFO - [2024-04-24T21:28:11.791+0000] {dag.py:3834} INFO - Setting next_dagrun for example_skip_dag to 2024-04-23 00:00:00+00:00, run_after=2024-04-24 00:00:00+00:00
[2024-04-24T21:28:11.811+0000] {processor.py:183} INFO - Processing /home/airflow/.local/lib/python3.10/site-packages/airflow/example_dags/example_skip_dag.py took 0.085 seconds
[2024-04-24T21:28:42.667+0000] {processor.py:161} INFO - Started process (PID=1606) to work on /home/airflow/.local/lib/python3.10/site-packages/airflow/example_dags/example_skip_dag.py
[2024-04-24T21:28:42.669+0000] {processor.py:830} INFO - Processing file /home/airflow/.local/lib/python3.10/site-packages/airflow/example_dags/example_skip_dag.py for tasks to queue
[2024-04-24T21:28:42.671+0000] {logging_mixin.py:188} INFO - [2024-04-24T21:28:42.671+0000] {dagbag.py:540} INFO - Filling up the DagBag from /home/airflow/.local/lib/python3.10/site-packages/airflow/example_dags/example_skip_dag.py
[2024-04-24T21:28:42.677+0000] {processor.py:840} INFO - DAG(s) 'example_skip_dag' retrieved from /home/airflow/.local/lib/python3.10/site-packages/airflow/example_dags/example_skip_dag.py
[2024-04-24T21:28:42.701+0000] {logging_mixin.py:188} INFO - [2024-04-24T21:28:42.701+0000] {dag.py:3047} INFO - Sync 1 DAGs
[2024-04-24T21:28:42.722+0000] {logging_mixin.py:188} INFO - [2024-04-24T21:28:42.721+0000] {dag.py:3834} INFO - Setting next_dagrun for example_skip_dag to 2024-04-23 00:00:00+00:00, run_after=2024-04-24 00:00:00+00:00
[2024-04-24T21:28:42.743+0000] {processor.py:183} INFO - Processing /home/airflow/.local/lib/python3.10/site-packages/airflow/example_dags/example_skip_dag.py took 0.079 seconds
[2024-04-24T21:29:13.592+0000] {processor.py:161} INFO - Started process (PID=1662) to work on /home/airflow/.local/lib/python3.10/site-packages/airflow/example_dags/example_skip_dag.py
[2024-04-24T21:29:13.593+0000] {processor.py:830} INFO - Processing file /home/airflow/.local/lib/python3.10/site-packages/airflow/example_dags/example_skip_dag.py for tasks to queue
[2024-04-24T21:29:13.595+0000] {logging_mixin.py:188} INFO - [2024-04-24T21:29:13.595+0000] {dagbag.py:540} INFO - Filling up the DagBag from /home/airflow/.local/lib/python3.10/site-packages/airflow/example_dags/example_skip_dag.py
[2024-04-24T21:29:13.601+0000] {processor.py:840} INFO - DAG(s) 'example_skip_dag' retrieved from /home/airflow/.local/lib/python3.10/site-packages/airflow/example_dags/example_skip_dag.py
[2024-04-24T21:29:13.754+0000] {logging_mixin.py:188} INFO - [2024-04-24T21:29:13.754+0000] {dag.py:3047} INFO - Sync 1 DAGs
[2024-04-24T21:29:13.774+0000] {logging_mixin.py:188} INFO - [2024-04-24T21:29:13.774+0000] {dag.py:3834} INFO - Setting next_dagrun for example_skip_dag to 2024-04-23 00:00:00+00:00, run_after=2024-04-24 00:00:00+00:00
[2024-04-24T21:29:13.794+0000] {processor.py:183} INFO - Processing /home/airflow/.local/lib/python3.10/site-packages/airflow/example_dags/example_skip_dag.py took 0.206 seconds
[2024-04-24T21:29:43.856+0000] {processor.py:161} INFO - Started process (PID=1717) to work on /home/airflow/.local/lib/python3.10/site-packages/airflow/example_dags/example_skip_dag.py
[2024-04-24T21:29:43.857+0000] {processor.py:830} INFO - Processing file /home/airflow/.local/lib/python3.10/site-packages/airflow/example_dags/example_skip_dag.py for tasks to queue
[2024-04-24T21:29:43.859+0000] {logging_mixin.py:188} INFO - [2024-04-24T21:29:43.859+0000] {dagbag.py:540} INFO - Filling up the DagBag from /home/airflow/.local/lib/python3.10/site-packages/airflow/example_dags/example_skip_dag.py
[2024-04-24T21:29:43.865+0000] {processor.py:840} INFO - DAG(s) 'example_skip_dag' retrieved from /home/airflow/.local/lib/python3.10/site-packages/airflow/example_dags/example_skip_dag.py
[2024-04-24T21:29:43.887+0000] {logging_mixin.py:188} INFO - [2024-04-24T21:29:43.887+0000] {dag.py:3047} INFO - Sync 1 DAGs
[2024-04-24T21:29:44.028+0000] {logging_mixin.py:188} INFO - [2024-04-24T21:29:44.028+0000] {dag.py:3834} INFO - Setting next_dagrun for example_skip_dag to 2024-04-23 00:00:00+00:00, run_after=2024-04-24 00:00:00+00:00
[2024-04-24T21:29:44.047+0000] {processor.py:183} INFO - Processing /home/airflow/.local/lib/python3.10/site-packages/airflow/example_dags/example_skip_dag.py took 0.195 seconds
[2024-04-24T21:30:14.436+0000] {processor.py:161} INFO - Started process (PID=1773) to work on /home/airflow/.local/lib/python3.10/site-packages/airflow/example_dags/example_skip_dag.py
[2024-04-24T21:30:14.438+0000] {processor.py:830} INFO - Processing file /home/airflow/.local/lib/python3.10/site-packages/airflow/example_dags/example_skip_dag.py for tasks to queue
[2024-04-24T21:30:14.440+0000] {logging_mixin.py:188} INFO - [2024-04-24T21:30:14.440+0000] {dagbag.py:540} INFO - Filling up the DagBag from /home/airflow/.local/lib/python3.10/site-packages/airflow/example_dags/example_skip_dag.py
[2024-04-24T21:30:14.453+0000] {processor.py:840} INFO - DAG(s) 'example_skip_dag' retrieved from /home/airflow/.local/lib/python3.10/site-packages/airflow/example_dags/example_skip_dag.py
[2024-04-24T21:30:14.478+0000] {logging_mixin.py:188} INFO - [2024-04-24T21:30:14.477+0000] {dag.py:3047} INFO - Sync 1 DAGs
[2024-04-24T21:30:14.498+0000] {logging_mixin.py:188} INFO - [2024-04-24T21:30:14.498+0000] {dag.py:3834} INFO - Setting next_dagrun for example_skip_dag to 2024-04-23 00:00:00+00:00, run_after=2024-04-24 00:00:00+00:00
[2024-04-24T21:30:14.518+0000] {processor.py:183} INFO - Processing /home/airflow/.local/lib/python3.10/site-packages/airflow/example_dags/example_skip_dag.py took 0.087 seconds
