[2024-04-24T21:14:30.568+0000] {processor.py:161} INFO - Started process (PID=77) to work on /home/airflow/.local/lib/python3.10/site-packages/airflow/example_dags/example_time_delta_sensor_async.py
[2024-04-24T21:14:30.570+0000] {processor.py:830} INFO - Processing file /home/airflow/.local/lib/python3.10/site-packages/airflow/example_dags/example_time_delta_sensor_async.py for tasks to queue
[2024-04-24T21:14:30.575+0000] {logging_mixin.py:188} INFO - [2024-04-24T21:14:30.574+0000] {dagbag.py:540} INFO - Filling up the DagBag from /home/airflow/.local/lib/python3.10/site-packages/airflow/example_dags/example_time_delta_sensor_async.py
[2024-04-24T21:14:30.595+0000] {processor.py:840} INFO - DAG(s) 'example_time_delta_sensor_async' retrieved from /home/airflow/.local/lib/python3.10/site-packages/airflow/example_dags/example_time_delta_sensor_async.py
[2024-04-24T21:14:30.934+0000] {logging_mixin.py:188} INFO - [2024-04-24T21:14:30.933+0000] {override.py:1769} INFO - Created Permission View: can edit on DAG:example_time_delta_sensor_async
[2024-04-24T21:14:30.967+0000] {logging_mixin.py:188} INFO - [2024-04-24T21:14:30.967+0000] {override.py:1769} INFO - Created Permission View: can read on DAG:example_time_delta_sensor_async
[2024-04-24T21:14:30.988+0000] {logging_mixin.py:188} INFO - [2024-04-24T21:14:30.987+0000] {override.py:1769} INFO - Created Permission View: can delete on DAG:example_time_delta_sensor_async
[2024-04-24T21:14:30.989+0000] {logging_mixin.py:188} INFO - [2024-04-24T21:14:30.989+0000] {dag.py:3047} INFO - Sync 1 DAGs
[2024-04-24T21:14:31.037+0000] {logging_mixin.py:188} INFO - [2024-04-24T21:14:31.037+0000] {dag.py:3069} INFO - Creating ORM DAG for example_time_delta_sensor_async
[2024-04-24T21:14:31.041+0000] {logging_mixin.py:188} INFO - [2024-04-24T21:14:31.040+0000] {dag.py:3834} INFO - Setting next_dagrun for example_time_delta_sensor_async to None, run_after=None
[2024-04-24T21:14:31.133+0000] {processor.py:183} INFO - Processing /home/airflow/.local/lib/python3.10/site-packages/airflow/example_dags/example_time_delta_sensor_async.py took 0.573 seconds
[2024-04-24T21:15:06.411+0000] {processor.py:161} INFO - Started process (PID=132) to work on /home/airflow/.local/lib/python3.10/site-packages/airflow/example_dags/example_time_delta_sensor_async.py
[2024-04-24T21:15:06.414+0000] {processor.py:830} INFO - Processing file /home/airflow/.local/lib/python3.10/site-packages/airflow/example_dags/example_time_delta_sensor_async.py for tasks to queue
[2024-04-24T21:15:06.419+0000] {logging_mixin.py:188} INFO - [2024-04-24T21:15:06.418+0000] {dagbag.py:540} INFO - Filling up the DagBag from /home/airflow/.local/lib/python3.10/site-packages/airflow/example_dags/example_time_delta_sensor_async.py
[2024-04-24T21:15:06.431+0000] {processor.py:840} INFO - DAG(s) 'example_time_delta_sensor_async' retrieved from /home/airflow/.local/lib/python3.10/site-packages/airflow/example_dags/example_time_delta_sensor_async.py
[2024-04-24T21:15:06.472+0000] {logging_mixin.py:188} INFO - [2024-04-24T21:15:06.472+0000] {dag.py:3047} INFO - Sync 1 DAGs
[2024-04-24T21:15:06.504+0000] {logging_mixin.py:188} INFO - [2024-04-24T21:15:06.504+0000] {dag.py:3834} INFO - Setting next_dagrun for example_time_delta_sensor_async to None, run_after=None
[2024-04-24T21:15:06.565+0000] {processor.py:183} INFO - Processing /home/airflow/.local/lib/python3.10/site-packages/airflow/example_dags/example_time_delta_sensor_async.py took 0.177 seconds
[2024-04-24T21:15:37.301+0000] {processor.py:161} INFO - Started process (PID=188) to work on /home/airflow/.local/lib/python3.10/site-packages/airflow/example_dags/example_time_delta_sensor_async.py
[2024-04-24T21:15:37.311+0000] {processor.py:830} INFO - Processing file /home/airflow/.local/lib/python3.10/site-packages/airflow/example_dags/example_time_delta_sensor_async.py for tasks to queue
[2024-04-24T21:15:37.316+0000] {logging_mixin.py:188} INFO - [2024-04-24T21:15:37.316+0000] {dagbag.py:540} INFO - Filling up the DagBag from /home/airflow/.local/lib/python3.10/site-packages/airflow/example_dags/example_time_delta_sensor_async.py
[2024-04-24T21:15:37.327+0000] {processor.py:840} INFO - DAG(s) 'example_time_delta_sensor_async' retrieved from /home/airflow/.local/lib/python3.10/site-packages/airflow/example_dags/example_time_delta_sensor_async.py
[2024-04-24T21:15:37.397+0000] {logging_mixin.py:188} INFO - [2024-04-24T21:15:37.397+0000] {dag.py:3047} INFO - Sync 1 DAGs
[2024-04-24T21:15:37.417+0000] {logging_mixin.py:188} INFO - [2024-04-24T21:15:37.417+0000] {dag.py:3834} INFO - Setting next_dagrun for example_time_delta_sensor_async to None, run_after=None
[2024-04-24T21:15:37.472+0000] {processor.py:183} INFO - Processing /home/airflow/.local/lib/python3.10/site-packages/airflow/example_dags/example_time_delta_sensor_async.py took 0.184 seconds
[2024-04-24T21:16:07.688+0000] {processor.py:161} INFO - Started process (PID=244) to work on /home/airflow/.local/lib/python3.10/site-packages/airflow/example_dags/example_time_delta_sensor_async.py
[2024-04-24T21:16:07.689+0000] {processor.py:830} INFO - Processing file /home/airflow/.local/lib/python3.10/site-packages/airflow/example_dags/example_time_delta_sensor_async.py for tasks to queue
[2024-04-24T21:16:07.692+0000] {logging_mixin.py:188} INFO - [2024-04-24T21:16:07.691+0000] {dagbag.py:540} INFO - Filling up the DagBag from /home/airflow/.local/lib/python3.10/site-packages/airflow/example_dags/example_time_delta_sensor_async.py
[2024-04-24T21:16:07.698+0000] {processor.py:840} INFO - DAG(s) 'example_time_delta_sensor_async' retrieved from /home/airflow/.local/lib/python3.10/site-packages/airflow/example_dags/example_time_delta_sensor_async.py
[2024-04-24T21:16:07.725+0000] {logging_mixin.py:188} INFO - [2024-04-24T21:16:07.725+0000] {dag.py:3047} INFO - Sync 1 DAGs
[2024-04-24T21:16:07.745+0000] {logging_mixin.py:188} INFO - [2024-04-24T21:16:07.745+0000] {dag.py:3834} INFO - Setting next_dagrun for example_time_delta_sensor_async to None, run_after=None
[2024-04-24T21:16:07.769+0000] {processor.py:183} INFO - Processing /home/airflow/.local/lib/python3.10/site-packages/airflow/example_dags/example_time_delta_sensor_async.py took 0.085 seconds
[2024-04-24T21:16:40.960+0000] {processor.py:161} INFO - Started process (PID=299) to work on /home/airflow/.local/lib/python3.10/site-packages/airflow/example_dags/example_time_delta_sensor_async.py
[2024-04-24T21:16:40.963+0000] {processor.py:830} INFO - Processing file /home/airflow/.local/lib/python3.10/site-packages/airflow/example_dags/example_time_delta_sensor_async.py for tasks to queue
[2024-04-24T21:16:40.991+0000] {logging_mixin.py:188} INFO - [2024-04-24T21:16:40.990+0000] {dagbag.py:540} INFO - Filling up the DagBag from /home/airflow/.local/lib/python3.10/site-packages/airflow/example_dags/example_time_delta_sensor_async.py
[2024-04-24T21:16:41.013+0000] {processor.py:840} INFO - DAG(s) 'example_time_delta_sensor_async' retrieved from /home/airflow/.local/lib/python3.10/site-packages/airflow/example_dags/example_time_delta_sensor_async.py
[2024-04-24T21:16:41.097+0000] {logging_mixin.py:188} INFO - [2024-04-24T21:16:41.096+0000] {dag.py:3047} INFO - Sync 1 DAGs
[2024-04-24T21:16:41.155+0000] {logging_mixin.py:188} INFO - [2024-04-24T21:16:41.154+0000] {dag.py:3834} INFO - Setting next_dagrun for example_time_delta_sensor_async to None, run_after=None
[2024-04-24T21:16:41.220+0000] {processor.py:183} INFO - Processing /home/airflow/.local/lib/python3.10/site-packages/airflow/example_dags/example_time_delta_sensor_async.py took 0.274 seconds
[2024-04-24T21:17:12.158+0000] {processor.py:161} INFO - Started process (PID=354) to work on /home/airflow/.local/lib/python3.10/site-packages/airflow/example_dags/example_time_delta_sensor_async.py
[2024-04-24T21:17:12.159+0000] {processor.py:830} INFO - Processing file /home/airflow/.local/lib/python3.10/site-packages/airflow/example_dags/example_time_delta_sensor_async.py for tasks to queue
[2024-04-24T21:17:12.161+0000] {logging_mixin.py:188} INFO - [2024-04-24T21:17:12.161+0000] {dagbag.py:540} INFO - Filling up the DagBag from /home/airflow/.local/lib/python3.10/site-packages/airflow/example_dags/example_time_delta_sensor_async.py
[2024-04-24T21:17:12.166+0000] {processor.py:840} INFO - DAG(s) 'example_time_delta_sensor_async' retrieved from /home/airflow/.local/lib/python3.10/site-packages/airflow/example_dags/example_time_delta_sensor_async.py
[2024-04-24T21:17:12.187+0000] {logging_mixin.py:188} INFO - [2024-04-24T21:17:12.187+0000] {dag.py:3047} INFO - Sync 1 DAGs
[2024-04-24T21:17:12.199+0000] {logging_mixin.py:188} INFO - [2024-04-24T21:17:12.198+0000] {dag.py:3834} INFO - Setting next_dagrun for example_time_delta_sensor_async to None, run_after=None
[2024-04-24T21:17:12.220+0000] {processor.py:183} INFO - Processing /home/airflow/.local/lib/python3.10/site-packages/airflow/example_dags/example_time_delta_sensor_async.py took 0.066 seconds
[2024-04-24T21:17:42.833+0000] {processor.py:161} INFO - Started process (PID=410) to work on /home/airflow/.local/lib/python3.10/site-packages/airflow/example_dags/example_time_delta_sensor_async.py
[2024-04-24T21:17:42.834+0000] {processor.py:830} INFO - Processing file /home/airflow/.local/lib/python3.10/site-packages/airflow/example_dags/example_time_delta_sensor_async.py for tasks to queue
[2024-04-24T21:17:42.836+0000] {logging_mixin.py:188} INFO - [2024-04-24T21:17:42.836+0000] {dagbag.py:540} INFO - Filling up the DagBag from /home/airflow/.local/lib/python3.10/site-packages/airflow/example_dags/example_time_delta_sensor_async.py
[2024-04-24T21:17:42.841+0000] {processor.py:840} INFO - DAG(s) 'example_time_delta_sensor_async' retrieved from /home/airflow/.local/lib/python3.10/site-packages/airflow/example_dags/example_time_delta_sensor_async.py
[2024-04-24T21:17:42.863+0000] {logging_mixin.py:188} INFO - [2024-04-24T21:17:42.863+0000] {dag.py:3047} INFO - Sync 1 DAGs
[2024-04-24T21:17:42.875+0000] {logging_mixin.py:188} INFO - [2024-04-24T21:17:42.875+0000] {dag.py:3834} INFO - Setting next_dagrun for example_time_delta_sensor_async to None, run_after=None
[2024-04-24T21:17:42.898+0000] {processor.py:183} INFO - Processing /home/airflow/.local/lib/python3.10/site-packages/airflow/example_dags/example_time_delta_sensor_async.py took 0.069 seconds
[2024-04-24T21:18:13.196+0000] {processor.py:161} INFO - Started process (PID=465) to work on /home/airflow/.local/lib/python3.10/site-packages/airflow/example_dags/example_time_delta_sensor_async.py
[2024-04-24T21:18:13.197+0000] {processor.py:830} INFO - Processing file /home/airflow/.local/lib/python3.10/site-packages/airflow/example_dags/example_time_delta_sensor_async.py for tasks to queue
[2024-04-24T21:18:13.199+0000] {logging_mixin.py:188} INFO - [2024-04-24T21:18:13.199+0000] {dagbag.py:540} INFO - Filling up the DagBag from /home/airflow/.local/lib/python3.10/site-packages/airflow/example_dags/example_time_delta_sensor_async.py
[2024-04-24T21:18:13.204+0000] {processor.py:840} INFO - DAG(s) 'example_time_delta_sensor_async' retrieved from /home/airflow/.local/lib/python3.10/site-packages/airflow/example_dags/example_time_delta_sensor_async.py
[2024-04-24T21:18:13.226+0000] {logging_mixin.py:188} INFO - [2024-04-24T21:18:13.225+0000] {dag.py:3047} INFO - Sync 1 DAGs
[2024-04-24T21:18:13.238+0000] {logging_mixin.py:188} INFO - [2024-04-24T21:18:13.238+0000] {dag.py:3834} INFO - Setting next_dagrun for example_time_delta_sensor_async to None, run_after=None
[2024-04-24T21:18:13.259+0000] {processor.py:183} INFO - Processing /home/airflow/.local/lib/python3.10/site-packages/airflow/example_dags/example_time_delta_sensor_async.py took 0.066 seconds
[2024-04-24T21:18:43.874+0000] {processor.py:161} INFO - Started process (PID=520) to work on /home/airflow/.local/lib/python3.10/site-packages/airflow/example_dags/example_time_delta_sensor_async.py
[2024-04-24T21:18:43.876+0000] {processor.py:830} INFO - Processing file /home/airflow/.local/lib/python3.10/site-packages/airflow/example_dags/example_time_delta_sensor_async.py for tasks to queue
[2024-04-24T21:18:43.878+0000] {logging_mixin.py:188} INFO - [2024-04-24T21:18:43.878+0000] {dagbag.py:540} INFO - Filling up the DagBag from /home/airflow/.local/lib/python3.10/site-packages/airflow/example_dags/example_time_delta_sensor_async.py
[2024-04-24T21:18:43.884+0000] {processor.py:840} INFO - DAG(s) 'example_time_delta_sensor_async' retrieved from /home/airflow/.local/lib/python3.10/site-packages/airflow/example_dags/example_time_delta_sensor_async.py
[2024-04-24T21:18:43.908+0000] {logging_mixin.py:188} INFO - [2024-04-24T21:18:43.907+0000] {dag.py:3047} INFO - Sync 1 DAGs
[2024-04-24T21:18:43.923+0000] {logging_mixin.py:188} INFO - [2024-04-24T21:18:43.923+0000] {dag.py:3834} INFO - Setting next_dagrun for example_time_delta_sensor_async to None, run_after=None
[2024-04-24T21:18:43.946+0000] {processor.py:183} INFO - Processing /home/airflow/.local/lib/python3.10/site-packages/airflow/example_dags/example_time_delta_sensor_async.py took 0.076 seconds
[2024-04-24T21:19:14.617+0000] {processor.py:161} INFO - Started process (PID=576) to work on /home/airflow/.local/lib/python3.10/site-packages/airflow/example_dags/example_time_delta_sensor_async.py
[2024-04-24T21:19:14.618+0000] {processor.py:830} INFO - Processing file /home/airflow/.local/lib/python3.10/site-packages/airflow/example_dags/example_time_delta_sensor_async.py for tasks to queue
[2024-04-24T21:19:14.621+0000] {logging_mixin.py:188} INFO - [2024-04-24T21:19:14.620+0000] {dagbag.py:540} INFO - Filling up the DagBag from /home/airflow/.local/lib/python3.10/site-packages/airflow/example_dags/example_time_delta_sensor_async.py
[2024-04-24T21:19:14.625+0000] {processor.py:840} INFO - DAG(s) 'example_time_delta_sensor_async' retrieved from /home/airflow/.local/lib/python3.10/site-packages/airflow/example_dags/example_time_delta_sensor_async.py
[2024-04-24T21:19:14.646+0000] {logging_mixin.py:188} INFO - [2024-04-24T21:19:14.646+0000] {dag.py:3047} INFO - Sync 1 DAGs
[2024-04-24T21:19:14.658+0000] {logging_mixin.py:188} INFO - [2024-04-24T21:19:14.658+0000] {dag.py:3834} INFO - Setting next_dagrun for example_time_delta_sensor_async to None, run_after=None
[2024-04-24T21:19:14.678+0000] {processor.py:183} INFO - Processing /home/airflow/.local/lib/python3.10/site-packages/airflow/example_dags/example_time_delta_sensor_async.py took 0.064 seconds
[2024-04-24T21:19:44.807+0000] {processor.py:161} INFO - Started process (PID=632) to work on /home/airflow/.local/lib/python3.10/site-packages/airflow/example_dags/example_time_delta_sensor_async.py
[2024-04-24T21:19:44.809+0000] {processor.py:830} INFO - Processing file /home/airflow/.local/lib/python3.10/site-packages/airflow/example_dags/example_time_delta_sensor_async.py for tasks to queue
[2024-04-24T21:19:44.811+0000] {logging_mixin.py:188} INFO - [2024-04-24T21:19:44.811+0000] {dagbag.py:540} INFO - Filling up the DagBag from /home/airflow/.local/lib/python3.10/site-packages/airflow/example_dags/example_time_delta_sensor_async.py
[2024-04-24T21:19:44.816+0000] {processor.py:840} INFO - DAG(s) 'example_time_delta_sensor_async' retrieved from /home/airflow/.local/lib/python3.10/site-packages/airflow/example_dags/example_time_delta_sensor_async.py
[2024-04-24T21:19:44.853+0000] {logging_mixin.py:188} INFO - [2024-04-24T21:19:44.853+0000] {dag.py:3047} INFO - Sync 1 DAGs
[2024-04-24T21:19:44.883+0000] {logging_mixin.py:188} INFO - [2024-04-24T21:19:44.882+0000] {dag.py:3834} INFO - Setting next_dagrun for example_time_delta_sensor_async to None, run_after=None
[2024-04-24T21:19:44.914+0000] {processor.py:183} INFO - Processing /home/airflow/.local/lib/python3.10/site-packages/airflow/example_dags/example_time_delta_sensor_async.py took 0.111 seconds
[2024-04-24T21:20:15.481+0000] {processor.py:161} INFO - Started process (PID=688) to work on /home/airflow/.local/lib/python3.10/site-packages/airflow/example_dags/example_time_delta_sensor_async.py
[2024-04-24T21:20:15.483+0000] {processor.py:830} INFO - Processing file /home/airflow/.local/lib/python3.10/site-packages/airflow/example_dags/example_time_delta_sensor_async.py for tasks to queue
[2024-04-24T21:20:15.487+0000] {logging_mixin.py:188} INFO - [2024-04-24T21:20:15.487+0000] {dagbag.py:540} INFO - Filling up the DagBag from /home/airflow/.local/lib/python3.10/site-packages/airflow/example_dags/example_time_delta_sensor_async.py
[2024-04-24T21:20:15.497+0000] {processor.py:840} INFO - DAG(s) 'example_time_delta_sensor_async' retrieved from /home/airflow/.local/lib/python3.10/site-packages/airflow/example_dags/example_time_delta_sensor_async.py
[2024-04-24T21:20:15.551+0000] {logging_mixin.py:188} INFO - [2024-04-24T21:20:15.551+0000] {dag.py:3047} INFO - Sync 1 DAGs
[2024-04-24T21:20:15.581+0000] {logging_mixin.py:188} INFO - [2024-04-24T21:20:15.580+0000] {dag.py:3834} INFO - Setting next_dagrun for example_time_delta_sensor_async to None, run_after=None
[2024-04-24T21:20:15.632+0000] {processor.py:183} INFO - Processing /home/airflow/.local/lib/python3.10/site-packages/airflow/example_dags/example_time_delta_sensor_async.py took 0.156 seconds
[2024-04-24T21:20:45.943+0000] {processor.py:161} INFO - Started process (PID=744) to work on /home/airflow/.local/lib/python3.10/site-packages/airflow/example_dags/example_time_delta_sensor_async.py
[2024-04-24T21:20:45.944+0000] {processor.py:830} INFO - Processing file /home/airflow/.local/lib/python3.10/site-packages/airflow/example_dags/example_time_delta_sensor_async.py for tasks to queue
[2024-04-24T21:20:45.946+0000] {logging_mixin.py:188} INFO - [2024-04-24T21:20:45.946+0000] {dagbag.py:540} INFO - Filling up the DagBag from /home/airflow/.local/lib/python3.10/site-packages/airflow/example_dags/example_time_delta_sensor_async.py
[2024-04-24T21:20:45.951+0000] {processor.py:840} INFO - DAG(s) 'example_time_delta_sensor_async' retrieved from /home/airflow/.local/lib/python3.10/site-packages/airflow/example_dags/example_time_delta_sensor_async.py
[2024-04-24T21:20:45.973+0000] {logging_mixin.py:188} INFO - [2024-04-24T21:20:45.973+0000] {dag.py:3047} INFO - Sync 1 DAGs
[2024-04-24T21:20:45.984+0000] {logging_mixin.py:188} INFO - [2024-04-24T21:20:45.984+0000] {dag.py:3834} INFO - Setting next_dagrun for example_time_delta_sensor_async to None, run_after=None
[2024-04-24T21:20:46.020+0000] {processor.py:183} INFO - Processing /home/airflow/.local/lib/python3.10/site-packages/airflow/example_dags/example_time_delta_sensor_async.py took 0.080 seconds
[2024-04-24T21:21:16.742+0000] {processor.py:161} INFO - Started process (PID=800) to work on /home/airflow/.local/lib/python3.10/site-packages/airflow/example_dags/example_time_delta_sensor_async.py
[2024-04-24T21:21:16.743+0000] {processor.py:830} INFO - Processing file /home/airflow/.local/lib/python3.10/site-packages/airflow/example_dags/example_time_delta_sensor_async.py for tasks to queue
[2024-04-24T21:21:16.745+0000] {logging_mixin.py:188} INFO - [2024-04-24T21:21:16.745+0000] {dagbag.py:540} INFO - Filling up the DagBag from /home/airflow/.local/lib/python3.10/site-packages/airflow/example_dags/example_time_delta_sensor_async.py
[2024-04-24T21:21:16.750+0000] {processor.py:840} INFO - DAG(s) 'example_time_delta_sensor_async' retrieved from /home/airflow/.local/lib/python3.10/site-packages/airflow/example_dags/example_time_delta_sensor_async.py
[2024-04-24T21:21:16.771+0000] {logging_mixin.py:188} INFO - [2024-04-24T21:21:16.771+0000] {dag.py:3047} INFO - Sync 1 DAGs
[2024-04-24T21:21:16.782+0000] {logging_mixin.py:188} INFO - [2024-04-24T21:21:16.782+0000] {dag.py:3834} INFO - Setting next_dagrun for example_time_delta_sensor_async to None, run_after=None
[2024-04-24T21:21:16.801+0000] {processor.py:183} INFO - Processing /home/airflow/.local/lib/python3.10/site-packages/airflow/example_dags/example_time_delta_sensor_async.py took 0.063 seconds
[2024-04-24T21:21:46.883+0000] {processor.py:161} INFO - Started process (PID=855) to work on /home/airflow/.local/lib/python3.10/site-packages/airflow/example_dags/example_time_delta_sensor_async.py
[2024-04-24T21:21:46.884+0000] {processor.py:830} INFO - Processing file /home/airflow/.local/lib/python3.10/site-packages/airflow/example_dags/example_time_delta_sensor_async.py for tasks to queue
[2024-04-24T21:21:46.886+0000] {logging_mixin.py:188} INFO - [2024-04-24T21:21:46.886+0000] {dagbag.py:540} INFO - Filling up the DagBag from /home/airflow/.local/lib/python3.10/site-packages/airflow/example_dags/example_time_delta_sensor_async.py
[2024-04-24T21:21:46.891+0000] {processor.py:840} INFO - DAG(s) 'example_time_delta_sensor_async' retrieved from /home/airflow/.local/lib/python3.10/site-packages/airflow/example_dags/example_time_delta_sensor_async.py
[2024-04-24T21:21:46.911+0000] {logging_mixin.py:188} INFO - [2024-04-24T21:21:46.911+0000] {dag.py:3047} INFO - Sync 1 DAGs
[2024-04-24T21:21:46.923+0000] {logging_mixin.py:188} INFO - [2024-04-24T21:21:46.923+0000] {dag.py:3834} INFO - Setting next_dagrun for example_time_delta_sensor_async to None, run_after=None
[2024-04-24T21:21:46.943+0000] {processor.py:183} INFO - Processing /home/airflow/.local/lib/python3.10/site-packages/airflow/example_dags/example_time_delta_sensor_async.py took 0.063 seconds
[2024-04-24T21:22:17.131+0000] {processor.py:161} INFO - Started process (PID=911) to work on /home/airflow/.local/lib/python3.10/site-packages/airflow/example_dags/example_time_delta_sensor_async.py
[2024-04-24T21:22:17.132+0000] {processor.py:830} INFO - Processing file /home/airflow/.local/lib/python3.10/site-packages/airflow/example_dags/example_time_delta_sensor_async.py for tasks to queue
[2024-04-24T21:22:17.134+0000] {logging_mixin.py:188} INFO - [2024-04-24T21:22:17.134+0000] {dagbag.py:540} INFO - Filling up the DagBag from /home/airflow/.local/lib/python3.10/site-packages/airflow/example_dags/example_time_delta_sensor_async.py
[2024-04-24T21:22:17.139+0000] {processor.py:840} INFO - DAG(s) 'example_time_delta_sensor_async' retrieved from /home/airflow/.local/lib/python3.10/site-packages/airflow/example_dags/example_time_delta_sensor_async.py
[2024-04-24T21:22:17.160+0000] {logging_mixin.py:188} INFO - [2024-04-24T21:22:17.160+0000] {dag.py:3047} INFO - Sync 1 DAGs
[2024-04-24T21:22:17.171+0000] {logging_mixin.py:188} INFO - [2024-04-24T21:22:17.171+0000] {dag.py:3834} INFO - Setting next_dagrun for example_time_delta_sensor_async to None, run_after=None
[2024-04-24T21:22:17.191+0000] {processor.py:183} INFO - Processing /home/airflow/.local/lib/python3.10/site-packages/airflow/example_dags/example_time_delta_sensor_async.py took 0.064 seconds
[2024-04-24T21:22:47.366+0000] {processor.py:161} INFO - Started process (PID=967) to work on /home/airflow/.local/lib/python3.10/site-packages/airflow/example_dags/example_time_delta_sensor_async.py
[2024-04-24T21:22:47.368+0000] {processor.py:830} INFO - Processing file /home/airflow/.local/lib/python3.10/site-packages/airflow/example_dags/example_time_delta_sensor_async.py for tasks to queue
[2024-04-24T21:22:47.370+0000] {logging_mixin.py:188} INFO - [2024-04-24T21:22:47.370+0000] {dagbag.py:540} INFO - Filling up the DagBag from /home/airflow/.local/lib/python3.10/site-packages/airflow/example_dags/example_time_delta_sensor_async.py
[2024-04-24T21:22:47.375+0000] {processor.py:840} INFO - DAG(s) 'example_time_delta_sensor_async' retrieved from /home/airflow/.local/lib/python3.10/site-packages/airflow/example_dags/example_time_delta_sensor_async.py
[2024-04-24T21:22:47.397+0000] {logging_mixin.py:188} INFO - [2024-04-24T21:22:47.397+0000] {dag.py:3047} INFO - Sync 1 DAGs
[2024-04-24T21:22:47.410+0000] {logging_mixin.py:188} INFO - [2024-04-24T21:22:47.410+0000] {dag.py:3834} INFO - Setting next_dagrun for example_time_delta_sensor_async to None, run_after=None
[2024-04-24T21:22:47.438+0000] {processor.py:183} INFO - Processing /home/airflow/.local/lib/python3.10/site-packages/airflow/example_dags/example_time_delta_sensor_async.py took 0.075 seconds
[2024-04-24T21:23:17.673+0000] {processor.py:161} INFO - Started process (PID=1022) to work on /home/airflow/.local/lib/python3.10/site-packages/airflow/example_dags/example_time_delta_sensor_async.py
[2024-04-24T21:23:17.675+0000] {processor.py:830} INFO - Processing file /home/airflow/.local/lib/python3.10/site-packages/airflow/example_dags/example_time_delta_sensor_async.py for tasks to queue
[2024-04-24T21:23:17.677+0000] {logging_mixin.py:188} INFO - [2024-04-24T21:23:17.676+0000] {dagbag.py:540} INFO - Filling up the DagBag from /home/airflow/.local/lib/python3.10/site-packages/airflow/example_dags/example_time_delta_sensor_async.py
[2024-04-24T21:23:17.682+0000] {processor.py:840} INFO - DAG(s) 'example_time_delta_sensor_async' retrieved from /home/airflow/.local/lib/python3.10/site-packages/airflow/example_dags/example_time_delta_sensor_async.py
[2024-04-24T21:23:17.707+0000] {logging_mixin.py:188} INFO - [2024-04-24T21:23:17.707+0000] {dag.py:3047} INFO - Sync 1 DAGs
[2024-04-24T21:23:17.719+0000] {logging_mixin.py:188} INFO - [2024-04-24T21:23:17.719+0000] {dag.py:3834} INFO - Setting next_dagrun for example_time_delta_sensor_async to None, run_after=None
[2024-04-24T21:23:17.741+0000] {processor.py:183} INFO - Processing /home/airflow/.local/lib/python3.10/site-packages/airflow/example_dags/example_time_delta_sensor_async.py took 0.072 seconds
[2024-04-24T21:23:48.049+0000] {processor.py:161} INFO - Started process (PID=1077) to work on /home/airflow/.local/lib/python3.10/site-packages/airflow/example_dags/example_time_delta_sensor_async.py
[2024-04-24T21:23:48.051+0000] {processor.py:830} INFO - Processing file /home/airflow/.local/lib/python3.10/site-packages/airflow/example_dags/example_time_delta_sensor_async.py for tasks to queue
[2024-04-24T21:23:48.053+0000] {logging_mixin.py:188} INFO - [2024-04-24T21:23:48.052+0000] {dagbag.py:540} INFO - Filling up the DagBag from /home/airflow/.local/lib/python3.10/site-packages/airflow/example_dags/example_time_delta_sensor_async.py
[2024-04-24T21:23:48.057+0000] {processor.py:840} INFO - DAG(s) 'example_time_delta_sensor_async' retrieved from /home/airflow/.local/lib/python3.10/site-packages/airflow/example_dags/example_time_delta_sensor_async.py
[2024-04-24T21:23:48.079+0000] {logging_mixin.py:188} INFO - [2024-04-24T21:23:48.079+0000] {dag.py:3047} INFO - Sync 1 DAGs
[2024-04-24T21:23:48.091+0000] {logging_mixin.py:188} INFO - [2024-04-24T21:23:48.091+0000] {dag.py:3834} INFO - Setting next_dagrun for example_time_delta_sensor_async to None, run_after=None
[2024-04-24T21:23:48.112+0000] {processor.py:183} INFO - Processing /home/airflow/.local/lib/python3.10/site-packages/airflow/example_dags/example_time_delta_sensor_async.py took 0.066 seconds
[2024-04-24T21:24:18.537+0000] {processor.py:161} INFO - Started process (PID=1132) to work on /home/airflow/.local/lib/python3.10/site-packages/airflow/example_dags/example_time_delta_sensor_async.py
[2024-04-24T21:24:18.538+0000] {processor.py:830} INFO - Processing file /home/airflow/.local/lib/python3.10/site-packages/airflow/example_dags/example_time_delta_sensor_async.py for tasks to queue
[2024-04-24T21:24:18.540+0000] {logging_mixin.py:188} INFO - [2024-04-24T21:24:18.540+0000] {dagbag.py:540} INFO - Filling up the DagBag from /home/airflow/.local/lib/python3.10/site-packages/airflow/example_dags/example_time_delta_sensor_async.py
[2024-04-24T21:24:18.544+0000] {processor.py:840} INFO - DAG(s) 'example_time_delta_sensor_async' retrieved from /home/airflow/.local/lib/python3.10/site-packages/airflow/example_dags/example_time_delta_sensor_async.py
[2024-04-24T21:24:18.566+0000] {logging_mixin.py:188} INFO - [2024-04-24T21:24:18.566+0000] {dag.py:3047} INFO - Sync 1 DAGs
[2024-04-24T21:24:18.577+0000] {logging_mixin.py:188} INFO - [2024-04-24T21:24:18.577+0000] {dag.py:3834} INFO - Setting next_dagrun for example_time_delta_sensor_async to None, run_after=None
[2024-04-24T21:24:18.597+0000] {processor.py:183} INFO - Processing /home/airflow/.local/lib/python3.10/site-packages/airflow/example_dags/example_time_delta_sensor_async.py took 0.063 seconds
[2024-04-24T21:24:48.811+0000] {processor.py:161} INFO - Started process (PID=1188) to work on /home/airflow/.local/lib/python3.10/site-packages/airflow/example_dags/example_time_delta_sensor_async.py
[2024-04-24T21:24:48.812+0000] {processor.py:830} INFO - Processing file /home/airflow/.local/lib/python3.10/site-packages/airflow/example_dags/example_time_delta_sensor_async.py for tasks to queue
[2024-04-24T21:24:48.814+0000] {logging_mixin.py:188} INFO - [2024-04-24T21:24:48.814+0000] {dagbag.py:540} INFO - Filling up the DagBag from /home/airflow/.local/lib/python3.10/site-packages/airflow/example_dags/example_time_delta_sensor_async.py
[2024-04-24T21:24:48.818+0000] {processor.py:840} INFO - DAG(s) 'example_time_delta_sensor_async' retrieved from /home/airflow/.local/lib/python3.10/site-packages/airflow/example_dags/example_time_delta_sensor_async.py
[2024-04-24T21:24:48.839+0000] {logging_mixin.py:188} INFO - [2024-04-24T21:24:48.839+0000] {dag.py:3047} INFO - Sync 1 DAGs
[2024-04-24T21:24:48.850+0000] {logging_mixin.py:188} INFO - [2024-04-24T21:24:48.850+0000] {dag.py:3834} INFO - Setting next_dagrun for example_time_delta_sensor_async to None, run_after=None
[2024-04-24T21:24:48.873+0000] {processor.py:183} INFO - Processing /home/airflow/.local/lib/python3.10/site-packages/airflow/example_dags/example_time_delta_sensor_async.py took 0.066 seconds
[2024-04-24T21:25:19.293+0000] {processor.py:161} INFO - Started process (PID=1243) to work on /home/airflow/.local/lib/python3.10/site-packages/airflow/example_dags/example_time_delta_sensor_async.py
[2024-04-24T21:25:19.294+0000] {processor.py:830} INFO - Processing file /home/airflow/.local/lib/python3.10/site-packages/airflow/example_dags/example_time_delta_sensor_async.py for tasks to queue
[2024-04-24T21:25:19.296+0000] {logging_mixin.py:188} INFO - [2024-04-24T21:25:19.296+0000] {dagbag.py:540} INFO - Filling up the DagBag from /home/airflow/.local/lib/python3.10/site-packages/airflow/example_dags/example_time_delta_sensor_async.py
[2024-04-24T21:25:19.301+0000] {processor.py:840} INFO - DAG(s) 'example_time_delta_sensor_async' retrieved from /home/airflow/.local/lib/python3.10/site-packages/airflow/example_dags/example_time_delta_sensor_async.py
[2024-04-24T21:25:19.322+0000] {logging_mixin.py:188} INFO - [2024-04-24T21:25:19.322+0000] {dag.py:3047} INFO - Sync 1 DAGs
[2024-04-24T21:25:19.334+0000] {logging_mixin.py:188} INFO - [2024-04-24T21:25:19.333+0000] {dag.py:3834} INFO - Setting next_dagrun for example_time_delta_sensor_async to None, run_after=None
[2024-04-24T21:25:19.356+0000] {processor.py:183} INFO - Processing /home/airflow/.local/lib/python3.10/site-packages/airflow/example_dags/example_time_delta_sensor_async.py took 0.066 seconds
[2024-04-24T21:25:49.899+0000] {processor.py:161} INFO - Started process (PID=1299) to work on /home/airflow/.local/lib/python3.10/site-packages/airflow/example_dags/example_time_delta_sensor_async.py
[2024-04-24T21:25:49.900+0000] {processor.py:830} INFO - Processing file /home/airflow/.local/lib/python3.10/site-packages/airflow/example_dags/example_time_delta_sensor_async.py for tasks to queue
[2024-04-24T21:25:49.903+0000] {logging_mixin.py:188} INFO - [2024-04-24T21:25:49.903+0000] {dagbag.py:540} INFO - Filling up the DagBag from /home/airflow/.local/lib/python3.10/site-packages/airflow/example_dags/example_time_delta_sensor_async.py
[2024-04-24T21:25:49.909+0000] {processor.py:840} INFO - DAG(s) 'example_time_delta_sensor_async' retrieved from /home/airflow/.local/lib/python3.10/site-packages/airflow/example_dags/example_time_delta_sensor_async.py
[2024-04-24T21:25:49.932+0000] {logging_mixin.py:188} INFO - [2024-04-24T21:25:49.931+0000] {dag.py:3047} INFO - Sync 1 DAGs
[2024-04-24T21:25:49.949+0000] {logging_mixin.py:188} INFO - [2024-04-24T21:25:49.948+0000] {dag.py:3834} INFO - Setting next_dagrun for example_time_delta_sensor_async to None, run_after=None
[2024-04-24T21:25:49.969+0000] {processor.py:183} INFO - Processing /home/airflow/.local/lib/python3.10/site-packages/airflow/example_dags/example_time_delta_sensor_async.py took 0.073 seconds
[2024-04-24T21:26:20.250+0000] {processor.py:161} INFO - Started process (PID=1354) to work on /home/airflow/.local/lib/python3.10/site-packages/airflow/example_dags/example_time_delta_sensor_async.py
[2024-04-24T21:26:20.251+0000] {processor.py:830} INFO - Processing file /home/airflow/.local/lib/python3.10/site-packages/airflow/example_dags/example_time_delta_sensor_async.py for tasks to queue
[2024-04-24T21:26:20.253+0000] {logging_mixin.py:188} INFO - [2024-04-24T21:26:20.253+0000] {dagbag.py:540} INFO - Filling up the DagBag from /home/airflow/.local/lib/python3.10/site-packages/airflow/example_dags/example_time_delta_sensor_async.py
[2024-04-24T21:26:20.258+0000] {processor.py:840} INFO - DAG(s) 'example_time_delta_sensor_async' retrieved from /home/airflow/.local/lib/python3.10/site-packages/airflow/example_dags/example_time_delta_sensor_async.py
[2024-04-24T21:26:20.341+0000] {logging_mixin.py:188} INFO - [2024-04-24T21:26:20.340+0000] {dag.py:3047} INFO - Sync 1 DAGs
[2024-04-24T21:26:20.366+0000] {logging_mixin.py:188} INFO - [2024-04-24T21:26:20.366+0000] {dag.py:3834} INFO - Setting next_dagrun for example_time_delta_sensor_async to None, run_after=None
[2024-04-24T21:26:20.400+0000] {processor.py:183} INFO - Processing /home/airflow/.local/lib/python3.10/site-packages/airflow/example_dags/example_time_delta_sensor_async.py took 0.153 seconds
[2024-04-24T21:26:50.780+0000] {processor.py:161} INFO - Started process (PID=1409) to work on /home/airflow/.local/lib/python3.10/site-packages/airflow/example_dags/example_time_delta_sensor_async.py
[2024-04-24T21:26:50.782+0000] {processor.py:830} INFO - Processing file /home/airflow/.local/lib/python3.10/site-packages/airflow/example_dags/example_time_delta_sensor_async.py for tasks to queue
[2024-04-24T21:26:50.786+0000] {logging_mixin.py:188} INFO - [2024-04-24T21:26:50.785+0000] {dagbag.py:540} INFO - Filling up the DagBag from /home/airflow/.local/lib/python3.10/site-packages/airflow/example_dags/example_time_delta_sensor_async.py
[2024-04-24T21:26:50.793+0000] {processor.py:840} INFO - DAG(s) 'example_time_delta_sensor_async' retrieved from /home/airflow/.local/lib/python3.10/site-packages/airflow/example_dags/example_time_delta_sensor_async.py
[2024-04-24T21:26:50.832+0000] {logging_mixin.py:188} INFO - [2024-04-24T21:26:50.831+0000] {dag.py:3047} INFO - Sync 1 DAGs
[2024-04-24T21:26:50.853+0000] {logging_mixin.py:188} INFO - [2024-04-24T21:26:50.852+0000] {dag.py:3834} INFO - Setting next_dagrun for example_time_delta_sensor_async to None, run_after=None
[2024-04-24T21:26:50.877+0000] {processor.py:183} INFO - Processing /home/airflow/.local/lib/python3.10/site-packages/airflow/example_dags/example_time_delta_sensor_async.py took 0.101 seconds
[2024-04-24T21:27:21.478+0000] {processor.py:161} INFO - Started process (PID=1464) to work on /home/airflow/.local/lib/python3.10/site-packages/airflow/example_dags/example_time_delta_sensor_async.py
[2024-04-24T21:27:21.479+0000] {processor.py:830} INFO - Processing file /home/airflow/.local/lib/python3.10/site-packages/airflow/example_dags/example_time_delta_sensor_async.py for tasks to queue
[2024-04-24T21:27:21.481+0000] {logging_mixin.py:188} INFO - [2024-04-24T21:27:21.481+0000] {dagbag.py:540} INFO - Filling up the DagBag from /home/airflow/.local/lib/python3.10/site-packages/airflow/example_dags/example_time_delta_sensor_async.py
[2024-04-24T21:27:21.486+0000] {processor.py:840} INFO - DAG(s) 'example_time_delta_sensor_async' retrieved from /home/airflow/.local/lib/python3.10/site-packages/airflow/example_dags/example_time_delta_sensor_async.py
[2024-04-24T21:27:21.508+0000] {logging_mixin.py:188} INFO - [2024-04-24T21:27:21.507+0000] {dag.py:3047} INFO - Sync 1 DAGs
[2024-04-24T21:27:21.518+0000] {logging_mixin.py:188} INFO - [2024-04-24T21:27:21.518+0000] {dag.py:3834} INFO - Setting next_dagrun for example_time_delta_sensor_async to None, run_after=None
[2024-04-24T21:27:21.538+0000] {processor.py:183} INFO - Processing /home/airflow/.local/lib/python3.10/site-packages/airflow/example_dags/example_time_delta_sensor_async.py took 0.064 seconds
[2024-04-24T21:27:51.901+0000] {processor.py:161} INFO - Started process (PID=1520) to work on /home/airflow/.local/lib/python3.10/site-packages/airflow/example_dags/example_time_delta_sensor_async.py
[2024-04-24T21:27:51.903+0000] {processor.py:830} INFO - Processing file /home/airflow/.local/lib/python3.10/site-packages/airflow/example_dags/example_time_delta_sensor_async.py for tasks to queue
[2024-04-24T21:27:51.904+0000] {logging_mixin.py:188} INFO - [2024-04-24T21:27:51.904+0000] {dagbag.py:540} INFO - Filling up the DagBag from /home/airflow/.local/lib/python3.10/site-packages/airflow/example_dags/example_time_delta_sensor_async.py
[2024-04-24T21:27:51.910+0000] {processor.py:840} INFO - DAG(s) 'example_time_delta_sensor_async' retrieved from /home/airflow/.local/lib/python3.10/site-packages/airflow/example_dags/example_time_delta_sensor_async.py
[2024-04-24T21:27:51.931+0000] {logging_mixin.py:188} INFO - [2024-04-24T21:27:51.931+0000] {dag.py:3047} INFO - Sync 1 DAGs
[2024-04-24T21:27:52.090+0000] {logging_mixin.py:188} INFO - [2024-04-24T21:27:52.090+0000] {dag.py:3834} INFO - Setting next_dagrun for example_time_delta_sensor_async to None, run_after=None
[2024-04-24T21:27:52.109+0000] {processor.py:183} INFO - Processing /home/airflow/.local/lib/python3.10/site-packages/airflow/example_dags/example_time_delta_sensor_async.py took 0.211 seconds
[2024-04-24T21:28:22.789+0000] {processor.py:161} INFO - Started process (PID=1575) to work on /home/airflow/.local/lib/python3.10/site-packages/airflow/example_dags/example_time_delta_sensor_async.py
[2024-04-24T21:28:22.791+0000] {processor.py:830} INFO - Processing file /home/airflow/.local/lib/python3.10/site-packages/airflow/example_dags/example_time_delta_sensor_async.py for tasks to queue
[2024-04-24T21:28:22.793+0000] {logging_mixin.py:188} INFO - [2024-04-24T21:28:22.793+0000] {dagbag.py:540} INFO - Filling up the DagBag from /home/airflow/.local/lib/python3.10/site-packages/airflow/example_dags/example_time_delta_sensor_async.py
[2024-04-24T21:28:22.799+0000] {processor.py:840} INFO - DAG(s) 'example_time_delta_sensor_async' retrieved from /home/airflow/.local/lib/python3.10/site-packages/airflow/example_dags/example_time_delta_sensor_async.py
[2024-04-24T21:28:22.827+0000] {logging_mixin.py:188} INFO - [2024-04-24T21:28:22.826+0000] {dag.py:3047} INFO - Sync 1 DAGs
[2024-04-24T21:28:22.842+0000] {logging_mixin.py:188} INFO - [2024-04-24T21:28:22.841+0000] {dag.py:3834} INFO - Setting next_dagrun for example_time_delta_sensor_async to None, run_after=None
[2024-04-24T21:28:22.863+0000] {processor.py:183} INFO - Processing /home/airflow/.local/lib/python3.10/site-packages/airflow/example_dags/example_time_delta_sensor_async.py took 0.077 seconds
[2024-04-24T21:28:53.123+0000] {processor.py:161} INFO - Started process (PID=1630) to work on /home/airflow/.local/lib/python3.10/site-packages/airflow/example_dags/example_time_delta_sensor_async.py
[2024-04-24T21:28:53.124+0000] {processor.py:830} INFO - Processing file /home/airflow/.local/lib/python3.10/site-packages/airflow/example_dags/example_time_delta_sensor_async.py for tasks to queue
[2024-04-24T21:28:53.127+0000] {logging_mixin.py:188} INFO - [2024-04-24T21:28:53.126+0000] {dagbag.py:540} INFO - Filling up the DagBag from /home/airflow/.local/lib/python3.10/site-packages/airflow/example_dags/example_time_delta_sensor_async.py
[2024-04-24T21:28:53.132+0000] {processor.py:840} INFO - DAG(s) 'example_time_delta_sensor_async' retrieved from /home/airflow/.local/lib/python3.10/site-packages/airflow/example_dags/example_time_delta_sensor_async.py
[2024-04-24T21:28:53.154+0000] {logging_mixin.py:188} INFO - [2024-04-24T21:28:53.154+0000] {dag.py:3047} INFO - Sync 1 DAGs
[2024-04-24T21:28:53.166+0000] {logging_mixin.py:188} INFO - [2024-04-24T21:28:53.165+0000] {dag.py:3834} INFO - Setting next_dagrun for example_time_delta_sensor_async to None, run_after=None
[2024-04-24T21:28:53.186+0000] {processor.py:183} INFO - Processing /home/airflow/.local/lib/python3.10/site-packages/airflow/example_dags/example_time_delta_sensor_async.py took 0.067 seconds
[2024-04-24T21:29:23.868+0000] {processor.py:161} INFO - Started process (PID=1684) to work on /home/airflow/.local/lib/python3.10/site-packages/airflow/example_dags/example_time_delta_sensor_async.py
[2024-04-24T21:29:23.870+0000] {processor.py:830} INFO - Processing file /home/airflow/.local/lib/python3.10/site-packages/airflow/example_dags/example_time_delta_sensor_async.py for tasks to queue
[2024-04-24T21:29:23.872+0000] {logging_mixin.py:188} INFO - [2024-04-24T21:29:23.872+0000] {dagbag.py:540} INFO - Filling up the DagBag from /home/airflow/.local/lib/python3.10/site-packages/airflow/example_dags/example_time_delta_sensor_async.py
[2024-04-24T21:29:23.877+0000] {processor.py:840} INFO - DAG(s) 'example_time_delta_sensor_async' retrieved from /home/airflow/.local/lib/python3.10/site-packages/airflow/example_dags/example_time_delta_sensor_async.py
[2024-04-24T21:29:23.899+0000] {logging_mixin.py:188} INFO - [2024-04-24T21:29:23.898+0000] {dag.py:3047} INFO - Sync 1 DAGs
[2024-04-24T21:29:23.911+0000] {logging_mixin.py:188} INFO - [2024-04-24T21:29:23.911+0000] {dag.py:3834} INFO - Setting next_dagrun for example_time_delta_sensor_async to None, run_after=None
[2024-04-24T21:29:23.933+0000] {processor.py:183} INFO - Processing /home/airflow/.local/lib/python3.10/site-packages/airflow/example_dags/example_time_delta_sensor_async.py took 0.068 seconds
[2024-04-24T21:29:54.165+0000] {processor.py:161} INFO - Started process (PID=1739) to work on /home/airflow/.local/lib/python3.10/site-packages/airflow/example_dags/example_time_delta_sensor_async.py
[2024-04-24T21:29:54.166+0000] {processor.py:830} INFO - Processing file /home/airflow/.local/lib/python3.10/site-packages/airflow/example_dags/example_time_delta_sensor_async.py for tasks to queue
[2024-04-24T21:29:54.169+0000] {logging_mixin.py:188} INFO - [2024-04-24T21:29:54.168+0000] {dagbag.py:540} INFO - Filling up the DagBag from /home/airflow/.local/lib/python3.10/site-packages/airflow/example_dags/example_time_delta_sensor_async.py
[2024-04-24T21:29:54.173+0000] {processor.py:840} INFO - DAG(s) 'example_time_delta_sensor_async' retrieved from /home/airflow/.local/lib/python3.10/site-packages/airflow/example_dags/example_time_delta_sensor_async.py
[2024-04-24T21:29:54.301+0000] {logging_mixin.py:188} INFO - [2024-04-24T21:29:54.300+0000] {dag.py:3047} INFO - Sync 1 DAGs
[2024-04-24T21:29:54.310+0000] {logging_mixin.py:188} INFO - [2024-04-24T21:29:54.310+0000] {dag.py:3834} INFO - Setting next_dagrun for example_time_delta_sensor_async to None, run_after=None
[2024-04-24T21:29:54.329+0000] {processor.py:183} INFO - Processing /home/airflow/.local/lib/python3.10/site-packages/airflow/example_dags/example_time_delta_sensor_async.py took 0.167 seconds
[2024-04-24T21:30:24.871+0000] {processor.py:161} INFO - Started process (PID=1795) to work on /home/airflow/.local/lib/python3.10/site-packages/airflow/example_dags/example_time_delta_sensor_async.py
[2024-04-24T21:30:24.872+0000] {processor.py:830} INFO - Processing file /home/airflow/.local/lib/python3.10/site-packages/airflow/example_dags/example_time_delta_sensor_async.py for tasks to queue
[2024-04-24T21:30:24.878+0000] {logging_mixin.py:188} INFO - [2024-04-24T21:30:24.877+0000] {dagbag.py:540} INFO - Filling up the DagBag from /home/airflow/.local/lib/python3.10/site-packages/airflow/example_dags/example_time_delta_sensor_async.py
[2024-04-24T21:30:24.884+0000] {processor.py:840} INFO - DAG(s) 'example_time_delta_sensor_async' retrieved from /home/airflow/.local/lib/python3.10/site-packages/airflow/example_dags/example_time_delta_sensor_async.py
[2024-04-24T21:30:24.913+0000] {logging_mixin.py:188} INFO - [2024-04-24T21:30:24.913+0000] {dag.py:3047} INFO - Sync 1 DAGs
[2024-04-24T21:30:24.929+0000] {logging_mixin.py:188} INFO - [2024-04-24T21:30:24.928+0000] {dag.py:3834} INFO - Setting next_dagrun for example_time_delta_sensor_async to None, run_after=None
[2024-04-24T21:30:24.962+0000] {processor.py:183} INFO - Processing /home/airflow/.local/lib/python3.10/site-packages/airflow/example_dags/example_time_delta_sensor_async.py took 0.095 seconds
