[2024-04-24T21:14:28.823+0000] {processor.py:161} INFO - Started process (PID=70) to work on /home/airflow/.local/lib/python3.10/site-packages/airflow/example_dags/example_branch_day_of_week_operator.py
[2024-04-24T21:14:28.829+0000] {processor.py:830} INFO - Processing file /home/airflow/.local/lib/python3.10/site-packages/airflow/example_dags/example_branch_day_of_week_operator.py for tasks to queue
[2024-04-24T21:14:28.836+0000] {logging_mixin.py:188} INFO - [2024-04-24T21:14:28.834+0000] {dagbag.py:540} INFO - Filling up the DagBag from /home/airflow/.local/lib/python3.10/site-packages/airflow/example_dags/example_branch_day_of_week_operator.py
[2024-04-24T21:14:28.882+0000] {processor.py:840} INFO - DAG(s) 'example_weekday_branch_operator' retrieved from /home/airflow/.local/lib/python3.10/site-packages/airflow/example_dags/example_branch_day_of_week_operator.py
[2024-04-24T21:14:29.161+0000] {logging_mixin.py:188} INFO - [2024-04-24T21:14:29.160+0000] {override.py:1769} INFO - Created Permission View: can edit on DAG:example_weekday_branch_operator
[2024-04-24T21:14:29.195+0000] {logging_mixin.py:188} INFO - [2024-04-24T21:14:29.194+0000] {override.py:1769} INFO - Created Permission View: can read on DAG:example_weekday_branch_operator
[2024-04-24T21:14:29.213+0000] {logging_mixin.py:188} INFO - [2024-04-24T21:14:29.212+0000] {override.py:1769} INFO - Created Permission View: can delete on DAG:example_weekday_branch_operator
[2024-04-24T21:14:29.214+0000] {logging_mixin.py:188} INFO - [2024-04-24T21:14:29.214+0000] {dag.py:3047} INFO - Sync 1 DAGs
[2024-04-24T21:14:29.239+0000] {logging_mixin.py:188} INFO - [2024-04-24T21:14:29.238+0000] {dag.py:3069} INFO - Creating ORM DAG for example_weekday_branch_operator
[2024-04-24T21:14:29.265+0000] {logging_mixin.py:188} INFO - [2024-04-24T21:14:29.264+0000] {dag.py:3834} INFO - Setting next_dagrun for example_weekday_branch_operator to 2024-04-23 00:00:00+00:00, run_after=2024-04-24 00:00:00+00:00
[2024-04-24T21:14:29.303+0000] {processor.py:183} INFO - Processing /home/airflow/.local/lib/python3.10/site-packages/airflow/example_dags/example_branch_day_of_week_operator.py took 0.499 seconds
[2024-04-24T21:14:59.505+0000] {processor.py:161} INFO - Started process (PID=125) to work on /home/airflow/.local/lib/python3.10/site-packages/airflow/example_dags/example_branch_day_of_week_operator.py
[2024-04-24T21:14:59.507+0000] {processor.py:830} INFO - Processing file /home/airflow/.local/lib/python3.10/site-packages/airflow/example_dags/example_branch_day_of_week_operator.py for tasks to queue
[2024-04-24T21:14:59.514+0000] {logging_mixin.py:188} INFO - [2024-04-24T21:14:59.513+0000] {dagbag.py:540} INFO - Filling up the DagBag from /home/airflow/.local/lib/python3.10/site-packages/airflow/example_dags/example_branch_day_of_week_operator.py
[2024-04-24T21:14:59.574+0000] {processor.py:840} INFO - DAG(s) 'example_weekday_branch_operator' retrieved from /home/airflow/.local/lib/python3.10/site-packages/airflow/example_dags/example_branch_day_of_week_operator.py
[2024-04-24T21:14:59.854+0000] {logging_mixin.py:188} INFO - [2024-04-24T21:14:59.854+0000] {dag.py:3047} INFO - Sync 1 DAGs
[2024-04-24T21:15:00.330+0000] {logging_mixin.py:188} INFO - [2024-04-24T21:15:00.328+0000] {dag.py:3834} INFO - Setting next_dagrun for example_weekday_branch_operator to 2024-04-23 00:00:00+00:00, run_after=2024-04-24 00:00:00+00:00
[2024-04-24T21:15:00.410+0000] {processor.py:183} INFO - Processing /home/airflow/.local/lib/python3.10/site-packages/airflow/example_dags/example_branch_day_of_week_operator.py took 0.933 seconds
[2024-04-24T21:15:30.691+0000] {processor.py:161} INFO - Started process (PID=181) to work on /home/airflow/.local/lib/python3.10/site-packages/airflow/example_dags/example_branch_day_of_week_operator.py
[2024-04-24T21:15:30.702+0000] {processor.py:830} INFO - Processing file /home/airflow/.local/lib/python3.10/site-packages/airflow/example_dags/example_branch_day_of_week_operator.py for tasks to queue
[2024-04-24T21:15:30.708+0000] {logging_mixin.py:188} INFO - [2024-04-24T21:15:30.707+0000] {dagbag.py:540} INFO - Filling up the DagBag from /home/airflow/.local/lib/python3.10/site-packages/airflow/example_dags/example_branch_day_of_week_operator.py
[2024-04-24T21:15:30.735+0000] {processor.py:840} INFO - DAG(s) 'example_weekday_branch_operator' retrieved from /home/airflow/.local/lib/python3.10/site-packages/airflow/example_dags/example_branch_day_of_week_operator.py
[2024-04-24T21:15:30.803+0000] {logging_mixin.py:188} INFO - [2024-04-24T21:15:30.802+0000] {dag.py:3047} INFO - Sync 1 DAGs
[2024-04-24T21:15:30.905+0000] {logging_mixin.py:188} INFO - [2024-04-24T21:15:30.904+0000] {dag.py:3834} INFO - Setting next_dagrun for example_weekday_branch_operator to 2024-04-23 00:00:00+00:00, run_after=2024-04-24 00:00:00+00:00
[2024-04-24T21:15:30.988+0000] {processor.py:183} INFO - Processing /home/airflow/.local/lib/python3.10/site-packages/airflow/example_dags/example_branch_day_of_week_operator.py took 0.305 seconds
[2024-04-24T21:16:01.910+0000] {processor.py:161} INFO - Started process (PID=236) to work on /home/airflow/.local/lib/python3.10/site-packages/airflow/example_dags/example_branch_day_of_week_operator.py
[2024-04-24T21:16:01.912+0000] {processor.py:830} INFO - Processing file /home/airflow/.local/lib/python3.10/site-packages/airflow/example_dags/example_branch_day_of_week_operator.py for tasks to queue
[2024-04-24T21:16:01.916+0000] {logging_mixin.py:188} INFO - [2024-04-24T21:16:01.916+0000] {dagbag.py:540} INFO - Filling up the DagBag from /home/airflow/.local/lib/python3.10/site-packages/airflow/example_dags/example_branch_day_of_week_operator.py
[2024-04-24T21:16:01.927+0000] {processor.py:840} INFO - DAG(s) 'example_weekday_branch_operator' retrieved from /home/airflow/.local/lib/python3.10/site-packages/airflow/example_dags/example_branch_day_of_week_operator.py
[2024-04-24T21:16:01.956+0000] {logging_mixin.py:188} INFO - [2024-04-24T21:16:01.956+0000] {dag.py:3047} INFO - Sync 1 DAGs
[2024-04-24T21:16:01.980+0000] {logging_mixin.py:188} INFO - [2024-04-24T21:16:01.979+0000] {dag.py:3834} INFO - Setting next_dagrun for example_weekday_branch_operator to 2024-04-23 00:00:00+00:00, run_after=2024-04-24 00:00:00+00:00
[2024-04-24T21:16:02.001+0000] {processor.py:183} INFO - Processing /home/airflow/.local/lib/python3.10/site-packages/airflow/example_dags/example_branch_day_of_week_operator.py took 0.096 seconds
[2024-04-24T21:16:32.484+0000] {processor.py:161} INFO - Started process (PID=291) to work on /home/airflow/.local/lib/python3.10/site-packages/airflow/example_dags/example_branch_day_of_week_operator.py
[2024-04-24T21:16:32.486+0000] {processor.py:830} INFO - Processing file /home/airflow/.local/lib/python3.10/site-packages/airflow/example_dags/example_branch_day_of_week_operator.py for tasks to queue
[2024-04-24T21:16:32.491+0000] {logging_mixin.py:188} INFO - [2024-04-24T21:16:32.490+0000] {dagbag.py:540} INFO - Filling up the DagBag from /home/airflow/.local/lib/python3.10/site-packages/airflow/example_dags/example_branch_day_of_week_operator.py
[2024-04-24T21:16:32.499+0000] {processor.py:840} INFO - DAG(s) 'example_weekday_branch_operator' retrieved from /home/airflow/.local/lib/python3.10/site-packages/airflow/example_dags/example_branch_day_of_week_operator.py
[2024-04-24T21:16:32.519+0000] {logging_mixin.py:188} INFO - [2024-04-24T21:16:32.518+0000] {dag.py:3047} INFO - Sync 1 DAGs
[2024-04-24T21:16:32.540+0000] {logging_mixin.py:188} INFO - [2024-04-24T21:16:32.540+0000] {dag.py:3834} INFO - Setting next_dagrun for example_weekday_branch_operator to 2024-04-23 00:00:00+00:00, run_after=2024-04-24 00:00:00+00:00
[2024-04-24T21:16:32.558+0000] {processor.py:183} INFO - Processing /home/airflow/.local/lib/python3.10/site-packages/airflow/example_dags/example_branch_day_of_week_operator.py took 0.078 seconds
[2024-04-24T21:17:02.661+0000] {processor.py:161} INFO - Started process (PID=346) to work on /home/airflow/.local/lib/python3.10/site-packages/airflow/example_dags/example_branch_day_of_week_operator.py
[2024-04-24T21:17:02.664+0000] {processor.py:830} INFO - Processing file /home/airflow/.local/lib/python3.10/site-packages/airflow/example_dags/example_branch_day_of_week_operator.py for tasks to queue
[2024-04-24T21:17:02.675+0000] {logging_mixin.py:188} INFO - [2024-04-24T21:17:02.674+0000] {dagbag.py:540} INFO - Filling up the DagBag from /home/airflow/.local/lib/python3.10/site-packages/airflow/example_dags/example_branch_day_of_week_operator.py
[2024-04-24T21:17:02.709+0000] {processor.py:840} INFO - DAG(s) 'example_weekday_branch_operator' retrieved from /home/airflow/.local/lib/python3.10/site-packages/airflow/example_dags/example_branch_day_of_week_operator.py
[2024-04-24T21:17:02.768+0000] {logging_mixin.py:188} INFO - [2024-04-24T21:17:02.767+0000] {dag.py:3047} INFO - Sync 1 DAGs
[2024-04-24T21:17:02.802+0000] {logging_mixin.py:188} INFO - [2024-04-24T21:17:02.801+0000] {dag.py:3834} INFO - Setting next_dagrun for example_weekday_branch_operator to 2024-04-23 00:00:00+00:00, run_after=2024-04-24 00:00:00+00:00
[2024-04-24T21:17:02.832+0000] {processor.py:183} INFO - Processing /home/airflow/.local/lib/python3.10/site-packages/airflow/example_dags/example_branch_day_of_week_operator.py took 0.177 seconds
[2024-04-24T21:17:33.421+0000] {processor.py:161} INFO - Started process (PID=402) to work on /home/airflow/.local/lib/python3.10/site-packages/airflow/example_dags/example_branch_day_of_week_operator.py
[2024-04-24T21:17:33.423+0000] {processor.py:830} INFO - Processing file /home/airflow/.local/lib/python3.10/site-packages/airflow/example_dags/example_branch_day_of_week_operator.py for tasks to queue
[2024-04-24T21:17:33.426+0000] {logging_mixin.py:188} INFO - [2024-04-24T21:17:33.425+0000] {dagbag.py:540} INFO - Filling up the DagBag from /home/airflow/.local/lib/python3.10/site-packages/airflow/example_dags/example_branch_day_of_week_operator.py
[2024-04-24T21:17:33.434+0000] {processor.py:840} INFO - DAG(s) 'example_weekday_branch_operator' retrieved from /home/airflow/.local/lib/python3.10/site-packages/airflow/example_dags/example_branch_day_of_week_operator.py
[2024-04-24T21:17:33.463+0000] {logging_mixin.py:188} INFO - [2024-04-24T21:17:33.463+0000] {dag.py:3047} INFO - Sync 1 DAGs
[2024-04-24T21:17:33.493+0000] {logging_mixin.py:188} INFO - [2024-04-24T21:17:33.493+0000] {dag.py:3834} INFO - Setting next_dagrun for example_weekday_branch_operator to 2024-04-23 00:00:00+00:00, run_after=2024-04-24 00:00:00+00:00
[2024-04-24T21:17:33.514+0000] {processor.py:183} INFO - Processing /home/airflow/.local/lib/python3.10/site-packages/airflow/example_dags/example_branch_day_of_week_operator.py took 0.096 seconds
[2024-04-24T21:18:03.800+0000] {processor.py:161} INFO - Started process (PID=457) to work on /home/airflow/.local/lib/python3.10/site-packages/airflow/example_dags/example_branch_day_of_week_operator.py
[2024-04-24T21:18:03.801+0000] {processor.py:830} INFO - Processing file /home/airflow/.local/lib/python3.10/site-packages/airflow/example_dags/example_branch_day_of_week_operator.py for tasks to queue
[2024-04-24T21:18:03.804+0000] {logging_mixin.py:188} INFO - [2024-04-24T21:18:03.804+0000] {dagbag.py:540} INFO - Filling up the DagBag from /home/airflow/.local/lib/python3.10/site-packages/airflow/example_dags/example_branch_day_of_week_operator.py
[2024-04-24T21:18:03.814+0000] {processor.py:840} INFO - DAG(s) 'example_weekday_branch_operator' retrieved from /home/airflow/.local/lib/python3.10/site-packages/airflow/example_dags/example_branch_day_of_week_operator.py
[2024-04-24T21:18:03.836+0000] {logging_mixin.py:188} INFO - [2024-04-24T21:18:03.836+0000] {dag.py:3047} INFO - Sync 1 DAGs
[2024-04-24T21:18:03.860+0000] {logging_mixin.py:188} INFO - [2024-04-24T21:18:03.859+0000] {dag.py:3834} INFO - Setting next_dagrun for example_weekday_branch_operator to 2024-04-23 00:00:00+00:00, run_after=2024-04-24 00:00:00+00:00
[2024-04-24T21:18:03.880+0000] {processor.py:183} INFO - Processing /home/airflow/.local/lib/python3.10/site-packages/airflow/example_dags/example_branch_day_of_week_operator.py took 0.084 seconds
[2024-04-24T21:18:34.675+0000] {processor.py:161} INFO - Started process (PID=510) to work on /home/airflow/.local/lib/python3.10/site-packages/airflow/example_dags/example_branch_day_of_week_operator.py
[2024-04-24T21:18:34.677+0000] {processor.py:830} INFO - Processing file /home/airflow/.local/lib/python3.10/site-packages/airflow/example_dags/example_branch_day_of_week_operator.py for tasks to queue
[2024-04-24T21:18:34.682+0000] {logging_mixin.py:188} INFO - [2024-04-24T21:18:34.681+0000] {dagbag.py:540} INFO - Filling up the DagBag from /home/airflow/.local/lib/python3.10/site-packages/airflow/example_dags/example_branch_day_of_week_operator.py
[2024-04-24T21:18:34.693+0000] {processor.py:840} INFO - DAG(s) 'example_weekday_branch_operator' retrieved from /home/airflow/.local/lib/python3.10/site-packages/airflow/example_dags/example_branch_day_of_week_operator.py
[2024-04-24T21:18:34.732+0000] {logging_mixin.py:188} INFO - [2024-04-24T21:18:34.731+0000] {dag.py:3047} INFO - Sync 1 DAGs
[2024-04-24T21:18:34.763+0000] {logging_mixin.py:188} INFO - [2024-04-24T21:18:34.763+0000] {dag.py:3834} INFO - Setting next_dagrun for example_weekday_branch_operator to 2024-04-23 00:00:00+00:00, run_after=2024-04-24 00:00:00+00:00
[2024-04-24T21:18:34.790+0000] {processor.py:183} INFO - Processing /home/airflow/.local/lib/python3.10/site-packages/airflow/example_dags/example_branch_day_of_week_operator.py took 0.121 seconds
[2024-04-24T21:19:04.920+0000] {processor.py:161} INFO - Started process (PID=566) to work on /home/airflow/.local/lib/python3.10/site-packages/airflow/example_dags/example_branch_day_of_week_operator.py
[2024-04-24T21:19:04.922+0000] {processor.py:830} INFO - Processing file /home/airflow/.local/lib/python3.10/site-packages/airflow/example_dags/example_branch_day_of_week_operator.py for tasks to queue
[2024-04-24T21:19:04.926+0000] {logging_mixin.py:188} INFO - [2024-04-24T21:19:04.925+0000] {dagbag.py:540} INFO - Filling up the DagBag from /home/airflow/.local/lib/python3.10/site-packages/airflow/example_dags/example_branch_day_of_week_operator.py
[2024-04-24T21:19:04.946+0000] {processor.py:840} INFO - DAG(s) 'example_weekday_branch_operator' retrieved from /home/airflow/.local/lib/python3.10/site-packages/airflow/example_dags/example_branch_day_of_week_operator.py
[2024-04-24T21:19:04.987+0000] {logging_mixin.py:188} INFO - [2024-04-24T21:19:04.986+0000] {dag.py:3047} INFO - Sync 1 DAGs
[2024-04-24T21:19:05.037+0000] {logging_mixin.py:188} INFO - [2024-04-24T21:19:05.037+0000] {dag.py:3834} INFO - Setting next_dagrun for example_weekday_branch_operator to 2024-04-23 00:00:00+00:00, run_after=2024-04-24 00:00:00+00:00
[2024-04-24T21:19:05.094+0000] {processor.py:183} INFO - Processing /home/airflow/.local/lib/python3.10/site-packages/airflow/example_dags/example_branch_day_of_week_operator.py took 0.178 seconds
[2024-04-24T21:19:35.286+0000] {processor.py:161} INFO - Started process (PID=622) to work on /home/airflow/.local/lib/python3.10/site-packages/airflow/example_dags/example_branch_day_of_week_operator.py
[2024-04-24T21:19:35.287+0000] {processor.py:830} INFO - Processing file /home/airflow/.local/lib/python3.10/site-packages/airflow/example_dags/example_branch_day_of_week_operator.py for tasks to queue
[2024-04-24T21:19:35.290+0000] {logging_mixin.py:188} INFO - [2024-04-24T21:19:35.289+0000] {dagbag.py:540} INFO - Filling up the DagBag from /home/airflow/.local/lib/python3.10/site-packages/airflow/example_dags/example_branch_day_of_week_operator.py
[2024-04-24T21:19:35.298+0000] {processor.py:840} INFO - DAG(s) 'example_weekday_branch_operator' retrieved from /home/airflow/.local/lib/python3.10/site-packages/airflow/example_dags/example_branch_day_of_week_operator.py
[2024-04-24T21:19:35.319+0000] {logging_mixin.py:188} INFO - [2024-04-24T21:19:35.319+0000] {dag.py:3047} INFO - Sync 1 DAGs
[2024-04-24T21:19:35.340+0000] {logging_mixin.py:188} INFO - [2024-04-24T21:19:35.339+0000] {dag.py:3834} INFO - Setting next_dagrun for example_weekday_branch_operator to 2024-04-23 00:00:00+00:00, run_after=2024-04-24 00:00:00+00:00
[2024-04-24T21:19:35.358+0000] {processor.py:183} INFO - Processing /home/airflow/.local/lib/python3.10/site-packages/airflow/example_dags/example_branch_day_of_week_operator.py took 0.075 seconds
[2024-04-24T21:20:05.954+0000] {processor.py:161} INFO - Started process (PID=678) to work on /home/airflow/.local/lib/python3.10/site-packages/airflow/example_dags/example_branch_day_of_week_operator.py
[2024-04-24T21:20:05.955+0000] {processor.py:830} INFO - Processing file /home/airflow/.local/lib/python3.10/site-packages/airflow/example_dags/example_branch_day_of_week_operator.py for tasks to queue
[2024-04-24T21:20:05.957+0000] {logging_mixin.py:188} INFO - [2024-04-24T21:20:05.957+0000] {dagbag.py:540} INFO - Filling up the DagBag from /home/airflow/.local/lib/python3.10/site-packages/airflow/example_dags/example_branch_day_of_week_operator.py
[2024-04-24T21:20:05.965+0000] {processor.py:840} INFO - DAG(s) 'example_weekday_branch_operator' retrieved from /home/airflow/.local/lib/python3.10/site-packages/airflow/example_dags/example_branch_day_of_week_operator.py
[2024-04-24T21:20:05.986+0000] {logging_mixin.py:188} INFO - [2024-04-24T21:20:05.985+0000] {dag.py:3047} INFO - Sync 1 DAGs
[2024-04-24T21:20:06.005+0000] {logging_mixin.py:188} INFO - [2024-04-24T21:20:06.005+0000] {dag.py:3834} INFO - Setting next_dagrun for example_weekday_branch_operator to 2024-04-23 00:00:00+00:00, run_after=2024-04-24 00:00:00+00:00
[2024-04-24T21:20:06.023+0000] {processor.py:183} INFO - Processing /home/airflow/.local/lib/python3.10/site-packages/airflow/example_dags/example_branch_day_of_week_operator.py took 0.072 seconds
[2024-04-24T21:20:36.428+0000] {processor.py:161} INFO - Started process (PID=734) to work on /home/airflow/.local/lib/python3.10/site-packages/airflow/example_dags/example_branch_day_of_week_operator.py
[2024-04-24T21:20:36.429+0000] {processor.py:830} INFO - Processing file /home/airflow/.local/lib/python3.10/site-packages/airflow/example_dags/example_branch_day_of_week_operator.py for tasks to queue
[2024-04-24T21:20:36.431+0000] {logging_mixin.py:188} INFO - [2024-04-24T21:20:36.431+0000] {dagbag.py:540} INFO - Filling up the DagBag from /home/airflow/.local/lib/python3.10/site-packages/airflow/example_dags/example_branch_day_of_week_operator.py
[2024-04-24T21:20:36.439+0000] {processor.py:840} INFO - DAG(s) 'example_weekday_branch_operator' retrieved from /home/airflow/.local/lib/python3.10/site-packages/airflow/example_dags/example_branch_day_of_week_operator.py
[2024-04-24T21:20:36.460+0000] {logging_mixin.py:188} INFO - [2024-04-24T21:20:36.460+0000] {dag.py:3047} INFO - Sync 1 DAGs
[2024-04-24T21:20:36.481+0000] {logging_mixin.py:188} INFO - [2024-04-24T21:20:36.481+0000] {dag.py:3834} INFO - Setting next_dagrun for example_weekday_branch_operator to 2024-04-23 00:00:00+00:00, run_after=2024-04-24 00:00:00+00:00
[2024-04-24T21:20:36.498+0000] {processor.py:183} INFO - Processing /home/airflow/.local/lib/python3.10/site-packages/airflow/example_dags/example_branch_day_of_week_operator.py took 0.073 seconds
[2024-04-24T21:21:07.313+0000] {processor.py:161} INFO - Started process (PID=790) to work on /home/airflow/.local/lib/python3.10/site-packages/airflow/example_dags/example_branch_day_of_week_operator.py
[2024-04-24T21:21:07.314+0000] {processor.py:830} INFO - Processing file /home/airflow/.local/lib/python3.10/site-packages/airflow/example_dags/example_branch_day_of_week_operator.py for tasks to queue
[2024-04-24T21:21:07.316+0000] {logging_mixin.py:188} INFO - [2024-04-24T21:21:07.315+0000] {dagbag.py:540} INFO - Filling up the DagBag from /home/airflow/.local/lib/python3.10/site-packages/airflow/example_dags/example_branch_day_of_week_operator.py
[2024-04-24T21:21:07.323+0000] {processor.py:840} INFO - DAG(s) 'example_weekday_branch_operator' retrieved from /home/airflow/.local/lib/python3.10/site-packages/airflow/example_dags/example_branch_day_of_week_operator.py
[2024-04-24T21:21:07.342+0000] {logging_mixin.py:188} INFO - [2024-04-24T21:21:07.341+0000] {dag.py:3047} INFO - Sync 1 DAGs
[2024-04-24T21:21:07.363+0000] {logging_mixin.py:188} INFO - [2024-04-24T21:21:07.363+0000] {dag.py:3834} INFO - Setting next_dagrun for example_weekday_branch_operator to 2024-04-23 00:00:00+00:00, run_after=2024-04-24 00:00:00+00:00
[2024-04-24T21:21:07.383+0000] {processor.py:183} INFO - Processing /home/airflow/.local/lib/python3.10/site-packages/airflow/example_dags/example_branch_day_of_week_operator.py took 0.074 seconds
[2024-04-24T21:21:38.347+0000] {processor.py:161} INFO - Started process (PID=845) to work on /home/airflow/.local/lib/python3.10/site-packages/airflow/example_dags/example_branch_day_of_week_operator.py
[2024-04-24T21:21:38.349+0000] {processor.py:830} INFO - Processing file /home/airflow/.local/lib/python3.10/site-packages/airflow/example_dags/example_branch_day_of_week_operator.py for tasks to queue
[2024-04-24T21:21:38.351+0000] {logging_mixin.py:188} INFO - [2024-04-24T21:21:38.350+0000] {dagbag.py:540} INFO - Filling up the DagBag from /home/airflow/.local/lib/python3.10/site-packages/airflow/example_dags/example_branch_day_of_week_operator.py
[2024-04-24T21:21:38.358+0000] {processor.py:840} INFO - DAG(s) 'example_weekday_branch_operator' retrieved from /home/airflow/.local/lib/python3.10/site-packages/airflow/example_dags/example_branch_day_of_week_operator.py
[2024-04-24T21:21:38.378+0000] {logging_mixin.py:188} INFO - [2024-04-24T21:21:38.378+0000] {dag.py:3047} INFO - Sync 1 DAGs
[2024-04-24T21:21:38.397+0000] {logging_mixin.py:188} INFO - [2024-04-24T21:21:38.397+0000] {dag.py:3834} INFO - Setting next_dagrun for example_weekday_branch_operator to 2024-04-23 00:00:00+00:00, run_after=2024-04-24 00:00:00+00:00
[2024-04-24T21:21:38.416+0000] {processor.py:183} INFO - Processing /home/airflow/.local/lib/python3.10/site-packages/airflow/example_dags/example_branch_day_of_week_operator.py took 0.071 seconds
[2024-04-24T21:22:08.636+0000] {processor.py:161} INFO - Started process (PID=901) to work on /home/airflow/.local/lib/python3.10/site-packages/airflow/example_dags/example_branch_day_of_week_operator.py
[2024-04-24T21:22:08.637+0000] {processor.py:830} INFO - Processing file /home/airflow/.local/lib/python3.10/site-packages/airflow/example_dags/example_branch_day_of_week_operator.py for tasks to queue
[2024-04-24T21:22:08.639+0000] {logging_mixin.py:188} INFO - [2024-04-24T21:22:08.639+0000] {dagbag.py:540} INFO - Filling up the DagBag from /home/airflow/.local/lib/python3.10/site-packages/airflow/example_dags/example_branch_day_of_week_operator.py
[2024-04-24T21:22:08.646+0000] {processor.py:840} INFO - DAG(s) 'example_weekday_branch_operator' retrieved from /home/airflow/.local/lib/python3.10/site-packages/airflow/example_dags/example_branch_day_of_week_operator.py
[2024-04-24T21:22:08.667+0000] {logging_mixin.py:188} INFO - [2024-04-24T21:22:08.666+0000] {dag.py:3047} INFO - Sync 1 DAGs
[2024-04-24T21:22:08.687+0000] {logging_mixin.py:188} INFO - [2024-04-24T21:22:08.687+0000] {dag.py:3834} INFO - Setting next_dagrun for example_weekday_branch_operator to 2024-04-23 00:00:00+00:00, run_after=2024-04-24 00:00:00+00:00
[2024-04-24T21:22:08.708+0000] {processor.py:183} INFO - Processing /home/airflow/.local/lib/python3.10/site-packages/airflow/example_dags/example_branch_day_of_week_operator.py took 0.076 seconds
[2024-04-24T21:22:39.534+0000] {processor.py:161} INFO - Started process (PID=957) to work on /home/airflow/.local/lib/python3.10/site-packages/airflow/example_dags/example_branch_day_of_week_operator.py
[2024-04-24T21:22:39.535+0000] {processor.py:830} INFO - Processing file /home/airflow/.local/lib/python3.10/site-packages/airflow/example_dags/example_branch_day_of_week_operator.py for tasks to queue
[2024-04-24T21:22:39.537+0000] {logging_mixin.py:188} INFO - [2024-04-24T21:22:39.537+0000] {dagbag.py:540} INFO - Filling up the DagBag from /home/airflow/.local/lib/python3.10/site-packages/airflow/example_dags/example_branch_day_of_week_operator.py
[2024-04-24T21:22:39.544+0000] {processor.py:840} INFO - DAG(s) 'example_weekday_branch_operator' retrieved from /home/airflow/.local/lib/python3.10/site-packages/airflow/example_dags/example_branch_day_of_week_operator.py
[2024-04-24T21:22:39.565+0000] {logging_mixin.py:188} INFO - [2024-04-24T21:22:39.565+0000] {dag.py:3047} INFO - Sync 1 DAGs
[2024-04-24T21:22:39.585+0000] {logging_mixin.py:188} INFO - [2024-04-24T21:22:39.584+0000] {dag.py:3834} INFO - Setting next_dagrun for example_weekday_branch_operator to 2024-04-23 00:00:00+00:00, run_after=2024-04-24 00:00:00+00:00
[2024-04-24T21:22:39.606+0000] {processor.py:183} INFO - Processing /home/airflow/.local/lib/python3.10/site-packages/airflow/example_dags/example_branch_day_of_week_operator.py took 0.076 seconds
[2024-04-24T21:23:09.808+0000] {processor.py:161} INFO - Started process (PID=1012) to work on /home/airflow/.local/lib/python3.10/site-packages/airflow/example_dags/example_branch_day_of_week_operator.py
[2024-04-24T21:23:09.810+0000] {processor.py:830} INFO - Processing file /home/airflow/.local/lib/python3.10/site-packages/airflow/example_dags/example_branch_day_of_week_operator.py for tasks to queue
[2024-04-24T21:23:09.812+0000] {logging_mixin.py:188} INFO - [2024-04-24T21:23:09.811+0000] {dagbag.py:540} INFO - Filling up the DagBag from /home/airflow/.local/lib/python3.10/site-packages/airflow/example_dags/example_branch_day_of_week_operator.py
[2024-04-24T21:23:09.819+0000] {processor.py:840} INFO - DAG(s) 'example_weekday_branch_operator' retrieved from /home/airflow/.local/lib/python3.10/site-packages/airflow/example_dags/example_branch_day_of_week_operator.py
[2024-04-24T21:23:09.839+0000] {logging_mixin.py:188} INFO - [2024-04-24T21:23:09.839+0000] {dag.py:3047} INFO - Sync 1 DAGs
[2024-04-24T21:23:09.859+0000] {logging_mixin.py:188} INFO - [2024-04-24T21:23:09.859+0000] {dag.py:3834} INFO - Setting next_dagrun for example_weekday_branch_operator to 2024-04-23 00:00:00+00:00, run_after=2024-04-24 00:00:00+00:00
[2024-04-24T21:23:09.881+0000] {processor.py:183} INFO - Processing /home/airflow/.local/lib/python3.10/site-packages/airflow/example_dags/example_branch_day_of_week_operator.py took 0.075 seconds
[2024-04-24T21:23:40.259+0000] {processor.py:161} INFO - Started process (PID=1067) to work on /home/airflow/.local/lib/python3.10/site-packages/airflow/example_dags/example_branch_day_of_week_operator.py
[2024-04-24T21:23:40.260+0000] {processor.py:830} INFO - Processing file /home/airflow/.local/lib/python3.10/site-packages/airflow/example_dags/example_branch_day_of_week_operator.py for tasks to queue
[2024-04-24T21:23:40.262+0000] {logging_mixin.py:188} INFO - [2024-04-24T21:23:40.262+0000] {dagbag.py:540} INFO - Filling up the DagBag from /home/airflow/.local/lib/python3.10/site-packages/airflow/example_dags/example_branch_day_of_week_operator.py
[2024-04-24T21:23:40.270+0000] {processor.py:840} INFO - DAG(s) 'example_weekday_branch_operator' retrieved from /home/airflow/.local/lib/python3.10/site-packages/airflow/example_dags/example_branch_day_of_week_operator.py
[2024-04-24T21:23:40.289+0000] {logging_mixin.py:188} INFO - [2024-04-24T21:23:40.289+0000] {dag.py:3047} INFO - Sync 1 DAGs
[2024-04-24T21:23:40.311+0000] {logging_mixin.py:188} INFO - [2024-04-24T21:23:40.311+0000] {dag.py:3834} INFO - Setting next_dagrun for example_weekday_branch_operator to 2024-04-23 00:00:00+00:00, run_after=2024-04-24 00:00:00+00:00
[2024-04-24T21:23:40.333+0000] {processor.py:183} INFO - Processing /home/airflow/.local/lib/python3.10/site-packages/airflow/example_dags/example_branch_day_of_week_operator.py took 0.077 seconds
[2024-04-24T21:24:10.641+0000] {processor.py:161} INFO - Started process (PID=1122) to work on /home/airflow/.local/lib/python3.10/site-packages/airflow/example_dags/example_branch_day_of_week_operator.py
[2024-04-24T21:24:10.642+0000] {processor.py:830} INFO - Processing file /home/airflow/.local/lib/python3.10/site-packages/airflow/example_dags/example_branch_day_of_week_operator.py for tasks to queue
[2024-04-24T21:24:10.644+0000] {logging_mixin.py:188} INFO - [2024-04-24T21:24:10.643+0000] {dagbag.py:540} INFO - Filling up the DagBag from /home/airflow/.local/lib/python3.10/site-packages/airflow/example_dags/example_branch_day_of_week_operator.py
[2024-04-24T21:24:10.651+0000] {processor.py:840} INFO - DAG(s) 'example_weekday_branch_operator' retrieved from /home/airflow/.local/lib/python3.10/site-packages/airflow/example_dags/example_branch_day_of_week_operator.py
[2024-04-24T21:24:10.671+0000] {logging_mixin.py:188} INFO - [2024-04-24T21:24:10.671+0000] {dag.py:3047} INFO - Sync 1 DAGs
[2024-04-24T21:24:10.691+0000] {logging_mixin.py:188} INFO - [2024-04-24T21:24:10.691+0000] {dag.py:3834} INFO - Setting next_dagrun for example_weekday_branch_operator to 2024-04-23 00:00:00+00:00, run_after=2024-04-24 00:00:00+00:00
[2024-04-24T21:24:10.712+0000] {processor.py:183} INFO - Processing /home/airflow/.local/lib/python3.10/site-packages/airflow/example_dags/example_branch_day_of_week_operator.py took 0.074 seconds
[2024-04-24T21:24:41.015+0000] {processor.py:161} INFO - Started process (PID=1178) to work on /home/airflow/.local/lib/python3.10/site-packages/airflow/example_dags/example_branch_day_of_week_operator.py
[2024-04-24T21:24:41.016+0000] {processor.py:830} INFO - Processing file /home/airflow/.local/lib/python3.10/site-packages/airflow/example_dags/example_branch_day_of_week_operator.py for tasks to queue
[2024-04-24T21:24:41.018+0000] {logging_mixin.py:188} INFO - [2024-04-24T21:24:41.018+0000] {dagbag.py:540} INFO - Filling up the DagBag from /home/airflow/.local/lib/python3.10/site-packages/airflow/example_dags/example_branch_day_of_week_operator.py
[2024-04-24T21:24:41.026+0000] {processor.py:840} INFO - DAG(s) 'example_weekday_branch_operator' retrieved from /home/airflow/.local/lib/python3.10/site-packages/airflow/example_dags/example_branch_day_of_week_operator.py
[2024-04-24T21:24:41.046+0000] {logging_mixin.py:188} INFO - [2024-04-24T21:24:41.046+0000] {dag.py:3047} INFO - Sync 1 DAGs
[2024-04-24T21:24:41.066+0000] {logging_mixin.py:188} INFO - [2024-04-24T21:24:41.065+0000] {dag.py:3834} INFO - Setting next_dagrun for example_weekday_branch_operator to 2024-04-23 00:00:00+00:00, run_after=2024-04-24 00:00:00+00:00
[2024-04-24T21:24:41.087+0000] {processor.py:183} INFO - Processing /home/airflow/.local/lib/python3.10/site-packages/airflow/example_dags/example_branch_day_of_week_operator.py took 0.075 seconds
[2024-04-24T21:25:11.411+0000] {processor.py:161} INFO - Started process (PID=1233) to work on /home/airflow/.local/lib/python3.10/site-packages/airflow/example_dags/example_branch_day_of_week_operator.py
[2024-04-24T21:25:11.412+0000] {processor.py:830} INFO - Processing file /home/airflow/.local/lib/python3.10/site-packages/airflow/example_dags/example_branch_day_of_week_operator.py for tasks to queue
[2024-04-24T21:25:11.414+0000] {logging_mixin.py:188} INFO - [2024-04-24T21:25:11.414+0000] {dagbag.py:540} INFO - Filling up the DagBag from /home/airflow/.local/lib/python3.10/site-packages/airflow/example_dags/example_branch_day_of_week_operator.py
[2024-04-24T21:25:11.423+0000] {processor.py:840} INFO - DAG(s) 'example_weekday_branch_operator' retrieved from /home/airflow/.local/lib/python3.10/site-packages/airflow/example_dags/example_branch_day_of_week_operator.py
[2024-04-24T21:25:11.444+0000] {logging_mixin.py:188} INFO - [2024-04-24T21:25:11.444+0000] {dag.py:3047} INFO - Sync 1 DAGs
[2024-04-24T21:25:11.465+0000] {logging_mixin.py:188} INFO - [2024-04-24T21:25:11.464+0000] {dag.py:3834} INFO - Setting next_dagrun for example_weekday_branch_operator to 2024-04-23 00:00:00+00:00, run_after=2024-04-24 00:00:00+00:00
[2024-04-24T21:25:11.485+0000] {processor.py:183} INFO - Processing /home/airflow/.local/lib/python3.10/site-packages/airflow/example_dags/example_branch_day_of_week_operator.py took 0.077 seconds
[2024-04-24T21:25:41.872+0000] {processor.py:161} INFO - Started process (PID=1289) to work on /home/airflow/.local/lib/python3.10/site-packages/airflow/example_dags/example_branch_day_of_week_operator.py
[2024-04-24T21:25:41.873+0000] {processor.py:830} INFO - Processing file /home/airflow/.local/lib/python3.10/site-packages/airflow/example_dags/example_branch_day_of_week_operator.py for tasks to queue
[2024-04-24T21:25:41.876+0000] {logging_mixin.py:188} INFO - [2024-04-24T21:25:41.875+0000] {dagbag.py:540} INFO - Filling up the DagBag from /home/airflow/.local/lib/python3.10/site-packages/airflow/example_dags/example_branch_day_of_week_operator.py
[2024-04-24T21:25:41.884+0000] {processor.py:840} INFO - DAG(s) 'example_weekday_branch_operator' retrieved from /home/airflow/.local/lib/python3.10/site-packages/airflow/example_dags/example_branch_day_of_week_operator.py
[2024-04-24T21:25:41.905+0000] {logging_mixin.py:188} INFO - [2024-04-24T21:25:41.905+0000] {dag.py:3047} INFO - Sync 1 DAGs
[2024-04-24T21:25:41.927+0000] {logging_mixin.py:188} INFO - [2024-04-24T21:25:41.927+0000] {dag.py:3834} INFO - Setting next_dagrun for example_weekday_branch_operator to 2024-04-23 00:00:00+00:00, run_after=2024-04-24 00:00:00+00:00
[2024-04-24T21:25:41.948+0000] {processor.py:183} INFO - Processing /home/airflow/.local/lib/python3.10/site-packages/airflow/example_dags/example_branch_day_of_week_operator.py took 0.080 seconds
[2024-04-24T21:26:12.314+0000] {processor.py:161} INFO - Started process (PID=1344) to work on /home/airflow/.local/lib/python3.10/site-packages/airflow/example_dags/example_branch_day_of_week_operator.py
[2024-04-24T21:26:12.315+0000] {processor.py:830} INFO - Processing file /home/airflow/.local/lib/python3.10/site-packages/airflow/example_dags/example_branch_day_of_week_operator.py for tasks to queue
[2024-04-24T21:26:12.317+0000] {logging_mixin.py:188} INFO - [2024-04-24T21:26:12.317+0000] {dagbag.py:540} INFO - Filling up the DagBag from /home/airflow/.local/lib/python3.10/site-packages/airflow/example_dags/example_branch_day_of_week_operator.py
[2024-04-24T21:26:12.325+0000] {processor.py:840} INFO - DAG(s) 'example_weekday_branch_operator' retrieved from /home/airflow/.local/lib/python3.10/site-packages/airflow/example_dags/example_branch_day_of_week_operator.py
[2024-04-24T21:26:12.345+0000] {logging_mixin.py:188} INFO - [2024-04-24T21:26:12.345+0000] {dag.py:3047} INFO - Sync 1 DAGs
[2024-04-24T21:26:12.368+0000] {logging_mixin.py:188} INFO - [2024-04-24T21:26:12.367+0000] {dag.py:3834} INFO - Setting next_dagrun for example_weekday_branch_operator to 2024-04-23 00:00:00+00:00, run_after=2024-04-24 00:00:00+00:00
[2024-04-24T21:26:12.388+0000] {processor.py:183} INFO - Processing /home/airflow/.local/lib/python3.10/site-packages/airflow/example_dags/example_branch_day_of_week_operator.py took 0.077 seconds
[2024-04-24T21:26:43.281+0000] {processor.py:161} INFO - Started process (PID=1399) to work on /home/airflow/.local/lib/python3.10/site-packages/airflow/example_dags/example_branch_day_of_week_operator.py
[2024-04-24T21:26:43.282+0000] {processor.py:830} INFO - Processing file /home/airflow/.local/lib/python3.10/site-packages/airflow/example_dags/example_branch_day_of_week_operator.py for tasks to queue
[2024-04-24T21:26:43.284+0000] {logging_mixin.py:188} INFO - [2024-04-24T21:26:43.284+0000] {dagbag.py:540} INFO - Filling up the DagBag from /home/airflow/.local/lib/python3.10/site-packages/airflow/example_dags/example_branch_day_of_week_operator.py
[2024-04-24T21:26:43.292+0000] {processor.py:840} INFO - DAG(s) 'example_weekday_branch_operator' retrieved from /home/airflow/.local/lib/python3.10/site-packages/airflow/example_dags/example_branch_day_of_week_operator.py
[2024-04-24T21:26:43.312+0000] {logging_mixin.py:188} INFO - [2024-04-24T21:26:43.311+0000] {dag.py:3047} INFO - Sync 1 DAGs
[2024-04-24T21:26:43.333+0000] {logging_mixin.py:188} INFO - [2024-04-24T21:26:43.333+0000] {dag.py:3834} INFO - Setting next_dagrun for example_weekday_branch_operator to 2024-04-23 00:00:00+00:00, run_after=2024-04-24 00:00:00+00:00
[2024-04-24T21:26:43.354+0000] {processor.py:183} INFO - Processing /home/airflow/.local/lib/python3.10/site-packages/airflow/example_dags/example_branch_day_of_week_operator.py took 0.077 seconds
[2024-04-24T21:27:14.080+0000] {processor.py:161} INFO - Started process (PID=1454) to work on /home/airflow/.local/lib/python3.10/site-packages/airflow/example_dags/example_branch_day_of_week_operator.py
[2024-04-24T21:27:14.081+0000] {processor.py:830} INFO - Processing file /home/airflow/.local/lib/python3.10/site-packages/airflow/example_dags/example_branch_day_of_week_operator.py for tasks to queue
[2024-04-24T21:27:14.083+0000] {logging_mixin.py:188} INFO - [2024-04-24T21:27:14.083+0000] {dagbag.py:540} INFO - Filling up the DagBag from /home/airflow/.local/lib/python3.10/site-packages/airflow/example_dags/example_branch_day_of_week_operator.py
[2024-04-24T21:27:14.090+0000] {processor.py:840} INFO - DAG(s) 'example_weekday_branch_operator' retrieved from /home/airflow/.local/lib/python3.10/site-packages/airflow/example_dags/example_branch_day_of_week_operator.py
[2024-04-24T21:27:14.111+0000] {logging_mixin.py:188} INFO - [2024-04-24T21:27:14.111+0000] {dag.py:3047} INFO - Sync 1 DAGs
[2024-04-24T21:27:14.133+0000] {logging_mixin.py:188} INFO - [2024-04-24T21:27:14.133+0000] {dag.py:3834} INFO - Setting next_dagrun for example_weekday_branch_operator to 2024-04-23 00:00:00+00:00, run_after=2024-04-24 00:00:00+00:00
[2024-04-24T21:27:14.154+0000] {processor.py:183} INFO - Processing /home/airflow/.local/lib/python3.10/site-packages/airflow/example_dags/example_branch_day_of_week_operator.py took 0.077 seconds
[2024-04-24T21:27:44.185+0000] {processor.py:161} INFO - Started process (PID=1510) to work on /home/airflow/.local/lib/python3.10/site-packages/airflow/example_dags/example_branch_day_of_week_operator.py
[2024-04-24T21:27:44.186+0000] {processor.py:830} INFO - Processing file /home/airflow/.local/lib/python3.10/site-packages/airflow/example_dags/example_branch_day_of_week_operator.py for tasks to queue
[2024-04-24T21:27:44.188+0000] {logging_mixin.py:188} INFO - [2024-04-24T21:27:44.188+0000] {dagbag.py:540} INFO - Filling up the DagBag from /home/airflow/.local/lib/python3.10/site-packages/airflow/example_dags/example_branch_day_of_week_operator.py
[2024-04-24T21:27:44.196+0000] {processor.py:840} INFO - DAG(s) 'example_weekday_branch_operator' retrieved from /home/airflow/.local/lib/python3.10/site-packages/airflow/example_dags/example_branch_day_of_week_operator.py
[2024-04-24T21:27:44.218+0000] {logging_mixin.py:188} INFO - [2024-04-24T21:27:44.217+0000] {dag.py:3047} INFO - Sync 1 DAGs
[2024-04-24T21:27:44.239+0000] {logging_mixin.py:188} INFO - [2024-04-24T21:27:44.239+0000] {dag.py:3834} INFO - Setting next_dagrun for example_weekday_branch_operator to 2024-04-23 00:00:00+00:00, run_after=2024-04-24 00:00:00+00:00
[2024-04-24T21:27:44.366+0000] {processor.py:183} INFO - Processing /home/airflow/.local/lib/python3.10/site-packages/airflow/example_dags/example_branch_day_of_week_operator.py took 0.184 seconds
[2024-04-24T21:28:14.644+0000] {processor.py:161} INFO - Started process (PID=1565) to work on /home/airflow/.local/lib/python3.10/site-packages/airflow/example_dags/example_branch_day_of_week_operator.py
[2024-04-24T21:28:14.646+0000] {processor.py:830} INFO - Processing file /home/airflow/.local/lib/python3.10/site-packages/airflow/example_dags/example_branch_day_of_week_operator.py for tasks to queue
[2024-04-24T21:28:14.648+0000] {logging_mixin.py:188} INFO - [2024-04-24T21:28:14.648+0000] {dagbag.py:540} INFO - Filling up the DagBag from /home/airflow/.local/lib/python3.10/site-packages/airflow/example_dags/example_branch_day_of_week_operator.py
[2024-04-24T21:28:14.656+0000] {processor.py:840} INFO - DAG(s) 'example_weekday_branch_operator' retrieved from /home/airflow/.local/lib/python3.10/site-packages/airflow/example_dags/example_branch_day_of_week_operator.py
[2024-04-24T21:28:14.679+0000] {logging_mixin.py:188} INFO - [2024-04-24T21:28:14.679+0000] {dag.py:3047} INFO - Sync 1 DAGs
[2024-04-24T21:28:14.701+0000] {logging_mixin.py:188} INFO - [2024-04-24T21:28:14.700+0000] {dag.py:3834} INFO - Setting next_dagrun for example_weekday_branch_operator to 2024-04-23 00:00:00+00:00, run_after=2024-04-24 00:00:00+00:00
[2024-04-24T21:28:14.723+0000] {processor.py:183} INFO - Processing /home/airflow/.local/lib/python3.10/site-packages/airflow/example_dags/example_branch_day_of_week_operator.py took 0.082 seconds
[2024-04-24T21:28:45.576+0000] {processor.py:161} INFO - Started process (PID=1620) to work on /home/airflow/.local/lib/python3.10/site-packages/airflow/example_dags/example_branch_day_of_week_operator.py
[2024-04-24T21:28:45.577+0000] {processor.py:830} INFO - Processing file /home/airflow/.local/lib/python3.10/site-packages/airflow/example_dags/example_branch_day_of_week_operator.py for tasks to queue
[2024-04-24T21:28:45.579+0000] {logging_mixin.py:188} INFO - [2024-04-24T21:28:45.579+0000] {dagbag.py:540} INFO - Filling up the DagBag from /home/airflow/.local/lib/python3.10/site-packages/airflow/example_dags/example_branch_day_of_week_operator.py
[2024-04-24T21:28:45.586+0000] {processor.py:840} INFO - DAG(s) 'example_weekday_branch_operator' retrieved from /home/airflow/.local/lib/python3.10/site-packages/airflow/example_dags/example_branch_day_of_week_operator.py
[2024-04-24T21:28:45.606+0000] {logging_mixin.py:188} INFO - [2024-04-24T21:28:45.606+0000] {dag.py:3047} INFO - Sync 1 DAGs
[2024-04-24T21:28:45.626+0000] {logging_mixin.py:188} INFO - [2024-04-24T21:28:45.626+0000] {dag.py:3834} INFO - Setting next_dagrun for example_weekday_branch_operator to 2024-04-23 00:00:00+00:00, run_after=2024-04-24 00:00:00+00:00
[2024-04-24T21:28:45.648+0000] {processor.py:183} INFO - Processing /home/airflow/.local/lib/python3.10/site-packages/airflow/example_dags/example_branch_day_of_week_operator.py took 0.075 seconds
[2024-04-24T21:29:16.488+0000] {processor.py:161} INFO - Started process (PID=1676) to work on /home/airflow/.local/lib/python3.10/site-packages/airflow/example_dags/example_branch_day_of_week_operator.py
[2024-04-24T21:29:16.489+0000] {processor.py:830} INFO - Processing file /home/airflow/.local/lib/python3.10/site-packages/airflow/example_dags/example_branch_day_of_week_operator.py for tasks to queue
[2024-04-24T21:29:16.491+0000] {logging_mixin.py:188} INFO - [2024-04-24T21:29:16.491+0000] {dagbag.py:540} INFO - Filling up the DagBag from /home/airflow/.local/lib/python3.10/site-packages/airflow/example_dags/example_branch_day_of_week_operator.py
[2024-04-24T21:29:16.499+0000] {processor.py:840} INFO - DAG(s) 'example_weekday_branch_operator' retrieved from /home/airflow/.local/lib/python3.10/site-packages/airflow/example_dags/example_branch_day_of_week_operator.py
[2024-04-24T21:29:16.519+0000] {logging_mixin.py:188} INFO - [2024-04-24T21:29:16.519+0000] {dag.py:3047} INFO - Sync 1 DAGs
[2024-04-24T21:29:16.540+0000] {logging_mixin.py:188} INFO - [2024-04-24T21:29:16.540+0000] {dag.py:3834} INFO - Setting next_dagrun for example_weekday_branch_operator to 2024-04-23 00:00:00+00:00, run_after=2024-04-24 00:00:00+00:00
[2024-04-24T21:29:16.561+0000] {processor.py:183} INFO - Processing /home/airflow/.local/lib/python3.10/site-packages/airflow/example_dags/example_branch_day_of_week_operator.py took 0.076 seconds
[2024-04-24T21:29:47.414+0000] {processor.py:161} INFO - Started process (PID=1731) to work on /home/airflow/.local/lib/python3.10/site-packages/airflow/example_dags/example_branch_day_of_week_operator.py
[2024-04-24T21:29:47.415+0000] {processor.py:830} INFO - Processing file /home/airflow/.local/lib/python3.10/site-packages/airflow/example_dags/example_branch_day_of_week_operator.py for tasks to queue
[2024-04-24T21:29:47.417+0000] {logging_mixin.py:188} INFO - [2024-04-24T21:29:47.417+0000] {dagbag.py:540} INFO - Filling up the DagBag from /home/airflow/.local/lib/python3.10/site-packages/airflow/example_dags/example_branch_day_of_week_operator.py
[2024-04-24T21:29:47.425+0000] {processor.py:840} INFO - DAG(s) 'example_weekday_branch_operator' retrieved from /home/airflow/.local/lib/python3.10/site-packages/airflow/example_dags/example_branch_day_of_week_operator.py
[2024-04-24T21:29:47.566+0000] {logging_mixin.py:188} INFO - [2024-04-24T21:29:47.565+0000] {dag.py:3047} INFO - Sync 1 DAGs
[2024-04-24T21:29:47.584+0000] {logging_mixin.py:188} INFO - [2024-04-24T21:29:47.583+0000] {dag.py:3834} INFO - Setting next_dagrun for example_weekday_branch_operator to 2024-04-23 00:00:00+00:00, run_after=2024-04-24 00:00:00+00:00
[2024-04-24T21:29:47.604+0000] {processor.py:183} INFO - Processing /home/airflow/.local/lib/python3.10/site-packages/airflow/example_dags/example_branch_day_of_week_operator.py took 0.193 seconds
[2024-04-24T21:30:18.335+0000] {processor.py:161} INFO - Started process (PID=1787) to work on /home/airflow/.local/lib/python3.10/site-packages/airflow/example_dags/example_branch_day_of_week_operator.py
[2024-04-24T21:30:18.336+0000] {processor.py:830} INFO - Processing file /home/airflow/.local/lib/python3.10/site-packages/airflow/example_dags/example_branch_day_of_week_operator.py for tasks to queue
[2024-04-24T21:30:18.338+0000] {logging_mixin.py:188} INFO - [2024-04-24T21:30:18.338+0000] {dagbag.py:540} INFO - Filling up the DagBag from /home/airflow/.local/lib/python3.10/site-packages/airflow/example_dags/example_branch_day_of_week_operator.py
[2024-04-24T21:30:18.346+0000] {processor.py:840} INFO - DAG(s) 'example_weekday_branch_operator' retrieved from /home/airflow/.local/lib/python3.10/site-packages/airflow/example_dags/example_branch_day_of_week_operator.py
[2024-04-24T21:30:18.366+0000] {logging_mixin.py:188} INFO - [2024-04-24T21:30:18.366+0000] {dag.py:3047} INFO - Sync 1 DAGs
[2024-04-24T21:30:18.390+0000] {logging_mixin.py:188} INFO - [2024-04-24T21:30:18.390+0000] {dag.py:3834} INFO - Setting next_dagrun for example_weekday_branch_operator to 2024-04-23 00:00:00+00:00, run_after=2024-04-24 00:00:00+00:00
[2024-04-24T21:30:18.411+0000] {processor.py:183} INFO - Processing /home/airflow/.local/lib/python3.10/site-packages/airflow/example_dags/example_branch_day_of_week_operator.py took 0.081 seconds
