[2025-01-07T08:56:19.267+0000] {processor.py:161} INFO - Started process (PID=29510) to work on /home/airflow/.local/lib/python3.10/site-packages/airflow/example_dags/example_trigger_target_dag.py
[2025-01-07T08:56:19.273+0000] {processor.py:830} INFO - Processing file /home/airflow/.local/lib/python3.10/site-packages/airflow/example_dags/example_trigger_target_dag.py for tasks to queue
[2025-01-07T08:56:19.276+0000] {logging_mixin.py:188} INFO - [2025-01-07T08:56:19.275+0000] {dagbag.py:540} INFO - Filling up the DagBag from /home/airflow/.local/lib/python3.10/site-packages/airflow/example_dags/example_trigger_target_dag.py
[2025-01-07T08:56:19.298+0000] {processor.py:840} INFO - DAG(s) 'example_trigger_target_dag' retrieved from /home/airflow/.local/lib/python3.10/site-packages/airflow/example_dags/example_trigger_target_dag.py
[2025-01-07T08:56:19.354+0000] {logging_mixin.py:188} INFO - [2025-01-07T08:56:19.354+0000] {dag.py:3047} INFO - Sync 1 DAGs
[2025-01-07T08:56:19.399+0000] {logging_mixin.py:188} INFO - [2025-01-07T08:56:19.398+0000] {dag.py:3834} INFO - Setting next_dagrun for example_trigger_target_dag to None, run_after=None
[2025-01-07T08:56:19.453+0000] {processor.py:183} INFO - Processing /home/airflow/.local/lib/python3.10/site-packages/airflow/example_dags/example_trigger_target_dag.py took 0.191 seconds
[2025-01-07T08:57:46.894+0000] {processor.py:161} INFO - Started process (PID=29585) to work on /home/airflow/.local/lib/python3.10/site-packages/airflow/example_dags/example_trigger_target_dag.py
[2025-01-07T08:57:46.897+0000] {processor.py:830} INFO - Processing file /home/airflow/.local/lib/python3.10/site-packages/airflow/example_dags/example_trigger_target_dag.py for tasks to queue
[2025-01-07T08:57:46.901+0000] {logging_mixin.py:188} INFO - [2025-01-07T08:57:46.900+0000] {dagbag.py:540} INFO - Filling up the DagBag from /home/airflow/.local/lib/python3.10/site-packages/airflow/example_dags/example_trigger_target_dag.py
[2025-01-07T08:57:46.923+0000] {processor.py:840} INFO - DAG(s) 'example_trigger_target_dag' retrieved from /home/airflow/.local/lib/python3.10/site-packages/airflow/example_dags/example_trigger_target_dag.py
[2025-01-07T08:57:46.975+0000] {logging_mixin.py:188} INFO - [2025-01-07T08:57:46.974+0000] {dag.py:3047} INFO - Sync 1 DAGs
[2025-01-07T08:57:47.004+0000] {logging_mixin.py:188} INFO - [2025-01-07T08:57:47.003+0000] {dag.py:3834} INFO - Setting next_dagrun for example_trigger_target_dag to None, run_after=None
[2025-01-07T08:57:47.194+0000] {processor.py:183} INFO - Processing /home/airflow/.local/lib/python3.10/site-packages/airflow/example_dags/example_trigger_target_dag.py took 0.315 seconds
[2025-01-07T08:58:17.816+0000] {processor.py:161} INFO - Started process (PID=29652) to work on /home/airflow/.local/lib/python3.10/site-packages/airflow/example_dags/example_trigger_target_dag.py
[2025-01-07T08:58:17.823+0000] {processor.py:830} INFO - Processing file /home/airflow/.local/lib/python3.10/site-packages/airflow/example_dags/example_trigger_target_dag.py for tasks to queue
[2025-01-07T08:58:17.826+0000] {logging_mixin.py:188} INFO - [2025-01-07T08:58:17.825+0000] {dagbag.py:540} INFO - Filling up the DagBag from /home/airflow/.local/lib/python3.10/site-packages/airflow/example_dags/example_trigger_target_dag.py
[2025-01-07T08:58:17.842+0000] {processor.py:840} INFO - DAG(s) 'example_trigger_target_dag' retrieved from /home/airflow/.local/lib/python3.10/site-packages/airflow/example_dags/example_trigger_target_dag.py
[2025-01-07T08:58:17.885+0000] {logging_mixin.py:188} INFO - [2025-01-07T08:58:17.884+0000] {dag.py:3047} INFO - Sync 1 DAGs
[2025-01-07T08:58:17.932+0000] {logging_mixin.py:188} INFO - [2025-01-07T08:58:17.925+0000] {dag.py:3834} INFO - Setting next_dagrun for example_trigger_target_dag to None, run_after=None
[2025-01-07T08:58:18.006+0000] {processor.py:183} INFO - Processing /home/airflow/.local/lib/python3.10/site-packages/airflow/example_dags/example_trigger_target_dag.py took 0.200 seconds
[2025-01-07T08:58:57.081+0000] {processor.py:161} INFO - Started process (PID=29725) to work on /home/airflow/.local/lib/python3.10/site-packages/airflow/example_dags/example_trigger_target_dag.py
[2025-01-07T08:58:57.084+0000] {processor.py:830} INFO - Processing file /home/airflow/.local/lib/python3.10/site-packages/airflow/example_dags/example_trigger_target_dag.py for tasks to queue
[2025-01-07T08:58:57.092+0000] {logging_mixin.py:188} INFO - [2025-01-07T08:58:57.087+0000] {dagbag.py:540} INFO - Filling up the DagBag from /home/airflow/.local/lib/python3.10/site-packages/airflow/example_dags/example_trigger_target_dag.py
[2025-01-07T08:58:57.118+0000] {processor.py:840} INFO - DAG(s) 'example_trigger_target_dag' retrieved from /home/airflow/.local/lib/python3.10/site-packages/airflow/example_dags/example_trigger_target_dag.py
[2025-01-07T08:58:57.185+0000] {logging_mixin.py:188} INFO - [2025-01-07T08:58:57.184+0000] {dag.py:3047} INFO - Sync 1 DAGs
[2025-01-07T08:58:57.213+0000] {logging_mixin.py:188} INFO - [2025-01-07T08:58:57.213+0000] {dag.py:3834} INFO - Setting next_dagrun for example_trigger_target_dag to None, run_after=None
[2025-01-07T08:58:57.299+0000] {processor.py:183} INFO - Processing /home/airflow/.local/lib/python3.10/site-packages/airflow/example_dags/example_trigger_target_dag.py took 0.225 seconds
[2025-01-07T09:02:29.232+0000] {processor.py:161} INFO - Started process (PID=29809) to work on /home/airflow/.local/lib/python3.10/site-packages/airflow/example_dags/example_trigger_target_dag.py
[2025-01-07T09:02:29.255+0000] {processor.py:830} INFO - Processing file /home/airflow/.local/lib/python3.10/site-packages/airflow/example_dags/example_trigger_target_dag.py for tasks to queue
[2025-01-07T09:02:29.264+0000] {logging_mixin.py:188} INFO - [2025-01-07T09:02:29.264+0000] {dagbag.py:540} INFO - Filling up the DagBag from /home/airflow/.local/lib/python3.10/site-packages/airflow/example_dags/example_trigger_target_dag.py
[2025-01-07T09:02:29.368+0000] {processor.py:840} INFO - DAG(s) 'example_trigger_target_dag' retrieved from /home/airflow/.local/lib/python3.10/site-packages/airflow/example_dags/example_trigger_target_dag.py
[2025-01-07T09:02:30.849+0000] {logging_mixin.py:188} INFO - [2025-01-07T09:02:30.844+0000] {dag.py:3047} INFO - Sync 1 DAGs
[2025-01-07T09:02:31.622+0000] {logging_mixin.py:188} INFO - [2025-01-07T09:02:31.621+0000] {dag.py:3834} INFO - Setting next_dagrun for example_trigger_target_dag to None, run_after=None
[2025-01-07T09:02:32.273+0000] {processor.py:183} INFO - Processing /home/airflow/.local/lib/python3.10/site-packages/airflow/example_dags/example_trigger_target_dag.py took 3.148 seconds
[2025-01-07T09:07:03.206+0000] {processor.py:161} INFO - Started process (PID=29899) to work on /home/airflow/.local/lib/python3.10/site-packages/airflow/example_dags/example_trigger_target_dag.py
[2025-01-07T09:07:03.231+0000] {processor.py:830} INFO - Processing file /home/airflow/.local/lib/python3.10/site-packages/airflow/example_dags/example_trigger_target_dag.py for tasks to queue
[2025-01-07T09:07:03.236+0000] {logging_mixin.py:188} INFO - [2025-01-07T09:07:03.235+0000] {dagbag.py:540} INFO - Filling up the DagBag from /home/airflow/.local/lib/python3.10/site-packages/airflow/example_dags/example_trigger_target_dag.py
[2025-01-07T09:07:03.317+0000] {processor.py:840} INFO - DAG(s) 'example_trigger_target_dag' retrieved from /home/airflow/.local/lib/python3.10/site-packages/airflow/example_dags/example_trigger_target_dag.py
[2025-01-07T09:07:04.000+0000] {logging_mixin.py:188} INFO - [2025-01-07T09:07:03.998+0000] {dag.py:3047} INFO - Sync 1 DAGs
[2025-01-07T09:07:04.966+0000] {logging_mixin.py:188} INFO - [2025-01-07T09:07:04.965+0000] {dag.py:3834} INFO - Setting next_dagrun for example_trigger_target_dag to None, run_after=None
[2025-01-07T09:07:05.260+0000] {processor.py:183} INFO - Processing /home/airflow/.local/lib/python3.10/site-packages/airflow/example_dags/example_trigger_target_dag.py took 2.103 seconds
[2025-01-07T11:41:02.846+0000] {processor.py:161} INFO - Started process (PID=278) to work on /home/airflow/.local/lib/python3.10/site-packages/airflow/example_dags/example_trigger_target_dag.py
[2025-01-07T11:41:02.900+0000] {processor.py:830} INFO - Processing file /home/airflow/.local/lib/python3.10/site-packages/airflow/example_dags/example_trigger_target_dag.py for tasks to queue
[2025-01-07T11:41:02.905+0000] {logging_mixin.py:188} INFO - [2025-01-07T11:41:02.904+0000] {dagbag.py:540} INFO - Filling up the DagBag from /home/airflow/.local/lib/python3.10/site-packages/airflow/example_dags/example_trigger_target_dag.py
[2025-01-07T11:41:03.116+0000] {processor.py:840} INFO - DAG(s) 'example_trigger_target_dag' retrieved from /home/airflow/.local/lib/python3.10/site-packages/airflow/example_dags/example_trigger_target_dag.py
[2025-01-07T11:41:04.418+0000] {logging_mixin.py:188} INFO - [2025-01-07T11:41:04.417+0000] {dag.py:3047} INFO - Sync 1 DAGs
[2025-01-07T11:41:07.917+0000] {logging_mixin.py:188} INFO - [2025-01-07T11:41:07.916+0000] {dag.py:3834} INFO - Setting next_dagrun for example_trigger_target_dag to None, run_after=None
[2025-01-07T11:41:08.983+0000] {processor.py:183} INFO - Processing /home/airflow/.local/lib/python3.10/site-packages/airflow/example_dags/example_trigger_target_dag.py took 6.287 seconds
[2025-01-07T12:29:34.702+0000] {processor.py:161} INFO - Started process (PID=184) to work on /home/airflow/.local/lib/python3.10/site-packages/airflow/example_dags/example_trigger_target_dag.py
[2025-01-07T12:29:34.709+0000] {processor.py:830} INFO - Processing file /home/airflow/.local/lib/python3.10/site-packages/airflow/example_dags/example_trigger_target_dag.py for tasks to queue
[2025-01-07T12:29:34.764+0000] {logging_mixin.py:188} INFO - [2025-01-07T12:29:34.762+0000] {dagbag.py:540} INFO - Filling up the DagBag from /home/airflow/.local/lib/python3.10/site-packages/airflow/example_dags/example_trigger_target_dag.py
[2025-01-07T12:29:34.862+0000] {processor.py:840} INFO - DAG(s) 'example_trigger_target_dag' retrieved from /home/airflow/.local/lib/python3.10/site-packages/airflow/example_dags/example_trigger_target_dag.py
[2025-01-07T12:29:35.083+0000] {logging_mixin.py:188} INFO - [2025-01-07T12:29:35.083+0000] {dag.py:3047} INFO - Sync 1 DAGs
[2025-01-07T12:29:35.192+0000] {logging_mixin.py:188} INFO - [2025-01-07T12:29:35.191+0000] {dag.py:3834} INFO - Setting next_dagrun for example_trigger_target_dag to None, run_after=None
[2025-01-07T12:29:35.368+0000] {processor.py:183} INFO - Processing /home/airflow/.local/lib/python3.10/site-packages/airflow/example_dags/example_trigger_target_dag.py took 0.766 seconds
