[2025-01-07T08:56:05.477+0000] {processor.py:161} INFO - Started process (PID=29491) to work on /home/airflow/.local/lib/python3.10/site-packages/airflow/example_dags/example_setup_teardown_taskflow.py
[2025-01-07T08:56:05.479+0000] {processor.py:830} INFO - Processing file /home/airflow/.local/lib/python3.10/site-packages/airflow/example_dags/example_setup_teardown_taskflow.py for tasks to queue
[2025-01-07T08:56:05.488+0000] {logging_mixin.py:188} INFO - [2025-01-07T08:56:05.486+0000] {dagbag.py:540} INFO - Filling up the DagBag from /home/airflow/.local/lib/python3.10/site-packages/airflow/example_dags/example_setup_teardown_taskflow.py
[2025-01-07T08:56:05.514+0000] {processor.py:840} INFO - DAG(s) 'example_setup_teardown_taskflow' retrieved from /home/airflow/.local/lib/python3.10/site-packages/airflow/example_dags/example_setup_teardown_taskflow.py
[2025-01-07T08:56:05.589+0000] {logging_mixin.py:188} INFO - [2025-01-07T08:56:05.588+0000] {dag.py:3047} INFO - Sync 1 DAGs
[2025-01-07T08:56:05.661+0000] {logging_mixin.py:188} INFO - [2025-01-07T08:56:05.661+0000] {dag.py:3834} INFO - Setting next_dagrun for example_setup_teardown_taskflow to 2025-01-06 00:00:00+00:00, run_after=2025-01-07 00:00:00+00:00
[2025-01-07T08:56:05.869+0000] {processor.py:183} INFO - Processing /home/airflow/.local/lib/python3.10/site-packages/airflow/example_dags/example_setup_teardown_taskflow.py took 0.398 seconds
[2025-01-07T08:57:42.280+0000] {processor.py:161} INFO - Started process (PID=29566) to work on /home/airflow/.local/lib/python3.10/site-packages/airflow/example_dags/example_setup_teardown_taskflow.py
[2025-01-07T08:57:42.283+0000] {processor.py:830} INFO - Processing file /home/airflow/.local/lib/python3.10/site-packages/airflow/example_dags/example_setup_teardown_taskflow.py for tasks to queue
[2025-01-07T08:57:42.286+0000] {logging_mixin.py:188} INFO - [2025-01-07T08:57:42.285+0000] {dagbag.py:540} INFO - Filling up the DagBag from /home/airflow/.local/lib/python3.10/site-packages/airflow/example_dags/example_setup_teardown_taskflow.py
[2025-01-07T08:57:42.305+0000] {processor.py:840} INFO - DAG(s) 'example_setup_teardown_taskflow' retrieved from /home/airflow/.local/lib/python3.10/site-packages/airflow/example_dags/example_setup_teardown_taskflow.py
[2025-01-07T08:57:42.343+0000] {logging_mixin.py:188} INFO - [2025-01-07T08:57:42.342+0000] {dag.py:3047} INFO - Sync 1 DAGs
[2025-01-07T08:57:42.377+0000] {logging_mixin.py:188} INFO - [2025-01-07T08:57:42.377+0000] {dag.py:3834} INFO - Setting next_dagrun for example_setup_teardown_taskflow to 2025-01-06 00:00:00+00:00, run_after=2025-01-07 00:00:00+00:00
[2025-01-07T08:57:42.406+0000] {processor.py:183} INFO - Processing /home/airflow/.local/lib/python3.10/site-packages/airflow/example_dags/example_setup_teardown_taskflow.py took 0.131 seconds
[2025-01-07T08:58:12.813+0000] {processor.py:161} INFO - Started process (PID=29633) to work on /home/airflow/.local/lib/python3.10/site-packages/airflow/example_dags/example_setup_teardown_taskflow.py
[2025-01-07T08:58:12.816+0000] {processor.py:830} INFO - Processing file /home/airflow/.local/lib/python3.10/site-packages/airflow/example_dags/example_setup_teardown_taskflow.py for tasks to queue
[2025-01-07T08:58:12.817+0000] {logging_mixin.py:188} INFO - [2025-01-07T08:58:12.817+0000] {dagbag.py:540} INFO - Filling up the DagBag from /home/airflow/.local/lib/python3.10/site-packages/airflow/example_dags/example_setup_teardown_taskflow.py
[2025-01-07T08:58:12.837+0000] {processor.py:840} INFO - DAG(s) 'example_setup_teardown_taskflow' retrieved from /home/airflow/.local/lib/python3.10/site-packages/airflow/example_dags/example_setup_teardown_taskflow.py
[2025-01-07T08:58:12.885+0000] {logging_mixin.py:188} INFO - [2025-01-07T08:58:12.884+0000] {dag.py:3047} INFO - Sync 1 DAGs
[2025-01-07T08:58:12.948+0000] {logging_mixin.py:188} INFO - [2025-01-07T08:58:12.948+0000] {dag.py:3834} INFO - Setting next_dagrun for example_setup_teardown_taskflow to 2025-01-06 00:00:00+00:00, run_after=2025-01-07 00:00:00+00:00
[2025-01-07T08:58:13.027+0000] {processor.py:183} INFO - Processing /home/airflow/.local/lib/python3.10/site-packages/airflow/example_dags/example_setup_teardown_taskflow.py took 0.222 seconds
[2025-01-07T08:58:47.392+0000] {processor.py:161} INFO - Started process (PID=29702) to work on /home/airflow/.local/lib/python3.10/site-packages/airflow/example_dags/example_setup_teardown_taskflow.py
[2025-01-07T08:58:47.395+0000] {processor.py:830} INFO - Processing file /home/airflow/.local/lib/python3.10/site-packages/airflow/example_dags/example_setup_teardown_taskflow.py for tasks to queue
[2025-01-07T08:58:47.398+0000] {logging_mixin.py:188} INFO - [2025-01-07T08:58:47.397+0000] {dagbag.py:540} INFO - Filling up the DagBag from /home/airflow/.local/lib/python3.10/site-packages/airflow/example_dags/example_setup_teardown_taskflow.py
[2025-01-07T08:58:47.440+0000] {processor.py:840} INFO - DAG(s) 'example_setup_teardown_taskflow' retrieved from /home/airflow/.local/lib/python3.10/site-packages/airflow/example_dags/example_setup_teardown_taskflow.py
[2025-01-07T08:58:47.511+0000] {logging_mixin.py:188} INFO - [2025-01-07T08:58:47.511+0000] {dag.py:3047} INFO - Sync 1 DAGs
[2025-01-07T08:58:47.587+0000] {logging_mixin.py:188} INFO - [2025-01-07T08:58:47.586+0000] {dag.py:3834} INFO - Setting next_dagrun for example_setup_teardown_taskflow to 2025-01-06 00:00:00+00:00, run_after=2025-01-07 00:00:00+00:00
[2025-01-07T08:58:47.652+0000] {processor.py:183} INFO - Processing /home/airflow/.local/lib/python3.10/site-packages/airflow/example_dags/example_setup_teardown_taskflow.py took 0.276 seconds
[2025-01-07T09:02:02.929+0000] {processor.py:161} INFO - Started process (PID=29788) to work on /home/airflow/.local/lib/python3.10/site-packages/airflow/example_dags/example_setup_teardown_taskflow.py
[2025-01-07T09:02:03.876+0000] {processor.py:830} INFO - Processing file /home/airflow/.local/lib/python3.10/site-packages/airflow/example_dags/example_setup_teardown_taskflow.py for tasks to queue
[2025-01-07T09:02:04.029+0000] {logging_mixin.py:188} INFO - [2025-01-07T09:02:03.991+0000] {dagbag.py:540} INFO - Filling up the DagBag from /home/airflow/.local/lib/python3.10/site-packages/airflow/example_dags/example_setup_teardown_taskflow.py
[2025-01-07T09:02:04.811+0000] {processor.py:840} INFO - DAG(s) 'example_setup_teardown_taskflow' retrieved from /home/airflow/.local/lib/python3.10/site-packages/airflow/example_dags/example_setup_teardown_taskflow.py
[2025-01-07T09:02:05.042+0000] {logging_mixin.py:188} INFO - [2025-01-07T09:02:05.042+0000] {dag.py:3047} INFO - Sync 1 DAGs
[2025-01-07T09:02:05.236+0000] {logging_mixin.py:188} INFO - [2025-01-07T09:02:05.235+0000] {dag.py:3834} INFO - Setting next_dagrun for example_setup_teardown_taskflow to 2025-01-06 00:00:00+00:00, run_after=2025-01-07 00:00:00+00:00
[2025-01-07T09:02:05.499+0000] {processor.py:183} INFO - Processing /home/airflow/.local/lib/python3.10/site-packages/airflow/example_dags/example_setup_teardown_taskflow.py took 2.707 seconds
[2025-01-07T09:06:28.959+0000] {processor.py:161} INFO - Started process (PID=29871) to work on /home/airflow/.local/lib/python3.10/site-packages/airflow/example_dags/example_setup_teardown_taskflow.py
[2025-01-07T09:06:29.026+0000] {processor.py:830} INFO - Processing file /home/airflow/.local/lib/python3.10/site-packages/airflow/example_dags/example_setup_teardown_taskflow.py for tasks to queue
[2025-01-07T09:06:29.084+0000] {logging_mixin.py:188} INFO - [2025-01-07T09:06:29.063+0000] {dagbag.py:540} INFO - Filling up the DagBag from /home/airflow/.local/lib/python3.10/site-packages/airflow/example_dags/example_setup_teardown_taskflow.py
[2025-01-07T09:06:30.095+0000] {processor.py:840} INFO - DAG(s) 'example_setup_teardown_taskflow' retrieved from /home/airflow/.local/lib/python3.10/site-packages/airflow/example_dags/example_setup_teardown_taskflow.py
[2025-01-07T09:06:33.371+0000] {logging_mixin.py:188} INFO - [2025-01-07T09:06:33.360+0000] {dag.py:3047} INFO - Sync 1 DAGs
[2025-01-07T09:06:35.096+0000] {logging_mixin.py:188} INFO - [2025-01-07T09:06:35.093+0000] {dag.py:3834} INFO - Setting next_dagrun for example_setup_teardown_taskflow to 2025-01-06 00:00:00+00:00, run_after=2025-01-07 00:00:00+00:00
[2025-01-07T09:06:35.727+0000] {processor.py:183} INFO - Processing /home/airflow/.local/lib/python3.10/site-packages/airflow/example_dags/example_setup_teardown_taskflow.py took 7.307 seconds
[2025-01-07T09:10:52.846+0000] {processor.py:161} INFO - Started process (PID=29949) to work on /home/airflow/.local/lib/python3.10/site-packages/airflow/example_dags/example_setup_teardown_taskflow.py
[2025-01-07T09:10:52.968+0000] {processor.py:830} INFO - Processing file /home/airflow/.local/lib/python3.10/site-packages/airflow/example_dags/example_setup_teardown_taskflow.py for tasks to queue
[2025-01-07T09:10:53.099+0000] {logging_mixin.py:188} INFO - [2025-01-07T09:10:53.076+0000] {dagbag.py:540} INFO - Filling up the DagBag from /home/airflow/.local/lib/python3.10/site-packages/airflow/example_dags/example_setup_teardown_taskflow.py
[2025-01-07T09:10:57.953+0000] {processor.py:840} INFO - DAG(s) 'example_setup_teardown_taskflow' retrieved from /home/airflow/.local/lib/python3.10/site-packages/airflow/example_dags/example_setup_teardown_taskflow.py
[2025-01-07T09:11:04.800+0000] {logging_mixin.py:188} INFO - [2025-01-07T09:11:04.761+0000] {dag.py:3047} INFO - Sync 1 DAGs
[2025-01-07T09:11:07.153+0000] {logging_mixin.py:188} INFO - [2025-01-07T09:11:07.150+0000] {dag.py:3834} INFO - Setting next_dagrun for example_setup_teardown_taskflow to 2025-01-06 00:00:00+00:00, run_after=2025-01-07 00:00:00+00:00
[2025-01-07T09:11:08.843+0000] {processor.py:183} INFO - Processing /home/airflow/.local/lib/python3.10/site-packages/airflow/example_dags/example_setup_teardown_taskflow.py took 16.644 seconds
[2025-01-07T11:24:50.072+0000] {processor.py:161} INFO - Started process (PID=214) to work on /home/airflow/.local/lib/python3.10/site-packages/airflow/example_dags/example_setup_teardown_taskflow.py
[2025-01-07T11:24:51.460+0000] {processor.py:830} INFO - Processing file /home/airflow/.local/lib/python3.10/site-packages/airflow/example_dags/example_setup_teardown_taskflow.py for tasks to queue
[2025-01-07T11:24:52.621+0000] {logging_mixin.py:188} INFO - [2025-01-07T11:24:51.889+0000] {dagbag.py:540} INFO - Filling up the DagBag from /home/airflow/.local/lib/python3.10/site-packages/airflow/example_dags/example_setup_teardown_taskflow.py
[2025-01-07T11:25:03.568+0000] {processor.py:840} INFO - DAG(s) 'example_setup_teardown_taskflow' retrieved from /home/airflow/.local/lib/python3.10/site-packages/airflow/example_dags/example_setup_teardown_taskflow.py
[2025-01-07T11:25:17.648+0000] {logging_mixin.py:188} INFO - [2025-01-07T11:25:17.600+0000] {dag.py:3047} INFO - Sync 1 DAGs
[2025-01-07T12:27:38.313+0000] {processor.py:161} INFO - Started process (PID=145) to work on /home/airflow/.local/lib/python3.10/site-packages/airflow/example_dags/example_setup_teardown_taskflow.py
[2025-01-07T12:27:38.334+0000] {processor.py:830} INFO - Processing file /home/airflow/.local/lib/python3.10/site-packages/airflow/example_dags/example_setup_teardown_taskflow.py for tasks to queue
[2025-01-07T12:27:38.367+0000] {logging_mixin.py:188} INFO - [2025-01-07T12:27:38.367+0000] {dagbag.py:540} INFO - Filling up the DagBag from /home/airflow/.local/lib/python3.10/site-packages/airflow/example_dags/example_setup_teardown_taskflow.py
[2025-01-07T12:27:38.738+0000] {processor.py:840} INFO - DAG(s) 'example_setup_teardown_taskflow' retrieved from /home/airflow/.local/lib/python3.10/site-packages/airflow/example_dags/example_setup_teardown_taskflow.py
[2025-01-07T12:27:42.847+0000] {logging_mixin.py:188} INFO - [2025-01-07T12:27:42.846+0000] {dag.py:3047} INFO - Sync 1 DAGs
[2025-01-07T12:27:43.408+0000] {logging_mixin.py:188} INFO - [2025-01-07T12:27:43.408+0000] {dag.py:3834} INFO - Setting next_dagrun for example_setup_teardown_taskflow to 2025-01-06 00:00:00+00:00, run_after=2025-01-07 00:00:00+00:00
[2025-01-07T12:27:43.998+0000] {processor.py:183} INFO - Processing /home/airflow/.local/lib/python3.10/site-packages/airflow/example_dags/example_setup_teardown_taskflow.py took 5.842 seconds
[2025-01-07T12:32:22.033+0000] {processor.py:161} INFO - Started process (PID=239) to work on /home/airflow/.local/lib/python3.10/site-packages/airflow/example_dags/example_setup_teardown_taskflow.py
[2025-01-07T12:32:22.056+0000] {processor.py:830} INFO - Processing file /home/airflow/.local/lib/python3.10/site-packages/airflow/example_dags/example_setup_teardown_taskflow.py for tasks to queue
[2025-01-07T12:32:22.112+0000] {logging_mixin.py:188} INFO - [2025-01-07T12:32:22.111+0000] {dagbag.py:540} INFO - Filling up the DagBag from /home/airflow/.local/lib/python3.10/site-packages/airflow/example_dags/example_setup_teardown_taskflow.py
[2025-01-07T12:32:22.364+0000] {processor.py:840} INFO - DAG(s) 'example_setup_teardown_taskflow' retrieved from /home/airflow/.local/lib/python3.10/site-packages/airflow/example_dags/example_setup_teardown_taskflow.py
[2025-01-07T12:32:22.845+0000] {logging_mixin.py:188} INFO - [2025-01-07T12:32:22.844+0000] {dag.py:3047} INFO - Sync 1 DAGs
[2025-01-07T12:32:25.305+0000] {logging_mixin.py:188} INFO - [2025-01-07T12:32:25.305+0000] {dag.py:3834} INFO - Setting next_dagrun for example_setup_teardown_taskflow to 2025-01-06 00:00:00+00:00, run_after=2025-01-07 00:00:00+00:00
[2025-01-07T12:32:25.683+0000] {processor.py:183} INFO - Processing /home/airflow/.local/lib/python3.10/site-packages/airflow/example_dags/example_setup_teardown_taskflow.py took 3.807 seconds
[2025-01-07T12:57:43.776+0000] {processor.py:161} INFO - Started process (PID=328) to work on /home/airflow/.local/lib/python3.10/site-packages/airflow/example_dags/example_setup_teardown_taskflow.py
[2025-01-07T12:57:44.001+0000] {processor.py:830} INFO - Processing file /home/airflow/.local/lib/python3.10/site-packages/airflow/example_dags/example_setup_teardown_taskflow.py for tasks to queue
[2025-01-07T12:57:44.236+0000] {logging_mixin.py:188} INFO - [2025-01-07T12:57:44.135+0000] {dagbag.py:540} INFO - Filling up the DagBag from /home/airflow/.local/lib/python3.10/site-packages/airflow/example_dags/example_setup_teardown_taskflow.py
[2025-01-07T12:57:56.507+0000] {processor.py:840} INFO - DAG(s) 'example_setup_teardown_taskflow' retrieved from /home/airflow/.local/lib/python3.10/site-packages/airflow/example_dags/example_setup_teardown_taskflow.py
[2025-01-07T12:58:07.317+0000] {logging_mixin.py:188} INFO - [2025-01-07T12:58:07.025+0000] {dag.py:3047} INFO - Sync 1 DAGs
[2025-01-07T12:58:12.954+0000] {logging_mixin.py:188} INFO - [2025-01-07T12:58:12.893+0000] {dag.py:3834} INFO - Setting next_dagrun for example_setup_teardown_taskflow to 2025-01-06 00:00:00+00:00, run_after=2025-01-07 00:00:00+00:00
[2025-01-07T12:58:15.006+0000] {processor.py:183} INFO - Processing /home/airflow/.local/lib/python3.10/site-packages/airflow/example_dags/example_setup_teardown_taskflow.py took 40.650 seconds
