[2025-01-07T08:55:57.100+0000] {processor.py:161} INFO - Started process (PID=29475) to work on /home/airflow/.local/lib/python3.10/site-packages/airflow/example_dags/example_skip_dag.py
[2025-01-07T08:55:57.111+0000] {processor.py:830} INFO - Processing file /home/airflow/.local/lib/python3.10/site-packages/airflow/example_dags/example_skip_dag.py for tasks to queue
[2025-01-07T08:55:57.113+0000] {logging_mixin.py:188} INFO - [2025-01-07T08:55:57.113+0000] {dagbag.py:540} INFO - Filling up the DagBag from /home/airflow/.local/lib/python3.10/site-packages/airflow/example_dags/example_skip_dag.py
[2025-01-07T08:55:57.136+0000] {processor.py:840} INFO - DAG(s) 'example_skip_dag' retrieved from /home/airflow/.local/lib/python3.10/site-packages/airflow/example_dags/example_skip_dag.py
[2025-01-07T08:55:57.257+0000] {logging_mixin.py:188} INFO - [2025-01-07T08:55:57.251+0000] {dag.py:3047} INFO - Sync 1 DAGs
[2025-01-07T08:55:57.387+0000] {logging_mixin.py:188} INFO - [2025-01-07T08:55:57.386+0000] {dag.py:3834} INFO - Setting next_dagrun for example_skip_dag to 2025-01-06 00:00:00+00:00, run_after=2025-01-07 00:00:00+00:00
[2025-01-07T08:55:57.481+0000] {processor.py:183} INFO - Processing /home/airflow/.local/lib/python3.10/site-packages/airflow/example_dags/example_skip_dag.py took 0.386 seconds
[2025-01-07T08:57:22.689+0000] {processor.py:161} INFO - Started process (PID=29542) to work on /home/airflow/.local/lib/python3.10/site-packages/airflow/example_dags/example_skip_dag.py
[2025-01-07T08:57:22.693+0000] {processor.py:830} INFO - Processing file /home/airflow/.local/lib/python3.10/site-packages/airflow/example_dags/example_skip_dag.py for tasks to queue
[2025-01-07T08:57:22.695+0000] {logging_mixin.py:188} INFO - [2025-01-07T08:57:22.695+0000] {dagbag.py:540} INFO - Filling up the DagBag from /home/airflow/.local/lib/python3.10/site-packages/airflow/example_dags/example_skip_dag.py
[2025-01-07T08:57:22.720+0000] {processor.py:840} INFO - DAG(s) 'example_skip_dag' retrieved from /home/airflow/.local/lib/python3.10/site-packages/airflow/example_dags/example_skip_dag.py
[2025-01-07T08:57:23.223+0000] {logging_mixin.py:188} INFO - [2025-01-07T08:57:23.223+0000] {dag.py:3047} INFO - Sync 1 DAGs
[2025-01-07T08:57:23.448+0000] {logging_mixin.py:188} INFO - [2025-01-07T08:57:23.447+0000] {dag.py:3834} INFO - Setting next_dagrun for example_skip_dag to 2025-01-06 00:00:00+00:00, run_after=2025-01-07 00:00:00+00:00
[2025-01-07T08:57:23.556+0000] {processor.py:183} INFO - Processing /home/airflow/.local/lib/python3.10/site-packages/airflow/example_dags/example_skip_dag.py took 0.879 seconds
[2025-01-07T08:57:54.657+0000] {processor.py:161} INFO - Started process (PID=29605) to work on /home/airflow/.local/lib/python3.10/site-packages/airflow/example_dags/example_skip_dag.py
[2025-01-07T08:57:54.658+0000] {processor.py:830} INFO - Processing file /home/airflow/.local/lib/python3.10/site-packages/airflow/example_dags/example_skip_dag.py for tasks to queue
[2025-01-07T08:57:54.659+0000] {logging_mixin.py:188} INFO - [2025-01-07T08:57:54.659+0000] {dagbag.py:540} INFO - Filling up the DagBag from /home/airflow/.local/lib/python3.10/site-packages/airflow/example_dags/example_skip_dag.py
[2025-01-07T08:57:54.668+0000] {processor.py:840} INFO - DAG(s) 'example_skip_dag' retrieved from /home/airflow/.local/lib/python3.10/site-packages/airflow/example_dags/example_skip_dag.py
[2025-01-07T08:57:54.695+0000] {logging_mixin.py:188} INFO - [2025-01-07T08:57:54.695+0000] {dag.py:3047} INFO - Sync 1 DAGs
[2025-01-07T08:57:54.725+0000] {logging_mixin.py:188} INFO - [2025-01-07T08:57:54.725+0000] {dag.py:3834} INFO - Setting next_dagrun for example_skip_dag to 2025-01-06 00:00:00+00:00, run_after=2025-01-07 00:00:00+00:00
[2025-01-07T08:57:54.752+0000] {processor.py:183} INFO - Processing /home/airflow/.local/lib/python3.10/site-packages/airflow/example_dags/example_skip_dag.py took 0.099 seconds
[2025-01-07T08:58:25.339+0000] {processor.py:161} INFO - Started process (PID=29670) to work on /home/airflow/.local/lib/python3.10/site-packages/airflow/example_dags/example_skip_dag.py
[2025-01-07T08:58:25.341+0000] {processor.py:830} INFO - Processing file /home/airflow/.local/lib/python3.10/site-packages/airflow/example_dags/example_skip_dag.py for tasks to queue
[2025-01-07T08:58:25.343+0000] {logging_mixin.py:188} INFO - [2025-01-07T08:58:25.342+0000] {dagbag.py:540} INFO - Filling up the DagBag from /home/airflow/.local/lib/python3.10/site-packages/airflow/example_dags/example_skip_dag.py
[2025-01-07T08:58:25.353+0000] {processor.py:840} INFO - DAG(s) 'example_skip_dag' retrieved from /home/airflow/.local/lib/python3.10/site-packages/airflow/example_dags/example_skip_dag.py
[2025-01-07T08:58:25.382+0000] {logging_mixin.py:188} INFO - [2025-01-07T08:58:25.382+0000] {dag.py:3047} INFO - Sync 1 DAGs
[2025-01-07T08:58:25.412+0000] {logging_mixin.py:188} INFO - [2025-01-07T08:58:25.412+0000] {dag.py:3834} INFO - Setting next_dagrun for example_skip_dag to 2025-01-06 00:00:00+00:00, run_after=2025-01-07 00:00:00+00:00
[2025-01-07T08:58:25.436+0000] {processor.py:183} INFO - Processing /home/airflow/.local/lib/python3.10/site-packages/airflow/example_dags/example_skip_dag.py took 0.101 seconds
[2025-01-07T08:59:01.809+0000] {processor.py:161} INFO - Started process (PID=29737) to work on /home/airflow/.local/lib/python3.10/site-packages/airflow/example_dags/example_skip_dag.py
[2025-01-07T08:59:01.902+0000] {processor.py:830} INFO - Processing file /home/airflow/.local/lib/python3.10/site-packages/airflow/example_dags/example_skip_dag.py for tasks to queue
[2025-01-07T08:59:01.912+0000] {logging_mixin.py:188} INFO - [2025-01-07T08:59:01.911+0000] {dagbag.py:540} INFO - Filling up the DagBag from /home/airflow/.local/lib/python3.10/site-packages/airflow/example_dags/example_skip_dag.py
[2025-01-07T08:59:02.016+0000] {processor.py:840} INFO - DAG(s) 'example_skip_dag' retrieved from /home/airflow/.local/lib/python3.10/site-packages/airflow/example_dags/example_skip_dag.py
[2025-01-07T08:59:02.254+0000] {logging_mixin.py:188} INFO - [2025-01-07T08:59:02.254+0000] {dag.py:3047} INFO - Sync 1 DAGs
[2025-01-07T08:59:02.412+0000] {logging_mixin.py:188} INFO - [2025-01-07T08:59:02.411+0000] {dag.py:3834} INFO - Setting next_dagrun for example_skip_dag to 2025-01-06 00:00:00+00:00, run_after=2025-01-07 00:00:00+00:00
[2025-01-07T08:59:02.933+0000] {processor.py:183} INFO - Processing /home/airflow/.local/lib/python3.10/site-packages/airflow/example_dags/example_skip_dag.py took 1.131 seconds
[2025-01-07T09:01:54.547+0000] {processor.py:161} INFO - Started process (PID=29780) to work on /home/airflow/.local/lib/python3.10/site-packages/airflow/example_dags/example_skip_dag.py
[2025-01-07T09:01:54.574+0000] {processor.py:830} INFO - Processing file /home/airflow/.local/lib/python3.10/site-packages/airflow/example_dags/example_skip_dag.py for tasks to queue
[2025-01-07T09:01:54.591+0000] {logging_mixin.py:188} INFO - [2025-01-07T09:01:54.590+0000] {dagbag.py:540} INFO - Filling up the DagBag from /home/airflow/.local/lib/python3.10/site-packages/airflow/example_dags/example_skip_dag.py
[2025-01-07T09:01:55.725+0000] {processor.py:840} INFO - DAG(s) 'example_skip_dag' retrieved from /home/airflow/.local/lib/python3.10/site-packages/airflow/example_dags/example_skip_dag.py
[2025-01-07T09:01:57.862+0000] {logging_mixin.py:188} INFO - [2025-01-07T09:01:57.858+0000] {dag.py:3047} INFO - Sync 1 DAGs
[2025-01-07T09:01:59.206+0000] {logging_mixin.py:188} INFO - [2025-01-07T09:01:59.205+0000] {dag.py:3834} INFO - Setting next_dagrun for example_skip_dag to 2025-01-06 00:00:00+00:00, run_after=2025-01-07 00:00:00+00:00
[2025-01-07T09:01:59.588+0000] {processor.py:183} INFO - Processing /home/airflow/.local/lib/python3.10/site-packages/airflow/example_dags/example_skip_dag.py took 5.043 seconds
[2025-01-07T09:05:05.623+0000] {processor.py:161} INFO - Started process (PID=29855) to work on /home/airflow/.local/lib/python3.10/site-packages/airflow/example_dags/example_skip_dag.py
[2025-01-07T09:05:05.630+0000] {processor.py:830} INFO - Processing file /home/airflow/.local/lib/python3.10/site-packages/airflow/example_dags/example_skip_dag.py for tasks to queue
[2025-01-07T09:05:05.694+0000] {logging_mixin.py:188} INFO - [2025-01-07T09:05:05.636+0000] {dagbag.py:540} INFO - Filling up the DagBag from /home/airflow/.local/lib/python3.10/site-packages/airflow/example_dags/example_skip_dag.py
[2025-01-07T09:05:05.905+0000] {processor.py:840} INFO - DAG(s) 'example_skip_dag' retrieved from /home/airflow/.local/lib/python3.10/site-packages/airflow/example_dags/example_skip_dag.py
[2025-01-07T09:05:08.631+0000] {logging_mixin.py:188} INFO - [2025-01-07T09:05:08.630+0000] {dag.py:3047} INFO - Sync 1 DAGs
[2025-01-07T09:09:36.706+0000] {processor.py:161} INFO - Started process (PID=29940) to work on /home/airflow/.local/lib/python3.10/site-packages/airflow/example_dags/example_skip_dag.py
[2025-01-07T09:10:10.152+0000] {processor.py:830} INFO - Processing file /home/airflow/.local/lib/python3.10/site-packages/airflow/example_dags/example_skip_dag.py for tasks to queue
[2025-01-07T09:10:12.025+0000] {logging_mixin.py:188} INFO - [2025-01-07T09:10:11.228+0000] {dagbag.py:540} INFO - Filling up the DagBag from /home/airflow/.local/lib/python3.10/site-packages/airflow/example_dags/example_skip_dag.py
[2025-01-07T09:18:33.682+0000] {processor.py:161} INFO - Started process (PID=30026) to work on /home/airflow/.local/lib/python3.10/site-packages/airflow/example_dags/example_skip_dag.py
[2025-01-07T09:18:33.690+0000] {processor.py:830} INFO - Processing file /home/airflow/.local/lib/python3.10/site-packages/airflow/example_dags/example_skip_dag.py for tasks to queue
[2025-01-07T09:18:33.693+0000] {logging_mixin.py:188} INFO - [2025-01-07T09:18:33.692+0000] {dagbag.py:540} INFO - Filling up the DagBag from /home/airflow/.local/lib/python3.10/site-packages/airflow/example_dags/example_skip_dag.py
[2025-01-07T09:18:33.799+0000] {processor.py:840} INFO - DAG(s) 'example_skip_dag' retrieved from /home/airflow/.local/lib/python3.10/site-packages/airflow/example_dags/example_skip_dag.py
[2025-01-07T09:18:37.963+0000] {logging_mixin.py:188} INFO - [2025-01-07T09:18:37.962+0000] {dag.py:3047} INFO - Sync 1 DAGs
[2025-01-07T09:18:38.417+0000] {logging_mixin.py:188} INFO - [2025-01-07T09:18:38.416+0000] {dag.py:3834} INFO - Setting next_dagrun for example_skip_dag to 2025-01-06 00:00:00+00:00, run_after=2025-01-07 00:00:00+00:00
[2025-01-07T09:18:38.800+0000] {processor.py:183} INFO - Processing /home/airflow/.local/lib/python3.10/site-packages/airflow/example_dags/example_skip_dag.py took 5.191 seconds
[2025-01-07T11:21:13.690+0000] {processor.py:161} INFO - Started process (PID=211) to work on /home/airflow/.local/lib/python3.10/site-packages/airflow/example_dags/example_skip_dag.py
[2025-01-07T11:21:13.738+0000] {processor.py:830} INFO - Processing file /home/airflow/.local/lib/python3.10/site-packages/airflow/example_dags/example_skip_dag.py for tasks to queue
[2025-01-07T11:21:14.558+0000] {logging_mixin.py:188} INFO - [2025-01-07T11:21:14.501+0000] {dagbag.py:540} INFO - Filling up the DagBag from /home/airflow/.local/lib/python3.10/site-packages/airflow/example_dags/example_skip_dag.py
[2025-01-07T11:21:19.188+0000] {processor.py:840} INFO - DAG(s) 'example_skip_dag' retrieved from /home/airflow/.local/lib/python3.10/site-packages/airflow/example_dags/example_skip_dag.py
[2025-01-07T11:22:11.264+0000] {logging_mixin.py:188} INFO - [2025-01-07T11:22:09.825+0000] {dag.py:3047} INFO - Sync 1 DAGs
[2025-01-07T12:27:25.222+0000] {processor.py:161} INFO - Started process (PID=142) to work on /home/airflow/.local/lib/python3.10/site-packages/airflow/example_dags/example_skip_dag.py
[2025-01-07T12:27:25.247+0000] {processor.py:830} INFO - Processing file /home/airflow/.local/lib/python3.10/site-packages/airflow/example_dags/example_skip_dag.py for tasks to queue
[2025-01-07T12:27:25.278+0000] {logging_mixin.py:188} INFO - [2025-01-07T12:27:25.278+0000] {dagbag.py:540} INFO - Filling up the DagBag from /home/airflow/.local/lib/python3.10/site-packages/airflow/example_dags/example_skip_dag.py
[2025-01-07T12:27:25.498+0000] {processor.py:840} INFO - DAG(s) 'example_skip_dag' retrieved from /home/airflow/.local/lib/python3.10/site-packages/airflow/example_dags/example_skip_dag.py
[2025-01-07T12:27:27.944+0000] {logging_mixin.py:188} INFO - [2025-01-07T12:27:27.943+0000] {dag.py:3047} INFO - Sync 1 DAGs
[2025-01-07T12:27:28.523+0000] {logging_mixin.py:188} INFO - [2025-01-07T12:27:28.519+0000] {dag.py:3834} INFO - Setting next_dagrun for example_skip_dag to 2025-01-06 00:00:00+00:00, run_after=2025-01-07 00:00:00+00:00
[2025-01-07T12:27:28.667+0000] {processor.py:183} INFO - Processing /home/airflow/.local/lib/python3.10/site-packages/airflow/example_dags/example_skip_dag.py took 3.432 seconds
[2025-01-07T12:31:59.331+0000] {processor.py:161} INFO - Started process (PID=236) to work on /home/airflow/.local/lib/python3.10/site-packages/airflow/example_dags/example_skip_dag.py
[2025-01-07T12:31:59.342+0000] {processor.py:830} INFO - Processing file /home/airflow/.local/lib/python3.10/site-packages/airflow/example_dags/example_skip_dag.py for tasks to queue
[2025-01-07T12:31:59.356+0000] {logging_mixin.py:188} INFO - [2025-01-07T12:31:59.354+0000] {dagbag.py:540} INFO - Filling up the DagBag from /home/airflow/.local/lib/python3.10/site-packages/airflow/example_dags/example_skip_dag.py
[2025-01-07T12:31:59.463+0000] {processor.py:840} INFO - DAG(s) 'example_skip_dag' retrieved from /home/airflow/.local/lib/python3.10/site-packages/airflow/example_dags/example_skip_dag.py
[2025-01-07T12:32:02.161+0000] {logging_mixin.py:188} INFO - [2025-01-07T12:32:02.156+0000] {dag.py:3047} INFO - Sync 1 DAGs
[2025-01-07T12:32:03.796+0000] {logging_mixin.py:188} INFO - [2025-01-07T12:32:03.795+0000] {dag.py:3834} INFO - Setting next_dagrun for example_skip_dag to 2025-01-06 00:00:00+00:00, run_after=2025-01-07 00:00:00+00:00
[2025-01-07T12:32:04.595+0000] {processor.py:183} INFO - Processing /home/airflow/.local/lib/python3.10/site-packages/airflow/example_dags/example_skip_dag.py took 4.771 seconds
[2025-01-07T12:49:11.584+0000] {processor.py:161} INFO - Started process (PID=305) to work on /home/airflow/.local/lib/python3.10/site-packages/airflow/example_dags/example_skip_dag.py
[2025-01-07T12:49:13.028+0000] {processor.py:830} INFO - Processing file /home/airflow/.local/lib/python3.10/site-packages/airflow/example_dags/example_skip_dag.py for tasks to queue
[2025-01-07T12:49:15.548+0000] {logging_mixin.py:188} INFO - [2025-01-07T12:49:14.335+0000] {dagbag.py:540} INFO - Filling up the DagBag from /home/airflow/.local/lib/python3.10/site-packages/airflow/example_dags/example_skip_dag.py
[2025-01-07T12:50:18.462+0000] {processor.py:840} INFO - DAG(s) 'example_skip_dag' retrieved from /home/airflow/.local/lib/python3.10/site-packages/airflow/example_dags/example_skip_dag.py
