[2025-01-07T08:55:57.389+0000] {processor.py:161} INFO - Started process (PID=29476) to work on /home/airflow/.local/lib/python3.10/site-packages/airflow/example_dags/example_sensors.py
[2025-01-07T08:55:57.442+0000] {processor.py:830} INFO - Processing file /home/airflow/.local/lib/python3.10/site-packages/airflow/example_dags/example_sensors.py for tasks to queue
[2025-01-07T08:55:57.448+0000] {logging_mixin.py:188} INFO - [2025-01-07T08:55:57.447+0000] {dagbag.py:540} INFO - Filling up the DagBag from /home/airflow/.local/lib/python3.10/site-packages/airflow/example_dags/example_sensors.py
[2025-01-07T08:55:57.475+0000] {processor.py:840} INFO - DAG(s) 'example_sensors' retrieved from /home/airflow/.local/lib/python3.10/site-packages/airflow/example_dags/example_sensors.py
[2025-01-07T08:55:57.552+0000] {logging_mixin.py:188} INFO - [2025-01-07T08:55:57.552+0000] {dag.py:3047} INFO - Sync 1 DAGs
[2025-01-07T08:55:57.610+0000] {logging_mixin.py:188} INFO - [2025-01-07T08:55:57.609+0000] {dag.py:3834} INFO - Setting next_dagrun for example_sensors to None, run_after=None
[2025-01-07T08:55:57.709+0000] {processor.py:183} INFO - Processing /home/airflow/.local/lib/python3.10/site-packages/airflow/example_dags/example_sensors.py took 0.336 seconds
[2025-01-07T08:57:23.822+0000] {processor.py:161} INFO - Started process (PID=29543) to work on /home/airflow/.local/lib/python3.10/site-packages/airflow/example_dags/example_sensors.py
[2025-01-07T08:57:23.833+0000] {processor.py:830} INFO - Processing file /home/airflow/.local/lib/python3.10/site-packages/airflow/example_dags/example_sensors.py for tasks to queue
[2025-01-07T08:57:23.836+0000] {logging_mixin.py:188} INFO - [2025-01-07T08:57:23.835+0000] {dagbag.py:540} INFO - Filling up the DagBag from /home/airflow/.local/lib/python3.10/site-packages/airflow/example_dags/example_sensors.py
[2025-01-07T08:57:23.913+0000] {processor.py:840} INFO - DAG(s) 'example_sensors' retrieved from /home/airflow/.local/lib/python3.10/site-packages/airflow/example_dags/example_sensors.py
[2025-01-07T08:57:24.246+0000] {logging_mixin.py:188} INFO - [2025-01-07T08:57:24.245+0000] {dag.py:3047} INFO - Sync 1 DAGs
[2025-01-07T08:57:24.350+0000] {logging_mixin.py:188} INFO - [2025-01-07T08:57:24.350+0000] {dag.py:3834} INFO - Setting next_dagrun for example_sensors to None, run_after=None
[2025-01-07T08:57:24.418+0000] {processor.py:183} INFO - Processing /home/airflow/.local/lib/python3.10/site-packages/airflow/example_dags/example_sensors.py took 0.620 seconds
[2025-01-07T08:57:54.798+0000] {processor.py:161} INFO - Started process (PID=29606) to work on /home/airflow/.local/lib/python3.10/site-packages/airflow/example_dags/example_sensors.py
[2025-01-07T08:57:54.801+0000] {processor.py:830} INFO - Processing file /home/airflow/.local/lib/python3.10/site-packages/airflow/example_dags/example_sensors.py for tasks to queue
[2025-01-07T08:57:54.804+0000] {logging_mixin.py:188} INFO - [2025-01-07T08:57:54.803+0000] {dagbag.py:540} INFO - Filling up the DagBag from /home/airflow/.local/lib/python3.10/site-packages/airflow/example_dags/example_sensors.py
[2025-01-07T08:57:54.821+0000] {processor.py:840} INFO - DAG(s) 'example_sensors' retrieved from /home/airflow/.local/lib/python3.10/site-packages/airflow/example_dags/example_sensors.py
[2025-01-07T08:57:54.868+0000] {logging_mixin.py:188} INFO - [2025-01-07T08:57:54.868+0000] {dag.py:3047} INFO - Sync 1 DAGs
[2025-01-07T08:57:54.891+0000] {logging_mixin.py:188} INFO - [2025-01-07T08:57:54.891+0000] {dag.py:3834} INFO - Setting next_dagrun for example_sensors to None, run_after=None
[2025-01-07T08:57:54.931+0000] {processor.py:183} INFO - Processing /home/airflow/.local/lib/python3.10/site-packages/airflow/example_dags/example_sensors.py took 0.138 seconds
[2025-01-07T08:58:25.478+0000] {processor.py:161} INFO - Started process (PID=29671) to work on /home/airflow/.local/lib/python3.10/site-packages/airflow/example_dags/example_sensors.py
[2025-01-07T08:58:25.480+0000] {processor.py:830} INFO - Processing file /home/airflow/.local/lib/python3.10/site-packages/airflow/example_dags/example_sensors.py for tasks to queue
[2025-01-07T08:58:25.482+0000] {logging_mixin.py:188} INFO - [2025-01-07T08:58:25.481+0000] {dagbag.py:540} INFO - Filling up the DagBag from /home/airflow/.local/lib/python3.10/site-packages/airflow/example_dags/example_sensors.py
[2025-01-07T08:58:25.498+0000] {processor.py:840} INFO - DAG(s) 'example_sensors' retrieved from /home/airflow/.local/lib/python3.10/site-packages/airflow/example_dags/example_sensors.py
[2025-01-07T08:58:25.536+0000] {logging_mixin.py:188} INFO - [2025-01-07T08:58:25.535+0000] {dag.py:3047} INFO - Sync 1 DAGs
[2025-01-07T08:58:25.566+0000] {logging_mixin.py:188} INFO - [2025-01-07T08:58:25.565+0000] {dag.py:3834} INFO - Setting next_dagrun for example_sensors to None, run_after=None
[2025-01-07T08:58:25.606+0000] {processor.py:183} INFO - Processing /home/airflow/.local/lib/python3.10/site-packages/airflow/example_dags/example_sensors.py took 0.134 seconds
[2025-01-07T08:59:03.347+0000] {processor.py:161} INFO - Started process (PID=29738) to work on /home/airflow/.local/lib/python3.10/site-packages/airflow/example_dags/example_sensors.py
[2025-01-07T08:59:03.362+0000] {processor.py:830} INFO - Processing file /home/airflow/.local/lib/python3.10/site-packages/airflow/example_dags/example_sensors.py for tasks to queue
[2025-01-07T08:59:03.367+0000] {logging_mixin.py:188} INFO - [2025-01-07T08:59:03.366+0000] {dagbag.py:540} INFO - Filling up the DagBag from /home/airflow/.local/lib/python3.10/site-packages/airflow/example_dags/example_sensors.py
[2025-01-07T08:59:03.410+0000] {processor.py:840} INFO - DAG(s) 'example_sensors' retrieved from /home/airflow/.local/lib/python3.10/site-packages/airflow/example_dags/example_sensors.py
[2025-01-07T08:59:03.584+0000] {logging_mixin.py:188} INFO - [2025-01-07T08:59:03.583+0000] {dag.py:3047} INFO - Sync 1 DAGs
[2025-01-07T08:59:03.679+0000] {logging_mixin.py:188} INFO - [2025-01-07T08:59:03.678+0000] {dag.py:3834} INFO - Setting next_dagrun for example_sensors to None, run_after=None
[2025-01-07T08:59:03.797+0000] {processor.py:183} INFO - Processing /home/airflow/.local/lib/python3.10/site-packages/airflow/example_dags/example_sensors.py took 0.460 seconds
[2025-01-07T09:02:00.337+0000] {processor.py:161} INFO - Started process (PID=29786) to work on /home/airflow/.local/lib/python3.10/site-packages/airflow/example_dags/example_sensors.py
[2025-01-07T09:02:00.396+0000] {processor.py:830} INFO - Processing file /home/airflow/.local/lib/python3.10/site-packages/airflow/example_dags/example_sensors.py for tasks to queue
[2025-01-07T09:02:00.420+0000] {logging_mixin.py:188} INFO - [2025-01-07T09:02:00.418+0000] {dagbag.py:540} INFO - Filling up the DagBag from /home/airflow/.local/lib/python3.10/site-packages/airflow/example_dags/example_sensors.py
[2025-01-07T09:02:00.756+0000] {processor.py:840} INFO - DAG(s) 'example_sensors' retrieved from /home/airflow/.local/lib/python3.10/site-packages/airflow/example_dags/example_sensors.py
[2025-01-07T09:02:00.852+0000] {logging_mixin.py:188} INFO - [2025-01-07T09:02:00.851+0000] {dag.py:3047} INFO - Sync 1 DAGs
[2025-01-07T09:02:01.291+0000] {logging_mixin.py:188} INFO - [2025-01-07T09:02:01.278+0000] {dag.py:3834} INFO - Setting next_dagrun for example_sensors to None, run_after=None
[2025-01-07T09:02:01.845+0000] {processor.py:183} INFO - Processing /home/airflow/.local/lib/python3.10/site-packages/airflow/example_dags/example_sensors.py took 1.630 seconds
[2025-01-07T09:05:06.680+0000] {processor.py:161} INFO - Started process (PID=29856) to work on /home/airflow/.local/lib/python3.10/site-packages/airflow/example_dags/example_sensors.py
[2025-01-07T09:05:07.670+0000] {processor.py:830} INFO - Processing file /home/airflow/.local/lib/python3.10/site-packages/airflow/example_dags/example_sensors.py for tasks to queue
[2025-01-07T09:05:07.951+0000] {logging_mixin.py:188} INFO - [2025-01-07T09:05:07.817+0000] {dagbag.py:540} INFO - Filling up the DagBag from /home/airflow/.local/lib/python3.10/site-packages/airflow/example_dags/example_sensors.py
[2025-01-07T09:05:12.229+0000] {processor.py:840} INFO - DAG(s) 'example_sensors' retrieved from /home/airflow/.local/lib/python3.10/site-packages/airflow/example_dags/example_sensors.py
[2025-01-07T09:10:22.611+0000] {processor.py:161} INFO - Started process (PID=29941) to work on /home/airflow/.local/lib/python3.10/site-packages/airflow/example_dags/example_sensors.py
[2025-01-07T09:10:23.177+0000] {processor.py:830} INFO - Processing file /home/airflow/.local/lib/python3.10/site-packages/airflow/example_dags/example_sensors.py for tasks to queue
[2025-01-07T09:10:23.326+0000] {logging_mixin.py:188} INFO - [2025-01-07T09:10:23.216+0000] {dagbag.py:540} INFO - Filling up the DagBag from /home/airflow/.local/lib/python3.10/site-packages/airflow/example_dags/example_sensors.py
[2025-01-07T09:10:33.815+0000] {processor.py:840} INFO - DAG(s) 'example_sensors' retrieved from /home/airflow/.local/lib/python3.10/site-packages/airflow/example_dags/example_sensors.py
[2025-01-07T09:11:00.163+0000] {logging_mixin.py:188} INFO - [2025-01-07T09:11:00.045+0000] {dag.py:3047} INFO - Sync 1 DAGs
[2025-01-07T09:11:01.003+0000] {logging_mixin.py:188} INFO - [2025-01-07T09:11:01.002+0000] {dag.py:3834} INFO - Setting next_dagrun for example_sensors to None, run_after=None
[2025-01-07T09:11:02.788+0000] {processor.py:183} INFO - Processing /home/airflow/.local/lib/python3.10/site-packages/airflow/example_dags/example_sensors.py took 43.896 seconds
[2025-01-07T11:22:26.221+0000] {processor.py:161} INFO - Started process (PID=212) to work on /home/airflow/.local/lib/python3.10/site-packages/airflow/example_dags/example_sensors.py
[2025-01-07T11:22:35.529+0000] {processor.py:830} INFO - Processing file /home/airflow/.local/lib/python3.10/site-packages/airflow/example_dags/example_sensors.py for tasks to queue
[2025-01-07T11:23:57.582+0000] {logging_mixin.py:188} INFO - [2025-01-07T11:22:45.051+0000] {dagbag.py:540} INFO - Filling up the DagBag from /home/airflow/.local/lib/python3.10/site-packages/airflow/example_dags/example_sensors.py
[2025-01-07T12:27:29.027+0000] {processor.py:161} INFO - Started process (PID=143) to work on /home/airflow/.local/lib/python3.10/site-packages/airflow/example_dags/example_sensors.py
[2025-01-07T12:27:29.073+0000] {processor.py:830} INFO - Processing file /home/airflow/.local/lib/python3.10/site-packages/airflow/example_dags/example_sensors.py for tasks to queue
[2025-01-07T12:27:29.099+0000] {logging_mixin.py:188} INFO - [2025-01-07T12:27:29.098+0000] {dagbag.py:540} INFO - Filling up the DagBag from /home/airflow/.local/lib/python3.10/site-packages/airflow/example_dags/example_sensors.py
[2025-01-07T12:27:29.228+0000] {processor.py:840} INFO - DAG(s) 'example_sensors' retrieved from /home/airflow/.local/lib/python3.10/site-packages/airflow/example_dags/example_sensors.py
[2025-01-07T12:27:30.225+0000] {logging_mixin.py:188} INFO - [2025-01-07T12:27:30.224+0000] {dag.py:3047} INFO - Sync 1 DAGs
[2025-01-07T12:27:30.284+0000] {logging_mixin.py:188} INFO - [2025-01-07T12:27:30.284+0000] {dag.py:3834} INFO - Setting next_dagrun for example_sensors to None, run_after=None
[2025-01-07T12:27:30.905+0000] {processor.py:183} INFO - Processing /home/airflow/.local/lib/python3.10/site-packages/airflow/example_dags/example_sensors.py took 1.886 seconds
[2025-01-07T12:32:06.584+0000] {processor.py:161} INFO - Started process (PID=237) to work on /home/airflow/.local/lib/python3.10/site-packages/airflow/example_dags/example_sensors.py
[2025-01-07T12:32:06.600+0000] {processor.py:830} INFO - Processing file /home/airflow/.local/lib/python3.10/site-packages/airflow/example_dags/example_sensors.py for tasks to queue
[2025-01-07T12:32:06.616+0000] {logging_mixin.py:188} INFO - [2025-01-07T12:32:06.613+0000] {dagbag.py:540} INFO - Filling up the DagBag from /home/airflow/.local/lib/python3.10/site-packages/airflow/example_dags/example_sensors.py
[2025-01-07T12:32:07.390+0000] {processor.py:840} INFO - DAG(s) 'example_sensors' retrieved from /home/airflow/.local/lib/python3.10/site-packages/airflow/example_dags/example_sensors.py
[2025-01-07T12:32:12.424+0000] {logging_mixin.py:188} INFO - [2025-01-07T12:32:12.423+0000] {dag.py:3047} INFO - Sync 1 DAGs
[2025-01-07T12:32:12.984+0000] {logging_mixin.py:188} INFO - [2025-01-07T12:32:12.984+0000] {dag.py:3834} INFO - Setting next_dagrun for example_sensors to None, run_after=None
[2025-01-07T12:32:15.500+0000] {processor.py:183} INFO - Processing /home/airflow/.local/lib/python3.10/site-packages/airflow/example_dags/example_sensors.py took 8.982 seconds
[2025-01-07T12:53:36.032+0000] {processor.py:161} INFO - Started process (PID=312) to work on /home/airflow/.local/lib/python3.10/site-packages/airflow/example_dags/example_sensors.py
[2025-01-07T12:53:36.129+0000] {processor.py:830} INFO - Processing file /home/airflow/.local/lib/python3.10/site-packages/airflow/example_dags/example_sensors.py for tasks to queue
[2025-01-07T12:53:36.717+0000] {logging_mixin.py:188} INFO - [2025-01-07T12:53:36.519+0000] {dagbag.py:540} INFO - Filling up the DagBag from /home/airflow/.local/lib/python3.10/site-packages/airflow/example_dags/example_sensors.py
[2025-01-07T12:53:49.233+0000] {processor.py:840} INFO - DAG(s) 'example_sensors' retrieved from /home/airflow/.local/lib/python3.10/site-packages/airflow/example_dags/example_sensors.py
[2025-01-07T12:54:06.005+0000] {logging_mixin.py:188} INFO - [2025-01-07T12:54:05.595+0000] {dag.py:3047} INFO - Sync 1 DAGs
[2025-01-07T12:57:01.848+0000] {logging_mixin.py:188} INFO - [2025-01-07T12:56:59.821+0000] {dag.py:3834} INFO - Setting next_dagrun for example_sensors to None, run_after=None
