[2025-01-07T08:56:17.258+0000] {processor.py:161} INFO - Started process (PID=29505) to work on /home/airflow/.local/lib/python3.10/site-packages/airflow/example_dags/example_branch_python_dop_operator_3.py
[2025-01-07T08:56:17.262+0000] {processor.py:830} INFO - Processing file /home/airflow/.local/lib/python3.10/site-packages/airflow/example_dags/example_branch_python_dop_operator_3.py for tasks to queue
[2025-01-07T08:56:17.264+0000] {logging_mixin.py:188} INFO - [2025-01-07T08:56:17.263+0000] {dagbag.py:540} INFO - Filling up the DagBag from /home/airflow/.local/lib/python3.10/site-packages/airflow/example_dags/example_branch_python_dop_operator_3.py
[2025-01-07T08:56:17.301+0000] {processor.py:840} INFO - DAG(s) 'example_branch_dop_operator_v3' retrieved from /home/airflow/.local/lib/python3.10/site-packages/airflow/example_dags/example_branch_python_dop_operator_3.py
[2025-01-07T08:56:17.359+0000] {logging_mixin.py:188} INFO - [2025-01-07T08:56:17.359+0000] {dag.py:3047} INFO - Sync 1 DAGs
[2025-01-07T08:56:17.454+0000] {logging_mixin.py:188} INFO - [2025-01-07T08:56:17.454+0000] {dag.py:3834} INFO - Setting next_dagrun for example_branch_dop_operator_v3 to 2025-01-07 08:55:00+00:00, run_after=2025-01-07 08:56:00+00:00
[2025-01-07T08:56:17.516+0000] {processor.py:183} INFO - Processing /home/airflow/.local/lib/python3.10/site-packages/airflow/example_dags/example_branch_python_dop_operator_3.py took 0.277 seconds
[2025-01-07T08:57:45.431+0000] {processor.py:161} INFO - Started process (PID=29580) to work on /home/airflow/.local/lib/python3.10/site-packages/airflow/example_dags/example_branch_python_dop_operator_3.py
[2025-01-07T08:57:45.434+0000] {processor.py:830} INFO - Processing file /home/airflow/.local/lib/python3.10/site-packages/airflow/example_dags/example_branch_python_dop_operator_3.py for tasks to queue
[2025-01-07T08:57:45.435+0000] {logging_mixin.py:188} INFO - [2025-01-07T08:57:45.435+0000] {dagbag.py:540} INFO - Filling up the DagBag from /home/airflow/.local/lib/python3.10/site-packages/airflow/example_dags/example_branch_python_dop_operator_3.py
[2025-01-07T08:57:45.447+0000] {processor.py:840} INFO - DAG(s) 'example_branch_dop_operator_v3' retrieved from /home/airflow/.local/lib/python3.10/site-packages/airflow/example_dags/example_branch_python_dop_operator_3.py
[2025-01-07T08:57:45.476+0000] {logging_mixin.py:188} INFO - [2025-01-07T08:57:45.476+0000] {dag.py:3047} INFO - Sync 1 DAGs
[2025-01-07T08:57:45.529+0000] {logging_mixin.py:188} INFO - [2025-01-07T08:57:45.529+0000] {dag.py:3834} INFO - Setting next_dagrun for example_branch_dop_operator_v3 to 2025-01-07 08:56:00+00:00, run_after=2025-01-07 08:57:00+00:00
[2025-01-07T08:57:45.609+0000] {processor.py:183} INFO - Processing /home/airflow/.local/lib/python3.10/site-packages/airflow/example_dags/example_branch_python_dop_operator_3.py took 0.183 seconds
[2025-01-07T08:58:16.148+0000] {processor.py:161} INFO - Started process (PID=29647) to work on /home/airflow/.local/lib/python3.10/site-packages/airflow/example_dags/example_branch_python_dop_operator_3.py
[2025-01-07T08:58:16.151+0000] {processor.py:830} INFO - Processing file /home/airflow/.local/lib/python3.10/site-packages/airflow/example_dags/example_branch_python_dop_operator_3.py for tasks to queue
[2025-01-07T08:58:16.153+0000] {logging_mixin.py:188} INFO - [2025-01-07T08:58:16.153+0000] {dagbag.py:540} INFO - Filling up the DagBag from /home/airflow/.local/lib/python3.10/site-packages/airflow/example_dags/example_branch_python_dop_operator_3.py
[2025-01-07T08:58:16.172+0000] {processor.py:840} INFO - DAG(s) 'example_branch_dop_operator_v3' retrieved from /home/airflow/.local/lib/python3.10/site-packages/airflow/example_dags/example_branch_python_dop_operator_3.py
[2025-01-07T08:58:16.217+0000] {logging_mixin.py:188} INFO - [2025-01-07T08:58:16.217+0000] {dag.py:3047} INFO - Sync 1 DAGs
[2025-01-07T08:58:16.270+0000] {logging_mixin.py:188} INFO - [2025-01-07T08:58:16.270+0000] {dag.py:3834} INFO - Setting next_dagrun for example_branch_dop_operator_v3 to 2025-01-07 08:57:00+00:00, run_after=2025-01-07 08:58:00+00:00
[2025-01-07T08:58:16.307+0000] {processor.py:183} INFO - Processing /home/airflow/.local/lib/python3.10/site-packages/airflow/example_dags/example_branch_python_dop_operator_3.py took 0.166 seconds
[2025-01-07T08:58:54.201+0000] {processor.py:161} INFO - Started process (PID=29716) to work on /home/airflow/.local/lib/python3.10/site-packages/airflow/example_dags/example_branch_python_dop_operator_3.py
[2025-01-07T08:58:54.210+0000] {processor.py:830} INFO - Processing file /home/airflow/.local/lib/python3.10/site-packages/airflow/example_dags/example_branch_python_dop_operator_3.py for tasks to queue
[2025-01-07T08:58:54.214+0000] {logging_mixin.py:188} INFO - [2025-01-07T08:58:54.213+0000] {dagbag.py:540} INFO - Filling up the DagBag from /home/airflow/.local/lib/python3.10/site-packages/airflow/example_dags/example_branch_python_dop_operator_3.py
[2025-01-07T08:58:54.253+0000] {processor.py:840} INFO - DAG(s) 'example_branch_dop_operator_v3' retrieved from /home/airflow/.local/lib/python3.10/site-packages/airflow/example_dags/example_branch_python_dop_operator_3.py
[2025-01-07T08:58:54.341+0000] {logging_mixin.py:188} INFO - [2025-01-07T08:58:54.338+0000] {dag.py:3047} INFO - Sync 1 DAGs
[2025-01-07T08:58:54.430+0000] {logging_mixin.py:188} INFO - [2025-01-07T08:58:54.430+0000] {dag.py:3834} INFO - Setting next_dagrun for example_branch_dop_operator_v3 to 2025-01-07 08:57:00+00:00, run_after=2025-01-07 08:58:00+00:00
[2025-01-07T08:58:54.669+0000] {processor.py:183} INFO - Processing /home/airflow/.local/lib/python3.10/site-packages/airflow/example_dags/example_branch_python_dop_operator_3.py took 0.491 seconds
[2025-01-07T09:02:23.439+0000] {processor.py:161} INFO - Started process (PID=29804) to work on /home/airflow/.local/lib/python3.10/site-packages/airflow/example_dags/example_branch_python_dop_operator_3.py
[2025-01-07T09:02:23.453+0000] {processor.py:830} INFO - Processing file /home/airflow/.local/lib/python3.10/site-packages/airflow/example_dags/example_branch_python_dop_operator_3.py for tasks to queue
[2025-01-07T09:02:23.467+0000] {logging_mixin.py:188} INFO - [2025-01-07T09:02:23.466+0000] {dagbag.py:540} INFO - Filling up the DagBag from /home/airflow/.local/lib/python3.10/site-packages/airflow/example_dags/example_branch_python_dop_operator_3.py
[2025-01-07T09:02:23.541+0000] {processor.py:840} INFO - DAG(s) 'example_branch_dop_operator_v3' retrieved from /home/airflow/.local/lib/python3.10/site-packages/airflow/example_dags/example_branch_python_dop_operator_3.py
[2025-01-07T09:02:23.620+0000] {logging_mixin.py:188} INFO - [2025-01-07T09:02:23.620+0000] {dag.py:3047} INFO - Sync 1 DAGs
[2025-01-07T09:02:23.783+0000] {logging_mixin.py:188} INFO - [2025-01-07T09:02:23.782+0000] {dag.py:3834} INFO - Setting next_dagrun for example_branch_dop_operator_v3 to 2025-01-07 09:01:00+00:00, run_after=2025-01-07 09:02:00+00:00
[2025-01-07T09:02:23.900+0000] {processor.py:183} INFO - Processing /home/airflow/.local/lib/python3.10/site-packages/airflow/example_dags/example_branch_python_dop_operator_3.py took 0.499 seconds
[2025-01-07T09:06:54.006+0000] {processor.py:161} INFO - Started process (PID=29894) to work on /home/airflow/.local/lib/python3.10/site-packages/airflow/example_dags/example_branch_python_dop_operator_3.py
[2025-01-07T09:06:54.010+0000] {processor.py:830} INFO - Processing file /home/airflow/.local/lib/python3.10/site-packages/airflow/example_dags/example_branch_python_dop_operator_3.py for tasks to queue
[2025-01-07T09:06:54.014+0000] {logging_mixin.py:188} INFO - [2025-01-07T09:06:54.013+0000] {dagbag.py:540} INFO - Filling up the DagBag from /home/airflow/.local/lib/python3.10/site-packages/airflow/example_dags/example_branch_python_dop_operator_3.py
[2025-01-07T09:06:54.056+0000] {processor.py:840} INFO - DAG(s) 'example_branch_dop_operator_v3' retrieved from /home/airflow/.local/lib/python3.10/site-packages/airflow/example_dags/example_branch_python_dop_operator_3.py
[2025-01-07T09:06:54.233+0000] {logging_mixin.py:188} INFO - [2025-01-07T09:06:54.233+0000] {dag.py:3047} INFO - Sync 1 DAGs
[2025-01-07T09:06:54.411+0000] {logging_mixin.py:188} INFO - [2025-01-07T09:06:54.411+0000] {dag.py:3834} INFO - Setting next_dagrun for example_branch_dop_operator_v3 to 2025-01-07 09:05:00+00:00, run_after=2025-01-07 09:06:00+00:00
[2025-01-07T09:06:54.767+0000] {processor.py:183} INFO - Processing /home/airflow/.local/lib/python3.10/site-packages/airflow/example_dags/example_branch_python_dop_operator_3.py took 0.779 seconds
[2025-01-07T11:39:08.265+0000] {processor.py:161} INFO - Started process (PID=256) to work on /home/airflow/.local/lib/python3.10/site-packages/airflow/example_dags/example_branch_python_dop_operator_3.py
[2025-01-07T11:39:08.522+0000] {processor.py:830} INFO - Processing file /home/airflow/.local/lib/python3.10/site-packages/airflow/example_dags/example_branch_python_dop_operator_3.py for tasks to queue
[2025-01-07T11:39:08.932+0000] {logging_mixin.py:188} INFO - [2025-01-07T11:39:08.694+0000] {dagbag.py:540} INFO - Filling up the DagBag from /home/airflow/.local/lib/python3.10/site-packages/airflow/example_dags/example_branch_python_dop_operator_3.py
[2025-01-07T11:39:16.095+0000] {processor.py:840} INFO - DAG(s) 'example_branch_dop_operator_v3' retrieved from /home/airflow/.local/lib/python3.10/site-packages/airflow/example_dags/example_branch_python_dop_operator_3.py
[2025-01-07T11:39:42.871+0000] {logging_mixin.py:188} INFO - [2025-01-07T11:39:42.842+0000] {dag.py:3047} INFO - Sync 1 DAGs
[2025-01-07T12:29:22.627+0000] {processor.py:161} INFO - Started process (PID=179) to work on /home/airflow/.local/lib/python3.10/site-packages/airflow/example_dags/example_branch_python_dop_operator_3.py
[2025-01-07T12:29:22.736+0000] {processor.py:830} INFO - Processing file /home/airflow/.local/lib/python3.10/site-packages/airflow/example_dags/example_branch_python_dop_operator_3.py for tasks to queue
[2025-01-07T12:29:23.488+0000] {logging_mixin.py:188} INFO - [2025-01-07T12:29:23.436+0000] {dagbag.py:540} INFO - Filling up the DagBag from /home/airflow/.local/lib/python3.10/site-packages/airflow/example_dags/example_branch_python_dop_operator_3.py
[2025-01-07T12:29:26.839+0000] {processor.py:840} INFO - DAG(s) 'example_branch_dop_operator_v3' retrieved from /home/airflow/.local/lib/python3.10/site-packages/airflow/example_dags/example_branch_python_dop_operator_3.py
[2025-01-07T12:29:32.503+0000] {logging_mixin.py:188} INFO - [2025-01-07T12:29:32.503+0000] {dag.py:3047} INFO - Sync 1 DAGs
[2025-01-07T12:29:32.922+0000] {logging_mixin.py:188} INFO - [2025-01-07T12:29:32.921+0000] {dag.py:3834} INFO - Setting next_dagrun for example_branch_dop_operator_v3 to 2025-01-07 12:28:00+00:00, run_after=2025-01-07 12:29:00+00:00
[2025-01-07T12:29:33.349+0000] {processor.py:183} INFO - Processing /home/airflow/.local/lib/python3.10/site-packages/airflow/example_dags/example_branch_python_dop_operator_3.py took 11.181 seconds
