[2025-01-07T08:56:18.549+0000] {processor.py:161} INFO - Started process (PID=29508) to work on /home/airflow/.local/lib/python3.10/site-packages/airflow/example_dags/example_dynamic_task_mapping.py
[2025-01-07T08:56:18.554+0000] {processor.py:830} INFO - Processing file /home/airflow/.local/lib/python3.10/site-packages/airflow/example_dags/example_dynamic_task_mapping.py for tasks to queue
[2025-01-07T08:56:18.556+0000] {logging_mixin.py:188} INFO - [2025-01-07T08:56:18.555+0000] {dagbag.py:540} INFO - Filling up the DagBag from /home/airflow/.local/lib/python3.10/site-packages/airflow/example_dags/example_dynamic_task_mapping.py
[2025-01-07T08:56:18.578+0000] {processor.py:840} INFO - DAG(s) 'example_dynamic_task_mapping' retrieved from /home/airflow/.local/lib/python3.10/site-packages/airflow/example_dags/example_dynamic_task_mapping.py
[2025-01-07T08:56:18.639+0000] {logging_mixin.py:188} INFO - [2025-01-07T08:56:18.638+0000] {dag.py:3047} INFO - Sync 1 DAGs
[2025-01-07T08:56:18.831+0000] {logging_mixin.py:188} INFO - [2025-01-07T08:56:18.831+0000] {dag.py:3834} INFO - Setting next_dagrun for example_dynamic_task_mapping to 2022-03-04 00:00:00+00:00, run_after=2022-03-05 00:00:00+00:00
[2025-01-07T08:56:18.878+0000] {processor.py:183} INFO - Processing /home/airflow/.local/lib/python3.10/site-packages/airflow/example_dags/example_dynamic_task_mapping.py took 0.339 seconds
[2025-01-07T08:57:46.378+0000] {processor.py:161} INFO - Started process (PID=29583) to work on /home/airflow/.local/lib/python3.10/site-packages/airflow/example_dags/example_dynamic_task_mapping.py
[2025-01-07T08:57:46.380+0000] {processor.py:830} INFO - Processing file /home/airflow/.local/lib/python3.10/site-packages/airflow/example_dags/example_dynamic_task_mapping.py for tasks to queue
[2025-01-07T08:57:46.382+0000] {logging_mixin.py:188} INFO - [2025-01-07T08:57:46.381+0000] {dagbag.py:540} INFO - Filling up the DagBag from /home/airflow/.local/lib/python3.10/site-packages/airflow/example_dags/example_dynamic_task_mapping.py
[2025-01-07T08:57:46.393+0000] {processor.py:840} INFO - DAG(s) 'example_dynamic_task_mapping' retrieved from /home/airflow/.local/lib/python3.10/site-packages/airflow/example_dags/example_dynamic_task_mapping.py
[2025-01-07T08:57:46.433+0000] {logging_mixin.py:188} INFO - [2025-01-07T08:57:46.432+0000] {dag.py:3047} INFO - Sync 1 DAGs
[2025-01-07T08:57:46.476+0000] {logging_mixin.py:188} INFO - [2025-01-07T08:57:46.476+0000] {dag.py:3834} INFO - Setting next_dagrun for example_dynamic_task_mapping to 2022-03-04 00:00:00+00:00, run_after=2022-03-05 00:00:00+00:00
[2025-01-07T08:57:46.531+0000] {processor.py:183} INFO - Processing /home/airflow/.local/lib/python3.10/site-packages/airflow/example_dags/example_dynamic_task_mapping.py took 0.159 seconds
[2025-01-07T08:58:16.703+0000] {processor.py:161} INFO - Started process (PID=29650) to work on /home/airflow/.local/lib/python3.10/site-packages/airflow/example_dags/example_dynamic_task_mapping.py
[2025-01-07T08:58:16.705+0000] {processor.py:830} INFO - Processing file /home/airflow/.local/lib/python3.10/site-packages/airflow/example_dags/example_dynamic_task_mapping.py for tasks to queue
[2025-01-07T08:58:16.707+0000] {logging_mixin.py:188} INFO - [2025-01-07T08:58:16.707+0000] {dagbag.py:540} INFO - Filling up the DagBag from /home/airflow/.local/lib/python3.10/site-packages/airflow/example_dags/example_dynamic_task_mapping.py
[2025-01-07T08:58:16.720+0000] {processor.py:840} INFO - DAG(s) 'example_dynamic_task_mapping' retrieved from /home/airflow/.local/lib/python3.10/site-packages/airflow/example_dags/example_dynamic_task_mapping.py
[2025-01-07T08:58:16.782+0000] {logging_mixin.py:188} INFO - [2025-01-07T08:58:16.781+0000] {dag.py:3047} INFO - Sync 1 DAGs
[2025-01-07T08:58:16.865+0000] {logging_mixin.py:188} INFO - [2025-01-07T08:58:16.865+0000] {dag.py:3834} INFO - Setting next_dagrun for example_dynamic_task_mapping to 2022-03-04 00:00:00+00:00, run_after=2022-03-05 00:00:00+00:00
[2025-01-07T08:58:16.926+0000] {processor.py:183} INFO - Processing /home/airflow/.local/lib/python3.10/site-packages/airflow/example_dags/example_dynamic_task_mapping.py took 0.229 seconds
[2025-01-07T08:58:56.244+0000] {processor.py:161} INFO - Started process (PID=29723) to work on /home/airflow/.local/lib/python3.10/site-packages/airflow/example_dags/example_dynamic_task_mapping.py
[2025-01-07T08:58:56.269+0000] {processor.py:830} INFO - Processing file /home/airflow/.local/lib/python3.10/site-packages/airflow/example_dags/example_dynamic_task_mapping.py for tasks to queue
[2025-01-07T08:58:56.281+0000] {logging_mixin.py:188} INFO - [2025-01-07T08:58:56.280+0000] {dagbag.py:540} INFO - Filling up the DagBag from /home/airflow/.local/lib/python3.10/site-packages/airflow/example_dags/example_dynamic_task_mapping.py
[2025-01-07T08:58:56.314+0000] {processor.py:840} INFO - DAG(s) 'example_dynamic_task_mapping' retrieved from /home/airflow/.local/lib/python3.10/site-packages/airflow/example_dags/example_dynamic_task_mapping.py
[2025-01-07T08:58:56.403+0000] {logging_mixin.py:188} INFO - [2025-01-07T08:58:56.402+0000] {dag.py:3047} INFO - Sync 1 DAGs
[2025-01-07T08:58:56.464+0000] {logging_mixin.py:188} INFO - [2025-01-07T08:58:56.463+0000] {dag.py:3834} INFO - Setting next_dagrun for example_dynamic_task_mapping to 2022-03-04 00:00:00+00:00, run_after=2022-03-05 00:00:00+00:00
[2025-01-07T08:58:56.529+0000] {processor.py:183} INFO - Processing /home/airflow/.local/lib/python3.10/site-packages/airflow/example_dags/example_dynamic_task_mapping.py took 0.291 seconds
[2025-01-07T09:02:25.745+0000] {processor.py:161} INFO - Started process (PID=29807) to work on /home/airflow/.local/lib/python3.10/site-packages/airflow/example_dags/example_dynamic_task_mapping.py
[2025-01-07T09:02:25.789+0000] {processor.py:830} INFO - Processing file /home/airflow/.local/lib/python3.10/site-packages/airflow/example_dags/example_dynamic_task_mapping.py for tasks to queue
[2025-01-07T09:02:25.894+0000] {logging_mixin.py:188} INFO - [2025-01-07T09:02:25.873+0000] {dagbag.py:540} INFO - Filling up the DagBag from /home/airflow/.local/lib/python3.10/site-packages/airflow/example_dags/example_dynamic_task_mapping.py
[2025-01-07T09:02:26.283+0000] {processor.py:840} INFO - DAG(s) 'example_dynamic_task_mapping' retrieved from /home/airflow/.local/lib/python3.10/site-packages/airflow/example_dags/example_dynamic_task_mapping.py
[2025-01-07T09:02:27.121+0000] {logging_mixin.py:188} INFO - [2025-01-07T09:02:27.120+0000] {dag.py:3047} INFO - Sync 1 DAGs
[2025-01-07T09:02:27.688+0000] {logging_mixin.py:188} INFO - [2025-01-07T09:02:27.687+0000] {dag.py:3834} INFO - Setting next_dagrun for example_dynamic_task_mapping to 2022-03-04 00:00:00+00:00, run_after=2022-03-05 00:00:00+00:00
[2025-01-07T09:02:28.352+0000] {processor.py:183} INFO - Processing /home/airflow/.local/lib/python3.10/site-packages/airflow/example_dags/example_dynamic_task_mapping.py took 2.717 seconds
[2025-01-07T09:06:59.558+0000] {processor.py:161} INFO - Started process (PID=29897) to work on /home/airflow/.local/lib/python3.10/site-packages/airflow/example_dags/example_dynamic_task_mapping.py
[2025-01-07T09:06:59.583+0000] {processor.py:830} INFO - Processing file /home/airflow/.local/lib/python3.10/site-packages/airflow/example_dags/example_dynamic_task_mapping.py for tasks to queue
[2025-01-07T09:06:59.601+0000] {logging_mixin.py:188} INFO - [2025-01-07T09:06:59.600+0000] {dagbag.py:540} INFO - Filling up the DagBag from /home/airflow/.local/lib/python3.10/site-packages/airflow/example_dags/example_dynamic_task_mapping.py
[2025-01-07T09:06:59.759+0000] {processor.py:840} INFO - DAG(s) 'example_dynamic_task_mapping' retrieved from /home/airflow/.local/lib/python3.10/site-packages/airflow/example_dags/example_dynamic_task_mapping.py
[2025-01-07T09:07:00.008+0000] {logging_mixin.py:188} INFO - [2025-01-07T09:07:00.007+0000] {dag.py:3047} INFO - Sync 1 DAGs
[2025-01-07T09:07:01.663+0000] {logging_mixin.py:188} INFO - [2025-01-07T09:07:01.468+0000] {dag.py:3834} INFO - Setting next_dagrun for example_dynamic_task_mapping to 2022-03-04 00:00:00+00:00, run_after=2022-03-05 00:00:00+00:00
[2025-01-07T09:07:02.119+0000] {processor.py:183} INFO - Processing /home/airflow/.local/lib/python3.10/site-packages/airflow/example_dags/example_dynamic_task_mapping.py took 2.586 seconds
[2025-01-07T11:40:29.198+0000] {processor.py:161} INFO - Started process (PID=270) to work on /home/airflow/.local/lib/python3.10/site-packages/airflow/example_dags/example_dynamic_task_mapping.py
[2025-01-07T11:40:32.253+0000] {processor.py:830} INFO - Processing file /home/airflow/.local/lib/python3.10/site-packages/airflow/example_dags/example_dynamic_task_mapping.py for tasks to queue
[2025-01-07T11:40:37.295+0000] {logging_mixin.py:188} INFO - [2025-01-07T11:40:36.938+0000] {dagbag.py:540} INFO - Filling up the DagBag from /home/airflow/.local/lib/python3.10/site-packages/airflow/example_dags/example_dynamic_task_mapping.py
[2025-01-07T11:40:50.368+0000] {processor.py:840} INFO - DAG(s) 'example_dynamic_task_mapping' retrieved from /home/airflow/.local/lib/python3.10/site-packages/airflow/example_dags/example_dynamic_task_mapping.py
[2025-01-07T11:40:57.838+0000] {logging_mixin.py:188} INFO - [2025-01-07T11:40:57.796+0000] {dag.py:3047} INFO - Sync 1 DAGs
[2025-01-07T11:40:59.744+0000] {logging_mixin.py:188} INFO - [2025-01-07T11:40:59.743+0000] {dag.py:3834} INFO - Setting next_dagrun for example_dynamic_task_mapping to 2022-03-04 00:00:00+00:00, run_after=2022-03-05 00:00:00+00:00
[2025-01-07T11:41:01.705+0000] {processor.py:183} INFO - Processing /home/airflow/.local/lib/python3.10/site-packages/airflow/example_dags/example_dynamic_task_mapping.py took 41.197 seconds
[2025-01-07T12:29:33.293+0000] {processor.py:161} INFO - Started process (PID=182) to work on /home/airflow/.local/lib/python3.10/site-packages/airflow/example_dags/example_dynamic_task_mapping.py
[2025-01-07T12:29:33.300+0000] {processor.py:830} INFO - Processing file /home/airflow/.local/lib/python3.10/site-packages/airflow/example_dags/example_dynamic_task_mapping.py for tasks to queue
[2025-01-07T12:29:33.314+0000] {logging_mixin.py:188} INFO - [2025-01-07T12:29:33.313+0000] {dagbag.py:540} INFO - Filling up the DagBag from /home/airflow/.local/lib/python3.10/site-packages/airflow/example_dags/example_dynamic_task_mapping.py
[2025-01-07T12:29:33.682+0000] {processor.py:840} INFO - DAG(s) 'example_dynamic_task_mapping' retrieved from /home/airflow/.local/lib/python3.10/site-packages/airflow/example_dags/example_dynamic_task_mapping.py
[2025-01-07T12:29:33.913+0000] {logging_mixin.py:188} INFO - [2025-01-07T12:29:33.911+0000] {dag.py:3047} INFO - Sync 1 DAGs
[2025-01-07T12:29:34.064+0000] {logging_mixin.py:188} INFO - [2025-01-07T12:29:34.063+0000] {dag.py:3834} INFO - Setting next_dagrun for example_dynamic_task_mapping to 2022-03-04 00:00:00+00:00, run_after=2022-03-05 00:00:00+00:00
[2025-01-07T12:29:34.270+0000] {processor.py:183} INFO - Processing /home/airflow/.local/lib/python3.10/site-packages/airflow/example_dags/example_dynamic_task_mapping.py took 1.049 seconds
