[2025-01-07T08:55:57.817+0000] {processor.py:161} INFO - Started process (PID=29478) to work on /home/airflow/.local/lib/python3.10/site-packages/airflow/example_dags/example_latest_only.py
[2025-01-07T08:55:57.820+0000] {processor.py:830} INFO - Processing file /home/airflow/.local/lib/python3.10/site-packages/airflow/example_dags/example_latest_only.py for tasks to queue
[2025-01-07T08:55:57.823+0000] {logging_mixin.py:188} INFO - [2025-01-07T08:55:57.822+0000] {dagbag.py:540} INFO - Filling up the DagBag from /home/airflow/.local/lib/python3.10/site-packages/airflow/example_dags/example_latest_only.py
[2025-01-07T08:55:57.843+0000] {processor.py:840} INFO - DAG(s) 'latest_only' retrieved from /home/airflow/.local/lib/python3.10/site-packages/airflow/example_dags/example_latest_only.py
[2025-01-07T08:55:57.909+0000] {logging_mixin.py:188} INFO - [2025-01-07T08:55:57.909+0000] {dag.py:3047} INFO - Sync 1 DAGs
[2025-01-07T08:55:58.008+0000] {logging_mixin.py:188} INFO - [2025-01-07T08:55:58.007+0000] {dag.py:3834} INFO - Setting next_dagrun for latest_only to 2025-01-07 04:00:00+00:00, run_after=2025-01-07 08:00:00+00:00
[2025-01-07T08:55:58.069+0000] {processor.py:183} INFO - Processing /home/airflow/.local/lib/python3.10/site-packages/airflow/example_dags/example_latest_only.py took 0.264 seconds
[2025-01-07T08:57:25.930+0000] {processor.py:161} INFO - Started process (PID=29545) to work on /home/airflow/.local/lib/python3.10/site-packages/airflow/example_dags/example_latest_only.py
[2025-01-07T08:57:25.932+0000] {processor.py:830} INFO - Processing file /home/airflow/.local/lib/python3.10/site-packages/airflow/example_dags/example_latest_only.py for tasks to queue
[2025-01-07T08:57:26.050+0000] {logging_mixin.py:188} INFO - [2025-01-07T08:57:26.030+0000] {dagbag.py:540} INFO - Filling up the DagBag from /home/airflow/.local/lib/python3.10/site-packages/airflow/example_dags/example_latest_only.py
[2025-01-07T08:57:26.427+0000] {processor.py:840} INFO - DAG(s) 'latest_only' retrieved from /home/airflow/.local/lib/python3.10/site-packages/airflow/example_dags/example_latest_only.py
[2025-01-07T08:57:27.133+0000] {logging_mixin.py:188} INFO - [2025-01-07T08:57:27.132+0000] {dag.py:3047} INFO - Sync 1 DAGs
[2025-01-07T08:57:27.322+0000] {logging_mixin.py:188} INFO - [2025-01-07T08:57:27.321+0000] {dag.py:3834} INFO - Setting next_dagrun for latest_only to 2025-01-07 04:00:00+00:00, run_after=2025-01-07 08:00:00+00:00
[2025-01-07T08:57:27.729+0000] {processor.py:183} INFO - Processing /home/airflow/.local/lib/python3.10/site-packages/airflow/example_dags/example_latest_only.py took 1.844 seconds
[2025-01-07T08:57:57.894+0000] {processor.py:161} INFO - Started process (PID=29615) to work on /home/airflow/.local/lib/python3.10/site-packages/airflow/example_dags/example_latest_only.py
[2025-01-07T08:57:57.928+0000] {processor.py:830} INFO - Processing file /home/airflow/.local/lib/python3.10/site-packages/airflow/example_dags/example_latest_only.py for tasks to queue
[2025-01-07T08:57:57.941+0000] {logging_mixin.py:188} INFO - [2025-01-07T08:57:57.940+0000] {dagbag.py:540} INFO - Filling up the DagBag from /home/airflow/.local/lib/python3.10/site-packages/airflow/example_dags/example_latest_only.py
[2025-01-07T08:57:58.122+0000] {processor.py:840} INFO - DAG(s) 'latest_only' retrieved from /home/airflow/.local/lib/python3.10/site-packages/airflow/example_dags/example_latest_only.py
[2025-01-07T08:57:58.250+0000] {logging_mixin.py:188} INFO - [2025-01-07T08:57:58.250+0000] {dag.py:3047} INFO - Sync 1 DAGs
[2025-01-07T08:57:58.578+0000] {logging_mixin.py:188} INFO - [2025-01-07T08:57:58.577+0000] {dag.py:3834} INFO - Setting next_dagrun for latest_only to 2025-01-07 04:00:00+00:00, run_after=2025-01-07 08:00:00+00:00
[2025-01-07T08:57:58.630+0000] {processor.py:183} INFO - Processing /home/airflow/.local/lib/python3.10/site-packages/airflow/example_dags/example_latest_only.py took 0.756 seconds
[2025-01-07T08:58:29.541+0000] {processor.py:161} INFO - Started process (PID=29674) to work on /home/airflow/.local/lib/python3.10/site-packages/airflow/example_dags/example_latest_only.py
[2025-01-07T08:58:29.543+0000] {processor.py:830} INFO - Processing file /home/airflow/.local/lib/python3.10/site-packages/airflow/example_dags/example_latest_only.py for tasks to queue
[2025-01-07T08:58:29.545+0000] {logging_mixin.py:188} INFO - [2025-01-07T08:58:29.544+0000] {dagbag.py:540} INFO - Filling up the DagBag from /home/airflow/.local/lib/python3.10/site-packages/airflow/example_dags/example_latest_only.py
[2025-01-07T08:58:29.555+0000] {processor.py:840} INFO - DAG(s) 'latest_only' retrieved from /home/airflow/.local/lib/python3.10/site-packages/airflow/example_dags/example_latest_only.py
[2025-01-07T08:58:29.599+0000] {logging_mixin.py:188} INFO - [2025-01-07T08:58:29.599+0000] {dag.py:3047} INFO - Sync 1 DAGs
[2025-01-07T08:58:29.642+0000] {logging_mixin.py:188} INFO - [2025-01-07T08:58:29.641+0000] {dag.py:3834} INFO - Setting next_dagrun for latest_only to 2025-01-07 04:00:00+00:00, run_after=2025-01-07 08:00:00+00:00
[2025-01-07T08:58:29.676+0000] {processor.py:183} INFO - Processing /home/airflow/.local/lib/python3.10/site-packages/airflow/example_dags/example_latest_only.py took 0.139 seconds
[2025-01-07T08:59:04.523+0000] {processor.py:161} INFO - Started process (PID=29740) to work on /home/airflow/.local/lib/python3.10/site-packages/airflow/example_dags/example_latest_only.py
[2025-01-07T08:59:04.527+0000] {processor.py:830} INFO - Processing file /home/airflow/.local/lib/python3.10/site-packages/airflow/example_dags/example_latest_only.py for tasks to queue
[2025-01-07T08:59:04.530+0000] {logging_mixin.py:188} INFO - [2025-01-07T08:59:04.529+0000] {dagbag.py:540} INFO - Filling up the DagBag from /home/airflow/.local/lib/python3.10/site-packages/airflow/example_dags/example_latest_only.py
[2025-01-07T08:59:04.561+0000] {processor.py:840} INFO - DAG(s) 'latest_only' retrieved from /home/airflow/.local/lib/python3.10/site-packages/airflow/example_dags/example_latest_only.py
[2025-01-07T08:59:04.627+0000] {logging_mixin.py:188} INFO - [2025-01-07T08:59:04.626+0000] {dag.py:3047} INFO - Sync 1 DAGs
[2025-01-07T08:59:04.721+0000] {logging_mixin.py:188} INFO - [2025-01-07T08:59:04.721+0000] {dag.py:3834} INFO - Setting next_dagrun for latest_only to 2025-01-07 04:00:00+00:00, run_after=2025-01-07 08:00:00+00:00
[2025-01-07T08:59:04.829+0000] {processor.py:183} INFO - Processing /home/airflow/.local/lib/python3.10/site-packages/airflow/example_dags/example_latest_only.py took 0.324 seconds
[2025-01-07T09:02:15.786+0000] {processor.py:161} INFO - Started process (PID=29796) to work on /home/airflow/.local/lib/python3.10/site-packages/airflow/example_dags/example_latest_only.py
[2025-01-07T09:02:15.790+0000] {processor.py:830} INFO - Processing file /home/airflow/.local/lib/python3.10/site-packages/airflow/example_dags/example_latest_only.py for tasks to queue
[2025-01-07T09:02:15.794+0000] {logging_mixin.py:188} INFO - [2025-01-07T09:02:15.792+0000] {dagbag.py:540} INFO - Filling up the DagBag from /home/airflow/.local/lib/python3.10/site-packages/airflow/example_dags/example_latest_only.py
[2025-01-07T09:02:16.031+0000] {processor.py:840} INFO - DAG(s) 'latest_only' retrieved from /home/airflow/.local/lib/python3.10/site-packages/airflow/example_dags/example_latest_only.py
[2025-01-07T09:02:16.200+0000] {logging_mixin.py:188} INFO - [2025-01-07T09:02:16.199+0000] {dag.py:3047} INFO - Sync 1 DAGs
[2025-01-07T09:02:16.316+0000] {logging_mixin.py:188} INFO - [2025-01-07T09:02:16.315+0000] {dag.py:3834} INFO - Setting next_dagrun for latest_only to 2025-01-07 04:00:00+00:00, run_after=2025-01-07 08:00:00+00:00
[2025-01-07T09:02:16.682+0000] {processor.py:183} INFO - Processing /home/airflow/.local/lib/python3.10/site-packages/airflow/example_dags/example_latest_only.py took 0.911 seconds
[2025-01-07T09:06:45.574+0000] {processor.py:161} INFO - Started process (PID=29885) to work on /home/airflow/.local/lib/python3.10/site-packages/airflow/example_dags/example_latest_only.py
[2025-01-07T09:06:45.582+0000] {processor.py:830} INFO - Processing file /home/airflow/.local/lib/python3.10/site-packages/airflow/example_dags/example_latest_only.py for tasks to queue
[2025-01-07T09:06:45.594+0000] {logging_mixin.py:188} INFO - [2025-01-07T09:06:45.594+0000] {dagbag.py:540} INFO - Filling up the DagBag from /home/airflow/.local/lib/python3.10/site-packages/airflow/example_dags/example_latest_only.py
[2025-01-07T09:06:45.638+0000] {processor.py:840} INFO - DAG(s) 'latest_only' retrieved from /home/airflow/.local/lib/python3.10/site-packages/airflow/example_dags/example_latest_only.py
[2025-01-07T09:06:45.913+0000] {logging_mixin.py:188} INFO - [2025-01-07T09:06:45.912+0000] {dag.py:3047} INFO - Sync 1 DAGs
[2025-01-07T09:06:46.070+0000] {logging_mixin.py:188} INFO - [2025-01-07T09:06:46.067+0000] {dag.py:3834} INFO - Setting next_dagrun for latest_only to 2025-01-07 04:00:00+00:00, run_after=2025-01-07 08:00:00+00:00
[2025-01-07T09:06:46.456+0000] {processor.py:183} INFO - Processing /home/airflow/.local/lib/python3.10/site-packages/airflow/example_dags/example_latest_only.py took 0.924 seconds
[2025-01-07T09:22:16.289+0000] {processor.py:161} INFO - Started process (PID=30040) to work on /home/airflow/.local/lib/python3.10/site-packages/airflow/example_dags/example_latest_only.py
[2025-01-07T09:22:16.370+0000] {processor.py:830} INFO - Processing file /home/airflow/.local/lib/python3.10/site-packages/airflow/example_dags/example_latest_only.py for tasks to queue
[2025-01-07T09:22:16.517+0000] {logging_mixin.py:188} INFO - [2025-01-07T09:22:16.496+0000] {dagbag.py:540} INFO - Filling up the DagBag from /home/airflow/.local/lib/python3.10/site-packages/airflow/example_dags/example_latest_only.py
[2025-01-07T09:22:20.303+0000] {processor.py:840} INFO - DAG(s) 'latest_only' retrieved from /home/airflow/.local/lib/python3.10/site-packages/airflow/example_dags/example_latest_only.py
[2025-01-07T09:22:26.526+0000] {logging_mixin.py:188} INFO - [2025-01-07T09:22:26.446+0000] {dag.py:3047} INFO - Sync 1 DAGs
[2025-01-07T09:22:28.671+0000] {logging_mixin.py:188} INFO - [2025-01-07T09:22:28.668+0000] {dag.py:3834} INFO - Setting next_dagrun for latest_only to 2025-01-07 04:00:00+00:00, run_after=2025-01-07 08:00:00+00:00
[2025-01-07T09:22:29.141+0000] {processor.py:183} INFO - Processing /home/airflow/.local/lib/python3.10/site-packages/airflow/example_dags/example_latest_only.py took 13.635 seconds
[2025-01-07T11:26:45.313+0000] {processor.py:161} INFO - Started process (PID=235) to work on /home/airflow/.local/lib/python3.10/site-packages/airflow/example_dags/example_latest_only.py
[2025-01-07T11:26:45.317+0000] {processor.py:830} INFO - Processing file /home/airflow/.local/lib/python3.10/site-packages/airflow/example_dags/example_latest_only.py for tasks to queue
[2025-01-07T11:26:45.346+0000] {logging_mixin.py:188} INFO - [2025-01-07T11:26:45.344+0000] {dagbag.py:540} INFO - Filling up the DagBag from /home/airflow/.local/lib/python3.10/site-packages/airflow/example_dags/example_latest_only.py
[2025-01-07T11:26:46.317+0000] {processor.py:840} INFO - DAG(s) 'latest_only' retrieved from /home/airflow/.local/lib/python3.10/site-packages/airflow/example_dags/example_latest_only.py
[2025-01-07T11:26:47.948+0000] {logging_mixin.py:188} INFO - [2025-01-07T11:26:47.929+0000] {dag.py:3047} INFO - Sync 1 DAGs
[2025-01-07T11:26:51.873+0000] {logging_mixin.py:188} INFO - [2025-01-07T11:26:51.872+0000] {dag.py:3834} INFO - Setting next_dagrun for latest_only to 2025-01-07 04:00:00+00:00, run_after=2025-01-07 08:00:00+00:00
[2025-01-07T11:26:53.198+0000] {processor.py:183} INFO - Processing /home/airflow/.local/lib/python3.10/site-packages/airflow/example_dags/example_latest_only.py took 8.285 seconds
[2025-01-07T12:28:08.041+0000] {processor.py:161} INFO - Started process (PID=159) to work on /home/airflow/.local/lib/python3.10/site-packages/airflow/example_dags/example_latest_only.py
[2025-01-07T12:28:08.061+0000] {processor.py:830} INFO - Processing file /home/airflow/.local/lib/python3.10/site-packages/airflow/example_dags/example_latest_only.py for tasks to queue
[2025-01-07T12:28:08.173+0000] {logging_mixin.py:188} INFO - [2025-01-07T12:28:08.164+0000] {dagbag.py:540} INFO - Filling up the DagBag from /home/airflow/.local/lib/python3.10/site-packages/airflow/example_dags/example_latest_only.py
[2025-01-07T12:28:08.366+0000] {processor.py:840} INFO - DAG(s) 'latest_only' retrieved from /home/airflow/.local/lib/python3.10/site-packages/airflow/example_dags/example_latest_only.py
[2025-01-07T12:28:08.631+0000] {logging_mixin.py:188} INFO - [2025-01-07T12:28:08.631+0000] {dag.py:3047} INFO - Sync 1 DAGs
[2025-01-07T12:28:08.901+0000] {logging_mixin.py:188} INFO - [2025-01-07T12:28:08.901+0000] {dag.py:3834} INFO - Setting next_dagrun for latest_only to 2025-01-07 08:00:00+00:00, run_after=2025-01-07 12:00:00+00:00
[2025-01-07T12:28:09.301+0000] {processor.py:183} INFO - Processing /home/airflow/.local/lib/python3.10/site-packages/airflow/example_dags/example_latest_only.py took 1.269 seconds
[2025-01-07T12:32:47.043+0000] {processor.py:161} INFO - Started process (PID=254) to work on /home/airflow/.local/lib/python3.10/site-packages/airflow/example_dags/example_latest_only.py
[2025-01-07T12:32:47.074+0000] {processor.py:830} INFO - Processing file /home/airflow/.local/lib/python3.10/site-packages/airflow/example_dags/example_latest_only.py for tasks to queue
[2025-01-07T12:32:47.099+0000] {logging_mixin.py:188} INFO - [2025-01-07T12:32:47.092+0000] {dagbag.py:540} INFO - Filling up the DagBag from /home/airflow/.local/lib/python3.10/site-packages/airflow/example_dags/example_latest_only.py
[2025-01-07T12:32:47.453+0000] {processor.py:840} INFO - DAG(s) 'latest_only' retrieved from /home/airflow/.local/lib/python3.10/site-packages/airflow/example_dags/example_latest_only.py
[2025-01-07T12:32:49.218+0000] {logging_mixin.py:188} INFO - [2025-01-07T12:32:49.038+0000] {dag.py:3047} INFO - Sync 1 DAGs
[2025-01-07T12:32:50.323+0000] {logging_mixin.py:188} INFO - [2025-01-07T12:32:50.320+0000] {dag.py:3834} INFO - Setting next_dagrun for latest_only to 2025-01-07 08:00:00+00:00, run_after=2025-01-07 12:00:00+00:00
[2025-01-07T12:32:50.570+0000] {processor.py:183} INFO - Processing /home/airflow/.local/lib/python3.10/site-packages/airflow/example_dags/example_latest_only.py took 3.562 seconds
[2025-01-07T19:19:04.584+0000] {processor.py:161} INFO - Started process (PID=351) to work on /home/airflow/.local/lib/python3.10/site-packages/airflow/example_dags/example_latest_only.py
[2025-01-07T19:19:05.416+0000] {processor.py:830} INFO - Processing file /home/airflow/.local/lib/python3.10/site-packages/airflow/example_dags/example_latest_only.py for tasks to queue
[2025-01-07T19:19:07.499+0000] {logging_mixin.py:188} INFO - [2025-01-07T19:19:06.963+0000] {dagbag.py:540} INFO - Filling up the DagBag from /home/airflow/.local/lib/python3.10/site-packages/airflow/example_dags/example_latest_only.py
[2025-01-07T19:20:40.989+0000] {logging_mixin.py:188} INFO - [2025-01-07T19:19:40.961+0000] {timeout.py:68} ERROR - Process timed out, PID: 351
