[2025-01-07T08:55:56.593+0000] {processor.py:161} INFO - Started process (PID=29474) to work on /home/airflow/.local/lib/python3.10/site-packages/airflow/example_dags/example_complex.py
[2025-01-07T08:55:56.606+0000] {processor.py:830} INFO - Processing file /home/airflow/.local/lib/python3.10/site-packages/airflow/example_dags/example_complex.py for tasks to queue
[2025-01-07T08:55:56.610+0000] {logging_mixin.py:188} INFO - [2025-01-07T08:55:56.609+0000] {dagbag.py:540} INFO - Filling up the DagBag from /home/airflow/.local/lib/python3.10/site-packages/airflow/example_dags/example_complex.py
[2025-01-07T08:55:56.654+0000] {processor.py:840} INFO - DAG(s) 'example_complex' retrieved from /home/airflow/.local/lib/python3.10/site-packages/airflow/example_dags/example_complex.py
[2025-01-07T08:55:56.860+0000] {logging_mixin.py:188} INFO - [2025-01-07T08:55:56.860+0000] {dag.py:3047} INFO - Sync 1 DAGs
[2025-01-07T08:55:56.924+0000] {logging_mixin.py:188} INFO - [2025-01-07T08:55:56.923+0000] {dag.py:3834} INFO - Setting next_dagrun for example_complex to None, run_after=None
[2025-01-07T08:55:57.000+0000] {processor.py:183} INFO - Processing /home/airflow/.local/lib/python3.10/site-packages/airflow/example_dags/example_complex.py took 0.423 seconds
[2025-01-07T08:57:22.183+0000] {processor.py:161} INFO - Started process (PID=29541) to work on /home/airflow/.local/lib/python3.10/site-packages/airflow/example_dags/example_complex.py
[2025-01-07T08:57:22.188+0000] {processor.py:830} INFO - Processing file /home/airflow/.local/lib/python3.10/site-packages/airflow/example_dags/example_complex.py for tasks to queue
[2025-01-07T08:57:22.191+0000] {logging_mixin.py:188} INFO - [2025-01-07T08:57:22.190+0000] {dagbag.py:540} INFO - Filling up the DagBag from /home/airflow/.local/lib/python3.10/site-packages/airflow/example_dags/example_complex.py
[2025-01-07T08:57:22.230+0000] {processor.py:840} INFO - DAG(s) 'example_complex' retrieved from /home/airflow/.local/lib/python3.10/site-packages/airflow/example_dags/example_complex.py
[2025-01-07T08:57:22.389+0000] {logging_mixin.py:188} INFO - [2025-01-07T08:57:22.389+0000] {dag.py:3047} INFO - Sync 1 DAGs
[2025-01-07T08:57:22.479+0000] {logging_mixin.py:188} INFO - [2025-01-07T08:57:22.478+0000] {dag.py:3834} INFO - Setting next_dagrun for example_complex to None, run_after=None
[2025-01-07T08:57:22.587+0000] {processor.py:183} INFO - Processing /home/airflow/.local/lib/python3.10/site-packages/airflow/example_dags/example_complex.py took 0.419 seconds
[2025-01-07T08:57:54.328+0000] {processor.py:161} INFO - Started process (PID=29604) to work on /home/airflow/.local/lib/python3.10/site-packages/airflow/example_dags/example_complex.py
[2025-01-07T08:57:54.330+0000] {processor.py:830} INFO - Processing file /home/airflow/.local/lib/python3.10/site-packages/airflow/example_dags/example_complex.py for tasks to queue
[2025-01-07T08:57:54.331+0000] {logging_mixin.py:188} INFO - [2025-01-07T08:57:54.331+0000] {dagbag.py:540} INFO - Filling up the DagBag from /home/airflow/.local/lib/python3.10/site-packages/airflow/example_dags/example_complex.py
[2025-01-07T08:57:54.405+0000] {processor.py:840} INFO - DAG(s) 'example_complex' retrieved from /home/airflow/.local/lib/python3.10/site-packages/airflow/example_dags/example_complex.py
[2025-01-07T08:57:54.461+0000] {logging_mixin.py:188} INFO - [2025-01-07T08:57:54.461+0000] {dag.py:3047} INFO - Sync 1 DAGs
[2025-01-07T08:57:54.500+0000] {logging_mixin.py:188} INFO - [2025-01-07T08:57:54.500+0000] {dag.py:3834} INFO - Setting next_dagrun for example_complex to None, run_after=None
[2025-01-07T08:57:54.540+0000] {processor.py:183} INFO - Processing /home/airflow/.local/lib/python3.10/site-packages/airflow/example_dags/example_complex.py took 0.215 seconds
[2025-01-07T08:58:25.163+0000] {processor.py:161} INFO - Started process (PID=29669) to work on /home/airflow/.local/lib/python3.10/site-packages/airflow/example_dags/example_complex.py
[2025-01-07T08:58:25.166+0000] {processor.py:830} INFO - Processing file /home/airflow/.local/lib/python3.10/site-packages/airflow/example_dags/example_complex.py for tasks to queue
[2025-01-07T08:58:25.167+0000] {logging_mixin.py:188} INFO - [2025-01-07T08:58:25.167+0000] {dagbag.py:540} INFO - Filling up the DagBag from /home/airflow/.local/lib/python3.10/site-packages/airflow/example_dags/example_complex.py
[2025-01-07T08:58:25.187+0000] {processor.py:840} INFO - DAG(s) 'example_complex' retrieved from /home/airflow/.local/lib/python3.10/site-packages/airflow/example_dags/example_complex.py
[2025-01-07T08:58:25.232+0000] {logging_mixin.py:188} INFO - [2025-01-07T08:58:25.232+0000] {dag.py:3047} INFO - Sync 1 DAGs
[2025-01-07T08:58:25.250+0000] {logging_mixin.py:188} INFO - [2025-01-07T08:58:25.250+0000] {dag.py:3834} INFO - Setting next_dagrun for example_complex to None, run_after=None
[2025-01-07T08:58:25.283+0000] {processor.py:183} INFO - Processing /home/airflow/.local/lib/python3.10/site-packages/airflow/example_dags/example_complex.py took 0.125 seconds
[2025-01-07T08:59:00.862+0000] {processor.py:161} INFO - Started process (PID=29736) to work on /home/airflow/.local/lib/python3.10/site-packages/airflow/example_dags/example_complex.py
[2025-01-07T08:59:00.875+0000] {processor.py:830} INFO - Processing file /home/airflow/.local/lib/python3.10/site-packages/airflow/example_dags/example_complex.py for tasks to queue
[2025-01-07T08:59:00.884+0000] {logging_mixin.py:188} INFO - [2025-01-07T08:59:00.883+0000] {dagbag.py:540} INFO - Filling up the DagBag from /home/airflow/.local/lib/python3.10/site-packages/airflow/example_dags/example_complex.py
[2025-01-07T08:59:00.945+0000] {processor.py:840} INFO - DAG(s) 'example_complex' retrieved from /home/airflow/.local/lib/python3.10/site-packages/airflow/example_dags/example_complex.py
[2025-01-07T08:59:01.074+0000] {logging_mixin.py:188} INFO - [2025-01-07T08:59:01.073+0000] {dag.py:3047} INFO - Sync 1 DAGs
[2025-01-07T08:59:01.108+0000] {logging_mixin.py:188} INFO - [2025-01-07T08:59:01.107+0000] {dag.py:3834} INFO - Setting next_dagrun for example_complex to None, run_after=None
[2025-01-07T08:59:01.222+0000] {processor.py:183} INFO - Processing /home/airflow/.local/lib/python3.10/site-packages/airflow/example_dags/example_complex.py took 0.366 seconds
[2025-01-07T09:01:52.815+0000] {processor.py:161} INFO - Started process (PID=29779) to work on /home/airflow/.local/lib/python3.10/site-packages/airflow/example_dags/example_complex.py
[2025-01-07T09:01:53.340+0000] {processor.py:830} INFO - Processing file /home/airflow/.local/lib/python3.10/site-packages/airflow/example_dags/example_complex.py for tasks to queue
[2025-01-07T09:01:53.477+0000] {logging_mixin.py:188} INFO - [2025-01-07T09:01:53.423+0000] {dagbag.py:540} INFO - Filling up the DagBag from /home/airflow/.local/lib/python3.10/site-packages/airflow/example_dags/example_complex.py
[2025-01-07T09:01:54.624+0000] {processor.py:840} INFO - DAG(s) 'example_complex' retrieved from /home/airflow/.local/lib/python3.10/site-packages/airflow/example_dags/example_complex.py
[2025-01-07T09:01:57.210+0000] {logging_mixin.py:188} INFO - [2025-01-07T09:01:57.193+0000] {dag.py:3047} INFO - Sync 1 DAGs
[2025-01-07T09:01:58.437+0000] {logging_mixin.py:188} INFO - [2025-01-07T09:01:58.437+0000] {dag.py:3834} INFO - Setting next_dagrun for example_complex to None, run_after=None
[2025-01-07T09:01:59.466+0000] {processor.py:183} INFO - Processing /home/airflow/.local/lib/python3.10/site-packages/airflow/example_dags/example_complex.py took 8.663 seconds
[2025-01-07T09:04:59.680+0000] {processor.py:161} INFO - Started process (PID=29854) to work on /home/airflow/.local/lib/python3.10/site-packages/airflow/example_dags/example_complex.py
[2025-01-07T09:04:59.683+0000] {processor.py:830} INFO - Processing file /home/airflow/.local/lib/python3.10/site-packages/airflow/example_dags/example_complex.py for tasks to queue
[2025-01-07T09:04:59.686+0000] {logging_mixin.py:188} INFO - [2025-01-07T09:04:59.686+0000] {dagbag.py:540} INFO - Filling up the DagBag from /home/airflow/.local/lib/python3.10/site-packages/airflow/example_dags/example_complex.py
[2025-01-07T09:04:59.901+0000] {processor.py:840} INFO - DAG(s) 'example_complex' retrieved from /home/airflow/.local/lib/python3.10/site-packages/airflow/example_dags/example_complex.py
[2025-01-07T09:05:00.113+0000] {logging_mixin.py:188} INFO - [2025-01-07T09:05:00.111+0000] {dag.py:3047} INFO - Sync 1 DAGs
[2025-01-07T09:05:03.528+0000] {logging_mixin.py:188} INFO - [2025-01-07T09:05:03.307+0000] {dag.py:3834} INFO - Setting next_dagrun for example_complex to None, run_after=None
[2025-01-07T09:05:04.687+0000] {processor.py:183} INFO - Processing /home/airflow/.local/lib/python3.10/site-packages/airflow/example_dags/example_complex.py took 5.056 seconds
[2025-01-07T09:08:53.427+0000] {processor.py:161} INFO - Started process (PID=29939) to work on /home/airflow/.local/lib/python3.10/site-packages/airflow/example_dags/example_complex.py
[2025-01-07T09:08:53.440+0000] {processor.py:830} INFO - Processing file /home/airflow/.local/lib/python3.10/site-packages/airflow/example_dags/example_complex.py for tasks to queue
[2025-01-07T09:08:53.445+0000] {logging_mixin.py:188} INFO - [2025-01-07T09:08:53.443+0000] {dagbag.py:540} INFO - Filling up the DagBag from /home/airflow/.local/lib/python3.10/site-packages/airflow/example_dags/example_complex.py
[2025-01-07T09:08:53.651+0000] {processor.py:840} INFO - DAG(s) 'example_complex' retrieved from /home/airflow/.local/lib/python3.10/site-packages/airflow/example_dags/example_complex.py
[2025-01-07T09:08:55.411+0000] {logging_mixin.py:188} INFO - [2025-01-07T09:08:55.272+0000] {dag.py:3047} INFO - Sync 1 DAGs
[2025-01-07T09:08:58.545+0000] {logging_mixin.py:188} INFO - [2025-01-07T09:08:58.500+0000] {dag.py:3834} INFO - Setting next_dagrun for example_complex to None, run_after=None
[2025-01-07T09:09:06.924+0000] {processor.py:183} INFO - Processing /home/airflow/.local/lib/python3.10/site-packages/airflow/example_dags/example_complex.py took 13.613 seconds
[2025-01-07T09:18:32.295+0000] {processor.py:161} INFO - Started process (PID=30025) to work on /home/airflow/.local/lib/python3.10/site-packages/airflow/example_dags/example_complex.py
[2025-01-07T09:18:32.299+0000] {processor.py:830} INFO - Processing file /home/airflow/.local/lib/python3.10/site-packages/airflow/example_dags/example_complex.py for tasks to queue
[2025-01-07T09:18:32.309+0000] {logging_mixin.py:188} INFO - [2025-01-07T09:18:32.307+0000] {dagbag.py:540} INFO - Filling up the DagBag from /home/airflow/.local/lib/python3.10/site-packages/airflow/example_dags/example_complex.py
[2025-01-07T09:18:32.381+0000] {processor.py:840} INFO - DAG(s) 'example_complex' retrieved from /home/airflow/.local/lib/python3.10/site-packages/airflow/example_dags/example_complex.py
[2025-01-07T09:18:32.939+0000] {logging_mixin.py:188} INFO - [2025-01-07T09:18:32.939+0000] {dag.py:3047} INFO - Sync 1 DAGs
[2025-01-07T09:18:33.176+0000] {logging_mixin.py:188} INFO - [2025-01-07T09:18:33.175+0000] {dag.py:3834} INFO - Setting next_dagrun for example_complex to None, run_after=None
[2025-01-07T09:18:33.362+0000] {processor.py:183} INFO - Processing /home/airflow/.local/lib/python3.10/site-packages/airflow/example_dags/example_complex.py took 1.078 seconds
[2025-01-07T11:21:13.708+0000] {processor.py:161} INFO - Started process (PID=210) to work on /home/airflow/.local/lib/python3.10/site-packages/airflow/example_dags/example_complex.py
[2025-01-07T11:21:13.733+0000] {processor.py:830} INFO - Processing file /home/airflow/.local/lib/python3.10/site-packages/airflow/example_dags/example_complex.py for tasks to queue
[2025-01-07T11:21:14.558+0000] {logging_mixin.py:188} INFO - [2025-01-07T11:21:14.475+0000] {dagbag.py:540} INFO - Filling up the DagBag from /home/airflow/.local/lib/python3.10/site-packages/airflow/example_dags/example_complex.py
[2025-01-07T11:21:19.171+0000] {processor.py:840} INFO - DAG(s) 'example_complex' retrieved from /home/airflow/.local/lib/python3.10/site-packages/airflow/example_dags/example_complex.py
[2025-01-07T12:27:20.544+0000] {processor.py:161} INFO - Started process (PID=141) to work on /home/airflow/.local/lib/python3.10/site-packages/airflow/example_dags/example_complex.py
[2025-01-07T12:27:20.548+0000] {processor.py:830} INFO - Processing file /home/airflow/.local/lib/python3.10/site-packages/airflow/example_dags/example_complex.py for tasks to queue
[2025-01-07T12:27:20.556+0000] {logging_mixin.py:188} INFO - [2025-01-07T12:27:20.555+0000] {dagbag.py:540} INFO - Filling up the DagBag from /home/airflow/.local/lib/python3.10/site-packages/airflow/example_dags/example_complex.py
[2025-01-07T12:27:20.627+0000] {processor.py:840} INFO - DAG(s) 'example_complex' retrieved from /home/airflow/.local/lib/python3.10/site-packages/airflow/example_dags/example_complex.py
[2025-01-07T12:27:23.848+0000] {logging_mixin.py:188} INFO - [2025-01-07T12:27:23.809+0000] {dag.py:3047} INFO - Sync 1 DAGs
[2025-01-07T12:27:24.256+0000] {logging_mixin.py:188} INFO - [2025-01-07T12:27:24.256+0000] {dag.py:3834} INFO - Setting next_dagrun for example_complex to None, run_after=None
[2025-01-07T12:27:24.705+0000] {processor.py:183} INFO - Processing /home/airflow/.local/lib/python3.10/site-packages/airflow/example_dags/example_complex.py took 4.418 seconds
[2025-01-07T12:31:55.954+0000] {processor.py:161} INFO - Started process (PID=235) to work on /home/airflow/.local/lib/python3.10/site-packages/airflow/example_dags/example_complex.py
[2025-01-07T12:31:55.957+0000] {processor.py:830} INFO - Processing file /home/airflow/.local/lib/python3.10/site-packages/airflow/example_dags/example_complex.py for tasks to queue
[2025-01-07T12:31:55.973+0000] {logging_mixin.py:188} INFO - [2025-01-07T12:31:55.972+0000] {dagbag.py:540} INFO - Filling up the DagBag from /home/airflow/.local/lib/python3.10/site-packages/airflow/example_dags/example_complex.py
[2025-01-07T12:31:56.084+0000] {processor.py:840} INFO - DAG(s) 'example_complex' retrieved from /home/airflow/.local/lib/python3.10/site-packages/airflow/example_dags/example_complex.py
[2025-01-07T12:31:57.165+0000] {logging_mixin.py:188} INFO - [2025-01-07T12:31:57.164+0000] {dag.py:3047} INFO - Sync 1 DAGs
[2025-01-07T12:31:58.374+0000] {logging_mixin.py:188} INFO - [2025-01-07T12:31:58.373+0000] {dag.py:3834} INFO - Setting next_dagrun for example_complex to None, run_after=None
[2025-01-07T12:31:58.876+0000] {processor.py:183} INFO - Processing /home/airflow/.local/lib/python3.10/site-packages/airflow/example_dags/example_complex.py took 2.950 seconds
[2025-01-07T12:49:11.532+0000] {processor.py:161} INFO - Started process (PID=304) to work on /home/airflow/.local/lib/python3.10/site-packages/airflow/example_dags/example_complex.py
[2025-01-07T12:49:12.913+0000] {processor.py:830} INFO - Processing file /home/airflow/.local/lib/python3.10/site-packages/airflow/example_dags/example_complex.py for tasks to queue
[2025-01-07T12:49:15.553+0000] {logging_mixin.py:188} INFO - [2025-01-07T12:49:14.348+0000] {dagbag.py:540} INFO - Filling up the DagBag from /home/airflow/.local/lib/python3.10/site-packages/airflow/example_dags/example_complex.py
[2025-01-07T12:50:16.393+0000] {logging_mixin.py:188} INFO - [2025-01-07T12:49:55.543+0000] {timeout.py:68} ERROR - Process timed out, PID: 304
