[2025-01-07T08:56:20.689+0000] {processor.py:161} INFO - Started process (PID=29514) to work on /home/airflow/.local/lib/python3.10/site-packages/airflow/example_dags/example_external_task_marker_dag.py
[2025-01-07T08:56:20.691+0000] {processor.py:830} INFO - Processing file /home/airflow/.local/lib/python3.10/site-packages/airflow/example_dags/example_external_task_marker_dag.py for tasks to queue
[2025-01-07T08:56:20.692+0000] {logging_mixin.py:188} INFO - [2025-01-07T08:56:20.692+0000] {dagbag.py:540} INFO - Filling up the DagBag from /home/airflow/.local/lib/python3.10/site-packages/airflow/example_dags/example_external_task_marker_dag.py
[2025-01-07T08:56:20.715+0000] {processor.py:840} INFO - DAG(s) 'example_external_task_marker_child', 'example_external_task_marker_parent' retrieved from /home/airflow/.local/lib/python3.10/site-packages/airflow/example_dags/example_external_task_marker_dag.py
[2025-01-07T08:56:20.782+0000] {logging_mixin.py:188} INFO - [2025-01-07T08:56:20.782+0000] {dag.py:3047} INFO - Sync 2 DAGs
[2025-01-07T08:56:20.813+0000] {logging_mixin.py:188} INFO - [2025-01-07T08:56:20.812+0000] {dag.py:3834} INFO - Setting next_dagrun for example_external_task_marker_child to None, run_after=None
[2025-01-07T08:56:20.823+0000] {logging_mixin.py:188} INFO - [2025-01-07T08:56:20.822+0000] {dag.py:3834} INFO - Setting next_dagrun for example_external_task_marker_parent to None, run_after=None
[2025-01-07T08:56:20.906+0000] {processor.py:183} INFO - Processing /home/airflow/.local/lib/python3.10/site-packages/airflow/example_dags/example_external_task_marker_dag.py took 0.230 seconds
[2025-01-07T08:57:48.153+0000] {processor.py:161} INFO - Started process (PID=29589) to work on /home/airflow/.local/lib/python3.10/site-packages/airflow/example_dags/example_external_task_marker_dag.py
[2025-01-07T08:57:48.155+0000] {processor.py:830} INFO - Processing file /home/airflow/.local/lib/python3.10/site-packages/airflow/example_dags/example_external_task_marker_dag.py for tasks to queue
[2025-01-07T08:57:48.157+0000] {logging_mixin.py:188} INFO - [2025-01-07T08:57:48.157+0000] {dagbag.py:540} INFO - Filling up the DagBag from /home/airflow/.local/lib/python3.10/site-packages/airflow/example_dags/example_external_task_marker_dag.py
[2025-01-07T08:57:48.170+0000] {processor.py:840} INFO - DAG(s) 'example_external_task_marker_child', 'example_external_task_marker_parent' retrieved from /home/airflow/.local/lib/python3.10/site-packages/airflow/example_dags/example_external_task_marker_dag.py
[2025-01-07T08:57:48.217+0000] {logging_mixin.py:188} INFO - [2025-01-07T08:57:48.216+0000] {dag.py:3047} INFO - Sync 2 DAGs
[2025-01-07T08:57:48.238+0000] {logging_mixin.py:188} INFO - [2025-01-07T08:57:48.238+0000] {dag.py:3834} INFO - Setting next_dagrun for example_external_task_marker_child to None, run_after=None
[2025-01-07T08:57:48.245+0000] {logging_mixin.py:188} INFO - [2025-01-07T08:57:48.244+0000] {dag.py:3834} INFO - Setting next_dagrun for example_external_task_marker_parent to None, run_after=None
[2025-01-07T08:57:48.273+0000] {processor.py:183} INFO - Processing /home/airflow/.local/lib/python3.10/site-packages/airflow/example_dags/example_external_task_marker_dag.py took 0.125 seconds
[2025-01-07T08:58:18.756+0000] {processor.py:161} INFO - Started process (PID=29655) to work on /home/airflow/.local/lib/python3.10/site-packages/airflow/example_dags/example_external_task_marker_dag.py
[2025-01-07T08:58:18.759+0000] {processor.py:830} INFO - Processing file /home/airflow/.local/lib/python3.10/site-packages/airflow/example_dags/example_external_task_marker_dag.py for tasks to queue
[2025-01-07T08:58:18.761+0000] {logging_mixin.py:188} INFO - [2025-01-07T08:58:18.760+0000] {dagbag.py:540} INFO - Filling up the DagBag from /home/airflow/.local/lib/python3.10/site-packages/airflow/example_dags/example_external_task_marker_dag.py
[2025-01-07T08:58:18.772+0000] {processor.py:840} INFO - DAG(s) 'example_external_task_marker_child', 'example_external_task_marker_parent' retrieved from /home/airflow/.local/lib/python3.10/site-packages/airflow/example_dags/example_external_task_marker_dag.py
[2025-01-07T08:58:18.881+0000] {logging_mixin.py:188} INFO - [2025-01-07T08:58:18.880+0000] {dag.py:3047} INFO - Sync 2 DAGs
[2025-01-07T08:58:18.954+0000] {logging_mixin.py:188} INFO - [2025-01-07T08:58:18.953+0000] {dag.py:3834} INFO - Setting next_dagrun for example_external_task_marker_child to None, run_after=None
[2025-01-07T08:58:18.975+0000] {logging_mixin.py:188} INFO - [2025-01-07T08:58:18.975+0000] {dag.py:3834} INFO - Setting next_dagrun for example_external_task_marker_parent to None, run_after=None
[2025-01-07T08:58:19.113+0000] {processor.py:183} INFO - Processing /home/airflow/.local/lib/python3.10/site-packages/airflow/example_dags/example_external_task_marker_dag.py took 0.363 seconds
[2025-01-07T08:58:58.109+0000] {processor.py:161} INFO - Started process (PID=29728) to work on /home/airflow/.local/lib/python3.10/site-packages/airflow/example_dags/example_external_task_marker_dag.py
[2025-01-07T08:58:58.121+0000] {processor.py:830} INFO - Processing file /home/airflow/.local/lib/python3.10/site-packages/airflow/example_dags/example_external_task_marker_dag.py for tasks to queue
[2025-01-07T08:58:58.124+0000] {logging_mixin.py:188} INFO - [2025-01-07T08:58:58.123+0000] {dagbag.py:540} INFO - Filling up the DagBag from /home/airflow/.local/lib/python3.10/site-packages/airflow/example_dags/example_external_task_marker_dag.py
[2025-01-07T08:58:58.171+0000] {processor.py:840} INFO - DAG(s) 'example_external_task_marker_child', 'example_external_task_marker_parent' retrieved from /home/airflow/.local/lib/python3.10/site-packages/airflow/example_dags/example_external_task_marker_dag.py
[2025-01-07T08:58:58.572+0000] {logging_mixin.py:188} INFO - [2025-01-07T08:58:58.572+0000] {dag.py:3047} INFO - Sync 2 DAGs
[2025-01-07T08:58:58.646+0000] {logging_mixin.py:188} INFO - [2025-01-07T08:58:58.645+0000] {dag.py:3834} INFO - Setting next_dagrun for example_external_task_marker_child to None, run_after=None
[2025-01-07T08:58:58.726+0000] {logging_mixin.py:188} INFO - [2025-01-07T08:58:58.725+0000] {dag.py:3834} INFO - Setting next_dagrun for example_external_task_marker_parent to None, run_after=None
[2025-01-07T08:58:58.949+0000] {processor.py:183} INFO - Processing /home/airflow/.local/lib/python3.10/site-packages/airflow/example_dags/example_external_task_marker_dag.py took 0.846 seconds
[2025-01-07T09:03:00.268+0000] {processor.py:161} INFO - Started process (PID=29819) to work on /home/airflow/.local/lib/python3.10/site-packages/airflow/example_dags/example_external_task_marker_dag.py
[2025-01-07T09:03:01.860+0000] {processor.py:830} INFO - Processing file /home/airflow/.local/lib/python3.10/site-packages/airflow/example_dags/example_external_task_marker_dag.py for tasks to queue
[2025-01-07T09:03:01.960+0000] {logging_mixin.py:188} INFO - [2025-01-07T09:03:01.925+0000] {dagbag.py:540} INFO - Filling up the DagBag from /home/airflow/.local/lib/python3.10/site-packages/airflow/example_dags/example_external_task_marker_dag.py
[2025-01-07T09:03:03.682+0000] {processor.py:840} INFO - DAG(s) 'example_external_task_marker_parent', 'example_external_task_marker_child' retrieved from /home/airflow/.local/lib/python3.10/site-packages/airflow/example_dags/example_external_task_marker_dag.py
[2025-01-07T09:03:06.651+0000] {logging_mixin.py:188} INFO - [2025-01-07T09:03:06.649+0000] {dag.py:3047} INFO - Sync 2 DAGs
[2025-01-07T09:03:06.777+0000] {logging_mixin.py:188} INFO - [2025-01-07T09:03:06.776+0000] {dag.py:3834} INFO - Setting next_dagrun for example_external_task_marker_child to None, run_after=None
[2025-01-07T09:03:06.791+0000] {logging_mixin.py:188} INFO - [2025-01-07T09:03:06.791+0000] {dag.py:3834} INFO - Setting next_dagrun for example_external_task_marker_parent to None, run_after=None
[2025-01-07T09:03:07.957+0000] {processor.py:183} INFO - Processing /home/airflow/.local/lib/python3.10/site-packages/airflow/example_dags/example_external_task_marker_dag.py took 8.584 seconds
[2025-01-07T09:11:11.323+0000] {processor.py:161} INFO - Started process (PID=29952) to work on /home/airflow/.local/lib/python3.10/site-packages/airflow/example_dags/example_external_task_marker_dag.py
[2025-01-07T09:11:11.331+0000] {processor.py:830} INFO - Processing file /home/airflow/.local/lib/python3.10/site-packages/airflow/example_dags/example_external_task_marker_dag.py for tasks to queue
[2025-01-07T09:11:11.338+0000] {logging_mixin.py:188} INFO - [2025-01-07T09:11:11.337+0000] {dagbag.py:540} INFO - Filling up the DagBag from /home/airflow/.local/lib/python3.10/site-packages/airflow/example_dags/example_external_task_marker_dag.py
[2025-01-07T09:11:11.369+0000] {processor.py:840} INFO - DAG(s) 'example_external_task_marker_child', 'example_external_task_marker_parent' retrieved from /home/airflow/.local/lib/python3.10/site-packages/airflow/example_dags/example_external_task_marker_dag.py
[2025-01-07T09:11:11.622+0000] {logging_mixin.py:188} INFO - [2025-01-07T09:11:11.621+0000] {dag.py:3047} INFO - Sync 2 DAGs
[2025-01-07T09:11:11.714+0000] {logging_mixin.py:188} INFO - [2025-01-07T09:11:11.713+0000] {dag.py:3834} INFO - Setting next_dagrun for example_external_task_marker_child to None, run_after=None
[2025-01-07T09:11:11.737+0000] {logging_mixin.py:188} INFO - [2025-01-07T09:11:11.736+0000] {dag.py:3834} INFO - Setting next_dagrun for example_external_task_marker_parent to None, run_after=None
[2025-01-07T09:11:11.979+0000] {processor.py:183} INFO - Processing /home/airflow/.local/lib/python3.10/site-packages/airflow/example_dags/example_external_task_marker_dag.py took 0.686 seconds
[2025-01-07T11:41:45.882+0000] {processor.py:161} INFO - Started process (PID=287) to work on /home/airflow/.local/lib/python3.10/site-packages/airflow/example_dags/example_external_task_marker_dag.py
[2025-01-07T11:41:46.459+0000] {processor.py:830} INFO - Processing file /home/airflow/.local/lib/python3.10/site-packages/airflow/example_dags/example_external_task_marker_dag.py for tasks to queue
[2025-01-07T11:41:46.997+0000] {logging_mixin.py:188} INFO - [2025-01-07T11:41:46.672+0000] {dagbag.py:540} INFO - Filling up the DagBag from /home/airflow/.local/lib/python3.10/site-packages/airflow/example_dags/example_external_task_marker_dag.py
[2025-01-07T11:41:52.506+0000] {processor.py:840} INFO - DAG(s) 'example_external_task_marker_child', 'example_external_task_marker_parent' retrieved from /home/airflow/.local/lib/python3.10/site-packages/airflow/example_dags/example_external_task_marker_dag.py
[2025-01-07T12:29:41.230+0000] {processor.py:161} INFO - Started process (PID=187) to work on /home/airflow/.local/lib/python3.10/site-packages/airflow/example_dags/example_external_task_marker_dag.py
[2025-01-07T12:29:41.248+0000] {processor.py:830} INFO - Processing file /home/airflow/.local/lib/python3.10/site-packages/airflow/example_dags/example_external_task_marker_dag.py for tasks to queue
[2025-01-07T12:29:41.328+0000] {logging_mixin.py:188} INFO - [2025-01-07T12:29:41.320+0000] {dagbag.py:540} INFO - Filling up the DagBag from /home/airflow/.local/lib/python3.10/site-packages/airflow/example_dags/example_external_task_marker_dag.py
[2025-01-07T12:29:41.562+0000] {processor.py:840} INFO - DAG(s) 'example_external_task_marker_parent', 'example_external_task_marker_child' retrieved from /home/airflow/.local/lib/python3.10/site-packages/airflow/example_dags/example_external_task_marker_dag.py
[2025-01-07T12:29:45.914+0000] {logging_mixin.py:188} INFO - [2025-01-07T12:29:45.913+0000] {dag.py:3047} INFO - Sync 2 DAGs
[2025-01-07T12:29:46.840+0000] {logging_mixin.py:188} INFO - [2025-01-07T12:29:46.839+0000] {dag.py:3834} INFO - Setting next_dagrun for example_external_task_marker_child to None, run_after=None
[2025-01-07T12:29:46.879+0000] {logging_mixin.py:188} INFO - [2025-01-07T12:29:46.879+0000] {dag.py:3834} INFO - Setting next_dagrun for example_external_task_marker_parent to None, run_after=None
[2025-01-07T12:29:47.062+0000] {processor.py:183} INFO - Processing /home/airflow/.local/lib/python3.10/site-packages/airflow/example_dags/example_external_task_marker_dag.py took 5.972 seconds
