[2025-01-07T08:56:04.687+0000] {processor.py:161} INFO - Started process (PID=29489) to work on /home/airflow/.local/lib/python3.10/site-packages/airflow/example_dags/example_task_group.py
[2025-01-07T08:56:04.689+0000] {processor.py:830} INFO - Processing file /home/airflow/.local/lib/python3.10/site-packages/airflow/example_dags/example_task_group.py for tasks to queue
[2025-01-07T08:56:04.690+0000] {logging_mixin.py:188} INFO - [2025-01-07T08:56:04.690+0000] {dagbag.py:540} INFO - Filling up the DagBag from /home/airflow/.local/lib/python3.10/site-packages/airflow/example_dags/example_task_group.py
[2025-01-07T08:56:04.706+0000] {processor.py:840} INFO - DAG(s) 'example_task_group' retrieved from /home/airflow/.local/lib/python3.10/site-packages/airflow/example_dags/example_task_group.py
[2025-01-07T08:56:04.748+0000] {logging_mixin.py:188} INFO - [2025-01-07T08:56:04.747+0000] {dag.py:3047} INFO - Sync 1 DAGs
[2025-01-07T08:56:04.804+0000] {logging_mixin.py:188} INFO - [2025-01-07T08:56:04.803+0000] {dag.py:3834} INFO - Setting next_dagrun for example_task_group to 2025-01-06 00:00:00+00:00, run_after=2025-01-07 00:00:00+00:00
[2025-01-07T08:56:04.861+0000] {processor.py:183} INFO - Processing /home/airflow/.local/lib/python3.10/site-packages/airflow/example_dags/example_task_group.py took 0.179 seconds
[2025-01-07T08:57:40.956+0000] {processor.py:161} INFO - Started process (PID=29564) to work on /home/airflow/.local/lib/python3.10/site-packages/airflow/example_dags/example_task_group.py
[2025-01-07T08:57:40.959+0000] {processor.py:830} INFO - Processing file /home/airflow/.local/lib/python3.10/site-packages/airflow/example_dags/example_task_group.py for tasks to queue
[2025-01-07T08:57:40.962+0000] {logging_mixin.py:188} INFO - [2025-01-07T08:57:40.962+0000] {dagbag.py:540} INFO - Filling up the DagBag from /home/airflow/.local/lib/python3.10/site-packages/airflow/example_dags/example_task_group.py
[2025-01-07T08:57:40.983+0000] {processor.py:840} INFO - DAG(s) 'example_task_group' retrieved from /home/airflow/.local/lib/python3.10/site-packages/airflow/example_dags/example_task_group.py
[2025-01-07T08:57:41.046+0000] {logging_mixin.py:188} INFO - [2025-01-07T08:57:41.046+0000] {dag.py:3047} INFO - Sync 1 DAGs
[2025-01-07T08:57:41.175+0000] {logging_mixin.py:188} INFO - [2025-01-07T08:57:41.174+0000] {dag.py:3834} INFO - Setting next_dagrun for example_task_group to 2025-01-06 00:00:00+00:00, run_after=2025-01-07 00:00:00+00:00
[2025-01-07T08:57:41.259+0000] {processor.py:183} INFO - Processing /home/airflow/.local/lib/python3.10/site-packages/airflow/example_dags/example_task_group.py took 0.309 seconds
[2025-01-07T08:58:11.741+0000] {processor.py:161} INFO - Started process (PID=29631) to work on /home/airflow/.local/lib/python3.10/site-packages/airflow/example_dags/example_task_group.py
[2025-01-07T08:58:11.743+0000] {processor.py:830} INFO - Processing file /home/airflow/.local/lib/python3.10/site-packages/airflow/example_dags/example_task_group.py for tasks to queue
[2025-01-07T08:58:11.745+0000] {logging_mixin.py:188} INFO - [2025-01-07T08:58:11.744+0000] {dagbag.py:540} INFO - Filling up the DagBag from /home/airflow/.local/lib/python3.10/site-packages/airflow/example_dags/example_task_group.py
[2025-01-07T08:58:11.761+0000] {processor.py:840} INFO - DAG(s) 'example_task_group' retrieved from /home/airflow/.local/lib/python3.10/site-packages/airflow/example_dags/example_task_group.py
[2025-01-07T08:58:11.794+0000] {logging_mixin.py:188} INFO - [2025-01-07T08:58:11.793+0000] {dag.py:3047} INFO - Sync 1 DAGs
[2025-01-07T08:58:11.828+0000] {logging_mixin.py:188} INFO - [2025-01-07T08:58:11.828+0000] {dag.py:3834} INFO - Setting next_dagrun for example_task_group to 2025-01-06 00:00:00+00:00, run_after=2025-01-07 00:00:00+00:00
[2025-01-07T08:58:11.861+0000] {processor.py:183} INFO - Processing /home/airflow/.local/lib/python3.10/site-packages/airflow/example_dags/example_task_group.py took 0.126 seconds
[2025-01-07T08:58:46.622+0000] {processor.py:161} INFO - Started process (PID=29700) to work on /home/airflow/.local/lib/python3.10/site-packages/airflow/example_dags/example_task_group.py
[2025-01-07T08:58:46.625+0000] {processor.py:830} INFO - Processing file /home/airflow/.local/lib/python3.10/site-packages/airflow/example_dags/example_task_group.py for tasks to queue
[2025-01-07T08:58:46.627+0000] {logging_mixin.py:188} INFO - [2025-01-07T08:58:46.627+0000] {dagbag.py:540} INFO - Filling up the DagBag from /home/airflow/.local/lib/python3.10/site-packages/airflow/example_dags/example_task_group.py
[2025-01-07T08:58:46.654+0000] {processor.py:840} INFO - DAG(s) 'example_task_group' retrieved from /home/airflow/.local/lib/python3.10/site-packages/airflow/example_dags/example_task_group.py
[2025-01-07T08:58:46.697+0000] {logging_mixin.py:188} INFO - [2025-01-07T08:58:46.697+0000] {dag.py:3047} INFO - Sync 1 DAGs
[2025-01-07T08:58:46.741+0000] {logging_mixin.py:188} INFO - [2025-01-07T08:58:46.741+0000] {dag.py:3834} INFO - Setting next_dagrun for example_task_group to 2025-01-06 00:00:00+00:00, run_after=2025-01-07 00:00:00+00:00
[2025-01-07T08:58:46.792+0000] {processor.py:183} INFO - Processing /home/airflow/.local/lib/python3.10/site-packages/airflow/example_dags/example_task_group.py took 0.176 seconds
[2025-01-07T09:00:36.924+0000] {processor.py:161} INFO - Started process (PID=29770) to work on /home/airflow/.local/lib/python3.10/site-packages/airflow/example_dags/example_task_group.py
[2025-01-07T09:01:01.936+0000] {processor.py:830} INFO - Processing file /home/airflow/.local/lib/python3.10/site-packages/airflow/example_dags/example_task_group.py for tasks to queue
[2025-01-07T09:01:06.704+0000] {logging_mixin.py:188} INFO - [2025-01-07T09:01:03.478+0000] {dagbag.py:540} INFO - Filling up the DagBag from /home/airflow/.local/lib/python3.10/site-packages/airflow/example_dags/example_task_group.py
[2025-01-07T09:01:19.962+0000] {processor.py:840} INFO - DAG(s) 'example_task_group' retrieved from /home/airflow/.local/lib/python3.10/site-packages/airflow/example_dags/example_task_group.py
[2025-01-07T09:01:41.941+0000] {logging_mixin.py:188} INFO - [2025-01-07T09:01:40.663+0000] {dag.py:3047} INFO - Sync 1 DAGs
[2025-01-07T09:04:56.220+0000] {processor.py:161} INFO - Started process (PID=29852) to work on /home/airflow/.local/lib/python3.10/site-packages/airflow/example_dags/example_task_group.py
[2025-01-07T09:04:56.234+0000] {processor.py:830} INFO - Processing file /home/airflow/.local/lib/python3.10/site-packages/airflow/example_dags/example_task_group.py for tasks to queue
[2025-01-07T09:04:56.249+0000] {logging_mixin.py:188} INFO - [2025-01-07T09:04:56.248+0000] {dagbag.py:540} INFO - Filling up the DagBag from /home/airflow/.local/lib/python3.10/site-packages/airflow/example_dags/example_task_group.py
[2025-01-07T09:04:56.474+0000] {processor.py:840} INFO - DAG(s) 'example_task_group' retrieved from /home/airflow/.local/lib/python3.10/site-packages/airflow/example_dags/example_task_group.py
[2025-01-07T09:04:58.651+0000] {logging_mixin.py:188} INFO - [2025-01-07T09:04:58.648+0000] {dag.py:3047} INFO - Sync 1 DAGs
[2025-01-07T09:04:59.177+0000] {logging_mixin.py:188} INFO - [2025-01-07T09:04:59.176+0000] {dag.py:3834} INFO - Setting next_dagrun for example_task_group to 2025-01-06 00:00:00+00:00, run_after=2025-01-07 00:00:00+00:00
[2025-01-07T09:04:59.417+0000] {processor.py:183} INFO - Processing /home/airflow/.local/lib/python3.10/site-packages/airflow/example_dags/example_task_group.py took 3.222 seconds
[2025-01-07T09:08:48.498+0000] {processor.py:161} INFO - Started process (PID=29937) to work on /home/airflow/.local/lib/python3.10/site-packages/airflow/example_dags/example_task_group.py
[2025-01-07T09:08:48.514+0000] {processor.py:830} INFO - Processing file /home/airflow/.local/lib/python3.10/site-packages/airflow/example_dags/example_task_group.py for tasks to queue
[2025-01-07T09:08:48.523+0000] {logging_mixin.py:188} INFO - [2025-01-07T09:08:48.522+0000] {dagbag.py:540} INFO - Filling up the DagBag from /home/airflow/.local/lib/python3.10/site-packages/airflow/example_dags/example_task_group.py
[2025-01-07T09:08:48.709+0000] {processor.py:840} INFO - DAG(s) 'example_task_group' retrieved from /home/airflow/.local/lib/python3.10/site-packages/airflow/example_dags/example_task_group.py
[2025-01-07T09:08:48.890+0000] {logging_mixin.py:188} INFO - [2025-01-07T09:08:48.886+0000] {dag.py:3047} INFO - Sync 1 DAGs
[2025-01-07T09:08:49.185+0000] {logging_mixin.py:188} INFO - [2025-01-07T09:08:49.184+0000] {dag.py:3834} INFO - Setting next_dagrun for example_task_group to 2025-01-06 00:00:00+00:00, run_after=2025-01-07 00:00:00+00:00
[2025-01-07T09:08:49.439+0000] {processor.py:183} INFO - Processing /home/airflow/.local/lib/python3.10/site-packages/airflow/example_dags/example_task_group.py took 0.958 seconds
[2025-01-07T09:18:24.455+0000] {processor.py:161} INFO - Started process (PID=30023) to work on /home/airflow/.local/lib/python3.10/site-packages/airflow/example_dags/example_task_group.py
[2025-01-07T09:18:24.459+0000] {processor.py:830} INFO - Processing file /home/airflow/.local/lib/python3.10/site-packages/airflow/example_dags/example_task_group.py for tasks to queue
[2025-01-07T09:18:24.464+0000] {logging_mixin.py:188} INFO - [2025-01-07T09:18:24.463+0000] {dagbag.py:540} INFO - Filling up the DagBag from /home/airflow/.local/lib/python3.10/site-packages/airflow/example_dags/example_task_group.py
[2025-01-07T09:18:24.542+0000] {processor.py:840} INFO - DAG(s) 'example_task_group' retrieved from /home/airflow/.local/lib/python3.10/site-packages/airflow/example_dags/example_task_group.py
[2025-01-07T09:18:24.974+0000] {logging_mixin.py:188} INFO - [2025-01-07T09:18:24.973+0000] {dag.py:3047} INFO - Sync 1 DAGs
[2025-01-07T09:18:25.174+0000] {logging_mixin.py:188} INFO - [2025-01-07T09:18:25.174+0000] {dag.py:3834} INFO - Setting next_dagrun for example_task_group to 2025-01-06 00:00:00+00:00, run_after=2025-01-07 00:00:00+00:00
[2025-01-07T09:18:25.537+0000] {processor.py:183} INFO - Processing /home/airflow/.local/lib/python3.10/site-packages/airflow/example_dags/example_task_group.py took 1.111 seconds
[2025-01-07T11:17:57.826+0000] {processor.py:161} INFO - Started process (PID=203) to work on /home/airflow/.local/lib/python3.10/site-packages/airflow/example_dags/example_task_group.py
[2025-01-07T11:17:57.839+0000] {processor.py:830} INFO - Processing file /home/airflow/.local/lib/python3.10/site-packages/airflow/example_dags/example_task_group.py for tasks to queue
[2025-01-07T11:17:57.917+0000] {logging_mixin.py:188} INFO - [2025-01-07T11:17:57.878+0000] {dagbag.py:540} INFO - Filling up the DagBag from /home/airflow/.local/lib/python3.10/site-packages/airflow/example_dags/example_task_group.py
[2025-01-07T11:17:58.306+0000] {processor.py:840} INFO - DAG(s) 'example_task_group' retrieved from /home/airflow/.local/lib/python3.10/site-packages/airflow/example_dags/example_task_group.py
[2025-01-07T11:18:00.149+0000] {logging_mixin.py:188} INFO - [2025-01-07T11:18:00.139+0000] {dag.py:3047} INFO - Sync 1 DAGs
[2025-01-07T11:18:03.508+0000] {logging_mixin.py:188} INFO - [2025-01-07T11:18:03.305+0000] {dag.py:3834} INFO - Setting next_dagrun for example_task_group to 2025-01-06 00:00:00+00:00, run_after=2025-01-07 00:00:00+00:00
[2025-01-07T11:18:05.450+0000] {processor.py:183} INFO - Processing /home/airflow/.local/lib/python3.10/site-packages/airflow/example_dags/example_task_group.py took 7.735 seconds
[2025-01-07T12:27:06.148+0000] {processor.py:161} INFO - Started process (PID=133) to work on /home/airflow/.local/lib/python3.10/site-packages/airflow/example_dags/example_task_group.py
[2025-01-07T12:27:06.184+0000] {processor.py:830} INFO - Processing file /home/airflow/.local/lib/python3.10/site-packages/airflow/example_dags/example_task_group.py for tasks to queue
[2025-01-07T12:27:06.198+0000] {logging_mixin.py:188} INFO - [2025-01-07T12:27:06.197+0000] {dagbag.py:540} INFO - Filling up the DagBag from /home/airflow/.local/lib/python3.10/site-packages/airflow/example_dags/example_task_group.py
[2025-01-07T12:27:06.298+0000] {processor.py:840} INFO - DAG(s) 'example_task_group' retrieved from /home/airflow/.local/lib/python3.10/site-packages/airflow/example_dags/example_task_group.py
[2025-01-07T12:27:06.594+0000] {logging_mixin.py:188} INFO - [2025-01-07T12:27:06.593+0000] {dag.py:3047} INFO - Sync 1 DAGs
[2025-01-07T12:27:07.086+0000] {logging_mixin.py:188} INFO - [2025-01-07T12:27:07.085+0000] {dag.py:3834} INFO - Setting next_dagrun for example_task_group to 2025-01-06 00:00:00+00:00, run_after=2025-01-07 00:00:00+00:00
[2025-01-07T12:27:09.162+0000] {processor.py:183} INFO - Processing /home/airflow/.local/lib/python3.10/site-packages/airflow/example_dags/example_task_group.py took 3.052 seconds
[2025-01-07T12:31:41.506+0000] {processor.py:161} INFO - Started process (PID=228) to work on /home/airflow/.local/lib/python3.10/site-packages/airflow/example_dags/example_task_group.py
[2025-01-07T12:31:41.524+0000] {processor.py:830} INFO - Processing file /home/airflow/.local/lib/python3.10/site-packages/airflow/example_dags/example_task_group.py for tasks to queue
[2025-01-07T12:31:41.554+0000] {logging_mixin.py:188} INFO - [2025-01-07T12:31:41.552+0000] {dagbag.py:540} INFO - Filling up the DagBag from /home/airflow/.local/lib/python3.10/site-packages/airflow/example_dags/example_task_group.py
[2025-01-07T12:31:41.653+0000] {processor.py:840} INFO - DAG(s) 'example_task_group' retrieved from /home/airflow/.local/lib/python3.10/site-packages/airflow/example_dags/example_task_group.py
[2025-01-07T12:31:43.893+0000] {logging_mixin.py:188} INFO - [2025-01-07T12:31:43.873+0000] {dag.py:3047} INFO - Sync 1 DAGs
[2025-01-07T12:31:45.497+0000] {logging_mixin.py:188} INFO - [2025-01-07T12:31:45.496+0000] {dag.py:3834} INFO - Setting next_dagrun for example_task_group to 2025-01-06 00:00:00+00:00, run_after=2025-01-07 00:00:00+00:00
[2025-01-07T12:31:47.567+0000] {processor.py:183} INFO - Processing /home/airflow/.local/lib/python3.10/site-packages/airflow/example_dags/example_task_group.py took 6.079 seconds
[2025-01-07T12:45:09.297+0000] {processor.py:161} INFO - Started process (PID=302) to work on /home/airflow/.local/lib/python3.10/site-packages/airflow/example_dags/example_task_group.py
[2025-01-07T12:45:09.435+0000] {processor.py:830} INFO - Processing file /home/airflow/.local/lib/python3.10/site-packages/airflow/example_dags/example_task_group.py for tasks to queue
[2025-01-07T12:45:09.719+0000] {logging_mixin.py:188} INFO - [2025-01-07T12:45:09.573+0000] {dagbag.py:540} INFO - Filling up the DagBag from /home/airflow/.local/lib/python3.10/site-packages/airflow/example_dags/example_task_group.py
[2025-01-07T12:45:19.344+0000] {processor.py:840} INFO - DAG(s) 'example_task_group' retrieved from /home/airflow/.local/lib/python3.10/site-packages/airflow/example_dags/example_task_group.py
