[2025-01-07T08:56:14.784+0000] {processor.py:161} INFO - Started process (PID=29501) to work on /home/airflow/.local/lib/python3.10/site-packages/airflow/example_dags/example_time_delta_sensor_async.py
[2025-01-07T08:56:14.794+0000] {processor.py:830} INFO - Processing file /home/airflow/.local/lib/python3.10/site-packages/airflow/example_dags/example_time_delta_sensor_async.py for tasks to queue
[2025-01-07T08:56:14.911+0000] {logging_mixin.py:188} INFO - [2025-01-07T08:56:14.911+0000] {dagbag.py:540} INFO - Filling up the DagBag from /home/airflow/.local/lib/python3.10/site-packages/airflow/example_dags/example_time_delta_sensor_async.py
[2025-01-07T08:56:14.943+0000] {processor.py:840} INFO - DAG(s) 'example_time_delta_sensor_async' retrieved from /home/airflow/.local/lib/python3.10/site-packages/airflow/example_dags/example_time_delta_sensor_async.py
[2025-01-07T08:56:15.081+0000] {logging_mixin.py:188} INFO - [2025-01-07T08:56:15.081+0000] {dag.py:3047} INFO - Sync 1 DAGs
[2025-01-07T08:56:15.130+0000] {logging_mixin.py:188} INFO - [2025-01-07T08:56:15.129+0000] {dag.py:3834} INFO - Setting next_dagrun for example_time_delta_sensor_async to None, run_after=None
[2025-01-07T08:56:15.219+0000] {processor.py:183} INFO - Processing /home/airflow/.local/lib/python3.10/site-packages/airflow/example_dags/example_time_delta_sensor_async.py took 0.441 seconds
[2025-01-07T08:57:44.375+0000] {processor.py:161} INFO - Started process (PID=29576) to work on /home/airflow/.local/lib/python3.10/site-packages/airflow/example_dags/example_time_delta_sensor_async.py
[2025-01-07T08:57:44.381+0000] {processor.py:830} INFO - Processing file /home/airflow/.local/lib/python3.10/site-packages/airflow/example_dags/example_time_delta_sensor_async.py for tasks to queue
[2025-01-07T08:57:44.384+0000] {logging_mixin.py:188} INFO - [2025-01-07T08:57:44.383+0000] {dagbag.py:540} INFO - Filling up the DagBag from /home/airflow/.local/lib/python3.10/site-packages/airflow/example_dags/example_time_delta_sensor_async.py
[2025-01-07T08:57:44.395+0000] {processor.py:840} INFO - DAG(s) 'example_time_delta_sensor_async' retrieved from /home/airflow/.local/lib/python3.10/site-packages/airflow/example_dags/example_time_delta_sensor_async.py
[2025-01-07T08:57:44.458+0000] {logging_mixin.py:188} INFO - [2025-01-07T08:57:44.457+0000] {dag.py:3047} INFO - Sync 1 DAGs
[2025-01-07T08:57:44.478+0000] {logging_mixin.py:188} INFO - [2025-01-07T08:57:44.477+0000] {dag.py:3834} INFO - Setting next_dagrun for example_time_delta_sensor_async to None, run_after=None
[2025-01-07T08:57:44.679+0000] {processor.py:183} INFO - Processing /home/airflow/.local/lib/python3.10/site-packages/airflow/example_dags/example_time_delta_sensor_async.py took 0.312 seconds
[2025-01-07T08:58:15.072+0000] {processor.py:161} INFO - Started process (PID=29643) to work on /home/airflow/.local/lib/python3.10/site-packages/airflow/example_dags/example_time_delta_sensor_async.py
[2025-01-07T08:58:15.086+0000] {processor.py:830} INFO - Processing file /home/airflow/.local/lib/python3.10/site-packages/airflow/example_dags/example_time_delta_sensor_async.py for tasks to queue
[2025-01-07T08:58:15.094+0000] {logging_mixin.py:188} INFO - [2025-01-07T08:58:15.093+0000] {dagbag.py:540} INFO - Filling up the DagBag from /home/airflow/.local/lib/python3.10/site-packages/airflow/example_dags/example_time_delta_sensor_async.py
[2025-01-07T08:58:15.120+0000] {processor.py:840} INFO - DAG(s) 'example_time_delta_sensor_async' retrieved from /home/airflow/.local/lib/python3.10/site-packages/airflow/example_dags/example_time_delta_sensor_async.py
[2025-01-07T08:58:15.184+0000] {logging_mixin.py:188} INFO - [2025-01-07T08:58:15.183+0000] {dag.py:3047} INFO - Sync 1 DAGs
[2025-01-07T08:58:15.224+0000] {logging_mixin.py:188} INFO - [2025-01-07T08:58:15.223+0000] {dag.py:3834} INFO - Setting next_dagrun for example_time_delta_sensor_async to None, run_after=None
[2025-01-07T08:58:15.834+0000] {processor.py:183} INFO - Processing /home/airflow/.local/lib/python3.10/site-packages/airflow/example_dags/example_time_delta_sensor_async.py took 0.769 seconds
[2025-01-07T08:58:53.357+0000] {processor.py:161} INFO - Started process (PID=29712) to work on /home/airflow/.local/lib/python3.10/site-packages/airflow/example_dags/example_time_delta_sensor_async.py
[2025-01-07T08:58:53.359+0000] {processor.py:830} INFO - Processing file /home/airflow/.local/lib/python3.10/site-packages/airflow/example_dags/example_time_delta_sensor_async.py for tasks to queue
[2025-01-07T08:58:53.362+0000] {logging_mixin.py:188} INFO - [2025-01-07T08:58:53.361+0000] {dagbag.py:540} INFO - Filling up the DagBag from /home/airflow/.local/lib/python3.10/site-packages/airflow/example_dags/example_time_delta_sensor_async.py
[2025-01-07T08:58:53.380+0000] {processor.py:840} INFO - DAG(s) 'example_time_delta_sensor_async' retrieved from /home/airflow/.local/lib/python3.10/site-packages/airflow/example_dags/example_time_delta_sensor_async.py
[2025-01-07T08:58:53.469+0000] {logging_mixin.py:188} INFO - [2025-01-07T08:58:53.469+0000] {dag.py:3047} INFO - Sync 1 DAGs
[2025-01-07T08:58:53.519+0000] {logging_mixin.py:188} INFO - [2025-01-07T08:58:53.518+0000] {dag.py:3834} INFO - Setting next_dagrun for example_time_delta_sensor_async to None, run_after=None
[2025-01-07T08:58:53.607+0000] {processor.py:183} INFO - Processing /home/airflow/.local/lib/python3.10/site-packages/airflow/example_dags/example_time_delta_sensor_async.py took 0.260 seconds
[2025-01-07T09:02:22.115+0000] {processor.py:161} INFO - Started process (PID=29800) to work on /home/airflow/.local/lib/python3.10/site-packages/airflow/example_dags/example_time_delta_sensor_async.py
[2025-01-07T09:02:22.124+0000] {processor.py:830} INFO - Processing file /home/airflow/.local/lib/python3.10/site-packages/airflow/example_dags/example_time_delta_sensor_async.py for tasks to queue
[2025-01-07T09:02:22.127+0000] {logging_mixin.py:188} INFO - [2025-01-07T09:02:22.126+0000] {dagbag.py:540} INFO - Filling up the DagBag from /home/airflow/.local/lib/python3.10/site-packages/airflow/example_dags/example_time_delta_sensor_async.py
[2025-01-07T09:02:22.159+0000] {processor.py:840} INFO - DAG(s) 'example_time_delta_sensor_async' retrieved from /home/airflow/.local/lib/python3.10/site-packages/airflow/example_dags/example_time_delta_sensor_async.py
[2025-01-07T09:02:22.260+0000] {logging_mixin.py:188} INFO - [2025-01-07T09:02:22.259+0000] {dag.py:3047} INFO - Sync 1 DAGs
[2025-01-07T09:02:22.309+0000] {logging_mixin.py:188} INFO - [2025-01-07T09:02:22.309+0000] {dag.py:3834} INFO - Setting next_dagrun for example_time_delta_sensor_async to None, run_after=None
[2025-01-07T09:02:22.405+0000] {processor.py:183} INFO - Processing /home/airflow/.local/lib/python3.10/site-packages/airflow/example_dags/example_time_delta_sensor_async.py took 0.296 seconds
[2025-01-07T09:06:51.382+0000] {processor.py:161} INFO - Started process (PID=29890) to work on /home/airflow/.local/lib/python3.10/site-packages/airflow/example_dags/example_time_delta_sensor_async.py
[2025-01-07T09:06:51.392+0000] {processor.py:830} INFO - Processing file /home/airflow/.local/lib/python3.10/site-packages/airflow/example_dags/example_time_delta_sensor_async.py for tasks to queue
[2025-01-07T09:06:51.397+0000] {logging_mixin.py:188} INFO - [2025-01-07T09:06:51.396+0000] {dagbag.py:540} INFO - Filling up the DagBag from /home/airflow/.local/lib/python3.10/site-packages/airflow/example_dags/example_time_delta_sensor_async.py
[2025-01-07T09:06:51.427+0000] {processor.py:840} INFO - DAG(s) 'example_time_delta_sensor_async' retrieved from /home/airflow/.local/lib/python3.10/site-packages/airflow/example_dags/example_time_delta_sensor_async.py
[2025-01-07T09:06:51.710+0000] {logging_mixin.py:188} INFO - [2025-01-07T09:06:51.710+0000] {dag.py:3047} INFO - Sync 1 DAGs
[2025-01-07T09:06:51.999+0000] {logging_mixin.py:188} INFO - [2025-01-07T09:06:51.999+0000] {dag.py:3834} INFO - Setting next_dagrun for example_time_delta_sensor_async to None, run_after=None
[2025-01-07T09:06:52.344+0000] {processor.py:183} INFO - Processing /home/airflow/.local/lib/python3.10/site-packages/airflow/example_dags/example_time_delta_sensor_async.py took 0.973 seconds
[2025-01-07T09:22:47.700+0000] {processor.py:161} INFO - Started process (PID=30045) to work on /home/airflow/.local/lib/python3.10/site-packages/airflow/example_dags/example_time_delta_sensor_async.py
[2025-01-07T09:22:47.806+0000] {processor.py:830} INFO - Processing file /home/airflow/.local/lib/python3.10/site-packages/airflow/example_dags/example_time_delta_sensor_async.py for tasks to queue
[2025-01-07T09:22:47.883+0000] {logging_mixin.py:188} INFO - [2025-01-07T09:22:47.843+0000] {dagbag.py:540} INFO - Filling up the DagBag from /home/airflow/.local/lib/python3.10/site-packages/airflow/example_dags/example_time_delta_sensor_async.py
[2025-01-07T09:22:50.214+0000] {processor.py:840} INFO - DAG(s) 'example_time_delta_sensor_async' retrieved from /home/airflow/.local/lib/python3.10/site-packages/airflow/example_dags/example_time_delta_sensor_async.py
[2025-01-07T09:22:56.548+0000] {logging_mixin.py:188} INFO - [2025-01-07T09:22:56.527+0000] {dag.py:3047} INFO - Sync 1 DAGs
[2025-01-07T09:22:57.550+0000] {logging_mixin.py:188} INFO - [2025-01-07T09:22:57.362+0000] {dag.py:3834} INFO - Setting next_dagrun for example_time_delta_sensor_async to None, run_after=None
[2025-01-07T09:27:49.179+0000] {processor.py:183} INFO - Processing /home/airflow/.local/lib/python3.10/site-packages/airflow/example_dags/example_time_delta_sensor_async.py took 301.457 seconds
[2025-01-07T11:30:04.004+0000] {processor.py:161} INFO - Started process (PID=246) to work on /home/airflow/.local/lib/python3.10/site-packages/airflow/example_dags/example_time_delta_sensor_async.py
[2025-01-07T11:30:04.305+0000] {processor.py:830} INFO - Processing file /home/airflow/.local/lib/python3.10/site-packages/airflow/example_dags/example_time_delta_sensor_async.py for tasks to queue
[2025-01-07T11:30:05.022+0000] {logging_mixin.py:188} INFO - [2025-01-07T11:30:04.820+0000] {dagbag.py:540} INFO - Filling up the DagBag from /home/airflow/.local/lib/python3.10/site-packages/airflow/example_dags/example_time_delta_sensor_async.py
[2025-01-07T11:30:22.000+0000] {processor.py:840} INFO - DAG(s) 'example_time_delta_sensor_async' retrieved from /home/airflow/.local/lib/python3.10/site-packages/airflow/example_dags/example_time_delta_sensor_async.py
[2025-01-07T12:28:19.633+0000] {processor.py:161} INFO - Started process (PID=164) to work on /home/airflow/.local/lib/python3.10/site-packages/airflow/example_dags/example_time_delta_sensor_async.py
[2025-01-07T12:28:19.655+0000] {processor.py:830} INFO - Processing file /home/airflow/.local/lib/python3.10/site-packages/airflow/example_dags/example_time_delta_sensor_async.py for tasks to queue
[2025-01-07T12:28:19.853+0000] {logging_mixin.py:188} INFO - [2025-01-07T12:28:19.845+0000] {dagbag.py:540} INFO - Filling up the DagBag from /home/airflow/.local/lib/python3.10/site-packages/airflow/example_dags/example_time_delta_sensor_async.py
[2025-01-07T12:28:20.204+0000] {processor.py:840} INFO - DAG(s) 'example_time_delta_sensor_async' retrieved from /home/airflow/.local/lib/python3.10/site-packages/airflow/example_dags/example_time_delta_sensor_async.py
[2025-01-07T12:28:26.331+0000] {logging_mixin.py:188} INFO - [2025-01-07T12:28:26.331+0000] {dag.py:3047} INFO - Sync 1 DAGs
[2025-01-07T12:28:32.384+0000] {logging_mixin.py:188} INFO - [2025-01-07T12:28:32.379+0000] {dag.py:3834} INFO - Setting next_dagrun for example_time_delta_sensor_async to None, run_after=None
[2025-01-07T12:28:34.827+0000] {processor.py:183} INFO - Processing /home/airflow/.local/lib/python3.10/site-packages/airflow/example_dags/example_time_delta_sensor_async.py took 16.560 seconds
[2025-01-07T12:33:25.252+0000] {processor.py:161} INFO - Started process (PID=265) to work on /home/airflow/.local/lib/python3.10/site-packages/airflow/example_dags/example_time_delta_sensor_async.py
[2025-01-07T12:33:25.573+0000] {processor.py:830} INFO - Processing file /home/airflow/.local/lib/python3.10/site-packages/airflow/example_dags/example_time_delta_sensor_async.py for tasks to queue
[2025-01-07T12:33:25.942+0000] {logging_mixin.py:188} INFO - [2025-01-07T12:33:25.762+0000] {dagbag.py:540} INFO - Filling up the DagBag from /home/airflow/.local/lib/python3.10/site-packages/airflow/example_dags/example_time_delta_sensor_async.py
[2025-01-07T12:33:27.658+0000] {processor.py:840} INFO - DAG(s) 'example_time_delta_sensor_async' retrieved from /home/airflow/.local/lib/python3.10/site-packages/airflow/example_dags/example_time_delta_sensor_async.py
[2025-01-07T12:33:56.289+0000] {logging_mixin.py:188} INFO - [2025-01-07T12:33:56.120+0000] {dag.py:3047} INFO - Sync 1 DAGs
[2025-01-07T12:34:01.419+0000] {logging_mixin.py:188} INFO - [2025-01-07T12:34:00.998+0000] {dag.py:3834} INFO - Setting next_dagrun for example_time_delta_sensor_async to None, run_after=None
