[2025-01-07T08:56:19.584+0000] {processor.py:161} INFO - Started process (PID=29512) to work on /home/airflow/.local/lib/python3.10/site-packages/airflow/example_dags/example_python_decorator.py
[2025-01-07T08:56:19.590+0000] {processor.py:830} INFO - Processing file /home/airflow/.local/lib/python3.10/site-packages/airflow/example_dags/example_python_decorator.py for tasks to queue
[2025-01-07T08:56:19.598+0000] {logging_mixin.py:188} INFO - [2025-01-07T08:56:19.598+0000] {dagbag.py:540} INFO - Filling up the DagBag from /home/airflow/.local/lib/python3.10/site-packages/airflow/example_dags/example_python_decorator.py
[2025-01-07T08:56:19.664+0000] {processor.py:840} INFO - DAG(s) 'example_python_decorator' retrieved from /home/airflow/.local/lib/python3.10/site-packages/airflow/example_dags/example_python_decorator.py
[2025-01-07T08:56:19.843+0000] {logging_mixin.py:188} INFO - [2025-01-07T08:56:19.842+0000] {dag.py:3047} INFO - Sync 1 DAGs
[2025-01-07T08:56:19.896+0000] {logging_mixin.py:188} INFO - [2025-01-07T08:56:19.896+0000] {dag.py:3834} INFO - Setting next_dagrun for example_python_decorator to None, run_after=None
[2025-01-07T08:56:19.967+0000] {processor.py:183} INFO - Processing /home/airflow/.local/lib/python3.10/site-packages/airflow/example_dags/example_python_decorator.py took 0.394 seconds
[2025-01-07T08:57:47.267+0000] {processor.py:161} INFO - Started process (PID=29587) to work on /home/airflow/.local/lib/python3.10/site-packages/airflow/example_dags/example_python_decorator.py
[2025-01-07T08:57:47.268+0000] {processor.py:830} INFO - Processing file /home/airflow/.local/lib/python3.10/site-packages/airflow/example_dags/example_python_decorator.py for tasks to queue
[2025-01-07T08:57:47.271+0000] {logging_mixin.py:188} INFO - [2025-01-07T08:57:47.270+0000] {dagbag.py:540} INFO - Filling up the DagBag from /home/airflow/.local/lib/python3.10/site-packages/airflow/example_dags/example_python_decorator.py
[2025-01-07T08:57:47.299+0000] {processor.py:840} INFO - DAG(s) 'example_python_decorator' retrieved from /home/airflow/.local/lib/python3.10/site-packages/airflow/example_dags/example_python_decorator.py
[2025-01-07T08:57:47.457+0000] {logging_mixin.py:188} INFO - [2025-01-07T08:57:47.457+0000] {dag.py:3047} INFO - Sync 1 DAGs
[2025-01-07T08:57:47.583+0000] {logging_mixin.py:188} INFO - [2025-01-07T08:57:47.583+0000] {dag.py:3834} INFO - Setting next_dagrun for example_python_decorator to None, run_after=None
[2025-01-07T08:57:47.700+0000] {processor.py:183} INFO - Processing /home/airflow/.local/lib/python3.10/site-packages/airflow/example_dags/example_python_decorator.py took 0.440 seconds
[2025-01-07T08:58:18.098+0000] {processor.py:161} INFO - Started process (PID=29653) to work on /home/airflow/.local/lib/python3.10/site-packages/airflow/example_dags/example_python_decorator.py
[2025-01-07T08:58:18.100+0000] {processor.py:830} INFO - Processing file /home/airflow/.local/lib/python3.10/site-packages/airflow/example_dags/example_python_decorator.py for tasks to queue
[2025-01-07T08:58:18.102+0000] {logging_mixin.py:188} INFO - [2025-01-07T08:58:18.101+0000] {dagbag.py:540} INFO - Filling up the DagBag from /home/airflow/.local/lib/python3.10/site-packages/airflow/example_dags/example_python_decorator.py
[2025-01-07T08:58:18.124+0000] {processor.py:840} INFO - DAG(s) 'example_python_decorator' retrieved from /home/airflow/.local/lib/python3.10/site-packages/airflow/example_dags/example_python_decorator.py
[2025-01-07T08:58:18.164+0000] {logging_mixin.py:188} INFO - [2025-01-07T08:58:18.164+0000] {dag.py:3047} INFO - Sync 1 DAGs
[2025-01-07T08:58:18.183+0000] {logging_mixin.py:188} INFO - [2025-01-07T08:58:18.183+0000] {dag.py:3834} INFO - Setting next_dagrun for example_python_decorator to None, run_after=None
[2025-01-07T08:58:18.217+0000] {processor.py:183} INFO - Processing /home/airflow/.local/lib/python3.10/site-packages/airflow/example_dags/example_python_decorator.py took 0.125 seconds
[2025-01-07T08:58:57.081+0000] {processor.py:161} INFO - Started process (PID=29726) to work on /home/airflow/.local/lib/python3.10/site-packages/airflow/example_dags/example_python_decorator.py
[2025-01-07T08:58:57.083+0000] {processor.py:830} INFO - Processing file /home/airflow/.local/lib/python3.10/site-packages/airflow/example_dags/example_python_decorator.py for tasks to queue
[2025-01-07T08:58:57.085+0000] {logging_mixin.py:188} INFO - [2025-01-07T08:58:57.085+0000] {dagbag.py:540} INFO - Filling up the DagBag from /home/airflow/.local/lib/python3.10/site-packages/airflow/example_dags/example_python_decorator.py
[2025-01-07T08:58:57.127+0000] {processor.py:840} INFO - DAG(s) 'example_python_decorator' retrieved from /home/airflow/.local/lib/python3.10/site-packages/airflow/example_dags/example_python_decorator.py
[2025-01-07T08:58:57.193+0000] {logging_mixin.py:188} INFO - [2025-01-07T08:58:57.192+0000] {dag.py:3047} INFO - Sync 1 DAGs
[2025-01-07T08:58:57.214+0000] {logging_mixin.py:188} INFO - [2025-01-07T08:58:57.214+0000] {dag.py:3834} INFO - Setting next_dagrun for example_python_decorator to None, run_after=None
[2025-01-07T08:58:57.322+0000] {processor.py:183} INFO - Processing /home/airflow/.local/lib/python3.10/site-packages/airflow/example_dags/example_python_decorator.py took 0.247 seconds
[2025-01-07T09:02:29.550+0000] {processor.py:161} INFO - Started process (PID=29810) to work on /home/airflow/.local/lib/python3.10/site-packages/airflow/example_dags/example_python_decorator.py
[2025-01-07T09:02:29.605+0000] {processor.py:830} INFO - Processing file /home/airflow/.local/lib/python3.10/site-packages/airflow/example_dags/example_python_decorator.py for tasks to queue
[2025-01-07T09:02:29.613+0000] {logging_mixin.py:188} INFO - [2025-01-07T09:02:29.612+0000] {dagbag.py:540} INFO - Filling up the DagBag from /home/airflow/.local/lib/python3.10/site-packages/airflow/example_dags/example_python_decorator.py
[2025-01-07T09:02:31.418+0000] {processor.py:840} INFO - DAG(s) 'example_python_decorator' retrieved from /home/airflow/.local/lib/python3.10/site-packages/airflow/example_dags/example_python_decorator.py
[2025-01-07T09:02:49.696+0000] {logging_mixin.py:188} INFO - [2025-01-07T09:02:49.644+0000] {dag.py:3047} INFO - Sync 1 DAGs
[2025-01-07T09:02:50.997+0000] {logging_mixin.py:188} INFO - [2025-01-07T09:02:50.876+0000] {dag.py:3834} INFO - Setting next_dagrun for example_python_decorator to None, run_after=None
[2025-01-07T09:02:54.241+0000] {processor.py:183} INFO - Processing /home/airflow/.local/lib/python3.10/site-packages/airflow/example_dags/example_python_decorator.py took 24.720 seconds
[2025-01-07T09:11:05.948+0000] {processor.py:161} INFO - Started process (PID=29950) to work on /home/airflow/.local/lib/python3.10/site-packages/airflow/example_dags/example_python_decorator.py
[2025-01-07T09:11:05.999+0000] {processor.py:830} INFO - Processing file /home/airflow/.local/lib/python3.10/site-packages/airflow/example_dags/example_python_decorator.py for tasks to queue
[2025-01-07T09:11:06.104+0000] {logging_mixin.py:188} INFO - [2025-01-07T09:11:06.069+0000] {dagbag.py:540} INFO - Filling up the DagBag from /home/airflow/.local/lib/python3.10/site-packages/airflow/example_dags/example_python_decorator.py
[2025-01-07T09:11:09.144+0000] {processor.py:840} INFO - DAG(s) 'example_python_decorator' retrieved from /home/airflow/.local/lib/python3.10/site-packages/airflow/example_dags/example_python_decorator.py
[2025-01-07T09:11:10.743+0000] {logging_mixin.py:188} INFO - [2025-01-07T09:11:10.742+0000] {dag.py:3047} INFO - Sync 1 DAGs
[2025-01-07T09:11:10.900+0000] {logging_mixin.py:188} INFO - [2025-01-07T09:11:10.900+0000] {dag.py:3834} INFO - Setting next_dagrun for example_python_decorator to None, run_after=None
[2025-01-07T09:11:11.180+0000] {processor.py:183} INFO - Processing /home/airflow/.local/lib/python3.10/site-packages/airflow/example_dags/example_python_decorator.py took 5.975 seconds
[2025-01-07T11:41:02.918+0000] {processor.py:161} INFO - Started process (PID=279) to work on /home/airflow/.local/lib/python3.10/site-packages/airflow/example_dags/example_python_decorator.py
[2025-01-07T11:41:02.935+0000] {processor.py:830} INFO - Processing file /home/airflow/.local/lib/python3.10/site-packages/airflow/example_dags/example_python_decorator.py for tasks to queue
[2025-01-07T11:41:02.946+0000] {logging_mixin.py:188} INFO - [2025-01-07T11:41:02.945+0000] {dagbag.py:540} INFO - Filling up the DagBag from /home/airflow/.local/lib/python3.10/site-packages/airflow/example_dags/example_python_decorator.py
[2025-01-07T11:41:05.924+0000] {processor.py:840} INFO - DAG(s) 'example_python_decorator' retrieved from /home/airflow/.local/lib/python3.10/site-packages/airflow/example_dags/example_python_decorator.py
[2025-01-07T11:41:29.007+0000] {logging_mixin.py:188} INFO - [2025-01-07T11:41:28.936+0000] {dag.py:3047} INFO - Sync 1 DAGs
[2025-01-07T11:41:36.862+0000] {logging_mixin.py:188} INFO - [2025-01-07T11:41:36.159+0000] {dag.py:3834} INFO - Setting next_dagrun for example_python_decorator to None, run_after=None
[2025-01-07T12:29:35.324+0000] {processor.py:161} INFO - Started process (PID=185) to work on /home/airflow/.local/lib/python3.10/site-packages/airflow/example_dags/example_python_decorator.py
[2025-01-07T12:29:35.340+0000] {processor.py:830} INFO - Processing file /home/airflow/.local/lib/python3.10/site-packages/airflow/example_dags/example_python_decorator.py for tasks to queue
[2025-01-07T12:29:35.353+0000] {logging_mixin.py:188} INFO - [2025-01-07T12:29:35.350+0000] {dagbag.py:540} INFO - Filling up the DagBag from /home/airflow/.local/lib/python3.10/site-packages/airflow/example_dags/example_python_decorator.py
[2025-01-07T12:29:35.783+0000] {processor.py:840} INFO - DAG(s) 'example_python_decorator' retrieved from /home/airflow/.local/lib/python3.10/site-packages/airflow/example_dags/example_python_decorator.py
[2025-01-07T12:29:38.020+0000] {logging_mixin.py:188} INFO - [2025-01-07T12:29:38.018+0000] {dag.py:3047} INFO - Sync 1 DAGs
[2025-01-07T12:29:38.633+0000] {logging_mixin.py:188} INFO - [2025-01-07T12:29:38.632+0000] {dag.py:3834} INFO - Setting next_dagrun for example_python_decorator to None, run_after=None
[2025-01-07T12:29:39.331+0000] {processor.py:183} INFO - Processing /home/airflow/.local/lib/python3.10/site-packages/airflow/example_dags/example_python_decorator.py took 4.049 seconds
