[2025-01-07T08:56:11.608+0000] {processor.py:161} INFO - Started process (PID=29499) to work on /home/airflow/.local/lib/python3.10/site-packages/airflow/example_dags/example_branch_operator.py
[2025-01-07T08:56:11.611+0000] {processor.py:830} INFO - Processing file /home/airflow/.local/lib/python3.10/site-packages/airflow/example_dags/example_branch_operator.py for tasks to queue
[2025-01-07T08:56:11.619+0000] {logging_mixin.py:188} INFO - [2025-01-07T08:56:11.618+0000] {dagbag.py:540} INFO - Filling up the DagBag from /home/airflow/.local/lib/python3.10/site-packages/airflow/example_dags/example_branch_operator.py
[2025-01-07T08:56:11.685+0000] {processor.py:840} INFO - DAG(s) 'example_branch_operator' retrieved from /home/airflow/.local/lib/python3.10/site-packages/airflow/example_dags/example_branch_operator.py
[2025-01-07T08:56:11.776+0000] {logging_mixin.py:188} INFO - [2025-01-07T08:56:11.775+0000] {dag.py:3047} INFO - Sync 1 DAGs
[2025-01-07T08:56:12.147+0000] {logging_mixin.py:188} INFO - [2025-01-07T08:56:12.146+0000] {dag.py:3834} INFO - Setting next_dagrun for example_branch_operator to 2025-01-06 00:00:00+00:00, run_after=2025-01-07 00:00:00+00:00
[2025-01-07T08:56:12.351+0000] {processor.py:183} INFO - Processing /home/airflow/.local/lib/python3.10/site-packages/airflow/example_dags/example_branch_operator.py took 0.749 seconds
[2025-01-07T08:57:43.909+0000] {processor.py:161} INFO - Started process (PID=29574) to work on /home/airflow/.local/lib/python3.10/site-packages/airflow/example_dags/example_branch_operator.py
[2025-01-07T08:57:43.912+0000] {processor.py:830} INFO - Processing file /home/airflow/.local/lib/python3.10/site-packages/airflow/example_dags/example_branch_operator.py for tasks to queue
[2025-01-07T08:57:43.916+0000] {logging_mixin.py:188} INFO - [2025-01-07T08:57:43.915+0000] {dagbag.py:540} INFO - Filling up the DagBag from /home/airflow/.local/lib/python3.10/site-packages/airflow/example_dags/example_branch_operator.py
[2025-01-07T08:57:43.957+0000] {processor.py:840} INFO - DAG(s) 'example_branch_operator' retrieved from /home/airflow/.local/lib/python3.10/site-packages/airflow/example_dags/example_branch_operator.py
[2025-01-07T08:57:44.005+0000] {logging_mixin.py:188} INFO - [2025-01-07T08:57:44.005+0000] {dag.py:3047} INFO - Sync 1 DAGs
[2025-01-07T08:57:44.050+0000] {logging_mixin.py:188} INFO - [2025-01-07T08:57:44.049+0000] {dag.py:3834} INFO - Setting next_dagrun for example_branch_operator to 2025-01-06 00:00:00+00:00, run_after=2025-01-07 00:00:00+00:00
[2025-01-07T08:57:44.095+0000] {processor.py:183} INFO - Processing /home/airflow/.local/lib/python3.10/site-packages/airflow/example_dags/example_branch_operator.py took 0.193 seconds
[2025-01-07T08:58:14.542+0000] {processor.py:161} INFO - Started process (PID=29641) to work on /home/airflow/.local/lib/python3.10/site-packages/airflow/example_dags/example_branch_operator.py
[2025-01-07T08:58:14.549+0000] {processor.py:830} INFO - Processing file /home/airflow/.local/lib/python3.10/site-packages/airflow/example_dags/example_branch_operator.py for tasks to queue
[2025-01-07T08:58:14.557+0000] {logging_mixin.py:188} INFO - [2025-01-07T08:58:14.556+0000] {dagbag.py:540} INFO - Filling up the DagBag from /home/airflow/.local/lib/python3.10/site-packages/airflow/example_dags/example_branch_operator.py
[2025-01-07T08:58:14.654+0000] {processor.py:840} INFO - DAG(s) 'example_branch_operator' retrieved from /home/airflow/.local/lib/python3.10/site-packages/airflow/example_dags/example_branch_operator.py
[2025-01-07T08:58:14.806+0000] {logging_mixin.py:188} INFO - [2025-01-07T08:58:14.805+0000] {dag.py:3047} INFO - Sync 1 DAGs
[2025-01-07T08:58:14.856+0000] {logging_mixin.py:188} INFO - [2025-01-07T08:58:14.856+0000] {dag.py:3834} INFO - Setting next_dagrun for example_branch_operator to 2025-01-06 00:00:00+00:00, run_after=2025-01-07 00:00:00+00:00
[2025-01-07T08:58:14.937+0000] {processor.py:183} INFO - Processing /home/airflow/.local/lib/python3.10/site-packages/airflow/example_dags/example_branch_operator.py took 0.403 seconds
[2025-01-07T08:58:52.700+0000] {processor.py:161} INFO - Started process (PID=29710) to work on /home/airflow/.local/lib/python3.10/site-packages/airflow/example_dags/example_branch_operator.py
[2025-01-07T08:58:52.703+0000] {processor.py:830} INFO - Processing file /home/airflow/.local/lib/python3.10/site-packages/airflow/example_dags/example_branch_operator.py for tasks to queue
[2025-01-07T08:58:52.714+0000] {logging_mixin.py:188} INFO - [2025-01-07T08:58:52.714+0000] {dagbag.py:540} INFO - Filling up the DagBag from /home/airflow/.local/lib/python3.10/site-packages/airflow/example_dags/example_branch_operator.py
[2025-01-07T08:58:52.794+0000] {processor.py:840} INFO - DAG(s) 'example_branch_operator' retrieved from /home/airflow/.local/lib/python3.10/site-packages/airflow/example_dags/example_branch_operator.py
[2025-01-07T08:58:52.937+0000] {logging_mixin.py:188} INFO - [2025-01-07T08:58:52.936+0000] {dag.py:3047} INFO - Sync 1 DAGs
[2025-01-07T08:58:53.029+0000] {logging_mixin.py:188} INFO - [2025-01-07T08:58:53.018+0000] {dag.py:3834} INFO - Setting next_dagrun for example_branch_operator to 2025-01-06 00:00:00+00:00, run_after=2025-01-07 00:00:00+00:00
[2025-01-07T08:58:53.111+0000] {processor.py:183} INFO - Processing /home/airflow/.local/lib/python3.10/site-packages/airflow/example_dags/example_branch_operator.py took 0.417 seconds
[2025-01-07T09:02:19.091+0000] {processor.py:161} INFO - Started process (PID=29798) to work on /home/airflow/.local/lib/python3.10/site-packages/airflow/example_dags/example_branch_operator.py
[2025-01-07T09:02:19.143+0000] {processor.py:830} INFO - Processing file /home/airflow/.local/lib/python3.10/site-packages/airflow/example_dags/example_branch_operator.py for tasks to queue
[2025-01-07T09:02:19.324+0000] {logging_mixin.py:188} INFO - [2025-01-07T09:02:19.321+0000] {dagbag.py:540} INFO - Filling up the DagBag from /home/airflow/.local/lib/python3.10/site-packages/airflow/example_dags/example_branch_operator.py
[2025-01-07T09:02:21.350+0000] {processor.py:840} INFO - DAG(s) 'example_branch_operator' retrieved from /home/airflow/.local/lib/python3.10/site-packages/airflow/example_dags/example_branch_operator.py
[2025-01-07T09:02:21.866+0000] {logging_mixin.py:188} INFO - [2025-01-07T09:02:21.865+0000] {dag.py:3047} INFO - Sync 1 DAGs
[2025-01-07T09:02:21.984+0000] {logging_mixin.py:188} INFO - [2025-01-07T09:02:21.983+0000] {dag.py:3834} INFO - Setting next_dagrun for example_branch_operator to 2025-01-06 00:00:00+00:00, run_after=2025-01-07 00:00:00+00:00
[2025-01-07T09:02:22.081+0000] {processor.py:183} INFO - Processing /home/airflow/.local/lib/python3.10/site-packages/airflow/example_dags/example_branch_operator.py took 3.005 seconds
[2025-01-07T09:06:47.740+0000] {processor.py:161} INFO - Started process (PID=29888) to work on /home/airflow/.local/lib/python3.10/site-packages/airflow/example_dags/example_branch_operator.py
[2025-01-07T09:06:47.753+0000] {processor.py:830} INFO - Processing file /home/airflow/.local/lib/python3.10/site-packages/airflow/example_dags/example_branch_operator.py for tasks to queue
[2025-01-07T09:06:47.756+0000] {logging_mixin.py:188} INFO - [2025-01-07T09:06:47.755+0000] {dagbag.py:540} INFO - Filling up the DagBag from /home/airflow/.local/lib/python3.10/site-packages/airflow/example_dags/example_branch_operator.py
[2025-01-07T09:06:47.865+0000] {processor.py:840} INFO - DAG(s) 'example_branch_operator' retrieved from /home/airflow/.local/lib/python3.10/site-packages/airflow/example_dags/example_branch_operator.py
[2025-01-07T09:06:48.169+0000] {logging_mixin.py:188} INFO - [2025-01-07T09:06:48.168+0000] {dag.py:3047} INFO - Sync 1 DAGs
[2025-01-07T09:06:50.074+0000] {logging_mixin.py:188} INFO - [2025-01-07T09:06:50.072+0000] {dag.py:3834} INFO - Setting next_dagrun for example_branch_operator to 2025-01-06 00:00:00+00:00, run_after=2025-01-07 00:00:00+00:00
[2025-01-07T09:06:50.557+0000] {processor.py:183} INFO - Processing /home/airflow/.local/lib/python3.10/site-packages/airflow/example_dags/example_branch_operator.py took 2.823 seconds
[2025-01-07T09:22:38.810+0000] {processor.py:161} INFO - Started process (PID=30043) to work on /home/airflow/.local/lib/python3.10/site-packages/airflow/example_dags/example_branch_operator.py
[2025-01-07T09:22:38.818+0000] {processor.py:830} INFO - Processing file /home/airflow/.local/lib/python3.10/site-packages/airflow/example_dags/example_branch_operator.py for tasks to queue
[2025-01-07T09:22:38.833+0000] {logging_mixin.py:188} INFO - [2025-01-07T09:22:38.833+0000] {dagbag.py:540} INFO - Filling up the DagBag from /home/airflow/.local/lib/python3.10/site-packages/airflow/example_dags/example_branch_operator.py
[2025-01-07T09:22:39.747+0000] {processor.py:840} INFO - DAG(s) 'example_branch_operator' retrieved from /home/airflow/.local/lib/python3.10/site-packages/airflow/example_dags/example_branch_operator.py
[2025-01-07T09:22:42.046+0000] {logging_mixin.py:188} INFO - [2025-01-07T09:22:42.023+0000] {dag.py:3047} INFO - Sync 1 DAGs
[2025-01-07T09:22:42.758+0000] {logging_mixin.py:188} INFO - [2025-01-07T09:22:42.735+0000] {dag.py:3834} INFO - Setting next_dagrun for example_branch_operator to 2025-01-06 00:00:00+00:00, run_after=2025-01-07 00:00:00+00:00
[2025-01-07T09:22:45.858+0000] {processor.py:183} INFO - Processing /home/airflow/.local/lib/python3.10/site-packages/airflow/example_dags/example_branch_operator.py took 7.075 seconds
[2025-01-07T11:27:10.203+0000] {processor.py:161} INFO - Started process (PID=244) to work on /home/airflow/.local/lib/python3.10/site-packages/airflow/example_dags/example_branch_operator.py
[2025-01-07T11:27:10.554+0000] {processor.py:830} INFO - Processing file /home/airflow/.local/lib/python3.10/site-packages/airflow/example_dags/example_branch_operator.py for tasks to queue
[2025-01-07T11:27:10.639+0000] {logging_mixin.py:188} INFO - [2025-01-07T11:27:10.633+0000] {dagbag.py:540} INFO - Filling up the DagBag from /home/airflow/.local/lib/python3.10/site-packages/airflow/example_dags/example_branch_operator.py
[2025-01-07T11:27:14.409+0000] {processor.py:840} INFO - DAG(s) 'example_branch_operator' retrieved from /home/airflow/.local/lib/python3.10/site-packages/airflow/example_dags/example_branch_operator.py
[2025-01-07T12:28:12.005+0000] {processor.py:161} INFO - Started process (PID=162) to work on /home/airflow/.local/lib/python3.10/site-packages/airflow/example_dags/example_branch_operator.py
[2025-01-07T12:28:12.030+0000] {processor.py:830} INFO - Processing file /home/airflow/.local/lib/python3.10/site-packages/airflow/example_dags/example_branch_operator.py for tasks to queue
[2025-01-07T12:28:12.081+0000] {logging_mixin.py:188} INFO - [2025-01-07T12:28:12.066+0000] {dagbag.py:540} INFO - Filling up the DagBag from /home/airflow/.local/lib/python3.10/site-packages/airflow/example_dags/example_branch_operator.py
[2025-01-07T12:28:12.825+0000] {processor.py:840} INFO - DAG(s) 'example_branch_operator' retrieved from /home/airflow/.local/lib/python3.10/site-packages/airflow/example_dags/example_branch_operator.py
[2025-01-07T12:28:16.882+0000] {logging_mixin.py:188} INFO - [2025-01-07T12:28:16.881+0000] {dag.py:3047} INFO - Sync 1 DAGs
[2025-01-07T12:28:17.292+0000] {logging_mixin.py:188} INFO - [2025-01-07T12:28:17.290+0000] {dag.py:3834} INFO - Setting next_dagrun for example_branch_operator to 2025-01-06 00:00:00+00:00, run_after=2025-01-07 00:00:00+00:00
[2025-01-07T12:28:18.772+0000] {processor.py:183} INFO - Processing /home/airflow/.local/lib/python3.10/site-packages/airflow/example_dags/example_branch_operator.py took 7.128 seconds
[2025-01-07T12:33:00.163+0000] {processor.py:161} INFO - Started process (PID=257) to work on /home/airflow/.local/lib/python3.10/site-packages/airflow/example_dags/example_branch_operator.py
[2025-01-07T12:33:00.223+0000] {processor.py:830} INFO - Processing file /home/airflow/.local/lib/python3.10/site-packages/airflow/example_dags/example_branch_operator.py for tasks to queue
[2025-01-07T12:33:00.480+0000] {logging_mixin.py:188} INFO - [2025-01-07T12:33:00.398+0000] {dagbag.py:540} INFO - Filling up the DagBag from /home/airflow/.local/lib/python3.10/site-packages/airflow/example_dags/example_branch_operator.py
[2025-01-07T12:33:04.032+0000] {processor.py:840} INFO - DAG(s) 'example_branch_operator' retrieved from /home/airflow/.local/lib/python3.10/site-packages/airflow/example_dags/example_branch_operator.py
[2025-01-07T12:33:14.829+0000] {logging_mixin.py:188} INFO - [2025-01-07T12:33:14.650+0000] {dag.py:3047} INFO - Sync 1 DAGs
[2025-01-07T12:33:17.362+0000] {logging_mixin.py:188} INFO - [2025-01-07T12:33:17.324+0000] {dag.py:3834} INFO - Setting next_dagrun for example_branch_operator to 2025-01-06 00:00:00+00:00, run_after=2025-01-07 00:00:00+00:00
[2025-01-07T12:33:20.333+0000] {processor.py:183} INFO - Processing /home/airflow/.local/lib/python3.10/site-packages/airflow/example_dags/example_branch_operator.py took 20.221 seconds
