[2025-01-07T08:55:53.742+0000] {processor.py:161} INFO - Started process (PID=29459) to work on /home/airflow/.local/lib/python3.10/site-packages/airflow/example_dags/tutorial_taskflow_api_virtualenv.py
[2025-01-07T08:55:53.745+0000] {processor.py:830} INFO - Processing file /home/airflow/.local/lib/python3.10/site-packages/airflow/example_dags/tutorial_taskflow_api_virtualenv.py for tasks to queue
[2025-01-07T08:55:53.747+0000] {logging_mixin.py:188} INFO - [2025-01-07T08:55:53.747+0000] {dagbag.py:540} INFO - Filling up the DagBag from /home/airflow/.local/lib/python3.10/site-packages/airflow/example_dags/tutorial_taskflow_api_virtualenv.py
[2025-01-07T08:55:53.839+0000] {processor.py:840} INFO - DAG(s) 'tutorial_taskflow_api_virtualenv' retrieved from /home/airflow/.local/lib/python3.10/site-packages/airflow/example_dags/tutorial_taskflow_api_virtualenv.py
[2025-01-07T08:55:53.936+0000] {logging_mixin.py:188} INFO - [2025-01-07T08:55:53.936+0000] {dag.py:3047} INFO - Sync 1 DAGs
[2025-01-07T08:55:54.008+0000] {logging_mixin.py:188} INFO - [2025-01-07T08:55:54.007+0000] {dag.py:3834} INFO - Setting next_dagrun for tutorial_taskflow_api_virtualenv to None, run_after=None
[2025-01-07T08:55:54.399+0000] {processor.py:183} INFO - Processing /home/airflow/.local/lib/python3.10/site-packages/airflow/example_dags/tutorial_taskflow_api_virtualenv.py took 0.731 seconds
[2025-01-07T08:57:18.563+0000] {processor.py:161} INFO - Started process (PID=29536) to work on /home/airflow/.local/lib/python3.10/site-packages/airflow/example_dags/tutorial_taskflow_api_virtualenv.py
[2025-01-07T08:57:18.566+0000] {processor.py:830} INFO - Processing file /home/airflow/.local/lib/python3.10/site-packages/airflow/example_dags/tutorial_taskflow_api_virtualenv.py for tasks to queue
[2025-01-07T08:57:18.568+0000] {logging_mixin.py:188} INFO - [2025-01-07T08:57:18.567+0000] {dagbag.py:540} INFO - Filling up the DagBag from /home/airflow/.local/lib/python3.10/site-packages/airflow/example_dags/tutorial_taskflow_api_virtualenv.py
[2025-01-07T08:57:18.695+0000] {processor.py:840} INFO - DAG(s) 'tutorial_taskflow_api_virtualenv' retrieved from /home/airflow/.local/lib/python3.10/site-packages/airflow/example_dags/tutorial_taskflow_api_virtualenv.py
[2025-01-07T08:57:18.880+0000] {logging_mixin.py:188} INFO - [2025-01-07T08:57:18.879+0000] {dag.py:3047} INFO - Sync 1 DAGs
[2025-01-07T08:57:18.996+0000] {logging_mixin.py:188} INFO - [2025-01-07T08:57:18.995+0000] {dag.py:3834} INFO - Setting next_dagrun for tutorial_taskflow_api_virtualenv to None, run_after=None
[2025-01-07T08:57:19.321+0000] {processor.py:183} INFO - Processing /home/airflow/.local/lib/python3.10/site-packages/airflow/example_dags/tutorial_taskflow_api_virtualenv.py took 0.771 seconds
[2025-01-07T08:57:50.140+0000] {processor.py:161} INFO - Started process (PID=29597) to work on /home/airflow/.local/lib/python3.10/site-packages/airflow/example_dags/tutorial_taskflow_api_virtualenv.py
[2025-01-07T08:57:50.142+0000] {processor.py:830} INFO - Processing file /home/airflow/.local/lib/python3.10/site-packages/airflow/example_dags/tutorial_taskflow_api_virtualenv.py for tasks to queue
[2025-01-07T08:57:50.143+0000] {logging_mixin.py:188} INFO - [2025-01-07T08:57:50.143+0000] {dagbag.py:540} INFO - Filling up the DagBag from /home/airflow/.local/lib/python3.10/site-packages/airflow/example_dags/tutorial_taskflow_api_virtualenv.py
[2025-01-07T08:57:50.167+0000] {processor.py:840} INFO - DAG(s) 'tutorial_taskflow_api_virtualenv' retrieved from /home/airflow/.local/lib/python3.10/site-packages/airflow/example_dags/tutorial_taskflow_api_virtualenv.py
[2025-01-07T08:57:50.201+0000] {logging_mixin.py:188} INFO - [2025-01-07T08:57:50.200+0000] {dag.py:3047} INFO - Sync 1 DAGs
[2025-01-07T08:57:50.218+0000] {logging_mixin.py:188} INFO - [2025-01-07T08:57:50.217+0000] {dag.py:3834} INFO - Setting next_dagrun for tutorial_taskflow_api_virtualenv to None, run_after=None
[2025-01-07T08:57:50.253+0000] {processor.py:183} INFO - Processing /home/airflow/.local/lib/python3.10/site-packages/airflow/example_dags/tutorial_taskflow_api_virtualenv.py took 0.118 seconds
[2025-01-07T08:58:20.558+0000] {processor.py:161} INFO - Started process (PID=29661) to work on /home/airflow/.local/lib/python3.10/site-packages/airflow/example_dags/tutorial_taskflow_api_virtualenv.py
[2025-01-07T08:58:20.560+0000] {processor.py:830} INFO - Processing file /home/airflow/.local/lib/python3.10/site-packages/airflow/example_dags/tutorial_taskflow_api_virtualenv.py for tasks to queue
[2025-01-07T08:58:20.562+0000] {logging_mixin.py:188} INFO - [2025-01-07T08:58:20.561+0000] {dagbag.py:540} INFO - Filling up the DagBag from /home/airflow/.local/lib/python3.10/site-packages/airflow/example_dags/tutorial_taskflow_api_virtualenv.py
[2025-01-07T08:58:20.582+0000] {processor.py:840} INFO - DAG(s) 'tutorial_taskflow_api_virtualenv' retrieved from /home/airflow/.local/lib/python3.10/site-packages/airflow/example_dags/tutorial_taskflow_api_virtualenv.py
[2025-01-07T08:58:20.624+0000] {logging_mixin.py:188} INFO - [2025-01-07T08:58:20.623+0000] {dag.py:3047} INFO - Sync 1 DAGs
[2025-01-07T08:58:20.648+0000] {logging_mixin.py:188} INFO - [2025-01-07T08:58:20.647+0000] {dag.py:3834} INFO - Setting next_dagrun for tutorial_taskflow_api_virtualenv to None, run_after=None
[2025-01-07T08:58:20.676+0000] {processor.py:183} INFO - Processing /home/airflow/.local/lib/python3.10/site-packages/airflow/example_dags/tutorial_taskflow_api_virtualenv.py took 0.124 seconds
[2025-01-07T08:58:55.293+0000] {processor.py:161} INFO - Started process (PID=29720) to work on /home/airflow/.local/lib/python3.10/site-packages/airflow/example_dags/tutorial_taskflow_api_virtualenv.py
[2025-01-07T08:58:55.299+0000] {processor.py:830} INFO - Processing file /home/airflow/.local/lib/python3.10/site-packages/airflow/example_dags/tutorial_taskflow_api_virtualenv.py for tasks to queue
[2025-01-07T08:58:55.303+0000] {logging_mixin.py:188} INFO - [2025-01-07T08:58:55.302+0000] {dagbag.py:540} INFO - Filling up the DagBag from /home/airflow/.local/lib/python3.10/site-packages/airflow/example_dags/tutorial_taskflow_api_virtualenv.py
[2025-01-07T08:58:55.338+0000] {processor.py:840} INFO - DAG(s) 'tutorial_taskflow_api_virtualenv' retrieved from /home/airflow/.local/lib/python3.10/site-packages/airflow/example_dags/tutorial_taskflow_api_virtualenv.py
[2025-01-07T08:58:55.425+0000] {logging_mixin.py:188} INFO - [2025-01-07T08:58:55.424+0000] {dag.py:3047} INFO - Sync 1 DAGs
[2025-01-07T08:58:55.501+0000] {logging_mixin.py:188} INFO - [2025-01-07T08:58:55.501+0000] {dag.py:3834} INFO - Setting next_dagrun for tutorial_taskflow_api_virtualenv to None, run_after=None
[2025-01-07T08:58:55.611+0000] {processor.py:183} INFO - Processing /home/airflow/.local/lib/python3.10/site-packages/airflow/example_dags/tutorial_taskflow_api_virtualenv.py took 0.325 seconds
[2025-01-07T08:59:55.252+0000] {processor.py:161} INFO - Started process (PID=29765) to work on /home/airflow/.local/lib/python3.10/site-packages/airflow/example_dags/tutorial_taskflow_api_virtualenv.py
[2025-01-07T08:59:55.256+0000] {processor.py:830} INFO - Processing file /home/airflow/.local/lib/python3.10/site-packages/airflow/example_dags/tutorial_taskflow_api_virtualenv.py for tasks to queue
[2025-01-07T08:59:55.259+0000] {logging_mixin.py:188} INFO - [2025-01-07T08:59:55.259+0000] {dagbag.py:540} INFO - Filling up the DagBag from /home/airflow/.local/lib/python3.10/site-packages/airflow/example_dags/tutorial_taskflow_api_virtualenv.py
[2025-01-07T08:59:55.392+0000] {processor.py:840} INFO - DAG(s) 'tutorial_taskflow_api_virtualenv' retrieved from /home/airflow/.local/lib/python3.10/site-packages/airflow/example_dags/tutorial_taskflow_api_virtualenv.py
[2025-01-07T08:59:55.541+0000] {logging_mixin.py:188} INFO - [2025-01-07T08:59:55.540+0000] {dag.py:3047} INFO - Sync 1 DAGs
[2025-01-07T08:59:55.789+0000] {logging_mixin.py:188} INFO - [2025-01-07T08:59:55.788+0000] {dag.py:3834} INFO - Setting next_dagrun for tutorial_taskflow_api_virtualenv to None, run_after=None
[2025-01-07T08:59:56.051+0000] {processor.py:183} INFO - Processing /home/airflow/.local/lib/python3.10/site-packages/airflow/example_dags/tutorial_taskflow_api_virtualenv.py took 0.828 seconds
[2025-01-07T09:04:23.951+0000] {processor.py:161} INFO - Started process (PID=29846) to work on /home/airflow/.local/lib/python3.10/site-packages/airflow/example_dags/tutorial_taskflow_api_virtualenv.py
[2025-01-07T09:04:23.996+0000] {processor.py:830} INFO - Processing file /home/airflow/.local/lib/python3.10/site-packages/airflow/example_dags/tutorial_taskflow_api_virtualenv.py for tasks to queue
[2025-01-07T09:04:24.000+0000] {logging_mixin.py:188} INFO - [2025-01-07T09:04:23.999+0000] {dagbag.py:540} INFO - Filling up the DagBag from /home/airflow/.local/lib/python3.10/site-packages/airflow/example_dags/tutorial_taskflow_api_virtualenv.py
[2025-01-07T09:04:35.505+0000] {processor.py:840} INFO - DAG(s) 'tutorial_taskflow_api_virtualenv' retrieved from /home/airflow/.local/lib/python3.10/site-packages/airflow/example_dags/tutorial_taskflow_api_virtualenv.py
[2025-01-07T09:04:40.245+0000] {logging_mixin.py:188} INFO - [2025-01-07T09:04:40.224+0000] {dag.py:3047} INFO - Sync 1 DAGs
[2025-01-07T09:04:40.469+0000] {logging_mixin.py:188} INFO - [2025-01-07T09:04:40.468+0000] {dag.py:3834} INFO - Setting next_dagrun for tutorial_taskflow_api_virtualenv to None, run_after=None
[2025-01-07T09:04:40.717+0000] {processor.py:183} INFO - Processing /home/airflow/.local/lib/python3.10/site-packages/airflow/example_dags/tutorial_taskflow_api_virtualenv.py took 16.425 seconds
[2025-01-07T09:08:40.731+0000] {processor.py:161} INFO - Started process (PID=29931) to work on /home/airflow/.local/lib/python3.10/site-packages/airflow/example_dags/tutorial_taskflow_api_virtualenv.py
[2025-01-07T09:08:40.744+0000] {processor.py:830} INFO - Processing file /home/airflow/.local/lib/python3.10/site-packages/airflow/example_dags/tutorial_taskflow_api_virtualenv.py for tasks to queue
[2025-01-07T09:08:40.754+0000] {logging_mixin.py:188} INFO - [2025-01-07T09:08:40.753+0000] {dagbag.py:540} INFO - Filling up the DagBag from /home/airflow/.local/lib/python3.10/site-packages/airflow/example_dags/tutorial_taskflow_api_virtualenv.py
[2025-01-07T09:08:40.812+0000] {processor.py:840} INFO - DAG(s) 'tutorial_taskflow_api_virtualenv' retrieved from /home/airflow/.local/lib/python3.10/site-packages/airflow/example_dags/tutorial_taskflow_api_virtualenv.py
[2025-01-07T09:08:40.992+0000] {logging_mixin.py:188} INFO - [2025-01-07T09:08:40.990+0000] {dag.py:3047} INFO - Sync 1 DAGs
[2025-01-07T09:08:41.068+0000] {logging_mixin.py:188} INFO - [2025-01-07T09:08:41.067+0000] {dag.py:3834} INFO - Setting next_dagrun for tutorial_taskflow_api_virtualenv to None, run_after=None
[2025-01-07T09:08:41.205+0000] {processor.py:183} INFO - Processing /home/airflow/.local/lib/python3.10/site-packages/airflow/example_dags/tutorial_taskflow_api_virtualenv.py took 0.481 seconds
[2025-01-07T09:14:38.706+0000] {processor.py:161} INFO - Started process (PID=29998) to work on /home/airflow/.local/lib/python3.10/site-packages/airflow/example_dags/tutorial_taskflow_api_virtualenv.py
[2025-01-07T09:14:38.950+0000] {processor.py:830} INFO - Processing file /home/airflow/.local/lib/python3.10/site-packages/airflow/example_dags/tutorial_taskflow_api_virtualenv.py for tasks to queue
[2025-01-07T09:14:39.742+0000] {logging_mixin.py:188} INFO - [2025-01-07T09:14:39.358+0000] {dagbag.py:540} INFO - Filling up the DagBag from /home/airflow/.local/lib/python3.10/site-packages/airflow/example_dags/tutorial_taskflow_api_virtualenv.py
[2025-01-07T09:15:28.307+0000] {processor.py:840} INFO - DAG(s) 'tutorial_taskflow_api_virtualenv' retrieved from /home/airflow/.local/lib/python3.10/site-packages/airflow/example_dags/tutorial_taskflow_api_virtualenv.py
[2025-01-07T11:16:35.141+0000] {processor.py:161} INFO - Started process (PID=185) to work on /home/airflow/.local/lib/python3.10/site-packages/airflow/example_dags/tutorial_taskflow_api_virtualenv.py
[2025-01-07T11:16:35.183+0000] {processor.py:830} INFO - Processing file /home/airflow/.local/lib/python3.10/site-packages/airflow/example_dags/tutorial_taskflow_api_virtualenv.py for tasks to queue
[2025-01-07T11:16:35.578+0000] {logging_mixin.py:188} INFO - [2025-01-07T11:16:35.569+0000] {dagbag.py:540} INFO - Filling up the DagBag from /home/airflow/.local/lib/python3.10/site-packages/airflow/example_dags/tutorial_taskflow_api_virtualenv.py
[2025-01-07T11:16:39.091+0000] {processor.py:840} INFO - DAG(s) 'tutorial_taskflow_api_virtualenv' retrieved from /home/airflow/.local/lib/python3.10/site-packages/airflow/example_dags/tutorial_taskflow_api_virtualenv.py
[2025-01-07T12:26:43.340+0000] {processor.py:161} INFO - Started process (PID=127) to work on /home/airflow/.local/lib/python3.10/site-packages/airflow/example_dags/tutorial_taskflow_api_virtualenv.py
[2025-01-07T12:26:43.445+0000] {processor.py:830} INFO - Processing file /home/airflow/.local/lib/python3.10/site-packages/airflow/example_dags/tutorial_taskflow_api_virtualenv.py for tasks to queue
[2025-01-07T12:26:43.456+0000] {logging_mixin.py:188} INFO - [2025-01-07T12:26:43.451+0000] {dagbag.py:540} INFO - Filling up the DagBag from /home/airflow/.local/lib/python3.10/site-packages/airflow/example_dags/tutorial_taskflow_api_virtualenv.py
[2025-01-07T12:26:44.178+0000] {processor.py:840} INFO - DAG(s) 'tutorial_taskflow_api_virtualenv' retrieved from /home/airflow/.local/lib/python3.10/site-packages/airflow/example_dags/tutorial_taskflow_api_virtualenv.py
[2025-01-07T12:26:51.054+0000] {logging_mixin.py:188} INFO - [2025-01-07T12:26:51.030+0000] {dag.py:3047} INFO - Sync 1 DAGs
[2025-01-07T12:26:51.446+0000] {logging_mixin.py:188} INFO - [2025-01-07T12:26:51.444+0000] {dag.py:3834} INFO - Setting next_dagrun for tutorial_taskflow_api_virtualenv to None, run_after=None
[2025-01-07T12:26:55.618+0000] {processor.py:183} INFO - Processing /home/airflow/.local/lib/python3.10/site-packages/airflow/example_dags/tutorial_taskflow_api_virtualenv.py took 12.277 seconds
[2025-01-07T12:31:32.102+0000] {processor.py:161} INFO - Started process (PID=222) to work on /home/airflow/.local/lib/python3.10/site-packages/airflow/example_dags/tutorial_taskflow_api_virtualenv.py
[2025-01-07T12:31:32.114+0000] {processor.py:830} INFO - Processing file /home/airflow/.local/lib/python3.10/site-packages/airflow/example_dags/tutorial_taskflow_api_virtualenv.py for tasks to queue
[2025-01-07T12:31:32.161+0000] {logging_mixin.py:188} INFO - [2025-01-07T12:31:32.157+0000] {dagbag.py:540} INFO - Filling up the DagBag from /home/airflow/.local/lib/python3.10/site-packages/airflow/example_dags/tutorial_taskflow_api_virtualenv.py
[2025-01-07T12:31:32.586+0000] {processor.py:840} INFO - DAG(s) 'tutorial_taskflow_api_virtualenv' retrieved from /home/airflow/.local/lib/python3.10/site-packages/airflow/example_dags/tutorial_taskflow_api_virtualenv.py
[2025-01-07T12:31:34.116+0000] {logging_mixin.py:188} INFO - [2025-01-07T12:31:34.115+0000] {dag.py:3047} INFO - Sync 1 DAGs
[2025-01-07T12:31:34.284+0000] {logging_mixin.py:188} INFO - [2025-01-07T12:31:34.283+0000] {dag.py:3834} INFO - Setting next_dagrun for tutorial_taskflow_api_virtualenv to None, run_after=None
[2025-01-07T12:31:34.434+0000] {processor.py:183} INFO - Processing /home/airflow/.local/lib/python3.10/site-packages/airflow/example_dags/tutorial_taskflow_api_virtualenv.py took 2.378 seconds
[2025-01-07T12:43:19.593+0000] {processor.py:161} INFO - Started process (PID=296) to work on /home/airflow/.local/lib/python3.10/site-packages/airflow/example_dags/tutorial_taskflow_api_virtualenv.py
[2025-01-07T12:43:19.660+0000] {processor.py:830} INFO - Processing file /home/airflow/.local/lib/python3.10/site-packages/airflow/example_dags/tutorial_taskflow_api_virtualenv.py for tasks to queue
[2025-01-07T12:43:19.779+0000] {logging_mixin.py:188} INFO - [2025-01-07T12:43:19.730+0000] {dagbag.py:540} INFO - Filling up the DagBag from /home/airflow/.local/lib/python3.10/site-packages/airflow/example_dags/tutorial_taskflow_api_virtualenv.py
[2025-01-07T12:43:23.139+0000] {processor.py:840} INFO - DAG(s) 'tutorial_taskflow_api_virtualenv' retrieved from /home/airflow/.local/lib/python3.10/site-packages/airflow/example_dags/tutorial_taskflow_api_virtualenv.py
[2025-01-07T12:43:24.193+0000] {logging_mixin.py:188} INFO - [2025-01-07T12:43:24.192+0000] {dag.py:3047} INFO - Sync 1 DAGs
[2025-01-07T12:43:24.878+0000] {logging_mixin.py:188} INFO - [2025-01-07T12:43:24.873+0000] {dag.py:3834} INFO - Setting next_dagrun for tutorial_taskflow_api_virtualenv to None, run_after=None
[2025-01-07T12:43:26.629+0000] {processor.py:183} INFO - Processing /home/airflow/.local/lib/python3.10/site-packages/airflow/example_dags/tutorial_taskflow_api_virtualenv.py took 7.797 seconds
