[2025-01-07T08:56:08.859+0000] {processor.py:161} INFO - Started process (PID=29493) to work on /home/airflow/.local/lib/python3.10/site-packages/airflow/example_dags/tutorial.py
[2025-01-07T08:56:08.878+0000] {processor.py:830} INFO - Processing file /home/airflow/.local/lib/python3.10/site-packages/airflow/example_dags/tutorial.py for tasks to queue
[2025-01-07T08:56:08.888+0000] {logging_mixin.py:188} INFO - [2025-01-07T08:56:08.887+0000] {dagbag.py:540} INFO - Filling up the DagBag from /home/airflow/.local/lib/python3.10/site-packages/airflow/example_dags/tutorial.py
[2025-01-07T08:56:08.941+0000] {processor.py:840} INFO - DAG(s) 'tutorial' retrieved from /home/airflow/.local/lib/python3.10/site-packages/airflow/example_dags/tutorial.py
[2025-01-07T08:56:09.132+0000] {logging_mixin.py:188} INFO - [2025-01-07T08:56:09.131+0000] {dag.py:3047} INFO - Sync 1 DAGs
[2025-01-07T08:56:09.245+0000] {logging_mixin.py:188} INFO - [2025-01-07T08:56:09.244+0000] {dag.py:3834} INFO - Setting next_dagrun for tutorial to 2025-01-06 00:00:00+00:00, run_after=2025-01-07 00:00:00+00:00
[2025-01-07T08:56:09.361+0000] {processor.py:183} INFO - Processing /home/airflow/.local/lib/python3.10/site-packages/airflow/example_dags/tutorial.py took 0.508 seconds
[2025-01-07T08:57:42.631+0000] {processor.py:161} INFO - Started process (PID=29568) to work on /home/airflow/.local/lib/python3.10/site-packages/airflow/example_dags/tutorial.py
[2025-01-07T08:57:42.634+0000] {processor.py:830} INFO - Processing file /home/airflow/.local/lib/python3.10/site-packages/airflow/example_dags/tutorial.py for tasks to queue
[2025-01-07T08:57:42.636+0000] {logging_mixin.py:188} INFO - [2025-01-07T08:57:42.635+0000] {dagbag.py:540} INFO - Filling up the DagBag from /home/airflow/.local/lib/python3.10/site-packages/airflow/example_dags/tutorial.py
[2025-01-07T08:57:42.647+0000] {processor.py:840} INFO - DAG(s) 'tutorial' retrieved from /home/airflow/.local/lib/python3.10/site-packages/airflow/example_dags/tutorial.py
[2025-01-07T08:57:42.678+0000] {logging_mixin.py:188} INFO - [2025-01-07T08:57:42.678+0000] {dag.py:3047} INFO - Sync 1 DAGs
[2025-01-07T08:57:42.724+0000] {logging_mixin.py:188} INFO - [2025-01-07T08:57:42.723+0000] {dag.py:3834} INFO - Setting next_dagrun for tutorial to 2025-01-06 00:00:00+00:00, run_after=2025-01-07 00:00:00+00:00
[2025-01-07T08:57:42.756+0000] {processor.py:183} INFO - Processing /home/airflow/.local/lib/python3.10/site-packages/airflow/example_dags/tutorial.py took 0.129 seconds
[2025-01-07T08:58:13.281+0000] {processor.py:161} INFO - Started process (PID=29635) to work on /home/airflow/.local/lib/python3.10/site-packages/airflow/example_dags/tutorial.py
[2025-01-07T08:58:13.283+0000] {processor.py:830} INFO - Processing file /home/airflow/.local/lib/python3.10/site-packages/airflow/example_dags/tutorial.py for tasks to queue
[2025-01-07T08:58:13.289+0000] {logging_mixin.py:188} INFO - [2025-01-07T08:58:13.288+0000] {dagbag.py:540} INFO - Filling up the DagBag from /home/airflow/.local/lib/python3.10/site-packages/airflow/example_dags/tutorial.py
[2025-01-07T08:58:13.305+0000] {processor.py:840} INFO - DAG(s) 'tutorial' retrieved from /home/airflow/.local/lib/python3.10/site-packages/airflow/example_dags/tutorial.py
[2025-01-07T08:58:13.353+0000] {logging_mixin.py:188} INFO - [2025-01-07T08:58:13.352+0000] {dag.py:3047} INFO - Sync 1 DAGs
[2025-01-07T08:58:13.414+0000] {logging_mixin.py:188} INFO - [2025-01-07T08:58:13.414+0000] {dag.py:3834} INFO - Setting next_dagrun for tutorial to 2025-01-06 00:00:00+00:00, run_after=2025-01-07 00:00:00+00:00
[2025-01-07T08:58:13.468+0000] {processor.py:183} INFO - Processing /home/airflow/.local/lib/python3.10/site-packages/airflow/example_dags/tutorial.py took 0.193 seconds
[2025-01-07T08:58:48.047+0000] {processor.py:161} INFO - Started process (PID=29704) to work on /home/airflow/.local/lib/python3.10/site-packages/airflow/example_dags/tutorial.py
[2025-01-07T08:58:48.052+0000] {processor.py:830} INFO - Processing file /home/airflow/.local/lib/python3.10/site-packages/airflow/example_dags/tutorial.py for tasks to queue
[2025-01-07T08:58:48.059+0000] {logging_mixin.py:188} INFO - [2025-01-07T08:58:48.058+0000] {dagbag.py:540} INFO - Filling up the DagBag from /home/airflow/.local/lib/python3.10/site-packages/airflow/example_dags/tutorial.py
[2025-01-07T08:58:48.103+0000] {processor.py:840} INFO - DAG(s) 'tutorial' retrieved from /home/airflow/.local/lib/python3.10/site-packages/airflow/example_dags/tutorial.py
[2025-01-07T08:58:48.230+0000] {logging_mixin.py:188} INFO - [2025-01-07T08:58:48.229+0000] {dag.py:3047} INFO - Sync 1 DAGs
[2025-01-07T08:58:48.306+0000] {logging_mixin.py:188} INFO - [2025-01-07T08:58:48.305+0000] {dag.py:3834} INFO - Setting next_dagrun for tutorial to 2025-01-06 00:00:00+00:00, run_after=2025-01-07 00:00:00+00:00
[2025-01-07T08:58:50.290+0000] {processor.py:183} INFO - Processing /home/airflow/.local/lib/python3.10/site-packages/airflow/example_dags/tutorial.py took 2.260 seconds
[2025-01-07T09:02:06.000+0000] {processor.py:161} INFO - Started process (PID=29790) to work on /home/airflow/.local/lib/python3.10/site-packages/airflow/example_dags/tutorial.py
[2025-01-07T09:02:06.039+0000] {processor.py:830} INFO - Processing file /home/airflow/.local/lib/python3.10/site-packages/airflow/example_dags/tutorial.py for tasks to queue
[2025-01-07T09:02:06.061+0000] {logging_mixin.py:188} INFO - [2025-01-07T09:02:06.045+0000] {dagbag.py:540} INFO - Filling up the DagBag from /home/airflow/.local/lib/python3.10/site-packages/airflow/example_dags/tutorial.py
[2025-01-07T09:02:06.146+0000] {processor.py:840} INFO - DAG(s) 'tutorial' retrieved from /home/airflow/.local/lib/python3.10/site-packages/airflow/example_dags/tutorial.py
[2025-01-07T09:02:07.626+0000] {logging_mixin.py:188} INFO - [2025-01-07T09:02:07.626+0000] {dag.py:3047} INFO - Sync 1 DAGs
[2025-01-07T09:02:07.869+0000] {logging_mixin.py:188} INFO - [2025-01-07T09:02:07.869+0000] {dag.py:3834} INFO - Setting next_dagrun for tutorial to 2025-01-06 00:00:00+00:00, run_after=2025-01-07 00:00:00+00:00
[2025-01-07T09:02:08.363+0000] {processor.py:183} INFO - Processing /home/airflow/.local/lib/python3.10/site-packages/airflow/example_dags/tutorial.py took 2.531 seconds
[2025-01-07T09:06:37.127+0000] {processor.py:161} INFO - Started process (PID=29879) to work on /home/airflow/.local/lib/python3.10/site-packages/airflow/example_dags/tutorial.py
[2025-01-07T09:06:37.161+0000] {processor.py:830} INFO - Processing file /home/airflow/.local/lib/python3.10/site-packages/airflow/example_dags/tutorial.py for tasks to queue
[2025-01-07T09:06:37.172+0000] {logging_mixin.py:188} INFO - [2025-01-07T09:06:37.169+0000] {dagbag.py:540} INFO - Filling up the DagBag from /home/airflow/.local/lib/python3.10/site-packages/airflow/example_dags/tutorial.py
[2025-01-07T09:06:37.465+0000] {processor.py:840} INFO - DAG(s) 'tutorial' retrieved from /home/airflow/.local/lib/python3.10/site-packages/airflow/example_dags/tutorial.py
[2025-01-07T09:06:39.293+0000] {logging_mixin.py:188} INFO - [2025-01-07T09:06:39.288+0000] {dag.py:3047} INFO - Sync 1 DAGs
[2025-01-07T09:06:39.973+0000] {logging_mixin.py:188} INFO - [2025-01-07T09:06:39.972+0000] {dag.py:3834} INFO - Setting next_dagrun for tutorial to 2025-01-06 00:00:00+00:00, run_after=2025-01-07 00:00:00+00:00
[2025-01-07T09:06:40.188+0000] {processor.py:183} INFO - Processing /home/airflow/.local/lib/python3.10/site-packages/airflow/example_dags/tutorial.py took 3.181 seconds
[2025-01-07T09:18:39.804+0000] {processor.py:161} INFO - Started process (PID=30028) to work on /home/airflow/.local/lib/python3.10/site-packages/airflow/example_dags/tutorial.py
[2025-01-07T09:18:39.815+0000] {processor.py:830} INFO - Processing file /home/airflow/.local/lib/python3.10/site-packages/airflow/example_dags/tutorial.py for tasks to queue
[2025-01-07T09:18:39.832+0000] {logging_mixin.py:188} INFO - [2025-01-07T09:18:39.831+0000] {dagbag.py:540} INFO - Filling up the DagBag from /home/airflow/.local/lib/python3.10/site-packages/airflow/example_dags/tutorial.py
[2025-01-07T09:18:40.001+0000] {processor.py:840} INFO - DAG(s) 'tutorial' retrieved from /home/airflow/.local/lib/python3.10/site-packages/airflow/example_dags/tutorial.py
[2025-01-07T09:18:40.332+0000] {logging_mixin.py:188} INFO - [2025-01-07T09:18:40.330+0000] {dag.py:3047} INFO - Sync 1 DAGs
[2025-01-07T09:18:40.784+0000] {logging_mixin.py:188} INFO - [2025-01-07T09:18:40.783+0000] {dag.py:3834} INFO - Setting next_dagrun for tutorial to 2025-01-06 00:00:00+00:00, run_after=2025-01-07 00:00:00+00:00
[2025-01-07T09:18:41.032+0000] {processor.py:183} INFO - Processing /home/airflow/.local/lib/python3.10/site-packages/airflow/example_dags/tutorial.py took 1.270 seconds
[2025-01-07T11:25:55.659+0000] {processor.py:161} INFO - Started process (PID=222) to work on /home/airflow/.local/lib/python3.10/site-packages/airflow/example_dags/tutorial.py
[2025-01-07T11:25:55.749+0000] {processor.py:830} INFO - Processing file /home/airflow/.local/lib/python3.10/site-packages/airflow/example_dags/tutorial.py for tasks to queue
[2025-01-07T11:25:55.779+0000] {logging_mixin.py:188} INFO - [2025-01-07T11:25:55.762+0000] {dagbag.py:540} INFO - Filling up the DagBag from /home/airflow/.local/lib/python3.10/site-packages/airflow/example_dags/tutorial.py
[2025-01-07T11:26:00.782+0000] {processor.py:840} INFO - DAG(s) 'tutorial' retrieved from /home/airflow/.local/lib/python3.10/site-packages/airflow/example_dags/tutorial.py
[2025-01-07T11:26:07.515+0000] {logging_mixin.py:188} INFO - [2025-01-07T11:26:07.514+0000] {dag.py:3047} INFO - Sync 1 DAGs
[2025-01-07T11:26:12.334+0000] {logging_mixin.py:188} INFO - [2025-01-07T11:26:12.333+0000] {dag.py:3834} INFO - Setting next_dagrun for tutorial to 2025-01-06 00:00:00+00:00, run_after=2025-01-07 00:00:00+00:00
[2025-01-07T11:26:13.405+0000] {processor.py:183} INFO - Processing /home/airflow/.local/lib/python3.10/site-packages/airflow/example_dags/tutorial.py took 18.136 seconds
[2025-01-07T12:27:46.218+0000] {processor.py:161} INFO - Started process (PID=153) to work on /home/airflow/.local/lib/python3.10/site-packages/airflow/example_dags/tutorial.py
[2025-01-07T12:27:46.223+0000] {processor.py:830} INFO - Processing file /home/airflow/.local/lib/python3.10/site-packages/airflow/example_dags/tutorial.py for tasks to queue
[2025-01-07T12:27:46.233+0000] {logging_mixin.py:188} INFO - [2025-01-07T12:27:46.228+0000] {dagbag.py:540} INFO - Filling up the DagBag from /home/airflow/.local/lib/python3.10/site-packages/airflow/example_dags/tutorial.py
[2025-01-07T12:27:46.277+0000] {processor.py:840} INFO - DAG(s) 'tutorial' retrieved from /home/airflow/.local/lib/python3.10/site-packages/airflow/example_dags/tutorial.py
[2025-01-07T12:27:46.889+0000] {logging_mixin.py:188} INFO - [2025-01-07T12:27:46.888+0000] {dag.py:3047} INFO - Sync 1 DAGs
[2025-01-07T12:27:47.789+0000] {logging_mixin.py:188} INFO - [2025-01-07T12:27:47.788+0000] {dag.py:3834} INFO - Setting next_dagrun for tutorial to 2025-01-06 00:00:00+00:00, run_after=2025-01-07 00:00:00+00:00
[2025-01-07T12:27:50.025+0000] {processor.py:183} INFO - Processing /home/airflow/.local/lib/python3.10/site-packages/airflow/example_dags/tutorial.py took 3.841 seconds
[2025-01-07T12:32:32.254+0000] {processor.py:161} INFO - Started process (PID=248) to work on /home/airflow/.local/lib/python3.10/site-packages/airflow/example_dags/tutorial.py
[2025-01-07T12:32:32.263+0000] {processor.py:830} INFO - Processing file /home/airflow/.local/lib/python3.10/site-packages/airflow/example_dags/tutorial.py for tasks to queue
[2025-01-07T12:32:32.413+0000] {logging_mixin.py:188} INFO - [2025-01-07T12:32:32.382+0000] {dagbag.py:540} INFO - Filling up the DagBag from /home/airflow/.local/lib/python3.10/site-packages/airflow/example_dags/tutorial.py
[2025-01-07T12:32:32.712+0000] {processor.py:840} INFO - DAG(s) 'tutorial' retrieved from /home/airflow/.local/lib/python3.10/site-packages/airflow/example_dags/tutorial.py
[2025-01-07T12:32:32.771+0000] {logging_mixin.py:188} INFO - [2025-01-07T12:32:32.769+0000] {dag.py:3047} INFO - Sync 1 DAGs
[2025-01-07T12:32:33.294+0000] {logging_mixin.py:188} INFO - [2025-01-07T12:32:33.274+0000] {dag.py:3834} INFO - Setting next_dagrun for tutorial to 2025-01-06 00:00:00+00:00, run_after=2025-01-07 00:00:00+00:00
[2025-01-07T12:32:35.661+0000] {processor.py:183} INFO - Processing /home/airflow/.local/lib/python3.10/site-packages/airflow/example_dags/tutorial.py took 4.157 seconds
[2025-01-07T12:58:19.806+0000] {processor.py:161} INFO - Started process (PID=337) to work on /home/airflow/.local/lib/python3.10/site-packages/airflow/example_dags/tutorial.py
[2025-01-07T12:58:19.925+0000] {processor.py:830} INFO - Processing file /home/airflow/.local/lib/python3.10/site-packages/airflow/example_dags/tutorial.py for tasks to queue
[2025-01-07T12:58:19.956+0000] {logging_mixin.py:188} INFO - [2025-01-07T12:58:19.946+0000] {dagbag.py:540} INFO - Filling up the DagBag from /home/airflow/.local/lib/python3.10/site-packages/airflow/example_dags/tutorial.py
[2025-01-07T12:58:20.643+0000] {processor.py:840} INFO - DAG(s) 'tutorial' retrieved from /home/airflow/.local/lib/python3.10/site-packages/airflow/example_dags/tutorial.py
[2025-01-07T12:58:26.777+0000] {logging_mixin.py:188} INFO - [2025-01-07T12:58:26.662+0000] {dag.py:3047} INFO - Sync 1 DAGs
[2025-01-07T12:58:36.321+0000] {logging_mixin.py:188} INFO - [2025-01-07T12:58:35.937+0000] {dag.py:3834} INFO - Setting next_dagrun for tutorial to 2025-01-06 00:00:00+00:00, run_after=2025-01-07 00:00:00+00:00
[2025-01-07T12:58:49.240+0000] {processor.py:183} INFO - Processing /home/airflow/.local/lib/python3.10/site-packages/airflow/example_dags/tutorial.py took 29.862 seconds
