[0m21:46:04.282225 [debug] [MainThread]: Sending event: {'category': 'dbt', 'action': 'invocation', 'label': 'start', 'context': [<snowplow_tracker.self_describing_json.SelfDescribingJson object at 0x000001425FA75880>, <snowplow_tracker.self_describing_json.SelfDescribingJson object at 0x0000014261F1A400>, <snowplow_tracker.self_describing_json.SelfDescribingJson object at 0x0000014261F1A1C0>]}


============================== 21:46:04.303509 | 6fb7e2a7-0f09-4d49-abef-3f28ad7510be ==============================
[0m21:46:04.303509 [info ] [MainThread]: Running with dbt=1.7.13
[0m21:46:04.304475 [debug] [MainThread]: running dbt with arguments {'printer_width': '80', 'indirect_selection': 'eager', 'write_json': 'True', 'log_cache_events': 'False', 'partial_parse': 'True', 'cache_selected_only': 'False', 'profiles_dir': 'C:\\Users\\Temitope\\.dbt', 'fail_fast': 'False', 'version_check': 'True', 'log_path': 'logs', 'warn_error': 'None', 'debug': 'False', 'use_colors': 'True', 'use_experimental_parser': 'False', 'no_print': 'None', 'quiet': 'False', 'log_format': 'default', 'introspect': 'True', 'static_parser': 'True', 'warn_error_options': 'WarnErrorOptions(include=[], exclude=[])', 'target_path': 'None', 'invocation_command': 'dbt init dbt_test', 'send_anonymous_usage_stats': 'True'}
[0m21:46:04.305475 [warn ] [MainThread]: [ConfigFolderDirectory]: Unable to parse dict {'dir': WindowsPath('C:/Users/Temitope/.dbt')}
[0m21:46:04.305475 [info ] [MainThread]: Creating dbt configuration folder at 
[0m21:46:04.311034 [debug] [MainThread]: Starter project path: C:\mds_venv\lib\site-packages\dbt\include\starter_project
[0m21:46:04.383220 [info ] [MainThread]: 
Your new dbt project "dbt_test" was created!

For more information on how to configure the profiles.yml file,
please consult the dbt documentation here:

  https://docs.getdbt.com/docs/configure-your-profile

One more thing:

Need help? Don't hesitate to reach out to us via GitHub issues or on Slack:

  https://community.getdbt.com/

Happy modeling!

[0m21:46:04.387223 [info ] [MainThread]: Setting up your profile.
[0m21:46:57.658777 [info ] [MainThread]: Profile dbt_test written to C:\Users\Temitope\.dbt\profiles.yml using target's profile_template.yml and your supplied values. Run 'dbt debug' to validate the connection.
[0m21:46:57.661401 [debug] [MainThread]: Command `dbt init` succeeded at 21:46:57.660897 after 53.42 seconds
[0m21:46:57.661892 [debug] [MainThread]: Sending event: {'category': 'dbt', 'action': 'invocation', 'label': 'end', 'context': [<snowplow_tracker.self_describing_json.SelfDescribingJson object at 0x000001425FA75880>, <snowplow_tracker.self_describing_json.SelfDescribingJson object at 0x000001425C8A8E80>, <snowplow_tracker.self_describing_json.SelfDescribingJson object at 0x0000014261FF4130>]}
[0m21:46:57.663229 [debug] [MainThread]: Flushing usage events
[0m12:19:09.460040 [debug] [MainThread]: Sending event: {'category': 'dbt', 'action': 'invocation', 'label': 'start', 'context': [<snowplow_tracker.self_describing_json.SelfDescribingJson object at 0x00000204136687F0>, <snowplow_tracker.self_describing_json.SelfDescribingJson object at 0x0000020415EE2670>, <snowplow_tracker.self_describing_json.SelfDescribingJson object at 0x0000020414334FA0>]}


============================== 12:19:09.496552 | a384bc00-f761-41fb-bdf7-4189c4595a3d ==============================
[0m12:19:09.496552 [info ] [MainThread]: Running with dbt=1.8.8
[0m12:19:09.501010 [debug] [MainThread]: running dbt with arguments {'printer_width': '80', 'indirect_selection': 'eager', 'write_json': 'True', 'log_cache_events': 'False', 'partial_parse': 'True', 'cache_selected_only': 'False', 'profiles_dir': 'C:\\Users\\Temitope\\.dbt', 'version_check': 'True', 'warn_error': 'None', 'log_path': 'logs', 'debug': 'False', 'fail_fast': 'False', 'use_colors': 'True', 'use_experimental_parser': 'False', 'empty': 'None', 'quiet': 'False', 'no_print': 'None', 'warn_error_options': 'WarnErrorOptions(include=[], exclude=[])', 'invocation_command': 'dbt init dbt_jaffle_shop', 'introspect': 'True', 'log_format': 'default', 'target_path': 'None', 'static_parser': 'True', 'send_anonymous_usage_stats': 'True'}
[0m12:19:09.850260 [debug] [MainThread]: Starter project path: c:\mdsn_venv\lib\site-packages\dbt\include\starter_project
[0m12:19:09.958316 [info ] [MainThread]: 
Your new dbt project "dbt_jaffle_shop" was created!

For more information on how to configure the profiles.yml file,
please consult the dbt documentation here:

  https://docs.getdbt.com/docs/configure-your-profile

One more thing:

Need help? Don't hesitate to reach out to us via GitHub issues or on Slack:

  https://community.getdbt.com/

Happy modeling!

[0m12:19:09.963389 [info ] [MainThread]: Setting up your profile.
[0m12:36:42.384015 [info ] [MainThread]: Profile dbt_jaffle_shop written to C:\Users\Temitope\.dbt\profiles.yml using target's profile_template.yml and your supplied values. Run 'dbt debug' to validate the connection.
[0m12:36:42.542421 [debug] [MainThread]: Command `dbt init` succeeded at 12:36:42.531551 after 1053.29 seconds
[0m12:36:42.580758 [debug] [MainThread]: Sending event: {'category': 'dbt', 'action': 'invocation', 'label': 'end', 'context': [<snowplow_tracker.self_describing_json.SelfDescribingJson object at 0x00000204136687F0>, <snowplow_tracker.self_describing_json.SelfDescribingJson object at 0x0000020415EE2E50>, <snowplow_tracker.self_describing_json.SelfDescribingJson object at 0x0000020414334FA0>]}
[0m12:36:42.610028 [debug] [MainThread]: Flushing usage events
[0m12:37:31.172206 [debug] [MainThread]: Sending event: {'category': 'dbt', 'action': 'invocation', 'label': 'start', 'context': [<snowplow_tracker.self_describing_json.SelfDescribingJson object at 0x0000021901F69790>, <snowplow_tracker.self_describing_json.SelfDescribingJson object at 0x00000219057FC790>, <snowplow_tracker.self_describing_json.SelfDescribingJson object at 0x00000219057FCE20>]}


============================== 12:37:31.184119 | fd14ad02-6d07-468e-88a3-7a63fd2211c5 ==============================
[0m12:37:31.184119 [info ] [MainThread]: Running with dbt=1.8.8
[0m12:37:31.187378 [debug] [MainThread]: running dbt with arguments {'printer_width': '80', 'indirect_selection': 'eager', 'write_json': 'True', 'log_cache_events': 'False', 'partial_parse': 'True', 'cache_selected_only': 'False', 'profiles_dir': 'C:\\Users\\Temitope\\.dbt', 'version_check': 'True', 'warn_error': 'None', 'log_path': 'logs', 'debug': 'False', 'fail_fast': 'False', 'use_colors': 'True', 'use_experimental_parser': 'False', 'empty': 'None', 'quiet': 'False', 'no_print': 'None', 'log_format': 'default', 'invocation_command': 'dbt debug', 'static_parser': 'True', 'introspect': 'True', 'target_path': 'None', 'warn_error_options': 'WarnErrorOptions(include=[], exclude=[])', 'send_anonymous_usage_stats': 'True'}
[0m12:37:31.337574 [info ] [MainThread]: dbt version: 1.8.8
[0m12:37:31.340006 [info ] [MainThread]: python version: 3.9.13
[0m12:37:31.341681 [info ] [MainThread]: python path: c:\mdsn_venv\Scripts\python.exe
[0m12:37:31.343298 [info ] [MainThread]: os info: Windows-10-10.0.19045-SP0
[0m12:37:36.380806 [info ] [MainThread]: Using profiles dir at C:\Users\Temitope\.dbt
[0m12:37:36.383920 [info ] [MainThread]: Using profiles.yml file at C:\Users\Temitope\.dbt\profiles.yml
[0m12:37:36.387566 [info ] [MainThread]: Using dbt_project.yml file at C:\airflow\dbt\dbt_project.yml
[0m12:37:36.389963 [error] [MainThread]: Encountered an error:
Internal Error
  Profile should not be None if loading profile completed
[0m12:37:36.397050 [debug] [MainThread]: Command `dbt debug` failed at 12:37:36.396565 after 5.45 seconds
[0m12:37:36.399158 [debug] [MainThread]: Sending event: {'category': 'dbt', 'action': 'invocation', 'label': 'end', 'context': [<snowplow_tracker.self_describing_json.SelfDescribingJson object at 0x0000021901F69790>, <snowplow_tracker.self_describing_json.SelfDescribingJson object at 0x00000219163C8490>, <snowplow_tracker.self_describing_json.SelfDescribingJson object at 0x00000219163AE580>]}
[0m12:37:36.401669 [debug] [MainThread]: Flushing usage events
[0m12:39:13.034798 [debug] [MainThread]: Sending event: {'category': 'dbt', 'action': 'invocation', 'label': 'start', 'context': [<snowplow_tracker.self_describing_json.SelfDescribingJson object at 0x000001FF548687F0>, <snowplow_tracker.self_describing_json.SelfDescribingJson object at 0x000001FF570E1670>, <snowplow_tracker.self_describing_json.SelfDescribingJson object at 0x000001FF55536FA0>]}


============================== 12:39:13.043931 | a1f797fd-7874-4c7a-8340-2e586990b2f3 ==============================
[0m12:39:13.043931 [info ] [MainThread]: Running with dbt=1.8.8
[0m12:39:13.047184 [debug] [MainThread]: running dbt with arguments {'printer_width': '80', 'indirect_selection': 'eager', 'write_json': 'True', 'log_cache_events': 'False', 'partial_parse': 'True', 'cache_selected_only': 'False', 'profiles_dir': 'C:\\Users\\Temitope\\.dbt', 'version_check': 'True', 'warn_error': 'None', 'log_path': 'logs', 'fail_fast': 'False', 'debug': 'False', 'use_colors': 'True', 'use_experimental_parser': 'False', 'empty': 'None', 'quiet': 'False', 'no_print': 'None', 'log_format': 'default', 'static_parser': 'True', 'invocation_command': 'dbt init dbt_jaffle_shop', 'introspect': 'True', 'target_path': 'None', 'warn_error_options': 'WarnErrorOptions(include=[], exclude=[])', 'send_anonymous_usage_stats': 'True'}
[0m12:39:13.101628 [debug] [MainThread]: Starter project path: c:\mdsn_venv\lib\site-packages\dbt\include\starter_project
[0m12:39:13.241742 [info ] [MainThread]: 
Your new dbt project "dbt_jaffle_shop" was created!

For more information on how to configure the profiles.yml file,
please consult the dbt documentation here:

  https://docs.getdbt.com/docs/configure-your-profile

One more thing:

Need help? Don't hesitate to reach out to us via GitHub issues or on Slack:

  https://community.getdbt.com/

Happy modeling!

[0m12:39:13.246816 [info ] [MainThread]: Setting up your profile.
[0m12:41:01.260556 [info ] [MainThread]: Profile dbt_jaffle_shop written to C:\Users\Temitope\.dbt\profiles.yml using target's profile_template.yml and your supplied values. Run 'dbt debug' to validate the connection.
[0m12:41:01.345840 [debug] [MainThread]: Command `dbt init` succeeded at 12:41:01.340905 after 108.50 seconds
[0m12:41:01.363740 [debug] [MainThread]: Sending event: {'category': 'dbt', 'action': 'invocation', 'label': 'end', 'context': [<snowplow_tracker.self_describing_json.SelfDescribingJson object at 0x000001FF548687F0>, <snowplow_tracker.self_describing_json.SelfDescribingJson object at 0x000001FF570E1670>, <snowplow_tracker.self_describing_json.SelfDescribingJson object at 0x000001FF55536070>]}
[0m12:41:01.372710 [debug] [MainThread]: Flushing usage events
[0m12:41:16.842328 [debug] [MainThread]: Sending event: {'category': 'dbt', 'action': 'invocation', 'label': 'start', 'context': [<snowplow_tracker.self_describing_json.SelfDescribingJson object at 0x000001BEE6469760>, <snowplow_tracker.self_describing_json.SelfDescribingJson object at 0x000001BEE8D33C10>, <snowplow_tracker.self_describing_json.SelfDescribingJson object at 0x000001BEE8D33A00>]}


============================== 12:41:16.859505 | 48a04cdb-6bb6-4a25-a7b5-f4eaec7f981e ==============================
[0m12:41:16.859505 [info ] [MainThread]: Running with dbt=1.8.8
[0m12:41:16.862056 [debug] [MainThread]: running dbt with arguments {'printer_width': '80', 'indirect_selection': 'eager', 'write_json': 'True', 'log_cache_events': 'False', 'partial_parse': 'True', 'cache_selected_only': 'False', 'warn_error': 'None', 'version_check': 'True', 'debug': 'False', 'log_path': 'logs', 'fail_fast': 'False', 'profiles_dir': 'C:\\Users\\Temitope\\.dbt', 'use_colors': 'True', 'use_experimental_parser': 'False', 'no_print': 'None', 'quiet': 'False', 'empty': 'None', 'warn_error_options': 'WarnErrorOptions(include=[], exclude=[])', 'invocation_command': 'dbt debug', 'introspect': 'True', 'static_parser': 'True', 'target_path': 'None', 'log_format': 'default', 'send_anonymous_usage_stats': 'True'}
[0m12:41:16.938678 [info ] [MainThread]: dbt version: 1.8.8
[0m12:41:16.940875 [info ] [MainThread]: python version: 3.9.13
[0m12:41:16.942719 [info ] [MainThread]: python path: c:\mdsn_venv\Scripts\python.exe
[0m12:41:16.943918 [info ] [MainThread]: os info: Windows-10-10.0.19045-SP0
[0m12:41:19.507133 [info ] [MainThread]: Using profiles dir at C:\Users\Temitope\.dbt
[0m12:41:19.510400 [info ] [MainThread]: Using profiles.yml file at C:\Users\Temitope\.dbt\profiles.yml
[0m12:41:19.513247 [info ] [MainThread]: Using dbt_project.yml file at C:\airflow\dbt\dbt_project.yml
[0m12:41:19.514404 [error] [MainThread]: Encountered an error:
Internal Error
  Profile should not be None if loading profile completed
[0m12:41:19.518955 [debug] [MainThread]: Command `dbt debug` failed at 12:41:19.518617 after 2.93 seconds
[0m12:41:19.519480 [debug] [MainThread]: Sending event: {'category': 'dbt', 'action': 'invocation', 'label': 'end', 'context': [<snowplow_tracker.self_describing_json.SelfDescribingJson object at 0x000001BEE6469760>, <snowplow_tracker.self_describing_json.SelfDescribingJson object at 0x000001BEE8CFC310>, <snowplow_tracker.self_describing_json.SelfDescribingJson object at 0x000001BEF98BD070>]}
[0m12:41:19.521494 [debug] [MainThread]: Flushing usage events
[0m12:59:02.385708 [debug] [MainThread]: Sending event: {'category': 'dbt', 'action': 'invocation', 'label': 'start', 'context': [<snowplow_tracker.self_describing_json.SelfDescribingJson object at 0x000001E0981A28E0>, <snowplow_tracker.self_describing_json.SelfDescribingJson object at 0x000001E09A8C5D90>, <snowplow_tracker.self_describing_json.SelfDescribingJson object at 0x000001E09A8D36A0>]}


============================== 12:59:02.411933 | 57537806-f200-4845-9be0-eeea805dedbe ==============================
[0m12:59:02.411933 [info ] [MainThread]: Running with dbt=1.7.13
[0m12:59:02.415417 [debug] [MainThread]: running dbt with arguments {'printer_width': '80', 'indirect_selection': 'eager', 'write_json': 'True', 'log_cache_events': 'False', 'partial_parse': 'True', 'cache_selected_only': 'False', 'profiles_dir': 'C:\\Users\\Temitope\\.dbt', 'fail_fast': 'False', 'version_check': 'True', 'log_path': 'logs', 'warn_error': 'None', 'debug': 'False', 'use_colors': 'True', 'use_experimental_parser': 'False', 'no_print': 'None', 'quiet': 'False', 'log_format': 'default', 'invocation_command': 'dbt init dbt_jaffle_shop', 'introspect': 'True', 'warn_error_options': 'WarnErrorOptions(include=[], exclude=[])', 'target_path': 'None', 'static_parser': 'True', 'send_anonymous_usage_stats': 'True'}
[0m12:59:02.421489 [info ] [MainThread]: A project called dbt_jaffle_shop already exists here.
[0m12:59:02.425595 [debug] [MainThread]: Command `dbt init` succeeded at 12:59:02.425094 after 0.19 seconds
[0m12:59:02.427418 [debug] [MainThread]: Sending event: {'category': 'dbt', 'action': 'invocation', 'label': 'end', 'context': [<snowplow_tracker.self_describing_json.SelfDescribingJson object at 0x000001E0981A28E0>, <snowplow_tracker.self_describing_json.SelfDescribingJson object at 0x000001E09A8C5D90>, <snowplow_tracker.self_describing_json.SelfDescribingJson object at 0x000001E09A8BBC10>]}
[0m12:59:02.428931 [debug] [MainThread]: Flushing usage events
[0m12:59:23.394082 [debug] [MainThread]: Sending event: {'category': 'dbt', 'action': 'invocation', 'label': 'start', 'context': [<snowplow_tracker.self_describing_json.SelfDescribingJson object at 0x000002E641CB8E80>, <snowplow_tracker.self_describing_json.SelfDescribingJson object at 0x000002E6415F4730>, <snowplow_tracker.self_describing_json.SelfDescribingJson object at 0x000002E64417B820>]}


============================== 12:59:23.403005 | 73e6c755-8052-42ec-ad88-4963114e6329 ==============================
[0m12:59:23.403005 [info ] [MainThread]: Running with dbt=1.7.13
[0m12:59:23.406224 [debug] [MainThread]: running dbt with arguments {'printer_width': '80', 'indirect_selection': 'eager', 'log_cache_events': 'False', 'write_json': 'True', 'partial_parse': 'True', 'cache_selected_only': 'False', 'warn_error': 'None', 'version_check': 'True', 'profiles_dir': 'C:\\Users\\Temitope\\.dbt', 'log_path': 'logs', 'fail_fast': 'False', 'debug': 'False', 'use_colors': 'True', 'use_experimental_parser': 'False', 'no_print': 'None', 'quiet': 'False', 'warn_error_options': 'WarnErrorOptions(include=[], exclude=[])', 'invocation_command': 'dbt debug', 'log_format': 'default', 'introspect': 'True', 'target_path': 'None', 'static_parser': 'True', 'send_anonymous_usage_stats': 'True'}
[0m12:59:23.408338 [info ] [MainThread]: dbt version: 1.7.13
[0m12:59:23.410845 [info ] [MainThread]: python version: 3.9.13
[0m12:59:23.412942 [info ] [MainThread]: python path: C:\mds_venv\Scripts\python.exe
[0m12:59:23.415536 [info ] [MainThread]: os info: Windows-10-10.0.19045-SP0
[0m12:59:23.434617 [info ] [MainThread]: Error importing adapter: No module named 'dbt.adapters.snowflake'
[0m12:59:24.123990 [info ] [MainThread]: Error importing adapter: No module named 'dbt.adapters.snowflake'
[0m12:59:24.131413 [info ] [MainThread]: Using profiles dir at C:\Users\Temitope\.dbt
[0m12:59:24.133694 [info ] [MainThread]: Using profiles.yml file at C:\Users\Temitope\.dbt\profiles.yml
[0m12:59:24.136265 [info ] [MainThread]: Using dbt_project.yml file at C:\airflow\dbt\dbt_project.yml
[0m12:59:24.138747 [info ] [MainThread]: Configuration:
[0m12:59:24.140859 [info ] [MainThread]:   profiles.yml file [[31mERROR invalid[0m]
[0m12:59:24.142903 [info ] [MainThread]:   dbt_project.yml file [[31mERROR not found[0m]
[0m12:59:24.145033 [info ] [MainThread]: Required dependencies:
[0m12:59:24.146931 [debug] [MainThread]: Executing "git --help"
[0m12:59:24.220487 [debug] [MainThread]: STDOUT: "b"usage: git [--version] [--help] [-C <path>] [-c <name>=<value>]\n           [--exec-path[=<path>]] [--html-path] [--man-path] [--info-path]\n           [-p | --paginate | -P | --no-pager] [--no-replace-objects] [--bare]\n           [--git-dir=<path>] [--work-tree=<path>] [--namespace=<name>]\n           [--super-prefix=<path>] [--config-env=<name>=<envvar>]\n           <command> [<args>]\n\nThese are common Git commands used in various situations:\n\nstart a working area (see also: git help tutorial)\n   clone     Clone a repository into a new directory\n   init      Create an empty Git repository or reinitialize an existing one\n\nwork on the current change (see also: git help everyday)\n   add       Add file contents to the index\n   mv        Move or rename a file, a directory, or a symlink\n   restore   Restore working tree files\n   rm        Remove files from the working tree and from the index\n\nexamine the history and state (see also: git help revisions)\n   bisect    Use binary search to find the commit that introduced a bug\n   diff      Show changes between commits, commit and working tree, etc\n   grep      Print lines matching a pattern\n   log       Show commit logs\n   show      Show various types of objects\n   status    Show the working tree status\n\ngrow, mark and tweak your common history\n   branch    List, create, or delete branches\n   commit    Record changes to the repository\n   merge     Join two or more development histories together\n   rebase    Reapply commits on top of another base tip\n   reset     Reset current HEAD to the specified state\n   switch    Switch branches\n   tag       Create, list, delete or verify a tag object signed with GPG\n\ncollaborate (see also: git help workflows)\n   fetch     Download objects and refs from another repository\n   pull      Fetch from and integrate with another repository or a local branch\n   push      Update remote refs along with associated objects\n\n'git help -a' and 'git help -g' list available subcommands and some\nconcept guides. See 'git help <command>' or 'git help <concept>'\nto read about a specific subcommand or concept.\nSee 'git help git' for an overview of the system.\n""
[0m12:59:24.221542 [debug] [MainThread]: STDERR: "b''"
[0m12:59:24.221542 [info ] [MainThread]:  - git [[32mOK found[0m]

[0m12:59:24.226637 [info ] [MainThread]: Connection test skipped since no profile was found
[0m12:59:24.226637 [info ] [MainThread]: [31m2 checks failed:[0m
[0m12:59:24.226637 [info ] [MainThread]: Could not load dbt_project.yml
Profile loading failed for the following reason:
Runtime Error
  Credentials in profile "dbt_jaffle_shop", target "dev" invalid: Runtime Error
    Could not find adapter type snowflake!

Runtime Error
  Credentials in profile "dbt_test_project", target "dev" invalid: Runtime Error
    Could not find adapter type snowflake!


[0m12:59:24.232902 [info ] [MainThread]: Project loading failed for the following reason:
 project path <C:\airflow\dbt\dbt_project.yml> not found

[0m12:59:24.235703 [debug] [MainThread]: Command `dbt debug` failed at 12:59:24.235703 after 1.01 seconds
[0m12:59:24.240723 [debug] [MainThread]: Sending event: {'category': 'dbt', 'action': 'invocation', 'label': 'end', 'context': [<snowplow_tracker.self_describing_json.SelfDescribingJson object at 0x000002E641CB8E80>, <snowplow_tracker.self_describing_json.SelfDescribingJson object at 0x000002E644221D90>, <snowplow_tracker.self_describing_json.SelfDescribingJson object at 0x000002E6442FC430>]}
[0m12:59:24.240723 [debug] [MainThread]: Flushing usage events
[0m13:00:07.188488 [debug] [MainThread]: Sending event: {'category': 'dbt', 'action': 'invocation', 'label': 'start', 'context': [<snowplow_tracker.self_describing_json.SelfDescribingJson object at 0x000002B1B0C72A90>, <snowplow_tracker.self_describing_json.SelfDescribingJson object at 0x000002B1B3145CD0>, <snowplow_tracker.self_describing_json.SelfDescribingJson object at 0x000002B1B31454C0>]}


============================== 13:00:07.192564 | beddc024-33c7-4329-9ab6-4cb939e43951 ==============================
[0m13:00:07.192564 [info ] [MainThread]: Running with dbt=1.7.13
[0m13:00:07.197091 [debug] [MainThread]: running dbt with arguments {'printer_width': '80', 'indirect_selection': 'eager', 'log_cache_events': 'False', 'write_json': 'True', 'partial_parse': 'True', 'cache_selected_only': 'False', 'warn_error': 'None', 'version_check': 'True', 'profiles_dir': 'C:\\Users\\Temitope\\.dbt', 'log_path': 'logs', 'fail_fast': 'False', 'debug': 'False', 'use_colors': 'True', 'use_experimental_parser': 'False', 'no_print': 'None', 'quiet': 'False', 'warn_error_options': 'WarnErrorOptions(include=[], exclude=[])', 'static_parser': 'True', 'introspect': 'True', 'log_format': 'default', 'target_path': 'None', 'invocation_command': 'dbt init dbt_jaffle_shop', 'send_anonymous_usage_stats': 'True'}
[0m13:00:07.200046 [debug] [MainThread]: Starter project path: C:\mds_venv\lib\site-packages\dbt\include\starter_project
[0m13:00:07.442456 [info ] [MainThread]: 
Your new dbt project "dbt_jaffle_shop" was created!

For more information on how to configure the profiles.yml file,
please consult the dbt documentation here:

  https://docs.getdbt.com/docs/configure-your-profile

One more thing:

Need help? Don't hesitate to reach out to us via GitHub issues or on Slack:

  https://community.getdbt.com/

Happy modeling!

[0m13:00:07.448407 [info ] [MainThread]: Setting up your profile.
[0m13:11:16.999559 [debug] [MainThread]: Sending event: {'category': 'dbt', 'action': 'invocation', 'label': 'start', 'context': [<snowplow_tracker.self_describing_json.SelfDescribingJson object at 0x0000024B960E87F0>, <snowplow_tracker.self_describing_json.SelfDescribingJson object at 0x0000024B98961670>, <snowplow_tracker.self_describing_json.SelfDescribingJson object at 0x0000024B96DF6FA0>]}


============================== 13:11:17.004553 | ec5b1b89-c00d-4bee-8acc-ba02a64b357b ==============================
[0m13:11:17.004553 [info ] [MainThread]: Running with dbt=1.8.8
[0m13:11:17.010056 [debug] [MainThread]: running dbt with arguments {'printer_width': '80', 'indirect_selection': 'eager', 'log_cache_events': 'False', 'write_json': 'True', 'partial_parse': 'True', 'cache_selected_only': 'False', 'warn_error': 'None', 'version_check': 'True', 'fail_fast': 'False', 'log_path': 'logs', 'profiles_dir': 'C:\\Users\\Temitope\\.dbt', 'debug': 'False', 'use_colors': 'True', 'use_experimental_parser': 'False', 'empty': 'None', 'quiet': 'False', 'no_print': 'None', 'warn_error_options': 'WarnErrorOptions(include=[], exclude=[])', 'static_parser': 'True', 'invocation_command': 'dbt init dbt_jaffle_shop', 'log_format': 'default', 'target_path': 'None', 'introspect': 'True', 'send_anonymous_usage_stats': 'True'}
[0m13:11:17.054804 [debug] [MainThread]: Starter project path: c:\mdsn_venv\lib\site-packages\dbt\include\starter_project
[0m13:11:17.089408 [info ] [MainThread]: 
Your new dbt project "dbt_jaffle_shop" was created!

For more information on how to configure the profiles.yml file,
please consult the dbt documentation here:

  https://docs.getdbt.com/docs/configure-your-profile

One more thing:

Need help? Don't hesitate to reach out to us via GitHub issues or on Slack:

  https://community.getdbt.com/

Happy modeling!

[0m13:11:17.093091 [info ] [MainThread]: Setting up your profile.
[0m13:12:16.965404 [info ] [MainThread]: Profile dbt_jaffle_shop written to C:\Users\Temitope\.dbt\profiles.yml using target's profile_template.yml and your supplied values. Run 'dbt debug' to validate the connection.
[0m13:12:17.004542 [debug] [MainThread]: Command `dbt init` succeeded at 13:12:17.000923 after 60.11 seconds
[0m13:12:17.018107 [debug] [MainThread]: Sending event: {'category': 'dbt', 'action': 'invocation', 'label': 'end', 'context': [<snowplow_tracker.self_describing_json.SelfDescribingJson object at 0x0000024B960E87F0>, <snowplow_tracker.self_describing_json.SelfDescribingJson object at 0x0000024B98961670>, <snowplow_tracker.self_describing_json.SelfDescribingJson object at 0x0000024B96DF6070>]}
[0m13:12:17.027719 [debug] [MainThread]: Flushing usage events
[0m13:12:40.428255 [debug] [MainThread]: Sending event: {'category': 'dbt', 'action': 'invocation', 'label': 'start', 'context': [<snowplow_tracker.self_describing_json.SelfDescribingJson object at 0x000001B22F028820>, <snowplow_tracker.self_describing_json.SelfDescribingJson object at 0x000001B231891CA0>, <snowplow_tracker.self_describing_json.SelfDescribingJson object at 0x000001B2318915B0>]}


============================== 13:12:40.437363 | d5c9bf38-02de-440a-a704-679aff03945b ==============================
[0m13:12:40.437363 [info ] [MainThread]: Running with dbt=1.8.8
[0m13:12:40.439015 [debug] [MainThread]: running dbt with arguments {'printer_width': '80', 'indirect_selection': 'eager', 'log_cache_events': 'False', 'write_json': 'True', 'partial_parse': 'True', 'cache_selected_only': 'False', 'profiles_dir': 'C:\\Users\\Temitope\\.dbt', 'fail_fast': 'False', 'version_check': 'True', 'log_path': 'logs', 'debug': 'False', 'warn_error': 'None', 'use_colors': 'True', 'use_experimental_parser': 'False', 'empty': 'None', 'quiet': 'False', 'no_print': 'None', 'warn_error_options': 'WarnErrorOptions(include=[], exclude=[])', 'static_parser': 'True', 'introspect': 'True', 'log_format': 'default', 'target_path': 'None', 'invocation_command': 'dbt debug', 'send_anonymous_usage_stats': 'True'}
[0m13:12:40.480344 [info ] [MainThread]: dbt version: 1.8.8
[0m13:12:40.482072 [info ] [MainThread]: python version: 3.9.13
[0m13:12:40.483845 [info ] [MainThread]: python path: c:\mdsn_venv\Scripts\python.exe
[0m13:12:40.487272 [info ] [MainThread]: os info: Windows-10-10.0.19045-SP0
[0m13:12:42.436195 [info ] [MainThread]: Using profiles dir at C:\Users\Temitope\.dbt
[0m13:12:42.438999 [info ] [MainThread]: Using profiles.yml file at C:\Users\Temitope\.dbt\profiles.yml
[0m13:12:42.440801 [info ] [MainThread]: Using dbt_project.yml file at C:\airflow\dbt\dbt_project.yml
[0m13:12:42.443424 [error] [MainThread]: Encountered an error:
Internal Error
  Profile should not be None if loading profile completed
[0m13:12:42.447393 [debug] [MainThread]: Command `dbt debug` failed at 13:12:42.446347 after 2.15 seconds
[0m13:12:42.448590 [debug] [MainThread]: Sending event: {'category': 'dbt', 'action': 'invocation', 'label': 'end', 'context': [<snowplow_tracker.self_describing_json.SelfDescribingJson object at 0x000001B22F028820>, <snowplow_tracker.self_describing_json.SelfDescribingJson object at 0x000001B2424B3610>, <snowplow_tracker.self_describing_json.SelfDescribingJson object at 0x000001B242486D30>]}
[0m13:12:42.451076 [debug] [MainThread]: Flushing usage events
