[2024-12-11T09:26:22.834+0000] {processor.py:161} INFO - Started process (PID=22568) to work on /home/airflow/.local/lib/python3.10/site-packages/airflow/example_dags/example_setup_teardown_taskflow.py
[2024-12-11T09:26:22.846+0000] {processor.py:830} INFO - Processing file /home/airflow/.local/lib/python3.10/site-packages/airflow/example_dags/example_setup_teardown_taskflow.py for tasks to queue
[2024-12-11T09:26:22.874+0000] {logging_mixin.py:188} INFO - [2024-12-11T09:26:22.873+0000] {dagbag.py:540} INFO - Filling up the DagBag from /home/airflow/.local/lib/python3.10/site-packages/airflow/example_dags/example_setup_teardown_taskflow.py
[2024-12-11T09:26:23.017+0000] {processor.py:840} INFO - DAG(s) 'example_setup_teardown_taskflow' retrieved from /home/airflow/.local/lib/python3.10/site-packages/airflow/example_dags/example_setup_teardown_taskflow.py
[2024-12-11T09:26:23.230+0000] {logging_mixin.py:188} INFO - [2024-12-11T09:26:23.229+0000] {dag.py:3047} INFO - Sync 1 DAGs
[2024-12-11T09:26:23.360+0000] {logging_mixin.py:188} INFO - [2024-12-11T09:26:23.359+0000] {dag.py:3834} INFO - Setting next_dagrun for example_setup_teardown_taskflow to 2024-12-10 00:00:00+00:00, run_after=2024-12-11 00:00:00+00:00
[2024-12-11T09:26:23.497+0000] {processor.py:183} INFO - Processing /home/airflow/.local/lib/python3.10/site-packages/airflow/example_dags/example_setup_teardown_taskflow.py took 0.671 seconds
[2024-12-11T09:33:58.935+0000] {processor.py:161} INFO - Started process (PID=22658) to work on /home/airflow/.local/lib/python3.10/site-packages/airflow/example_dags/example_setup_teardown_taskflow.py
[2024-12-11T09:33:58.941+0000] {processor.py:830} INFO - Processing file /home/airflow/.local/lib/python3.10/site-packages/airflow/example_dags/example_setup_teardown_taskflow.py for tasks to queue
[2024-12-11T09:33:58.945+0000] {logging_mixin.py:188} INFO - [2024-12-11T09:33:58.944+0000] {dagbag.py:540} INFO - Filling up the DagBag from /home/airflow/.local/lib/python3.10/site-packages/airflow/example_dags/example_setup_teardown_taskflow.py
[2024-12-11T09:33:59.286+0000] {processor.py:840} INFO - DAG(s) 'example_setup_teardown_taskflow' retrieved from /home/airflow/.local/lib/python3.10/site-packages/airflow/example_dags/example_setup_teardown_taskflow.py
[2024-12-11T09:33:59.386+0000] {logging_mixin.py:188} INFO - [2024-12-11T09:33:59.384+0000] {dag.py:3047} INFO - Sync 1 DAGs
[2024-12-11T09:33:59.538+0000] {logging_mixin.py:188} INFO - [2024-12-11T09:33:59.537+0000] {dag.py:3834} INFO - Setting next_dagrun for example_setup_teardown_taskflow to 2024-12-10 00:00:00+00:00, run_after=2024-12-11 00:00:00+00:00
[2024-12-11T09:33:59.679+0000] {processor.py:183} INFO - Processing /home/airflow/.local/lib/python3.10/site-packages/airflow/example_dags/example_setup_teardown_taskflow.py took 0.776 seconds
[2024-12-11T09:41:21.291+0000] {processor.py:161} INFO - Started process (PID=22763) to work on /home/airflow/.local/lib/python3.10/site-packages/airflow/example_dags/example_setup_teardown_taskflow.py
[2024-12-11T09:41:21.328+0000] {processor.py:830} INFO - Processing file /home/airflow/.local/lib/python3.10/site-packages/airflow/example_dags/example_setup_teardown_taskflow.py for tasks to queue
[2024-12-11T09:41:21.331+0000] {logging_mixin.py:188} INFO - [2024-12-11T09:41:21.330+0000] {dagbag.py:540} INFO - Filling up the DagBag from /home/airflow/.local/lib/python3.10/site-packages/airflow/example_dags/example_setup_teardown_taskflow.py
[2024-12-11T09:41:22.813+0000] {processor.py:840} INFO - DAG(s) 'example_setup_teardown_taskflow' retrieved from /home/airflow/.local/lib/python3.10/site-packages/airflow/example_dags/example_setup_teardown_taskflow.py
[2024-12-11T09:41:50.062+0000] {logging_mixin.py:188} INFO - [2024-12-11T09:41:49.270+0000] {dag.py:3047} INFO - Sync 1 DAGs
[2024-12-11T09:42:07.369+0000] {logging_mixin.py:188} INFO - [2024-12-11T09:42:07.284+0000] {dag.py:3834} INFO - Setting next_dagrun for example_setup_teardown_taskflow to 2024-12-10 00:00:00+00:00, run_after=2024-12-11 00:00:00+00:00
[2024-12-11T09:42:09.451+0000] {processor.py:183} INFO - Processing /home/airflow/.local/lib/python3.10/site-packages/airflow/example_dags/example_setup_teardown_taskflow.py took 48.278 seconds
