[2024-12-11T09:26:24.785+0000] {processor.py:161} INFO - Started process (PID=22573) to work on /home/airflow/.local/lib/python3.10/site-packages/airflow/example_dags/example_short_circuit_decorator.py
[2024-12-11T09:26:24.802+0000] {processor.py:830} INFO - Processing file /home/airflow/.local/lib/python3.10/site-packages/airflow/example_dags/example_short_circuit_decorator.py for tasks to queue
[2024-12-11T09:26:24.821+0000] {logging_mixin.py:188} INFO - [2024-12-11T09:26:24.820+0000] {dagbag.py:540} INFO - Filling up the DagBag from /home/airflow/.local/lib/python3.10/site-packages/airflow/example_dags/example_short_circuit_decorator.py
[2024-12-11T09:26:24.938+0000] {processor.py:840} INFO - DAG(s) 'example_short_circuit_decorator' retrieved from /home/airflow/.local/lib/python3.10/site-packages/airflow/example_dags/example_short_circuit_decorator.py
[2024-12-11T09:26:25.151+0000] {logging_mixin.py:188} INFO - [2024-12-11T09:26:25.150+0000] {dag.py:3047} INFO - Sync 1 DAGs
[2024-12-11T09:26:25.256+0000] {logging_mixin.py:188} INFO - [2024-12-11T09:26:25.246+0000] {dag.py:3834} INFO - Setting next_dagrun for example_short_circuit_decorator to 2024-12-10 00:00:00+00:00, run_after=2024-12-11 00:00:00+00:00
[2024-12-11T09:26:25.360+0000] {processor.py:183} INFO - Processing /home/airflow/.local/lib/python3.10/site-packages/airflow/example_dags/example_short_circuit_decorator.py took 0.583 seconds
[2024-12-11T09:34:01.904+0000] {processor.py:161} INFO - Started process (PID=22663) to work on /home/airflow/.local/lib/python3.10/site-packages/airflow/example_dags/example_short_circuit_decorator.py
[2024-12-11T09:34:01.910+0000] {processor.py:830} INFO - Processing file /home/airflow/.local/lib/python3.10/site-packages/airflow/example_dags/example_short_circuit_decorator.py for tasks to queue
[2024-12-11T09:34:01.938+0000] {logging_mixin.py:188} INFO - [2024-12-11T09:34:01.938+0000] {dagbag.py:540} INFO - Filling up the DagBag from /home/airflow/.local/lib/python3.10/site-packages/airflow/example_dags/example_short_circuit_decorator.py
[2024-12-11T09:34:02.198+0000] {processor.py:840} INFO - DAG(s) 'example_short_circuit_decorator' retrieved from /home/airflow/.local/lib/python3.10/site-packages/airflow/example_dags/example_short_circuit_decorator.py
[2024-12-11T09:34:02.360+0000] {logging_mixin.py:188} INFO - [2024-12-11T09:34:02.359+0000] {dag.py:3047} INFO - Sync 1 DAGs
[2024-12-11T09:34:02.453+0000] {logging_mixin.py:188} INFO - [2024-12-11T09:34:02.452+0000] {dag.py:3834} INFO - Setting next_dagrun for example_short_circuit_decorator to 2024-12-10 00:00:00+00:00, run_after=2024-12-11 00:00:00+00:00
[2024-12-11T09:34:02.545+0000] {processor.py:183} INFO - Processing /home/airflow/.local/lib/python3.10/site-packages/airflow/example_dags/example_short_circuit_decorator.py took 0.725 seconds
[2024-12-11T09:42:16.081+0000] {processor.py:161} INFO - Started process (PID=22779) to work on /home/airflow/.local/lib/python3.10/site-packages/airflow/example_dags/example_short_circuit_decorator.py
[2024-12-11T09:42:16.085+0000] {processor.py:830} INFO - Processing file /home/airflow/.local/lib/python3.10/site-packages/airflow/example_dags/example_short_circuit_decorator.py for tasks to queue
[2024-12-11T09:42:16.093+0000] {logging_mixin.py:188} INFO - [2024-12-11T09:42:16.090+0000] {dagbag.py:540} INFO - Filling up the DagBag from /home/airflow/.local/lib/python3.10/site-packages/airflow/example_dags/example_short_circuit_decorator.py
[2024-12-11T09:42:16.400+0000] {processor.py:840} INFO - DAG(s) 'example_short_circuit_decorator' retrieved from /home/airflow/.local/lib/python3.10/site-packages/airflow/example_dags/example_short_circuit_decorator.py
[2024-12-11T09:42:16.944+0000] {logging_mixin.py:188} INFO - [2024-12-11T09:42:16.943+0000] {dag.py:3047} INFO - Sync 1 DAGs
[2024-12-11T09:42:18.223+0000] {logging_mixin.py:188} INFO - [2024-12-11T09:42:18.223+0000] {dag.py:3834} INFO - Setting next_dagrun for example_short_circuit_decorator to 2024-12-10 00:00:00+00:00, run_after=2024-12-11 00:00:00+00:00
[2024-12-11T09:42:18.765+0000] {processor.py:183} INFO - Processing /home/airflow/.local/lib/python3.10/site-packages/airflow/example_dags/example_short_circuit_decorator.py took 2.707 seconds
