[2024-12-11T09:26:51.536+0000] {processor.py:161} INFO - Started process (PID=22593) to work on /home/airflow/.local/lib/python3.10/site-packages/airflow/example_dags/example_trigger_controller_dag.py
[2024-12-11T09:26:51.644+0000] {processor.py:830} INFO - Processing file /home/airflow/.local/lib/python3.10/site-packages/airflow/example_dags/example_trigger_controller_dag.py for tasks to queue
[2024-12-11T09:26:51.662+0000] {logging_mixin.py:188} INFO - [2024-12-11T09:26:51.661+0000] {dagbag.py:540} INFO - Filling up the DagBag from /home/airflow/.local/lib/python3.10/site-packages/airflow/example_dags/example_trigger_controller_dag.py
[2024-12-11T09:26:51.724+0000] {processor.py:840} INFO - DAG(s) 'example_trigger_controller_dag' retrieved from /home/airflow/.local/lib/python3.10/site-packages/airflow/example_dags/example_trigger_controller_dag.py
[2024-12-11T09:26:56.869+0000] {logging_mixin.py:188} INFO - [2024-12-11T09:26:56.802+0000] {dag.py:3047} INFO - Sync 1 DAGs
[2024-12-11T09:26:59.904+0000] {logging_mixin.py:188} INFO - [2024-12-11T09:26:59.901+0000] {dag.py:3834} INFO - Setting next_dagrun for example_trigger_controller_dag to 2021-01-01 00:00:00+00:00, run_after=2021-01-01 00:00:00+00:00
[2024-12-11T09:27:01.612+0000] {processor.py:183} INFO - Processing /home/airflow/.local/lib/python3.10/site-packages/airflow/example_dags/example_trigger_controller_dag.py took 9.829 seconds
[2024-12-11T09:36:52.710+0000] {processor.py:161} INFO - Started process (PID=22707) to work on /home/airflow/.local/lib/python3.10/site-packages/airflow/example_dags/example_trigger_controller_dag.py
[2024-12-11T09:36:53.120+0000] {processor.py:830} INFO - Processing file /home/airflow/.local/lib/python3.10/site-packages/airflow/example_dags/example_trigger_controller_dag.py for tasks to queue
[2024-12-11T09:36:53.431+0000] {logging_mixin.py:188} INFO - [2024-12-11T09:36:53.236+0000] {dagbag.py:540} INFO - Filling up the DagBag from /home/airflow/.local/lib/python3.10/site-packages/airflow/example_dags/example_trigger_controller_dag.py
[2024-12-11T09:36:56.823+0000] {processor.py:840} INFO - DAG(s) 'example_trigger_controller_dag' retrieved from /home/airflow/.local/lib/python3.10/site-packages/airflow/example_dags/example_trigger_controller_dag.py
[2024-12-11T09:37:07.110+0000] {logging_mixin.py:188} INFO - [2024-12-11T09:37:07.000+0000] {dag.py:3047} INFO - Sync 1 DAGs
[2024-12-11T09:37:09.872+0000] {logging_mixin.py:188} INFO - [2024-12-11T09:37:09.843+0000] {dag.py:3834} INFO - Setting next_dagrun for example_trigger_controller_dag to 2021-01-01 00:00:00+00:00, run_after=2021-01-01 00:00:00+00:00
[2024-12-11T09:37:10.760+0000] {processor.py:183} INFO - Processing /home/airflow/.local/lib/python3.10/site-packages/airflow/example_dags/example_trigger_controller_dag.py took 19.482 seconds
[2024-12-11T09:43:45.331+0000] {processor.py:161} INFO - Started process (PID=22806) to work on /home/airflow/.local/lib/python3.10/site-packages/airflow/example_dags/example_trigger_controller_dag.py
[2024-12-11T09:43:45.338+0000] {processor.py:830} INFO - Processing file /home/airflow/.local/lib/python3.10/site-packages/airflow/example_dags/example_trigger_controller_dag.py for tasks to queue
[2024-12-11T09:43:45.341+0000] {logging_mixin.py:188} INFO - [2024-12-11T09:43:45.340+0000] {dagbag.py:540} INFO - Filling up the DagBag from /home/airflow/.local/lib/python3.10/site-packages/airflow/example_dags/example_trigger_controller_dag.py
[2024-12-11T09:43:45.361+0000] {processor.py:840} INFO - DAG(s) 'example_trigger_controller_dag' retrieved from /home/airflow/.local/lib/python3.10/site-packages/airflow/example_dags/example_trigger_controller_dag.py
[2024-12-11T09:43:45.572+0000] {logging_mixin.py:188} INFO - [2024-12-11T09:43:45.571+0000] {dag.py:3047} INFO - Sync 1 DAGs
[2024-12-11T09:43:45.744+0000] {logging_mixin.py:188} INFO - [2024-12-11T09:43:45.735+0000] {dag.py:3834} INFO - Setting next_dagrun for example_trigger_controller_dag to 2021-01-01 00:00:00+00:00, run_after=2021-01-01 00:00:00+00:00
[2024-12-11T09:43:45.905+0000] {processor.py:183} INFO - Processing /home/airflow/.local/lib/python3.10/site-packages/airflow/example_dags/example_trigger_controller_dag.py took 0.591 seconds
