[2024-12-11T09:26:13.491+0000] {processor.py:161} INFO - Started process (PID=22563) to work on /home/airflow/.local/lib/python3.10/site-packages/airflow/example_dags/example_datasets.py
[2024-12-11T09:26:13.496+0000] {processor.py:830} INFO - Processing file /home/airflow/.local/lib/python3.10/site-packages/airflow/example_dags/example_datasets.py for tasks to queue
[2024-12-11T09:26:13.520+0000] {logging_mixin.py:188} INFO - [2024-12-11T09:26:13.519+0000] {dagbag.py:540} INFO - Filling up the DagBag from /home/airflow/.local/lib/python3.10/site-packages/airflow/example_dags/example_datasets.py
[2024-12-11T09:26:14.422+0000] {processor.py:840} INFO - DAG(s) 'dataset_produces_1', 'dataset_consumes_1_and_2', 'dataset_consumes_1', 'dataset_consumes_1_never_scheduled', 'dataset_consumes_unknown_never_scheduled', 'dataset_produces_2' retrieved from /home/airflow/.local/lib/python3.10/site-packages/airflow/example_dags/example_datasets.py
[2024-12-11T09:26:14.971+0000] {logging_mixin.py:188} INFO - [2024-12-11T09:26:14.970+0000] {dag.py:3047} INFO - Sync 6 DAGs
[2024-12-11T09:26:15.470+0000] {logging_mixin.py:188} INFO - [2024-12-11T09:26:15.468+0000] {dag.py:3834} INFO - Setting next_dagrun for dataset_consumes_1 to None, run_after=None
[2024-12-11T09:26:15.589+0000] {logging_mixin.py:188} INFO - [2024-12-11T09:26:15.577+0000] {dag.py:3834} INFO - Setting next_dagrun for dataset_consumes_1_and_2 to None, run_after=None
[2024-12-11T09:26:15.624+0000] {logging_mixin.py:188} INFO - [2024-12-11T09:26:15.624+0000] {dag.py:3834} INFO - Setting next_dagrun for dataset_consumes_1_never_scheduled to None, run_after=None
[2024-12-11T09:26:15.636+0000] {logging_mixin.py:188} INFO - [2024-12-11T09:26:15.636+0000] {dag.py:3834} INFO - Setting next_dagrun for dataset_consumes_unknown_never_scheduled to None, run_after=None
[2024-12-11T09:26:15.672+0000] {logging_mixin.py:188} INFO - [2024-12-11T09:26:15.671+0000] {dag.py:3834} INFO - Setting next_dagrun for dataset_produces_1 to 2024-12-10 00:00:00+00:00, run_after=2024-12-11 00:00:00+00:00
[2024-12-11T09:26:15.686+0000] {logging_mixin.py:188} INFO - [2024-12-11T09:26:15.685+0000] {dag.py:3834} INFO - Setting next_dagrun for dataset_produces_2 to None, run_after=None
[2024-12-11T09:26:16.219+0000] {processor.py:183} INFO - Processing /home/airflow/.local/lib/python3.10/site-packages/airflow/example_dags/example_datasets.py took 2.815 seconds
[2024-12-11T09:33:11.093+0000] {processor.py:161} INFO - Started process (PID=22645) to work on /home/airflow/.local/lib/python3.10/site-packages/airflow/example_dags/example_datasets.py
[2024-12-11T09:33:11.466+0000] {processor.py:830} INFO - Processing file /home/airflow/.local/lib/python3.10/site-packages/airflow/example_dags/example_datasets.py for tasks to queue
[2024-12-11T09:33:11.679+0000] {logging_mixin.py:188} INFO - [2024-12-11T09:33:11.605+0000] {dagbag.py:540} INFO - Filling up the DagBag from /home/airflow/.local/lib/python3.10/site-packages/airflow/example_dags/example_datasets.py
[2024-12-11T09:33:14.688+0000] {processor.py:840} INFO - DAG(s) 'dataset_consumes_1_and_2', 'dataset_produces_1', 'dataset_produces_2', 'dataset_consumes_1', 'dataset_consumes_1_never_scheduled', 'dataset_consumes_unknown_never_scheduled' retrieved from /home/airflow/.local/lib/python3.10/site-packages/airflow/example_dags/example_datasets.py
[2024-12-11T09:33:22.712+0000] {logging_mixin.py:188} INFO - [2024-12-11T09:33:22.637+0000] {dag.py:3047} INFO - Sync 6 DAGs
[2024-12-11T09:33:37.839+0000] {logging_mixin.py:188} INFO - [2024-12-11T09:33:37.713+0000] {dag.py:3834} INFO - Setting next_dagrun for dataset_consumes_1 to None, run_after=None
[2024-12-11T09:33:38.047+0000] {logging_mixin.py:188} INFO - [2024-12-11T09:33:38.044+0000] {dag.py:3834} INFO - Setting next_dagrun for dataset_consumes_1_and_2 to None, run_after=None
[2024-12-11T09:33:38.064+0000] {logging_mixin.py:188} INFO - [2024-12-11T09:33:38.063+0000] {dag.py:3834} INFO - Setting next_dagrun for dataset_consumes_1_never_scheduled to None, run_after=None
[2024-12-11T09:33:38.073+0000] {logging_mixin.py:188} INFO - [2024-12-11T09:33:38.072+0000] {dag.py:3834} INFO - Setting next_dagrun for dataset_consumes_unknown_never_scheduled to None, run_after=None
[2024-12-11T09:33:38.263+0000] {logging_mixin.py:188} INFO - [2024-12-11T09:33:38.260+0000] {dag.py:3834} INFO - Setting next_dagrun for dataset_produces_1 to 2024-12-10 00:00:00+00:00, run_after=2024-12-11 00:00:00+00:00
[2024-12-11T09:33:38.269+0000] {logging_mixin.py:188} INFO - [2024-12-11T09:33:38.268+0000] {dag.py:3834} INFO - Setting next_dagrun for dataset_produces_2 to None, run_after=None
[2024-12-11T09:33:39.699+0000] {processor.py:183} INFO - Processing /home/airflow/.local/lib/python3.10/site-packages/airflow/example_dags/example_datasets.py took 29.806 seconds
[2024-12-11T09:40:16.017+0000] {processor.py:161} INFO - Started process (PID=22758) to work on /home/airflow/.local/lib/python3.10/site-packages/airflow/example_dags/example_datasets.py
[2024-12-11T09:40:16.323+0000] {processor.py:830} INFO - Processing file /home/airflow/.local/lib/python3.10/site-packages/airflow/example_dags/example_datasets.py for tasks to queue
[2024-12-11T09:40:17.638+0000] {logging_mixin.py:188} INFO - [2024-12-11T09:40:17.375+0000] {dagbag.py:540} INFO - Filling up the DagBag from /home/airflow/.local/lib/python3.10/site-packages/airflow/example_dags/example_datasets.py
[2024-12-11T09:40:45.281+0000] {processor.py:840} INFO - DAG(s) 'dataset_produces_1', 'dataset_produces_2', 'dataset_consumes_1_and_2', 'dataset_consumes_1_never_scheduled', 'dataset_consumes_1', 'dataset_consumes_unknown_never_scheduled' retrieved from /home/airflow/.local/lib/python3.10/site-packages/airflow/example_dags/example_datasets.py
[2024-12-11T09:46:08.481+0000] {processor.py:161} INFO - Started process (PID=22842) to work on /home/airflow/.local/lib/python3.10/site-packages/airflow/example_dags/example_datasets.py
[2024-12-11T09:46:08.746+0000] {processor.py:830} INFO - Processing file /home/airflow/.local/lib/python3.10/site-packages/airflow/example_dags/example_datasets.py for tasks to queue
[2024-12-11T09:46:08.884+0000] {logging_mixin.py:188} INFO - [2024-12-11T09:46:08.858+0000] {dagbag.py:540} INFO - Filling up the DagBag from /home/airflow/.local/lib/python3.10/site-packages/airflow/example_dags/example_datasets.py
[2024-12-11T09:46:10.902+0000] {processor.py:840} INFO - DAG(s) 'dataset_consumes_unknown_never_scheduled', 'dataset_consumes_1_never_scheduled', 'dataset_produces_2', 'dataset_consumes_1', 'dataset_produces_1', 'dataset_consumes_1_and_2' retrieved from /home/airflow/.local/lib/python3.10/site-packages/airflow/example_dags/example_datasets.py
