[2024-12-11T09:26:29.134+0000] {processor.py:161} INFO - Started process (PID=22580) to work on /home/airflow/.local/lib/python3.10/site-packages/airflow/example_dags/example_nested_branch_dag.py
[2024-12-11T09:26:29.137+0000] {processor.py:830} INFO - Processing file /home/airflow/.local/lib/python3.10/site-packages/airflow/example_dags/example_nested_branch_dag.py for tasks to queue
[2024-12-11T09:26:29.159+0000] {logging_mixin.py:188} INFO - [2024-12-11T09:26:29.158+0000] {dagbag.py:540} INFO - Filling up the DagBag from /home/airflow/.local/lib/python3.10/site-packages/airflow/example_dags/example_nested_branch_dag.py
[2024-12-11T09:26:29.484+0000] {processor.py:840} INFO - DAG(s) 'example_nested_branch_dag' retrieved from /home/airflow/.local/lib/python3.10/site-packages/airflow/example_dags/example_nested_branch_dag.py
[2024-12-11T09:26:38.154+0000] {logging_mixin.py:188} INFO - [2024-12-11T09:26:37.948+0000] {dag.py:3047} INFO - Sync 1 DAGs
[2024-12-11T09:26:38.552+0000] {logging_mixin.py:188} INFO - [2024-12-11T09:26:38.552+0000] {dag.py:3834} INFO - Setting next_dagrun for example_nested_branch_dag to 2024-12-10 00:00:00+00:00, run_after=2024-12-11 00:00:00+00:00
[2024-12-11T09:26:38.851+0000] {processor.py:183} INFO - Processing /home/airflow/.local/lib/python3.10/site-packages/airflow/example_dags/example_nested_branch_dag.py took 9.727 seconds
[2024-12-11T09:34:06.316+0000] {processor.py:161} INFO - Started process (PID=22670) to work on /home/airflow/.local/lib/python3.10/site-packages/airflow/example_dags/example_nested_branch_dag.py
[2024-12-11T09:34:06.334+0000] {processor.py:830} INFO - Processing file /home/airflow/.local/lib/python3.10/site-packages/airflow/example_dags/example_nested_branch_dag.py for tasks to queue
[2024-12-11T09:34:06.338+0000] {logging_mixin.py:188} INFO - [2024-12-11T09:34:06.338+0000] {dagbag.py:540} INFO - Filling up the DagBag from /home/airflow/.local/lib/python3.10/site-packages/airflow/example_dags/example_nested_branch_dag.py
[2024-12-11T09:34:06.444+0000] {processor.py:840} INFO - DAG(s) 'example_nested_branch_dag' retrieved from /home/airflow/.local/lib/python3.10/site-packages/airflow/example_dags/example_nested_branch_dag.py
[2024-12-11T09:34:06.735+0000] {logging_mixin.py:188} INFO - [2024-12-11T09:34:06.734+0000] {dag.py:3047} INFO - Sync 1 DAGs
[2024-12-11T09:34:06.984+0000] {logging_mixin.py:188} INFO - [2024-12-11T09:34:06.984+0000] {dag.py:3834} INFO - Setting next_dagrun for example_nested_branch_dag to 2024-12-10 00:00:00+00:00, run_after=2024-12-11 00:00:00+00:00
[2024-12-11T09:34:07.139+0000] {processor.py:183} INFO - Processing /home/airflow/.local/lib/python3.10/site-packages/airflow/example_dags/example_nested_branch_dag.py took 0.840 seconds
[2024-12-11T09:42:37.709+0000] {processor.py:161} INFO - Started process (PID=22786) to work on /home/airflow/.local/lib/python3.10/site-packages/airflow/example_dags/example_nested_branch_dag.py
[2024-12-11T09:42:37.759+0000] {processor.py:830} INFO - Processing file /home/airflow/.local/lib/python3.10/site-packages/airflow/example_dags/example_nested_branch_dag.py for tasks to queue
[2024-12-11T09:42:37.767+0000] {logging_mixin.py:188} INFO - [2024-12-11T09:42:37.765+0000] {dagbag.py:540} INFO - Filling up the DagBag from /home/airflow/.local/lib/python3.10/site-packages/airflow/example_dags/example_nested_branch_dag.py
[2024-12-11T09:42:39.425+0000] {processor.py:840} INFO - DAG(s) 'example_nested_branch_dag' retrieved from /home/airflow/.local/lib/python3.10/site-packages/airflow/example_dags/example_nested_branch_dag.py
[2024-12-11T09:43:18.597+0000] {logging_mixin.py:188} INFO - [2024-12-11T09:43:18.498+0000] {dag.py:3047} INFO - Sync 1 DAGs
[2024-12-11T09:43:27.248+0000] {logging_mixin.py:188} INFO - [2024-12-11T09:43:26.418+0000] {dag.py:3834} INFO - Setting next_dagrun for example_nested_branch_dag to 2024-12-10 00:00:00+00:00, run_after=2024-12-11 00:00:00+00:00
