[2024-12-11T09:26:26.743+0000] {processor.py:161} INFO - Started process (PID=22576) to work on /home/airflow/.local/lib/python3.10/site-packages/airflow/example_dags/example_latest_only.py
[2024-12-11T09:26:26.770+0000] {processor.py:830} INFO - Processing file /home/airflow/.local/lib/python3.10/site-packages/airflow/example_dags/example_latest_only.py for tasks to queue
[2024-12-11T09:26:26.786+0000] {logging_mixin.py:188} INFO - [2024-12-11T09:26:26.776+0000] {dagbag.py:540} INFO - Filling up the DagBag from /home/airflow/.local/lib/python3.10/site-packages/airflow/example_dags/example_latest_only.py
[2024-12-11T09:26:26.864+0000] {processor.py:840} INFO - DAG(s) 'latest_only' retrieved from /home/airflow/.local/lib/python3.10/site-packages/airflow/example_dags/example_latest_only.py
[2024-12-11T09:26:27.018+0000] {logging_mixin.py:188} INFO - [2024-12-11T09:26:27.017+0000] {dag.py:3047} INFO - Sync 1 DAGs
[2024-12-11T09:26:27.136+0000] {logging_mixin.py:188} INFO - [2024-12-11T09:26:27.135+0000] {dag.py:3834} INFO - Setting next_dagrun for latest_only to 2024-12-11 04:00:00+00:00, run_after=2024-12-11 08:00:00+00:00
[2024-12-11T09:26:27.289+0000] {processor.py:183} INFO - Processing /home/airflow/.local/lib/python3.10/site-packages/airflow/example_dags/example_latest_only.py took 0.556 seconds
[2024-12-11T09:34:04.439+0000] {processor.py:161} INFO - Started process (PID=22666) to work on /home/airflow/.local/lib/python3.10/site-packages/airflow/example_dags/example_latest_only.py
[2024-12-11T09:34:04.442+0000] {processor.py:830} INFO - Processing file /home/airflow/.local/lib/python3.10/site-packages/airflow/example_dags/example_latest_only.py for tasks to queue
[2024-12-11T09:34:04.445+0000] {logging_mixin.py:188} INFO - [2024-12-11T09:34:04.444+0000] {dagbag.py:540} INFO - Filling up the DagBag from /home/airflow/.local/lib/python3.10/site-packages/airflow/example_dags/example_latest_only.py
[2024-12-11T09:34:04.480+0000] {processor.py:840} INFO - DAG(s) 'latest_only' retrieved from /home/airflow/.local/lib/python3.10/site-packages/airflow/example_dags/example_latest_only.py
[2024-12-11T09:34:04.631+0000] {logging_mixin.py:188} INFO - [2024-12-11T09:34:04.630+0000] {dag.py:3047} INFO - Sync 1 DAGs
[2024-12-11T09:34:04.887+0000] {logging_mixin.py:188} INFO - [2024-12-11T09:34:04.886+0000] {dag.py:3834} INFO - Setting next_dagrun for latest_only to 2024-12-11 04:00:00+00:00, run_after=2024-12-11 08:00:00+00:00
[2024-12-11T09:34:05.053+0000] {processor.py:183} INFO - Processing /home/airflow/.local/lib/python3.10/site-packages/airflow/example_dags/example_latest_only.py took 0.663 seconds
[2024-12-11T09:42:22.299+0000] {processor.py:161} INFO - Started process (PID=22782) to work on /home/airflow/.local/lib/python3.10/site-packages/airflow/example_dags/example_latest_only.py
[2024-12-11T09:42:22.378+0000] {processor.py:830} INFO - Processing file /home/airflow/.local/lib/python3.10/site-packages/airflow/example_dags/example_latest_only.py for tasks to queue
[2024-12-11T09:42:22.416+0000] {logging_mixin.py:188} INFO - [2024-12-11T09:42:22.385+0000] {dagbag.py:540} INFO - Filling up the DagBag from /home/airflow/.local/lib/python3.10/site-packages/airflow/example_dags/example_latest_only.py
[2024-12-11T09:42:22.613+0000] {processor.py:840} INFO - DAG(s) 'latest_only' retrieved from /home/airflow/.local/lib/python3.10/site-packages/airflow/example_dags/example_latest_only.py
[2024-12-11T09:42:24.307+0000] {logging_mixin.py:188} INFO - [2024-12-11T09:42:24.230+0000] {dag.py:3047} INFO - Sync 1 DAGs
[2024-12-11T09:42:25.002+0000] {logging_mixin.py:188} INFO - [2024-12-11T09:42:25.001+0000] {dag.py:3834} INFO - Setting next_dagrun for latest_only to 2024-12-11 04:00:00+00:00, run_after=2024-12-11 08:00:00+00:00
[2024-12-11T09:42:25.312+0000] {processor.py:183} INFO - Processing /home/airflow/.local/lib/python3.10/site-packages/airflow/example_dags/example_latest_only.py took 3.315 seconds
