[2024-12-11T09:27:11.409+0000] {processor.py:161} INFO - Started process (PID=22597) to work on /home/airflow/.local/lib/python3.10/site-packages/airflow/example_dags/example_python_decorator.py
[2024-12-11T09:27:11.412+0000] {processor.py:830} INFO - Processing file /home/airflow/.local/lib/python3.10/site-packages/airflow/example_dags/example_python_decorator.py for tasks to queue
[2024-12-11T09:27:11.421+0000] {logging_mixin.py:188} INFO - [2024-12-11T09:27:11.420+0000] {dagbag.py:540} INFO - Filling up the DagBag from /home/airflow/.local/lib/python3.10/site-packages/airflow/example_dags/example_python_decorator.py
[2024-12-11T09:27:13.676+0000] {processor.py:840} INFO - DAG(s) 'example_python_decorator' retrieved from /home/airflow/.local/lib/python3.10/site-packages/airflow/example_dags/example_python_decorator.py
[2024-12-11T09:27:13.896+0000] {logging_mixin.py:188} INFO - [2024-12-11T09:27:13.895+0000] {dag.py:3047} INFO - Sync 1 DAGs
[2024-12-11T09:27:14.002+0000] {logging_mixin.py:188} INFO - [2024-12-11T09:27:14.001+0000] {dag.py:3834} INFO - Setting next_dagrun for example_python_decorator to None, run_after=None
[2024-12-11T09:27:14.256+0000] {processor.py:183} INFO - Processing /home/airflow/.local/lib/python3.10/site-packages/airflow/example_dags/example_python_decorator.py took 2.866 seconds
[2024-12-11T09:37:37.908+0000] {processor.py:161} INFO - Started process (PID=22724) to work on /home/airflow/.local/lib/python3.10/site-packages/airflow/example_dags/example_python_decorator.py
[2024-12-11T09:37:38.201+0000] {processor.py:830} INFO - Processing file /home/airflow/.local/lib/python3.10/site-packages/airflow/example_dags/example_python_decorator.py for tasks to queue
[2024-12-11T09:37:38.439+0000] {logging_mixin.py:188} INFO - [2024-12-11T09:37:38.395+0000] {dagbag.py:540} INFO - Filling up the DagBag from /home/airflow/.local/lib/python3.10/site-packages/airflow/example_dags/example_python_decorator.py
[2024-12-11T09:37:42.890+0000] {processor.py:840} INFO - DAG(s) 'example_python_decorator' retrieved from /home/airflow/.local/lib/python3.10/site-packages/airflow/example_dags/example_python_decorator.py
[2024-12-11T09:37:43.369+0000] {logging_mixin.py:188} INFO - [2024-12-11T09:37:43.369+0000] {dag.py:3047} INFO - Sync 1 DAGs
[2024-12-11T09:37:43.935+0000] {logging_mixin.py:188} INFO - [2024-12-11T09:37:43.932+0000] {dag.py:3834} INFO - Setting next_dagrun for example_python_decorator to None, run_after=None
[2024-12-11T09:37:44.601+0000] {processor.py:183} INFO - Processing /home/airflow/.local/lib/python3.10/site-packages/airflow/example_dags/example_python_decorator.py took 6.981 seconds
[2024-12-11T09:43:50.863+0000] {processor.py:161} INFO - Started process (PID=22810) to work on /home/airflow/.local/lib/python3.10/site-packages/airflow/example_dags/example_python_decorator.py
[2024-12-11T09:43:50.897+0000] {processor.py:830} INFO - Processing file /home/airflow/.local/lib/python3.10/site-packages/airflow/example_dags/example_python_decorator.py for tasks to queue
[2024-12-11T09:43:50.931+0000] {logging_mixin.py:188} INFO - [2024-12-11T09:43:50.930+0000] {dagbag.py:540} INFO - Filling up the DagBag from /home/airflow/.local/lib/python3.10/site-packages/airflow/example_dags/example_python_decorator.py
[2024-12-11T09:43:53.016+0000] {processor.py:840} INFO - DAG(s) 'example_python_decorator' retrieved from /home/airflow/.local/lib/python3.10/site-packages/airflow/example_dags/example_python_decorator.py
[2024-12-11T09:43:54.840+0000] {logging_mixin.py:188} INFO - [2024-12-11T09:43:54.836+0000] {dag.py:3047} INFO - Sync 1 DAGs
[2024-12-11T09:43:55.081+0000] {logging_mixin.py:188} INFO - [2024-12-11T09:43:55.080+0000] {dag.py:3834} INFO - Setting next_dagrun for example_python_decorator to None, run_after=None
[2024-12-11T09:43:56.428+0000] {processor.py:183} INFO - Processing /home/airflow/.local/lib/python3.10/site-packages/airflow/example_dags/example_python_decorator.py took 5.635 seconds
