[2024-12-11T09:26:20.724+0000] {processor.py:161} INFO - Started process (PID=22566) to work on /home/airflow/.local/lib/python3.10/site-packages/airflow/example_dags/example_sensors.py
[2024-12-11T09:26:20.736+0000] {processor.py:830} INFO - Processing file /home/airflow/.local/lib/python3.10/site-packages/airflow/example_dags/example_sensors.py for tasks to queue
[2024-12-11T09:26:20.748+0000] {logging_mixin.py:188} INFO - [2024-12-11T09:26:20.745+0000] {dagbag.py:540} INFO - Filling up the DagBag from /home/airflow/.local/lib/python3.10/site-packages/airflow/example_dags/example_sensors.py
[2024-12-11T09:26:21.857+0000] {processor.py:840} INFO - DAG(s) 'example_sensors' retrieved from /home/airflow/.local/lib/python3.10/site-packages/airflow/example_dags/example_sensors.py
[2024-12-11T09:26:22.242+0000] {logging_mixin.py:188} INFO - [2024-12-11T09:26:22.241+0000] {dag.py:3047} INFO - Sync 1 DAGs
[2024-12-11T09:26:22.357+0000] {logging_mixin.py:188} INFO - [2024-12-11T09:26:22.356+0000] {dag.py:3834} INFO - Setting next_dagrun for example_sensors to None, run_after=None
[2024-12-11T09:26:22.572+0000] {processor.py:183} INFO - Processing /home/airflow/.local/lib/python3.10/site-packages/airflow/example_dags/example_sensors.py took 1.862 seconds
[2024-12-11T09:33:56.143+0000] {processor.py:161} INFO - Started process (PID=22656) to work on /home/airflow/.local/lib/python3.10/site-packages/airflow/example_dags/example_sensors.py
[2024-12-11T09:33:56.157+0000] {processor.py:830} INFO - Processing file /home/airflow/.local/lib/python3.10/site-packages/airflow/example_dags/example_sensors.py for tasks to queue
[2024-12-11T09:33:56.175+0000] {logging_mixin.py:188} INFO - [2024-12-11T09:33:56.171+0000] {dagbag.py:540} INFO - Filling up the DagBag from /home/airflow/.local/lib/python3.10/site-packages/airflow/example_dags/example_sensors.py
[2024-12-11T09:33:56.426+0000] {processor.py:840} INFO - DAG(s) 'example_sensors' retrieved from /home/airflow/.local/lib/python3.10/site-packages/airflow/example_dags/example_sensors.py
[2024-12-11T09:33:57.582+0000] {logging_mixin.py:188} INFO - [2024-12-11T09:33:57.581+0000] {dag.py:3047} INFO - Sync 1 DAGs
[2024-12-11T09:33:57.970+0000] {logging_mixin.py:188} INFO - [2024-12-11T09:33:57.970+0000] {dag.py:3834} INFO - Setting next_dagrun for example_sensors to None, run_after=None
[2024-12-11T09:33:58.399+0000] {processor.py:183} INFO - Processing /home/airflow/.local/lib/python3.10/site-packages/airflow/example_dags/example_sensors.py took 2.451 seconds
[2024-12-11T09:41:15.105+0000] {processor.py:161} INFO - Started process (PID=22761) to work on /home/airflow/.local/lib/python3.10/site-packages/airflow/example_dags/example_sensors.py
[2024-12-11T09:41:15.159+0000] {processor.py:830} INFO - Processing file /home/airflow/.local/lib/python3.10/site-packages/airflow/example_dags/example_sensors.py for tasks to queue
[2024-12-11T09:41:15.246+0000] {logging_mixin.py:188} INFO - [2024-12-11T09:41:15.233+0000] {dagbag.py:540} INFO - Filling up the DagBag from /home/airflow/.local/lib/python3.10/site-packages/airflow/example_dags/example_sensors.py
[2024-12-11T09:41:15.714+0000] {processor.py:840} INFO - DAG(s) 'example_sensors' retrieved from /home/airflow/.local/lib/python3.10/site-packages/airflow/example_dags/example_sensors.py
[2024-12-11T09:41:17.025+0000] {logging_mixin.py:188} INFO - [2024-12-11T09:41:17.022+0000] {dag.py:3047} INFO - Sync 1 DAGs
[2024-12-11T09:41:18.647+0000] {logging_mixin.py:188} INFO - [2024-12-11T09:41:18.603+0000] {dag.py:3834} INFO - Setting next_dagrun for example_sensors to None, run_after=None
[2024-12-11T09:41:20.238+0000] {processor.py:183} INFO - Processing /home/airflow/.local/lib/python3.10/site-packages/airflow/example_dags/example_sensors.py took 5.337 seconds
