[2024-12-11T09:27:05.851+0000] {processor.py:161} INFO - Started process (PID=22595) to work on /home/airflow/.local/lib/python3.10/site-packages/airflow/example_dags/example_latest_only_with_trigger.py
[2024-12-11T09:27:05.884+0000] {processor.py:830} INFO - Processing file /home/airflow/.local/lib/python3.10/site-packages/airflow/example_dags/example_latest_only_with_trigger.py for tasks to queue
[2024-12-11T09:27:05.953+0000] {logging_mixin.py:188} INFO - [2024-12-11T09:27:05.951+0000] {dagbag.py:540} INFO - Filling up the DagBag from /home/airflow/.local/lib/python3.10/site-packages/airflow/example_dags/example_latest_only_with_trigger.py
[2024-12-11T09:27:06.427+0000] {processor.py:840} INFO - DAG(s) 'latest_only_with_trigger' retrieved from /home/airflow/.local/lib/python3.10/site-packages/airflow/example_dags/example_latest_only_with_trigger.py
[2024-12-11T09:27:09.220+0000] {logging_mixin.py:188} INFO - [2024-12-11T09:27:09.219+0000] {dag.py:3047} INFO - Sync 1 DAGs
[2024-12-11T09:27:10.483+0000] {logging_mixin.py:188} INFO - [2024-12-11T09:27:10.482+0000] {dag.py:3834} INFO - Setting next_dagrun for latest_only_with_trigger to 2024-12-11 04:00:00+00:00, run_after=2024-12-11 08:00:00+00:00
[2024-12-11T09:27:11.002+0000] {processor.py:183} INFO - Processing /home/airflow/.local/lib/python3.10/site-packages/airflow/example_dags/example_latest_only_with_trigger.py took 5.234 seconds
[2024-12-11T09:37:11.881+0000] {processor.py:161} INFO - Started process (PID=22715) to work on /home/airflow/.local/lib/python3.10/site-packages/airflow/example_dags/example_latest_only_with_trigger.py
[2024-12-11T09:37:11.926+0000] {processor.py:830} INFO - Processing file /home/airflow/.local/lib/python3.10/site-packages/airflow/example_dags/example_latest_only_with_trigger.py for tasks to queue
[2024-12-11T09:37:11.960+0000] {logging_mixin.py:188} INFO - [2024-12-11T09:37:11.957+0000] {dagbag.py:540} INFO - Filling up the DagBag from /home/airflow/.local/lib/python3.10/site-packages/airflow/example_dags/example_latest_only_with_trigger.py
[2024-12-11T09:37:13.036+0000] {processor.py:840} INFO - DAG(s) 'latest_only_with_trigger' retrieved from /home/airflow/.local/lib/python3.10/site-packages/airflow/example_dags/example_latest_only_with_trigger.py
[2024-12-11T09:37:21.168+0000] {logging_mixin.py:188} INFO - [2024-12-11T09:37:21.001+0000] {dag.py:3047} INFO - Sync 1 DAGs
[2024-12-11T09:37:24.930+0000] {logging_mixin.py:188} INFO - [2024-12-11T09:37:24.873+0000] {dag.py:3834} INFO - Setting next_dagrun for latest_only_with_trigger to 2024-12-11 04:00:00+00:00, run_after=2024-12-11 08:00:00+00:00
[2024-12-11T09:37:26.829+0000] {processor.py:183} INFO - Processing /home/airflow/.local/lib/python3.10/site-packages/airflow/example_dags/example_latest_only_with_trigger.py took 15.103 seconds
[2024-12-11T09:43:48.243+0000] {processor.py:161} INFO - Started process (PID=22808) to work on /home/airflow/.local/lib/python3.10/site-packages/airflow/example_dags/example_latest_only_with_trigger.py
[2024-12-11T09:43:48.252+0000] {processor.py:830} INFO - Processing file /home/airflow/.local/lib/python3.10/site-packages/airflow/example_dags/example_latest_only_with_trigger.py for tasks to queue
[2024-12-11T09:43:48.256+0000] {logging_mixin.py:188} INFO - [2024-12-11T09:43:48.255+0000] {dagbag.py:540} INFO - Filling up the DagBag from /home/airflow/.local/lib/python3.10/site-packages/airflow/example_dags/example_latest_only_with_trigger.py
[2024-12-11T09:43:48.349+0000] {processor.py:840} INFO - DAG(s) 'latest_only_with_trigger' retrieved from /home/airflow/.local/lib/python3.10/site-packages/airflow/example_dags/example_latest_only_with_trigger.py
[2024-12-11T09:43:48.856+0000] {logging_mixin.py:188} INFO - [2024-12-11T09:43:48.856+0000] {dag.py:3047} INFO - Sync 1 DAGs
[2024-12-11T09:43:49.109+0000] {logging_mixin.py:188} INFO - [2024-12-11T09:43:49.108+0000] {dag.py:3834} INFO - Setting next_dagrun for latest_only_with_trigger to 2024-12-11 04:00:00+00:00, run_after=2024-12-11 08:00:00+00:00
[2024-12-11T09:43:49.263+0000] {processor.py:183} INFO - Processing /home/airflow/.local/lib/python3.10/site-packages/airflow/example_dags/example_latest_only_with_trigger.py took 1.048 seconds
