[2024-12-11T09:26:23.218+0000] {processor.py:161} INFO - Started process (PID=22569) to work on /home/airflow/.local/lib/python3.10/site-packages/airflow/example_dags/example_sensor_decorator.py
[2024-12-11T09:26:23.229+0000] {processor.py:830} INFO - Processing file /home/airflow/.local/lib/python3.10/site-packages/airflow/example_dags/example_sensor_decorator.py for tasks to queue
[2024-12-11T09:26:23.237+0000] {logging_mixin.py:188} INFO - [2024-12-11T09:26:23.236+0000] {dagbag.py:540} INFO - Filling up the DagBag from /home/airflow/.local/lib/python3.10/site-packages/airflow/example_dags/example_sensor_decorator.py
[2024-12-11T09:26:23.326+0000] {processor.py:840} INFO - DAG(s) 'example_sensor_decorator' retrieved from /home/airflow/.local/lib/python3.10/site-packages/airflow/example_dags/example_sensor_decorator.py
[2024-12-11T09:26:23.590+0000] {logging_mixin.py:188} INFO - [2024-12-11T09:26:23.590+0000] {dag.py:3047} INFO - Sync 1 DAGs
[2024-12-11T09:26:23.693+0000] {logging_mixin.py:188} INFO - [2024-12-11T09:26:23.690+0000] {dag.py:3834} INFO - Setting next_dagrun for example_sensor_decorator to None, run_after=None
[2024-12-11T09:26:23.899+0000] {processor.py:183} INFO - Processing /home/airflow/.local/lib/python3.10/site-packages/airflow/example_dags/example_sensor_decorator.py took 0.701 seconds
[2024-12-11T09:34:00.018+0000] {processor.py:161} INFO - Started process (PID=22659) to work on /home/airflow/.local/lib/python3.10/site-packages/airflow/example_dags/example_sensor_decorator.py
[2024-12-11T09:34:00.029+0000] {processor.py:830} INFO - Processing file /home/airflow/.local/lib/python3.10/site-packages/airflow/example_dags/example_sensor_decorator.py for tasks to queue
[2024-12-11T09:34:00.035+0000] {logging_mixin.py:188} INFO - [2024-12-11T09:34:00.034+0000] {dagbag.py:540} INFO - Filling up the DagBag from /home/airflow/.local/lib/python3.10/site-packages/airflow/example_dags/example_sensor_decorator.py
[2024-12-11T09:34:00.065+0000] {processor.py:840} INFO - DAG(s) 'example_sensor_decorator' retrieved from /home/airflow/.local/lib/python3.10/site-packages/airflow/example_dags/example_sensor_decorator.py
[2024-12-11T09:34:00.198+0000] {logging_mixin.py:188} INFO - [2024-12-11T09:34:00.197+0000] {dag.py:3047} INFO - Sync 1 DAGs
[2024-12-11T09:34:00.358+0000] {logging_mixin.py:188} INFO - [2024-12-11T09:34:00.357+0000] {dag.py:3834} INFO - Setting next_dagrun for example_sensor_decorator to None, run_after=None
[2024-12-11T09:34:00.657+0000] {processor.py:183} INFO - Processing /home/airflow/.local/lib/python3.10/site-packages/airflow/example_dags/example_sensor_decorator.py took 0.657 seconds
[2024-12-11T09:42:11.230+0000] {processor.py:161} INFO - Started process (PID=22775) to work on /home/airflow/.local/lib/python3.10/site-packages/airflow/example_dags/example_sensor_decorator.py
[2024-12-11T09:42:11.267+0000] {processor.py:830} INFO - Processing file /home/airflow/.local/lib/python3.10/site-packages/airflow/example_dags/example_sensor_decorator.py for tasks to queue
[2024-12-11T09:42:11.325+0000] {logging_mixin.py:188} INFO - [2024-12-11T09:42:11.316+0000] {dagbag.py:540} INFO - Filling up the DagBag from /home/airflow/.local/lib/python3.10/site-packages/airflow/example_dags/example_sensor_decorator.py
[2024-12-11T09:42:12.494+0000] {processor.py:840} INFO - DAG(s) 'example_sensor_decorator' retrieved from /home/airflow/.local/lib/python3.10/site-packages/airflow/example_dags/example_sensor_decorator.py
[2024-12-11T09:42:13.843+0000] {logging_mixin.py:188} INFO - [2024-12-11T09:42:13.842+0000] {dag.py:3047} INFO - Sync 1 DAGs
[2024-12-11T09:42:14.378+0000] {logging_mixin.py:188} INFO - [2024-12-11T09:42:14.378+0000] {dag.py:3834} INFO - Setting next_dagrun for example_sensor_decorator to None, run_after=None
[2024-12-11T09:42:14.881+0000] {processor.py:183} INFO - Processing /home/airflow/.local/lib/python3.10/site-packages/airflow/example_dags/example_sensor_decorator.py took 3.911 seconds
