[2024-12-11T09:26:44.295+0000] {processor.py:161} INFO - Started process (PID=22589) to work on /home/airflow/.local/lib/python3.10/site-packages/airflow/example_dags/example_branch_datetime_operator.py
[2024-12-11T09:26:44.349+0000] {processor.py:830} INFO - Processing file /home/airflow/.local/lib/python3.10/site-packages/airflow/example_dags/example_branch_datetime_operator.py for tasks to queue
[2024-12-11T09:26:44.484+0000] {logging_mixin.py:188} INFO - [2024-12-11T09:26:44.483+0000] {dagbag.py:540} INFO - Filling up the DagBag from /home/airflow/.local/lib/python3.10/site-packages/airflow/example_dags/example_branch_datetime_operator.py
[2024-12-11T09:26:44.625+0000] {processor.py:840} INFO - DAG(s) 'example_branch_datetime_operator', 'example_branch_datetime_operator_3', 'example_branch_datetime_operator_2' retrieved from /home/airflow/.local/lib/python3.10/site-packages/airflow/example_dags/example_branch_datetime_operator.py
[2024-12-11T09:26:45.237+0000] {logging_mixin.py:188} INFO - [2024-12-11T09:26:45.237+0000] {dag.py:3047} INFO - Sync 3 DAGs
[2024-12-11T09:26:45.660+0000] {logging_mixin.py:188} INFO - [2024-12-11T09:26:45.659+0000] {dag.py:3834} INFO - Setting next_dagrun for example_branch_datetime_operator to 2024-12-10 00:00:00+00:00, run_after=2024-12-11 00:00:00+00:00
[2024-12-11T09:26:46.487+0000] {logging_mixin.py:188} INFO - [2024-12-11T09:26:46.486+0000] {dag.py:3834} INFO - Setting next_dagrun for example_branch_datetime_operator_2 to 2024-12-10 00:00:00+00:00, run_after=2024-12-11 00:00:00+00:00
[2024-12-11T09:26:46.537+0000] {logging_mixin.py:188} INFO - [2024-12-11T09:26:46.536+0000] {dag.py:3834} INFO - Setting next_dagrun for example_branch_datetime_operator_3 to 2024-12-10 00:00:00+00:00, run_after=2024-12-11 00:00:00+00:00
[2024-12-11T09:26:47.375+0000] {processor.py:183} INFO - Processing /home/airflow/.local/lib/python3.10/site-packages/airflow/example_dags/example_branch_datetime_operator.py took 3.103 seconds
[2024-12-11T09:34:07.936+0000] {processor.py:161} INFO - Started process (PID=22673) to work on /home/airflow/.local/lib/python3.10/site-packages/airflow/example_dags/example_branch_datetime_operator.py
[2024-12-11T09:34:07.943+0000] {processor.py:830} INFO - Processing file /home/airflow/.local/lib/python3.10/site-packages/airflow/example_dags/example_branch_datetime_operator.py for tasks to queue
[2024-12-11T09:34:07.948+0000] {logging_mixin.py:188} INFO - [2024-12-11T09:34:07.947+0000] {dagbag.py:540} INFO - Filling up the DagBag from /home/airflow/.local/lib/python3.10/site-packages/airflow/example_dags/example_branch_datetime_operator.py
[2024-12-11T09:34:08.025+0000] {processor.py:840} INFO - DAG(s) 'example_branch_datetime_operator', 'example_branch_datetime_operator_2', 'example_branch_datetime_operator_3' retrieved from /home/airflow/.local/lib/python3.10/site-packages/airflow/example_dags/example_branch_datetime_operator.py
[2024-12-11T09:34:08.223+0000] {logging_mixin.py:188} INFO - [2024-12-11T09:34:08.223+0000] {dag.py:3047} INFO - Sync 3 DAGs
[2024-12-11T09:34:08.407+0000] {logging_mixin.py:188} INFO - [2024-12-11T09:34:08.406+0000] {dag.py:3834} INFO - Setting next_dagrun for example_branch_datetime_operator to 2024-12-10 00:00:00+00:00, run_after=2024-12-11 00:00:00+00:00
[2024-12-11T09:34:08.446+0000] {logging_mixin.py:188} INFO - [2024-12-11T09:34:08.433+0000] {dag.py:3834} INFO - Setting next_dagrun for example_branch_datetime_operator_2 to 2024-12-10 00:00:00+00:00, run_after=2024-12-11 00:00:00+00:00
[2024-12-11T09:34:08.487+0000] {logging_mixin.py:188} INFO - [2024-12-11T09:34:08.486+0000] {dag.py:3834} INFO - Setting next_dagrun for example_branch_datetime_operator_3 to 2024-12-10 00:00:00+00:00, run_after=2024-12-11 00:00:00+00:00
[2024-12-11T09:34:08.758+0000] {processor.py:183} INFO - Processing /home/airflow/.local/lib/python3.10/site-packages/airflow/example_dags/example_branch_datetime_operator.py took 0.842 seconds
[2024-12-11T09:43:41.365+0000] {processor.py:161} INFO - Started process (PID=22802) to work on /home/airflow/.local/lib/python3.10/site-packages/airflow/example_dags/example_branch_datetime_operator.py
[2024-12-11T09:43:41.371+0000] {processor.py:830} INFO - Processing file /home/airflow/.local/lib/python3.10/site-packages/airflow/example_dags/example_branch_datetime_operator.py for tasks to queue
[2024-12-11T09:43:41.381+0000] {logging_mixin.py:188} INFO - [2024-12-11T09:43:41.373+0000] {dagbag.py:540} INFO - Filling up the DagBag from /home/airflow/.local/lib/python3.10/site-packages/airflow/example_dags/example_branch_datetime_operator.py
[2024-12-11T09:43:41.476+0000] {processor.py:840} INFO - DAG(s) 'example_branch_datetime_operator_3', 'example_branch_datetime_operator', 'example_branch_datetime_operator_2' retrieved from /home/airflow/.local/lib/python3.10/site-packages/airflow/example_dags/example_branch_datetime_operator.py
[2024-12-11T09:43:42.036+0000] {logging_mixin.py:188} INFO - [2024-12-11T09:43:42.035+0000] {dag.py:3047} INFO - Sync 3 DAGs
[2024-12-11T09:43:42.285+0000] {logging_mixin.py:188} INFO - [2024-12-11T09:43:42.284+0000] {dag.py:3834} INFO - Setting next_dagrun for example_branch_datetime_operator to 2024-12-10 00:00:00+00:00, run_after=2024-12-11 00:00:00+00:00
[2024-12-11T09:43:42.310+0000] {logging_mixin.py:188} INFO - [2024-12-11T09:43:42.309+0000] {dag.py:3834} INFO - Setting next_dagrun for example_branch_datetime_operator_2 to 2024-12-10 00:00:00+00:00, run_after=2024-12-11 00:00:00+00:00
[2024-12-11T09:43:42.329+0000] {logging_mixin.py:188} INFO - [2024-12-11T09:43:42.329+0000] {dag.py:3834} INFO - Setting next_dagrun for example_branch_datetime_operator_3 to 2024-12-10 00:00:00+00:00, run_after=2024-12-11 00:00:00+00:00
[2024-12-11T09:43:42.604+0000] {processor.py:183} INFO - Processing /home/airflow/.local/lib/python3.10/site-packages/airflow/example_dags/example_branch_datetime_operator.py took 1.269 seconds
