[2024-12-11T09:26:20.799+0000] {processor.py:161} INFO - Started process (PID=22567) to work on /home/airflow/.local/lib/python3.10/site-packages/airflow/example_dags/example_params_trigger_ui.py
[2024-12-11T09:26:20.809+0000] {processor.py:830} INFO - Processing file /home/airflow/.local/lib/python3.10/site-packages/airflow/example_dags/example_params_trigger_ui.py for tasks to queue
[2024-12-11T09:26:20.813+0000] {logging_mixin.py:188} INFO - [2024-12-11T09:26:20.813+0000] {dagbag.py:540} INFO - Filling up the DagBag from /home/airflow/.local/lib/python3.10/site-packages/airflow/example_dags/example_params_trigger_ui.py
[2024-12-11T09:26:22.308+0000] {processor.py:840} INFO - DAG(s) 'example_params_trigger_ui' retrieved from /home/airflow/.local/lib/python3.10/site-packages/airflow/example_dags/example_params_trigger_ui.py
[2024-12-11T09:26:22.813+0000] {logging_mixin.py:188} INFO - [2024-12-11T09:26:22.812+0000] {dag.py:3047} INFO - Sync 1 DAGs
[2024-12-11T09:26:22.910+0000] {logging_mixin.py:188} INFO - [2024-12-11T09:26:22.909+0000] {dag.py:3834} INFO - Setting next_dagrun for example_params_trigger_ui to None, run_after=None
[2024-12-11T09:26:23.012+0000] {processor.py:183} INFO - Processing /home/airflow/.local/lib/python3.10/site-packages/airflow/example_dags/example_params_trigger_ui.py took 2.254 seconds
[2024-12-11T09:33:56.142+0000] {processor.py:161} INFO - Started process (PID=22657) to work on /home/airflow/.local/lib/python3.10/site-packages/airflow/example_dags/example_params_trigger_ui.py
[2024-12-11T09:33:56.158+0000] {processor.py:830} INFO - Processing file /home/airflow/.local/lib/python3.10/site-packages/airflow/example_dags/example_params_trigger_ui.py for tasks to queue
[2024-12-11T09:33:56.173+0000] {logging_mixin.py:188} INFO - [2024-12-11T09:33:56.168+0000] {dagbag.py:540} INFO - Filling up the DagBag from /home/airflow/.local/lib/python3.10/site-packages/airflow/example_dags/example_params_trigger_ui.py
[2024-12-11T09:33:57.663+0000] {processor.py:840} INFO - DAG(s) 'example_params_trigger_ui' retrieved from /home/airflow/.local/lib/python3.10/site-packages/airflow/example_dags/example_params_trigger_ui.py
[2024-12-11T09:33:58.693+0000] {logging_mixin.py:188} INFO - [2024-12-11T09:33:58.692+0000] {dag.py:3047} INFO - Sync 1 DAGs
[2024-12-11T09:33:58.791+0000] {logging_mixin.py:188} INFO - [2024-12-11T09:33:58.781+0000] {dag.py:3834} INFO - Setting next_dagrun for example_params_trigger_ui to None, run_after=None
[2024-12-11T09:33:58.991+0000] {processor.py:183} INFO - Processing /home/airflow/.local/lib/python3.10/site-packages/airflow/example_dags/example_params_trigger_ui.py took 3.032 seconds
[2024-12-11T09:41:21.094+0000] {processor.py:161} INFO - Started process (PID=22762) to work on /home/airflow/.local/lib/python3.10/site-packages/airflow/example_dags/example_params_trigger_ui.py
[2024-12-11T09:41:21.114+0000] {processor.py:830} INFO - Processing file /home/airflow/.local/lib/python3.10/site-packages/airflow/example_dags/example_params_trigger_ui.py for tasks to queue
[2024-12-11T09:41:21.140+0000] {logging_mixin.py:188} INFO - [2024-12-11T09:41:21.135+0000] {dagbag.py:540} INFO - Filling up the DagBag from /home/airflow/.local/lib/python3.10/site-packages/airflow/example_dags/example_params_trigger_ui.py
[2024-12-11T09:41:26.146+0000] {processor.py:840} INFO - DAG(s) 'example_params_trigger_ui' retrieved from /home/airflow/.local/lib/python3.10/site-packages/airflow/example_dags/example_params_trigger_ui.py
[2024-12-11T09:41:53.946+0000] {logging_mixin.py:188} INFO - [2024-12-11T09:41:53.468+0000] {dag.py:3047} INFO - Sync 1 DAGs
[2024-12-11T09:41:58.245+0000] {logging_mixin.py:188} INFO - [2024-12-11T09:41:57.678+0000] {dag.py:3834} INFO - Setting next_dagrun for example_params_trigger_ui to None, run_after=None
[2024-12-11T09:42:09.460+0000] {processor.py:183} INFO - Processing /home/airflow/.local/lib/python3.10/site-packages/airflow/example_dags/example_params_trigger_ui.py took 48.687 seconds
