[2024-12-11T09:26:07.310+0000] {processor.py:161} INFO - Started process (PID=22554) to work on /home/airflow/.local/lib/python3.10/site-packages/airflow/example_dags/example_dynamic_task_mapping_with_no_taskflow_operators.py
[2024-12-11T09:26:07.317+0000] {processor.py:830} INFO - Processing file /home/airflow/.local/lib/python3.10/site-packages/airflow/example_dags/example_dynamic_task_mapping_with_no_taskflow_operators.py for tasks to queue
[2024-12-11T09:26:07.399+0000] {logging_mixin.py:188} INFO - [2024-12-11T09:26:07.398+0000] {dagbag.py:540} INFO - Filling up the DagBag from /home/airflow/.local/lib/python3.10/site-packages/airflow/example_dags/example_dynamic_task_mapping_with_no_taskflow_operators.py
[2024-12-11T09:26:07.678+0000] {processor.py:840} INFO - DAG(s) 'example_dynamic_task_mapping_with_no_taskflow_operators' retrieved from /home/airflow/.local/lib/python3.10/site-packages/airflow/example_dags/example_dynamic_task_mapping_with_no_taskflow_operators.py
[2024-12-11T09:26:08.295+0000] {logging_mixin.py:188} INFO - [2024-12-11T09:26:08.294+0000] {dag.py:3047} INFO - Sync 1 DAGs
[2024-12-11T09:26:09.047+0000] {logging_mixin.py:188} INFO - [2024-12-11T09:26:09.046+0000] {dag.py:3834} INFO - Setting next_dagrun for example_dynamic_task_mapping_with_no_taskflow_operators to 2024-12-10 00:00:00+00:00, run_after=2024-12-11 00:00:00+00:00
[2024-12-11T09:26:09.472+0000] {processor.py:183} INFO - Processing /home/airflow/.local/lib/python3.10/site-packages/airflow/example_dags/example_dynamic_task_mapping_with_no_taskflow_operators.py took 2.184 seconds
[2024-12-11T09:32:25.511+0000] {processor.py:161} INFO - Started process (PID=22635) to work on /home/airflow/.local/lib/python3.10/site-packages/airflow/example_dags/example_dynamic_task_mapping_with_no_taskflow_operators.py
[2024-12-11T09:32:25.542+0000] {processor.py:830} INFO - Processing file /home/airflow/.local/lib/python3.10/site-packages/airflow/example_dags/example_dynamic_task_mapping_with_no_taskflow_operators.py for tasks to queue
[2024-12-11T09:32:25.578+0000] {logging_mixin.py:188} INFO - [2024-12-11T09:32:25.573+0000] {dagbag.py:540} INFO - Filling up the DagBag from /home/airflow/.local/lib/python3.10/site-packages/airflow/example_dags/example_dynamic_task_mapping_with_no_taskflow_operators.py
[2024-12-11T09:32:28.452+0000] {processor.py:840} INFO - DAG(s) 'example_dynamic_task_mapping_with_no_taskflow_operators' retrieved from /home/airflow/.local/lib/python3.10/site-packages/airflow/example_dags/example_dynamic_task_mapping_with_no_taskflow_operators.py
[2024-12-11T09:32:43.776+0000] {logging_mixin.py:188} INFO - [2024-12-11T09:32:43.614+0000] {dag.py:3047} INFO - Sync 1 DAGs
[2024-12-11T09:32:44.965+0000] {logging_mixin.py:188} INFO - [2024-12-11T09:32:44.962+0000] {dag.py:3834} INFO - Setting next_dagrun for example_dynamic_task_mapping_with_no_taskflow_operators to 2024-12-10 00:00:00+00:00, run_after=2024-12-11 00:00:00+00:00
[2024-12-11T09:32:46.193+0000] {processor.py:183} INFO - Processing /home/airflow/.local/lib/python3.10/site-packages/airflow/example_dags/example_dynamic_task_mapping_with_no_taskflow_operators.py took 21.124 seconds
[2024-12-11T09:35:15.913+0000] {processor.py:161} INFO - Started process (PID=22697) to work on /home/airflow/.local/lib/python3.10/site-packages/airflow/example_dags/example_dynamic_task_mapping_with_no_taskflow_operators.py
[2024-12-11T09:35:15.966+0000] {processor.py:830} INFO - Processing file /home/airflow/.local/lib/python3.10/site-packages/airflow/example_dags/example_dynamic_task_mapping_with_no_taskflow_operators.py for tasks to queue
[2024-12-11T09:35:15.988+0000] {logging_mixin.py:188} INFO - [2024-12-11T09:35:15.981+0000] {dagbag.py:540} INFO - Filling up the DagBag from /home/airflow/.local/lib/python3.10/site-packages/airflow/example_dags/example_dynamic_task_mapping_with_no_taskflow_operators.py
[2024-12-11T09:35:17.815+0000] {processor.py:840} INFO - DAG(s) 'example_dynamic_task_mapping_with_no_taskflow_operators' retrieved from /home/airflow/.local/lib/python3.10/site-packages/airflow/example_dags/example_dynamic_task_mapping_with_no_taskflow_operators.py
[2024-12-11T09:35:19.489+0000] {logging_mixin.py:188} INFO - [2024-12-11T09:35:19.488+0000] {dag.py:3047} INFO - Sync 1 DAGs
[2024-12-11T09:35:22.499+0000] {logging_mixin.py:188} INFO - [2024-12-11T09:35:22.492+0000] {dag.py:3834} INFO - Setting next_dagrun for example_dynamic_task_mapping_with_no_taskflow_operators to 2024-12-10 00:00:00+00:00, run_after=2024-12-11 00:00:00+00:00
[2024-12-11T09:35:25.875+0000] {processor.py:183} INFO - Processing /home/airflow/.local/lib/python3.10/site-packages/airflow/example_dags/example_dynamic_task_mapping_with_no_taskflow_operators.py took 12.545 seconds
[2024-12-11T09:39:19.882+0000] {processor.py:161} INFO - Started process (PID=22755) to work on /home/airflow/.local/lib/python3.10/site-packages/airflow/example_dags/example_dynamic_task_mapping_with_no_taskflow_operators.py
[2024-12-11T09:39:19.945+0000] {processor.py:830} INFO - Processing file /home/airflow/.local/lib/python3.10/site-packages/airflow/example_dags/example_dynamic_task_mapping_with_no_taskflow_operators.py for tasks to queue
[2024-12-11T09:39:19.963+0000] {logging_mixin.py:188} INFO - [2024-12-11T09:39:19.962+0000] {dagbag.py:540} INFO - Filling up the DagBag from /home/airflow/.local/lib/python3.10/site-packages/airflow/example_dags/example_dynamic_task_mapping_with_no_taskflow_operators.py
[2024-12-11T09:39:20.096+0000] {processor.py:840} INFO - DAG(s) 'example_dynamic_task_mapping_with_no_taskflow_operators' retrieved from /home/airflow/.local/lib/python3.10/site-packages/airflow/example_dags/example_dynamic_task_mapping_with_no_taskflow_operators.py
[2024-12-11T09:39:21.299+0000] {logging_mixin.py:188} INFO - [2024-12-11T09:39:21.297+0000] {dag.py:3047} INFO - Sync 1 DAGs
[2024-12-11T09:39:21.490+0000] {logging_mixin.py:188} INFO - [2024-12-11T09:39:21.489+0000] {dag.py:3834} INFO - Setting next_dagrun for example_dynamic_task_mapping_with_no_taskflow_operators to 2024-12-10 00:00:00+00:00, run_after=2024-12-11 00:00:00+00:00
[2024-12-11T09:39:21.600+0000] {processor.py:183} INFO - Processing /home/airflow/.local/lib/python3.10/site-packages/airflow/example_dags/example_dynamic_task_mapping_with_no_taskflow_operators.py took 1.729 seconds
[2024-12-11T09:45:49.146+0000] {processor.py:161} INFO - Started process (PID=22839) to work on /home/airflow/.local/lib/python3.10/site-packages/airflow/example_dags/example_dynamic_task_mapping_with_no_taskflow_operators.py
[2024-12-11T09:45:49.158+0000] {processor.py:830} INFO - Processing file /home/airflow/.local/lib/python3.10/site-packages/airflow/example_dags/example_dynamic_task_mapping_with_no_taskflow_operators.py for tasks to queue
[2024-12-11T09:45:49.164+0000] {logging_mixin.py:188} INFO - [2024-12-11T09:45:49.163+0000] {dagbag.py:540} INFO - Filling up the DagBag from /home/airflow/.local/lib/python3.10/site-packages/airflow/example_dags/example_dynamic_task_mapping_with_no_taskflow_operators.py
[2024-12-11T09:45:49.412+0000] {processor.py:840} INFO - DAG(s) 'example_dynamic_task_mapping_with_no_taskflow_operators' retrieved from /home/airflow/.local/lib/python3.10/site-packages/airflow/example_dags/example_dynamic_task_mapping_with_no_taskflow_operators.py
[2024-12-11T09:45:49.955+0000] {logging_mixin.py:188} INFO - [2024-12-11T09:45:49.954+0000] {dag.py:3047} INFO - Sync 1 DAGs
[2024-12-11T09:45:50.380+0000] {logging_mixin.py:188} INFO - [2024-12-11T09:45:50.379+0000] {dag.py:3834} INFO - Setting next_dagrun for example_dynamic_task_mapping_with_no_taskflow_operators to 2024-12-10 00:00:00+00:00, run_after=2024-12-11 00:00:00+00:00
[2024-12-11T09:45:50.766+0000] {processor.py:183} INFO - Processing /home/airflow/.local/lib/python3.10/site-packages/airflow/example_dags/example_dynamic_task_mapping_with_no_taskflow_operators.py took 1.627 seconds
