[2024-12-11T09:26:24.555+0000] {processor.py:161} INFO - Started process (PID=22572) to work on /home/airflow/.local/lib/python3.10/site-packages/airflow/example_dags/example_setup_teardown.py
[2024-12-11T09:26:24.561+0000] {processor.py:830} INFO - Processing file /home/airflow/.local/lib/python3.10/site-packages/airflow/example_dags/example_setup_teardown.py for tasks to queue
[2024-12-11T09:26:24.584+0000] {logging_mixin.py:188} INFO - [2024-12-11T09:26:24.583+0000] {dagbag.py:540} INFO - Filling up the DagBag from /home/airflow/.local/lib/python3.10/site-packages/airflow/example_dags/example_setup_teardown.py
[2024-12-11T09:26:24.637+0000] {processor.py:840} INFO - DAG(s) 'example_setup_teardown' retrieved from /home/airflow/.local/lib/python3.10/site-packages/airflow/example_dags/example_setup_teardown.py
[2024-12-11T09:26:24.734+0000] {logging_mixin.py:188} INFO - [2024-12-11T09:26:24.733+0000] {dag.py:3047} INFO - Sync 1 DAGs
[2024-12-11T09:26:24.871+0000] {logging_mixin.py:188} INFO - [2024-12-11T09:26:24.870+0000] {dag.py:3834} INFO - Setting next_dagrun for example_setup_teardown to 2024-12-10 00:00:00+00:00, run_after=2024-12-11 00:00:00+00:00
[2024-12-11T09:26:25.050+0000] {processor.py:183} INFO - Processing /home/airflow/.local/lib/python3.10/site-packages/airflow/example_dags/example_setup_teardown.py took 0.529 seconds
[2024-12-11T09:34:01.487+0000] {processor.py:161} INFO - Started process (PID=22662) to work on /home/airflow/.local/lib/python3.10/site-packages/airflow/example_dags/example_setup_teardown.py
[2024-12-11T09:34:01.503+0000] {processor.py:830} INFO - Processing file /home/airflow/.local/lib/python3.10/site-packages/airflow/example_dags/example_setup_teardown.py for tasks to queue
[2024-12-11T09:34:01.537+0000] {logging_mixin.py:188} INFO - [2024-12-11T09:34:01.505+0000] {dagbag.py:540} INFO - Filling up the DagBag from /home/airflow/.local/lib/python3.10/site-packages/airflow/example_dags/example_setup_teardown.py
[2024-12-11T09:34:01.585+0000] {processor.py:840} INFO - DAG(s) 'example_setup_teardown' retrieved from /home/airflow/.local/lib/python3.10/site-packages/airflow/example_dags/example_setup_teardown.py
[2024-12-11T09:34:01.877+0000] {logging_mixin.py:188} INFO - [2024-12-11T09:34:01.877+0000] {dag.py:3047} INFO - Sync 1 DAGs
[2024-12-11T09:34:02.050+0000] {logging_mixin.py:188} INFO - [2024-12-11T09:34:02.049+0000] {dag.py:3834} INFO - Setting next_dagrun for example_setup_teardown to 2024-12-10 00:00:00+00:00, run_after=2024-12-11 00:00:00+00:00
[2024-12-11T09:34:02.079+0000] {processor.py:183} INFO - Processing /home/airflow/.local/lib/python3.10/site-packages/airflow/example_dags/example_setup_teardown.py took 0.864 seconds
[2024-12-11T09:42:16.067+0000] {processor.py:161} INFO - Started process (PID=22778) to work on /home/airflow/.local/lib/python3.10/site-packages/airflow/example_dags/example_setup_teardown.py
[2024-12-11T09:42:16.084+0000] {processor.py:830} INFO - Processing file /home/airflow/.local/lib/python3.10/site-packages/airflow/example_dags/example_setup_teardown.py for tasks to queue
[2024-12-11T09:42:16.087+0000] {logging_mixin.py:188} INFO - [2024-12-11T09:42:16.085+0000] {dagbag.py:540} INFO - Filling up the DagBag from /home/airflow/.local/lib/python3.10/site-packages/airflow/example_dags/example_setup_teardown.py
[2024-12-11T09:42:16.256+0000] {processor.py:840} INFO - DAG(s) 'example_setup_teardown' retrieved from /home/airflow/.local/lib/python3.10/site-packages/airflow/example_dags/example_setup_teardown.py
[2024-12-11T09:42:17.015+0000] {logging_mixin.py:188} INFO - [2024-12-11T09:42:17.014+0000] {dag.py:3047} INFO - Sync 1 DAGs
[2024-12-11T09:42:18.530+0000] {logging_mixin.py:188} INFO - [2024-12-11T09:42:18.529+0000] {dag.py:3834} INFO - Setting next_dagrun for example_setup_teardown to 2024-12-10 00:00:00+00:00, run_after=2024-12-11 00:00:00+00:00
[2024-12-11T09:42:19.191+0000] {processor.py:183} INFO - Processing /home/airflow/.local/lib/python3.10/site-packages/airflow/example_dags/example_setup_teardown.py took 3.130 seconds
