[2024-12-11T09:23:06.925+0000] {processor.py:161} INFO - Started process (PID=22512) to work on /home/airflow/.local/lib/python3.10/site-packages/airflow/example_dags/example_xcom.py
[2024-12-11T09:23:06.946+0000] {processor.py:830} INFO - Processing file /home/airflow/.local/lib/python3.10/site-packages/airflow/example_dags/example_xcom.py for tasks to queue
[2024-12-11T09:23:06.963+0000] {logging_mixin.py:188} INFO - [2024-12-11T09:23:06.962+0000] {dagbag.py:540} INFO - Filling up the DagBag from /home/airflow/.local/lib/python3.10/site-packages/airflow/example_dags/example_xcom.py
[2024-12-11T09:23:07.282+0000] {processor.py:840} INFO - DAG(s) 'example_xcom' retrieved from /home/airflow/.local/lib/python3.10/site-packages/airflow/example_dags/example_xcom.py
[2024-12-11T09:23:09.790+0000] {logging_mixin.py:188} INFO - [2024-12-11T09:23:09.786+0000] {dag.py:3047} INFO - Sync 1 DAGs
[2024-12-11T09:23:14.076+0000] {logging_mixin.py:188} INFO - [2024-12-11T09:23:14.075+0000] {dag.py:3834} INFO - Setting next_dagrun for example_xcom to 2021-01-01 00:00:00+00:00, run_after=2021-01-01 00:00:00+00:00
[2024-12-11T09:23:14.423+0000] {processor.py:183} INFO - Processing /home/airflow/.local/lib/python3.10/site-packages/airflow/example_dags/example_xcom.py took 7.540 seconds
[2024-12-11T09:25:53.638+0000] {processor.py:161} INFO - Started process (PID=22548) to work on /home/airflow/.local/lib/python3.10/site-packages/airflow/example_dags/example_xcom.py
[2024-12-11T09:25:53.642+0000] {processor.py:830} INFO - Processing file /home/airflow/.local/lib/python3.10/site-packages/airflow/example_dags/example_xcom.py for tasks to queue
[2024-12-11T09:25:53.684+0000] {logging_mixin.py:188} INFO - [2024-12-11T09:25:53.683+0000] {dagbag.py:540} INFO - Filling up the DagBag from /home/airflow/.local/lib/python3.10/site-packages/airflow/example_dags/example_xcom.py
[2024-12-11T09:25:53.894+0000] {processor.py:840} INFO - DAG(s) 'example_xcom' retrieved from /home/airflow/.local/lib/python3.10/site-packages/airflow/example_dags/example_xcom.py
[2024-12-11T09:25:54.612+0000] {logging_mixin.py:188} INFO - [2024-12-11T09:25:54.611+0000] {dag.py:3047} INFO - Sync 1 DAGs
[2024-12-11T09:25:54.786+0000] {logging_mixin.py:188} INFO - [2024-12-11T09:25:54.785+0000] {dag.py:3834} INFO - Setting next_dagrun for example_xcom to 2021-01-01 00:00:00+00:00, run_after=2021-01-01 00:00:00+00:00
[2024-12-11T09:25:55.114+0000] {processor.py:183} INFO - Processing /home/airflow/.local/lib/python3.10/site-packages/airflow/example_dags/example_xcom.py took 1.508 seconds
[2024-12-11T09:31:17.938+0000] {processor.py:161} INFO - Started process (PID=22615) to work on /home/airflow/.local/lib/python3.10/site-packages/airflow/example_dags/example_xcom.py
[2024-12-11T09:31:18.134+0000] {processor.py:830} INFO - Processing file /home/airflow/.local/lib/python3.10/site-packages/airflow/example_dags/example_xcom.py for tasks to queue
[2024-12-11T09:31:18.963+0000] {logging_mixin.py:188} INFO - [2024-12-11T09:31:18.912+0000] {dagbag.py:540} INFO - Filling up the DagBag from /home/airflow/.local/lib/python3.10/site-packages/airflow/example_dags/example_xcom.py
[2024-12-11T09:31:25.902+0000] {processor.py:840} INFO - DAG(s) 'example_xcom' retrieved from /home/airflow/.local/lib/python3.10/site-packages/airflow/example_dags/example_xcom.py
[2024-12-11T09:31:34.439+0000] {logging_mixin.py:188} INFO - [2024-12-11T09:31:34.377+0000] {dag.py:3047} INFO - Sync 1 DAGs
[2024-12-11T09:31:35.947+0000] {logging_mixin.py:188} INFO - [2024-12-11T09:31:35.939+0000] {dag.py:3834} INFO - Setting next_dagrun for example_xcom to 2021-01-01 00:00:00+00:00, run_after=2021-01-01 00:00:00+00:00
[2024-12-11T09:31:36.989+0000] {processor.py:183} INFO - Processing /home/airflow/.local/lib/python3.10/site-packages/airflow/example_dags/example_xcom.py took 22.295 seconds
[2024-12-11T09:34:13.769+0000] {processor.py:161} INFO - Started process (PID=22679) to work on /home/airflow/.local/lib/python3.10/site-packages/airflow/example_dags/example_xcom.py
[2024-12-11T09:34:13.786+0000] {processor.py:830} INFO - Processing file /home/airflow/.local/lib/python3.10/site-packages/airflow/example_dags/example_xcom.py for tasks to queue
[2024-12-11T09:34:13.811+0000] {logging_mixin.py:188} INFO - [2024-12-11T09:34:13.810+0000] {dagbag.py:540} INFO - Filling up the DagBag from /home/airflow/.local/lib/python3.10/site-packages/airflow/example_dags/example_xcom.py
[2024-12-11T09:34:13.884+0000] {processor.py:840} INFO - DAG(s) 'example_xcom' retrieved from /home/airflow/.local/lib/python3.10/site-packages/airflow/example_dags/example_xcom.py
[2024-12-11T09:34:14.273+0000] {logging_mixin.py:188} INFO - [2024-12-11T09:34:14.272+0000] {dag.py:3047} INFO - Sync 1 DAGs
[2024-12-11T09:34:14.424+0000] {logging_mixin.py:188} INFO - [2024-12-11T09:34:14.423+0000] {dag.py:3834} INFO - Setting next_dagrun for example_xcom to 2021-01-01 00:00:00+00:00, run_after=2021-01-01 00:00:00+00:00
[2024-12-11T09:34:14.813+0000] {processor.py:183} INFO - Processing /home/airflow/.local/lib/python3.10/site-packages/airflow/example_dags/example_xcom.py took 1.064 seconds
[2024-12-11T09:39:13.212+0000] {processor.py:161} INFO - Started process (PID=22749) to work on /home/airflow/.local/lib/python3.10/site-packages/airflow/example_dags/example_xcom.py
[2024-12-11T09:39:13.249+0000] {processor.py:830} INFO - Processing file /home/airflow/.local/lib/python3.10/site-packages/airflow/example_dags/example_xcom.py for tasks to queue
[2024-12-11T09:39:13.296+0000] {logging_mixin.py:188} INFO - [2024-12-11T09:39:13.291+0000] {dagbag.py:540} INFO - Filling up the DagBag from /home/airflow/.local/lib/python3.10/site-packages/airflow/example_dags/example_xcom.py
[2024-12-11T09:39:14.010+0000] {processor.py:840} INFO - DAG(s) 'example_xcom' retrieved from /home/airflow/.local/lib/python3.10/site-packages/airflow/example_dags/example_xcom.py
[2024-12-11T09:39:15.353+0000] {logging_mixin.py:188} INFO - [2024-12-11T09:39:15.350+0000] {dag.py:3047} INFO - Sync 1 DAGs
[2024-12-11T09:39:15.722+0000] {logging_mixin.py:188} INFO - [2024-12-11T09:39:15.718+0000] {dag.py:3834} INFO - Setting next_dagrun for example_xcom to 2021-01-01 00:00:00+00:00, run_after=2021-01-01 00:00:00+00:00
[2024-12-11T09:39:16.063+0000] {processor.py:183} INFO - Processing /home/airflow/.local/lib/python3.10/site-packages/airflow/example_dags/example_xcom.py took 3.386 seconds
[2024-12-11T09:44:16.143+0000] {processor.py:161} INFO - Started process (PID=22820) to work on /home/airflow/.local/lib/python3.10/site-packages/airflow/example_dags/example_xcom.py
[2024-12-11T09:44:16.189+0000] {processor.py:830} INFO - Processing file /home/airflow/.local/lib/python3.10/site-packages/airflow/example_dags/example_xcom.py for tasks to queue
[2024-12-11T09:44:16.271+0000] {logging_mixin.py:188} INFO - [2024-12-11T09:44:16.253+0000] {dagbag.py:540} INFO - Filling up the DagBag from /home/airflow/.local/lib/python3.10/site-packages/airflow/example_dags/example_xcom.py
[2024-12-11T09:44:17.259+0000] {processor.py:840} INFO - DAG(s) 'example_xcom' retrieved from /home/airflow/.local/lib/python3.10/site-packages/airflow/example_dags/example_xcom.py
[2024-12-11T09:45:21.349+0000] {logging_mixin.py:188} INFO - [2024-12-11T09:45:20.688+0000] {dag.py:3047} INFO - Sync 1 DAGs
