[2024-12-11T09:26:39.606+0000] {processor.py:161} INFO - Started process (PID=22581) to work on /home/airflow/.local/lib/python3.10/site-packages/airflow/example_dags/example_time_delta_sensor_async.py
[2024-12-11T09:26:39.645+0000] {processor.py:830} INFO - Processing file /home/airflow/.local/lib/python3.10/site-packages/airflow/example_dags/example_time_delta_sensor_async.py for tasks to queue
[2024-12-11T09:26:39.884+0000] {logging_mixin.py:188} INFO - [2024-12-11T09:26:39.832+0000] {dagbag.py:540} INFO - Filling up the DagBag from /home/airflow/.local/lib/python3.10/site-packages/airflow/example_dags/example_time_delta_sensor_async.py
[2024-12-11T09:26:40.982+0000] {processor.py:840} INFO - DAG(s) 'example_time_delta_sensor_async' retrieved from /home/airflow/.local/lib/python3.10/site-packages/airflow/example_dags/example_time_delta_sensor_async.py
[2024-12-11T09:26:42.879+0000] {logging_mixin.py:188} INFO - [2024-12-11T09:26:42.817+0000] {dag.py:3047} INFO - Sync 1 DAGs
[2024-12-11T09:26:43.434+0000] {logging_mixin.py:188} INFO - [2024-12-11T09:26:43.433+0000] {dag.py:3834} INFO - Setting next_dagrun for example_time_delta_sensor_async to None, run_after=None
[2024-12-11T09:26:43.907+0000] {processor.py:183} INFO - Processing /home/airflow/.local/lib/python3.10/site-packages/airflow/example_dags/example_time_delta_sensor_async.py took 4.471 seconds
[2024-12-11T09:34:07.412+0000] {processor.py:161} INFO - Started process (PID=22671) to work on /home/airflow/.local/lib/python3.10/site-packages/airflow/example_dags/example_time_delta_sensor_async.py
[2024-12-11T09:34:07.416+0000] {processor.py:830} INFO - Processing file /home/airflow/.local/lib/python3.10/site-packages/airflow/example_dags/example_time_delta_sensor_async.py for tasks to queue
[2024-12-11T09:34:07.419+0000] {logging_mixin.py:188} INFO - [2024-12-11T09:34:07.418+0000] {dagbag.py:540} INFO - Filling up the DagBag from /home/airflow/.local/lib/python3.10/site-packages/airflow/example_dags/example_time_delta_sensor_async.py
[2024-12-11T09:34:07.444+0000] {processor.py:840} INFO - DAG(s) 'example_time_delta_sensor_async' retrieved from /home/airflow/.local/lib/python3.10/site-packages/airflow/example_dags/example_time_delta_sensor_async.py
[2024-12-11T09:34:07.520+0000] {logging_mixin.py:188} INFO - [2024-12-11T09:34:07.519+0000] {dag.py:3047} INFO - Sync 1 DAGs
[2024-12-11T09:34:07.595+0000] {logging_mixin.py:188} INFO - [2024-12-11T09:34:07.594+0000] {dag.py:3834} INFO - Setting next_dagrun for example_time_delta_sensor_async to None, run_after=None
[2024-12-11T09:34:07.737+0000] {processor.py:183} INFO - Processing /home/airflow/.local/lib/python3.10/site-packages/airflow/example_dags/example_time_delta_sensor_async.py took 0.350 seconds
[2024-12-11T09:43:27.678+0000] {processor.py:161} INFO - Started process (PID=22793) to work on /home/airflow/.local/lib/python3.10/site-packages/airflow/example_dags/example_time_delta_sensor_async.py
[2024-12-11T09:43:27.712+0000] {processor.py:830} INFO - Processing file /home/airflow/.local/lib/python3.10/site-packages/airflow/example_dags/example_time_delta_sensor_async.py for tasks to queue
[2024-12-11T09:43:28.105+0000] {logging_mixin.py:188} INFO - [2024-12-11T09:43:27.776+0000] {dagbag.py:540} INFO - Filling up the DagBag from /home/airflow/.local/lib/python3.10/site-packages/airflow/example_dags/example_time_delta_sensor_async.py
[2024-12-11T09:43:32.497+0000] {processor.py:840} INFO - DAG(s) 'example_time_delta_sensor_async' retrieved from /home/airflow/.local/lib/python3.10/site-packages/airflow/example_dags/example_time_delta_sensor_async.py
[2024-12-11T09:43:38.534+0000] {logging_mixin.py:188} INFO - [2024-12-11T09:43:38.533+0000] {dag.py:3047} INFO - Sync 1 DAGs
[2024-12-11T09:43:39.243+0000] {logging_mixin.py:188} INFO - [2024-12-11T09:43:39.243+0000] {dag.py:3834} INFO - Setting next_dagrun for example_time_delta_sensor_async to None, run_after=None
[2024-12-11T09:43:40.760+0000] {processor.py:183} INFO - Processing /home/airflow/.local/lib/python3.10/site-packages/airflow/example_dags/example_time_delta_sensor_async.py took 14.515 seconds
