[2024-12-11T09:26:04.951+0000] {processor.py:161} INFO - Started process (PID=22553) to work on /home/airflow/.local/lib/python3.10/site-packages/airflow/example_dags/example_branch_operator_decorator.py
[2024-12-11T09:26:05.035+0000] {processor.py:830} INFO - Processing file /home/airflow/.local/lib/python3.10/site-packages/airflow/example_dags/example_branch_operator_decorator.py for tasks to queue
[2024-12-11T09:26:05.370+0000] {logging_mixin.py:188} INFO - [2024-12-11T09:26:05.370+0000] {dagbag.py:540} INFO - Filling up the DagBag from /home/airflow/.local/lib/python3.10/site-packages/airflow/example_dags/example_branch_operator_decorator.py
[2024-12-11T09:26:08.790+0000] {processor.py:840} INFO - DAG(s) 'example_branch_python_operator_decorator' retrieved from /home/airflow/.local/lib/python3.10/site-packages/airflow/example_dags/example_branch_operator_decorator.py
[2024-12-11T09:26:09.727+0000] {logging_mixin.py:188} INFO - [2024-12-11T09:26:09.727+0000] {dag.py:3047} INFO - Sync 1 DAGs
[2024-12-11T09:26:10.285+0000] {logging_mixin.py:188} INFO - [2024-12-11T09:26:10.284+0000] {dag.py:3834} INFO - Setting next_dagrun for example_branch_python_operator_decorator to 2024-12-10 00:00:00+00:00, run_after=2024-12-11 00:00:00+00:00
[2024-12-11T09:26:10.511+0000] {processor.py:183} INFO - Processing /home/airflow/.local/lib/python3.10/site-packages/airflow/example_dags/example_branch_operator_decorator.py took 5.913 seconds
[2024-12-11T09:32:24.627+0000] {processor.py:161} INFO - Started process (PID=22634) to work on /home/airflow/.local/lib/python3.10/site-packages/airflow/example_dags/example_branch_operator_decorator.py
[2024-12-11T09:32:24.664+0000] {processor.py:830} INFO - Processing file /home/airflow/.local/lib/python3.10/site-packages/airflow/example_dags/example_branch_operator_decorator.py for tasks to queue
[2024-12-11T09:32:24.699+0000] {logging_mixin.py:188} INFO - [2024-12-11T09:32:24.695+0000] {dagbag.py:540} INFO - Filling up the DagBag from /home/airflow/.local/lib/python3.10/site-packages/airflow/example_dags/example_branch_operator_decorator.py
[2024-12-11T09:32:37.154+0000] {processor.py:840} INFO - DAG(s) 'example_branch_python_operator_decorator' retrieved from /home/airflow/.local/lib/python3.10/site-packages/airflow/example_dags/example_branch_operator_decorator.py
[2024-12-11T09:32:43.523+0000] {logging_mixin.py:188} INFO - [2024-12-11T09:32:43.436+0000] {dag.py:3047} INFO - Sync 1 DAGs
[2024-12-11T09:32:44.990+0000] {logging_mixin.py:188} INFO - [2024-12-11T09:32:44.988+0000] {dag.py:3834} INFO - Setting next_dagrun for example_branch_python_operator_decorator to 2024-12-10 00:00:00+00:00, run_after=2024-12-11 00:00:00+00:00
[2024-12-11T09:32:46.380+0000] {processor.py:183} INFO - Processing /home/airflow/.local/lib/python3.10/site-packages/airflow/example_dags/example_branch_operator_decorator.py took 22.709 seconds
[2024-12-11T09:35:15.908+0000] {processor.py:161} INFO - Started process (PID=22696) to work on /home/airflow/.local/lib/python3.10/site-packages/airflow/example_dags/example_branch_operator_decorator.py
[2024-12-11T09:35:15.968+0000] {processor.py:830} INFO - Processing file /home/airflow/.local/lib/python3.10/site-packages/airflow/example_dags/example_branch_operator_decorator.py for tasks to queue
[2024-12-11T09:35:16.006+0000] {logging_mixin.py:188} INFO - [2024-12-11T09:35:15.989+0000] {dagbag.py:540} INFO - Filling up the DagBag from /home/airflow/.local/lib/python3.10/site-packages/airflow/example_dags/example_branch_operator_decorator.py
[2024-12-11T09:35:18.554+0000] {processor.py:840} INFO - DAG(s) 'example_branch_python_operator_decorator' retrieved from /home/airflow/.local/lib/python3.10/site-packages/airflow/example_dags/example_branch_operator_decorator.py
[2024-12-11T09:35:19.606+0000] {logging_mixin.py:188} INFO - [2024-12-11T09:35:19.605+0000] {dag.py:3047} INFO - Sync 1 DAGs
[2024-12-11T09:35:23.739+0000] {logging_mixin.py:188} INFO - [2024-12-11T09:35:23.734+0000] {dag.py:3834} INFO - Setting next_dagrun for example_branch_python_operator_decorator to 2024-12-10 00:00:00+00:00, run_after=2024-12-11 00:00:00+00:00
[2024-12-11T09:35:25.723+0000] {processor.py:183} INFO - Processing /home/airflow/.local/lib/python3.10/site-packages/airflow/example_dags/example_branch_operator_decorator.py took 12.476 seconds
[2024-12-11T09:39:19.136+0000] {processor.py:161} INFO - Started process (PID=22754) to work on /home/airflow/.local/lib/python3.10/site-packages/airflow/example_dags/example_branch_operator_decorator.py
[2024-12-11T09:39:19.139+0000] {processor.py:830} INFO - Processing file /home/airflow/.local/lib/python3.10/site-packages/airflow/example_dags/example_branch_operator_decorator.py for tasks to queue
[2024-12-11T09:39:19.153+0000] {logging_mixin.py:188} INFO - [2024-12-11T09:39:19.152+0000] {dagbag.py:540} INFO - Filling up the DagBag from /home/airflow/.local/lib/python3.10/site-packages/airflow/example_dags/example_branch_operator_decorator.py
[2024-12-11T09:39:20.048+0000] {processor.py:840} INFO - DAG(s) 'example_branch_python_operator_decorator' retrieved from /home/airflow/.local/lib/python3.10/site-packages/airflow/example_dags/example_branch_operator_decorator.py
[2024-12-11T09:39:21.464+0000] {logging_mixin.py:188} INFO - [2024-12-11T09:39:21.462+0000] {dag.py:3047} INFO - Sync 1 DAGs
[2024-12-11T09:39:21.592+0000] {logging_mixin.py:188} INFO - [2024-12-11T09:39:21.590+0000] {dag.py:3834} INFO - Setting next_dagrun for example_branch_python_operator_decorator to 2024-12-10 00:00:00+00:00, run_after=2024-12-11 00:00:00+00:00
[2024-12-11T09:39:21.744+0000] {processor.py:183} INFO - Processing /home/airflow/.local/lib/python3.10/site-packages/airflow/example_dags/example_branch_operator_decorator.py took 2.628 seconds
[2024-12-11T09:45:47.799+0000] {processor.py:161} INFO - Started process (PID=22838) to work on /home/airflow/.local/lib/python3.10/site-packages/airflow/example_dags/example_branch_operator_decorator.py
[2024-12-11T09:45:47.822+0000] {processor.py:830} INFO - Processing file /home/airflow/.local/lib/python3.10/site-packages/airflow/example_dags/example_branch_operator_decorator.py for tasks to queue
[2024-12-11T09:45:47.825+0000] {logging_mixin.py:188} INFO - [2024-12-11T09:45:47.824+0000] {dagbag.py:540} INFO - Filling up the DagBag from /home/airflow/.local/lib/python3.10/site-packages/airflow/example_dags/example_branch_operator_decorator.py
[2024-12-11T09:45:48.160+0000] {processor.py:840} INFO - DAG(s) 'example_branch_python_operator_decorator' retrieved from /home/airflow/.local/lib/python3.10/site-packages/airflow/example_dags/example_branch_operator_decorator.py
[2024-12-11T09:45:48.294+0000] {logging_mixin.py:188} INFO - [2024-12-11T09:45:48.293+0000] {dag.py:3047} INFO - Sync 1 DAGs
[2024-12-11T09:45:48.388+0000] {logging_mixin.py:188} INFO - [2024-12-11T09:45:48.387+0000] {dag.py:3834} INFO - Setting next_dagrun for example_branch_python_operator_decorator to 2024-12-10 00:00:00+00:00, run_after=2024-12-11 00:00:00+00:00
[2024-12-11T09:45:48.733+0000] {processor.py:183} INFO - Processing /home/airflow/.local/lib/python3.10/site-packages/airflow/example_dags/example_branch_operator_decorator.py took 0.941 seconds
