[2024-12-11T09:26:16.661+0000] {processor.py:161} INFO - Started process (PID=22564) to work on /home/airflow/.local/lib/python3.10/site-packages/airflow/example_dags/example_complex.py
[2024-12-11T09:26:16.680+0000] {processor.py:830} INFO - Processing file /home/airflow/.local/lib/python3.10/site-packages/airflow/example_dags/example_complex.py for tasks to queue
[2024-12-11T09:26:16.711+0000] {logging_mixin.py:188} INFO - [2024-12-11T09:26:16.687+0000] {dagbag.py:540} INFO - Filling up the DagBag from /home/airflow/.local/lib/python3.10/site-packages/airflow/example_dags/example_complex.py
[2024-12-11T09:26:16.871+0000] {processor.py:840} INFO - DAG(s) 'example_complex' retrieved from /home/airflow/.local/lib/python3.10/site-packages/airflow/example_dags/example_complex.py
[2024-12-11T09:26:17.478+0000] {logging_mixin.py:188} INFO - [2024-12-11T09:26:17.477+0000] {dag.py:3047} INFO - Sync 1 DAGs
[2024-12-11T09:26:18.113+0000] {logging_mixin.py:188} INFO - [2024-12-11T09:26:18.112+0000] {dag.py:3834} INFO - Setting next_dagrun for example_complex to None, run_after=None
[2024-12-11T09:26:18.349+0000] {processor.py:183} INFO - Processing /home/airflow/.local/lib/python3.10/site-packages/airflow/example_dags/example_complex.py took 1.757 seconds
[2024-12-11T09:33:44.657+0000] {processor.py:161} INFO - Started process (PID=22654) to work on /home/airflow/.local/lib/python3.10/site-packages/airflow/example_dags/example_complex.py
[2024-12-11T09:33:46.288+0000] {processor.py:830} INFO - Processing file /home/airflow/.local/lib/python3.10/site-packages/airflow/example_dags/example_complex.py for tasks to queue
[2024-12-11T09:33:47.168+0000] {logging_mixin.py:188} INFO - [2024-12-11T09:33:46.616+0000] {dagbag.py:540} INFO - Filling up the DagBag from /home/airflow/.local/lib/python3.10/site-packages/airflow/example_dags/example_complex.py
[2024-12-11T09:33:49.694+0000] {processor.py:840} INFO - DAG(s) 'example_complex' retrieved from /home/airflow/.local/lib/python3.10/site-packages/airflow/example_dags/example_complex.py
[2024-12-11T09:33:52.808+0000] {logging_mixin.py:188} INFO - [2024-12-11T09:33:52.806+0000] {dag.py:3047} INFO - Sync 1 DAGs
[2024-12-11T09:33:53.462+0000] {logging_mixin.py:188} INFO - [2024-12-11T09:33:53.449+0000] {dag.py:3834} INFO - Setting next_dagrun for example_complex to None, run_after=None
[2024-12-11T09:33:54.670+0000] {processor.py:183} INFO - Processing /home/airflow/.local/lib/python3.10/site-packages/airflow/example_dags/example_complex.py took 11.370 seconds
[2024-12-11T09:40:16.016+0000] {processor.py:161} INFO - Started process (PID=22759) to work on /home/airflow/.local/lib/python3.10/site-packages/airflow/example_dags/example_complex.py
[2024-12-11T09:40:16.298+0000] {processor.py:830} INFO - Processing file /home/airflow/.local/lib/python3.10/site-packages/airflow/example_dags/example_complex.py for tasks to queue
[2024-12-11T09:40:17.638+0000] {logging_mixin.py:188} INFO - [2024-12-11T09:40:17.353+0000] {dagbag.py:540} INFO - Filling up the DagBag from /home/airflow/.local/lib/python3.10/site-packages/airflow/example_dags/example_complex.py
[2024-12-11T09:40:42.137+0000] {processor.py:840} INFO - DAG(s) 'example_complex' retrieved from /home/airflow/.local/lib/python3.10/site-packages/airflow/example_dags/example_complex.py
[2024-12-11T09:41:12.797+0000] {logging_mixin.py:188} INFO - [2024-12-11T09:41:12.610+0000] {dag.py:3047} INFO - Sync 1 DAGs
[2024-12-11T09:46:15.155+0000] {processor.py:161} INFO - Started process (PID=22849) to work on /home/airflow/.local/lib/python3.10/site-packages/airflow/example_dags/example_complex.py
[2024-12-11T09:46:15.308+0000] {processor.py:830} INFO - Processing file /home/airflow/.local/lib/python3.10/site-packages/airflow/example_dags/example_complex.py for tasks to queue
[2024-12-11T09:46:15.347+0000] {logging_mixin.py:188} INFO - [2024-12-11T09:46:15.319+0000] {dagbag.py:540} INFO - Filling up the DagBag from /home/airflow/.local/lib/python3.10/site-packages/airflow/example_dags/example_complex.py
[2024-12-11T09:46:15.954+0000] {processor.py:840} INFO - DAG(s) 'example_complex' retrieved from /home/airflow/.local/lib/python3.10/site-packages/airflow/example_dags/example_complex.py
[2024-12-11T09:55:05.815+0000] {logging_mixin.py:188} INFO - [2024-12-11T09:55:04.449+0000] {dag.py:3047} INFO - Sync 1 DAGs
