[2024-12-11T09:24:14.018+0000] {processor.py:161} INFO - Started process (PID=22522) to work on /home/airflow/.local/lib/python3.10/site-packages/airflow/example_dags/tutorial_objectstorage.py
[2024-12-11T09:24:15.484+0000] {processor.py:830} INFO - Processing file /home/airflow/.local/lib/python3.10/site-packages/airflow/example_dags/tutorial_objectstorage.py for tasks to queue
[2024-12-11T09:24:24.520+0000] {logging_mixin.py:188} INFO - [2024-12-11T09:24:22.084+0000] {dagbag.py:540} INFO - Filling up the DagBag from /home/airflow/.local/lib/python3.10/site-packages/airflow/example_dags/tutorial_objectstorage.py
[2024-12-11T09:25:02.790+0000] {processor.py:840} INFO - DAG(s) 'tutorial_objectstorage' retrieved from /home/airflow/.local/lib/python3.10/site-packages/airflow/example_dags/tutorial_objectstorage.py
[2024-12-11T09:25:30.234+0000] {logging_mixin.py:188} INFO - [2024-12-11T09:25:30.186+0000] {process_utils.py:262} INFO - Waiting up to 5 seconds for processes to exit...
[2024-12-11T09:26:04.620+0000] {processor.py:161} INFO - Started process (PID=22552) to work on /home/airflow/.local/lib/python3.10/site-packages/airflow/example_dags/tutorial_objectstorage.py
[2024-12-11T09:26:04.647+0000] {processor.py:830} INFO - Processing file /home/airflow/.local/lib/python3.10/site-packages/airflow/example_dags/tutorial_objectstorage.py for tasks to queue
[2024-12-11T09:26:04.929+0000] {logging_mixin.py:188} INFO - [2024-12-11T09:26:04.908+0000] {dagbag.py:540} INFO - Filling up the DagBag from /home/airflow/.local/lib/python3.10/site-packages/airflow/example_dags/tutorial_objectstorage.py
[2024-12-11T09:26:05.746+0000] {processor.py:840} INFO - DAG(s) 'tutorial_objectstorage' retrieved from /home/airflow/.local/lib/python3.10/site-packages/airflow/example_dags/tutorial_objectstorage.py
[2024-12-11T09:26:06.819+0000] {logging_mixin.py:188} INFO - [2024-12-11T09:26:06.818+0000] {dag.py:3047} INFO - Sync 1 DAGs
[2024-12-11T09:26:07.073+0000] {logging_mixin.py:188} INFO - [2024-12-11T09:26:07.072+0000] {dag.py:3834} INFO - Setting next_dagrun for tutorial_objectstorage to None, run_after=None
[2024-12-11T09:26:07.168+0000] {processor.py:183} INFO - Processing /home/airflow/.local/lib/python3.10/site-packages/airflow/example_dags/tutorial_objectstorage.py took 2.775 seconds
[2024-12-11T09:32:08.571+0000] {processor.py:161} INFO - Started process (PID=22626) to work on /home/airflow/.local/lib/python3.10/site-packages/airflow/example_dags/tutorial_objectstorage.py
[2024-12-11T09:32:08.707+0000] {processor.py:830} INFO - Processing file /home/airflow/.local/lib/python3.10/site-packages/airflow/example_dags/tutorial_objectstorage.py for tasks to queue
[2024-12-11T09:32:08.979+0000] {logging_mixin.py:188} INFO - [2024-12-11T09:32:08.800+0000] {dagbag.py:540} INFO - Filling up the DagBag from /home/airflow/.local/lib/python3.10/site-packages/airflow/example_dags/tutorial_objectstorage.py
[2024-12-11T09:32:11.222+0000] {processor.py:840} INFO - DAG(s) 'tutorial_objectstorage' retrieved from /home/airflow/.local/lib/python3.10/site-packages/airflow/example_dags/tutorial_objectstorage.py
[2024-12-11T09:32:19.305+0000] {logging_mixin.py:188} INFO - [2024-12-11T09:32:19.116+0000] {dag.py:3047} INFO - Sync 1 DAGs
[2024-12-11T09:32:21.239+0000] {logging_mixin.py:188} INFO - [2024-12-11T09:32:21.233+0000] {dag.py:3834} INFO - Setting next_dagrun for tutorial_objectstorage to None, run_after=None
[2024-12-11T09:32:22.062+0000] {processor.py:183} INFO - Processing /home/airflow/.local/lib/python3.10/site-packages/airflow/example_dags/tutorial_objectstorage.py took 16.233 seconds
[2024-12-11T09:34:50.798+0000] {processor.py:161} INFO - Started process (PID=22689) to work on /home/airflow/.local/lib/python3.10/site-packages/airflow/example_dags/tutorial_objectstorage.py
[2024-12-11T09:34:50.897+0000] {processor.py:830} INFO - Processing file /home/airflow/.local/lib/python3.10/site-packages/airflow/example_dags/tutorial_objectstorage.py for tasks to queue
[2024-12-11T09:34:51.004+0000] {logging_mixin.py:188} INFO - [2024-12-11T09:34:50.955+0000] {dagbag.py:540} INFO - Filling up the DagBag from /home/airflow/.local/lib/python3.10/site-packages/airflow/example_dags/tutorial_objectstorage.py
[2024-12-11T09:35:03.216+0000] {processor.py:840} INFO - DAG(s) 'tutorial_objectstorage' retrieved from /home/airflow/.local/lib/python3.10/site-packages/airflow/example_dags/tutorial_objectstorage.py
[2024-12-11T09:35:05.909+0000] {logging_mixin.py:188} INFO - [2024-12-11T09:35:05.907+0000] {dag.py:3047} INFO - Sync 1 DAGs
[2024-12-11T09:35:06.529+0000] {logging_mixin.py:188} INFO - [2024-12-11T09:35:06.528+0000] {dag.py:3834} INFO - Setting next_dagrun for tutorial_objectstorage to None, run_after=None
[2024-12-11T09:35:07.897+0000] {processor.py:183} INFO - Processing /home/airflow/.local/lib/python3.10/site-packages/airflow/example_dags/tutorial_objectstorage.py took 23.699 seconds
[2024-12-11T09:39:17.925+0000] {processor.py:161} INFO - Started process (PID=22753) to work on /home/airflow/.local/lib/python3.10/site-packages/airflow/example_dags/tutorial_objectstorage.py
[2024-12-11T09:39:17.960+0000] {processor.py:830} INFO - Processing file /home/airflow/.local/lib/python3.10/site-packages/airflow/example_dags/tutorial_objectstorage.py for tasks to queue
[2024-12-11T09:39:17.964+0000] {logging_mixin.py:188} INFO - [2024-12-11T09:39:17.961+0000] {dagbag.py:540} INFO - Filling up the DagBag from /home/airflow/.local/lib/python3.10/site-packages/airflow/example_dags/tutorial_objectstorage.py
[2024-12-11T09:39:18.060+0000] {processor.py:840} INFO - DAG(s) 'tutorial_objectstorage' retrieved from /home/airflow/.local/lib/python3.10/site-packages/airflow/example_dags/tutorial_objectstorage.py
[2024-12-11T09:39:18.231+0000] {logging_mixin.py:188} INFO - [2024-12-11T09:39:18.230+0000] {dag.py:3047} INFO - Sync 1 DAGs
[2024-12-11T09:39:18.281+0000] {logging_mixin.py:188} INFO - [2024-12-11T09:39:18.275+0000] {dag.py:3834} INFO - Setting next_dagrun for tutorial_objectstorage to None, run_after=None
[2024-12-11T09:39:18.998+0000] {processor.py:183} INFO - Processing /home/airflow/.local/lib/python3.10/site-packages/airflow/example_dags/tutorial_objectstorage.py took 1.083 seconds
[2024-12-11T09:45:44.711+0000] {processor.py:161} INFO - Started process (PID=22837) to work on /home/airflow/.local/lib/python3.10/site-packages/airflow/example_dags/tutorial_objectstorage.py
[2024-12-11T09:45:44.720+0000] {processor.py:830} INFO - Processing file /home/airflow/.local/lib/python3.10/site-packages/airflow/example_dags/tutorial_objectstorage.py for tasks to queue
[2024-12-11T09:45:44.754+0000] {logging_mixin.py:188} INFO - [2024-12-11T09:45:44.740+0000] {dagbag.py:540} INFO - Filling up the DagBag from /home/airflow/.local/lib/python3.10/site-packages/airflow/example_dags/tutorial_objectstorage.py
[2024-12-11T09:45:45.362+0000] {processor.py:840} INFO - DAG(s) 'tutorial_objectstorage' retrieved from /home/airflow/.local/lib/python3.10/site-packages/airflow/example_dags/tutorial_objectstorage.py
[2024-12-11T09:45:46.550+0000] {logging_mixin.py:188} INFO - [2024-12-11T09:45:46.550+0000] {dag.py:3047} INFO - Sync 1 DAGs
[2024-12-11T09:45:46.857+0000] {logging_mixin.py:188} INFO - [2024-12-11T09:45:46.856+0000] {dag.py:3834} INFO - Setting next_dagrun for tutorial_objectstorage to None, run_after=None
[2024-12-11T09:45:47.036+0000] {processor.py:183} INFO - Processing /home/airflow/.local/lib/python3.10/site-packages/airflow/example_dags/tutorial_objectstorage.py took 2.520 seconds
