[2024-12-25T14:24:36.455+0000] {processor.py:161} INFO - Started process (PID=7907) to work on /home/airflow/.local/lib/python3.10/site-packages/airflow/example_dags/example_sla_dag.py
[2024-12-25T14:24:36.463+0000] {processor.py:830} INFO - Processing file /home/airflow/.local/lib/python3.10/site-packages/airflow/example_dags/example_sla_dag.py for tasks to queue
[2024-12-25T14:24:36.465+0000] {logging_mixin.py:188} INFO - [2024-12-25T14:24:36.465+0000] {dagbag.py:540} INFO - Filling up the DagBag from /home/airflow/.local/lib/python3.10/site-packages/airflow/example_dags/example_sla_dag.py
[2024-12-25T14:24:36.491+0000] {processor.py:840} INFO - DAG(s) 'example_sla_dag' retrieved from /home/airflow/.local/lib/python3.10/site-packages/airflow/example_dags/example_sla_dag.py
[2024-12-25T14:24:36.553+0000] {logging_mixin.py:188} INFO - [2024-12-25T14:24:36.553+0000] {dag.py:3047} INFO - Sync 1 DAGs
[2024-12-25T14:24:36.659+0000] {logging_mixin.py:188} INFO - [2024-12-25T14:24:36.659+0000] {dag.py:3834} INFO - Setting next_dagrun for example_sla_dag to 2024-12-25 14:22:00+00:00, run_after=2024-12-25 14:24:00+00:00
[2024-12-25T14:24:36.774+0000] {processor.py:183} INFO - Processing /home/airflow/.local/lib/python3.10/site-packages/airflow/example_dags/example_sla_dag.py took 0.328 seconds
[2024-12-25T14:25:07.527+0000] {processor.py:161} INFO - Started process (PID=7963) to work on /home/airflow/.local/lib/python3.10/site-packages/airflow/example_dags/example_sla_dag.py
[2024-12-25T14:25:07.529+0000] {processor.py:830} INFO - Processing file /home/airflow/.local/lib/python3.10/site-packages/airflow/example_dags/example_sla_dag.py for tasks to queue
[2024-12-25T14:25:07.530+0000] {logging_mixin.py:188} INFO - [2024-12-25T14:25:07.530+0000] {dagbag.py:540} INFO - Filling up the DagBag from /home/airflow/.local/lib/python3.10/site-packages/airflow/example_dags/example_sla_dag.py
[2024-12-25T14:25:07.548+0000] {processor.py:840} INFO - DAG(s) 'example_sla_dag' retrieved from /home/airflow/.local/lib/python3.10/site-packages/airflow/example_dags/example_sla_dag.py
[2024-12-25T14:25:07.580+0000] {logging_mixin.py:188} INFO - [2024-12-25T14:25:07.580+0000] {dag.py:3047} INFO - Sync 1 DAGs
[2024-12-25T14:25:07.615+0000] {logging_mixin.py:188} INFO - [2024-12-25T14:25:07.615+0000] {dag.py:3834} INFO - Setting next_dagrun for example_sla_dag to 2024-12-25 14:22:00+00:00, run_after=2024-12-25 14:24:00+00:00
[2024-12-25T14:25:07.646+0000] {processor.py:183} INFO - Processing /home/airflow/.local/lib/python3.10/site-packages/airflow/example_dags/example_sla_dag.py took 0.125 seconds
[2024-12-25T14:25:37.705+0000] {processor.py:161} INFO - Started process (PID=8019) to work on /home/airflow/.local/lib/python3.10/site-packages/airflow/example_dags/example_sla_dag.py
[2024-12-25T14:25:37.707+0000] {processor.py:830} INFO - Processing file /home/airflow/.local/lib/python3.10/site-packages/airflow/example_dags/example_sla_dag.py for tasks to queue
[2024-12-25T14:25:37.708+0000] {logging_mixin.py:188} INFO - [2024-12-25T14:25:37.708+0000] {dagbag.py:540} INFO - Filling up the DagBag from /home/airflow/.local/lib/python3.10/site-packages/airflow/example_dags/example_sla_dag.py
[2024-12-25T14:25:37.717+0000] {processor.py:840} INFO - DAG(s) 'example_sla_dag' retrieved from /home/airflow/.local/lib/python3.10/site-packages/airflow/example_dags/example_sla_dag.py
[2024-12-25T14:25:37.741+0000] {logging_mixin.py:188} INFO - [2024-12-25T14:25:37.740+0000] {dag.py:3047} INFO - Sync 1 DAGs
[2024-12-25T14:25:37.767+0000] {logging_mixin.py:188} INFO - [2024-12-25T14:25:37.766+0000] {dag.py:3834} INFO - Setting next_dagrun for example_sla_dag to 2024-12-25 14:22:00+00:00, run_after=2024-12-25 14:24:00+00:00
[2024-12-25T14:25:37.787+0000] {processor.py:183} INFO - Processing /home/airflow/.local/lib/python3.10/site-packages/airflow/example_dags/example_sla_dag.py took 0.085 seconds
[2024-12-25T14:26:08.204+0000] {processor.py:161} INFO - Started process (PID=8074) to work on /home/airflow/.local/lib/python3.10/site-packages/airflow/example_dags/example_sla_dag.py
[2024-12-25T14:26:08.206+0000] {processor.py:830} INFO - Processing file /home/airflow/.local/lib/python3.10/site-packages/airflow/example_dags/example_sla_dag.py for tasks to queue
[2024-12-25T14:26:08.207+0000] {logging_mixin.py:188} INFO - [2024-12-25T14:26:08.207+0000] {dagbag.py:540} INFO - Filling up the DagBag from /home/airflow/.local/lib/python3.10/site-packages/airflow/example_dags/example_sla_dag.py
[2024-12-25T14:26:08.216+0000] {processor.py:840} INFO - DAG(s) 'example_sla_dag' retrieved from /home/airflow/.local/lib/python3.10/site-packages/airflow/example_dags/example_sla_dag.py
[2024-12-25T14:26:08.239+0000] {logging_mixin.py:188} INFO - [2024-12-25T14:26:08.239+0000] {dag.py:3047} INFO - Sync 1 DAGs
[2024-12-25T14:26:08.265+0000] {logging_mixin.py:188} INFO - [2024-12-25T14:26:08.264+0000] {dag.py:3834} INFO - Setting next_dagrun for example_sla_dag to 2024-12-25 14:24:00+00:00, run_after=2024-12-25 14:26:00+00:00
[2024-12-25T14:26:08.288+0000] {processor.py:183} INFO - Processing /home/airflow/.local/lib/python3.10/site-packages/airflow/example_dags/example_sla_dag.py took 0.088 seconds
[2024-12-25T14:26:41.322+0000] {processor.py:161} INFO - Started process (PID=8130) to work on /home/airflow/.local/lib/python3.10/site-packages/airflow/example_dags/example_sla_dag.py
[2024-12-25T14:26:41.323+0000] {processor.py:830} INFO - Processing file /home/airflow/.local/lib/python3.10/site-packages/airflow/example_dags/example_sla_dag.py for tasks to queue
[2024-12-25T14:26:41.325+0000] {logging_mixin.py:188} INFO - [2024-12-25T14:26:41.325+0000] {dagbag.py:540} INFO - Filling up the DagBag from /home/airflow/.local/lib/python3.10/site-packages/airflow/example_dags/example_sla_dag.py
[2024-12-25T14:26:41.337+0000] {processor.py:840} INFO - DAG(s) 'example_sla_dag' retrieved from /home/airflow/.local/lib/python3.10/site-packages/airflow/example_dags/example_sla_dag.py
[2024-12-25T14:26:41.381+0000] {logging_mixin.py:188} INFO - [2024-12-25T14:26:41.380+0000] {dag.py:3047} INFO - Sync 1 DAGs
[2024-12-25T14:26:41.440+0000] {logging_mixin.py:188} INFO - [2024-12-25T14:26:41.440+0000] {dag.py:3834} INFO - Setting next_dagrun for example_sla_dag to 2024-12-25 14:24:00+00:00, run_after=2024-12-25 14:26:00+00:00
[2024-12-25T14:26:41.500+0000] {processor.py:183} INFO - Processing /home/airflow/.local/lib/python3.10/site-packages/airflow/example_dags/example_sla_dag.py took 0.184 seconds
[2024-12-25T14:27:11.590+0000] {processor.py:161} INFO - Started process (PID=8185) to work on /home/airflow/.local/lib/python3.10/site-packages/airflow/example_dags/example_sla_dag.py
[2024-12-25T14:27:11.591+0000] {processor.py:830} INFO - Processing file /home/airflow/.local/lib/python3.10/site-packages/airflow/example_dags/example_sla_dag.py for tasks to queue
[2024-12-25T14:27:11.593+0000] {logging_mixin.py:188} INFO - [2024-12-25T14:27:11.593+0000] {dagbag.py:540} INFO - Filling up the DagBag from /home/airflow/.local/lib/python3.10/site-packages/airflow/example_dags/example_sla_dag.py
[2024-12-25T14:27:11.604+0000] {processor.py:840} INFO - DAG(s) 'example_sla_dag' retrieved from /home/airflow/.local/lib/python3.10/site-packages/airflow/example_dags/example_sla_dag.py
[2024-12-25T14:27:11.628+0000] {logging_mixin.py:188} INFO - [2024-12-25T14:27:11.628+0000] {dag.py:3047} INFO - Sync 1 DAGs
[2024-12-25T14:27:11.654+0000] {logging_mixin.py:188} INFO - [2024-12-25T14:27:11.654+0000] {dag.py:3834} INFO - Setting next_dagrun for example_sla_dag to 2024-12-25 14:24:00+00:00, run_after=2024-12-25 14:26:00+00:00
[2024-12-25T14:27:11.676+0000] {processor.py:183} INFO - Processing /home/airflow/.local/lib/python3.10/site-packages/airflow/example_dags/example_sla_dag.py took 0.090 seconds
[2024-12-25T14:27:42.063+0000] {processor.py:161} INFO - Started process (PID=8241) to work on /home/airflow/.local/lib/python3.10/site-packages/airflow/example_dags/example_sla_dag.py
[2024-12-25T14:27:42.064+0000] {processor.py:830} INFO - Processing file /home/airflow/.local/lib/python3.10/site-packages/airflow/example_dags/example_sla_dag.py for tasks to queue
[2024-12-25T14:27:42.069+0000] {logging_mixin.py:188} INFO - [2024-12-25T14:27:42.067+0000] {dagbag.py:540} INFO - Filling up the DagBag from /home/airflow/.local/lib/python3.10/site-packages/airflow/example_dags/example_sla_dag.py
[2024-12-25T14:27:42.088+0000] {processor.py:840} INFO - DAG(s) 'example_sla_dag' retrieved from /home/airflow/.local/lib/python3.10/site-packages/airflow/example_dags/example_sla_dag.py
[2024-12-25T14:27:42.123+0000] {logging_mixin.py:188} INFO - [2024-12-25T14:27:42.123+0000] {dag.py:3047} INFO - Sync 1 DAGs
[2024-12-25T14:27:42.167+0000] {logging_mixin.py:188} INFO - [2024-12-25T14:27:42.166+0000] {dag.py:3834} INFO - Setting next_dagrun for example_sla_dag to 2024-12-25 14:24:00+00:00, run_after=2024-12-25 14:26:00+00:00
[2024-12-25T14:27:42.200+0000] {processor.py:183} INFO - Processing /home/airflow/.local/lib/python3.10/site-packages/airflow/example_dags/example_sla_dag.py took 0.144 seconds
[2024-12-25T14:28:12.850+0000] {processor.py:161} INFO - Started process (PID=8297) to work on /home/airflow/.local/lib/python3.10/site-packages/airflow/example_dags/example_sla_dag.py
[2024-12-25T14:28:12.851+0000] {processor.py:830} INFO - Processing file /home/airflow/.local/lib/python3.10/site-packages/airflow/example_dags/example_sla_dag.py for tasks to queue
[2024-12-25T14:28:12.854+0000] {logging_mixin.py:188} INFO - [2024-12-25T14:28:12.853+0000] {dagbag.py:540} INFO - Filling up the DagBag from /home/airflow/.local/lib/python3.10/site-packages/airflow/example_dags/example_sla_dag.py
[2024-12-25T14:28:12.874+0000] {processor.py:840} INFO - DAG(s) 'example_sla_dag' retrieved from /home/airflow/.local/lib/python3.10/site-packages/airflow/example_dags/example_sla_dag.py
[2024-12-25T14:28:12.910+0000] {logging_mixin.py:188} INFO - [2024-12-25T14:28:12.909+0000] {dag.py:3047} INFO - Sync 1 DAGs
[2024-12-25T14:28:12.961+0000] {logging_mixin.py:188} INFO - [2024-12-25T14:28:12.961+0000] {dag.py:3834} INFO - Setting next_dagrun for example_sla_dag to 2024-12-25 14:26:00+00:00, run_after=2024-12-25 14:28:00+00:00
[2024-12-25T14:28:13.007+0000] {processor.py:183} INFO - Processing /home/airflow/.local/lib/python3.10/site-packages/airflow/example_dags/example_sla_dag.py took 0.162 seconds
[2024-12-25T14:28:43.385+0000] {processor.py:161} INFO - Started process (PID=8353) to work on /home/airflow/.local/lib/python3.10/site-packages/airflow/example_dags/example_sla_dag.py
[2024-12-25T14:28:43.388+0000] {processor.py:830} INFO - Processing file /home/airflow/.local/lib/python3.10/site-packages/airflow/example_dags/example_sla_dag.py for tasks to queue
[2024-12-25T14:28:43.390+0000] {logging_mixin.py:188} INFO - [2024-12-25T14:28:43.389+0000] {dagbag.py:540} INFO - Filling up the DagBag from /home/airflow/.local/lib/python3.10/site-packages/airflow/example_dags/example_sla_dag.py
[2024-12-25T14:28:43.415+0000] {processor.py:840} INFO - DAG(s) 'example_sla_dag' retrieved from /home/airflow/.local/lib/python3.10/site-packages/airflow/example_dags/example_sla_dag.py
[2024-12-25T14:28:43.470+0000] {logging_mixin.py:188} INFO - [2024-12-25T14:28:43.470+0000] {dag.py:3047} INFO - Sync 1 DAGs
[2024-12-25T14:28:43.580+0000] {logging_mixin.py:188} INFO - [2024-12-25T14:28:43.579+0000] {dag.py:3834} INFO - Setting next_dagrun for example_sla_dag to 2024-12-25 14:26:00+00:00, run_after=2024-12-25 14:28:00+00:00
[2024-12-25T14:28:43.640+0000] {processor.py:183} INFO - Processing /home/airflow/.local/lib/python3.10/site-packages/airflow/example_dags/example_sla_dag.py took 0.262 seconds
[2024-12-25T14:29:13.753+0000] {processor.py:161} INFO - Started process (PID=8409) to work on /home/airflow/.local/lib/python3.10/site-packages/airflow/example_dags/example_sla_dag.py
[2024-12-25T14:29:13.756+0000] {processor.py:830} INFO - Processing file /home/airflow/.local/lib/python3.10/site-packages/airflow/example_dags/example_sla_dag.py for tasks to queue
[2024-12-25T14:29:13.759+0000] {logging_mixin.py:188} INFO - [2024-12-25T14:29:13.758+0000] {dagbag.py:540} INFO - Filling up the DagBag from /home/airflow/.local/lib/python3.10/site-packages/airflow/example_dags/example_sla_dag.py
[2024-12-25T14:29:13.775+0000] {processor.py:840} INFO - DAG(s) 'example_sla_dag' retrieved from /home/airflow/.local/lib/python3.10/site-packages/airflow/example_dags/example_sla_dag.py
[2024-12-25T14:29:13.814+0000] {logging_mixin.py:188} INFO - [2024-12-25T14:29:13.813+0000] {dag.py:3047} INFO - Sync 1 DAGs
[2024-12-25T14:29:13.861+0000] {logging_mixin.py:188} INFO - [2024-12-25T14:29:13.861+0000] {dag.py:3834} INFO - Setting next_dagrun for example_sla_dag to 2024-12-25 14:26:00+00:00, run_after=2024-12-25 14:28:00+00:00
[2024-12-25T14:29:13.904+0000] {processor.py:183} INFO - Processing /home/airflow/.local/lib/python3.10/site-packages/airflow/example_dags/example_sla_dag.py took 0.157 seconds
[2024-12-25T14:29:45.127+0000] {processor.py:161} INFO - Started process (PID=8464) to work on /home/airflow/.local/lib/python3.10/site-packages/airflow/example_dags/example_sla_dag.py
[2024-12-25T14:29:45.139+0000] {processor.py:830} INFO - Processing file /home/airflow/.local/lib/python3.10/site-packages/airflow/example_dags/example_sla_dag.py for tasks to queue
[2024-12-25T14:29:45.143+0000] {logging_mixin.py:188} INFO - [2024-12-25T14:29:45.142+0000] {dagbag.py:540} INFO - Filling up the DagBag from /home/airflow/.local/lib/python3.10/site-packages/airflow/example_dags/example_sla_dag.py
[2024-12-25T14:29:45.167+0000] {processor.py:840} INFO - DAG(s) 'example_sla_dag' retrieved from /home/airflow/.local/lib/python3.10/site-packages/airflow/example_dags/example_sla_dag.py
[2024-12-25T14:29:45.218+0000] {logging_mixin.py:188} INFO - [2024-12-25T14:29:45.218+0000] {dag.py:3047} INFO - Sync 1 DAGs
[2024-12-25T14:29:45.273+0000] {logging_mixin.py:188} INFO - [2024-12-25T14:29:45.272+0000] {dag.py:3834} INFO - Setting next_dagrun for example_sla_dag to 2024-12-25 14:26:00+00:00, run_after=2024-12-25 14:28:00+00:00
[2024-12-25T14:29:45.309+0000] {processor.py:183} INFO - Processing /home/airflow/.local/lib/python3.10/site-packages/airflow/example_dags/example_sla_dag.py took 0.194 seconds
[2024-12-25T14:30:17.296+0000] {processor.py:161} INFO - Started process (PID=8519) to work on /home/airflow/.local/lib/python3.10/site-packages/airflow/example_dags/example_sla_dag.py
[2024-12-25T14:30:17.298+0000] {processor.py:830} INFO - Processing file /home/airflow/.local/lib/python3.10/site-packages/airflow/example_dags/example_sla_dag.py for tasks to queue
[2024-12-25T14:30:17.315+0000] {logging_mixin.py:188} INFO - [2024-12-25T14:30:17.314+0000] {dagbag.py:540} INFO - Filling up the DagBag from /home/airflow/.local/lib/python3.10/site-packages/airflow/example_dags/example_sla_dag.py
[2024-12-25T14:30:17.360+0000] {processor.py:840} INFO - DAG(s) 'example_sla_dag' retrieved from /home/airflow/.local/lib/python3.10/site-packages/airflow/example_dags/example_sla_dag.py
[2024-12-25T14:30:17.480+0000] {logging_mixin.py:188} INFO - [2024-12-25T14:30:17.480+0000] {dag.py:3047} INFO - Sync 1 DAGs
[2024-12-25T14:30:17.630+0000] {logging_mixin.py:188} INFO - [2024-12-25T14:30:17.629+0000] {dag.py:3834} INFO - Setting next_dagrun for example_sla_dag to 2024-12-25 14:28:00+00:00, run_after=2024-12-25 14:30:00+00:00
[2024-12-25T14:30:17.726+0000] {processor.py:183} INFO - Processing /home/airflow/.local/lib/python3.10/site-packages/airflow/example_dags/example_sla_dag.py took 0.447 seconds
[2024-12-25T14:30:48.030+0000] {processor.py:161} INFO - Started process (PID=8575) to work on /home/airflow/.local/lib/python3.10/site-packages/airflow/example_dags/example_sla_dag.py
[2024-12-25T14:30:48.034+0000] {processor.py:830} INFO - Processing file /home/airflow/.local/lib/python3.10/site-packages/airflow/example_dags/example_sla_dag.py for tasks to queue
[2024-12-25T14:30:48.035+0000] {logging_mixin.py:188} INFO - [2024-12-25T14:30:48.035+0000] {dagbag.py:540} INFO - Filling up the DagBag from /home/airflow/.local/lib/python3.10/site-packages/airflow/example_dags/example_sla_dag.py
[2024-12-25T14:30:48.051+0000] {processor.py:840} INFO - DAG(s) 'example_sla_dag' retrieved from /home/airflow/.local/lib/python3.10/site-packages/airflow/example_dags/example_sla_dag.py
[2024-12-25T14:30:48.095+0000] {logging_mixin.py:188} INFO - [2024-12-25T14:30:48.095+0000] {dag.py:3047} INFO - Sync 1 DAGs
[2024-12-25T14:30:48.140+0000] {logging_mixin.py:188} INFO - [2024-12-25T14:30:48.140+0000] {dag.py:3834} INFO - Setting next_dagrun for example_sla_dag to 2024-12-25 14:28:00+00:00, run_after=2024-12-25 14:30:00+00:00
[2024-12-25T14:30:48.171+0000] {processor.py:183} INFO - Processing /home/airflow/.local/lib/python3.10/site-packages/airflow/example_dags/example_sla_dag.py took 0.146 seconds
[2024-12-25T14:31:18.928+0000] {processor.py:161} INFO - Started process (PID=8630) to work on /home/airflow/.local/lib/python3.10/site-packages/airflow/example_dags/example_sla_dag.py
[2024-12-25T14:31:18.929+0000] {processor.py:830} INFO - Processing file /home/airflow/.local/lib/python3.10/site-packages/airflow/example_dags/example_sla_dag.py for tasks to queue
[2024-12-25T14:31:18.930+0000] {logging_mixin.py:188} INFO - [2024-12-25T14:31:18.930+0000] {dagbag.py:540} INFO - Filling up the DagBag from /home/airflow/.local/lib/python3.10/site-packages/airflow/example_dags/example_sla_dag.py
[2024-12-25T14:31:18.942+0000] {processor.py:840} INFO - DAG(s) 'example_sla_dag' retrieved from /home/airflow/.local/lib/python3.10/site-packages/airflow/example_dags/example_sla_dag.py
[2024-12-25T14:31:18.971+0000] {logging_mixin.py:188} INFO - [2024-12-25T14:31:18.970+0000] {dag.py:3047} INFO - Sync 1 DAGs
[2024-12-25T14:31:19.006+0000] {logging_mixin.py:188} INFO - [2024-12-25T14:31:19.006+0000] {dag.py:3834} INFO - Setting next_dagrun for example_sla_dag to 2024-12-25 14:28:00+00:00, run_after=2024-12-25 14:30:00+00:00
[2024-12-25T14:31:19.036+0000] {processor.py:183} INFO - Processing /home/airflow/.local/lib/python3.10/site-packages/airflow/example_dags/example_sla_dag.py took 0.112 seconds
[2024-12-25T14:31:49.747+0000] {processor.py:161} INFO - Started process (PID=8684) to work on /home/airflow/.local/lib/python3.10/site-packages/airflow/example_dags/example_sla_dag.py
[2024-12-25T14:31:49.751+0000] {processor.py:830} INFO - Processing file /home/airflow/.local/lib/python3.10/site-packages/airflow/example_dags/example_sla_dag.py for tasks to queue
[2024-12-25T14:31:49.752+0000] {logging_mixin.py:188} INFO - [2024-12-25T14:31:49.752+0000] {dagbag.py:540} INFO - Filling up the DagBag from /home/airflow/.local/lib/python3.10/site-packages/airflow/example_dags/example_sla_dag.py
[2024-12-25T14:31:49.765+0000] {processor.py:840} INFO - DAG(s) 'example_sla_dag' retrieved from /home/airflow/.local/lib/python3.10/site-packages/airflow/example_dags/example_sla_dag.py
[2024-12-25T14:31:49.793+0000] {logging_mixin.py:188} INFO - [2024-12-25T14:31:49.793+0000] {dag.py:3047} INFO - Sync 1 DAGs
[2024-12-25T14:31:49.824+0000] {logging_mixin.py:188} INFO - [2024-12-25T14:31:49.824+0000] {dag.py:3834} INFO - Setting next_dagrun for example_sla_dag to 2024-12-25 14:28:00+00:00, run_after=2024-12-25 14:30:00+00:00
[2024-12-25T14:31:49.855+0000] {processor.py:183} INFO - Processing /home/airflow/.local/lib/python3.10/site-packages/airflow/example_dags/example_sla_dag.py took 0.112 seconds
[2024-12-25T14:32:19.905+0000] {processor.py:161} INFO - Started process (PID=8740) to work on /home/airflow/.local/lib/python3.10/site-packages/airflow/example_dags/example_sla_dag.py
[2024-12-25T14:32:19.907+0000] {processor.py:830} INFO - Processing file /home/airflow/.local/lib/python3.10/site-packages/airflow/example_dags/example_sla_dag.py for tasks to queue
[2024-12-25T14:32:19.908+0000] {logging_mixin.py:188} INFO - [2024-12-25T14:32:19.908+0000] {dagbag.py:540} INFO - Filling up the DagBag from /home/airflow/.local/lib/python3.10/site-packages/airflow/example_dags/example_sla_dag.py
[2024-12-25T14:32:19.920+0000] {processor.py:840} INFO - DAG(s) 'example_sla_dag' retrieved from /home/airflow/.local/lib/python3.10/site-packages/airflow/example_dags/example_sla_dag.py
[2024-12-25T14:32:19.957+0000] {logging_mixin.py:188} INFO - [2024-12-25T14:32:19.957+0000] {dag.py:3047} INFO - Sync 1 DAGs
[2024-12-25T14:32:20.230+0000] {logging_mixin.py:188} INFO - [2024-12-25T14:32:20.230+0000] {dag.py:3834} INFO - Setting next_dagrun for example_sla_dag to 2024-12-25 14:30:00+00:00, run_after=2024-12-25 14:32:00+00:00
[2024-12-25T14:32:20.264+0000] {processor.py:183} INFO - Processing /home/airflow/.local/lib/python3.10/site-packages/airflow/example_dags/example_sla_dag.py took 0.364 seconds
[2024-12-25T14:32:50.438+0000] {processor.py:161} INFO - Started process (PID=8795) to work on /home/airflow/.local/lib/python3.10/site-packages/airflow/example_dags/example_sla_dag.py
[2024-12-25T14:32:50.442+0000] {processor.py:830} INFO - Processing file /home/airflow/.local/lib/python3.10/site-packages/airflow/example_dags/example_sla_dag.py for tasks to queue
[2024-12-25T14:32:50.443+0000] {logging_mixin.py:188} INFO - [2024-12-25T14:32:50.443+0000] {dagbag.py:540} INFO - Filling up the DagBag from /home/airflow/.local/lib/python3.10/site-packages/airflow/example_dags/example_sla_dag.py
[2024-12-25T14:32:50.458+0000] {processor.py:840} INFO - DAG(s) 'example_sla_dag' retrieved from /home/airflow/.local/lib/python3.10/site-packages/airflow/example_dags/example_sla_dag.py
[2024-12-25T14:32:50.492+0000] {logging_mixin.py:188} INFO - [2024-12-25T14:32:50.492+0000] {dag.py:3047} INFO - Sync 1 DAGs
[2024-12-25T14:32:50.533+0000] {logging_mixin.py:188} INFO - [2024-12-25T14:32:50.532+0000] {dag.py:3834} INFO - Setting next_dagrun for example_sla_dag to 2024-12-25 14:30:00+00:00, run_after=2024-12-25 14:32:00+00:00
[2024-12-25T14:32:50.725+0000] {processor.py:183} INFO - Processing /home/airflow/.local/lib/python3.10/site-packages/airflow/example_dags/example_sla_dag.py took 0.291 seconds
[2024-12-25T14:33:21.168+0000] {processor.py:161} INFO - Started process (PID=8851) to work on /home/airflow/.local/lib/python3.10/site-packages/airflow/example_dags/example_sla_dag.py
[2024-12-25T14:33:21.169+0000] {processor.py:830} INFO - Processing file /home/airflow/.local/lib/python3.10/site-packages/airflow/example_dags/example_sla_dag.py for tasks to queue
[2024-12-25T14:33:21.171+0000] {logging_mixin.py:188} INFO - [2024-12-25T14:33:21.170+0000] {dagbag.py:540} INFO - Filling up the DagBag from /home/airflow/.local/lib/python3.10/site-packages/airflow/example_dags/example_sla_dag.py
[2024-12-25T14:33:21.190+0000] {processor.py:840} INFO - DAG(s) 'example_sla_dag' retrieved from /home/airflow/.local/lib/python3.10/site-packages/airflow/example_dags/example_sla_dag.py
[2024-12-25T14:33:21.234+0000] {logging_mixin.py:188} INFO - [2024-12-25T14:33:21.234+0000] {dag.py:3047} INFO - Sync 1 DAGs
[2024-12-25T14:33:21.279+0000] {logging_mixin.py:188} INFO - [2024-12-25T14:33:21.278+0000] {dag.py:3834} INFO - Setting next_dagrun for example_sla_dag to 2024-12-25 14:30:00+00:00, run_after=2024-12-25 14:32:00+00:00
[2024-12-25T14:33:21.309+0000] {processor.py:183} INFO - Processing /home/airflow/.local/lib/python3.10/site-packages/airflow/example_dags/example_sla_dag.py took 0.148 seconds
[2024-12-25T14:33:51.714+0000] {processor.py:161} INFO - Started process (PID=8906) to work on /home/airflow/.local/lib/python3.10/site-packages/airflow/example_dags/example_sla_dag.py
[2024-12-25T14:33:51.718+0000] {processor.py:830} INFO - Processing file /home/airflow/.local/lib/python3.10/site-packages/airflow/example_dags/example_sla_dag.py for tasks to queue
[2024-12-25T14:33:51.720+0000] {logging_mixin.py:188} INFO - [2024-12-25T14:33:51.720+0000] {dagbag.py:540} INFO - Filling up the DagBag from /home/airflow/.local/lib/python3.10/site-packages/airflow/example_dags/example_sla_dag.py
[2024-12-25T14:33:51.747+0000] {processor.py:840} INFO - DAG(s) 'example_sla_dag' retrieved from /home/airflow/.local/lib/python3.10/site-packages/airflow/example_dags/example_sla_dag.py
[2024-12-25T14:33:52.028+0000] {logging_mixin.py:188} INFO - [2024-12-25T14:33:52.028+0000] {dag.py:3047} INFO - Sync 1 DAGs
[2024-12-25T14:33:52.071+0000] {logging_mixin.py:188} INFO - [2024-12-25T14:33:52.071+0000] {dag.py:3834} INFO - Setting next_dagrun for example_sla_dag to 2024-12-25 14:30:00+00:00, run_after=2024-12-25 14:32:00+00:00
[2024-12-25T14:33:52.112+0000] {processor.py:183} INFO - Processing /home/airflow/.local/lib/python3.10/site-packages/airflow/example_dags/example_sla_dag.py took 0.405 seconds
[2024-12-25T14:34:22.981+0000] {processor.py:161} INFO - Started process (PID=8961) to work on /home/airflow/.local/lib/python3.10/site-packages/airflow/example_dags/example_sla_dag.py
[2024-12-25T14:34:22.984+0000] {processor.py:830} INFO - Processing file /home/airflow/.local/lib/python3.10/site-packages/airflow/example_dags/example_sla_dag.py for tasks to queue
[2024-12-25T14:34:22.986+0000] {logging_mixin.py:188} INFO - [2024-12-25T14:34:22.985+0000] {dagbag.py:540} INFO - Filling up the DagBag from /home/airflow/.local/lib/python3.10/site-packages/airflow/example_dags/example_sla_dag.py
[2024-12-25T14:34:22.999+0000] {processor.py:840} INFO - DAG(s) 'example_sla_dag' retrieved from /home/airflow/.local/lib/python3.10/site-packages/airflow/example_dags/example_sla_dag.py
[2024-12-25T14:34:23.030+0000] {logging_mixin.py:188} INFO - [2024-12-25T14:34:23.029+0000] {dag.py:3047} INFO - Sync 1 DAGs
[2024-12-25T14:34:23.075+0000] {logging_mixin.py:188} INFO - [2024-12-25T14:34:23.075+0000] {dag.py:3834} INFO - Setting next_dagrun for example_sla_dag to 2024-12-25 14:32:00+00:00, run_after=2024-12-25 14:34:00+00:00
[2024-12-25T14:34:23.109+0000] {processor.py:183} INFO - Processing /home/airflow/.local/lib/python3.10/site-packages/airflow/example_dags/example_sla_dag.py took 0.132 seconds
[2024-12-25T14:34:53.711+0000] {processor.py:161} INFO - Started process (PID=9017) to work on /home/airflow/.local/lib/python3.10/site-packages/airflow/example_dags/example_sla_dag.py
[2024-12-25T14:34:53.715+0000] {processor.py:830} INFO - Processing file /home/airflow/.local/lib/python3.10/site-packages/airflow/example_dags/example_sla_dag.py for tasks to queue
[2024-12-25T14:34:53.717+0000] {logging_mixin.py:188} INFO - [2024-12-25T14:34:53.716+0000] {dagbag.py:540} INFO - Filling up the DagBag from /home/airflow/.local/lib/python3.10/site-packages/airflow/example_dags/example_sla_dag.py
[2024-12-25T14:34:53.730+0000] {processor.py:840} INFO - DAG(s) 'example_sla_dag' retrieved from /home/airflow/.local/lib/python3.10/site-packages/airflow/example_dags/example_sla_dag.py
[2024-12-25T14:34:53.781+0000] {logging_mixin.py:188} INFO - [2024-12-25T14:34:53.780+0000] {dag.py:3047} INFO - Sync 1 DAGs
[2024-12-25T14:34:53.856+0000] {logging_mixin.py:188} INFO - [2024-12-25T14:34:53.856+0000] {dag.py:3834} INFO - Setting next_dagrun for example_sla_dag to 2024-12-25 14:32:00+00:00, run_after=2024-12-25 14:34:00+00:00
[2024-12-25T14:34:53.911+0000] {processor.py:183} INFO - Processing /home/airflow/.local/lib/python3.10/site-packages/airflow/example_dags/example_sla_dag.py took 0.204 seconds
[2024-12-25T14:35:24.098+0000] {processor.py:161} INFO - Started process (PID=9072) to work on /home/airflow/.local/lib/python3.10/site-packages/airflow/example_dags/example_sla_dag.py
[2024-12-25T14:35:24.100+0000] {processor.py:830} INFO - Processing file /home/airflow/.local/lib/python3.10/site-packages/airflow/example_dags/example_sla_dag.py for tasks to queue
[2024-12-25T14:35:24.101+0000] {logging_mixin.py:188} INFO - [2024-12-25T14:35:24.101+0000] {dagbag.py:540} INFO - Filling up the DagBag from /home/airflow/.local/lib/python3.10/site-packages/airflow/example_dags/example_sla_dag.py
[2024-12-25T14:35:24.111+0000] {processor.py:840} INFO - DAG(s) 'example_sla_dag' retrieved from /home/airflow/.local/lib/python3.10/site-packages/airflow/example_dags/example_sla_dag.py
[2024-12-25T14:35:24.146+0000] {logging_mixin.py:188} INFO - [2024-12-25T14:35:24.146+0000] {dag.py:3047} INFO - Sync 1 DAGs
[2024-12-25T14:35:24.180+0000] {logging_mixin.py:188} INFO - [2024-12-25T14:35:24.179+0000] {dag.py:3834} INFO - Setting next_dagrun for example_sla_dag to 2024-12-25 14:32:00+00:00, run_after=2024-12-25 14:34:00+00:00
[2024-12-25T14:35:24.212+0000] {processor.py:183} INFO - Processing /home/airflow/.local/lib/python3.10/site-packages/airflow/example_dags/example_sla_dag.py took 0.117 seconds
[2024-12-25T14:35:55.029+0000] {processor.py:161} INFO - Started process (PID=9127) to work on /home/airflow/.local/lib/python3.10/site-packages/airflow/example_dags/example_sla_dag.py
[2024-12-25T14:35:55.031+0000] {processor.py:830} INFO - Processing file /home/airflow/.local/lib/python3.10/site-packages/airflow/example_dags/example_sla_dag.py for tasks to queue
[2024-12-25T14:35:55.034+0000] {logging_mixin.py:188} INFO - [2024-12-25T14:35:55.031+0000] {dagbag.py:540} INFO - Filling up the DagBag from /home/airflow/.local/lib/python3.10/site-packages/airflow/example_dags/example_sla_dag.py
[2024-12-25T14:35:55.049+0000] {processor.py:840} INFO - DAG(s) 'example_sla_dag' retrieved from /home/airflow/.local/lib/python3.10/site-packages/airflow/example_dags/example_sla_dag.py
[2024-12-25T14:35:55.092+0000] {logging_mixin.py:188} INFO - [2024-12-25T14:35:55.091+0000] {dag.py:3047} INFO - Sync 1 DAGs
[2024-12-25T14:35:55.147+0000] {logging_mixin.py:188} INFO - [2024-12-25T14:35:55.147+0000] {dag.py:3834} INFO - Setting next_dagrun for example_sla_dag to 2024-12-25 14:32:00+00:00, run_after=2024-12-25 14:34:00+00:00
[2024-12-25T14:35:55.186+0000] {processor.py:183} INFO - Processing /home/airflow/.local/lib/python3.10/site-packages/airflow/example_dags/example_sla_dag.py took 0.160 seconds
[2024-12-25T14:36:25.353+0000] {processor.py:161} INFO - Started process (PID=9183) to work on /home/airflow/.local/lib/python3.10/site-packages/airflow/example_dags/example_sla_dag.py
[2024-12-25T14:36:25.356+0000] {processor.py:830} INFO - Processing file /home/airflow/.local/lib/python3.10/site-packages/airflow/example_dags/example_sla_dag.py for tasks to queue
[2024-12-25T14:36:25.362+0000] {logging_mixin.py:188} INFO - [2024-12-25T14:36:25.358+0000] {dagbag.py:540} INFO - Filling up the DagBag from /home/airflow/.local/lib/python3.10/site-packages/airflow/example_dags/example_sla_dag.py
[2024-12-25T14:36:25.396+0000] {processor.py:840} INFO - DAG(s) 'example_sla_dag' retrieved from /home/airflow/.local/lib/python3.10/site-packages/airflow/example_dags/example_sla_dag.py
[2024-12-25T14:36:25.527+0000] {logging_mixin.py:188} INFO - [2024-12-25T14:36:25.522+0000] {dag.py:3047} INFO - Sync 1 DAGs
[2024-12-25T14:36:25.606+0000] {logging_mixin.py:188} INFO - [2024-12-25T14:36:25.605+0000] {dag.py:3834} INFO - Setting next_dagrun for example_sla_dag to 2024-12-25 14:34:00+00:00, run_after=2024-12-25 14:36:00+00:00
[2024-12-25T14:36:25.654+0000] {processor.py:183} INFO - Processing /home/airflow/.local/lib/python3.10/site-packages/airflow/example_dags/example_sla_dag.py took 0.312 seconds
[2024-12-25T14:36:56.407+0000] {processor.py:161} INFO - Started process (PID=9239) to work on /home/airflow/.local/lib/python3.10/site-packages/airflow/example_dags/example_sla_dag.py
[2024-12-25T14:36:56.409+0000] {processor.py:830} INFO - Processing file /home/airflow/.local/lib/python3.10/site-packages/airflow/example_dags/example_sla_dag.py for tasks to queue
[2024-12-25T14:36:56.410+0000] {logging_mixin.py:188} INFO - [2024-12-25T14:36:56.410+0000] {dagbag.py:540} INFO - Filling up the DagBag from /home/airflow/.local/lib/python3.10/site-packages/airflow/example_dags/example_sla_dag.py
[2024-12-25T14:36:56.432+0000] {processor.py:840} INFO - DAG(s) 'example_sla_dag' retrieved from /home/airflow/.local/lib/python3.10/site-packages/airflow/example_dags/example_sla_dag.py
[2024-12-25T14:36:56.507+0000] {logging_mixin.py:188} INFO - [2024-12-25T14:36:56.507+0000] {dag.py:3047} INFO - Sync 1 DAGs
[2024-12-25T14:36:56.597+0000] {logging_mixin.py:188} INFO - [2024-12-25T14:36:56.596+0000] {dag.py:3834} INFO - Setting next_dagrun for example_sla_dag to 2024-12-25 14:34:00+00:00, run_after=2024-12-25 14:36:00+00:00
[2024-12-25T14:36:56.666+0000] {processor.py:183} INFO - Processing /home/airflow/.local/lib/python3.10/site-packages/airflow/example_dags/example_sla_dag.py took 0.267 seconds
[2024-12-25T14:37:27.181+0000] {processor.py:161} INFO - Started process (PID=9296) to work on /home/airflow/.local/lib/python3.10/site-packages/airflow/example_dags/example_sla_dag.py
[2024-12-25T14:37:27.185+0000] {processor.py:830} INFO - Processing file /home/airflow/.local/lib/python3.10/site-packages/airflow/example_dags/example_sla_dag.py for tasks to queue
[2024-12-25T14:37:27.189+0000] {logging_mixin.py:188} INFO - [2024-12-25T14:37:27.189+0000] {dagbag.py:540} INFO - Filling up the DagBag from /home/airflow/.local/lib/python3.10/site-packages/airflow/example_dags/example_sla_dag.py
[2024-12-25T14:37:27.199+0000] {processor.py:840} INFO - DAG(s) 'example_sla_dag' retrieved from /home/airflow/.local/lib/python3.10/site-packages/airflow/example_dags/example_sla_dag.py
[2024-12-25T14:37:27.230+0000] {logging_mixin.py:188} INFO - [2024-12-25T14:37:27.230+0000] {dag.py:3047} INFO - Sync 1 DAGs
[2024-12-25T14:37:27.266+0000] {logging_mixin.py:188} INFO - [2024-12-25T14:37:27.266+0000] {dag.py:3834} INFO - Setting next_dagrun for example_sla_dag to 2024-12-25 14:34:00+00:00, run_after=2024-12-25 14:36:00+00:00
[2024-12-25T14:37:27.298+0000] {processor.py:183} INFO - Processing /home/airflow/.local/lib/python3.10/site-packages/airflow/example_dags/example_sla_dag.py took 0.120 seconds
[2024-12-25T14:37:57.788+0000] {processor.py:161} INFO - Started process (PID=9351) to work on /home/airflow/.local/lib/python3.10/site-packages/airflow/example_dags/example_sla_dag.py
[2024-12-25T14:37:57.789+0000] {processor.py:830} INFO - Processing file /home/airflow/.local/lib/python3.10/site-packages/airflow/example_dags/example_sla_dag.py for tasks to queue
[2024-12-25T14:37:57.790+0000] {logging_mixin.py:188} INFO - [2024-12-25T14:37:57.790+0000] {dagbag.py:540} INFO - Filling up the DagBag from /home/airflow/.local/lib/python3.10/site-packages/airflow/example_dags/example_sla_dag.py
[2024-12-25T14:37:57.806+0000] {processor.py:840} INFO - DAG(s) 'example_sla_dag' retrieved from /home/airflow/.local/lib/python3.10/site-packages/airflow/example_dags/example_sla_dag.py
[2024-12-25T14:37:57.842+0000] {logging_mixin.py:188} INFO - [2024-12-25T14:37:57.841+0000] {dag.py:3047} INFO - Sync 1 DAGs
[2024-12-25T14:37:57.881+0000] {logging_mixin.py:188} INFO - [2024-12-25T14:37:57.881+0000] {dag.py:3834} INFO - Setting next_dagrun for example_sla_dag to 2024-12-25 14:34:00+00:00, run_after=2024-12-25 14:36:00+00:00
[2024-12-25T14:37:57.918+0000] {processor.py:183} INFO - Processing /home/airflow/.local/lib/python3.10/site-packages/airflow/example_dags/example_sla_dag.py took 0.138 seconds
[2024-12-25T14:38:28.339+0000] {processor.py:161} INFO - Started process (PID=9406) to work on /home/airflow/.local/lib/python3.10/site-packages/airflow/example_dags/example_sla_dag.py
[2024-12-25T14:38:28.341+0000] {processor.py:830} INFO - Processing file /home/airflow/.local/lib/python3.10/site-packages/airflow/example_dags/example_sla_dag.py for tasks to queue
[2024-12-25T14:38:28.345+0000] {logging_mixin.py:188} INFO - [2024-12-25T14:38:28.342+0000] {dagbag.py:540} INFO - Filling up the DagBag from /home/airflow/.local/lib/python3.10/site-packages/airflow/example_dags/example_sla_dag.py
[2024-12-25T14:38:28.362+0000] {processor.py:840} INFO - DAG(s) 'example_sla_dag' retrieved from /home/airflow/.local/lib/python3.10/site-packages/airflow/example_dags/example_sla_dag.py
[2024-12-25T14:38:28.399+0000] {logging_mixin.py:188} INFO - [2024-12-25T14:38:28.399+0000] {dag.py:3047} INFO - Sync 1 DAGs
[2024-12-25T14:38:28.441+0000] {logging_mixin.py:188} INFO - [2024-12-25T14:38:28.440+0000] {dag.py:3834} INFO - Setting next_dagrun for example_sla_dag to 2024-12-25 14:36:00+00:00, run_after=2024-12-25 14:38:00+00:00
[2024-12-25T14:38:28.486+0000] {processor.py:183} INFO - Processing /home/airflow/.local/lib/python3.10/site-packages/airflow/example_dags/example_sla_dag.py took 0.151 seconds
[2024-12-25T14:38:58.971+0000] {processor.py:161} INFO - Started process (PID=9461) to work on /home/airflow/.local/lib/python3.10/site-packages/airflow/example_dags/example_sla_dag.py
[2024-12-25T14:38:58.976+0000] {processor.py:830} INFO - Processing file /home/airflow/.local/lib/python3.10/site-packages/airflow/example_dags/example_sla_dag.py for tasks to queue
[2024-12-25T14:38:58.978+0000] {logging_mixin.py:188} INFO - [2024-12-25T14:38:58.977+0000] {dagbag.py:540} INFO - Filling up the DagBag from /home/airflow/.local/lib/python3.10/site-packages/airflow/example_dags/example_sla_dag.py
[2024-12-25T14:38:59.008+0000] {processor.py:840} INFO - DAG(s) 'example_sla_dag' retrieved from /home/airflow/.local/lib/python3.10/site-packages/airflow/example_dags/example_sla_dag.py
[2024-12-25T14:38:59.059+0000] {logging_mixin.py:188} INFO - [2024-12-25T14:38:59.059+0000] {dag.py:3047} INFO - Sync 1 DAGs
[2024-12-25T14:38:59.119+0000] {logging_mixin.py:188} INFO - [2024-12-25T14:38:59.118+0000] {dag.py:3834} INFO - Setting next_dagrun for example_sla_dag to 2024-12-25 14:36:00+00:00, run_after=2024-12-25 14:38:00+00:00
[2024-12-25T14:38:59.168+0000] {processor.py:183} INFO - Processing /home/airflow/.local/lib/python3.10/site-packages/airflow/example_dags/example_sla_dag.py took 0.201 seconds
[2024-12-25T14:39:29.247+0000] {processor.py:161} INFO - Started process (PID=9517) to work on /home/airflow/.local/lib/python3.10/site-packages/airflow/example_dags/example_sla_dag.py
[2024-12-25T14:39:29.249+0000] {processor.py:830} INFO - Processing file /home/airflow/.local/lib/python3.10/site-packages/airflow/example_dags/example_sla_dag.py for tasks to queue
[2024-12-25T14:39:29.251+0000] {logging_mixin.py:188} INFO - [2024-12-25T14:39:29.250+0000] {dagbag.py:540} INFO - Filling up the DagBag from /home/airflow/.local/lib/python3.10/site-packages/airflow/example_dags/example_sla_dag.py
[2024-12-25T14:39:29.276+0000] {processor.py:840} INFO - DAG(s) 'example_sla_dag' retrieved from /home/airflow/.local/lib/python3.10/site-packages/airflow/example_dags/example_sla_dag.py
[2024-12-25T14:39:29.319+0000] {logging_mixin.py:188} INFO - [2024-12-25T14:39:29.319+0000] {dag.py:3047} INFO - Sync 1 DAGs
[2024-12-25T14:39:29.376+0000] {logging_mixin.py:188} INFO - [2024-12-25T14:39:29.376+0000] {dag.py:3834} INFO - Setting next_dagrun for example_sla_dag to 2024-12-25 14:36:00+00:00, run_after=2024-12-25 14:38:00+00:00
[2024-12-25T14:39:29.426+0000] {processor.py:183} INFO - Processing /home/airflow/.local/lib/python3.10/site-packages/airflow/example_dags/example_sla_dag.py took 0.186 seconds
[2024-12-25T14:39:59.656+0000] {processor.py:161} INFO - Started process (PID=9573) to work on /home/airflow/.local/lib/python3.10/site-packages/airflow/example_dags/example_sla_dag.py
[2024-12-25T14:39:59.657+0000] {processor.py:830} INFO - Processing file /home/airflow/.local/lib/python3.10/site-packages/airflow/example_dags/example_sla_dag.py for tasks to queue
[2024-12-25T14:39:59.658+0000] {logging_mixin.py:188} INFO - [2024-12-25T14:39:59.658+0000] {dagbag.py:540} INFO - Filling up the DagBag from /home/airflow/.local/lib/python3.10/site-packages/airflow/example_dags/example_sla_dag.py
[2024-12-25T14:39:59.670+0000] {processor.py:840} INFO - DAG(s) 'example_sla_dag' retrieved from /home/airflow/.local/lib/python3.10/site-packages/airflow/example_dags/example_sla_dag.py
[2024-12-25T14:39:59.716+0000] {logging_mixin.py:188} INFO - [2024-12-25T14:39:59.716+0000] {dag.py:3047} INFO - Sync 1 DAGs
[2024-12-25T14:39:59.754+0000] {logging_mixin.py:188} INFO - [2024-12-25T14:39:59.754+0000] {dag.py:3834} INFO - Setting next_dagrun for example_sla_dag to 2024-12-25 14:36:00+00:00, run_after=2024-12-25 14:38:00+00:00
[2024-12-25T14:39:59.784+0000] {processor.py:183} INFO - Processing /home/airflow/.local/lib/python3.10/site-packages/airflow/example_dags/example_sla_dag.py took 0.134 seconds
[2024-12-25T14:40:30.051+0000] {processor.py:161} INFO - Started process (PID=9629) to work on /home/airflow/.local/lib/python3.10/site-packages/airflow/example_dags/example_sla_dag.py
[2024-12-25T14:40:30.055+0000] {processor.py:830} INFO - Processing file /home/airflow/.local/lib/python3.10/site-packages/airflow/example_dags/example_sla_dag.py for tasks to queue
[2024-12-25T14:40:30.057+0000] {logging_mixin.py:188} INFO - [2024-12-25T14:40:30.056+0000] {dagbag.py:540} INFO - Filling up the DagBag from /home/airflow/.local/lib/python3.10/site-packages/airflow/example_dags/example_sla_dag.py
[2024-12-25T14:40:30.079+0000] {processor.py:840} INFO - DAG(s) 'example_sla_dag' retrieved from /home/airflow/.local/lib/python3.10/site-packages/airflow/example_dags/example_sla_dag.py
[2024-12-25T14:40:30.146+0000] {logging_mixin.py:188} INFO - [2024-12-25T14:40:30.145+0000] {dag.py:3047} INFO - Sync 1 DAGs
[2024-12-25T14:40:30.211+0000] {logging_mixin.py:188} INFO - [2024-12-25T14:40:30.211+0000] {dag.py:3834} INFO - Setting next_dagrun for example_sla_dag to 2024-12-25 14:38:00+00:00, run_after=2024-12-25 14:40:00+00:00
[2024-12-25T14:40:30.272+0000] {processor.py:183} INFO - Processing /home/airflow/.local/lib/python3.10/site-packages/airflow/example_dags/example_sla_dag.py took 0.235 seconds
[2024-12-25T14:41:00.668+0000] {processor.py:161} INFO - Started process (PID=9685) to work on /home/airflow/.local/lib/python3.10/site-packages/airflow/example_dags/example_sla_dag.py
[2024-12-25T14:41:00.670+0000] {processor.py:830} INFO - Processing file /home/airflow/.local/lib/python3.10/site-packages/airflow/example_dags/example_sla_dag.py for tasks to queue
[2024-12-25T14:41:00.671+0000] {logging_mixin.py:188} INFO - [2024-12-25T14:41:00.671+0000] {dagbag.py:540} INFO - Filling up the DagBag from /home/airflow/.local/lib/python3.10/site-packages/airflow/example_dags/example_sla_dag.py
[2024-12-25T14:41:00.688+0000] {processor.py:840} INFO - DAG(s) 'example_sla_dag' retrieved from /home/airflow/.local/lib/python3.10/site-packages/airflow/example_dags/example_sla_dag.py
[2024-12-25T14:41:00.726+0000] {logging_mixin.py:188} INFO - [2024-12-25T14:41:00.726+0000] {dag.py:3047} INFO - Sync 1 DAGs
[2024-12-25T14:41:00.771+0000] {logging_mixin.py:188} INFO - [2024-12-25T14:41:00.771+0000] {dag.py:3834} INFO - Setting next_dagrun for example_sla_dag to 2024-12-25 14:38:00+00:00, run_after=2024-12-25 14:40:00+00:00
[2024-12-25T14:41:00.819+0000] {processor.py:183} INFO - Processing /home/airflow/.local/lib/python3.10/site-packages/airflow/example_dags/example_sla_dag.py took 0.158 seconds
[2024-12-25T14:41:31.216+0000] {processor.py:161} INFO - Started process (PID=9741) to work on /home/airflow/.local/lib/python3.10/site-packages/airflow/example_dags/example_sla_dag.py
[2024-12-25T14:41:31.223+0000] {processor.py:830} INFO - Processing file /home/airflow/.local/lib/python3.10/site-packages/airflow/example_dags/example_sla_dag.py for tasks to queue
[2024-12-25T14:41:31.225+0000] {logging_mixin.py:188} INFO - [2024-12-25T14:41:31.225+0000] {dagbag.py:540} INFO - Filling up the DagBag from /home/airflow/.local/lib/python3.10/site-packages/airflow/example_dags/example_sla_dag.py
[2024-12-25T14:41:31.237+0000] {processor.py:840} INFO - DAG(s) 'example_sla_dag' retrieved from /home/airflow/.local/lib/python3.10/site-packages/airflow/example_dags/example_sla_dag.py
[2024-12-25T14:41:31.285+0000] {logging_mixin.py:188} INFO - [2024-12-25T14:41:31.284+0000] {dag.py:3047} INFO - Sync 1 DAGs
[2024-12-25T14:41:31.328+0000] {logging_mixin.py:188} INFO - [2024-12-25T14:41:31.328+0000] {dag.py:3834} INFO - Setting next_dagrun for example_sla_dag to 2024-12-25 14:38:00+00:00, run_after=2024-12-25 14:40:00+00:00
[2024-12-25T14:41:31.383+0000] {processor.py:183} INFO - Processing /home/airflow/.local/lib/python3.10/site-packages/airflow/example_dags/example_sla_dag.py took 0.174 seconds
[2024-12-25T14:42:01.741+0000] {processor.py:161} INFO - Started process (PID=9796) to work on /home/airflow/.local/lib/python3.10/site-packages/airflow/example_dags/example_sla_dag.py
[2024-12-25T14:42:01.746+0000] {processor.py:830} INFO - Processing file /home/airflow/.local/lib/python3.10/site-packages/airflow/example_dags/example_sla_dag.py for tasks to queue
[2024-12-25T14:42:01.756+0000] {logging_mixin.py:188} INFO - [2024-12-25T14:42:01.756+0000] {dagbag.py:540} INFO - Filling up the DagBag from /home/airflow/.local/lib/python3.10/site-packages/airflow/example_dags/example_sla_dag.py
[2024-12-25T14:42:01.776+0000] {processor.py:840} INFO - DAG(s) 'example_sla_dag' retrieved from /home/airflow/.local/lib/python3.10/site-packages/airflow/example_dags/example_sla_dag.py
[2024-12-25T14:42:01.847+0000] {logging_mixin.py:188} INFO - [2024-12-25T14:42:01.847+0000] {dag.py:3047} INFO - Sync 1 DAGs
[2024-12-25T14:42:01.919+0000] {logging_mixin.py:188} INFO - [2024-12-25T14:42:01.918+0000] {dag.py:3834} INFO - Setting next_dagrun for example_sla_dag to 2024-12-25 14:40:00+00:00, run_after=2024-12-25 14:42:00+00:00
[2024-12-25T14:42:01.966+0000] {processor.py:183} INFO - Processing /home/airflow/.local/lib/python3.10/site-packages/airflow/example_dags/example_sla_dag.py took 0.230 seconds
[2024-12-25T14:42:32.407+0000] {processor.py:161} INFO - Started process (PID=9852) to work on /home/airflow/.local/lib/python3.10/site-packages/airflow/example_dags/example_sla_dag.py
[2024-12-25T14:42:32.408+0000] {processor.py:830} INFO - Processing file /home/airflow/.local/lib/python3.10/site-packages/airflow/example_dags/example_sla_dag.py for tasks to queue
[2024-12-25T14:42:32.415+0000] {logging_mixin.py:188} INFO - [2024-12-25T14:42:32.414+0000] {dagbag.py:540} INFO - Filling up the DagBag from /home/airflow/.local/lib/python3.10/site-packages/airflow/example_dags/example_sla_dag.py
[2024-12-25T14:42:32.437+0000] {processor.py:840} INFO - DAG(s) 'example_sla_dag' retrieved from /home/airflow/.local/lib/python3.10/site-packages/airflow/example_dags/example_sla_dag.py
[2024-12-25T14:42:32.484+0000] {logging_mixin.py:188} INFO - [2024-12-25T14:42:32.483+0000] {dag.py:3047} INFO - Sync 1 DAGs
[2024-12-25T14:42:32.528+0000] {logging_mixin.py:188} INFO - [2024-12-25T14:42:32.528+0000] {dag.py:3834} INFO - Setting next_dagrun for example_sla_dag to 2024-12-25 14:40:00+00:00, run_after=2024-12-25 14:42:00+00:00
[2024-12-25T14:42:32.567+0000] {processor.py:183} INFO - Processing /home/airflow/.local/lib/python3.10/site-packages/airflow/example_dags/example_sla_dag.py took 0.168 seconds
[2024-12-25T14:43:03.329+0000] {processor.py:161} INFO - Started process (PID=9908) to work on /home/airflow/.local/lib/python3.10/site-packages/airflow/example_dags/example_sla_dag.py
[2024-12-25T14:43:03.331+0000] {processor.py:830} INFO - Processing file /home/airflow/.local/lib/python3.10/site-packages/airflow/example_dags/example_sla_dag.py for tasks to queue
[2024-12-25T14:43:03.338+0000] {logging_mixin.py:188} INFO - [2024-12-25T14:43:03.337+0000] {dagbag.py:540} INFO - Filling up the DagBag from /home/airflow/.local/lib/python3.10/site-packages/airflow/example_dags/example_sla_dag.py
[2024-12-25T14:43:03.391+0000] {processor.py:840} INFO - DAG(s) 'example_sla_dag' retrieved from /home/airflow/.local/lib/python3.10/site-packages/airflow/example_dags/example_sla_dag.py
[2024-12-25T14:43:03.557+0000] {logging_mixin.py:188} INFO - [2024-12-25T14:43:03.557+0000] {dag.py:3047} INFO - Sync 1 DAGs
[2024-12-25T14:43:03.650+0000] {logging_mixin.py:188} INFO - [2024-12-25T14:43:03.649+0000] {dag.py:3834} INFO - Setting next_dagrun for example_sla_dag to 2024-12-25 14:40:00+00:00, run_after=2024-12-25 14:42:00+00:00
[2024-12-25T14:43:03.709+0000] {processor.py:183} INFO - Processing /home/airflow/.local/lib/python3.10/site-packages/airflow/example_dags/example_sla_dag.py took 0.389 seconds
[2024-12-25T14:43:34.053+0000] {processor.py:161} INFO - Started process (PID=9965) to work on /home/airflow/.local/lib/python3.10/site-packages/airflow/example_dags/example_sla_dag.py
[2024-12-25T14:43:34.054+0000] {processor.py:830} INFO - Processing file /home/airflow/.local/lib/python3.10/site-packages/airflow/example_dags/example_sla_dag.py for tasks to queue
[2024-12-25T14:43:34.061+0000] {logging_mixin.py:188} INFO - [2024-12-25T14:43:34.060+0000] {dagbag.py:540} INFO - Filling up the DagBag from /home/airflow/.local/lib/python3.10/site-packages/airflow/example_dags/example_sla_dag.py
[2024-12-25T14:43:34.081+0000] {processor.py:840} INFO - DAG(s) 'example_sla_dag' retrieved from /home/airflow/.local/lib/python3.10/site-packages/airflow/example_dags/example_sla_dag.py
[2024-12-25T14:43:34.149+0000] {logging_mixin.py:188} INFO - [2024-12-25T14:43:34.145+0000] {dag.py:3047} INFO - Sync 1 DAGs
[2024-12-25T14:43:34.205+0000] {logging_mixin.py:188} INFO - [2024-12-25T14:43:34.204+0000] {dag.py:3834} INFO - Setting next_dagrun for example_sla_dag to 2024-12-25 14:40:00+00:00, run_after=2024-12-25 14:42:00+00:00
[2024-12-25T14:43:34.274+0000] {processor.py:183} INFO - Processing /home/airflow/.local/lib/python3.10/site-packages/airflow/example_dags/example_sla_dag.py took 0.230 seconds
[2024-12-25T14:44:04.530+0000] {processor.py:161} INFO - Started process (PID=10020) to work on /home/airflow/.local/lib/python3.10/site-packages/airflow/example_dags/example_sla_dag.py
[2024-12-25T14:44:04.535+0000] {processor.py:830} INFO - Processing file /home/airflow/.local/lib/python3.10/site-packages/airflow/example_dags/example_sla_dag.py for tasks to queue
[2024-12-25T14:44:04.545+0000] {logging_mixin.py:188} INFO - [2024-12-25T14:44:04.536+0000] {dagbag.py:540} INFO - Filling up the DagBag from /home/airflow/.local/lib/python3.10/site-packages/airflow/example_dags/example_sla_dag.py
[2024-12-25T14:44:04.569+0000] {processor.py:840} INFO - DAG(s) 'example_sla_dag' retrieved from /home/airflow/.local/lib/python3.10/site-packages/airflow/example_dags/example_sla_dag.py
[2024-12-25T14:44:04.610+0000] {logging_mixin.py:188} INFO - [2024-12-25T14:44:04.610+0000] {dag.py:3047} INFO - Sync 1 DAGs
[2024-12-25T14:44:04.660+0000] {logging_mixin.py:188} INFO - [2024-12-25T14:44:04.660+0000] {dag.py:3834} INFO - Setting next_dagrun for example_sla_dag to 2024-12-25 14:42:00+00:00, run_after=2024-12-25 14:44:00+00:00
[2024-12-25T14:44:04.708+0000] {processor.py:183} INFO - Processing /home/airflow/.local/lib/python3.10/site-packages/airflow/example_dags/example_sla_dag.py took 0.183 seconds
[2024-12-25T14:44:35.048+0000] {processor.py:161} INFO - Started process (PID=10077) to work on /home/airflow/.local/lib/python3.10/site-packages/airflow/example_dags/example_sla_dag.py
[2024-12-25T14:44:35.055+0000] {processor.py:830} INFO - Processing file /home/airflow/.local/lib/python3.10/site-packages/airflow/example_dags/example_sla_dag.py for tasks to queue
[2024-12-25T14:44:35.077+0000] {logging_mixin.py:188} INFO - [2024-12-25T14:44:35.070+0000] {dagbag.py:540} INFO - Filling up the DagBag from /home/airflow/.local/lib/python3.10/site-packages/airflow/example_dags/example_sla_dag.py
[2024-12-25T14:44:35.150+0000] {processor.py:840} INFO - DAG(s) 'example_sla_dag' retrieved from /home/airflow/.local/lib/python3.10/site-packages/airflow/example_dags/example_sla_dag.py
[2024-12-25T14:44:35.335+0000] {logging_mixin.py:188} INFO - [2024-12-25T14:44:35.329+0000] {dag.py:3047} INFO - Sync 1 DAGs
[2024-12-25T14:44:35.506+0000] {logging_mixin.py:188} INFO - [2024-12-25T14:44:35.506+0000] {dag.py:3834} INFO - Setting next_dagrun for example_sla_dag to 2024-12-25 14:42:00+00:00, run_after=2024-12-25 14:44:00+00:00
[2024-12-25T14:44:35.626+0000] {processor.py:183} INFO - Processing /home/airflow/.local/lib/python3.10/site-packages/airflow/example_dags/example_sla_dag.py took 0.590 seconds
[2024-12-25T14:45:06.759+0000] {processor.py:161} INFO - Started process (PID=10135) to work on /home/airflow/.local/lib/python3.10/site-packages/airflow/example_dags/example_sla_dag.py
[2024-12-25T14:45:06.765+0000] {processor.py:830} INFO - Processing file /home/airflow/.local/lib/python3.10/site-packages/airflow/example_dags/example_sla_dag.py for tasks to queue
[2024-12-25T14:45:06.766+0000] {logging_mixin.py:188} INFO - [2024-12-25T14:45:06.766+0000] {dagbag.py:540} INFO - Filling up the DagBag from /home/airflow/.local/lib/python3.10/site-packages/airflow/example_dags/example_sla_dag.py
[2024-12-25T14:45:06.789+0000] {processor.py:840} INFO - DAG(s) 'example_sla_dag' retrieved from /home/airflow/.local/lib/python3.10/site-packages/airflow/example_dags/example_sla_dag.py
[2024-12-25T14:45:06.839+0000] {logging_mixin.py:188} INFO - [2024-12-25T14:45:06.838+0000] {dag.py:3047} INFO - Sync 1 DAGs
[2024-12-25T14:45:06.900+0000] {logging_mixin.py:188} INFO - [2024-12-25T14:45:06.900+0000] {dag.py:3834} INFO - Setting next_dagrun for example_sla_dag to 2024-12-25 14:42:00+00:00, run_after=2024-12-25 14:44:00+00:00
[2024-12-25T14:45:06.966+0000] {processor.py:183} INFO - Processing /home/airflow/.local/lib/python3.10/site-packages/airflow/example_dags/example_sla_dag.py took 0.216 seconds
[2024-12-25T14:45:37.518+0000] {processor.py:161} INFO - Started process (PID=10191) to work on /home/airflow/.local/lib/python3.10/site-packages/airflow/example_dags/example_sla_dag.py
[2024-12-25T14:45:37.520+0000] {processor.py:830} INFO - Processing file /home/airflow/.local/lib/python3.10/site-packages/airflow/example_dags/example_sla_dag.py for tasks to queue
[2024-12-25T14:45:37.526+0000] {logging_mixin.py:188} INFO - [2024-12-25T14:45:37.521+0000] {dagbag.py:540} INFO - Filling up the DagBag from /home/airflow/.local/lib/python3.10/site-packages/airflow/example_dags/example_sla_dag.py
[2024-12-25T14:45:37.578+0000] {processor.py:840} INFO - DAG(s) 'example_sla_dag' retrieved from /home/airflow/.local/lib/python3.10/site-packages/airflow/example_dags/example_sla_dag.py
[2024-12-25T14:45:37.686+0000] {logging_mixin.py:188} INFO - [2024-12-25T14:45:37.681+0000] {dag.py:3047} INFO - Sync 1 DAGs
[2024-12-25T14:45:37.800+0000] {logging_mixin.py:188} INFO - [2024-12-25T14:45:37.800+0000] {dag.py:3834} INFO - Setting next_dagrun for example_sla_dag to 2024-12-25 14:42:00+00:00, run_after=2024-12-25 14:44:00+00:00
[2024-12-25T14:45:37.880+0000] {processor.py:183} INFO - Processing /home/airflow/.local/lib/python3.10/site-packages/airflow/example_dags/example_sla_dag.py took 0.372 seconds
[2024-12-25T14:46:08.744+0000] {processor.py:161} INFO - Started process (PID=10253) to work on /home/airflow/.local/lib/python3.10/site-packages/airflow/example_dags/example_sla_dag.py
[2024-12-25T14:46:08.746+0000] {processor.py:830} INFO - Processing file /home/airflow/.local/lib/python3.10/site-packages/airflow/example_dags/example_sla_dag.py for tasks to queue
[2024-12-25T14:46:08.753+0000] {logging_mixin.py:188} INFO - [2024-12-25T14:46:08.748+0000] {dagbag.py:540} INFO - Filling up the DagBag from /home/airflow/.local/lib/python3.10/site-packages/airflow/example_dags/example_sla_dag.py
[2024-12-25T14:46:08.778+0000] {processor.py:840} INFO - DAG(s) 'example_sla_dag' retrieved from /home/airflow/.local/lib/python3.10/site-packages/airflow/example_dags/example_sla_dag.py
[2024-12-25T14:46:08.897+0000] {logging_mixin.py:188} INFO - [2024-12-25T14:46:08.896+0000] {dag.py:3047} INFO - Sync 1 DAGs
[2024-12-25T14:46:09.004+0000] {logging_mixin.py:188} INFO - [2024-12-25T14:46:09.004+0000] {dag.py:3834} INFO - Setting next_dagrun for example_sla_dag to 2024-12-25 14:44:00+00:00, run_after=2024-12-25 14:46:00+00:00
[2024-12-25T14:46:09.074+0000] {processor.py:183} INFO - Processing /home/airflow/.local/lib/python3.10/site-packages/airflow/example_dags/example_sla_dag.py took 0.340 seconds
[2024-12-25T14:46:39.839+0000] {processor.py:161} INFO - Started process (PID=10308) to work on /home/airflow/.local/lib/python3.10/site-packages/airflow/example_dags/example_sla_dag.py
[2024-12-25T14:46:39.841+0000] {processor.py:830} INFO - Processing file /home/airflow/.local/lib/python3.10/site-packages/airflow/example_dags/example_sla_dag.py for tasks to queue
[2024-12-25T14:46:39.848+0000] {logging_mixin.py:188} INFO - [2024-12-25T14:46:39.847+0000] {dagbag.py:540} INFO - Filling up the DagBag from /home/airflow/.local/lib/python3.10/site-packages/airflow/example_dags/example_sla_dag.py
[2024-12-25T14:46:39.877+0000] {processor.py:840} INFO - DAG(s) 'example_sla_dag' retrieved from /home/airflow/.local/lib/python3.10/site-packages/airflow/example_dags/example_sla_dag.py
[2024-12-25T14:46:39.937+0000] {logging_mixin.py:188} INFO - [2024-12-25T14:46:39.937+0000] {dag.py:3047} INFO - Sync 1 DAGs
[2024-12-25T14:46:40.010+0000] {logging_mixin.py:188} INFO - [2024-12-25T14:46:40.010+0000] {dag.py:3834} INFO - Setting next_dagrun for example_sla_dag to 2024-12-25 14:44:00+00:00, run_after=2024-12-25 14:46:00+00:00
[2024-12-25T14:46:40.077+0000] {processor.py:183} INFO - Processing /home/airflow/.local/lib/python3.10/site-packages/airflow/example_dags/example_sla_dag.py took 0.247 seconds
[2024-12-25T14:47:10.568+0000] {processor.py:161} INFO - Started process (PID=10363) to work on /home/airflow/.local/lib/python3.10/site-packages/airflow/example_dags/example_sla_dag.py
[2024-12-25T14:47:10.570+0000] {processor.py:830} INFO - Processing file /home/airflow/.local/lib/python3.10/site-packages/airflow/example_dags/example_sla_dag.py for tasks to queue
[2024-12-25T14:47:10.572+0000] {logging_mixin.py:188} INFO - [2024-12-25T14:47:10.571+0000] {dagbag.py:540} INFO - Filling up the DagBag from /home/airflow/.local/lib/python3.10/site-packages/airflow/example_dags/example_sla_dag.py
[2024-12-25T14:47:10.599+0000] {processor.py:840} INFO - DAG(s) 'example_sla_dag' retrieved from /home/airflow/.local/lib/python3.10/site-packages/airflow/example_dags/example_sla_dag.py
[2024-12-25T14:47:10.669+0000] {logging_mixin.py:188} INFO - [2024-12-25T14:47:10.668+0000] {dag.py:3047} INFO - Sync 1 DAGs
[2024-12-25T14:47:10.759+0000] {logging_mixin.py:188} INFO - [2024-12-25T14:47:10.759+0000] {dag.py:3834} INFO - Setting next_dagrun for example_sla_dag to 2024-12-25 14:44:00+00:00, run_after=2024-12-25 14:46:00+00:00
[2024-12-25T14:47:10.829+0000] {processor.py:183} INFO - Processing /home/airflow/.local/lib/python3.10/site-packages/airflow/example_dags/example_sla_dag.py took 0.271 seconds
[2024-12-25T14:47:41.442+0000] {processor.py:161} INFO - Started process (PID=10420) to work on /home/airflow/.local/lib/python3.10/site-packages/airflow/example_dags/example_sla_dag.py
[2024-12-25T14:47:41.448+0000] {processor.py:830} INFO - Processing file /home/airflow/.local/lib/python3.10/site-packages/airflow/example_dags/example_sla_dag.py for tasks to queue
[2024-12-25T14:47:41.450+0000] {logging_mixin.py:188} INFO - [2024-12-25T14:47:41.449+0000] {dagbag.py:540} INFO - Filling up the DagBag from /home/airflow/.local/lib/python3.10/site-packages/airflow/example_dags/example_sla_dag.py
[2024-12-25T14:47:41.478+0000] {processor.py:840} INFO - DAG(s) 'example_sla_dag' retrieved from /home/airflow/.local/lib/python3.10/site-packages/airflow/example_dags/example_sla_dag.py
[2024-12-25T14:47:41.541+0000] {logging_mixin.py:188} INFO - [2024-12-25T14:47:41.541+0000] {dag.py:3047} INFO - Sync 1 DAGs
[2024-12-25T14:47:41.617+0000] {logging_mixin.py:188} INFO - [2024-12-25T14:47:41.617+0000] {dag.py:3834} INFO - Setting next_dagrun for example_sla_dag to 2024-12-25 14:44:00+00:00, run_after=2024-12-25 14:46:00+00:00
[2024-12-25T14:47:41.709+0000] {processor.py:183} INFO - Processing /home/airflow/.local/lib/python3.10/site-packages/airflow/example_dags/example_sla_dag.py took 0.279 seconds
[2024-12-25T14:48:12.820+0000] {processor.py:161} INFO - Started process (PID=10476) to work on /home/airflow/.local/lib/python3.10/site-packages/airflow/example_dags/example_sla_dag.py
[2024-12-25T14:48:12.822+0000] {processor.py:830} INFO - Processing file /home/airflow/.local/lib/python3.10/site-packages/airflow/example_dags/example_sla_dag.py for tasks to queue
[2024-12-25T14:48:12.823+0000] {logging_mixin.py:188} INFO - [2024-12-25T14:48:12.823+0000] {dagbag.py:540} INFO - Filling up the DagBag from /home/airflow/.local/lib/python3.10/site-packages/airflow/example_dags/example_sla_dag.py
[2024-12-25T14:48:12.863+0000] {processor.py:840} INFO - DAG(s) 'example_sla_dag' retrieved from /home/airflow/.local/lib/python3.10/site-packages/airflow/example_dags/example_sla_dag.py
[2024-12-25T14:48:12.931+0000] {logging_mixin.py:188} INFO - [2024-12-25T14:48:12.930+0000] {dag.py:3047} INFO - Sync 1 DAGs
[2024-12-25T14:48:13.042+0000] {logging_mixin.py:188} INFO - [2024-12-25T14:48:13.041+0000] {dag.py:3834} INFO - Setting next_dagrun for example_sla_dag to 2024-12-25 14:46:00+00:00, run_after=2024-12-25 14:48:00+00:00
[2024-12-25T14:48:13.130+0000] {processor.py:183} INFO - Processing /home/airflow/.local/lib/python3.10/site-packages/airflow/example_dags/example_sla_dag.py took 0.355 seconds
[2024-12-25T14:48:43.428+0000] {processor.py:161} INFO - Started process (PID=10532) to work on /home/airflow/.local/lib/python3.10/site-packages/airflow/example_dags/example_sla_dag.py
[2024-12-25T14:48:43.430+0000] {processor.py:830} INFO - Processing file /home/airflow/.local/lib/python3.10/site-packages/airflow/example_dags/example_sla_dag.py for tasks to queue
[2024-12-25T14:48:43.431+0000] {logging_mixin.py:188} INFO - [2024-12-25T14:48:43.431+0000] {dagbag.py:540} INFO - Filling up the DagBag from /home/airflow/.local/lib/python3.10/site-packages/airflow/example_dags/example_sla_dag.py
[2024-12-25T14:48:43.469+0000] {processor.py:840} INFO - DAG(s) 'example_sla_dag' retrieved from /home/airflow/.local/lib/python3.10/site-packages/airflow/example_dags/example_sla_dag.py
[2024-12-25T14:48:43.567+0000] {logging_mixin.py:188} INFO - [2024-12-25T14:48:43.567+0000] {dag.py:3047} INFO - Sync 1 DAGs
[2024-12-25T14:48:43.700+0000] {logging_mixin.py:188} INFO - [2024-12-25T14:48:43.699+0000] {dag.py:3834} INFO - Setting next_dagrun for example_sla_dag to 2024-12-25 14:46:00+00:00, run_after=2024-12-25 14:48:00+00:00
[2024-12-25T14:48:43.801+0000] {processor.py:183} INFO - Processing /home/airflow/.local/lib/python3.10/site-packages/airflow/example_dags/example_sla_dag.py took 0.390 seconds
[2024-12-25T14:49:14.490+0000] {processor.py:161} INFO - Started process (PID=10588) to work on /home/airflow/.local/lib/python3.10/site-packages/airflow/example_dags/example_sla_dag.py
[2024-12-25T14:49:14.501+0000] {processor.py:830} INFO - Processing file /home/airflow/.local/lib/python3.10/site-packages/airflow/example_dags/example_sla_dag.py for tasks to queue
[2024-12-25T14:49:14.508+0000] {logging_mixin.py:188} INFO - [2024-12-25T14:49:14.507+0000] {dagbag.py:540} INFO - Filling up the DagBag from /home/airflow/.local/lib/python3.10/site-packages/airflow/example_dags/example_sla_dag.py
[2024-12-25T14:49:14.539+0000] {processor.py:840} INFO - DAG(s) 'example_sla_dag' retrieved from /home/airflow/.local/lib/python3.10/site-packages/airflow/example_dags/example_sla_dag.py
[2024-12-25T14:49:14.609+0000] {logging_mixin.py:188} INFO - [2024-12-25T14:49:14.609+0000] {dag.py:3047} INFO - Sync 1 DAGs
[2024-12-25T14:49:14.708+0000] {logging_mixin.py:188} INFO - [2024-12-25T14:49:14.708+0000] {dag.py:3834} INFO - Setting next_dagrun for example_sla_dag to 2024-12-25 14:46:00+00:00, run_after=2024-12-25 14:48:00+00:00
[2024-12-25T14:49:14.769+0000] {processor.py:183} INFO - Processing /home/airflow/.local/lib/python3.10/site-packages/airflow/example_dags/example_sla_dag.py took 0.289 seconds
[2024-12-25T14:49:45.287+0000] {processor.py:161} INFO - Started process (PID=10645) to work on /home/airflow/.local/lib/python3.10/site-packages/airflow/example_dags/example_sla_dag.py
[2024-12-25T14:49:45.289+0000] {processor.py:830} INFO - Processing file /home/airflow/.local/lib/python3.10/site-packages/airflow/example_dags/example_sla_dag.py for tasks to queue
[2024-12-25T14:49:45.295+0000] {logging_mixin.py:188} INFO - [2024-12-25T14:49:45.295+0000] {dagbag.py:540} INFO - Filling up the DagBag from /home/airflow/.local/lib/python3.10/site-packages/airflow/example_dags/example_sla_dag.py
[2024-12-25T14:49:45.334+0000] {processor.py:840} INFO - DAG(s) 'example_sla_dag' retrieved from /home/airflow/.local/lib/python3.10/site-packages/airflow/example_dags/example_sla_dag.py
[2024-12-25T14:49:45.418+0000] {logging_mixin.py:188} INFO - [2024-12-25T14:49:45.418+0000] {dag.py:3047} INFO - Sync 1 DAGs
[2024-12-25T14:49:45.497+0000] {logging_mixin.py:188} INFO - [2024-12-25T14:49:45.497+0000] {dag.py:3834} INFO - Setting next_dagrun for example_sla_dag to 2024-12-25 14:46:00+00:00, run_after=2024-12-25 14:48:00+00:00
[2024-12-25T14:49:45.565+0000] {processor.py:183} INFO - Processing /home/airflow/.local/lib/python3.10/site-packages/airflow/example_dags/example_sla_dag.py took 0.300 seconds
[2024-12-25T14:50:16.088+0000] {processor.py:161} INFO - Started process (PID=10700) to work on /home/airflow/.local/lib/python3.10/site-packages/airflow/example_dags/example_sla_dag.py
[2024-12-25T14:50:16.090+0000] {processor.py:830} INFO - Processing file /home/airflow/.local/lib/python3.10/site-packages/airflow/example_dags/example_sla_dag.py for tasks to queue
[2024-12-25T14:50:16.099+0000] {logging_mixin.py:188} INFO - [2024-12-25T14:50:16.098+0000] {dagbag.py:540} INFO - Filling up the DagBag from /home/airflow/.local/lib/python3.10/site-packages/airflow/example_dags/example_sla_dag.py
[2024-12-25T14:50:16.129+0000] {processor.py:840} INFO - DAG(s) 'example_sla_dag' retrieved from /home/airflow/.local/lib/python3.10/site-packages/airflow/example_dags/example_sla_dag.py
[2024-12-25T14:50:16.200+0000] {logging_mixin.py:188} INFO - [2024-12-25T14:50:16.200+0000] {dag.py:3047} INFO - Sync 1 DAGs
[2024-12-25T14:50:16.299+0000] {logging_mixin.py:188} INFO - [2024-12-25T14:50:16.298+0000] {dag.py:3834} INFO - Setting next_dagrun for example_sla_dag to 2024-12-25 14:48:00+00:00, run_after=2024-12-25 14:50:00+00:00
[2024-12-25T14:50:16.371+0000] {processor.py:183} INFO - Processing /home/airflow/.local/lib/python3.10/site-packages/airflow/example_dags/example_sla_dag.py took 0.293 seconds
[2024-12-25T14:50:46.896+0000] {processor.py:161} INFO - Started process (PID=10756) to work on /home/airflow/.local/lib/python3.10/site-packages/airflow/example_dags/example_sla_dag.py
[2024-12-25T14:50:46.898+0000] {processor.py:830} INFO - Processing file /home/airflow/.local/lib/python3.10/site-packages/airflow/example_dags/example_sla_dag.py for tasks to queue
[2024-12-25T14:50:46.899+0000] {logging_mixin.py:188} INFO - [2024-12-25T14:50:46.899+0000] {dagbag.py:540} INFO - Filling up the DagBag from /home/airflow/.local/lib/python3.10/site-packages/airflow/example_dags/example_sla_dag.py
[2024-12-25T14:50:46.939+0000] {processor.py:840} INFO - DAG(s) 'example_sla_dag' retrieved from /home/airflow/.local/lib/python3.10/site-packages/airflow/example_dags/example_sla_dag.py
[2024-12-25T14:50:47.049+0000] {logging_mixin.py:188} INFO - [2024-12-25T14:50:47.048+0000] {dag.py:3047} INFO - Sync 1 DAGs
[2024-12-25T14:50:47.168+0000] {logging_mixin.py:188} INFO - [2024-12-25T14:50:47.168+0000] {dag.py:3834} INFO - Setting next_dagrun for example_sla_dag to 2024-12-25 14:48:00+00:00, run_after=2024-12-25 14:50:00+00:00
[2024-12-25T14:50:47.246+0000] {processor.py:183} INFO - Processing /home/airflow/.local/lib/python3.10/site-packages/airflow/example_dags/example_sla_dag.py took 0.366 seconds
[2024-12-25T14:51:17.438+0000] {processor.py:161} INFO - Started process (PID=10812) to work on /home/airflow/.local/lib/python3.10/site-packages/airflow/example_dags/example_sla_dag.py
[2024-12-25T14:51:17.446+0000] {processor.py:830} INFO - Processing file /home/airflow/.local/lib/python3.10/site-packages/airflow/example_dags/example_sla_dag.py for tasks to queue
[2024-12-25T14:51:17.447+0000] {logging_mixin.py:188} INFO - [2024-12-25T14:51:17.447+0000] {dagbag.py:540} INFO - Filling up the DagBag from /home/airflow/.local/lib/python3.10/site-packages/airflow/example_dags/example_sla_dag.py
[2024-12-25T14:51:17.477+0000] {processor.py:840} INFO - DAG(s) 'example_sla_dag' retrieved from /home/airflow/.local/lib/python3.10/site-packages/airflow/example_dags/example_sla_dag.py
[2024-12-25T14:51:17.585+0000] {logging_mixin.py:188} INFO - [2024-12-25T14:51:17.579+0000] {dag.py:3047} INFO - Sync 1 DAGs
[2024-12-25T14:51:17.686+0000] {logging_mixin.py:188} INFO - [2024-12-25T14:51:17.686+0000] {dag.py:3834} INFO - Setting next_dagrun for example_sla_dag to 2024-12-25 14:48:00+00:00, run_after=2024-12-25 14:50:00+00:00
[2024-12-25T14:51:17.777+0000] {processor.py:183} INFO - Processing /home/airflow/.local/lib/python3.10/site-packages/airflow/example_dags/example_sla_dag.py took 0.362 seconds
[2024-12-25T14:51:48.320+0000] {processor.py:161} INFO - Started process (PID=10868) to work on /home/airflow/.local/lib/python3.10/site-packages/airflow/example_dags/example_sla_dag.py
[2024-12-25T14:51:48.328+0000] {processor.py:830} INFO - Processing file /home/airflow/.local/lib/python3.10/site-packages/airflow/example_dags/example_sla_dag.py for tasks to queue
[2024-12-25T14:51:48.330+0000] {logging_mixin.py:188} INFO - [2024-12-25T14:51:48.329+0000] {dagbag.py:540} INFO - Filling up the DagBag from /home/airflow/.local/lib/python3.10/site-packages/airflow/example_dags/example_sla_dag.py
[2024-12-25T14:51:48.386+0000] {processor.py:840} INFO - DAG(s) 'example_sla_dag' retrieved from /home/airflow/.local/lib/python3.10/site-packages/airflow/example_dags/example_sla_dag.py
[2024-12-25T14:51:48.499+0000] {logging_mixin.py:188} INFO - [2024-12-25T14:51:48.498+0000] {dag.py:3047} INFO - Sync 1 DAGs
[2024-12-25T14:51:48.599+0000] {logging_mixin.py:188} INFO - [2024-12-25T14:51:48.598+0000] {dag.py:3834} INFO - Setting next_dagrun for example_sla_dag to 2024-12-25 14:48:00+00:00, run_after=2024-12-25 14:50:00+00:00
[2024-12-25T14:51:48.686+0000] {processor.py:183} INFO - Processing /home/airflow/.local/lib/python3.10/site-packages/airflow/example_dags/example_sla_dag.py took 0.387 seconds
[2024-12-25T14:52:18.849+0000] {processor.py:161} INFO - Started process (PID=10923) to work on /home/airflow/.local/lib/python3.10/site-packages/airflow/example_dags/example_sla_dag.py
[2024-12-25T14:52:18.851+0000] {processor.py:830} INFO - Processing file /home/airflow/.local/lib/python3.10/site-packages/airflow/example_dags/example_sla_dag.py for tasks to queue
[2024-12-25T14:52:18.858+0000] {logging_mixin.py:188} INFO - [2024-12-25T14:52:18.858+0000] {dagbag.py:540} INFO - Filling up the DagBag from /home/airflow/.local/lib/python3.10/site-packages/airflow/example_dags/example_sla_dag.py
[2024-12-25T14:52:18.891+0000] {processor.py:840} INFO - DAG(s) 'example_sla_dag' retrieved from /home/airflow/.local/lib/python3.10/site-packages/airflow/example_dags/example_sla_dag.py
[2024-12-25T14:52:18.991+0000] {logging_mixin.py:188} INFO - [2024-12-25T14:52:18.990+0000] {dag.py:3047} INFO - Sync 1 DAGs
[2024-12-25T14:52:19.121+0000] {logging_mixin.py:188} INFO - [2024-12-25T14:52:19.120+0000] {dag.py:3834} INFO - Setting next_dagrun for example_sla_dag to 2024-12-25 14:50:00+00:00, run_after=2024-12-25 14:52:00+00:00
[2024-12-25T14:52:19.209+0000] {processor.py:183} INFO - Processing /home/airflow/.local/lib/python3.10/site-packages/airflow/example_dags/example_sla_dag.py took 0.378 seconds
[2024-12-25T14:52:50.131+0000] {processor.py:161} INFO - Started process (PID=10979) to work on /home/airflow/.local/lib/python3.10/site-packages/airflow/example_dags/example_sla_dag.py
[2024-12-25T14:52:50.133+0000] {processor.py:830} INFO - Processing file /home/airflow/.local/lib/python3.10/site-packages/airflow/example_dags/example_sla_dag.py for tasks to queue
[2024-12-25T14:52:50.143+0000] {logging_mixin.py:188} INFO - [2024-12-25T14:52:50.134+0000] {dagbag.py:540} INFO - Filling up the DagBag from /home/airflow/.local/lib/python3.10/site-packages/airflow/example_dags/example_sla_dag.py
[2024-12-25T14:52:50.182+0000] {processor.py:840} INFO - DAG(s) 'example_sla_dag' retrieved from /home/airflow/.local/lib/python3.10/site-packages/airflow/example_dags/example_sla_dag.py
[2024-12-25T14:52:50.270+0000] {logging_mixin.py:188} INFO - [2024-12-25T14:52:50.270+0000] {dag.py:3047} INFO - Sync 1 DAGs
[2024-12-25T14:52:50.370+0000] {logging_mixin.py:188} INFO - [2024-12-25T14:52:50.370+0000] {dag.py:3834} INFO - Setting next_dagrun for example_sla_dag to 2024-12-25 14:50:00+00:00, run_after=2024-12-25 14:52:00+00:00
[2024-12-25T14:52:50.443+0000] {processor.py:183} INFO - Processing /home/airflow/.local/lib/python3.10/site-packages/airflow/example_dags/example_sla_dag.py took 0.323 seconds
[2024-12-25T14:53:20.928+0000] {processor.py:161} INFO - Started process (PID=11035) to work on /home/airflow/.local/lib/python3.10/site-packages/airflow/example_dags/example_sla_dag.py
[2024-12-25T14:53:20.936+0000] {processor.py:830} INFO - Processing file /home/airflow/.local/lib/python3.10/site-packages/airflow/example_dags/example_sla_dag.py for tasks to queue
[2024-12-25T14:53:20.938+0000] {logging_mixin.py:188} INFO - [2024-12-25T14:53:20.937+0000] {dagbag.py:540} INFO - Filling up the DagBag from /home/airflow/.local/lib/python3.10/site-packages/airflow/example_dags/example_sla_dag.py
[2024-12-25T14:53:20.998+0000] {processor.py:840} INFO - DAG(s) 'example_sla_dag' retrieved from /home/airflow/.local/lib/python3.10/site-packages/airflow/example_dags/example_sla_dag.py
[2024-12-25T14:53:21.125+0000] {logging_mixin.py:188} INFO - [2024-12-25T14:53:21.119+0000] {dag.py:3047} INFO - Sync 1 DAGs
[2024-12-25T14:53:21.279+0000] {logging_mixin.py:188} INFO - [2024-12-25T14:53:21.278+0000] {dag.py:3834} INFO - Setting next_dagrun for example_sla_dag to 2024-12-25 14:50:00+00:00, run_after=2024-12-25 14:52:00+00:00
[2024-12-25T14:53:21.396+0000] {processor.py:183} INFO - Processing /home/airflow/.local/lib/python3.10/site-packages/airflow/example_dags/example_sla_dag.py took 0.498 seconds
[2024-12-25T14:53:52.476+0000] {processor.py:161} INFO - Started process (PID=11091) to work on /home/airflow/.local/lib/python3.10/site-packages/airflow/example_dags/example_sla_dag.py
[2024-12-25T14:53:52.485+0000] {processor.py:830} INFO - Processing file /home/airflow/.local/lib/python3.10/site-packages/airflow/example_dags/example_sla_dag.py for tasks to queue
[2024-12-25T14:53:52.494+0000] {logging_mixin.py:188} INFO - [2024-12-25T14:53:52.487+0000] {dagbag.py:540} INFO - Filling up the DagBag from /home/airflow/.local/lib/python3.10/site-packages/airflow/example_dags/example_sla_dag.py
[2024-12-25T14:53:52.584+0000] {processor.py:840} INFO - DAG(s) 'example_sla_dag' retrieved from /home/airflow/.local/lib/python3.10/site-packages/airflow/example_dags/example_sla_dag.py
[2024-12-25T14:53:52.767+0000] {logging_mixin.py:188} INFO - [2024-12-25T14:53:52.766+0000] {dag.py:3047} INFO - Sync 1 DAGs
[2024-12-25T14:53:53.057+0000] {logging_mixin.py:188} INFO - [2024-12-25T14:53:53.056+0000] {dag.py:3834} INFO - Setting next_dagrun for example_sla_dag to 2024-12-25 14:50:00+00:00, run_after=2024-12-25 14:52:00+00:00
[2024-12-25T14:53:53.414+0000] {processor.py:183} INFO - Processing /home/airflow/.local/lib/python3.10/site-packages/airflow/example_dags/example_sla_dag.py took 0.959 seconds
[2024-12-25T14:54:24.079+0000] {processor.py:161} INFO - Started process (PID=11146) to work on /home/airflow/.local/lib/python3.10/site-packages/airflow/example_dags/example_sla_dag.py
[2024-12-25T14:54:24.081+0000] {processor.py:830} INFO - Processing file /home/airflow/.local/lib/python3.10/site-packages/airflow/example_dags/example_sla_dag.py for tasks to queue
[2024-12-25T14:54:24.098+0000] {logging_mixin.py:188} INFO - [2024-12-25T14:54:24.091+0000] {dagbag.py:540} INFO - Filling up the DagBag from /home/airflow/.local/lib/python3.10/site-packages/airflow/example_dags/example_sla_dag.py
[2024-12-25T14:54:24.149+0000] {processor.py:840} INFO - DAG(s) 'example_sla_dag' retrieved from /home/airflow/.local/lib/python3.10/site-packages/airflow/example_dags/example_sla_dag.py
[2024-12-25T14:54:24.289+0000] {logging_mixin.py:188} INFO - [2024-12-25T14:54:24.289+0000] {dag.py:3047} INFO - Sync 1 DAGs
[2024-12-25T14:54:24.501+0000] {logging_mixin.py:188} INFO - [2024-12-25T14:54:24.501+0000] {dag.py:3834} INFO - Setting next_dagrun for example_sla_dag to 2024-12-25 14:52:00+00:00, run_after=2024-12-25 14:54:00+00:00
[2024-12-25T14:54:24.629+0000] {processor.py:183} INFO - Processing /home/airflow/.local/lib/python3.10/site-packages/airflow/example_dags/example_sla_dag.py took 0.580 seconds
[2024-12-25T14:54:54.957+0000] {processor.py:161} INFO - Started process (PID=11202) to work on /home/airflow/.local/lib/python3.10/site-packages/airflow/example_dags/example_sla_dag.py
[2024-12-25T14:54:54.967+0000] {processor.py:830} INFO - Processing file /home/airflow/.local/lib/python3.10/site-packages/airflow/example_dags/example_sla_dag.py for tasks to queue
[2024-12-25T14:54:54.975+0000] {logging_mixin.py:188} INFO - [2024-12-25T14:54:54.974+0000] {dagbag.py:540} INFO - Filling up the DagBag from /home/airflow/.local/lib/python3.10/site-packages/airflow/example_dags/example_sla_dag.py
[2024-12-25T14:54:55.046+0000] {processor.py:840} INFO - DAG(s) 'example_sla_dag' retrieved from /home/airflow/.local/lib/python3.10/site-packages/airflow/example_dags/example_sla_dag.py
[2024-12-25T14:54:55.138+0000] {logging_mixin.py:188} INFO - [2024-12-25T14:54:55.137+0000] {dag.py:3047} INFO - Sync 1 DAGs
[2024-12-25T14:54:55.287+0000] {logging_mixin.py:188} INFO - [2024-12-25T14:54:55.287+0000] {dag.py:3834} INFO - Setting next_dagrun for example_sla_dag to 2024-12-25 14:52:00+00:00, run_after=2024-12-25 14:54:00+00:00
[2024-12-25T14:54:55.395+0000] {processor.py:183} INFO - Processing /home/airflow/.local/lib/python3.10/site-packages/airflow/example_dags/example_sla_dag.py took 0.460 seconds
[2024-12-25T14:55:25.710+0000] {processor.py:161} INFO - Started process (PID=11256) to work on /home/airflow/.local/lib/python3.10/site-packages/airflow/example_dags/example_sla_dag.py
[2024-12-25T14:55:25.730+0000] {processor.py:830} INFO - Processing file /home/airflow/.local/lib/python3.10/site-packages/airflow/example_dags/example_sla_dag.py for tasks to queue
[2024-12-25T14:55:25.739+0000] {logging_mixin.py:188} INFO - [2024-12-25T14:55:25.738+0000] {dagbag.py:540} INFO - Filling up the DagBag from /home/airflow/.local/lib/python3.10/site-packages/airflow/example_dags/example_sla_dag.py
[2024-12-25T14:55:25.801+0000] {processor.py:840} INFO - DAG(s) 'example_sla_dag' retrieved from /home/airflow/.local/lib/python3.10/site-packages/airflow/example_dags/example_sla_dag.py
[2024-12-25T14:55:25.949+0000] {logging_mixin.py:188} INFO - [2024-12-25T14:55:25.949+0000] {dag.py:3047} INFO - Sync 1 DAGs
[2024-12-25T14:55:26.108+0000] {logging_mixin.py:188} INFO - [2024-12-25T14:55:26.108+0000] {dag.py:3834} INFO - Setting next_dagrun for example_sla_dag to 2024-12-25 14:52:00+00:00, run_after=2024-12-25 14:54:00+00:00
[2024-12-25T14:55:26.250+0000] {processor.py:183} INFO - Processing /home/airflow/.local/lib/python3.10/site-packages/airflow/example_dags/example_sla_dag.py took 0.560 seconds
[2024-12-25T14:55:56.847+0000] {processor.py:161} INFO - Started process (PID=11311) to work on /home/airflow/.local/lib/python3.10/site-packages/airflow/example_dags/example_sla_dag.py
[2024-12-25T14:55:56.856+0000] {processor.py:830} INFO - Processing file /home/airflow/.local/lib/python3.10/site-packages/airflow/example_dags/example_sla_dag.py for tasks to queue
[2024-12-25T14:55:56.857+0000] {logging_mixin.py:188} INFO - [2024-12-25T14:55:56.857+0000] {dagbag.py:540} INFO - Filling up the DagBag from /home/airflow/.local/lib/python3.10/site-packages/airflow/example_dags/example_sla_dag.py
[2024-12-25T14:55:56.916+0000] {processor.py:840} INFO - DAG(s) 'example_sla_dag' retrieved from /home/airflow/.local/lib/python3.10/site-packages/airflow/example_dags/example_sla_dag.py
[2024-12-25T14:55:57.086+0000] {logging_mixin.py:188} INFO - [2024-12-25T14:55:57.086+0000] {dag.py:3047} INFO - Sync 1 DAGs
[2024-12-25T14:55:57.227+0000] {logging_mixin.py:188} INFO - [2024-12-25T14:55:57.226+0000] {dag.py:3834} INFO - Setting next_dagrun for example_sla_dag to 2024-12-25 14:52:00+00:00, run_after=2024-12-25 14:54:00+00:00
[2024-12-25T14:55:57.346+0000] {processor.py:183} INFO - Processing /home/airflow/.local/lib/python3.10/site-packages/airflow/example_dags/example_sla_dag.py took 0.518 seconds
[2024-12-25T14:56:27.970+0000] {processor.py:161} INFO - Started process (PID=11367) to work on /home/airflow/.local/lib/python3.10/site-packages/airflow/example_dags/example_sla_dag.py
[2024-12-25T14:56:27.978+0000] {processor.py:830} INFO - Processing file /home/airflow/.local/lib/python3.10/site-packages/airflow/example_dags/example_sla_dag.py for tasks to queue
[2024-12-25T14:56:27.980+0000] {logging_mixin.py:188} INFO - [2024-12-25T14:56:27.979+0000] {dagbag.py:540} INFO - Filling up the DagBag from /home/airflow/.local/lib/python3.10/site-packages/airflow/example_dags/example_sla_dag.py
[2024-12-25T14:56:28.038+0000] {processor.py:840} INFO - DAG(s) 'example_sla_dag' retrieved from /home/airflow/.local/lib/python3.10/site-packages/airflow/example_dags/example_sla_dag.py
[2024-12-25T14:56:28.170+0000] {logging_mixin.py:188} INFO - [2024-12-25T14:56:28.170+0000] {dag.py:3047} INFO - Sync 1 DAGs
[2024-12-25T14:56:28.300+0000] {logging_mixin.py:188} INFO - [2024-12-25T14:56:28.299+0000] {dag.py:3834} INFO - Setting next_dagrun for example_sla_dag to 2024-12-25 14:54:00+00:00, run_after=2024-12-25 14:56:00+00:00
[2024-12-25T14:56:28.429+0000] {processor.py:183} INFO - Processing /home/airflow/.local/lib/python3.10/site-packages/airflow/example_dags/example_sla_dag.py took 0.479 seconds
[2024-12-25T14:56:59.029+0000] {processor.py:161} INFO - Started process (PID=11420) to work on /home/airflow/.local/lib/python3.10/site-packages/airflow/example_dags/example_sla_dag.py
[2024-12-25T14:56:59.038+0000] {processor.py:830} INFO - Processing file /home/airflow/.local/lib/python3.10/site-packages/airflow/example_dags/example_sla_dag.py for tasks to queue
[2024-12-25T14:56:59.040+0000] {logging_mixin.py:188} INFO - [2024-12-25T14:56:59.039+0000] {dagbag.py:540} INFO - Filling up the DagBag from /home/airflow/.local/lib/python3.10/site-packages/airflow/example_dags/example_sla_dag.py
[2024-12-25T14:56:59.098+0000] {processor.py:840} INFO - DAG(s) 'example_sla_dag' retrieved from /home/airflow/.local/lib/python3.10/site-packages/airflow/example_dags/example_sla_dag.py
[2024-12-25T14:56:59.219+0000] {logging_mixin.py:188} INFO - [2024-12-25T14:56:59.218+0000] {dag.py:3047} INFO - Sync 1 DAGs
[2024-12-25T14:56:59.388+0000] {logging_mixin.py:188} INFO - [2024-12-25T14:56:59.388+0000] {dag.py:3834} INFO - Setting next_dagrun for example_sla_dag to 2024-12-25 14:54:00+00:00, run_after=2024-12-25 14:56:00+00:00
[2024-12-25T14:56:59.510+0000] {processor.py:183} INFO - Processing /home/airflow/.local/lib/python3.10/site-packages/airflow/example_dags/example_sla_dag.py took 0.510 seconds
[2024-12-25T14:57:29.846+0000] {processor.py:161} INFO - Started process (PID=11476) to work on /home/airflow/.local/lib/python3.10/site-packages/airflow/example_dags/example_sla_dag.py
[2024-12-25T14:57:29.854+0000] {processor.py:830} INFO - Processing file /home/airflow/.local/lib/python3.10/site-packages/airflow/example_dags/example_sla_dag.py for tasks to queue
[2024-12-25T14:57:29.866+0000] {logging_mixin.py:188} INFO - [2024-12-25T14:57:29.855+0000] {dagbag.py:540} INFO - Filling up the DagBag from /home/airflow/.local/lib/python3.10/site-packages/airflow/example_dags/example_sla_dag.py
[2024-12-25T14:57:29.914+0000] {processor.py:840} INFO - DAG(s) 'example_sla_dag' retrieved from /home/airflow/.local/lib/python3.10/site-packages/airflow/example_dags/example_sla_dag.py
[2024-12-25T14:57:30.056+0000] {logging_mixin.py:188} INFO - [2024-12-25T14:57:30.055+0000] {dag.py:3047} INFO - Sync 1 DAGs
[2024-12-25T14:57:30.214+0000] {logging_mixin.py:188} INFO - [2024-12-25T14:57:30.214+0000] {dag.py:3834} INFO - Setting next_dagrun for example_sla_dag to 2024-12-25 14:54:00+00:00, run_after=2024-12-25 14:56:00+00:00
[2024-12-25T14:57:30.314+0000] {processor.py:183} INFO - Processing /home/airflow/.local/lib/python3.10/site-packages/airflow/example_dags/example_sla_dag.py took 0.490 seconds
[2024-12-25T14:58:00.850+0000] {processor.py:161} INFO - Started process (PID=11532) to work on /home/airflow/.local/lib/python3.10/site-packages/airflow/example_dags/example_sla_dag.py
[2024-12-25T14:58:00.858+0000] {processor.py:830} INFO - Processing file /home/airflow/.local/lib/python3.10/site-packages/airflow/example_dags/example_sla_dag.py for tasks to queue
[2024-12-25T14:58:00.860+0000] {logging_mixin.py:188} INFO - [2024-12-25T14:58:00.860+0000] {dagbag.py:540} INFO - Filling up the DagBag from /home/airflow/.local/lib/python3.10/site-packages/airflow/example_dags/example_sla_dag.py
[2024-12-25T14:58:00.901+0000] {processor.py:840} INFO - DAG(s) 'example_sla_dag' retrieved from /home/airflow/.local/lib/python3.10/site-packages/airflow/example_dags/example_sla_dag.py
[2024-12-25T14:58:01.029+0000] {logging_mixin.py:188} INFO - [2024-12-25T14:58:01.029+0000] {dag.py:3047} INFO - Sync 1 DAGs
[2024-12-25T14:58:01.159+0000] {logging_mixin.py:188} INFO - [2024-12-25T14:58:01.159+0000] {dag.py:3834} INFO - Setting next_dagrun for example_sla_dag to 2024-12-25 14:56:00+00:00, run_after=2024-12-25 14:58:00+00:00
[2024-12-25T14:58:01.258+0000] {processor.py:183} INFO - Processing /home/airflow/.local/lib/python3.10/site-packages/airflow/example_dags/example_sla_dag.py took 0.420 seconds
[2024-12-25T14:58:31.680+0000] {processor.py:161} INFO - Started process (PID=11588) to work on /home/airflow/.local/lib/python3.10/site-packages/airflow/example_dags/example_sla_dag.py
[2024-12-25T14:58:31.681+0000] {processor.py:830} INFO - Processing file /home/airflow/.local/lib/python3.10/site-packages/airflow/example_dags/example_sla_dag.py for tasks to queue
[2024-12-25T14:58:31.690+0000] {logging_mixin.py:188} INFO - [2024-12-25T14:58:31.689+0000] {dagbag.py:540} INFO - Filling up the DagBag from /home/airflow/.local/lib/python3.10/site-packages/airflow/example_dags/example_sla_dag.py
[2024-12-25T14:58:31.760+0000] {processor.py:840} INFO - DAG(s) 'example_sla_dag' retrieved from /home/airflow/.local/lib/python3.10/site-packages/airflow/example_dags/example_sla_dag.py
[2024-12-25T14:58:31.901+0000] {logging_mixin.py:188} INFO - [2024-12-25T14:58:31.901+0000] {dag.py:3047} INFO - Sync 1 DAGs
[2024-12-25T14:58:32.042+0000] {logging_mixin.py:188} INFO - [2024-12-25T14:58:32.041+0000] {dag.py:3834} INFO - Setting next_dagrun for example_sla_dag to 2024-12-25 14:56:00+00:00, run_after=2024-12-25 14:58:00+00:00
[2024-12-25T14:58:32.169+0000] {processor.py:183} INFO - Processing /home/airflow/.local/lib/python3.10/site-packages/airflow/example_dags/example_sla_dag.py took 0.509 seconds
[2024-12-25T14:59:02.643+0000] {processor.py:161} INFO - Started process (PID=11644) to work on /home/airflow/.local/lib/python3.10/site-packages/airflow/example_dags/example_sla_dag.py
[2024-12-25T14:59:02.662+0000] {processor.py:830} INFO - Processing file /home/airflow/.local/lib/python3.10/site-packages/airflow/example_dags/example_sla_dag.py for tasks to queue
[2024-12-25T14:59:02.663+0000] {logging_mixin.py:188} INFO - [2024-12-25T14:59:02.663+0000] {dagbag.py:540} INFO - Filling up the DagBag from /home/airflow/.local/lib/python3.10/site-packages/airflow/example_dags/example_sla_dag.py
[2024-12-25T14:59:02.723+0000] {processor.py:840} INFO - DAG(s) 'example_sla_dag' retrieved from /home/airflow/.local/lib/python3.10/site-packages/airflow/example_dags/example_sla_dag.py
[2024-12-25T14:59:02.921+0000] {logging_mixin.py:188} INFO - [2024-12-25T14:59:02.913+0000] {dag.py:3047} INFO - Sync 1 DAGs
[2024-12-25T14:59:03.141+0000] {logging_mixin.py:188} INFO - [2024-12-25T14:59:03.133+0000] {dag.py:3834} INFO - Setting next_dagrun for example_sla_dag to 2024-12-25 14:56:00+00:00, run_after=2024-12-25 14:58:00+00:00
[2024-12-25T14:59:03.312+0000] {processor.py:183} INFO - Processing /home/airflow/.local/lib/python3.10/site-packages/airflow/example_dags/example_sla_dag.py took 0.690 seconds
[2024-12-25T14:59:36.885+0000] {processor.py:161} INFO - Started process (PID=11699) to work on /home/airflow/.local/lib/python3.10/site-packages/airflow/example_dags/example_sla_dag.py
[2024-12-25T14:59:36.887+0000] {processor.py:830} INFO - Processing file /home/airflow/.local/lib/python3.10/site-packages/airflow/example_dags/example_sla_dag.py for tasks to queue
[2024-12-25T14:59:36.897+0000] {logging_mixin.py:188} INFO - [2024-12-25T14:59:36.896+0000] {dagbag.py:540} INFO - Filling up the DagBag from /home/airflow/.local/lib/python3.10/site-packages/airflow/example_dags/example_sla_dag.py
[2024-12-25T14:59:36.986+0000] {processor.py:840} INFO - DAG(s) 'example_sla_dag' retrieved from /home/airflow/.local/lib/python3.10/site-packages/airflow/example_dags/example_sla_dag.py
[2024-12-25T14:59:37.287+0000] {logging_mixin.py:188} INFO - [2024-12-25T14:59:37.287+0000] {dag.py:3047} INFO - Sync 1 DAGs
[2024-12-25T14:59:37.755+0000] {logging_mixin.py:188} INFO - [2024-12-25T14:59:37.755+0000] {dag.py:3834} INFO - Setting next_dagrun for example_sla_dag to 2024-12-25 14:56:00+00:00, run_after=2024-12-25 14:58:00+00:00
[2024-12-25T14:59:38.087+0000] {processor.py:183} INFO - Processing /home/airflow/.local/lib/python3.10/site-packages/airflow/example_dags/example_sla_dag.py took 1.251 seconds
[2024-12-25T15:00:16.859+0000] {processor.py:161} INFO - Started process (PID=11755) to work on /home/airflow/.local/lib/python3.10/site-packages/airflow/example_dags/example_sla_dag.py
[2024-12-25T15:00:16.869+0000] {processor.py:830} INFO - Processing file /home/airflow/.local/lib/python3.10/site-packages/airflow/example_dags/example_sla_dag.py for tasks to queue
[2024-12-25T15:00:16.897+0000] {logging_mixin.py:188} INFO - [2024-12-25T15:00:16.889+0000] {dagbag.py:540} INFO - Filling up the DagBag from /home/airflow/.local/lib/python3.10/site-packages/airflow/example_dags/example_sla_dag.py
[2024-12-25T15:00:16.958+0000] {processor.py:840} INFO - DAG(s) 'example_sla_dag' retrieved from /home/airflow/.local/lib/python3.10/site-packages/airflow/example_dags/example_sla_dag.py
[2024-12-25T15:00:17.227+0000] {logging_mixin.py:188} INFO - [2024-12-25T15:00:17.218+0000] {dag.py:3047} INFO - Sync 1 DAGs
[2024-12-25T15:00:17.648+0000] {logging_mixin.py:188} INFO - [2024-12-25T15:00:17.648+0000] {dag.py:3834} INFO - Setting next_dagrun for example_sla_dag to 2024-12-25 14:58:00+00:00, run_after=2024-12-25 15:00:00+00:00
[2024-12-25T15:00:17.818+0000] {processor.py:183} INFO - Processing /home/airflow/.local/lib/python3.10/site-packages/airflow/example_dags/example_sla_dag.py took 0.990 seconds
[2024-12-25T15:01:10.606+0000] {processor.py:161} INFO - Started process (PID=11818) to work on /home/airflow/.local/lib/python3.10/site-packages/airflow/example_dags/example_sla_dag.py
[2024-12-25T15:01:10.616+0000] {processor.py:830} INFO - Processing file /home/airflow/.local/lib/python3.10/site-packages/airflow/example_dags/example_sla_dag.py for tasks to queue
[2024-12-25T15:01:10.637+0000] {logging_mixin.py:188} INFO - [2024-12-25T15:01:10.636+0000] {dagbag.py:540} INFO - Filling up the DagBag from /home/airflow/.local/lib/python3.10/site-packages/airflow/example_dags/example_sla_dag.py
[2024-12-25T15:01:10.877+0000] {processor.py:840} INFO - DAG(s) 'example_sla_dag' retrieved from /home/airflow/.local/lib/python3.10/site-packages/airflow/example_dags/example_sla_dag.py
[2024-12-25T15:01:11.626+0000] {logging_mixin.py:188} INFO - [2024-12-25T15:01:11.626+0000] {dag.py:3047} INFO - Sync 1 DAGs
[2024-12-25T15:01:13.067+0000] {logging_mixin.py:188} INFO - [2024-12-25T15:01:13.066+0000] {dag.py:3834} INFO - Setting next_dagrun for example_sla_dag to 2024-12-25 14:58:00+00:00, run_after=2024-12-25 15:00:00+00:00
[2024-12-25T15:01:13.617+0000] {processor.py:183} INFO - Processing /home/airflow/.local/lib/python3.10/site-packages/airflow/example_dags/example_sla_dag.py took 3.130 seconds
[2024-12-25T15:03:03.628+0000] {processor.py:161} INFO - Started process (PID=11890) to work on /home/airflow/.local/lib/python3.10/site-packages/airflow/example_dags/example_sla_dag.py
[2024-12-25T15:03:03.687+0000] {processor.py:830} INFO - Processing file /home/airflow/.local/lib/python3.10/site-packages/airflow/example_dags/example_sla_dag.py for tasks to queue
[2024-12-25T15:03:03.758+0000] {logging_mixin.py:188} INFO - [2024-12-25T15:03:03.737+0000] {dagbag.py:540} INFO - Filling up the DagBag from /home/airflow/.local/lib/python3.10/site-packages/airflow/example_dags/example_sla_dag.py
[2024-12-25T15:03:04.037+0000] {processor.py:840} INFO - DAG(s) 'example_sla_dag' retrieved from /home/airflow/.local/lib/python3.10/site-packages/airflow/example_dags/example_sla_dag.py
[2024-12-25T15:03:04.557+0000] {logging_mixin.py:188} INFO - [2024-12-25T15:03:04.556+0000] {dag.py:3047} INFO - Sync 1 DAGs
[2024-12-25T15:03:05.178+0000] {logging_mixin.py:188} INFO - [2024-12-25T15:03:05.176+0000] {dag.py:3834} INFO - Setting next_dagrun for example_sla_dag to 2024-12-25 15:00:00+00:00, run_after=2024-12-25 15:02:00+00:00
[2024-12-25T15:03:05.717+0000] {processor.py:183} INFO - Processing /home/airflow/.local/lib/python3.10/site-packages/airflow/example_dags/example_sla_dag.py took 2.180 seconds
[2024-12-25T15:04:23.522+0000] {processor.py:161} INFO - Started process (PID=11964) to work on /home/airflow/.local/lib/python3.10/site-packages/airflow/example_dags/example_sla_dag.py
[2024-12-25T15:04:23.541+0000] {processor.py:830} INFO - Processing file /home/airflow/.local/lib/python3.10/site-packages/airflow/example_dags/example_sla_dag.py for tasks to queue
[2024-12-25T15:04:23.572+0000] {logging_mixin.py:188} INFO - [2024-12-25T15:04:23.571+0000] {dagbag.py:540} INFO - Filling up the DagBag from /home/airflow/.local/lib/python3.10/site-packages/airflow/example_dags/example_sla_dag.py
[2024-12-25T15:04:23.731+0000] {processor.py:840} INFO - DAG(s) 'example_sla_dag' retrieved from /home/airflow/.local/lib/python3.10/site-packages/airflow/example_dags/example_sla_dag.py
[2024-12-25T15:04:24.181+0000] {logging_mixin.py:188} INFO - [2024-12-25T15:04:24.172+0000] {dag.py:3047} INFO - Sync 1 DAGs
[2024-12-25T15:04:24.891+0000] {logging_mixin.py:188} INFO - [2024-12-25T15:04:24.882+0000] {dag.py:3834} INFO - Setting next_dagrun for example_sla_dag to 2024-12-25 15:02:00+00:00, run_after=2024-12-25 15:04:00+00:00
[2024-12-25T15:04:25.442+0000] {processor.py:183} INFO - Processing /home/airflow/.local/lib/python3.10/site-packages/airflow/example_dags/example_sla_dag.py took 2.011 seconds
[2024-12-25T15:06:11.012+0000] {processor.py:161} INFO - Started process (PID=12038) to work on /home/airflow/.local/lib/python3.10/site-packages/airflow/example_dags/example_sla_dag.py
[2024-12-25T15:06:11.041+0000] {processor.py:830} INFO - Processing file /home/airflow/.local/lib/python3.10/site-packages/airflow/example_dags/example_sla_dag.py for tasks to queue
[2024-12-25T15:06:11.061+0000] {logging_mixin.py:188} INFO - [2024-12-25T15:06:11.051+0000] {dagbag.py:540} INFO - Filling up the DagBag from /home/airflow/.local/lib/python3.10/site-packages/airflow/example_dags/example_sla_dag.py
[2024-12-25T15:06:11.281+0000] {processor.py:840} INFO - DAG(s) 'example_sla_dag' retrieved from /home/airflow/.local/lib/python3.10/site-packages/airflow/example_dags/example_sla_dag.py
[2024-12-25T15:06:11.742+0000] {logging_mixin.py:188} INFO - [2024-12-25T15:06:11.741+0000] {dag.py:3047} INFO - Sync 1 DAGs
[2024-12-25T15:06:12.701+0000] {logging_mixin.py:188} INFO - [2024-12-25T15:06:12.692+0000] {dag.py:3834} INFO - Setting next_dagrun for example_sla_dag to 2024-12-25 15:04:00+00:00, run_after=2024-12-25 15:06:00+00:00
[2024-12-25T15:06:13.771+0000] {processor.py:183} INFO - Processing /home/airflow/.local/lib/python3.10/site-packages/airflow/example_dags/example_sla_dag.py took 2.869 seconds
