[2024-12-25T14:24:36.138+0000] {processor.py:161} INFO - Started process (PID=7905) to work on /home/airflow/.local/lib/python3.10/site-packages/airflow/example_dags/example_latest_only.py
[2024-12-25T14:24:36.143+0000] {processor.py:830} INFO - Processing file /home/airflow/.local/lib/python3.10/site-packages/airflow/example_dags/example_latest_only.py for tasks to queue
[2024-12-25T14:24:36.146+0000] {logging_mixin.py:188} INFO - [2024-12-25T14:24:36.145+0000] {dagbag.py:540} INFO - Filling up the DagBag from /home/airflow/.local/lib/python3.10/site-packages/airflow/example_dags/example_latest_only.py
[2024-12-25T14:24:36.160+0000] {processor.py:840} INFO - DAG(s) 'latest_only' retrieved from /home/airflow/.local/lib/python3.10/site-packages/airflow/example_dags/example_latest_only.py
[2024-12-25T14:24:36.234+0000] {logging_mixin.py:188} INFO - [2024-12-25T14:24:36.233+0000] {dag.py:3047} INFO - Sync 1 DAGs
[2024-12-25T14:24:36.306+0000] {logging_mixin.py:188} INFO - [2024-12-25T14:24:36.305+0000] {dag.py:3834} INFO - Setting next_dagrun for latest_only to 2024-12-25 08:00:00+00:00, run_after=2024-12-25 12:00:00+00:00
[2024-12-25T14:24:36.367+0000] {processor.py:183} INFO - Processing /home/airflow/.local/lib/python3.10/site-packages/airflow/example_dags/example_latest_only.py took 0.235 seconds
[2024-12-25T14:25:07.182+0000] {processor.py:161} INFO - Started process (PID=7961) to work on /home/airflow/.local/lib/python3.10/site-packages/airflow/example_dags/example_latest_only.py
[2024-12-25T14:25:07.184+0000] {processor.py:830} INFO - Processing file /home/airflow/.local/lib/python3.10/site-packages/airflow/example_dags/example_latest_only.py for tasks to queue
[2024-12-25T14:25:07.186+0000] {logging_mixin.py:188} INFO - [2024-12-25T14:25:07.185+0000] {dagbag.py:540} INFO - Filling up the DagBag from /home/airflow/.local/lib/python3.10/site-packages/airflow/example_dags/example_latest_only.py
[2024-12-25T14:25:07.199+0000] {processor.py:840} INFO - DAG(s) 'latest_only' retrieved from /home/airflow/.local/lib/python3.10/site-packages/airflow/example_dags/example_latest_only.py
[2024-12-25T14:25:07.234+0000] {logging_mixin.py:188} INFO - [2024-12-25T14:25:07.234+0000] {dag.py:3047} INFO - Sync 1 DAGs
[2024-12-25T14:25:07.272+0000] {logging_mixin.py:188} INFO - [2024-12-25T14:25:07.272+0000] {dag.py:3834} INFO - Setting next_dagrun for latest_only to 2024-12-25 08:00:00+00:00, run_after=2024-12-25 12:00:00+00:00
[2024-12-25T14:25:07.310+0000] {processor.py:183} INFO - Processing /home/airflow/.local/lib/python3.10/site-packages/airflow/example_dags/example_latest_only.py took 0.138 seconds
[2024-12-25T14:25:37.408+0000] {processor.py:161} INFO - Started process (PID=8017) to work on /home/airflow/.local/lib/python3.10/site-packages/airflow/example_dags/example_latest_only.py
[2024-12-25T14:25:37.410+0000] {processor.py:830} INFO - Processing file /home/airflow/.local/lib/python3.10/site-packages/airflow/example_dags/example_latest_only.py for tasks to queue
[2024-12-25T14:25:37.411+0000] {logging_mixin.py:188} INFO - [2024-12-25T14:25:37.411+0000] {dagbag.py:540} INFO - Filling up the DagBag from /home/airflow/.local/lib/python3.10/site-packages/airflow/example_dags/example_latest_only.py
[2024-12-25T14:25:37.419+0000] {processor.py:840} INFO - DAG(s) 'latest_only' retrieved from /home/airflow/.local/lib/python3.10/site-packages/airflow/example_dags/example_latest_only.py
[2024-12-25T14:25:37.451+0000] {logging_mixin.py:188} INFO - [2024-12-25T14:25:37.450+0000] {dag.py:3047} INFO - Sync 1 DAGs
[2024-12-25T14:25:37.477+0000] {logging_mixin.py:188} INFO - [2024-12-25T14:25:37.476+0000] {dag.py:3834} INFO - Setting next_dagrun for latest_only to 2024-12-25 08:00:00+00:00, run_after=2024-12-25 12:00:00+00:00
[2024-12-25T14:25:37.501+0000] {processor.py:183} INFO - Processing /home/airflow/.local/lib/python3.10/site-packages/airflow/example_dags/example_latest_only.py took 0.097 seconds
[2024-12-25T14:26:08.089+0000] {processor.py:161} INFO - Started process (PID=8072) to work on /home/airflow/.local/lib/python3.10/site-packages/airflow/example_dags/example_latest_only.py
[2024-12-25T14:26:08.091+0000] {processor.py:830} INFO - Processing file /home/airflow/.local/lib/python3.10/site-packages/airflow/example_dags/example_latest_only.py for tasks to queue
[2024-12-25T14:26:08.091+0000] {logging_mixin.py:188} INFO - [2024-12-25T14:26:08.091+0000] {dagbag.py:540} INFO - Filling up the DagBag from /home/airflow/.local/lib/python3.10/site-packages/airflow/example_dags/example_latest_only.py
[2024-12-25T14:26:08.098+0000] {processor.py:840} INFO - DAG(s) 'latest_only' retrieved from /home/airflow/.local/lib/python3.10/site-packages/airflow/example_dags/example_latest_only.py
[2024-12-25T14:26:08.121+0000] {logging_mixin.py:188} INFO - [2024-12-25T14:26:08.121+0000] {dag.py:3047} INFO - Sync 1 DAGs
[2024-12-25T14:26:08.144+0000] {logging_mixin.py:188} INFO - [2024-12-25T14:26:08.144+0000] {dag.py:3834} INFO - Setting next_dagrun for latest_only to 2024-12-25 08:00:00+00:00, run_after=2024-12-25 12:00:00+00:00
[2024-12-25T14:26:08.169+0000] {processor.py:183} INFO - Processing /home/airflow/.local/lib/python3.10/site-packages/airflow/example_dags/example_latest_only.py took 0.083 seconds
[2024-12-25T14:26:41.041+0000] {processor.py:161} INFO - Started process (PID=8128) to work on /home/airflow/.local/lib/python3.10/site-packages/airflow/example_dags/example_latest_only.py
[2024-12-25T14:26:41.043+0000] {processor.py:830} INFO - Processing file /home/airflow/.local/lib/python3.10/site-packages/airflow/example_dags/example_latest_only.py for tasks to queue
[2024-12-25T14:26:41.044+0000] {logging_mixin.py:188} INFO - [2024-12-25T14:26:41.044+0000] {dagbag.py:540} INFO - Filling up the DagBag from /home/airflow/.local/lib/python3.10/site-packages/airflow/example_dags/example_latest_only.py
[2024-12-25T14:26:41.060+0000] {processor.py:840} INFO - DAG(s) 'latest_only' retrieved from /home/airflow/.local/lib/python3.10/site-packages/airflow/example_dags/example_latest_only.py
[2024-12-25T14:26:41.131+0000] {logging_mixin.py:188} INFO - [2024-12-25T14:26:41.130+0000] {dag.py:3047} INFO - Sync 1 DAGs
[2024-12-25T14:26:41.204+0000] {logging_mixin.py:188} INFO - [2024-12-25T14:26:41.203+0000] {dag.py:3834} INFO - Setting next_dagrun for latest_only to 2024-12-25 08:00:00+00:00, run_after=2024-12-25 12:00:00+00:00
[2024-12-25T14:26:41.255+0000] {processor.py:183} INFO - Processing /home/airflow/.local/lib/python3.10/site-packages/airflow/example_dags/example_latest_only.py took 0.222 seconds
[2024-12-25T14:27:11.459+0000] {processor.py:161} INFO - Started process (PID=8183) to work on /home/airflow/.local/lib/python3.10/site-packages/airflow/example_dags/example_latest_only.py
[2024-12-25T14:27:11.460+0000] {processor.py:830} INFO - Processing file /home/airflow/.local/lib/python3.10/site-packages/airflow/example_dags/example_latest_only.py for tasks to queue
[2024-12-25T14:27:11.463+0000] {logging_mixin.py:188} INFO - [2024-12-25T14:27:11.461+0000] {dagbag.py:540} INFO - Filling up the DagBag from /home/airflow/.local/lib/python3.10/site-packages/airflow/example_dags/example_latest_only.py
[2024-12-25T14:27:11.469+0000] {processor.py:840} INFO - DAG(s) 'latest_only' retrieved from /home/airflow/.local/lib/python3.10/site-packages/airflow/example_dags/example_latest_only.py
[2024-12-25T14:27:11.494+0000] {logging_mixin.py:188} INFO - [2024-12-25T14:27:11.493+0000] {dag.py:3047} INFO - Sync 1 DAGs
[2024-12-25T14:27:11.523+0000] {logging_mixin.py:188} INFO - [2024-12-25T14:27:11.522+0000] {dag.py:3834} INFO - Setting next_dagrun for latest_only to 2024-12-25 08:00:00+00:00, run_after=2024-12-25 12:00:00+00:00
[2024-12-25T14:27:11.550+0000] {processor.py:183} INFO - Processing /home/airflow/.local/lib/python3.10/site-packages/airflow/example_dags/example_latest_only.py took 0.095 seconds
[2024-12-25T14:27:41.877+0000] {processor.py:161} INFO - Started process (PID=8239) to work on /home/airflow/.local/lib/python3.10/site-packages/airflow/example_dags/example_latest_only.py
[2024-12-25T14:27:41.878+0000] {processor.py:830} INFO - Processing file /home/airflow/.local/lib/python3.10/site-packages/airflow/example_dags/example_latest_only.py for tasks to queue
[2024-12-25T14:27:41.880+0000] {logging_mixin.py:188} INFO - [2024-12-25T14:27:41.879+0000] {dagbag.py:540} INFO - Filling up the DagBag from /home/airflow/.local/lib/python3.10/site-packages/airflow/example_dags/example_latest_only.py
[2024-12-25T14:27:41.887+0000] {processor.py:840} INFO - DAG(s) 'latest_only' retrieved from /home/airflow/.local/lib/python3.10/site-packages/airflow/example_dags/example_latest_only.py
[2024-12-25T14:27:41.913+0000] {logging_mixin.py:188} INFO - [2024-12-25T14:27:41.913+0000] {dag.py:3047} INFO - Sync 1 DAGs
[2024-12-25T14:27:41.954+0000] {logging_mixin.py:188} INFO - [2024-12-25T14:27:41.954+0000] {dag.py:3834} INFO - Setting next_dagrun for latest_only to 2024-12-25 08:00:00+00:00, run_after=2024-12-25 12:00:00+00:00
[2024-12-25T14:27:41.996+0000] {processor.py:183} INFO - Processing /home/airflow/.local/lib/python3.10/site-packages/airflow/example_dags/example_latest_only.py took 0.124 seconds
[2024-12-25T14:28:12.651+0000] {processor.py:161} INFO - Started process (PID=8295) to work on /home/airflow/.local/lib/python3.10/site-packages/airflow/example_dags/example_latest_only.py
[2024-12-25T14:28:12.655+0000] {processor.py:830} INFO - Processing file /home/airflow/.local/lib/python3.10/site-packages/airflow/example_dags/example_latest_only.py for tasks to queue
[2024-12-25T14:28:12.658+0000] {logging_mixin.py:188} INFO - [2024-12-25T14:28:12.657+0000] {dagbag.py:540} INFO - Filling up the DagBag from /home/airflow/.local/lib/python3.10/site-packages/airflow/example_dags/example_latest_only.py
[2024-12-25T14:28:12.674+0000] {processor.py:840} INFO - DAG(s) 'latest_only' retrieved from /home/airflow/.local/lib/python3.10/site-packages/airflow/example_dags/example_latest_only.py
[2024-12-25T14:28:12.715+0000] {logging_mixin.py:188} INFO - [2024-12-25T14:28:12.714+0000] {dag.py:3047} INFO - Sync 1 DAGs
[2024-12-25T14:28:12.757+0000] {logging_mixin.py:188} INFO - [2024-12-25T14:28:12.757+0000] {dag.py:3834} INFO - Setting next_dagrun for latest_only to 2024-12-25 08:00:00+00:00, run_after=2024-12-25 12:00:00+00:00
[2024-12-25T14:28:12.796+0000] {processor.py:183} INFO - Processing /home/airflow/.local/lib/python3.10/site-packages/airflow/example_dags/example_latest_only.py took 0.152 seconds
[2024-12-25T14:28:42.956+0000] {processor.py:161} INFO - Started process (PID=8351) to work on /home/airflow/.local/lib/python3.10/site-packages/airflow/example_dags/example_latest_only.py
[2024-12-25T14:28:42.957+0000] {processor.py:830} INFO - Processing file /home/airflow/.local/lib/python3.10/site-packages/airflow/example_dags/example_latest_only.py for tasks to queue
[2024-12-25T14:28:42.958+0000] {logging_mixin.py:188} INFO - [2024-12-25T14:28:42.958+0000] {dagbag.py:540} INFO - Filling up the DagBag from /home/airflow/.local/lib/python3.10/site-packages/airflow/example_dags/example_latest_only.py
[2024-12-25T14:28:42.973+0000] {processor.py:840} INFO - DAG(s) 'latest_only' retrieved from /home/airflow/.local/lib/python3.10/site-packages/airflow/example_dags/example_latest_only.py
[2024-12-25T14:28:43.009+0000] {logging_mixin.py:188} INFO - [2024-12-25T14:28:43.009+0000] {dag.py:3047} INFO - Sync 1 DAGs
[2024-12-25T14:28:43.047+0000] {logging_mixin.py:188} INFO - [2024-12-25T14:28:43.046+0000] {dag.py:3834} INFO - Setting next_dagrun for latest_only to 2024-12-25 08:00:00+00:00, run_after=2024-12-25 12:00:00+00:00
[2024-12-25T14:28:43.087+0000] {processor.py:183} INFO - Processing /home/airflow/.local/lib/python3.10/site-packages/airflow/example_dags/example_latest_only.py took 0.140 seconds
[2024-12-25T14:29:13.314+0000] {processor.py:161} INFO - Started process (PID=8407) to work on /home/airflow/.local/lib/python3.10/site-packages/airflow/example_dags/example_latest_only.py
[2024-12-25T14:29:13.317+0000] {processor.py:830} INFO - Processing file /home/airflow/.local/lib/python3.10/site-packages/airflow/example_dags/example_latest_only.py for tasks to queue
[2024-12-25T14:29:13.325+0000] {logging_mixin.py:188} INFO - [2024-12-25T14:29:13.323+0000] {dagbag.py:540} INFO - Filling up the DagBag from /home/airflow/.local/lib/python3.10/site-packages/airflow/example_dags/example_latest_only.py
[2024-12-25T14:29:13.346+0000] {processor.py:840} INFO - DAG(s) 'latest_only' retrieved from /home/airflow/.local/lib/python3.10/site-packages/airflow/example_dags/example_latest_only.py
[2024-12-25T14:29:13.413+0000] {logging_mixin.py:188} INFO - [2024-12-25T14:29:13.413+0000] {dag.py:3047} INFO - Sync 1 DAGs
[2024-12-25T14:29:13.475+0000] {logging_mixin.py:188} INFO - [2024-12-25T14:29:13.475+0000] {dag.py:3834} INFO - Setting next_dagrun for latest_only to 2024-12-25 08:00:00+00:00, run_after=2024-12-25 12:00:00+00:00
[2024-12-25T14:29:13.529+0000] {processor.py:183} INFO - Processing /home/airflow/.local/lib/python3.10/site-packages/airflow/example_dags/example_latest_only.py took 0.227 seconds
[2024-12-25T14:29:44.469+0000] {processor.py:161} INFO - Started process (PID=8462) to work on /home/airflow/.local/lib/python3.10/site-packages/airflow/example_dags/example_latest_only.py
[2024-12-25T14:29:44.472+0000] {processor.py:830} INFO - Processing file /home/airflow/.local/lib/python3.10/site-packages/airflow/example_dags/example_latest_only.py for tasks to queue
[2024-12-25T14:29:44.480+0000] {logging_mixin.py:188} INFO - [2024-12-25T14:29:44.479+0000] {dagbag.py:540} INFO - Filling up the DagBag from /home/airflow/.local/lib/python3.10/site-packages/airflow/example_dags/example_latest_only.py
[2024-12-25T14:29:44.495+0000] {processor.py:840} INFO - DAG(s) 'latest_only' retrieved from /home/airflow/.local/lib/python3.10/site-packages/airflow/example_dags/example_latest_only.py
[2024-12-25T14:29:44.569+0000] {logging_mixin.py:188} INFO - [2024-12-25T14:29:44.568+0000] {dag.py:3047} INFO - Sync 1 DAGs
[2024-12-25T14:29:44.638+0000] {logging_mixin.py:188} INFO - [2024-12-25T14:29:44.638+0000] {dag.py:3834} INFO - Setting next_dagrun for latest_only to 2024-12-25 08:00:00+00:00, run_after=2024-12-25 12:00:00+00:00
[2024-12-25T14:29:45.019+0000] {processor.py:183} INFO - Processing /home/airflow/.local/lib/python3.10/site-packages/airflow/example_dags/example_latest_only.py took 0.559 seconds
[2024-12-25T14:30:16.715+0000] {processor.py:161} INFO - Started process (PID=8517) to work on /home/airflow/.local/lib/python3.10/site-packages/airflow/example_dags/example_latest_only.py
[2024-12-25T14:30:16.727+0000] {processor.py:830} INFO - Processing file /home/airflow/.local/lib/python3.10/site-packages/airflow/example_dags/example_latest_only.py for tasks to queue
[2024-12-25T14:30:16.730+0000] {logging_mixin.py:188} INFO - [2024-12-25T14:30:16.729+0000] {dagbag.py:540} INFO - Filling up the DagBag from /home/airflow/.local/lib/python3.10/site-packages/airflow/example_dags/example_latest_only.py
[2024-12-25T14:30:16.755+0000] {processor.py:840} INFO - DAG(s) 'latest_only' retrieved from /home/airflow/.local/lib/python3.10/site-packages/airflow/example_dags/example_latest_only.py
[2024-12-25T14:30:16.888+0000] {logging_mixin.py:188} INFO - [2024-12-25T14:30:16.887+0000] {dag.py:3047} INFO - Sync 1 DAGs
[2024-12-25T14:30:17.061+0000] {logging_mixin.py:188} INFO - [2024-12-25T14:30:17.060+0000] {dag.py:3834} INFO - Setting next_dagrun for latest_only to 2024-12-25 08:00:00+00:00, run_after=2024-12-25 12:00:00+00:00
[2024-12-25T14:30:17.167+0000] {processor.py:183} INFO - Processing /home/airflow/.local/lib/python3.10/site-packages/airflow/example_dags/example_latest_only.py took 0.468 seconds
[2024-12-25T14:30:47.550+0000] {processor.py:161} INFO - Started process (PID=8573) to work on /home/airflow/.local/lib/python3.10/site-packages/airflow/example_dags/example_latest_only.py
[2024-12-25T14:30:47.551+0000] {processor.py:830} INFO - Processing file /home/airflow/.local/lib/python3.10/site-packages/airflow/example_dags/example_latest_only.py for tasks to queue
[2024-12-25T14:30:47.554+0000] {logging_mixin.py:188} INFO - [2024-12-25T14:30:47.554+0000] {dagbag.py:540} INFO - Filling up the DagBag from /home/airflow/.local/lib/python3.10/site-packages/airflow/example_dags/example_latest_only.py
[2024-12-25T14:30:47.564+0000] {processor.py:840} INFO - DAG(s) 'latest_only' retrieved from /home/airflow/.local/lib/python3.10/site-packages/airflow/example_dags/example_latest_only.py
[2024-12-25T14:30:47.651+0000] {logging_mixin.py:188} INFO - [2024-12-25T14:30:47.650+0000] {dag.py:3047} INFO - Sync 1 DAGs
[2024-12-25T14:30:47.704+0000] {logging_mixin.py:188} INFO - [2024-12-25T14:30:47.703+0000] {dag.py:3834} INFO - Setting next_dagrun for latest_only to 2024-12-25 08:00:00+00:00, run_after=2024-12-25 12:00:00+00:00
[2024-12-25T14:30:47.746+0000] {processor.py:183} INFO - Processing /home/airflow/.local/lib/python3.10/site-packages/airflow/example_dags/example_latest_only.py took 0.204 seconds
[2024-12-25T14:31:18.069+0000] {processor.py:161} INFO - Started process (PID=8626) to work on /home/airflow/.local/lib/python3.10/site-packages/airflow/example_dags/example_latest_only.py
[2024-12-25T14:31:18.070+0000] {processor.py:830} INFO - Processing file /home/airflow/.local/lib/python3.10/site-packages/airflow/example_dags/example_latest_only.py for tasks to queue
[2024-12-25T14:31:18.071+0000] {logging_mixin.py:188} INFO - [2024-12-25T14:31:18.070+0000] {dagbag.py:540} INFO - Filling up the DagBag from /home/airflow/.local/lib/python3.10/site-packages/airflow/example_dags/example_latest_only.py
[2024-12-25T14:31:18.078+0000] {processor.py:840} INFO - DAG(s) 'latest_only' retrieved from /home/airflow/.local/lib/python3.10/site-packages/airflow/example_dags/example_latest_only.py
[2024-12-25T14:31:18.105+0000] {logging_mixin.py:188} INFO - [2024-12-25T14:31:18.105+0000] {dag.py:3047} INFO - Sync 1 DAGs
[2024-12-25T14:31:18.135+0000] {logging_mixin.py:188} INFO - [2024-12-25T14:31:18.134+0000] {dag.py:3834} INFO - Setting next_dagrun for latest_only to 2024-12-25 08:00:00+00:00, run_after=2024-12-25 12:00:00+00:00
[2024-12-25T14:31:18.160+0000] {processor.py:183} INFO - Processing /home/airflow/.local/lib/python3.10/site-packages/airflow/example_dags/example_latest_only.py took 0.094 seconds
[2024-12-25T14:31:48.367+0000] {processor.py:161} INFO - Started process (PID=8682) to work on /home/airflow/.local/lib/python3.10/site-packages/airflow/example_dags/example_latest_only.py
[2024-12-25T14:31:48.368+0000] {processor.py:830} INFO - Processing file /home/airflow/.local/lib/python3.10/site-packages/airflow/example_dags/example_latest_only.py for tasks to queue
[2024-12-25T14:31:48.369+0000] {logging_mixin.py:188} INFO - [2024-12-25T14:31:48.369+0000] {dagbag.py:540} INFO - Filling up the DagBag from /home/airflow/.local/lib/python3.10/site-packages/airflow/example_dags/example_latest_only.py
[2024-12-25T14:31:48.378+0000] {processor.py:840} INFO - DAG(s) 'latest_only' retrieved from /home/airflow/.local/lib/python3.10/site-packages/airflow/example_dags/example_latest_only.py
[2024-12-25T14:31:48.405+0000] {logging_mixin.py:188} INFO - [2024-12-25T14:31:48.404+0000] {dag.py:3047} INFO - Sync 1 DAGs
[2024-12-25T14:31:48.594+0000] {logging_mixin.py:188} INFO - [2024-12-25T14:31:48.594+0000] {dag.py:3834} INFO - Setting next_dagrun for latest_only to 2024-12-25 08:00:00+00:00, run_after=2024-12-25 12:00:00+00:00
[2024-12-25T14:31:48.616+0000] {processor.py:183} INFO - Processing /home/airflow/.local/lib/python3.10/site-packages/airflow/example_dags/example_latest_only.py took 0.253 seconds
[2024-12-25T14:32:19.279+0000] {processor.py:161} INFO - Started process (PID=8738) to work on /home/airflow/.local/lib/python3.10/site-packages/airflow/example_dags/example_latest_only.py
[2024-12-25T14:32:19.280+0000] {processor.py:830} INFO - Processing file /home/airflow/.local/lib/python3.10/site-packages/airflow/example_dags/example_latest_only.py for tasks to queue
[2024-12-25T14:32:19.281+0000] {logging_mixin.py:188} INFO - [2024-12-25T14:32:19.281+0000] {dagbag.py:540} INFO - Filling up the DagBag from /home/airflow/.local/lib/python3.10/site-packages/airflow/example_dags/example_latest_only.py
[2024-12-25T14:32:19.289+0000] {processor.py:840} INFO - DAG(s) 'latest_only' retrieved from /home/airflow/.local/lib/python3.10/site-packages/airflow/example_dags/example_latest_only.py
[2024-12-25T14:32:19.330+0000] {logging_mixin.py:188} INFO - [2024-12-25T14:32:19.330+0000] {dag.py:3047} INFO - Sync 1 DAGs
[2024-12-25T14:32:19.525+0000] {logging_mixin.py:188} INFO - [2024-12-25T14:32:19.525+0000] {dag.py:3834} INFO - Setting next_dagrun for latest_only to 2024-12-25 08:00:00+00:00, run_after=2024-12-25 12:00:00+00:00
[2024-12-25T14:32:19.557+0000] {processor.py:183} INFO - Processing /home/airflow/.local/lib/python3.10/site-packages/airflow/example_dags/example_latest_only.py took 0.281 seconds
[2024-12-25T14:32:50.142+0000] {processor.py:161} INFO - Started process (PID=8793) to work on /home/airflow/.local/lib/python3.10/site-packages/airflow/example_dags/example_latest_only.py
[2024-12-25T14:32:50.143+0000] {processor.py:830} INFO - Processing file /home/airflow/.local/lib/python3.10/site-packages/airflow/example_dags/example_latest_only.py for tasks to queue
[2024-12-25T14:32:50.144+0000] {logging_mixin.py:188} INFO - [2024-12-25T14:32:50.143+0000] {dagbag.py:540} INFO - Filling up the DagBag from /home/airflow/.local/lib/python3.10/site-packages/airflow/example_dags/example_latest_only.py
[2024-12-25T14:32:50.152+0000] {processor.py:840} INFO - DAG(s) 'latest_only' retrieved from /home/airflow/.local/lib/python3.10/site-packages/airflow/example_dags/example_latest_only.py
[2024-12-25T14:32:50.177+0000] {logging_mixin.py:188} INFO - [2024-12-25T14:32:50.177+0000] {dag.py:3047} INFO - Sync 1 DAGs
[2024-12-25T14:32:50.217+0000] {logging_mixin.py:188} INFO - [2024-12-25T14:32:50.217+0000] {dag.py:3834} INFO - Setting next_dagrun for latest_only to 2024-12-25 08:00:00+00:00, run_after=2024-12-25 12:00:00+00:00
[2024-12-25T14:32:50.421+0000] {processor.py:183} INFO - Processing /home/airflow/.local/lib/python3.10/site-packages/airflow/example_dags/example_latest_only.py took 0.283 seconds
[2024-12-25T14:33:20.786+0000] {processor.py:161} INFO - Started process (PID=8849) to work on /home/airflow/.local/lib/python3.10/site-packages/airflow/example_dags/example_latest_only.py
[2024-12-25T14:33:20.788+0000] {processor.py:830} INFO - Processing file /home/airflow/.local/lib/python3.10/site-packages/airflow/example_dags/example_latest_only.py for tasks to queue
[2024-12-25T14:33:20.789+0000] {logging_mixin.py:188} INFO - [2024-12-25T14:33:20.788+0000] {dagbag.py:540} INFO - Filling up the DagBag from /home/airflow/.local/lib/python3.10/site-packages/airflow/example_dags/example_latest_only.py
[2024-12-25T14:33:20.804+0000] {processor.py:840} INFO - DAG(s) 'latest_only' retrieved from /home/airflow/.local/lib/python3.10/site-packages/airflow/example_dags/example_latest_only.py
[2024-12-25T14:33:20.847+0000] {logging_mixin.py:188} INFO - [2024-12-25T14:33:20.847+0000] {dag.py:3047} INFO - Sync 1 DAGs
[2024-12-25T14:33:20.886+0000] {logging_mixin.py:188} INFO - [2024-12-25T14:33:20.885+0000] {dag.py:3834} INFO - Setting next_dagrun for latest_only to 2024-12-25 08:00:00+00:00, run_after=2024-12-25 12:00:00+00:00
[2024-12-25T14:33:20.924+0000] {processor.py:183} INFO - Processing /home/airflow/.local/lib/python3.10/site-packages/airflow/example_dags/example_latest_only.py took 0.144 seconds
[2024-12-25T14:33:51.249+0000] {processor.py:161} INFO - Started process (PID=8904) to work on /home/airflow/.local/lib/python3.10/site-packages/airflow/example_dags/example_latest_only.py
[2024-12-25T14:33:51.250+0000] {processor.py:830} INFO - Processing file /home/airflow/.local/lib/python3.10/site-packages/airflow/example_dags/example_latest_only.py for tasks to queue
[2024-12-25T14:33:51.251+0000] {logging_mixin.py:188} INFO - [2024-12-25T14:33:51.251+0000] {dagbag.py:540} INFO - Filling up the DagBag from /home/airflow/.local/lib/python3.10/site-packages/airflow/example_dags/example_latest_only.py
[2024-12-25T14:33:51.266+0000] {processor.py:840} INFO - DAG(s) 'latest_only' retrieved from /home/airflow/.local/lib/python3.10/site-packages/airflow/example_dags/example_latest_only.py
[2024-12-25T14:33:51.557+0000] {logging_mixin.py:188} INFO - [2024-12-25T14:33:51.556+0000] {dag.py:3047} INFO - Sync 1 DAGs
[2024-12-25T14:33:51.599+0000] {logging_mixin.py:188} INFO - [2024-12-25T14:33:51.598+0000] {dag.py:3834} INFO - Setting next_dagrun for latest_only to 2024-12-25 08:00:00+00:00, run_after=2024-12-25 12:00:00+00:00
[2024-12-25T14:33:51.641+0000] {processor.py:183} INFO - Processing /home/airflow/.local/lib/python3.10/site-packages/airflow/example_dags/example_latest_only.py took 0.395 seconds
[2024-12-25T14:34:21.801+0000] {processor.py:161} INFO - Started process (PID=8959) to work on /home/airflow/.local/lib/python3.10/site-packages/airflow/example_dags/example_latest_only.py
[2024-12-25T14:34:21.805+0000] {processor.py:830} INFO - Processing file /home/airflow/.local/lib/python3.10/site-packages/airflow/example_dags/example_latest_only.py for tasks to queue
[2024-12-25T14:34:21.807+0000] {logging_mixin.py:188} INFO - [2024-12-25T14:34:21.806+0000] {dagbag.py:540} INFO - Filling up the DagBag from /home/airflow/.local/lib/python3.10/site-packages/airflow/example_dags/example_latest_only.py
[2024-12-25T14:34:21.817+0000] {processor.py:840} INFO - DAG(s) 'latest_only' retrieved from /home/airflow/.local/lib/python3.10/site-packages/airflow/example_dags/example_latest_only.py
[2024-12-25T14:34:21.867+0000] {logging_mixin.py:188} INFO - [2024-12-25T14:34:21.866+0000] {dag.py:3047} INFO - Sync 1 DAGs
[2024-12-25T14:34:21.908+0000] {logging_mixin.py:188} INFO - [2024-12-25T14:34:21.908+0000] {dag.py:3834} INFO - Setting next_dagrun for latest_only to 2024-12-25 08:00:00+00:00, run_after=2024-12-25 12:00:00+00:00
[2024-12-25T14:34:21.940+0000] {processor.py:183} INFO - Processing /home/airflow/.local/lib/python3.10/site-packages/airflow/example_dags/example_latest_only.py took 0.142 seconds
[2024-12-25T14:34:52.509+0000] {processor.py:161} INFO - Started process (PID=9015) to work on /home/airflow/.local/lib/python3.10/site-packages/airflow/example_dags/example_latest_only.py
[2024-12-25T14:34:52.511+0000] {processor.py:830} INFO - Processing file /home/airflow/.local/lib/python3.10/site-packages/airflow/example_dags/example_latest_only.py for tasks to queue
[2024-12-25T14:34:52.515+0000] {logging_mixin.py:188} INFO - [2024-12-25T14:34:52.514+0000] {dagbag.py:540} INFO - Filling up the DagBag from /home/airflow/.local/lib/python3.10/site-packages/airflow/example_dags/example_latest_only.py
[2024-12-25T14:34:52.527+0000] {processor.py:840} INFO - DAG(s) 'latest_only' retrieved from /home/airflow/.local/lib/python3.10/site-packages/airflow/example_dags/example_latest_only.py
[2024-12-25T14:34:52.566+0000] {logging_mixin.py:188} INFO - [2024-12-25T14:34:52.565+0000] {dag.py:3047} INFO - Sync 1 DAGs
[2024-12-25T14:34:52.607+0000] {logging_mixin.py:188} INFO - [2024-12-25T14:34:52.607+0000] {dag.py:3834} INFO - Setting next_dagrun for latest_only to 2024-12-25 08:00:00+00:00, run_after=2024-12-25 12:00:00+00:00
[2024-12-25T14:34:52.639+0000] {processor.py:183} INFO - Processing /home/airflow/.local/lib/python3.10/site-packages/airflow/example_dags/example_latest_only.py took 0.134 seconds
[2024-12-25T14:35:22.959+0000] {processor.py:161} INFO - Started process (PID=9070) to work on /home/airflow/.local/lib/python3.10/site-packages/airflow/example_dags/example_latest_only.py
[2024-12-25T14:35:22.961+0000] {processor.py:830} INFO - Processing file /home/airflow/.local/lib/python3.10/site-packages/airflow/example_dags/example_latest_only.py for tasks to queue
[2024-12-25T14:35:22.962+0000] {logging_mixin.py:188} INFO - [2024-12-25T14:35:22.962+0000] {dagbag.py:540} INFO - Filling up the DagBag from /home/airflow/.local/lib/python3.10/site-packages/airflow/example_dags/example_latest_only.py
[2024-12-25T14:35:22.970+0000] {processor.py:840} INFO - DAG(s) 'latest_only' retrieved from /home/airflow/.local/lib/python3.10/site-packages/airflow/example_dags/example_latest_only.py
[2024-12-25T14:35:22.999+0000] {logging_mixin.py:188} INFO - [2024-12-25T14:35:22.999+0000] {dag.py:3047} INFO - Sync 1 DAGs
[2024-12-25T14:35:23.030+0000] {logging_mixin.py:188} INFO - [2024-12-25T14:35:23.030+0000] {dag.py:3834} INFO - Setting next_dagrun for latest_only to 2024-12-25 08:00:00+00:00, run_after=2024-12-25 12:00:00+00:00
[2024-12-25T14:35:23.063+0000] {processor.py:183} INFO - Processing /home/airflow/.local/lib/python3.10/site-packages/airflow/example_dags/example_latest_only.py took 0.107 seconds
[2024-12-25T14:35:53.848+0000] {processor.py:161} INFO - Started process (PID=9125) to work on /home/airflow/.local/lib/python3.10/site-packages/airflow/example_dags/example_latest_only.py
[2024-12-25T14:35:53.849+0000] {processor.py:830} INFO - Processing file /home/airflow/.local/lib/python3.10/site-packages/airflow/example_dags/example_latest_only.py for tasks to queue
[2024-12-25T14:35:53.850+0000] {logging_mixin.py:188} INFO - [2024-12-25T14:35:53.850+0000] {dagbag.py:540} INFO - Filling up the DagBag from /home/airflow/.local/lib/python3.10/site-packages/airflow/example_dags/example_latest_only.py
[2024-12-25T14:35:53.859+0000] {processor.py:840} INFO - DAG(s) 'latest_only' retrieved from /home/airflow/.local/lib/python3.10/site-packages/airflow/example_dags/example_latest_only.py
[2024-12-25T14:35:53.891+0000] {logging_mixin.py:188} INFO - [2024-12-25T14:35:53.890+0000] {dag.py:3047} INFO - Sync 1 DAGs
[2024-12-25T14:35:53.931+0000] {logging_mixin.py:188} INFO - [2024-12-25T14:35:53.931+0000] {dag.py:3834} INFO - Setting next_dagrun for latest_only to 2024-12-25 08:00:00+00:00, run_after=2024-12-25 12:00:00+00:00
[2024-12-25T14:35:53.969+0000] {processor.py:183} INFO - Processing /home/airflow/.local/lib/python3.10/site-packages/airflow/example_dags/example_latest_only.py took 0.128 seconds
[2024-12-25T14:36:24.032+0000] {processor.py:161} INFO - Started process (PID=9181) to work on /home/airflow/.local/lib/python3.10/site-packages/airflow/example_dags/example_latest_only.py
[2024-12-25T14:36:24.033+0000] {processor.py:830} INFO - Processing file /home/airflow/.local/lib/python3.10/site-packages/airflow/example_dags/example_latest_only.py for tasks to queue
[2024-12-25T14:36:24.035+0000] {logging_mixin.py:188} INFO - [2024-12-25T14:36:24.034+0000] {dagbag.py:540} INFO - Filling up the DagBag from /home/airflow/.local/lib/python3.10/site-packages/airflow/example_dags/example_latest_only.py
[2024-12-25T14:36:24.048+0000] {processor.py:840} INFO - DAG(s) 'latest_only' retrieved from /home/airflow/.local/lib/python3.10/site-packages/airflow/example_dags/example_latest_only.py
[2024-12-25T14:36:24.094+0000] {logging_mixin.py:188} INFO - [2024-12-25T14:36:24.094+0000] {dag.py:3047} INFO - Sync 1 DAGs
[2024-12-25T14:36:24.152+0000] {logging_mixin.py:188} INFO - [2024-12-25T14:36:24.152+0000] {dag.py:3834} INFO - Setting next_dagrun for latest_only to 2024-12-25 08:00:00+00:00, run_after=2024-12-25 12:00:00+00:00
[2024-12-25T14:36:24.205+0000] {processor.py:183} INFO - Processing /home/airflow/.local/lib/python3.10/site-packages/airflow/example_dags/example_latest_only.py took 0.180 seconds
[2024-12-25T14:36:54.997+0000] {processor.py:161} INFO - Started process (PID=9237) to work on /home/airflow/.local/lib/python3.10/site-packages/airflow/example_dags/example_latest_only.py
[2024-12-25T14:36:54.999+0000] {processor.py:830} INFO - Processing file /home/airflow/.local/lib/python3.10/site-packages/airflow/example_dags/example_latest_only.py for tasks to queue
[2024-12-25T14:36:55.002+0000] {logging_mixin.py:188} INFO - [2024-12-25T14:36:55.001+0000] {dagbag.py:540} INFO - Filling up the DagBag from /home/airflow/.local/lib/python3.10/site-packages/airflow/example_dags/example_latest_only.py
[2024-12-25T14:36:55.021+0000] {processor.py:840} INFO - DAG(s) 'latest_only' retrieved from /home/airflow/.local/lib/python3.10/site-packages/airflow/example_dags/example_latest_only.py
[2024-12-25T14:36:55.106+0000] {logging_mixin.py:188} INFO - [2024-12-25T14:36:55.106+0000] {dag.py:3047} INFO - Sync 1 DAGs
[2024-12-25T14:36:55.247+0000] {logging_mixin.py:188} INFO - [2024-12-25T14:36:55.247+0000] {dag.py:3834} INFO - Setting next_dagrun for latest_only to 2024-12-25 08:00:00+00:00, run_after=2024-12-25 12:00:00+00:00
[2024-12-25T14:36:55.342+0000] {processor.py:183} INFO - Processing /home/airflow/.local/lib/python3.10/site-packages/airflow/example_dags/example_latest_only.py took 0.355 seconds
[2024-12-25T14:37:26.017+0000] {processor.py:161} INFO - Started process (PID=9294) to work on /home/airflow/.local/lib/python3.10/site-packages/airflow/example_dags/example_latest_only.py
[2024-12-25T14:37:26.019+0000] {processor.py:830} INFO - Processing file /home/airflow/.local/lib/python3.10/site-packages/airflow/example_dags/example_latest_only.py for tasks to queue
[2024-12-25T14:37:26.020+0000] {logging_mixin.py:188} INFO - [2024-12-25T14:37:26.020+0000] {dagbag.py:540} INFO - Filling up the DagBag from /home/airflow/.local/lib/python3.10/site-packages/airflow/example_dags/example_latest_only.py
[2024-12-25T14:37:26.029+0000] {processor.py:840} INFO - DAG(s) 'latest_only' retrieved from /home/airflow/.local/lib/python3.10/site-packages/airflow/example_dags/example_latest_only.py
[2024-12-25T14:37:26.059+0000] {logging_mixin.py:188} INFO - [2024-12-25T14:37:26.059+0000] {dag.py:3047} INFO - Sync 1 DAGs
[2024-12-25T14:37:26.091+0000] {logging_mixin.py:188} INFO - [2024-12-25T14:37:26.091+0000] {dag.py:3834} INFO - Setting next_dagrun for latest_only to 2024-12-25 08:00:00+00:00, run_after=2024-12-25 12:00:00+00:00
[2024-12-25T14:37:26.127+0000] {processor.py:183} INFO - Processing /home/airflow/.local/lib/python3.10/site-packages/airflow/example_dags/example_latest_only.py took 0.113 seconds
[2024-12-25T14:37:56.619+0000] {processor.py:161} INFO - Started process (PID=9349) to work on /home/airflow/.local/lib/python3.10/site-packages/airflow/example_dags/example_latest_only.py
[2024-12-25T14:37:56.620+0000] {processor.py:830} INFO - Processing file /home/airflow/.local/lib/python3.10/site-packages/airflow/example_dags/example_latest_only.py for tasks to queue
[2024-12-25T14:37:56.621+0000] {logging_mixin.py:188} INFO - [2024-12-25T14:37:56.621+0000] {dagbag.py:540} INFO - Filling up the DagBag from /home/airflow/.local/lib/python3.10/site-packages/airflow/example_dags/example_latest_only.py
[2024-12-25T14:37:56.636+0000] {processor.py:840} INFO - DAG(s) 'latest_only' retrieved from /home/airflow/.local/lib/python3.10/site-packages/airflow/example_dags/example_latest_only.py
[2024-12-25T14:37:56.672+0000] {logging_mixin.py:188} INFO - [2024-12-25T14:37:56.672+0000] {dag.py:3047} INFO - Sync 1 DAGs
[2024-12-25T14:37:56.712+0000] {logging_mixin.py:188} INFO - [2024-12-25T14:37:56.712+0000] {dag.py:3834} INFO - Setting next_dagrun for latest_only to 2024-12-25 08:00:00+00:00, run_after=2024-12-25 12:00:00+00:00
[2024-12-25T14:37:56.748+0000] {processor.py:183} INFO - Processing /home/airflow/.local/lib/python3.10/site-packages/airflow/example_dags/example_latest_only.py took 0.132 seconds
[2024-12-25T14:38:27.158+0000] {processor.py:161} INFO - Started process (PID=9404) to work on /home/airflow/.local/lib/python3.10/site-packages/airflow/example_dags/example_latest_only.py
[2024-12-25T14:38:27.165+0000] {processor.py:830} INFO - Processing file /home/airflow/.local/lib/python3.10/site-packages/airflow/example_dags/example_latest_only.py for tasks to queue
[2024-12-25T14:38:27.166+0000] {logging_mixin.py:188} INFO - [2024-12-25T14:38:27.166+0000] {dagbag.py:540} INFO - Filling up the DagBag from /home/airflow/.local/lib/python3.10/site-packages/airflow/example_dags/example_latest_only.py
[2024-12-25T14:38:27.177+0000] {processor.py:840} INFO - DAG(s) 'latest_only' retrieved from /home/airflow/.local/lib/python3.10/site-packages/airflow/example_dags/example_latest_only.py
[2024-12-25T14:38:27.209+0000] {logging_mixin.py:188} INFO - [2024-12-25T14:38:27.208+0000] {dag.py:3047} INFO - Sync 1 DAGs
[2024-12-25T14:38:27.249+0000] {logging_mixin.py:188} INFO - [2024-12-25T14:38:27.249+0000] {dag.py:3834} INFO - Setting next_dagrun for latest_only to 2024-12-25 08:00:00+00:00, run_after=2024-12-25 12:00:00+00:00
[2024-12-25T14:38:27.288+0000] {processor.py:183} INFO - Processing /home/airflow/.local/lib/python3.10/site-packages/airflow/example_dags/example_latest_only.py took 0.138 seconds
[2024-12-25T14:38:57.671+0000] {processor.py:161} INFO - Started process (PID=9459) to work on /home/airflow/.local/lib/python3.10/site-packages/airflow/example_dags/example_latest_only.py
[2024-12-25T14:38:57.676+0000] {processor.py:830} INFO - Processing file /home/airflow/.local/lib/python3.10/site-packages/airflow/example_dags/example_latest_only.py for tasks to queue
[2024-12-25T14:38:57.678+0000] {logging_mixin.py:188} INFO - [2024-12-25T14:38:57.677+0000] {dagbag.py:540} INFO - Filling up the DagBag from /home/airflow/.local/lib/python3.10/site-packages/airflow/example_dags/example_latest_only.py
[2024-12-25T14:38:57.697+0000] {processor.py:840} INFO - DAG(s) 'latest_only' retrieved from /home/airflow/.local/lib/python3.10/site-packages/airflow/example_dags/example_latest_only.py
[2024-12-25T14:38:57.737+0000] {logging_mixin.py:188} INFO - [2024-12-25T14:38:57.737+0000] {dag.py:3047} INFO - Sync 1 DAGs
[2024-12-25T14:38:57.781+0000] {logging_mixin.py:188} INFO - [2024-12-25T14:38:57.780+0000] {dag.py:3834} INFO - Setting next_dagrun for latest_only to 2024-12-25 08:00:00+00:00, run_after=2024-12-25 12:00:00+00:00
[2024-12-25T14:38:57.824+0000] {processor.py:183} INFO - Processing /home/airflow/.local/lib/python3.10/site-packages/airflow/example_dags/example_latest_only.py took 0.158 seconds
[2024-12-25T14:39:27.981+0000] {processor.py:161} INFO - Started process (PID=9515) to work on /home/airflow/.local/lib/python3.10/site-packages/airflow/example_dags/example_latest_only.py
[2024-12-25T14:39:27.986+0000] {processor.py:830} INFO - Processing file /home/airflow/.local/lib/python3.10/site-packages/airflow/example_dags/example_latest_only.py for tasks to queue
[2024-12-25T14:39:27.988+0000] {logging_mixin.py:188} INFO - [2024-12-25T14:39:27.987+0000] {dagbag.py:540} INFO - Filling up the DagBag from /home/airflow/.local/lib/python3.10/site-packages/airflow/example_dags/example_latest_only.py
[2024-12-25T14:39:27.999+0000] {processor.py:840} INFO - DAG(s) 'latest_only' retrieved from /home/airflow/.local/lib/python3.10/site-packages/airflow/example_dags/example_latest_only.py
[2024-12-25T14:39:28.058+0000] {logging_mixin.py:188} INFO - [2024-12-25T14:39:28.058+0000] {dag.py:3047} INFO - Sync 1 DAGs
[2024-12-25T14:39:28.106+0000] {logging_mixin.py:188} INFO - [2024-12-25T14:39:28.105+0000] {dag.py:3834} INFO - Setting next_dagrun for latest_only to 2024-12-25 08:00:00+00:00, run_after=2024-12-25 12:00:00+00:00
[2024-12-25T14:39:28.156+0000] {processor.py:183} INFO - Processing /home/airflow/.local/lib/python3.10/site-packages/airflow/example_dags/example_latest_only.py took 0.179 seconds
[2024-12-25T14:39:58.417+0000] {processor.py:161} INFO - Started process (PID=9571) to work on /home/airflow/.local/lib/python3.10/site-packages/airflow/example_dags/example_latest_only.py
[2024-12-25T14:39:58.419+0000] {processor.py:830} INFO - Processing file /home/airflow/.local/lib/python3.10/site-packages/airflow/example_dags/example_latest_only.py for tasks to queue
[2024-12-25T14:39:58.420+0000] {logging_mixin.py:188} INFO - [2024-12-25T14:39:58.420+0000] {dagbag.py:540} INFO - Filling up the DagBag from /home/airflow/.local/lib/python3.10/site-packages/airflow/example_dags/example_latest_only.py
[2024-12-25T14:39:58.437+0000] {processor.py:840} INFO - DAG(s) 'latest_only' retrieved from /home/airflow/.local/lib/python3.10/site-packages/airflow/example_dags/example_latest_only.py
[2024-12-25T14:39:58.478+0000] {logging_mixin.py:188} INFO - [2024-12-25T14:39:58.477+0000] {dag.py:3047} INFO - Sync 1 DAGs
[2024-12-25T14:39:58.547+0000] {logging_mixin.py:188} INFO - [2024-12-25T14:39:58.546+0000] {dag.py:3834} INFO - Setting next_dagrun for latest_only to 2024-12-25 08:00:00+00:00, run_after=2024-12-25 12:00:00+00:00
[2024-12-25T14:39:58.589+0000] {processor.py:183} INFO - Processing /home/airflow/.local/lib/python3.10/site-packages/airflow/example_dags/example_latest_only.py took 0.179 seconds
[2024-12-25T14:40:28.797+0000] {processor.py:161} INFO - Started process (PID=9627) to work on /home/airflow/.local/lib/python3.10/site-packages/airflow/example_dags/example_latest_only.py
[2024-12-25T14:40:28.798+0000] {processor.py:830} INFO - Processing file /home/airflow/.local/lib/python3.10/site-packages/airflow/example_dags/example_latest_only.py for tasks to queue
[2024-12-25T14:40:28.800+0000] {logging_mixin.py:188} INFO - [2024-12-25T14:40:28.799+0000] {dagbag.py:540} INFO - Filling up the DagBag from /home/airflow/.local/lib/python3.10/site-packages/airflow/example_dags/example_latest_only.py
[2024-12-25T14:40:28.809+0000] {processor.py:840} INFO - DAG(s) 'latest_only' retrieved from /home/airflow/.local/lib/python3.10/site-packages/airflow/example_dags/example_latest_only.py
[2024-12-25T14:40:28.857+0000] {logging_mixin.py:188} INFO - [2024-12-25T14:40:28.851+0000] {dag.py:3047} INFO - Sync 1 DAGs
[2024-12-25T14:40:28.908+0000] {logging_mixin.py:188} INFO - [2024-12-25T14:40:28.908+0000] {dag.py:3834} INFO - Setting next_dagrun for latest_only to 2024-12-25 08:00:00+00:00, run_after=2024-12-25 12:00:00+00:00
[2024-12-25T14:40:28.958+0000] {processor.py:183} INFO - Processing /home/airflow/.local/lib/python3.10/site-packages/airflow/example_dags/example_latest_only.py took 0.168 seconds
[2024-12-25T14:40:59.450+0000] {processor.py:161} INFO - Started process (PID=9683) to work on /home/airflow/.local/lib/python3.10/site-packages/airflow/example_dags/example_latest_only.py
[2024-12-25T14:40:59.452+0000] {processor.py:830} INFO - Processing file /home/airflow/.local/lib/python3.10/site-packages/airflow/example_dags/example_latest_only.py for tasks to queue
[2024-12-25T14:40:59.457+0000] {logging_mixin.py:188} INFO - [2024-12-25T14:40:59.456+0000] {dagbag.py:540} INFO - Filling up the DagBag from /home/airflow/.local/lib/python3.10/site-packages/airflow/example_dags/example_latest_only.py
[2024-12-25T14:40:59.468+0000] {processor.py:840} INFO - DAG(s) 'latest_only' retrieved from /home/airflow/.local/lib/python3.10/site-packages/airflow/example_dags/example_latest_only.py
[2024-12-25T14:40:59.500+0000] {logging_mixin.py:188} INFO - [2024-12-25T14:40:59.500+0000] {dag.py:3047} INFO - Sync 1 DAGs
[2024-12-25T14:40:59.536+0000] {logging_mixin.py:188} INFO - [2024-12-25T14:40:59.536+0000] {dag.py:3834} INFO - Setting next_dagrun for latest_only to 2024-12-25 08:00:00+00:00, run_after=2024-12-25 12:00:00+00:00
[2024-12-25T14:40:59.579+0000] {processor.py:183} INFO - Processing /home/airflow/.local/lib/python3.10/site-packages/airflow/example_dags/example_latest_only.py took 0.132 seconds
[2024-12-25T14:41:29.987+0000] {processor.py:161} INFO - Started process (PID=9739) to work on /home/airflow/.local/lib/python3.10/site-packages/airflow/example_dags/example_latest_only.py
[2024-12-25T14:41:29.988+0000] {processor.py:830} INFO - Processing file /home/airflow/.local/lib/python3.10/site-packages/airflow/example_dags/example_latest_only.py for tasks to queue
[2024-12-25T14:41:29.989+0000] {logging_mixin.py:188} INFO - [2024-12-25T14:41:29.989+0000] {dagbag.py:540} INFO - Filling up the DagBag from /home/airflow/.local/lib/python3.10/site-packages/airflow/example_dags/example_latest_only.py
[2024-12-25T14:41:30.008+0000] {processor.py:840} INFO - DAG(s) 'latest_only' retrieved from /home/airflow/.local/lib/python3.10/site-packages/airflow/example_dags/example_latest_only.py
[2024-12-25T14:41:30.056+0000] {logging_mixin.py:188} INFO - [2024-12-25T14:41:30.056+0000] {dag.py:3047} INFO - Sync 1 DAGs
[2024-12-25T14:41:30.097+0000] {logging_mixin.py:188} INFO - [2024-12-25T14:41:30.097+0000] {dag.py:3834} INFO - Setting next_dagrun for latest_only to 2024-12-25 08:00:00+00:00, run_after=2024-12-25 12:00:00+00:00
[2024-12-25T14:41:30.137+0000] {processor.py:183} INFO - Processing /home/airflow/.local/lib/python3.10/site-packages/airflow/example_dags/example_latest_only.py took 0.161 seconds
[2024-12-25T14:42:00.468+0000] {processor.py:161} INFO - Started process (PID=9794) to work on /home/airflow/.local/lib/python3.10/site-packages/airflow/example_dags/example_latest_only.py
[2024-12-25T14:42:00.470+0000] {processor.py:830} INFO - Processing file /home/airflow/.local/lib/python3.10/site-packages/airflow/example_dags/example_latest_only.py for tasks to queue
[2024-12-25T14:42:00.471+0000] {logging_mixin.py:188} INFO - [2024-12-25T14:42:00.471+0000] {dagbag.py:540} INFO - Filling up the DagBag from /home/airflow/.local/lib/python3.10/site-packages/airflow/example_dags/example_latest_only.py
[2024-12-25T14:42:00.486+0000] {processor.py:840} INFO - DAG(s) 'latest_only' retrieved from /home/airflow/.local/lib/python3.10/site-packages/airflow/example_dags/example_latest_only.py
[2024-12-25T14:42:00.526+0000] {logging_mixin.py:188} INFO - [2024-12-25T14:42:00.526+0000] {dag.py:3047} INFO - Sync 1 DAGs
[2024-12-25T14:42:00.586+0000] {logging_mixin.py:188} INFO - [2024-12-25T14:42:00.586+0000] {dag.py:3834} INFO - Setting next_dagrun for latest_only to 2024-12-25 08:00:00+00:00, run_after=2024-12-25 12:00:00+00:00
[2024-12-25T14:42:00.636+0000] {processor.py:183} INFO - Processing /home/airflow/.local/lib/python3.10/site-packages/airflow/example_dags/example_latest_only.py took 0.176 seconds
[2024-12-25T14:42:31.334+0000] {processor.py:161} INFO - Started process (PID=9850) to work on /home/airflow/.local/lib/python3.10/site-packages/airflow/example_dags/example_latest_only.py
[2024-12-25T14:42:31.337+0000] {processor.py:830} INFO - Processing file /home/airflow/.local/lib/python3.10/site-packages/airflow/example_dags/example_latest_only.py for tasks to queue
[2024-12-25T14:42:31.339+0000] {logging_mixin.py:188} INFO - [2024-12-25T14:42:31.338+0000] {dagbag.py:540} INFO - Filling up the DagBag from /home/airflow/.local/lib/python3.10/site-packages/airflow/example_dags/example_latest_only.py
[2024-12-25T14:42:31.355+0000] {processor.py:840} INFO - DAG(s) 'latest_only' retrieved from /home/airflow/.local/lib/python3.10/site-packages/airflow/example_dags/example_latest_only.py
[2024-12-25T14:42:31.428+0000] {logging_mixin.py:188} INFO - [2024-12-25T14:42:31.427+0000] {dag.py:3047} INFO - Sync 1 DAGs
[2024-12-25T14:42:31.478+0000] {logging_mixin.py:188} INFO - [2024-12-25T14:42:31.478+0000] {dag.py:3834} INFO - Setting next_dagrun for latest_only to 2024-12-25 08:00:00+00:00, run_after=2024-12-25 12:00:00+00:00
[2024-12-25T14:42:31.538+0000] {processor.py:183} INFO - Processing /home/airflow/.local/lib/python3.10/site-packages/airflow/example_dags/example_latest_only.py took 0.213 seconds
[2024-12-25T14:43:01.920+0000] {processor.py:161} INFO - Started process (PID=9906) to work on /home/airflow/.local/lib/python3.10/site-packages/airflow/example_dags/example_latest_only.py
[2024-12-25T14:43:01.926+0000] {processor.py:830} INFO - Processing file /home/airflow/.local/lib/python3.10/site-packages/airflow/example_dags/example_latest_only.py for tasks to queue
[2024-12-25T14:43:01.928+0000] {logging_mixin.py:188} INFO - [2024-12-25T14:43:01.927+0000] {dagbag.py:540} INFO - Filling up the DagBag from /home/airflow/.local/lib/python3.10/site-packages/airflow/example_dags/example_latest_only.py
[2024-12-25T14:43:01.940+0000] {processor.py:840} INFO - DAG(s) 'latest_only' retrieved from /home/airflow/.local/lib/python3.10/site-packages/airflow/example_dags/example_latest_only.py
[2024-12-25T14:43:01.989+0000] {logging_mixin.py:188} INFO - [2024-12-25T14:43:01.989+0000] {dag.py:3047} INFO - Sync 1 DAGs
[2024-12-25T14:43:02.059+0000] {logging_mixin.py:188} INFO - [2024-12-25T14:43:02.058+0000] {dag.py:3834} INFO - Setting next_dagrun for latest_only to 2024-12-25 08:00:00+00:00, run_after=2024-12-25 12:00:00+00:00
[2024-12-25T14:43:02.150+0000] {processor.py:183} INFO - Processing /home/airflow/.local/lib/python3.10/site-packages/airflow/example_dags/example_latest_only.py took 0.239 seconds
[2024-12-25T14:43:32.442+0000] {processor.py:161} INFO - Started process (PID=9963) to work on /home/airflow/.local/lib/python3.10/site-packages/airflow/example_dags/example_latest_only.py
[2024-12-25T14:43:32.443+0000] {processor.py:830} INFO - Processing file /home/airflow/.local/lib/python3.10/site-packages/airflow/example_dags/example_latest_only.py for tasks to queue
[2024-12-25T14:43:32.450+0000] {logging_mixin.py:188} INFO - [2024-12-25T14:43:32.450+0000] {dagbag.py:540} INFO - Filling up the DagBag from /home/airflow/.local/lib/python3.10/site-packages/airflow/example_dags/example_latest_only.py
[2024-12-25T14:43:32.464+0000] {processor.py:840} INFO - DAG(s) 'latest_only' retrieved from /home/airflow/.local/lib/python3.10/site-packages/airflow/example_dags/example_latest_only.py
[2024-12-25T14:43:32.521+0000] {logging_mixin.py:188} INFO - [2024-12-25T14:43:32.521+0000] {dag.py:3047} INFO - Sync 1 DAGs
[2024-12-25T14:43:32.582+0000] {logging_mixin.py:188} INFO - [2024-12-25T14:43:32.582+0000] {dag.py:3834} INFO - Setting next_dagrun for latest_only to 2024-12-25 08:00:00+00:00, run_after=2024-12-25 12:00:00+00:00
[2024-12-25T14:43:32.651+0000] {processor.py:183} INFO - Processing /home/airflow/.local/lib/python3.10/site-packages/airflow/example_dags/example_latest_only.py took 0.217 seconds
[2024-12-25T14:44:02.920+0000] {processor.py:161} INFO - Started process (PID=10018) to work on /home/airflow/.local/lib/python3.10/site-packages/airflow/example_dags/example_latest_only.py
[2024-12-25T14:44:02.928+0000] {processor.py:830} INFO - Processing file /home/airflow/.local/lib/python3.10/site-packages/airflow/example_dags/example_latest_only.py for tasks to queue
[2024-12-25T14:44:02.930+0000] {logging_mixin.py:188} INFO - [2024-12-25T14:44:02.929+0000] {dagbag.py:540} INFO - Filling up the DagBag from /home/airflow/.local/lib/python3.10/site-packages/airflow/example_dags/example_latest_only.py
[2024-12-25T14:44:02.967+0000] {processor.py:840} INFO - DAG(s) 'latest_only' retrieved from /home/airflow/.local/lib/python3.10/site-packages/airflow/example_dags/example_latest_only.py
[2024-12-25T14:44:03.017+0000] {logging_mixin.py:188} INFO - [2024-12-25T14:44:03.017+0000] {dag.py:3047} INFO - Sync 1 DAGs
[2024-12-25T14:44:03.087+0000] {logging_mixin.py:188} INFO - [2024-12-25T14:44:03.087+0000] {dag.py:3834} INFO - Setting next_dagrun for latest_only to 2024-12-25 08:00:00+00:00, run_after=2024-12-25 12:00:00+00:00
[2024-12-25T14:44:03.138+0000] {processor.py:183} INFO - Processing /home/airflow/.local/lib/python3.10/site-packages/airflow/example_dags/example_latest_only.py took 0.221 seconds
[2024-12-25T14:44:33.450+0000] {processor.py:161} INFO - Started process (PID=10075) to work on /home/airflow/.local/lib/python3.10/site-packages/airflow/example_dags/example_latest_only.py
[2024-12-25T14:44:33.467+0000] {processor.py:830} INFO - Processing file /home/airflow/.local/lib/python3.10/site-packages/airflow/example_dags/example_latest_only.py for tasks to queue
[2024-12-25T14:44:33.477+0000] {logging_mixin.py:188} INFO - [2024-12-25T14:44:33.470+0000] {dagbag.py:540} INFO - Filling up the DagBag from /home/airflow/.local/lib/python3.10/site-packages/airflow/example_dags/example_latest_only.py
[2024-12-25T14:44:33.518+0000] {processor.py:840} INFO - DAG(s) 'latest_only' retrieved from /home/airflow/.local/lib/python3.10/site-packages/airflow/example_dags/example_latest_only.py
[2024-12-25T14:44:33.597+0000] {logging_mixin.py:188} INFO - [2024-12-25T14:44:33.597+0000] {dag.py:3047} INFO - Sync 1 DAGs
[2024-12-25T14:44:33.666+0000] {logging_mixin.py:188} INFO - [2024-12-25T14:44:33.666+0000] {dag.py:3834} INFO - Setting next_dagrun for latest_only to 2024-12-25 08:00:00+00:00, run_after=2024-12-25 12:00:00+00:00
[2024-12-25T14:44:33.766+0000] {processor.py:183} INFO - Processing /home/airflow/.local/lib/python3.10/site-packages/airflow/example_dags/example_latest_only.py took 0.328 seconds
[2024-12-25T14:45:04.058+0000] {processor.py:161} INFO - Started process (PID=10132) to work on /home/airflow/.local/lib/python3.10/site-packages/airflow/example_dags/example_latest_only.py
[2024-12-25T14:45:04.060+0000] {processor.py:830} INFO - Processing file /home/airflow/.local/lib/python3.10/site-packages/airflow/example_dags/example_latest_only.py for tasks to queue
[2024-12-25T14:45:04.067+0000] {logging_mixin.py:188} INFO - [2024-12-25T14:45:04.066+0000] {dagbag.py:540} INFO - Filling up the DagBag from /home/airflow/.local/lib/python3.10/site-packages/airflow/example_dags/example_latest_only.py
[2024-12-25T14:45:04.110+0000] {processor.py:840} INFO - DAG(s) 'latest_only' retrieved from /home/airflow/.local/lib/python3.10/site-packages/airflow/example_dags/example_latest_only.py
[2024-12-25T14:45:04.199+0000] {logging_mixin.py:188} INFO - [2024-12-25T14:45:04.198+0000] {dag.py:3047} INFO - Sync 1 DAGs
[2024-12-25T14:45:04.296+0000] {logging_mixin.py:188} INFO - [2024-12-25T14:45:04.295+0000] {dag.py:3834} INFO - Setting next_dagrun for latest_only to 2024-12-25 08:00:00+00:00, run_after=2024-12-25 12:00:00+00:00
[2024-12-25T14:45:04.407+0000] {processor.py:183} INFO - Processing /home/airflow/.local/lib/python3.10/site-packages/airflow/example_dags/example_latest_only.py took 0.359 seconds
[2024-12-25T14:45:34.817+0000] {processor.py:161} INFO - Started process (PID=10188) to work on /home/airflow/.local/lib/python3.10/site-packages/airflow/example_dags/example_latest_only.py
[2024-12-25T14:45:34.821+0000] {processor.py:830} INFO - Processing file /home/airflow/.local/lib/python3.10/site-packages/airflow/example_dags/example_latest_only.py for tasks to queue
[2024-12-25T14:45:34.829+0000] {logging_mixin.py:188} INFO - [2024-12-25T14:45:34.828+0000] {dagbag.py:540} INFO - Filling up the DagBag from /home/airflow/.local/lib/python3.10/site-packages/airflow/example_dags/example_latest_only.py
[2024-12-25T14:45:34.859+0000] {processor.py:840} INFO - DAG(s) 'latest_only' retrieved from /home/airflow/.local/lib/python3.10/site-packages/airflow/example_dags/example_latest_only.py
[2024-12-25T14:45:34.936+0000] {logging_mixin.py:188} INFO - [2024-12-25T14:45:34.931+0000] {dag.py:3047} INFO - Sync 1 DAGs
[2024-12-25T14:45:35.031+0000] {logging_mixin.py:188} INFO - [2024-12-25T14:45:35.030+0000] {dag.py:3834} INFO - Setting next_dagrun for latest_only to 2024-12-25 08:00:00+00:00, run_after=2024-12-25 12:00:00+00:00
[2024-12-25T14:45:35.100+0000] {processor.py:183} INFO - Processing /home/airflow/.local/lib/python3.10/site-packages/airflow/example_dags/example_latest_only.py took 0.300 seconds
[2024-12-25T14:46:05.524+0000] {processor.py:161} INFO - Started process (PID=10244) to work on /home/airflow/.local/lib/python3.10/site-packages/airflow/example_dags/example_latest_only.py
[2024-12-25T14:46:05.526+0000] {processor.py:830} INFO - Processing file /home/airflow/.local/lib/python3.10/site-packages/airflow/example_dags/example_latest_only.py for tasks to queue
[2024-12-25T14:46:05.527+0000] {logging_mixin.py:188} INFO - [2024-12-25T14:46:05.527+0000] {dagbag.py:540} INFO - Filling up the DagBag from /home/airflow/.local/lib/python3.10/site-packages/airflow/example_dags/example_latest_only.py
[2024-12-25T14:46:05.544+0000] {processor.py:840} INFO - DAG(s) 'latest_only' retrieved from /home/airflow/.local/lib/python3.10/site-packages/airflow/example_dags/example_latest_only.py
[2024-12-25T14:46:05.623+0000] {logging_mixin.py:188} INFO - [2024-12-25T14:46:05.623+0000] {dag.py:3047} INFO - Sync 1 DAGs
[2024-12-25T14:46:05.697+0000] {logging_mixin.py:188} INFO - [2024-12-25T14:46:05.697+0000] {dag.py:3834} INFO - Setting next_dagrun for latest_only to 2024-12-25 08:00:00+00:00, run_after=2024-12-25 12:00:00+00:00
[2024-12-25T14:46:05.826+0000] {processor.py:183} INFO - Processing /home/airflow/.local/lib/python3.10/site-packages/airflow/example_dags/example_latest_only.py took 0.321 seconds
[2024-12-25T14:46:36.100+0000] {processor.py:161} INFO - Started process (PID=10299) to work on /home/airflow/.local/lib/python3.10/site-packages/airflow/example_dags/example_latest_only.py
[2024-12-25T14:46:36.101+0000] {processor.py:830} INFO - Processing file /home/airflow/.local/lib/python3.10/site-packages/airflow/example_dags/example_latest_only.py for tasks to queue
[2024-12-25T14:46:36.107+0000] {logging_mixin.py:188} INFO - [2024-12-25T14:46:36.102+0000] {dagbag.py:540} INFO - Filling up the DagBag from /home/airflow/.local/lib/python3.10/site-packages/airflow/example_dags/example_latest_only.py
[2024-12-25T14:46:36.128+0000] {processor.py:840} INFO - DAG(s) 'latest_only' retrieved from /home/airflow/.local/lib/python3.10/site-packages/airflow/example_dags/example_latest_only.py
[2024-12-25T14:46:36.181+0000] {logging_mixin.py:188} INFO - [2024-12-25T14:46:36.181+0000] {dag.py:3047} INFO - Sync 1 DAGs
[2024-12-25T14:46:36.251+0000] {logging_mixin.py:188} INFO - [2024-12-25T14:46:36.251+0000] {dag.py:3834} INFO - Setting next_dagrun for latest_only to 2024-12-25 08:00:00+00:00, run_after=2024-12-25 12:00:00+00:00
[2024-12-25T14:46:36.321+0000] {processor.py:183} INFO - Processing /home/airflow/.local/lib/python3.10/site-packages/airflow/example_dags/example_latest_only.py took 0.229 seconds
[2024-12-25T14:47:06.823+0000] {processor.py:161} INFO - Started process (PID=10354) to work on /home/airflow/.local/lib/python3.10/site-packages/airflow/example_dags/example_latest_only.py
[2024-12-25T14:47:06.830+0000] {processor.py:830} INFO - Processing file /home/airflow/.local/lib/python3.10/site-packages/airflow/example_dags/example_latest_only.py for tasks to queue
[2024-12-25T14:47:06.832+0000] {logging_mixin.py:188} INFO - [2024-12-25T14:47:06.831+0000] {dagbag.py:540} INFO - Filling up the DagBag from /home/airflow/.local/lib/python3.10/site-packages/airflow/example_dags/example_latest_only.py
[2024-12-25T14:47:06.860+0000] {processor.py:840} INFO - DAG(s) 'latest_only' retrieved from /home/airflow/.local/lib/python3.10/site-packages/airflow/example_dags/example_latest_only.py
[2024-12-25T14:47:06.941+0000] {logging_mixin.py:188} INFO - [2024-12-25T14:47:06.941+0000] {dag.py:3047} INFO - Sync 1 DAGs
[2024-12-25T14:47:07.051+0000] {logging_mixin.py:188} INFO - [2024-12-25T14:47:07.051+0000] {dag.py:3834} INFO - Setting next_dagrun for latest_only to 2024-12-25 08:00:00+00:00, run_after=2024-12-25 12:00:00+00:00
[2024-12-25T14:47:07.122+0000] {processor.py:183} INFO - Processing /home/airflow/.local/lib/python3.10/site-packages/airflow/example_dags/example_latest_only.py took 0.309 seconds
[2024-12-25T14:47:37.298+0000] {processor.py:161} INFO - Started process (PID=10409) to work on /home/airflow/.local/lib/python3.10/site-packages/airflow/example_dags/example_latest_only.py
[2024-12-25T14:47:37.299+0000] {processor.py:830} INFO - Processing file /home/airflow/.local/lib/python3.10/site-packages/airflow/example_dags/example_latest_only.py for tasks to queue
[2024-12-25T14:47:37.308+0000] {logging_mixin.py:188} INFO - [2024-12-25T14:47:37.308+0000] {dagbag.py:540} INFO - Filling up the DagBag from /home/airflow/.local/lib/python3.10/site-packages/airflow/example_dags/example_latest_only.py
[2024-12-25T14:47:37.349+0000] {processor.py:840} INFO - DAG(s) 'latest_only' retrieved from /home/airflow/.local/lib/python3.10/site-packages/airflow/example_dags/example_latest_only.py
[2024-12-25T14:47:37.417+0000] {logging_mixin.py:188} INFO - [2024-12-25T14:47:37.412+0000] {dag.py:3047} INFO - Sync 1 DAGs
[2024-12-25T14:47:37.478+0000] {logging_mixin.py:188} INFO - [2024-12-25T14:47:37.478+0000] {dag.py:3834} INFO - Setting next_dagrun for latest_only to 2024-12-25 08:00:00+00:00, run_after=2024-12-25 12:00:00+00:00
[2024-12-25T14:47:37.571+0000] {processor.py:183} INFO - Processing /home/airflow/.local/lib/python3.10/site-packages/airflow/example_dags/example_latest_only.py took 0.283 seconds
[2024-12-25T14:48:08.212+0000] {processor.py:161} INFO - Started process (PID=10465) to work on /home/airflow/.local/lib/python3.10/site-packages/airflow/example_dags/example_latest_only.py
[2024-12-25T14:48:08.214+0000] {processor.py:830} INFO - Processing file /home/airflow/.local/lib/python3.10/site-packages/airflow/example_dags/example_latest_only.py for tasks to queue
[2024-12-25T14:48:08.221+0000] {logging_mixin.py:188} INFO - [2024-12-25T14:48:08.220+0000] {dagbag.py:540} INFO - Filling up the DagBag from /home/airflow/.local/lib/python3.10/site-packages/airflow/example_dags/example_latest_only.py
[2024-12-25T14:48:08.244+0000] {processor.py:840} INFO - DAG(s) 'latest_only' retrieved from /home/airflow/.local/lib/python3.10/site-packages/airflow/example_dags/example_latest_only.py
[2024-12-25T14:48:08.322+0000] {logging_mixin.py:188} INFO - [2024-12-25T14:48:08.322+0000] {dag.py:3047} INFO - Sync 1 DAGs
[2024-12-25T14:48:08.450+0000] {logging_mixin.py:188} INFO - [2024-12-25T14:48:08.450+0000] {dag.py:3834} INFO - Setting next_dagrun for latest_only to 2024-12-25 08:00:00+00:00, run_after=2024-12-25 12:00:00+00:00
[2024-12-25T14:48:08.593+0000] {processor.py:183} INFO - Processing /home/airflow/.local/lib/python3.10/site-packages/airflow/example_dags/example_latest_only.py took 0.392 seconds
[2024-12-25T14:48:38.970+0000] {processor.py:161} INFO - Started process (PID=10521) to work on /home/airflow/.local/lib/python3.10/site-packages/airflow/example_dags/example_latest_only.py
[2024-12-25T14:48:38.977+0000] {processor.py:830} INFO - Processing file /home/airflow/.local/lib/python3.10/site-packages/airflow/example_dags/example_latest_only.py for tasks to queue
[2024-12-25T14:48:38.980+0000] {logging_mixin.py:188} INFO - [2024-12-25T14:48:38.979+0000] {dagbag.py:540} INFO - Filling up the DagBag from /home/airflow/.local/lib/python3.10/site-packages/airflow/example_dags/example_latest_only.py
[2024-12-25T14:48:39.009+0000] {processor.py:840} INFO - DAG(s) 'latest_only' retrieved from /home/airflow/.local/lib/python3.10/site-packages/airflow/example_dags/example_latest_only.py
[2024-12-25T14:48:39.130+0000] {logging_mixin.py:188} INFO - [2024-12-25T14:48:39.130+0000] {dag.py:3047} INFO - Sync 1 DAGs
[2024-12-25T14:48:39.217+0000] {logging_mixin.py:188} INFO - [2024-12-25T14:48:39.211+0000] {dag.py:3834} INFO - Setting next_dagrun for latest_only to 2024-12-25 08:00:00+00:00, run_after=2024-12-25 12:00:00+00:00
[2024-12-25T14:48:39.321+0000] {processor.py:183} INFO - Processing /home/airflow/.local/lib/python3.10/site-packages/airflow/example_dags/example_latest_only.py took 0.363 seconds
[2024-12-25T14:49:09.840+0000] {processor.py:161} INFO - Started process (PID=10577) to work on /home/airflow/.local/lib/python3.10/site-packages/airflow/example_dags/example_latest_only.py
[2024-12-25T14:49:09.847+0000] {processor.py:830} INFO - Processing file /home/airflow/.local/lib/python3.10/site-packages/airflow/example_dags/example_latest_only.py for tasks to queue
[2024-12-25T14:49:09.849+0000] {logging_mixin.py:188} INFO - [2024-12-25T14:49:09.848+0000] {dagbag.py:540} INFO - Filling up the DagBag from /home/airflow/.local/lib/python3.10/site-packages/airflow/example_dags/example_latest_only.py
[2024-12-25T14:49:09.871+0000] {processor.py:840} INFO - DAG(s) 'latest_only' retrieved from /home/airflow/.local/lib/python3.10/site-packages/airflow/example_dags/example_latest_only.py
[2024-12-25T14:49:09.940+0000] {logging_mixin.py:188} INFO - [2024-12-25T14:49:09.939+0000] {dag.py:3047} INFO - Sync 1 DAGs
[2024-12-25T14:49:10.071+0000] {logging_mixin.py:188} INFO - [2024-12-25T14:49:10.070+0000] {dag.py:3834} INFO - Setting next_dagrun for latest_only to 2024-12-25 08:00:00+00:00, run_after=2024-12-25 12:00:00+00:00
[2024-12-25T14:49:10.260+0000] {processor.py:183} INFO - Processing /home/airflow/.local/lib/python3.10/site-packages/airflow/example_dags/example_latest_only.py took 0.430 seconds
[2024-12-25T14:49:40.527+0000] {processor.py:161} INFO - Started process (PID=10633) to work on /home/airflow/.local/lib/python3.10/site-packages/airflow/example_dags/example_latest_only.py
[2024-12-25T14:49:40.535+0000] {processor.py:830} INFO - Processing file /home/airflow/.local/lib/python3.10/site-packages/airflow/example_dags/example_latest_only.py for tasks to queue
[2024-12-25T14:49:40.536+0000] {logging_mixin.py:188} INFO - [2024-12-25T14:49:40.536+0000] {dagbag.py:540} INFO - Filling up the DagBag from /home/airflow/.local/lib/python3.10/site-packages/airflow/example_dags/example_latest_only.py
[2024-12-25T14:49:40.558+0000] {processor.py:840} INFO - DAG(s) 'latest_only' retrieved from /home/airflow/.local/lib/python3.10/site-packages/airflow/example_dags/example_latest_only.py
[2024-12-25T14:49:40.638+0000] {logging_mixin.py:188} INFO - [2024-12-25T14:49:40.638+0000] {dag.py:3047} INFO - Sync 1 DAGs
[2024-12-25T14:49:40.736+0000] {logging_mixin.py:188} INFO - [2024-12-25T14:49:40.735+0000] {dag.py:3834} INFO - Setting next_dagrun for latest_only to 2024-12-25 08:00:00+00:00, run_after=2024-12-25 12:00:00+00:00
[2024-12-25T14:49:40.836+0000] {processor.py:183} INFO - Processing /home/airflow/.local/lib/python3.10/site-packages/airflow/example_dags/example_latest_only.py took 0.328 seconds
[2024-12-25T14:50:11.500+0000] {processor.py:161} INFO - Started process (PID=10696) to work on /home/airflow/.local/lib/python3.10/site-packages/airflow/example_dags/example_latest_only.py
[2024-12-25T14:50:11.508+0000] {processor.py:830} INFO - Processing file /home/airflow/.local/lib/python3.10/site-packages/airflow/example_dags/example_latest_only.py for tasks to queue
[2024-12-25T14:50:11.510+0000] {logging_mixin.py:188} INFO - [2024-12-25T14:50:11.509+0000] {dagbag.py:540} INFO - Filling up the DagBag from /home/airflow/.local/lib/python3.10/site-packages/airflow/example_dags/example_latest_only.py
[2024-12-25T14:50:11.530+0000] {processor.py:840} INFO - DAG(s) 'latest_only' retrieved from /home/airflow/.local/lib/python3.10/site-packages/airflow/example_dags/example_latest_only.py
[2024-12-25T14:50:11.611+0000] {logging_mixin.py:188} INFO - [2024-12-25T14:50:11.611+0000] {dag.py:3047} INFO - Sync 1 DAGs
[2024-12-25T14:50:11.711+0000] {logging_mixin.py:188} INFO - [2024-12-25T14:50:11.711+0000] {dag.py:3834} INFO - Setting next_dagrun for latest_only to 2024-12-25 08:00:00+00:00, run_after=2024-12-25 12:00:00+00:00
[2024-12-25T14:50:11.788+0000] {processor.py:183} INFO - Processing /home/airflow/.local/lib/python3.10/site-packages/airflow/example_dags/example_latest_only.py took 0.298 seconds
[2024-12-25T14:50:42.626+0000] {processor.py:161} INFO - Started process (PID=10752) to work on /home/airflow/.local/lib/python3.10/site-packages/airflow/example_dags/example_latest_only.py
[2024-12-25T14:50:42.628+0000] {processor.py:830} INFO - Processing file /home/airflow/.local/lib/python3.10/site-packages/airflow/example_dags/example_latest_only.py for tasks to queue
[2024-12-25T14:50:42.629+0000] {logging_mixin.py:188} INFO - [2024-12-25T14:50:42.629+0000] {dagbag.py:540} INFO - Filling up the DagBag from /home/airflow/.local/lib/python3.10/site-packages/airflow/example_dags/example_latest_only.py
[2024-12-25T14:50:42.660+0000] {processor.py:840} INFO - DAG(s) 'latest_only' retrieved from /home/airflow/.local/lib/python3.10/site-packages/airflow/example_dags/example_latest_only.py
[2024-12-25T14:50:42.768+0000] {logging_mixin.py:188} INFO - [2024-12-25T14:50:42.768+0000] {dag.py:3047} INFO - Sync 1 DAGs
[2024-12-25T14:50:42.908+0000] {logging_mixin.py:188} INFO - [2024-12-25T14:50:42.907+0000] {dag.py:3834} INFO - Setting next_dagrun for latest_only to 2024-12-25 08:00:00+00:00, run_after=2024-12-25 12:00:00+00:00
[2024-12-25T14:50:43.008+0000] {processor.py:183} INFO - Processing /home/airflow/.local/lib/python3.10/site-packages/airflow/example_dags/example_latest_only.py took 0.400 seconds
[2024-12-25T14:51:13.818+0000] {processor.py:161} INFO - Started process (PID=10808) to work on /home/airflow/.local/lib/python3.10/site-packages/airflow/example_dags/example_latest_only.py
[2024-12-25T14:51:13.825+0000] {processor.py:830} INFO - Processing file /home/airflow/.local/lib/python3.10/site-packages/airflow/example_dags/example_latest_only.py for tasks to queue
[2024-12-25T14:51:13.827+0000] {logging_mixin.py:188} INFO - [2024-12-25T14:51:13.826+0000] {dagbag.py:540} INFO - Filling up the DagBag from /home/airflow/.local/lib/python3.10/site-packages/airflow/example_dags/example_latest_only.py
[2024-12-25T14:51:13.848+0000] {processor.py:840} INFO - DAG(s) 'latest_only' retrieved from /home/airflow/.local/lib/python3.10/site-packages/airflow/example_dags/example_latest_only.py
[2024-12-25T14:51:13.925+0000] {logging_mixin.py:188} INFO - [2024-12-25T14:51:13.919+0000] {dag.py:3047} INFO - Sync 1 DAGs
[2024-12-25T14:51:14.006+0000] {logging_mixin.py:188} INFO - [2024-12-25T14:51:14.006+0000] {dag.py:3834} INFO - Setting next_dagrun for latest_only to 2024-12-25 08:00:00+00:00, run_after=2024-12-25 12:00:00+00:00
[2024-12-25T14:51:14.109+0000] {processor.py:183} INFO - Processing /home/airflow/.local/lib/python3.10/site-packages/airflow/example_dags/example_latest_only.py took 0.302 seconds
[2024-12-25T14:51:44.736+0000] {processor.py:161} INFO - Started process (PID=10864) to work on /home/airflow/.local/lib/python3.10/site-packages/airflow/example_dags/example_latest_only.py
[2024-12-25T14:51:44.738+0000] {processor.py:830} INFO - Processing file /home/airflow/.local/lib/python3.10/site-packages/airflow/example_dags/example_latest_only.py for tasks to queue
[2024-12-25T14:51:44.739+0000] {logging_mixin.py:188} INFO - [2024-12-25T14:51:44.739+0000] {dagbag.py:540} INFO - Filling up the DagBag from /home/airflow/.local/lib/python3.10/site-packages/airflow/example_dags/example_latest_only.py
[2024-12-25T14:51:44.759+0000] {processor.py:840} INFO - DAG(s) 'latest_only' retrieved from /home/airflow/.local/lib/python3.10/site-packages/airflow/example_dags/example_latest_only.py
[2024-12-25T14:51:44.849+0000] {logging_mixin.py:188} INFO - [2024-12-25T14:51:44.849+0000] {dag.py:3047} INFO - Sync 1 DAGs
[2024-12-25T14:51:44.948+0000] {logging_mixin.py:188} INFO - [2024-12-25T14:51:44.948+0000] {dag.py:3834} INFO - Setting next_dagrun for latest_only to 2024-12-25 08:00:00+00:00, run_after=2024-12-25 12:00:00+00:00
[2024-12-25T14:51:45.069+0000] {processor.py:183} INFO - Processing /home/airflow/.local/lib/python3.10/site-packages/airflow/example_dags/example_latest_only.py took 0.350 seconds
[2024-12-25T14:52:15.489+0000] {processor.py:161} INFO - Started process (PID=10919) to work on /home/airflow/.local/lib/python3.10/site-packages/airflow/example_dags/example_latest_only.py
[2024-12-25T14:52:15.491+0000] {processor.py:830} INFO - Processing file /home/airflow/.local/lib/python3.10/site-packages/airflow/example_dags/example_latest_only.py for tasks to queue
[2024-12-25T14:52:15.501+0000] {logging_mixin.py:188} INFO - [2024-12-25T14:52:15.501+0000] {dagbag.py:540} INFO - Filling up the DagBag from /home/airflow/.local/lib/python3.10/site-packages/airflow/example_dags/example_latest_only.py
[2024-12-25T14:52:15.560+0000] {processor.py:840} INFO - DAG(s) 'latest_only' retrieved from /home/airflow/.local/lib/python3.10/site-packages/airflow/example_dags/example_latest_only.py
[2024-12-25T14:52:15.708+0000] {logging_mixin.py:188} INFO - [2024-12-25T14:52:15.701+0000] {dag.py:3047} INFO - Sync 1 DAGs
[2024-12-25T14:52:15.848+0000] {logging_mixin.py:188} INFO - [2024-12-25T14:52:15.841+0000] {dag.py:3834} INFO - Setting next_dagrun for latest_only to 2024-12-25 08:00:00+00:00, run_after=2024-12-25 12:00:00+00:00
[2024-12-25T14:52:16.020+0000] {processor.py:183} INFO - Processing /home/airflow/.local/lib/python3.10/site-packages/airflow/example_dags/example_latest_only.py took 0.541 seconds
[2024-12-25T14:52:46.671+0000] {processor.py:161} INFO - Started process (PID=10975) to work on /home/airflow/.local/lib/python3.10/site-packages/airflow/example_dags/example_latest_only.py
[2024-12-25T14:52:46.674+0000] {processor.py:830} INFO - Processing file /home/airflow/.local/lib/python3.10/site-packages/airflow/example_dags/example_latest_only.py for tasks to queue
[2024-12-25T14:52:46.681+0000] {logging_mixin.py:188} INFO - [2024-12-25T14:52:46.681+0000] {dagbag.py:540} INFO - Filling up the DagBag from /home/airflow/.local/lib/python3.10/site-packages/airflow/example_dags/example_latest_only.py
[2024-12-25T14:52:46.702+0000] {processor.py:840} INFO - DAG(s) 'latest_only' retrieved from /home/airflow/.local/lib/python3.10/site-packages/airflow/example_dags/example_latest_only.py
[2024-12-25T14:52:46.801+0000] {logging_mixin.py:188} INFO - [2024-12-25T14:52:46.801+0000] {dag.py:3047} INFO - Sync 1 DAGs
[2024-12-25T14:52:46.903+0000] {logging_mixin.py:188} INFO - [2024-12-25T14:52:46.902+0000] {dag.py:3834} INFO - Setting next_dagrun for latest_only to 2024-12-25 08:00:00+00:00, run_after=2024-12-25 12:00:00+00:00
[2024-12-25T14:52:47.001+0000] {processor.py:183} INFO - Processing /home/airflow/.local/lib/python3.10/site-packages/airflow/example_dags/example_latest_only.py took 0.341 seconds
[2024-12-25T14:53:17.357+0000] {processor.py:161} INFO - Started process (PID=11030) to work on /home/airflow/.local/lib/python3.10/site-packages/airflow/example_dags/example_latest_only.py
[2024-12-25T14:53:17.359+0000] {processor.py:830} INFO - Processing file /home/airflow/.local/lib/python3.10/site-packages/airflow/example_dags/example_latest_only.py for tasks to queue
[2024-12-25T14:53:17.376+0000] {logging_mixin.py:188} INFO - [2024-12-25T14:53:17.376+0000] {dagbag.py:540} INFO - Filling up the DagBag from /home/airflow/.local/lib/python3.10/site-packages/airflow/example_dags/example_latest_only.py
[2024-12-25T14:53:17.406+0000] {processor.py:840} INFO - DAG(s) 'latest_only' retrieved from /home/airflow/.local/lib/python3.10/site-packages/airflow/example_dags/example_latest_only.py
[2024-12-25T14:53:17.508+0000] {logging_mixin.py:188} INFO - [2024-12-25T14:53:17.507+0000] {dag.py:3047} INFO - Sync 1 DAGs
[2024-12-25T14:53:17.615+0000] {logging_mixin.py:188} INFO - [2024-12-25T14:53:17.609+0000] {dag.py:3834} INFO - Setting next_dagrun for latest_only to 2024-12-25 08:00:00+00:00, run_after=2024-12-25 12:00:00+00:00
[2024-12-25T14:53:17.746+0000] {processor.py:183} INFO - Processing /home/airflow/.local/lib/python3.10/site-packages/airflow/example_dags/example_latest_only.py took 0.408 seconds
[2024-12-25T14:53:49.248+0000] {processor.py:161} INFO - Started process (PID=11086) to work on /home/airflow/.local/lib/python3.10/site-packages/airflow/example_dags/example_latest_only.py
[2024-12-25T14:53:49.257+0000] {processor.py:830} INFO - Processing file /home/airflow/.local/lib/python3.10/site-packages/airflow/example_dags/example_latest_only.py for tasks to queue
[2024-12-25T14:53:49.267+0000] {logging_mixin.py:188} INFO - [2024-12-25T14:53:49.266+0000] {dagbag.py:540} INFO - Filling up the DagBag from /home/airflow/.local/lib/python3.10/site-packages/airflow/example_dags/example_latest_only.py
[2024-12-25T14:53:49.336+0000] {processor.py:840} INFO - DAG(s) 'latest_only' retrieved from /home/airflow/.local/lib/python3.10/site-packages/airflow/example_dags/example_latest_only.py
[2024-12-25T14:53:49.516+0000] {logging_mixin.py:188} INFO - [2024-12-25T14:53:49.515+0000] {dag.py:3047} INFO - Sync 1 DAGs
[2024-12-25T14:53:49.677+0000] {logging_mixin.py:188} INFO - [2024-12-25T14:53:49.676+0000] {dag.py:3834} INFO - Setting next_dagrun for latest_only to 2024-12-25 08:00:00+00:00, run_after=2024-12-25 12:00:00+00:00
[2024-12-25T14:53:49.858+0000] {processor.py:183} INFO - Processing /home/airflow/.local/lib/python3.10/site-packages/airflow/example_dags/example_latest_only.py took 0.642 seconds
[2024-12-25T14:54:20.206+0000] {processor.py:161} INFO - Started process (PID=11141) to work on /home/airflow/.local/lib/python3.10/site-packages/airflow/example_dags/example_latest_only.py
[2024-12-25T14:54:20.207+0000] {processor.py:830} INFO - Processing file /home/airflow/.local/lib/python3.10/site-packages/airflow/example_dags/example_latest_only.py for tasks to queue
[2024-12-25T14:54:20.215+0000] {logging_mixin.py:188} INFO - [2024-12-25T14:54:20.215+0000] {dagbag.py:540} INFO - Filling up the DagBag from /home/airflow/.local/lib/python3.10/site-packages/airflow/example_dags/example_latest_only.py
[2024-12-25T14:54:20.235+0000] {processor.py:840} INFO - DAG(s) 'latest_only' retrieved from /home/airflow/.local/lib/python3.10/site-packages/airflow/example_dags/example_latest_only.py
[2024-12-25T14:54:20.327+0000] {logging_mixin.py:188} INFO - [2024-12-25T14:54:20.327+0000] {dag.py:3047} INFO - Sync 1 DAGs
[2024-12-25T14:54:20.446+0000] {logging_mixin.py:188} INFO - [2024-12-25T14:54:20.446+0000] {dag.py:3834} INFO - Setting next_dagrun for latest_only to 2024-12-25 08:00:00+00:00, run_after=2024-12-25 12:00:00+00:00
[2024-12-25T14:54:20.556+0000] {processor.py:183} INFO - Processing /home/airflow/.local/lib/python3.10/site-packages/airflow/example_dags/example_latest_only.py took 0.368 seconds
[2024-12-25T14:54:50.809+0000] {processor.py:161} INFO - Started process (PID=11195) to work on /home/airflow/.local/lib/python3.10/site-packages/airflow/example_dags/example_latest_only.py
[2024-12-25T14:54:50.811+0000] {processor.py:830} INFO - Processing file /home/airflow/.local/lib/python3.10/site-packages/airflow/example_dags/example_latest_only.py for tasks to queue
[2024-12-25T14:54:50.828+0000] {logging_mixin.py:188} INFO - [2024-12-25T14:54:50.821+0000] {dagbag.py:540} INFO - Filling up the DagBag from /home/airflow/.local/lib/python3.10/site-packages/airflow/example_dags/example_latest_only.py
[2024-12-25T14:54:50.849+0000] {processor.py:840} INFO - DAG(s) 'latest_only' retrieved from /home/airflow/.local/lib/python3.10/site-packages/airflow/example_dags/example_latest_only.py
[2024-12-25T14:54:50.959+0000] {logging_mixin.py:188} INFO - [2024-12-25T14:54:50.959+0000] {dag.py:3047} INFO - Sync 1 DAGs
[2024-12-25T14:54:51.068+0000] {logging_mixin.py:188} INFO - [2024-12-25T14:54:51.068+0000] {dag.py:3834} INFO - Setting next_dagrun for latest_only to 2024-12-25 08:00:00+00:00, run_after=2024-12-25 12:00:00+00:00
[2024-12-25T14:54:51.211+0000] {processor.py:183} INFO - Processing /home/airflow/.local/lib/python3.10/site-packages/airflow/example_dags/example_latest_only.py took 0.420 seconds
[2024-12-25T14:55:21.377+0000] {processor.py:161} INFO - Started process (PID=11250) to work on /home/airflow/.local/lib/python3.10/site-packages/airflow/example_dags/example_latest_only.py
[2024-12-25T14:55:21.386+0000] {processor.py:830} INFO - Processing file /home/airflow/.local/lib/python3.10/site-packages/airflow/example_dags/example_latest_only.py for tasks to queue
[2024-12-25T14:55:21.394+0000] {logging_mixin.py:188} INFO - [2024-12-25T14:55:21.387+0000] {dagbag.py:540} INFO - Filling up the DagBag from /home/airflow/.local/lib/python3.10/site-packages/airflow/example_dags/example_latest_only.py
[2024-12-25T14:55:21.434+0000] {processor.py:840} INFO - DAG(s) 'latest_only' retrieved from /home/airflow/.local/lib/python3.10/site-packages/airflow/example_dags/example_latest_only.py
[2024-12-25T14:55:21.537+0000] {logging_mixin.py:188} INFO - [2024-12-25T14:55:21.537+0000] {dag.py:3047} INFO - Sync 1 DAGs
[2024-12-25T14:55:21.689+0000] {logging_mixin.py:188} INFO - [2024-12-25T14:55:21.689+0000] {dag.py:3834} INFO - Setting next_dagrun for latest_only to 2024-12-25 08:00:00+00:00, run_after=2024-12-25 12:00:00+00:00
[2024-12-25T14:55:21.829+0000] {processor.py:183} INFO - Processing /home/airflow/.local/lib/python3.10/site-packages/airflow/example_dags/example_latest_only.py took 0.460 seconds
[2024-12-25T14:55:52.367+0000] {processor.py:161} INFO - Started process (PID=11305) to work on /home/airflow/.local/lib/python3.10/site-packages/airflow/example_dags/example_latest_only.py
[2024-12-25T14:55:52.375+0000] {processor.py:830} INFO - Processing file /home/airflow/.local/lib/python3.10/site-packages/airflow/example_dags/example_latest_only.py for tasks to queue
[2024-12-25T14:55:52.377+0000] {logging_mixin.py:188} INFO - [2024-12-25T14:55:52.376+0000] {dagbag.py:540} INFO - Filling up the DagBag from /home/airflow/.local/lib/python3.10/site-packages/airflow/example_dags/example_latest_only.py
[2024-12-25T14:55:52.407+0000] {processor.py:840} INFO - DAG(s) 'latest_only' retrieved from /home/airflow/.local/lib/python3.10/site-packages/airflow/example_dags/example_latest_only.py
[2024-12-25T14:55:52.526+0000] {logging_mixin.py:188} INFO - [2024-12-25T14:55:52.526+0000] {dag.py:3047} INFO - Sync 1 DAGs
[2024-12-25T14:55:52.636+0000] {logging_mixin.py:188} INFO - [2024-12-25T14:55:52.636+0000] {dag.py:3834} INFO - Setting next_dagrun for latest_only to 2024-12-25 08:00:00+00:00, run_after=2024-12-25 12:00:00+00:00
[2024-12-25T14:55:52.746+0000] {processor.py:183} INFO - Processing /home/airflow/.local/lib/python3.10/site-packages/airflow/example_dags/example_latest_only.py took 0.411 seconds
[2024-12-25T14:56:23.079+0000] {processor.py:161} INFO - Started process (PID=11361) to work on /home/airflow/.local/lib/python3.10/site-packages/airflow/example_dags/example_latest_only.py
[2024-12-25T14:56:23.081+0000] {processor.py:830} INFO - Processing file /home/airflow/.local/lib/python3.10/site-packages/airflow/example_dags/example_latest_only.py for tasks to queue
[2024-12-25T14:56:23.099+0000] {logging_mixin.py:188} INFO - [2024-12-25T14:56:23.098+0000] {dagbag.py:540} INFO - Filling up the DagBag from /home/airflow/.local/lib/python3.10/site-packages/airflow/example_dags/example_latest_only.py
[2024-12-25T14:56:23.121+0000] {processor.py:840} INFO - DAG(s) 'latest_only' retrieved from /home/airflow/.local/lib/python3.10/site-packages/airflow/example_dags/example_latest_only.py
[2024-12-25T14:56:23.261+0000] {logging_mixin.py:188} INFO - [2024-12-25T14:56:23.260+0000] {dag.py:3047} INFO - Sync 1 DAGs
[2024-12-25T14:56:23.359+0000] {logging_mixin.py:188} INFO - [2024-12-25T14:56:23.358+0000] {dag.py:3834} INFO - Setting next_dagrun for latest_only to 2024-12-25 08:00:00+00:00, run_after=2024-12-25 12:00:00+00:00
[2024-12-25T14:56:23.469+0000] {processor.py:183} INFO - Processing /home/airflow/.local/lib/python3.10/site-packages/airflow/example_dags/example_latest_only.py took 0.409 seconds
[2024-12-25T14:56:53.768+0000] {processor.py:161} INFO - Started process (PID=11416) to work on /home/airflow/.local/lib/python3.10/site-packages/airflow/example_dags/example_latest_only.py
[2024-12-25T14:56:53.770+0000] {processor.py:830} INFO - Processing file /home/airflow/.local/lib/python3.10/site-packages/airflow/example_dags/example_latest_only.py for tasks to queue
[2024-12-25T14:56:53.778+0000] {logging_mixin.py:188} INFO - [2024-12-25T14:56:53.778+0000] {dagbag.py:540} INFO - Filling up the DagBag from /home/airflow/.local/lib/python3.10/site-packages/airflow/example_dags/example_latest_only.py
[2024-12-25T14:56:53.830+0000] {processor.py:840} INFO - DAG(s) 'latest_only' retrieved from /home/airflow/.local/lib/python3.10/site-packages/airflow/example_dags/example_latest_only.py
[2024-12-25T14:56:53.960+0000] {logging_mixin.py:188} INFO - [2024-12-25T14:56:53.960+0000] {dag.py:3047} INFO - Sync 1 DAGs
[2024-12-25T14:56:54.120+0000] {logging_mixin.py:188} INFO - [2024-12-25T14:56:54.120+0000] {dag.py:3834} INFO - Setting next_dagrun for latest_only to 2024-12-25 08:00:00+00:00, run_after=2024-12-25 12:00:00+00:00
[2024-12-25T14:56:54.290+0000] {processor.py:183} INFO - Processing /home/airflow/.local/lib/python3.10/site-packages/airflow/example_dags/example_latest_only.py took 0.550 seconds
[2024-12-25T14:57:24.826+0000] {processor.py:161} INFO - Started process (PID=11472) to work on /home/airflow/.local/lib/python3.10/site-packages/airflow/example_dags/example_latest_only.py
[2024-12-25T14:57:24.834+0000] {processor.py:830} INFO - Processing file /home/airflow/.local/lib/python3.10/site-packages/airflow/example_dags/example_latest_only.py for tasks to queue
[2024-12-25T14:57:24.843+0000] {logging_mixin.py:188} INFO - [2024-12-25T14:57:24.836+0000] {dagbag.py:540} INFO - Filling up the DagBag from /home/airflow/.local/lib/python3.10/site-packages/airflow/example_dags/example_latest_only.py
[2024-12-25T14:57:24.875+0000] {processor.py:840} INFO - DAG(s) 'latest_only' retrieved from /home/airflow/.local/lib/python3.10/site-packages/airflow/example_dags/example_latest_only.py
[2024-12-25T14:57:24.984+0000] {logging_mixin.py:188} INFO - [2024-12-25T14:57:24.984+0000] {dag.py:3047} INFO - Sync 1 DAGs
[2024-12-25T14:57:25.114+0000] {logging_mixin.py:188} INFO - [2024-12-25T14:57:25.113+0000] {dag.py:3834} INFO - Setting next_dagrun for latest_only to 2024-12-25 08:00:00+00:00, run_after=2024-12-25 12:00:00+00:00
[2024-12-25T14:57:25.235+0000] {processor.py:183} INFO - Processing /home/airflow/.local/lib/python3.10/site-packages/airflow/example_dags/example_latest_only.py took 0.439 seconds
[2024-12-25T14:57:55.809+0000] {processor.py:161} INFO - Started process (PID=11528) to work on /home/airflow/.local/lib/python3.10/site-packages/airflow/example_dags/example_latest_only.py
[2024-12-25T14:57:55.819+0000] {processor.py:830} INFO - Processing file /home/airflow/.local/lib/python3.10/site-packages/airflow/example_dags/example_latest_only.py for tasks to queue
[2024-12-25T14:57:55.821+0000] {logging_mixin.py:188} INFO - [2024-12-25T14:57:55.820+0000] {dagbag.py:540} INFO - Filling up the DagBag from /home/airflow/.local/lib/python3.10/site-packages/airflow/example_dags/example_latest_only.py
[2024-12-25T14:57:55.879+0000] {processor.py:840} INFO - DAG(s) 'latest_only' retrieved from /home/airflow/.local/lib/python3.10/site-packages/airflow/example_dags/example_latest_only.py
[2024-12-25T14:57:56.020+0000] {logging_mixin.py:188} INFO - [2024-12-25T14:57:56.020+0000] {dag.py:3047} INFO - Sync 1 DAGs
[2024-12-25T14:57:56.160+0000] {logging_mixin.py:188} INFO - [2024-12-25T14:57:56.160+0000] {dag.py:3834} INFO - Setting next_dagrun for latest_only to 2024-12-25 08:00:00+00:00, run_after=2024-12-25 12:00:00+00:00
[2024-12-25T14:57:56.298+0000] {processor.py:183} INFO - Processing /home/airflow/.local/lib/python3.10/site-packages/airflow/example_dags/example_latest_only.py took 0.518 seconds
[2024-12-25T14:58:26.621+0000] {processor.py:161} INFO - Started process (PID=11584) to work on /home/airflow/.local/lib/python3.10/site-packages/airflow/example_dags/example_latest_only.py
[2024-12-25T14:58:26.631+0000] {processor.py:830} INFO - Processing file /home/airflow/.local/lib/python3.10/site-packages/airflow/example_dags/example_latest_only.py for tasks to queue
[2024-12-25T14:58:26.640+0000] {logging_mixin.py:188} INFO - [2024-12-25T14:58:26.640+0000] {dagbag.py:540} INFO - Filling up the DagBag from /home/airflow/.local/lib/python3.10/site-packages/airflow/example_dags/example_latest_only.py
[2024-12-25T14:58:26.700+0000] {processor.py:840} INFO - DAG(s) 'latest_only' retrieved from /home/airflow/.local/lib/python3.10/site-packages/airflow/example_dags/example_latest_only.py
[2024-12-25T14:58:26.831+0000] {logging_mixin.py:188} INFO - [2024-12-25T14:58:26.830+0000] {dag.py:3047} INFO - Sync 1 DAGs
[2024-12-25T14:58:27.001+0000] {logging_mixin.py:188} INFO - [2024-12-25T14:58:27.000+0000] {dag.py:3834} INFO - Setting next_dagrun for latest_only to 2024-12-25 08:00:00+00:00, run_after=2024-12-25 12:00:00+00:00
[2024-12-25T14:58:27.161+0000] {processor.py:183} INFO - Processing /home/airflow/.local/lib/python3.10/site-packages/airflow/example_dags/example_latest_only.py took 0.562 seconds
[2024-12-25T14:58:57.724+0000] {processor.py:161} INFO - Started process (PID=11640) to work on /home/airflow/.local/lib/python3.10/site-packages/airflow/example_dags/example_latest_only.py
[2024-12-25T14:58:57.743+0000] {processor.py:830} INFO - Processing file /home/airflow/.local/lib/python3.10/site-packages/airflow/example_dags/example_latest_only.py for tasks to queue
[2024-12-25T14:58:57.752+0000] {logging_mixin.py:188} INFO - [2024-12-25T14:58:57.752+0000] {dagbag.py:540} INFO - Filling up the DagBag from /home/airflow/.local/lib/python3.10/site-packages/airflow/example_dags/example_latest_only.py
[2024-12-25T14:58:57.793+0000] {processor.py:840} INFO - DAG(s) 'latest_only' retrieved from /home/airflow/.local/lib/python3.10/site-packages/airflow/example_dags/example_latest_only.py
[2024-12-25T14:58:57.931+0000] {logging_mixin.py:188} INFO - [2024-12-25T14:58:57.923+0000] {dag.py:3047} INFO - Sync 1 DAGs
[2024-12-25T14:58:58.091+0000] {logging_mixin.py:188} INFO - [2024-12-25T14:58:58.083+0000] {dag.py:3834} INFO - Setting next_dagrun for latest_only to 2024-12-25 08:00:00+00:00, run_after=2024-12-25 12:00:00+00:00
[2024-12-25T14:58:58.272+0000] {processor.py:183} INFO - Processing /home/airflow/.local/lib/python3.10/site-packages/airflow/example_dags/example_latest_only.py took 0.569 seconds
[2024-12-25T14:59:34.535+0000] {processor.py:161} INFO - Started process (PID=11695) to work on /home/airflow/.local/lib/python3.10/site-packages/airflow/example_dags/example_latest_only.py
[2024-12-25T14:59:34.537+0000] {processor.py:830} INFO - Processing file /home/airflow/.local/lib/python3.10/site-packages/airflow/example_dags/example_latest_only.py for tasks to queue
[2024-12-25T14:59:34.556+0000] {logging_mixin.py:188} INFO - [2024-12-25T14:59:34.556+0000] {dagbag.py:540} INFO - Filling up the DagBag from /home/airflow/.local/lib/python3.10/site-packages/airflow/example_dags/example_latest_only.py
[2024-12-25T14:59:34.615+0000] {processor.py:840} INFO - DAG(s) 'latest_only' retrieved from /home/airflow/.local/lib/python3.10/site-packages/airflow/example_dags/example_latest_only.py
[2024-12-25T14:59:34.785+0000] {logging_mixin.py:188} INFO - [2024-12-25T14:59:34.785+0000] {dag.py:3047} INFO - Sync 1 DAGs
[2024-12-25T14:59:34.966+0000] {logging_mixin.py:188} INFO - [2024-12-25T14:59:34.966+0000] {dag.py:3834} INFO - Setting next_dagrun for latest_only to 2024-12-25 08:00:00+00:00, run_after=2024-12-25 12:00:00+00:00
[2024-12-25T14:59:35.187+0000] {processor.py:183} INFO - Processing /home/airflow/.local/lib/python3.10/site-packages/airflow/example_dags/example_latest_only.py took 0.690 seconds
[2024-12-25T15:00:15.108+0000] {processor.py:161} INFO - Started process (PID=11751) to work on /home/airflow/.local/lib/python3.10/site-packages/airflow/example_dags/example_latest_only.py
[2024-12-25T15:00:15.126+0000] {processor.py:830} INFO - Processing file /home/airflow/.local/lib/python3.10/site-packages/airflow/example_dags/example_latest_only.py for tasks to queue
[2024-12-25T15:00:15.138+0000] {logging_mixin.py:188} INFO - [2024-12-25T15:00:15.137+0000] {dagbag.py:540} INFO - Filling up the DagBag from /home/airflow/.local/lib/python3.10/site-packages/airflow/example_dags/example_latest_only.py
[2024-12-25T15:00:15.207+0000] {processor.py:840} INFO - DAG(s) 'latest_only' retrieved from /home/airflow/.local/lib/python3.10/site-packages/airflow/example_dags/example_latest_only.py
[2024-12-25T15:00:15.388+0000] {logging_mixin.py:188} INFO - [2024-12-25T15:00:15.387+0000] {dag.py:3047} INFO - Sync 1 DAGs
[2024-12-25T15:00:15.578+0000] {logging_mixin.py:188} INFO - [2024-12-25T15:00:15.577+0000] {dag.py:3834} INFO - Setting next_dagrun for latest_only to 2024-12-25 08:00:00+00:00, run_after=2024-12-25 12:00:00+00:00
[2024-12-25T15:00:15.827+0000] {processor.py:183} INFO - Processing /home/airflow/.local/lib/python3.10/site-packages/airflow/example_dags/example_latest_only.py took 0.749 seconds
[2024-12-25T15:01:07.827+0000] {processor.py:161} INFO - Started process (PID=11816) to work on /home/airflow/.local/lib/python3.10/site-packages/airflow/example_dags/example_latest_only.py
[2024-12-25T15:01:07.885+0000] {processor.py:830} INFO - Processing file /home/airflow/.local/lib/python3.10/site-packages/airflow/example_dags/example_latest_only.py for tasks to queue
[2024-12-25T15:01:07.955+0000] {logging_mixin.py:188} INFO - [2024-12-25T15:01:07.926+0000] {dagbag.py:540} INFO - Filling up the DagBag from /home/airflow/.local/lib/python3.10/site-packages/airflow/example_dags/example_latest_only.py
[2024-12-25T15:01:08.066+0000] {processor.py:840} INFO - DAG(s) 'latest_only' retrieved from /home/airflow/.local/lib/python3.10/site-packages/airflow/example_dags/example_latest_only.py
[2024-12-25T15:01:08.507+0000] {logging_mixin.py:188} INFO - [2024-12-25T15:01:08.506+0000] {dag.py:3047} INFO - Sync 1 DAGs
[2024-12-25T15:01:09.057+0000] {logging_mixin.py:188} INFO - [2024-12-25T15:01:09.056+0000] {dag.py:3834} INFO - Setting next_dagrun for latest_only to 2024-12-25 08:00:00+00:00, run_after=2024-12-25 12:00:00+00:00
[2024-12-25T15:01:09.507+0000] {processor.py:183} INFO - Processing /home/airflow/.local/lib/python3.10/site-packages/airflow/example_dags/example_latest_only.py took 1.732 seconds
[2024-12-25T15:03:01.277+0000] {processor.py:161} INFO - Started process (PID=11888) to work on /home/airflow/.local/lib/python3.10/site-packages/airflow/example_dags/example_latest_only.py
[2024-12-25T15:03:01.288+0000] {processor.py:830} INFO - Processing file /home/airflow/.local/lib/python3.10/site-packages/airflow/example_dags/example_latest_only.py for tasks to queue
[2024-12-25T15:03:01.307+0000] {logging_mixin.py:188} INFO - [2024-12-25T15:03:01.298+0000] {dagbag.py:540} INFO - Filling up the DagBag from /home/airflow/.local/lib/python3.10/site-packages/airflow/example_dags/example_latest_only.py
[2024-12-25T15:03:01.467+0000] {processor.py:840} INFO - DAG(s) 'latest_only' retrieved from /home/airflow/.local/lib/python3.10/site-packages/airflow/example_dags/example_latest_only.py
[2024-12-25T15:03:01.957+0000] {logging_mixin.py:188} INFO - [2024-12-25T15:03:01.947+0000] {dag.py:3047} INFO - Sync 1 DAGs
[2024-12-25T15:03:02.317+0000] {logging_mixin.py:188} INFO - [2024-12-25T15:03:02.317+0000] {dag.py:3834} INFO - Setting next_dagrun for latest_only to 2024-12-25 08:00:00+00:00, run_after=2024-12-25 12:00:00+00:00
[2024-12-25T15:03:03.006+0000] {processor.py:183} INFO - Processing /home/airflow/.local/lib/python3.10/site-packages/airflow/example_dags/example_latest_only.py took 1.798 seconds
[2024-12-25T15:04:21.372+0000] {processor.py:161} INFO - Started process (PID=11962) to work on /home/airflow/.local/lib/python3.10/site-packages/airflow/example_dags/example_latest_only.py
[2024-12-25T15:04:21.392+0000] {processor.py:830} INFO - Processing file /home/airflow/.local/lib/python3.10/site-packages/airflow/example_dags/example_latest_only.py for tasks to queue
[2024-12-25T15:04:21.433+0000] {logging_mixin.py:188} INFO - [2024-12-25T15:04:21.422+0000] {dagbag.py:540} INFO - Filling up the DagBag from /home/airflow/.local/lib/python3.10/site-packages/airflow/example_dags/example_latest_only.py
[2024-12-25T15:04:21.532+0000] {processor.py:840} INFO - DAG(s) 'latest_only' retrieved from /home/airflow/.local/lib/python3.10/site-packages/airflow/example_dags/example_latest_only.py
[2024-12-25T15:04:21.943+0000] {logging_mixin.py:188} INFO - [2024-12-25T15:04:21.942+0000] {dag.py:3047} INFO - Sync 1 DAGs
[2024-12-25T15:04:22.331+0000] {logging_mixin.py:188} INFO - [2024-12-25T15:04:22.331+0000] {dag.py:3834} INFO - Setting next_dagrun for latest_only to 2024-12-25 08:00:00+00:00, run_after=2024-12-25 12:00:00+00:00
[2024-12-25T15:04:22.802+0000] {processor.py:183} INFO - Processing /home/airflow/.local/lib/python3.10/site-packages/airflow/example_dags/example_latest_only.py took 1.490 seconds
[2024-12-25T15:06:06.591+0000] {processor.py:161} INFO - Started process (PID=12036) to work on /home/airflow/.local/lib/python3.10/site-packages/airflow/example_dags/example_latest_only.py
[2024-12-25T15:06:06.631+0000] {processor.py:830} INFO - Processing file /home/airflow/.local/lib/python3.10/site-packages/airflow/example_dags/example_latest_only.py for tasks to queue
[2024-12-25T15:06:06.651+0000] {logging_mixin.py:188} INFO - [2024-12-25T15:06:06.641+0000] {dagbag.py:540} INFO - Filling up the DagBag from /home/airflow/.local/lib/python3.10/site-packages/airflow/example_dags/example_latest_only.py
[2024-12-25T15:06:06.881+0000] {processor.py:840} INFO - DAG(s) 'latest_only' retrieved from /home/airflow/.local/lib/python3.10/site-packages/airflow/example_dags/example_latest_only.py
[2024-12-25T15:06:07.512+0000] {logging_mixin.py:188} INFO - [2024-12-25T15:06:07.511+0000] {dag.py:3047} INFO - Sync 1 DAGs
[2024-12-25T15:06:08.642+0000] {logging_mixin.py:188} INFO - [2024-12-25T15:06:08.611+0000] {dag.py:3834} INFO - Setting next_dagrun for latest_only to 2024-12-25 08:00:00+00:00, run_after=2024-12-25 12:00:00+00:00
[2024-12-25T15:06:10.031+0000] {processor.py:183} INFO - Processing /home/airflow/.local/lib/python3.10/site-packages/airflow/example_dags/example_latest_only.py took 3.539 seconds
