[2024-12-25T14:24:38.270+0000] {processor.py:161} INFO - Started process (PID=7913) to work on /home/airflow/.local/lib/python3.10/site-packages/airflow/example_dags/example_dag_decorator.py
[2024-12-25T14:24:38.277+0000] {processor.py:830} INFO - Processing file /home/airflow/.local/lib/python3.10/site-packages/airflow/example_dags/example_dag_decorator.py for tasks to queue
[2024-12-25T14:24:38.283+0000] {logging_mixin.py:188} INFO - [2024-12-25T14:24:38.283+0000] {dagbag.py:540} INFO - Filling up the DagBag from /home/airflow/.local/lib/python3.10/site-packages/airflow/example_dags/example_dag_decorator.py
[2024-12-25T14:24:39.833+0000] {processor.py:840} INFO - DAG(s) 'example_dag_decorator' retrieved from /home/airflow/.local/lib/python3.10/site-packages/airflow/example_dags/example_dag_decorator.py
[2024-12-25T14:24:44.416+0000] {logging_mixin.py:188} INFO - [2024-12-25T14:24:44.414+0000] {dag.py:3047} INFO - Sync 1 DAGs
[2024-12-25T14:24:44.450+0000] {logging_mixin.py:188} INFO - [2024-12-25T14:24:44.450+0000] {dag.py:3834} INFO - Setting next_dagrun for example_dag_decorator to None, run_after=None
[2024-12-25T14:24:44.525+0000] {processor.py:183} INFO - Processing /home/airflow/.local/lib/python3.10/site-packages/airflow/example_dags/example_dag_decorator.py took 6.265 seconds
[2024-12-25T14:25:15.358+0000] {processor.py:161} INFO - Started process (PID=7975) to work on /home/airflow/.local/lib/python3.10/site-packages/airflow/example_dags/example_dag_decorator.py
[2024-12-25T14:25:15.361+0000] {processor.py:830} INFO - Processing file /home/airflow/.local/lib/python3.10/site-packages/airflow/example_dags/example_dag_decorator.py for tasks to queue
[2024-12-25T14:25:15.362+0000] {logging_mixin.py:188} INFO - [2024-12-25T14:25:15.362+0000] {dagbag.py:540} INFO - Filling up the DagBag from /home/airflow/.local/lib/python3.10/site-packages/airflow/example_dags/example_dag_decorator.py
[2024-12-25T14:25:15.507+0000] {processor.py:840} INFO - DAG(s) 'example_dag_decorator' retrieved from /home/airflow/.local/lib/python3.10/site-packages/airflow/example_dags/example_dag_decorator.py
[2024-12-25T14:25:15.883+0000] {logging_mixin.py:188} INFO - [2024-12-25T14:25:15.883+0000] {dag.py:3047} INFO - Sync 1 DAGs
[2024-12-25T14:25:15.896+0000] {logging_mixin.py:188} INFO - [2024-12-25T14:25:15.895+0000] {dag.py:3834} INFO - Setting next_dagrun for example_dag_decorator to None, run_after=None
[2024-12-25T14:25:15.920+0000] {processor.py:183} INFO - Processing /home/airflow/.local/lib/python3.10/site-packages/airflow/example_dags/example_dag_decorator.py took 0.566 seconds
[2024-12-25T14:25:46.484+0000] {processor.py:161} INFO - Started process (PID=8031) to work on /home/airflow/.local/lib/python3.10/site-packages/airflow/example_dags/example_dag_decorator.py
[2024-12-25T14:25:46.561+0000] {processor.py:830} INFO - Processing file /home/airflow/.local/lib/python3.10/site-packages/airflow/example_dags/example_dag_decorator.py for tasks to queue
[2024-12-25T14:25:46.562+0000] {logging_mixin.py:188} INFO - [2024-12-25T14:25:46.562+0000] {dagbag.py:540} INFO - Filling up the DagBag from /home/airflow/.local/lib/python3.10/site-packages/airflow/example_dags/example_dag_decorator.py
[2024-12-25T14:25:47.600+0000] {processor.py:840} INFO - DAG(s) 'example_dag_decorator' retrieved from /home/airflow/.local/lib/python3.10/site-packages/airflow/example_dags/example_dag_decorator.py
[2024-12-25T14:25:48.673+0000] {logging_mixin.py:188} INFO - [2024-12-25T14:25:48.673+0000] {dag.py:3047} INFO - Sync 1 DAGs
[2024-12-25T14:25:48.681+0000] {logging_mixin.py:188} INFO - [2024-12-25T14:25:48.681+0000] {dag.py:3834} INFO - Setting next_dagrun for example_dag_decorator to None, run_after=None
[2024-12-25T14:25:50.995+0000] {processor.py:183} INFO - Processing /home/airflow/.local/lib/python3.10/site-packages/airflow/example_dags/example_dag_decorator.py took 4.514 seconds
[2024-12-25T14:26:21.104+0000] {processor.py:161} INFO - Started process (PID=8087) to work on /home/airflow/.local/lib/python3.10/site-packages/airflow/example_dags/example_dag_decorator.py
[2024-12-25T14:26:21.106+0000] {processor.py:830} INFO - Processing file /home/airflow/.local/lib/python3.10/site-packages/airflow/example_dags/example_dag_decorator.py for tasks to queue
[2024-12-25T14:26:21.107+0000] {logging_mixin.py:188} INFO - [2024-12-25T14:26:21.106+0000] {dagbag.py:540} INFO - Filling up the DagBag from /home/airflow/.local/lib/python3.10/site-packages/airflow/example_dags/example_dag_decorator.py
[2024-12-25T14:26:21.189+0000] {processor.py:840} INFO - DAG(s) 'example_dag_decorator' retrieved from /home/airflow/.local/lib/python3.10/site-packages/airflow/example_dags/example_dag_decorator.py
[2024-12-25T14:26:21.400+0000] {logging_mixin.py:188} INFO - [2024-12-25T14:26:21.400+0000] {dag.py:3047} INFO - Sync 1 DAGs
[2024-12-25T14:26:21.410+0000] {logging_mixin.py:188} INFO - [2024-12-25T14:26:21.410+0000] {dag.py:3834} INFO - Setting next_dagrun for example_dag_decorator to None, run_after=None
[2024-12-25T14:26:21.432+0000] {processor.py:183} INFO - Processing /home/airflow/.local/lib/python3.10/site-packages/airflow/example_dags/example_dag_decorator.py took 0.335 seconds
[2024-12-25T14:26:52.234+0000] {processor.py:161} INFO - Started process (PID=8145) to work on /home/airflow/.local/lib/python3.10/site-packages/airflow/example_dags/example_dag_decorator.py
[2024-12-25T14:26:52.236+0000] {processor.py:830} INFO - Processing file /home/airflow/.local/lib/python3.10/site-packages/airflow/example_dags/example_dag_decorator.py for tasks to queue
[2024-12-25T14:26:52.237+0000] {logging_mixin.py:188} INFO - [2024-12-25T14:26:52.236+0000] {dagbag.py:540} INFO - Filling up the DagBag from /home/airflow/.local/lib/python3.10/site-packages/airflow/example_dags/example_dag_decorator.py
[2024-12-25T14:26:52.355+0000] {processor.py:840} INFO - DAG(s) 'example_dag_decorator' retrieved from /home/airflow/.local/lib/python3.10/site-packages/airflow/example_dags/example_dag_decorator.py
[2024-12-25T14:26:52.785+0000] {logging_mixin.py:188} INFO - [2024-12-25T14:26:52.785+0000] {dag.py:3047} INFO - Sync 1 DAGs
[2024-12-25T14:26:52.806+0000] {logging_mixin.py:188} INFO - [2024-12-25T14:26:52.806+0000] {dag.py:3834} INFO - Setting next_dagrun for example_dag_decorator to None, run_after=None
[2024-12-25T14:26:52.850+0000] {processor.py:183} INFO - Processing /home/airflow/.local/lib/python3.10/site-packages/airflow/example_dags/example_dag_decorator.py took 0.620 seconds
[2024-12-25T14:27:22.966+0000] {processor.py:161} INFO - Started process (PID=8202) to work on /home/airflow/.local/lib/python3.10/site-packages/airflow/example_dags/example_dag_decorator.py
[2024-12-25T14:27:22.967+0000] {processor.py:830} INFO - Processing file /home/airflow/.local/lib/python3.10/site-packages/airflow/example_dags/example_dag_decorator.py for tasks to queue
[2024-12-25T14:27:22.969+0000] {logging_mixin.py:188} INFO - [2024-12-25T14:27:22.968+0000] {dagbag.py:540} INFO - Filling up the DagBag from /home/airflow/.local/lib/python3.10/site-packages/airflow/example_dags/example_dag_decorator.py
[2024-12-25T14:27:23.301+0000] {processor.py:840} INFO - DAG(s) 'example_dag_decorator' retrieved from /home/airflow/.local/lib/python3.10/site-packages/airflow/example_dags/example_dag_decorator.py
[2024-12-25T14:27:23.423+0000] {logging_mixin.py:188} INFO - [2024-12-25T14:27:23.423+0000] {dag.py:3047} INFO - Sync 1 DAGs
[2024-12-25T14:27:23.438+0000] {logging_mixin.py:188} INFO - [2024-12-25T14:27:23.438+0000] {dag.py:3834} INFO - Setting next_dagrun for example_dag_decorator to None, run_after=None
[2024-12-25T14:27:23.471+0000] {processor.py:183} INFO - Processing /home/airflow/.local/lib/python3.10/site-packages/airflow/example_dags/example_dag_decorator.py took 0.510 seconds
[2024-12-25T14:27:54.071+0000] {processor.py:161} INFO - Started process (PID=8260) to work on /home/airflow/.local/lib/python3.10/site-packages/airflow/example_dags/example_dag_decorator.py
[2024-12-25T14:27:54.073+0000] {processor.py:830} INFO - Processing file /home/airflow/.local/lib/python3.10/site-packages/airflow/example_dags/example_dag_decorator.py for tasks to queue
[2024-12-25T14:27:54.075+0000] {logging_mixin.py:188} INFO - [2024-12-25T14:27:54.075+0000] {dagbag.py:540} INFO - Filling up the DagBag from /home/airflow/.local/lib/python3.10/site-packages/airflow/example_dags/example_dag_decorator.py
[2024-12-25T14:27:54.256+0000] {processor.py:840} INFO - DAG(s) 'example_dag_decorator' retrieved from /home/airflow/.local/lib/python3.10/site-packages/airflow/example_dags/example_dag_decorator.py
[2024-12-25T14:27:54.666+0000] {logging_mixin.py:188} INFO - [2024-12-25T14:27:54.666+0000] {dag.py:3047} INFO - Sync 1 DAGs
[2024-12-25T14:27:54.681+0000] {logging_mixin.py:188} INFO - [2024-12-25T14:27:54.681+0000] {dag.py:3834} INFO - Setting next_dagrun for example_dag_decorator to None, run_after=None
[2024-12-25T14:27:54.715+0000] {processor.py:183} INFO - Processing /home/airflow/.local/lib/python3.10/site-packages/airflow/example_dags/example_dag_decorator.py took 0.650 seconds
[2024-12-25T14:28:25.023+0000] {processor.py:161} INFO - Started process (PID=8316) to work on /home/airflow/.local/lib/python3.10/site-packages/airflow/example_dags/example_dag_decorator.py
[2024-12-25T14:28:25.026+0000] {processor.py:830} INFO - Processing file /home/airflow/.local/lib/python3.10/site-packages/airflow/example_dags/example_dag_decorator.py for tasks to queue
[2024-12-25T14:28:25.028+0000] {logging_mixin.py:188} INFO - [2024-12-25T14:28:25.028+0000] {dagbag.py:540} INFO - Filling up the DagBag from /home/airflow/.local/lib/python3.10/site-packages/airflow/example_dags/example_dag_decorator.py
[2024-12-25T14:28:25.210+0000] {processor.py:840} INFO - DAG(s) 'example_dag_decorator' retrieved from /home/airflow/.local/lib/python3.10/site-packages/airflow/example_dags/example_dag_decorator.py
[2024-12-25T14:28:25.747+0000] {logging_mixin.py:188} INFO - [2024-12-25T14:28:25.747+0000] {dag.py:3047} INFO - Sync 1 DAGs
[2024-12-25T14:28:25.767+0000] {logging_mixin.py:188} INFO - [2024-12-25T14:28:25.766+0000] {dag.py:3834} INFO - Setting next_dagrun for example_dag_decorator to None, run_after=None
[2024-12-25T14:28:25.803+0000] {processor.py:183} INFO - Processing /home/airflow/.local/lib/python3.10/site-packages/airflow/example_dags/example_dag_decorator.py took 0.787 seconds
[2024-12-25T14:28:55.919+0000] {processor.py:161} INFO - Started process (PID=8373) to work on /home/airflow/.local/lib/python3.10/site-packages/airflow/example_dags/example_dag_decorator.py
[2024-12-25T14:28:55.921+0000] {processor.py:830} INFO - Processing file /home/airflow/.local/lib/python3.10/site-packages/airflow/example_dags/example_dag_decorator.py for tasks to queue
[2024-12-25T14:28:55.924+0000] {logging_mixin.py:188} INFO - [2024-12-25T14:28:55.924+0000] {dagbag.py:540} INFO - Filling up the DagBag from /home/airflow/.local/lib/python3.10/site-packages/airflow/example_dags/example_dag_decorator.py
[2024-12-25T14:28:56.537+0000] {processor.py:840} INFO - DAG(s) 'example_dag_decorator' retrieved from /home/airflow/.local/lib/python3.10/site-packages/airflow/example_dags/example_dag_decorator.py
[2024-12-25T14:28:56.850+0000] {logging_mixin.py:188} INFO - [2024-12-25T14:28:56.850+0000] {dag.py:3047} INFO - Sync 1 DAGs
[2024-12-25T14:28:56.877+0000] {logging_mixin.py:188} INFO - [2024-12-25T14:28:56.876+0000] {dag.py:3834} INFO - Setting next_dagrun for example_dag_decorator to None, run_after=None
[2024-12-25T14:28:56.919+0000] {processor.py:183} INFO - Processing /home/airflow/.local/lib/python3.10/site-packages/airflow/example_dags/example_dag_decorator.py took 1.004 seconds
[2024-12-25T14:29:27.060+0000] {processor.py:161} INFO - Started process (PID=8431) to work on /home/airflow/.local/lib/python3.10/site-packages/airflow/example_dags/example_dag_decorator.py
[2024-12-25T14:29:27.067+0000] {processor.py:830} INFO - Processing file /home/airflow/.local/lib/python3.10/site-packages/airflow/example_dags/example_dag_decorator.py for tasks to queue
[2024-12-25T14:29:27.069+0000] {logging_mixin.py:188} INFO - [2024-12-25T14:29:27.068+0000] {dagbag.py:540} INFO - Filling up the DagBag from /home/airflow/.local/lib/python3.10/site-packages/airflow/example_dags/example_dag_decorator.py
[2024-12-25T14:29:27.522+0000] {processor.py:840} INFO - DAG(s) 'example_dag_decorator' retrieved from /home/airflow/.local/lib/python3.10/site-packages/airflow/example_dags/example_dag_decorator.py
[2024-12-25T14:29:27.733+0000] {logging_mixin.py:188} INFO - [2024-12-25T14:29:27.733+0000] {dag.py:3047} INFO - Sync 1 DAGs
[2024-12-25T14:29:27.761+0000] {logging_mixin.py:188} INFO - [2024-12-25T14:29:27.760+0000] {dag.py:3834} INFO - Setting next_dagrun for example_dag_decorator to None, run_after=None
[2024-12-25T14:29:27.810+0000] {processor.py:183} INFO - Processing /home/airflow/.local/lib/python3.10/site-packages/airflow/example_dags/example_dag_decorator.py took 0.756 seconds
[2024-12-25T14:29:58.666+0000] {processor.py:161} INFO - Started process (PID=8487) to work on /home/airflow/.local/lib/python3.10/site-packages/airflow/example_dags/example_dag_decorator.py
[2024-12-25T14:29:58.668+0000] {processor.py:830} INFO - Processing file /home/airflow/.local/lib/python3.10/site-packages/airflow/example_dags/example_dag_decorator.py for tasks to queue
[2024-12-25T14:29:58.670+0000] {logging_mixin.py:188} INFO - [2024-12-25T14:29:58.669+0000] {dagbag.py:540} INFO - Filling up the DagBag from /home/airflow/.local/lib/python3.10/site-packages/airflow/example_dags/example_dag_decorator.py
[2024-12-25T14:29:59.890+0000] {processor.py:840} INFO - DAG(s) 'example_dag_decorator' retrieved from /home/airflow/.local/lib/python3.10/site-packages/airflow/example_dags/example_dag_decorator.py
[2024-12-25T14:30:00.483+0000] {logging_mixin.py:188} INFO - [2024-12-25T14:30:00.483+0000] {dag.py:3047} INFO - Sync 1 DAGs
[2024-12-25T14:30:00.510+0000] {logging_mixin.py:188} INFO - [2024-12-25T14:30:00.510+0000] {dag.py:3834} INFO - Setting next_dagrun for example_dag_decorator to None, run_after=None
[2024-12-25T14:30:00.596+0000] {processor.py:183} INFO - Processing /home/airflow/.local/lib/python3.10/site-packages/airflow/example_dags/example_dag_decorator.py took 1.969 seconds
[2024-12-25T14:30:31.006+0000] {processor.py:161} INFO - Started process (PID=8542) to work on /home/airflow/.local/lib/python3.10/site-packages/airflow/example_dags/example_dag_decorator.py
[2024-12-25T14:30:31.008+0000] {processor.py:830} INFO - Processing file /home/airflow/.local/lib/python3.10/site-packages/airflow/example_dags/example_dag_decorator.py for tasks to queue
[2024-12-25T14:30:31.010+0000] {logging_mixin.py:188} INFO - [2024-12-25T14:30:31.009+0000] {dagbag.py:540} INFO - Filling up the DagBag from /home/airflow/.local/lib/python3.10/site-packages/airflow/example_dags/example_dag_decorator.py
[2024-12-25T14:30:32.215+0000] {processor.py:840} INFO - DAG(s) 'example_dag_decorator' retrieved from /home/airflow/.local/lib/python3.10/site-packages/airflow/example_dags/example_dag_decorator.py
[2024-12-25T14:30:32.767+0000] {logging_mixin.py:188} INFO - [2024-12-25T14:30:32.767+0000] {dag.py:3047} INFO - Sync 1 DAGs
[2024-12-25T14:30:32.817+0000] {logging_mixin.py:188} INFO - [2024-12-25T14:30:32.816+0000] {dag.py:3834} INFO - Setting next_dagrun for example_dag_decorator to None, run_after=None
[2024-12-25T14:30:32.944+0000] {processor.py:183} INFO - Processing /home/airflow/.local/lib/python3.10/site-packages/airflow/example_dags/example_dag_decorator.py took 1.956 seconds
[2024-12-25T14:31:03.275+0000] {processor.py:161} INFO - Started process (PID=8606) to work on /home/airflow/.local/lib/python3.10/site-packages/airflow/example_dags/example_dag_decorator.py
[2024-12-25T14:31:03.278+0000] {processor.py:830} INFO - Processing file /home/airflow/.local/lib/python3.10/site-packages/airflow/example_dags/example_dag_decorator.py for tasks to queue
[2024-12-25T14:31:03.280+0000] {logging_mixin.py:188} INFO - [2024-12-25T14:31:03.279+0000] {dagbag.py:540} INFO - Filling up the DagBag from /home/airflow/.local/lib/python3.10/site-packages/airflow/example_dags/example_dag_decorator.py
[2024-12-25T14:31:03.420+0000] {processor.py:840} INFO - DAG(s) 'example_dag_decorator' retrieved from /home/airflow/.local/lib/python3.10/site-packages/airflow/example_dags/example_dag_decorator.py
[2024-12-25T14:31:03.828+0000] {logging_mixin.py:188} INFO - [2024-12-25T14:31:03.827+0000] {dag.py:3047} INFO - Sync 1 DAGs
[2024-12-25T14:31:03.846+0000] {logging_mixin.py:188} INFO - [2024-12-25T14:31:03.846+0000] {dag.py:3834} INFO - Setting next_dagrun for example_dag_decorator to None, run_after=None
[2024-12-25T14:31:03.886+0000] {processor.py:183} INFO - Processing /home/airflow/.local/lib/python3.10/site-packages/airflow/example_dags/example_dag_decorator.py took 0.620 seconds
[2024-12-25T14:31:34.398+0000] {processor.py:161} INFO - Started process (PID=8662) to work on /home/airflow/.local/lib/python3.10/site-packages/airflow/example_dags/example_dag_decorator.py
[2024-12-25T14:31:34.401+0000] {processor.py:830} INFO - Processing file /home/airflow/.local/lib/python3.10/site-packages/airflow/example_dags/example_dag_decorator.py for tasks to queue
[2024-12-25T14:31:34.402+0000] {logging_mixin.py:188} INFO - [2024-12-25T14:31:34.402+0000] {dagbag.py:540} INFO - Filling up the DagBag from /home/airflow/.local/lib/python3.10/site-packages/airflow/example_dags/example_dag_decorator.py
[2024-12-25T14:31:34.727+0000] {processor.py:840} INFO - DAG(s) 'example_dag_decorator' retrieved from /home/airflow/.local/lib/python3.10/site-packages/airflow/example_dags/example_dag_decorator.py
[2024-12-25T14:31:34.918+0000] {logging_mixin.py:188} INFO - [2024-12-25T14:31:34.918+0000] {dag.py:3047} INFO - Sync 1 DAGs
[2024-12-25T14:31:34.936+0000] {logging_mixin.py:188} INFO - [2024-12-25T14:31:34.936+0000] {dag.py:3834} INFO - Setting next_dagrun for example_dag_decorator to None, run_after=None
[2024-12-25T14:31:34.974+0000] {processor.py:183} INFO - Processing /home/airflow/.local/lib/python3.10/site-packages/airflow/example_dags/example_dag_decorator.py took 0.581 seconds
[2024-12-25T14:32:05.176+0000] {processor.py:161} INFO - Started process (PID=8721) to work on /home/airflow/.local/lib/python3.10/site-packages/airflow/example_dags/example_dag_decorator.py
[2024-12-25T14:32:05.177+0000] {processor.py:830} INFO - Processing file /home/airflow/.local/lib/python3.10/site-packages/airflow/example_dags/example_dag_decorator.py for tasks to queue
[2024-12-25T14:32:05.179+0000] {logging_mixin.py:188} INFO - [2024-12-25T14:32:05.178+0000] {dagbag.py:540} INFO - Filling up the DagBag from /home/airflow/.local/lib/python3.10/site-packages/airflow/example_dags/example_dag_decorator.py
[2024-12-25T14:32:05.529+0000] {processor.py:840} INFO - DAG(s) 'example_dag_decorator' retrieved from /home/airflow/.local/lib/python3.10/site-packages/airflow/example_dags/example_dag_decorator.py
[2024-12-25T14:32:05.700+0000] {logging_mixin.py:188} INFO - [2024-12-25T14:32:05.699+0000] {dag.py:3047} INFO - Sync 1 DAGs
[2024-12-25T14:32:05.716+0000] {logging_mixin.py:188} INFO - [2024-12-25T14:32:05.715+0000] {dag.py:3834} INFO - Setting next_dagrun for example_dag_decorator to None, run_after=None
[2024-12-25T14:32:05.769+0000] {processor.py:183} INFO - Processing /home/airflow/.local/lib/python3.10/site-packages/airflow/example_dags/example_dag_decorator.py took 0.600 seconds
[2024-12-25T14:32:36.287+0000] {processor.py:161} INFO - Started process (PID=8776) to work on /home/airflow/.local/lib/python3.10/site-packages/airflow/example_dags/example_dag_decorator.py
[2024-12-25T14:32:36.288+0000] {processor.py:830} INFO - Processing file /home/airflow/.local/lib/python3.10/site-packages/airflow/example_dags/example_dag_decorator.py for tasks to queue
[2024-12-25T14:32:36.289+0000] {logging_mixin.py:188} INFO - [2024-12-25T14:32:36.289+0000] {dagbag.py:540} INFO - Filling up the DagBag from /home/airflow/.local/lib/python3.10/site-packages/airflow/example_dags/example_dag_decorator.py
[2024-12-25T14:32:36.699+0000] {processor.py:840} INFO - DAG(s) 'example_dag_decorator' retrieved from /home/airflow/.local/lib/python3.10/site-packages/airflow/example_dags/example_dag_decorator.py
[2024-12-25T14:32:36.879+0000] {logging_mixin.py:188} INFO - [2024-12-25T14:32:36.878+0000] {dag.py:3047} INFO - Sync 1 DAGs
[2024-12-25T14:32:36.898+0000] {logging_mixin.py:188} INFO - [2024-12-25T14:32:36.897+0000] {dag.py:3834} INFO - Setting next_dagrun for example_dag_decorator to None, run_after=None
[2024-12-25T14:32:36.937+0000] {processor.py:183} INFO - Processing /home/airflow/.local/lib/python3.10/site-packages/airflow/example_dags/example_dag_decorator.py took 0.659 seconds
[2024-12-25T14:33:07.027+0000] {processor.py:161} INFO - Started process (PID=8833) to work on /home/airflow/.local/lib/python3.10/site-packages/airflow/example_dags/example_dag_decorator.py
[2024-12-25T14:33:07.028+0000] {processor.py:830} INFO - Processing file /home/airflow/.local/lib/python3.10/site-packages/airflow/example_dags/example_dag_decorator.py for tasks to queue
[2024-12-25T14:33:07.029+0000] {logging_mixin.py:188} INFO - [2024-12-25T14:33:07.029+0000] {dagbag.py:540} INFO - Filling up the DagBag from /home/airflow/.local/lib/python3.10/site-packages/airflow/example_dags/example_dag_decorator.py
[2024-12-25T14:33:07.369+0000] {processor.py:840} INFO - DAG(s) 'example_dag_decorator' retrieved from /home/airflow/.local/lib/python3.10/site-packages/airflow/example_dags/example_dag_decorator.py
[2024-12-25T14:33:07.599+0000] {logging_mixin.py:188} INFO - [2024-12-25T14:33:07.599+0000] {dag.py:3047} INFO - Sync 1 DAGs
[2024-12-25T14:33:07.624+0000] {logging_mixin.py:188} INFO - [2024-12-25T14:33:07.623+0000] {dag.py:3834} INFO - Setting next_dagrun for example_dag_decorator to None, run_after=None
[2024-12-25T14:33:07.660+0000] {processor.py:183} INFO - Processing /home/airflow/.local/lib/python3.10/site-packages/airflow/example_dags/example_dag_decorator.py took 0.640 seconds
[2024-12-25T14:33:37.778+0000] {processor.py:161} INFO - Started process (PID=8887) to work on /home/airflow/.local/lib/python3.10/site-packages/airflow/example_dags/example_dag_decorator.py
[2024-12-25T14:33:37.779+0000] {processor.py:830} INFO - Processing file /home/airflow/.local/lib/python3.10/site-packages/airflow/example_dags/example_dag_decorator.py for tasks to queue
[2024-12-25T14:33:37.780+0000] {logging_mixin.py:188} INFO - [2024-12-25T14:33:37.780+0000] {dagbag.py:540} INFO - Filling up the DagBag from /home/airflow/.local/lib/python3.10/site-packages/airflow/example_dags/example_dag_decorator.py
[2024-12-25T14:33:38.049+0000] {processor.py:840} INFO - DAG(s) 'example_dag_decorator' retrieved from /home/airflow/.local/lib/python3.10/site-packages/airflow/example_dags/example_dag_decorator.py
[2024-12-25T14:33:38.191+0000] {logging_mixin.py:188} INFO - [2024-12-25T14:33:38.190+0000] {dag.py:3047} INFO - Sync 1 DAGs
[2024-12-25T14:33:38.208+0000] {logging_mixin.py:188} INFO - [2024-12-25T14:33:38.208+0000] {dag.py:3834} INFO - Setting next_dagrun for example_dag_decorator to None, run_after=None
[2024-12-25T14:33:38.249+0000] {processor.py:183} INFO - Processing /home/airflow/.local/lib/python3.10/site-packages/airflow/example_dags/example_dag_decorator.py took 0.478 seconds
[2024-12-25T14:34:08.377+0000] {processor.py:161} INFO - Started process (PID=8943) to work on /home/airflow/.local/lib/python3.10/site-packages/airflow/example_dags/example_dag_decorator.py
[2024-12-25T14:34:08.379+0000] {processor.py:830} INFO - Processing file /home/airflow/.local/lib/python3.10/site-packages/airflow/example_dags/example_dag_decorator.py for tasks to queue
[2024-12-25T14:34:08.380+0000] {logging_mixin.py:188} INFO - [2024-12-25T14:34:08.380+0000] {dagbag.py:540} INFO - Filling up the DagBag from /home/airflow/.local/lib/python3.10/site-packages/airflow/example_dags/example_dag_decorator.py
[2024-12-25T14:34:08.480+0000] {processor.py:840} INFO - DAG(s) 'example_dag_decorator' retrieved from /home/airflow/.local/lib/python3.10/site-packages/airflow/example_dags/example_dag_decorator.py
[2024-12-25T14:34:08.598+0000] {logging_mixin.py:188} INFO - [2024-12-25T14:34:08.597+0000] {dag.py:3047} INFO - Sync 1 DAGs
[2024-12-25T14:34:08.612+0000] {logging_mixin.py:188} INFO - [2024-12-25T14:34:08.610+0000] {dag.py:3834} INFO - Setting next_dagrun for example_dag_decorator to None, run_after=None
[2024-12-25T14:34:08.640+0000] {processor.py:183} INFO - Processing /home/airflow/.local/lib/python3.10/site-packages/airflow/example_dags/example_dag_decorator.py took 0.269 seconds
[2024-12-25T14:34:39.116+0000] {processor.py:161} INFO - Started process (PID=8999) to work on /home/airflow/.local/lib/python3.10/site-packages/airflow/example_dags/example_dag_decorator.py
[2024-12-25T14:34:39.119+0000] {processor.py:830} INFO - Processing file /home/airflow/.local/lib/python3.10/site-packages/airflow/example_dags/example_dag_decorator.py for tasks to queue
[2024-12-25T14:34:39.120+0000] {logging_mixin.py:188} INFO - [2024-12-25T14:34:39.119+0000] {dagbag.py:540} INFO - Filling up the DagBag from /home/airflow/.local/lib/python3.10/site-packages/airflow/example_dags/example_dag_decorator.py
[2024-12-25T14:34:39.225+0000] {processor.py:840} INFO - DAG(s) 'example_dag_decorator' retrieved from /home/airflow/.local/lib/python3.10/site-packages/airflow/example_dags/example_dag_decorator.py
[2024-12-25T14:34:39.370+0000] {logging_mixin.py:188} INFO - [2024-12-25T14:34:39.369+0000] {dag.py:3047} INFO - Sync 1 DAGs
[2024-12-25T14:34:39.384+0000] {logging_mixin.py:188} INFO - [2024-12-25T14:34:39.384+0000] {dag.py:3834} INFO - Setting next_dagrun for example_dag_decorator to None, run_after=None
[2024-12-25T14:34:39.416+0000] {processor.py:183} INFO - Processing /home/airflow/.local/lib/python3.10/site-packages/airflow/example_dags/example_dag_decorator.py took 0.307 seconds
[2024-12-25T14:35:09.677+0000] {processor.py:161} INFO - Started process (PID=9054) to work on /home/airflow/.local/lib/python3.10/site-packages/airflow/example_dags/example_dag_decorator.py
[2024-12-25T14:35:09.678+0000] {processor.py:830} INFO - Processing file /home/airflow/.local/lib/python3.10/site-packages/airflow/example_dags/example_dag_decorator.py for tasks to queue
[2024-12-25T14:35:09.680+0000] {logging_mixin.py:188} INFO - [2024-12-25T14:35:09.679+0000] {dagbag.py:540} INFO - Filling up the DagBag from /home/airflow/.local/lib/python3.10/site-packages/airflow/example_dags/example_dag_decorator.py
[2024-12-25T14:35:09.829+0000] {processor.py:840} INFO - DAG(s) 'example_dag_decorator' retrieved from /home/airflow/.local/lib/python3.10/site-packages/airflow/example_dags/example_dag_decorator.py
[2024-12-25T14:35:10.029+0000] {logging_mixin.py:188} INFO - [2024-12-25T14:35:10.029+0000] {dag.py:3047} INFO - Sync 1 DAGs
[2024-12-25T14:35:10.049+0000] {logging_mixin.py:188} INFO - [2024-12-25T14:35:10.049+0000] {dag.py:3834} INFO - Setting next_dagrun for example_dag_decorator to None, run_after=None
[2024-12-25T14:35:10.095+0000] {processor.py:183} INFO - Processing /home/airflow/.local/lib/python3.10/site-packages/airflow/example_dags/example_dag_decorator.py took 0.425 seconds
[2024-12-25T14:35:40.426+0000] {processor.py:161} INFO - Started process (PID=9109) to work on /home/airflow/.local/lib/python3.10/site-packages/airflow/example_dags/example_dag_decorator.py
[2024-12-25T14:35:40.428+0000] {processor.py:830} INFO - Processing file /home/airflow/.local/lib/python3.10/site-packages/airflow/example_dags/example_dag_decorator.py for tasks to queue
[2024-12-25T14:35:40.429+0000] {logging_mixin.py:188} INFO - [2024-12-25T14:35:40.429+0000] {dagbag.py:540} INFO - Filling up the DagBag from /home/airflow/.local/lib/python3.10/site-packages/airflow/example_dags/example_dag_decorator.py
[2024-12-25T14:35:40.530+0000] {processor.py:840} INFO - DAG(s) 'example_dag_decorator' retrieved from /home/airflow/.local/lib/python3.10/site-packages/airflow/example_dags/example_dag_decorator.py
[2024-12-25T14:35:40.680+0000] {logging_mixin.py:188} INFO - [2024-12-25T14:35:40.679+0000] {dag.py:3047} INFO - Sync 1 DAGs
[2024-12-25T14:35:40.698+0000] {logging_mixin.py:188} INFO - [2024-12-25T14:35:40.698+0000] {dag.py:3834} INFO - Setting next_dagrun for example_dag_decorator to None, run_after=None
[2024-12-25T14:35:40.740+0000] {processor.py:183} INFO - Processing /home/airflow/.local/lib/python3.10/site-packages/airflow/example_dags/example_dag_decorator.py took 0.320 seconds
[2024-12-25T14:36:11.057+0000] {processor.py:161} INFO - Started process (PID=9165) to work on /home/airflow/.local/lib/python3.10/site-packages/airflow/example_dags/example_dag_decorator.py
[2024-12-25T14:36:11.058+0000] {processor.py:830} INFO - Processing file /home/airflow/.local/lib/python3.10/site-packages/airflow/example_dags/example_dag_decorator.py for tasks to queue
[2024-12-25T14:36:11.060+0000] {logging_mixin.py:188} INFO - [2024-12-25T14:36:11.059+0000] {dagbag.py:540} INFO - Filling up the DagBag from /home/airflow/.local/lib/python3.10/site-packages/airflow/example_dags/example_dag_decorator.py
[2024-12-25T14:36:11.236+0000] {processor.py:840} INFO - DAG(s) 'example_dag_decorator' retrieved from /home/airflow/.local/lib/python3.10/site-packages/airflow/example_dags/example_dag_decorator.py
[2024-12-25T14:36:11.288+0000] {logging_mixin.py:188} INFO - [2024-12-25T14:36:11.287+0000] {dag.py:3047} INFO - Sync 1 DAGs
[2024-12-25T14:36:11.316+0000] {logging_mixin.py:188} INFO - [2024-12-25T14:36:11.316+0000] {dag.py:3834} INFO - Setting next_dagrun for example_dag_decorator to None, run_after=None
[2024-12-25T14:36:11.365+0000] {processor.py:183} INFO - Processing /home/airflow/.local/lib/python3.10/site-packages/airflow/example_dags/example_dag_decorator.py took 0.316 seconds
[2024-12-25T14:36:41.714+0000] {processor.py:161} INFO - Started process (PID=9221) to work on /home/airflow/.local/lib/python3.10/site-packages/airflow/example_dags/example_dag_decorator.py
[2024-12-25T14:36:41.716+0000] {processor.py:830} INFO - Processing file /home/airflow/.local/lib/python3.10/site-packages/airflow/example_dags/example_dag_decorator.py for tasks to queue
[2024-12-25T14:36:41.717+0000] {logging_mixin.py:188} INFO - [2024-12-25T14:36:41.717+0000] {dagbag.py:540} INFO - Filling up the DagBag from /home/airflow/.local/lib/python3.10/site-packages/airflow/example_dags/example_dag_decorator.py
[2024-12-25T14:36:41.968+0000] {processor.py:840} INFO - DAG(s) 'example_dag_decorator' retrieved from /home/airflow/.local/lib/python3.10/site-packages/airflow/example_dags/example_dag_decorator.py
[2024-12-25T14:36:42.273+0000] {logging_mixin.py:188} INFO - [2024-12-25T14:36:42.273+0000] {dag.py:3047} INFO - Sync 1 DAGs
[2024-12-25T14:36:42.316+0000] {logging_mixin.py:188} INFO - [2024-12-25T14:36:42.316+0000] {dag.py:3834} INFO - Setting next_dagrun for example_dag_decorator to None, run_after=None
[2024-12-25T14:36:42.462+0000] {processor.py:183} INFO - Processing /home/airflow/.local/lib/python3.10/site-packages/airflow/example_dags/example_dag_decorator.py took 0.759 seconds
[2024-12-25T14:37:12.747+0000] {processor.py:161} INFO - Started process (PID=9280) to work on /home/airflow/.local/lib/python3.10/site-packages/airflow/example_dags/example_dag_decorator.py
[2024-12-25T14:37:12.749+0000] {processor.py:830} INFO - Processing file /home/airflow/.local/lib/python3.10/site-packages/airflow/example_dags/example_dag_decorator.py for tasks to queue
[2024-12-25T14:37:12.750+0000] {logging_mixin.py:188} INFO - [2024-12-25T14:37:12.750+0000] {dagbag.py:540} INFO - Filling up the DagBag from /home/airflow/.local/lib/python3.10/site-packages/airflow/example_dags/example_dag_decorator.py
[2024-12-25T14:37:12.939+0000] {processor.py:840} INFO - DAG(s) 'example_dag_decorator' retrieved from /home/airflow/.local/lib/python3.10/site-packages/airflow/example_dags/example_dag_decorator.py
[2024-12-25T14:37:13.146+0000] {logging_mixin.py:188} INFO - [2024-12-25T14:37:13.146+0000] {dag.py:3047} INFO - Sync 1 DAGs
[2024-12-25T14:37:13.168+0000] {logging_mixin.py:188} INFO - [2024-12-25T14:37:13.168+0000] {dag.py:3834} INFO - Setting next_dagrun for example_dag_decorator to None, run_after=None
[2024-12-25T14:37:13.217+0000] {processor.py:183} INFO - Processing /home/airflow/.local/lib/python3.10/site-packages/airflow/example_dags/example_dag_decorator.py took 0.479 seconds
[2024-12-25T14:37:44.507+0000] {processor.py:161} INFO - Started process (PID=9338) to work on /home/airflow/.local/lib/python3.10/site-packages/airflow/example_dags/example_dag_decorator.py
[2024-12-25T14:37:44.509+0000] {processor.py:830} INFO - Processing file /home/airflow/.local/lib/python3.10/site-packages/airflow/example_dags/example_dag_decorator.py for tasks to queue
[2024-12-25T14:37:44.511+0000] {logging_mixin.py:188} INFO - [2024-12-25T14:37:44.510+0000] {dagbag.py:540} INFO - Filling up the DagBag from /home/airflow/.local/lib/python3.10/site-packages/airflow/example_dags/example_dag_decorator.py
[2024-12-25T14:37:44.710+0000] {processor.py:840} INFO - DAG(s) 'example_dag_decorator' retrieved from /home/airflow/.local/lib/python3.10/site-packages/airflow/example_dags/example_dag_decorator.py
[2024-12-25T14:37:44.999+0000] {logging_mixin.py:188} INFO - [2024-12-25T14:37:44.998+0000] {dag.py:3047} INFO - Sync 1 DAGs
[2024-12-25T14:37:45.028+0000] {logging_mixin.py:188} INFO - [2024-12-25T14:37:45.027+0000] {dag.py:3834} INFO - Setting next_dagrun for example_dag_decorator to None, run_after=None
[2024-12-25T14:37:45.094+0000] {processor.py:183} INFO - Processing /home/airflow/.local/lib/python3.10/site-packages/airflow/example_dags/example_dag_decorator.py took 0.595 seconds
[2024-12-25T14:38:15.561+0000] {processor.py:161} INFO - Started process (PID=9393) to work on /home/airflow/.local/lib/python3.10/site-packages/airflow/example_dags/example_dag_decorator.py
[2024-12-25T14:38:15.566+0000] {processor.py:830} INFO - Processing file /home/airflow/.local/lib/python3.10/site-packages/airflow/example_dags/example_dag_decorator.py for tasks to queue
[2024-12-25T14:38:15.567+0000] {logging_mixin.py:188} INFO - [2024-12-25T14:38:15.567+0000] {dagbag.py:540} INFO - Filling up the DagBag from /home/airflow/.local/lib/python3.10/site-packages/airflow/example_dags/example_dag_decorator.py
[2024-12-25T14:38:15.741+0000] {processor.py:840} INFO - DAG(s) 'example_dag_decorator' retrieved from /home/airflow/.local/lib/python3.10/site-packages/airflow/example_dags/example_dag_decorator.py
[2024-12-25T14:38:15.867+0000] {logging_mixin.py:188} INFO - [2024-12-25T14:38:15.866+0000] {dag.py:3047} INFO - Sync 1 DAGs
[2024-12-25T14:38:15.901+0000] {logging_mixin.py:188} INFO - [2024-12-25T14:38:15.901+0000] {dag.py:3834} INFO - Setting next_dagrun for example_dag_decorator to None, run_after=None
[2024-12-25T14:38:15.939+0000] {processor.py:183} INFO - Processing /home/airflow/.local/lib/python3.10/site-packages/airflow/example_dags/example_dag_decorator.py took 0.382 seconds
[2024-12-25T14:38:46.235+0000] {processor.py:161} INFO - Started process (PID=9448) to work on /home/airflow/.local/lib/python3.10/site-packages/airflow/example_dags/example_dag_decorator.py
[2024-12-25T14:38:46.238+0000] {processor.py:830} INFO - Processing file /home/airflow/.local/lib/python3.10/site-packages/airflow/example_dags/example_dag_decorator.py for tasks to queue
[2024-12-25T14:38:46.246+0000] {logging_mixin.py:188} INFO - [2024-12-25T14:38:46.246+0000] {dagbag.py:540} INFO - Filling up the DagBag from /home/airflow/.local/lib/python3.10/site-packages/airflow/example_dags/example_dag_decorator.py
[2024-12-25T14:38:46.391+0000] {processor.py:840} INFO - DAG(s) 'example_dag_decorator' retrieved from /home/airflow/.local/lib/python3.10/site-packages/airflow/example_dags/example_dag_decorator.py
[2024-12-25T14:38:46.441+0000] {logging_mixin.py:188} INFO - [2024-12-25T14:38:46.440+0000] {dag.py:3047} INFO - Sync 1 DAGs
[2024-12-25T14:38:46.461+0000] {logging_mixin.py:188} INFO - [2024-12-25T14:38:46.461+0000] {dag.py:3834} INFO - Setting next_dagrun for example_dag_decorator to None, run_after=None
[2024-12-25T14:38:46.498+0000] {processor.py:183} INFO - Processing /home/airflow/.local/lib/python3.10/site-packages/airflow/example_dags/example_dag_decorator.py took 0.271 seconds
[2024-12-25T14:39:16.616+0000] {processor.py:161} INFO - Started process (PID=9504) to work on /home/airflow/.local/lib/python3.10/site-packages/airflow/example_dags/example_dag_decorator.py
[2024-12-25T14:39:16.618+0000] {processor.py:830} INFO - Processing file /home/airflow/.local/lib/python3.10/site-packages/airflow/example_dags/example_dag_decorator.py for tasks to queue
[2024-12-25T14:39:16.619+0000] {logging_mixin.py:188} INFO - [2024-12-25T14:39:16.618+0000] {dagbag.py:540} INFO - Filling up the DagBag from /home/airflow/.local/lib/python3.10/site-packages/airflow/example_dags/example_dag_decorator.py
[2024-12-25T14:39:16.736+0000] {processor.py:840} INFO - DAG(s) 'example_dag_decorator' retrieved from /home/airflow/.local/lib/python3.10/site-packages/airflow/example_dags/example_dag_decorator.py
[2024-12-25T14:39:16.885+0000] {logging_mixin.py:188} INFO - [2024-12-25T14:39:16.885+0000] {dag.py:3047} INFO - Sync 1 DAGs
[2024-12-25T14:39:16.905+0000] {logging_mixin.py:188} INFO - [2024-12-25T14:39:16.905+0000] {dag.py:3834} INFO - Setting next_dagrun for example_dag_decorator to None, run_after=None
[2024-12-25T14:39:16.946+0000] {processor.py:183} INFO - Processing /home/airflow/.local/lib/python3.10/site-packages/airflow/example_dags/example_dag_decorator.py took 0.336 seconds
[2024-12-25T14:39:47.435+0000] {processor.py:161} INFO - Started process (PID=9560) to work on /home/airflow/.local/lib/python3.10/site-packages/airflow/example_dags/example_dag_decorator.py
[2024-12-25T14:39:47.437+0000] {processor.py:830} INFO - Processing file /home/airflow/.local/lib/python3.10/site-packages/airflow/example_dags/example_dag_decorator.py for tasks to queue
[2024-12-25T14:39:47.438+0000] {logging_mixin.py:188} INFO - [2024-12-25T14:39:47.438+0000] {dagbag.py:540} INFO - Filling up the DagBag from /home/airflow/.local/lib/python3.10/site-packages/airflow/example_dags/example_dag_decorator.py
[2024-12-25T14:39:47.617+0000] {processor.py:840} INFO - DAG(s) 'example_dag_decorator' retrieved from /home/airflow/.local/lib/python3.10/site-packages/airflow/example_dags/example_dag_decorator.py
[2024-12-25T14:39:47.807+0000] {logging_mixin.py:188} INFO - [2024-12-25T14:39:47.807+0000] {dag.py:3047} INFO - Sync 1 DAGs
[2024-12-25T14:39:47.826+0000] {logging_mixin.py:188} INFO - [2024-12-25T14:39:47.825+0000] {dag.py:3834} INFO - Setting next_dagrun for example_dag_decorator to None, run_after=None
[2024-12-25T14:39:47.860+0000] {processor.py:183} INFO - Processing /home/airflow/.local/lib/python3.10/site-packages/airflow/example_dags/example_dag_decorator.py took 0.432 seconds
[2024-12-25T14:40:18.119+0000] {processor.py:161} INFO - Started process (PID=9616) to work on /home/airflow/.local/lib/python3.10/site-packages/airflow/example_dags/example_dag_decorator.py
[2024-12-25T14:40:18.124+0000] {processor.py:830} INFO - Processing file /home/airflow/.local/lib/python3.10/site-packages/airflow/example_dags/example_dag_decorator.py for tasks to queue
[2024-12-25T14:40:18.128+0000] {logging_mixin.py:188} INFO - [2024-12-25T14:40:18.128+0000] {dagbag.py:540} INFO - Filling up the DagBag from /home/airflow/.local/lib/python3.10/site-packages/airflow/example_dags/example_dag_decorator.py
[2024-12-25T14:40:18.286+0000] {processor.py:840} INFO - DAG(s) 'example_dag_decorator' retrieved from /home/airflow/.local/lib/python3.10/site-packages/airflow/example_dags/example_dag_decorator.py
[2024-12-25T14:40:18.506+0000] {logging_mixin.py:188} INFO - [2024-12-25T14:40:18.505+0000] {dag.py:3047} INFO - Sync 1 DAGs
[2024-12-25T14:40:18.525+0000] {logging_mixin.py:188} INFO - [2024-12-25T14:40:18.525+0000] {dag.py:3834} INFO - Setting next_dagrun for example_dag_decorator to None, run_after=None
[2024-12-25T14:40:18.565+0000] {processor.py:183} INFO - Processing /home/airflow/.local/lib/python3.10/site-packages/airflow/example_dags/example_dag_decorator.py took 0.457 seconds
[2024-12-25T14:40:48.785+0000] {processor.py:161} INFO - Started process (PID=9672) to work on /home/airflow/.local/lib/python3.10/site-packages/airflow/example_dags/example_dag_decorator.py
[2024-12-25T14:40:48.789+0000] {processor.py:830} INFO - Processing file /home/airflow/.local/lib/python3.10/site-packages/airflow/example_dags/example_dag_decorator.py for tasks to queue
[2024-12-25T14:40:48.790+0000] {logging_mixin.py:188} INFO - [2024-12-25T14:40:48.790+0000] {dagbag.py:540} INFO - Filling up the DagBag from /home/airflow/.local/lib/python3.10/site-packages/airflow/example_dags/example_dag_decorator.py
[2024-12-25T14:40:49.020+0000] {processor.py:840} INFO - DAG(s) 'example_dag_decorator' retrieved from /home/airflow/.local/lib/python3.10/site-packages/airflow/example_dags/example_dag_decorator.py
[2024-12-25T14:40:49.258+0000] {logging_mixin.py:188} INFO - [2024-12-25T14:40:49.258+0000] {dag.py:3047} INFO - Sync 1 DAGs
[2024-12-25T14:40:49.285+0000] {logging_mixin.py:188} INFO - [2024-12-25T14:40:49.281+0000] {dag.py:3834} INFO - Setting next_dagrun for example_dag_decorator to None, run_after=None
[2024-12-25T14:40:49.335+0000] {processor.py:183} INFO - Processing /home/airflow/.local/lib/python3.10/site-packages/airflow/example_dags/example_dag_decorator.py took 0.558 seconds
[2024-12-25T14:41:20.310+0000] {processor.py:161} INFO - Started process (PID=9728) to work on /home/airflow/.local/lib/python3.10/site-packages/airflow/example_dags/example_dag_decorator.py
[2024-12-25T14:41:20.316+0000] {processor.py:830} INFO - Processing file /home/airflow/.local/lib/python3.10/site-packages/airflow/example_dags/example_dag_decorator.py for tasks to queue
[2024-12-25T14:41:20.319+0000] {logging_mixin.py:188} INFO - [2024-12-25T14:41:20.318+0000] {dagbag.py:540} INFO - Filling up the DagBag from /home/airflow/.local/lib/python3.10/site-packages/airflow/example_dags/example_dag_decorator.py
[2024-12-25T14:41:20.549+0000] {processor.py:840} INFO - DAG(s) 'example_dag_decorator' retrieved from /home/airflow/.local/lib/python3.10/site-packages/airflow/example_dags/example_dag_decorator.py
[2024-12-25T14:41:20.771+0000] {logging_mixin.py:188} INFO - [2024-12-25T14:41:20.771+0000] {dag.py:3047} INFO - Sync 1 DAGs
[2024-12-25T14:41:20.796+0000] {logging_mixin.py:188} INFO - [2024-12-25T14:41:20.796+0000] {dag.py:3834} INFO - Setting next_dagrun for example_dag_decorator to None, run_after=None
[2024-12-25T14:41:20.838+0000] {processor.py:183} INFO - Processing /home/airflow/.local/lib/python3.10/site-packages/airflow/example_dags/example_dag_decorator.py took 0.537 seconds
[2024-12-25T14:41:51.889+0000] {processor.py:161} INFO - Started process (PID=9785) to work on /home/airflow/.local/lib/python3.10/site-packages/airflow/example_dags/example_dag_decorator.py
[2024-12-25T14:41:51.891+0000] {processor.py:830} INFO - Processing file /home/airflow/.local/lib/python3.10/site-packages/airflow/example_dags/example_dag_decorator.py for tasks to queue
[2024-12-25T14:41:51.896+0000] {logging_mixin.py:188} INFO - [2024-12-25T14:41:51.896+0000] {dagbag.py:540} INFO - Filling up the DagBag from /home/airflow/.local/lib/python3.10/site-packages/airflow/example_dags/example_dag_decorator.py
[2024-12-25T14:41:52.137+0000] {processor.py:840} INFO - DAG(s) 'example_dag_decorator' retrieved from /home/airflow/.local/lib/python3.10/site-packages/airflow/example_dags/example_dag_decorator.py
[2024-12-25T14:41:52.420+0000] {logging_mixin.py:188} INFO - [2024-12-25T14:41:52.419+0000] {dag.py:3047} INFO - Sync 1 DAGs
[2024-12-25T14:41:52.447+0000] {logging_mixin.py:188} INFO - [2024-12-25T14:41:52.447+0000] {dag.py:3834} INFO - Setting next_dagrun for example_dag_decorator to None, run_after=None
[2024-12-25T14:41:52.501+0000] {processor.py:183} INFO - Processing /home/airflow/.local/lib/python3.10/site-packages/airflow/example_dags/example_dag_decorator.py took 0.622 seconds
[2024-12-25T14:42:23.484+0000] {processor.py:161} INFO - Started process (PID=9841) to work on /home/airflow/.local/lib/python3.10/site-packages/airflow/example_dags/example_dag_decorator.py
[2024-12-25T14:42:23.486+0000] {processor.py:830} INFO - Processing file /home/airflow/.local/lib/python3.10/site-packages/airflow/example_dags/example_dag_decorator.py for tasks to queue
[2024-12-25T14:42:23.487+0000] {logging_mixin.py:188} INFO - [2024-12-25T14:42:23.487+0000] {dagbag.py:540} INFO - Filling up the DagBag from /home/airflow/.local/lib/python3.10/site-packages/airflow/example_dags/example_dag_decorator.py
[2024-12-25T14:42:23.675+0000] {processor.py:840} INFO - DAG(s) 'example_dag_decorator' retrieved from /home/airflow/.local/lib/python3.10/site-packages/airflow/example_dags/example_dag_decorator.py
[2024-12-25T14:42:23.973+0000] {logging_mixin.py:188} INFO - [2024-12-25T14:42:23.969+0000] {dag.py:3047} INFO - Sync 1 DAGs
[2024-12-25T14:42:24.014+0000] {logging_mixin.py:188} INFO - [2024-12-25T14:42:24.008+0000] {dag.py:3834} INFO - Setting next_dagrun for example_dag_decorator to None, run_after=None
[2024-12-25T14:42:24.104+0000] {processor.py:183} INFO - Processing /home/airflow/.local/lib/python3.10/site-packages/airflow/example_dags/example_dag_decorator.py took 0.638 seconds
[2024-12-25T14:42:54.856+0000] {processor.py:161} INFO - Started process (PID=9897) to work on /home/airflow/.local/lib/python3.10/site-packages/airflow/example_dags/example_dag_decorator.py
[2024-12-25T14:42:54.858+0000] {processor.py:830} INFO - Processing file /home/airflow/.local/lib/python3.10/site-packages/airflow/example_dags/example_dag_decorator.py for tasks to queue
[2024-12-25T14:42:54.859+0000] {logging_mixin.py:188} INFO - [2024-12-25T14:42:54.858+0000] {dagbag.py:540} INFO - Filling up the DagBag from /home/airflow/.local/lib/python3.10/site-packages/airflow/example_dags/example_dag_decorator.py
[2024-12-25T14:42:55.010+0000] {processor.py:840} INFO - DAG(s) 'example_dag_decorator' retrieved from /home/airflow/.local/lib/python3.10/site-packages/airflow/example_dags/example_dag_decorator.py
[2024-12-25T14:42:55.201+0000] {logging_mixin.py:188} INFO - [2024-12-25T14:42:55.201+0000] {dag.py:3047} INFO - Sync 1 DAGs
[2024-12-25T14:42:55.222+0000] {logging_mixin.py:188} INFO - [2024-12-25T14:42:55.221+0000] {dag.py:3834} INFO - Setting next_dagrun for example_dag_decorator to None, run_after=None
[2024-12-25T14:42:55.288+0000] {processor.py:183} INFO - Processing /home/airflow/.local/lib/python3.10/site-packages/airflow/example_dags/example_dag_decorator.py took 0.438 seconds
[2024-12-25T14:43:26.242+0000] {processor.py:161} INFO - Started process (PID=9955) to work on /home/airflow/.local/lib/python3.10/site-packages/airflow/example_dags/example_dag_decorator.py
[2024-12-25T14:43:26.243+0000] {processor.py:830} INFO - Processing file /home/airflow/.local/lib/python3.10/site-packages/airflow/example_dags/example_dag_decorator.py for tasks to queue
[2024-12-25T14:43:26.244+0000] {logging_mixin.py:188} INFO - [2024-12-25T14:43:26.243+0000] {dagbag.py:540} INFO - Filling up the DagBag from /home/airflow/.local/lib/python3.10/site-packages/airflow/example_dags/example_dag_decorator.py
[2024-12-25T14:43:26.440+0000] {processor.py:840} INFO - DAG(s) 'example_dag_decorator' retrieved from /home/airflow/.local/lib/python3.10/site-packages/airflow/example_dags/example_dag_decorator.py
[2024-12-25T14:43:26.653+0000] {logging_mixin.py:188} INFO - [2024-12-25T14:43:26.653+0000] {dag.py:3047} INFO - Sync 1 DAGs
[2024-12-25T14:43:26.681+0000] {logging_mixin.py:188} INFO - [2024-12-25T14:43:26.681+0000] {dag.py:3834} INFO - Setting next_dagrun for example_dag_decorator to None, run_after=None
[2024-12-25T14:43:26.724+0000] {processor.py:183} INFO - Processing /home/airflow/.local/lib/python3.10/site-packages/airflow/example_dags/example_dag_decorator.py took 0.489 seconds
[2024-12-25T14:43:57.097+0000] {processor.py:161} INFO - Started process (PID=10011) to work on /home/airflow/.local/lib/python3.10/site-packages/airflow/example_dags/example_dag_decorator.py
[2024-12-25T14:43:57.098+0000] {processor.py:830} INFO - Processing file /home/airflow/.local/lib/python3.10/site-packages/airflow/example_dags/example_dag_decorator.py for tasks to queue
[2024-12-25T14:43:57.099+0000] {logging_mixin.py:188} INFO - [2024-12-25T14:43:57.099+0000] {dagbag.py:540} INFO - Filling up the DagBag from /home/airflow/.local/lib/python3.10/site-packages/airflow/example_dags/example_dag_decorator.py
[2024-12-25T14:43:57.286+0000] {processor.py:840} INFO - DAG(s) 'example_dag_decorator' retrieved from /home/airflow/.local/lib/python3.10/site-packages/airflow/example_dags/example_dag_decorator.py
[2024-12-25T14:43:57.517+0000] {logging_mixin.py:188} INFO - [2024-12-25T14:43:57.517+0000] {dag.py:3047} INFO - Sync 1 DAGs
[2024-12-25T14:43:57.538+0000] {logging_mixin.py:188} INFO - [2024-12-25T14:43:57.538+0000] {dag.py:3834} INFO - Setting next_dagrun for example_dag_decorator to None, run_after=None
[2024-12-25T14:43:57.589+0000] {processor.py:183} INFO - Processing /home/airflow/.local/lib/python3.10/site-packages/airflow/example_dags/example_dag_decorator.py took 0.502 seconds
[2024-12-25T14:44:27.847+0000] {processor.py:161} INFO - Started process (PID=10068) to work on /home/airflow/.local/lib/python3.10/site-packages/airflow/example_dags/example_dag_decorator.py
[2024-12-25T14:44:27.848+0000] {processor.py:830} INFO - Processing file /home/airflow/.local/lib/python3.10/site-packages/airflow/example_dags/example_dag_decorator.py for tasks to queue
[2024-12-25T14:44:27.849+0000] {logging_mixin.py:188} INFO - [2024-12-25T14:44:27.849+0000] {dagbag.py:540} INFO - Filling up the DagBag from /home/airflow/.local/lib/python3.10/site-packages/airflow/example_dags/example_dag_decorator.py
[2024-12-25T14:44:28.036+0000] {processor.py:840} INFO - DAG(s) 'example_dag_decorator' retrieved from /home/airflow/.local/lib/python3.10/site-packages/airflow/example_dags/example_dag_decorator.py
[2024-12-25T14:44:28.306+0000] {logging_mixin.py:188} INFO - [2024-12-25T14:44:28.305+0000] {dag.py:3047} INFO - Sync 1 DAGs
[2024-12-25T14:44:28.346+0000] {logging_mixin.py:188} INFO - [2024-12-25T14:44:28.345+0000] {dag.py:3834} INFO - Setting next_dagrun for example_dag_decorator to None, run_after=None
[2024-12-25T14:44:28.407+0000] {processor.py:183} INFO - Processing /home/airflow/.local/lib/python3.10/site-packages/airflow/example_dags/example_dag_decorator.py took 0.577 seconds
[2024-12-25T14:44:58.558+0000] {processor.py:161} INFO - Started process (PID=10125) to work on /home/airflow/.local/lib/python3.10/site-packages/airflow/example_dags/example_dag_decorator.py
[2024-12-25T14:44:58.565+0000] {processor.py:830} INFO - Processing file /home/airflow/.local/lib/python3.10/site-packages/airflow/example_dags/example_dag_decorator.py for tasks to queue
[2024-12-25T14:44:58.576+0000] {logging_mixin.py:188} INFO - [2024-12-25T14:44:58.575+0000] {dagbag.py:540} INFO - Filling up the DagBag from /home/airflow/.local/lib/python3.10/site-packages/airflow/example_dags/example_dag_decorator.py
[2024-12-25T14:44:58.860+0000] {processor.py:840} INFO - DAG(s) 'example_dag_decorator' retrieved from /home/airflow/.local/lib/python3.10/site-packages/airflow/example_dags/example_dag_decorator.py
[2024-12-25T14:44:59.446+0000] {logging_mixin.py:188} INFO - [2024-12-25T14:44:59.445+0000] {dag.py:3047} INFO - Sync 1 DAGs
[2024-12-25T14:44:59.478+0000] {logging_mixin.py:188} INFO - [2024-12-25T14:44:59.478+0000] {dag.py:3834} INFO - Setting next_dagrun for example_dag_decorator to None, run_after=None
[2024-12-25T14:44:59.568+0000] {processor.py:183} INFO - Processing /home/airflow/.local/lib/python3.10/site-packages/airflow/example_dags/example_dag_decorator.py took 1.028 seconds
[2024-12-25T14:45:30.807+0000] {processor.py:161} INFO - Started process (PID=10183) to work on /home/airflow/.local/lib/python3.10/site-packages/airflow/example_dags/example_dag_decorator.py
[2024-12-25T14:45:30.809+0000] {processor.py:830} INFO - Processing file /home/airflow/.local/lib/python3.10/site-packages/airflow/example_dags/example_dag_decorator.py for tasks to queue
[2024-12-25T14:45:30.810+0000] {logging_mixin.py:188} INFO - [2024-12-25T14:45:30.810+0000] {dagbag.py:540} INFO - Filling up the DagBag from /home/airflow/.local/lib/python3.10/site-packages/airflow/example_dags/example_dag_decorator.py
[2024-12-25T14:45:31.097+0000] {processor.py:840} INFO - DAG(s) 'example_dag_decorator' retrieved from /home/airflow/.local/lib/python3.10/site-packages/airflow/example_dags/example_dag_decorator.py
[2024-12-25T14:45:31.477+0000] {logging_mixin.py:188} INFO - [2024-12-25T14:45:31.476+0000] {dag.py:3047} INFO - Sync 1 DAGs
[2024-12-25T14:45:31.519+0000] {logging_mixin.py:188} INFO - [2024-12-25T14:45:31.512+0000] {dag.py:3834} INFO - Setting next_dagrun for example_dag_decorator to None, run_after=None
[2024-12-25T14:45:31.641+0000] {processor.py:183} INFO - Processing /home/airflow/.local/lib/python3.10/site-packages/airflow/example_dags/example_dag_decorator.py took 0.845 seconds
[2024-12-25T14:46:02.304+0000] {processor.py:161} INFO - Started process (PID=10239) to work on /home/airflow/.local/lib/python3.10/site-packages/airflow/example_dags/example_dag_decorator.py
[2024-12-25T14:46:02.306+0000] {processor.py:830} INFO - Processing file /home/airflow/.local/lib/python3.10/site-packages/airflow/example_dags/example_dag_decorator.py for tasks to queue
[2024-12-25T14:46:02.308+0000] {logging_mixin.py:188} INFO - [2024-12-25T14:46:02.307+0000] {dagbag.py:540} INFO - Filling up the DagBag from /home/airflow/.local/lib/python3.10/site-packages/airflow/example_dags/example_dag_decorator.py
[2024-12-25T14:46:02.554+0000] {processor.py:840} INFO - DAG(s) 'example_dag_decorator' retrieved from /home/airflow/.local/lib/python3.10/site-packages/airflow/example_dags/example_dag_decorator.py
[2024-12-25T14:46:02.867+0000] {logging_mixin.py:188} INFO - [2024-12-25T14:46:02.867+0000] {dag.py:3047} INFO - Sync 1 DAGs
[2024-12-25T14:46:02.895+0000] {logging_mixin.py:188} INFO - [2024-12-25T14:46:02.895+0000] {dag.py:3834} INFO - Setting next_dagrun for example_dag_decorator to None, run_after=None
[2024-12-25T14:46:02.956+0000] {processor.py:183} INFO - Processing /home/airflow/.local/lib/python3.10/site-packages/airflow/example_dags/example_dag_decorator.py took 0.663 seconds
[2024-12-25T14:46:33.241+0000] {processor.py:161} INFO - Started process (PID=10294) to work on /home/airflow/.local/lib/python3.10/site-packages/airflow/example_dags/example_dag_decorator.py
[2024-12-25T14:46:33.258+0000] {processor.py:830} INFO - Processing file /home/airflow/.local/lib/python3.10/site-packages/airflow/example_dags/example_dag_decorator.py for tasks to queue
[2024-12-25T14:46:33.260+0000] {logging_mixin.py:188} INFO - [2024-12-25T14:46:33.259+0000] {dagbag.py:540} INFO - Filling up the DagBag from /home/airflow/.local/lib/python3.10/site-packages/airflow/example_dags/example_dag_decorator.py
[2024-12-25T14:46:33.661+0000] {processor.py:840} INFO - DAG(s) 'example_dag_decorator' retrieved from /home/airflow/.local/lib/python3.10/site-packages/airflow/example_dags/example_dag_decorator.py
[2024-12-25T14:46:33.800+0000] {logging_mixin.py:188} INFO - [2024-12-25T14:46:33.797+0000] {dag.py:3047} INFO - Sync 1 DAGs
[2024-12-25T14:46:33.879+0000] {logging_mixin.py:188} INFO - [2024-12-25T14:46:33.878+0000] {dag.py:3834} INFO - Setting next_dagrun for example_dag_decorator to None, run_after=None
[2024-12-25T14:46:34.029+0000] {processor.py:183} INFO - Processing /home/airflow/.local/lib/python3.10/site-packages/airflow/example_dags/example_dag_decorator.py took 0.808 seconds
[2024-12-25T14:47:04.262+0000] {processor.py:161} INFO - Started process (PID=10350) to work on /home/airflow/.local/lib/python3.10/site-packages/airflow/example_dags/example_dag_decorator.py
[2024-12-25T14:47:04.279+0000] {processor.py:830} INFO - Processing file /home/airflow/.local/lib/python3.10/site-packages/airflow/example_dags/example_dag_decorator.py for tasks to queue
[2024-12-25T14:47:04.281+0000] {logging_mixin.py:188} INFO - [2024-12-25T14:47:04.280+0000] {dagbag.py:540} INFO - Filling up the DagBag from /home/airflow/.local/lib/python3.10/site-packages/airflow/example_dags/example_dag_decorator.py
[2024-12-25T14:47:04.582+0000] {processor.py:840} INFO - DAG(s) 'example_dag_decorator' retrieved from /home/airflow/.local/lib/python3.10/site-packages/airflow/example_dags/example_dag_decorator.py
[2024-12-25T14:47:04.999+0000] {logging_mixin.py:188} INFO - [2024-12-25T14:47:04.993+0000] {dag.py:3047} INFO - Sync 1 DAGs
[2024-12-25T14:47:05.033+0000] {logging_mixin.py:188} INFO - [2024-12-25T14:47:05.031+0000] {dag.py:3834} INFO - Setting next_dagrun for example_dag_decorator to None, run_after=None
[2024-12-25T14:47:05.141+0000] {processor.py:183} INFO - Processing /home/airflow/.local/lib/python3.10/site-packages/airflow/example_dags/example_dag_decorator.py took 0.893 seconds
[2024-12-25T14:47:35.260+0000] {processor.py:161} INFO - Started process (PID=10405) to work on /home/airflow/.local/lib/python3.10/site-packages/airflow/example_dags/example_dag_decorator.py
[2024-12-25T14:47:35.267+0000] {processor.py:830} INFO - Processing file /home/airflow/.local/lib/python3.10/site-packages/airflow/example_dags/example_dag_decorator.py for tasks to queue
[2024-12-25T14:47:35.269+0000] {logging_mixin.py:188} INFO - [2024-12-25T14:47:35.268+0000] {dagbag.py:540} INFO - Filling up the DagBag from /home/airflow/.local/lib/python3.10/site-packages/airflow/example_dags/example_dag_decorator.py
[2024-12-25T14:47:35.528+0000] {processor.py:840} INFO - DAG(s) 'example_dag_decorator' retrieved from /home/airflow/.local/lib/python3.10/site-packages/airflow/example_dags/example_dag_decorator.py
[2024-12-25T14:47:35.841+0000] {logging_mixin.py:188} INFO - [2024-12-25T14:47:35.840+0000] {dag.py:3047} INFO - Sync 1 DAGs
[2024-12-25T14:47:35.878+0000] {logging_mixin.py:188} INFO - [2024-12-25T14:47:35.877+0000] {dag.py:3834} INFO - Setting next_dagrun for example_dag_decorator to None, run_after=None
[2024-12-25T14:47:35.961+0000] {processor.py:183} INFO - Processing /home/airflow/.local/lib/python3.10/site-packages/airflow/example_dags/example_dag_decorator.py took 0.711 seconds
[2024-12-25T14:48:06.221+0000] {processor.py:161} INFO - Started process (PID=10461) to work on /home/airflow/.local/lib/python3.10/site-packages/airflow/example_dags/example_dag_decorator.py
[2024-12-25T14:48:06.223+0000] {processor.py:830} INFO - Processing file /home/airflow/.local/lib/python3.10/site-packages/airflow/example_dags/example_dag_decorator.py for tasks to queue
[2024-12-25T14:48:06.229+0000] {logging_mixin.py:188} INFO - [2024-12-25T14:48:06.224+0000] {dagbag.py:540} INFO - Filling up the DagBag from /home/airflow/.local/lib/python3.10/site-packages/airflow/example_dags/example_dag_decorator.py
[2024-12-25T14:48:06.633+0000] {processor.py:840} INFO - DAG(s) 'example_dag_decorator' retrieved from /home/airflow/.local/lib/python3.10/site-packages/airflow/example_dags/example_dag_decorator.py
[2024-12-25T14:48:06.783+0000] {logging_mixin.py:188} INFO - [2024-12-25T14:48:06.782+0000] {dag.py:3047} INFO - Sync 1 DAGs
[2024-12-25T14:48:06.862+0000] {logging_mixin.py:188} INFO - [2024-12-25T14:48:06.861+0000] {dag.py:3834} INFO - Setting next_dagrun for example_dag_decorator to None, run_after=None
[2024-12-25T14:48:07.082+0000] {processor.py:183} INFO - Processing /home/airflow/.local/lib/python3.10/site-packages/airflow/example_dags/example_dag_decorator.py took 0.881 seconds
[2024-12-25T14:48:37.528+0000] {processor.py:161} INFO - Started process (PID=10517) to work on /home/airflow/.local/lib/python3.10/site-packages/airflow/example_dags/example_dag_decorator.py
[2024-12-25T14:48:37.530+0000] {processor.py:830} INFO - Processing file /home/airflow/.local/lib/python3.10/site-packages/airflow/example_dags/example_dag_decorator.py for tasks to queue
[2024-12-25T14:48:37.537+0000] {logging_mixin.py:188} INFO - [2024-12-25T14:48:37.531+0000] {dagbag.py:540} INFO - Filling up the DagBag from /home/airflow/.local/lib/python3.10/site-packages/airflow/example_dags/example_dag_decorator.py
[2024-12-25T14:48:37.799+0000] {processor.py:840} INFO - DAG(s) 'example_dag_decorator' retrieved from /home/airflow/.local/lib/python3.10/site-packages/airflow/example_dags/example_dag_decorator.py
[2024-12-25T14:48:38.140+0000] {logging_mixin.py:188} INFO - [2024-12-25T14:48:38.140+0000] {dag.py:3047} INFO - Sync 1 DAGs
[2024-12-25T14:48:38.190+0000] {logging_mixin.py:188} INFO - [2024-12-25T14:48:38.189+0000] {dag.py:3834} INFO - Setting next_dagrun for example_dag_decorator to None, run_after=None
[2024-12-25T14:48:38.278+0000] {processor.py:183} INFO - Processing /home/airflow/.local/lib/python3.10/site-packages/airflow/example_dags/example_dag_decorator.py took 0.761 seconds
[2024-12-25T14:49:08.657+0000] {processor.py:161} INFO - Started process (PID=10573) to work on /home/airflow/.local/lib/python3.10/site-packages/airflow/example_dags/example_dag_decorator.py
[2024-12-25T14:49:08.667+0000] {processor.py:830} INFO - Processing file /home/airflow/.local/lib/python3.10/site-packages/airflow/example_dags/example_dag_decorator.py for tasks to queue
[2024-12-25T14:49:08.669+0000] {logging_mixin.py:188} INFO - [2024-12-25T14:49:08.668+0000] {dagbag.py:540} INFO - Filling up the DagBag from /home/airflow/.local/lib/python3.10/site-packages/airflow/example_dags/example_dag_decorator.py
[2024-12-25T14:49:08.900+0000] {processor.py:840} INFO - DAG(s) 'example_dag_decorator' retrieved from /home/airflow/.local/lib/python3.10/site-packages/airflow/example_dags/example_dag_decorator.py
[2024-12-25T14:49:09.190+0000] {logging_mixin.py:188} INFO - [2024-12-25T14:49:09.190+0000] {dag.py:3047} INFO - Sync 1 DAGs
[2024-12-25T14:49:09.229+0000] {logging_mixin.py:188} INFO - [2024-12-25T14:49:09.228+0000] {dag.py:3834} INFO - Setting next_dagrun for example_dag_decorator to None, run_after=None
[2024-12-25T14:49:09.318+0000] {processor.py:183} INFO - Processing /home/airflow/.local/lib/python3.10/site-packages/airflow/example_dags/example_dag_decorator.py took 0.670 seconds
[2024-12-25T14:49:39.729+0000] {processor.py:161} INFO - Started process (PID=10629) to work on /home/airflow/.local/lib/python3.10/site-packages/airflow/example_dags/example_dag_decorator.py
[2024-12-25T14:49:39.757+0000] {processor.py:830} INFO - Processing file /home/airflow/.local/lib/python3.10/site-packages/airflow/example_dags/example_dag_decorator.py for tasks to queue
[2024-12-25T14:49:39.758+0000] {logging_mixin.py:188} INFO - [2024-12-25T14:49:39.758+0000] {dagbag.py:540} INFO - Filling up the DagBag from /home/airflow/.local/lib/python3.10/site-packages/airflow/example_dags/example_dag_decorator.py
[2024-12-25T14:49:40.015+0000] {processor.py:840} INFO - DAG(s) 'example_dag_decorator' retrieved from /home/airflow/.local/lib/python3.10/site-packages/airflow/example_dags/example_dag_decorator.py
[2024-12-25T14:49:40.108+0000] {logging_mixin.py:188} INFO - [2024-12-25T14:49:40.107+0000] {dag.py:3047} INFO - Sync 1 DAGs
[2024-12-25T14:49:40.158+0000] {logging_mixin.py:188} INFO - [2024-12-25T14:49:40.158+0000] {dag.py:3834} INFO - Setting next_dagrun for example_dag_decorator to None, run_after=None
[2024-12-25T14:49:40.228+0000] {processor.py:183} INFO - Processing /home/airflow/.local/lib/python3.10/site-packages/airflow/example_dags/example_dag_decorator.py took 0.509 seconds
[2024-12-25T14:50:10.428+0000] {processor.py:161} INFO - Started process (PID=10686) to work on /home/airflow/.local/lib/python3.10/site-packages/airflow/example_dags/example_dag_decorator.py
[2024-12-25T14:50:10.430+0000] {processor.py:830} INFO - Processing file /home/airflow/.local/lib/python3.10/site-packages/airflow/example_dags/example_dag_decorator.py for tasks to queue
[2024-12-25T14:50:10.431+0000] {logging_mixin.py:188} INFO - [2024-12-25T14:50:10.431+0000] {dagbag.py:540} INFO - Filling up the DagBag from /home/airflow/.local/lib/python3.10/site-packages/airflow/example_dags/example_dag_decorator.py
[2024-12-25T14:50:10.740+0000] {processor.py:840} INFO - DAG(s) 'example_dag_decorator' retrieved from /home/airflow/.local/lib/python3.10/site-packages/airflow/example_dags/example_dag_decorator.py
[2024-12-25T14:50:11.189+0000] {logging_mixin.py:188} INFO - [2024-12-25T14:50:11.189+0000] {dag.py:3047} INFO - Sync 1 DAGs
[2024-12-25T14:50:11.221+0000] {logging_mixin.py:188} INFO - [2024-12-25T14:50:11.221+0000] {dag.py:3834} INFO - Setting next_dagrun for example_dag_decorator to None, run_after=None
[2024-12-25T14:50:11.358+0000] {processor.py:183} INFO - Processing /home/airflow/.local/lib/python3.10/site-packages/airflow/example_dags/example_dag_decorator.py took 0.947 seconds
[2024-12-25T14:50:41.567+0000] {processor.py:161} INFO - Started process (PID=10741) to work on /home/airflow/.local/lib/python3.10/site-packages/airflow/example_dags/example_dag_decorator.py
[2024-12-25T14:50:41.570+0000] {processor.py:830} INFO - Processing file /home/airflow/.local/lib/python3.10/site-packages/airflow/example_dags/example_dag_decorator.py for tasks to queue
[2024-12-25T14:50:41.578+0000] {logging_mixin.py:188} INFO - [2024-12-25T14:50:41.577+0000] {dagbag.py:540} INFO - Filling up the DagBag from /home/airflow/.local/lib/python3.10/site-packages/airflow/example_dags/example_dag_decorator.py
[2024-12-25T14:50:41.977+0000] {processor.py:840} INFO - DAG(s) 'example_dag_decorator' retrieved from /home/airflow/.local/lib/python3.10/site-packages/airflow/example_dags/example_dag_decorator.py
[2024-12-25T14:50:42.159+0000] {logging_mixin.py:188} INFO - [2024-12-25T14:50:42.159+0000] {dag.py:3047} INFO - Sync 1 DAGs
[2024-12-25T14:50:42.209+0000] {logging_mixin.py:188} INFO - [2024-12-25T14:50:42.208+0000] {dag.py:3834} INFO - Setting next_dagrun for example_dag_decorator to None, run_after=None
[2024-12-25T14:50:42.298+0000] {processor.py:183} INFO - Processing /home/airflow/.local/lib/python3.10/site-packages/airflow/example_dags/example_dag_decorator.py took 0.742 seconds
[2024-12-25T14:51:12.628+0000] {processor.py:161} INFO - Started process (PID=10805) to work on /home/airflow/.local/lib/python3.10/site-packages/airflow/example_dags/example_dag_decorator.py
[2024-12-25T14:51:12.635+0000] {processor.py:830} INFO - Processing file /home/airflow/.local/lib/python3.10/site-packages/airflow/example_dags/example_dag_decorator.py for tasks to queue
[2024-12-25T14:51:12.637+0000] {logging_mixin.py:188} INFO - [2024-12-25T14:51:12.636+0000] {dagbag.py:540} INFO - Filling up the DagBag from /home/airflow/.local/lib/python3.10/site-packages/airflow/example_dags/example_dag_decorator.py
[2024-12-25T14:51:13.106+0000] {processor.py:840} INFO - DAG(s) 'example_dag_decorator' retrieved from /home/airflow/.local/lib/python3.10/site-packages/airflow/example_dags/example_dag_decorator.py
[2024-12-25T14:51:13.506+0000] {logging_mixin.py:188} INFO - [2024-12-25T14:51:13.505+0000] {dag.py:3047} INFO - Sync 1 DAGs
[2024-12-25T14:51:13.555+0000] {logging_mixin.py:188} INFO - [2024-12-25T14:51:13.555+0000] {dag.py:3834} INFO - Setting next_dagrun for example_dag_decorator to None, run_after=None
[2024-12-25T14:51:13.645+0000] {processor.py:183} INFO - Processing /home/airflow/.local/lib/python3.10/site-packages/airflow/example_dags/example_dag_decorator.py took 1.028 seconds
[2024-12-25T14:51:44.150+0000] {processor.py:161} INFO - Started process (PID=10862) to work on /home/airflow/.local/lib/python3.10/site-packages/airflow/example_dags/example_dag_decorator.py
[2024-12-25T14:51:44.176+0000] {processor.py:830} INFO - Processing file /home/airflow/.local/lib/python3.10/site-packages/airflow/example_dags/example_dag_decorator.py for tasks to queue
[2024-12-25T14:51:44.186+0000] {logging_mixin.py:188} INFO - [2024-12-25T14:51:44.180+0000] {dagbag.py:540} INFO - Filling up the DagBag from /home/airflow/.local/lib/python3.10/site-packages/airflow/example_dags/example_dag_decorator.py
[2024-12-25T14:51:44.647+0000] {processor.py:840} INFO - DAG(s) 'example_dag_decorator' retrieved from /home/airflow/.local/lib/python3.10/site-packages/airflow/example_dags/example_dag_decorator.py
[2024-12-25T14:51:45.067+0000] {logging_mixin.py:188} INFO - [2024-12-25T14:51:45.067+0000] {dag.py:3047} INFO - Sync 1 DAGs
[2024-12-25T14:51:45.100+0000] {logging_mixin.py:188} INFO - [2024-12-25T14:51:45.100+0000] {dag.py:3834} INFO - Setting next_dagrun for example_dag_decorator to None, run_after=None
[2024-12-25T14:51:45.177+0000] {processor.py:183} INFO - Processing /home/airflow/.local/lib/python3.10/site-packages/airflow/example_dags/example_dag_decorator.py took 1.038 seconds
[2024-12-25T14:52:15.489+0000] {processor.py:161} INFO - Started process (PID=10918) to work on /home/airflow/.local/lib/python3.10/site-packages/airflow/example_dags/example_dag_decorator.py
[2024-12-25T14:52:15.491+0000] {processor.py:830} INFO - Processing file /home/airflow/.local/lib/python3.10/site-packages/airflow/example_dags/example_dag_decorator.py for tasks to queue
[2024-12-25T14:52:15.499+0000] {logging_mixin.py:188} INFO - [2024-12-25T14:52:15.498+0000] {dagbag.py:540} INFO - Filling up the DagBag from /home/airflow/.local/lib/python3.10/site-packages/airflow/example_dags/example_dag_decorator.py
[2024-12-25T14:52:15.941+0000] {processor.py:840} INFO - DAG(s) 'example_dag_decorator' retrieved from /home/airflow/.local/lib/python3.10/site-packages/airflow/example_dags/example_dag_decorator.py
[2024-12-25T14:52:16.071+0000] {logging_mixin.py:188} INFO - [2024-12-25T14:52:16.071+0000] {dag.py:3047} INFO - Sync 1 DAGs
[2024-12-25T14:52:16.219+0000] {logging_mixin.py:188} INFO - [2024-12-25T14:52:16.219+0000] {dag.py:3834} INFO - Setting next_dagrun for example_dag_decorator to None, run_after=None
[2024-12-25T14:52:16.299+0000] {processor.py:183} INFO - Processing /home/airflow/.local/lib/python3.10/site-packages/airflow/example_dags/example_dag_decorator.py took 0.821 seconds
[2024-12-25T14:52:46.680+0000] {processor.py:161} INFO - Started process (PID=10974) to work on /home/airflow/.local/lib/python3.10/site-packages/airflow/example_dags/example_dag_decorator.py
[2024-12-25T14:52:46.682+0000] {processor.py:830} INFO - Processing file /home/airflow/.local/lib/python3.10/site-packages/airflow/example_dags/example_dag_decorator.py for tasks to queue
[2024-12-25T14:52:46.683+0000] {logging_mixin.py:188} INFO - [2024-12-25T14:52:46.683+0000] {dagbag.py:540} INFO - Filling up the DagBag from /home/airflow/.local/lib/python3.10/site-packages/airflow/example_dags/example_dag_decorator.py
[2024-12-25T14:52:47.130+0000] {processor.py:840} INFO - DAG(s) 'example_dag_decorator' retrieved from /home/airflow/.local/lib/python3.10/site-packages/airflow/example_dags/example_dag_decorator.py
[2024-12-25T14:52:47.552+0000] {logging_mixin.py:188} INFO - [2024-12-25T14:52:47.551+0000] {dag.py:3047} INFO - Sync 1 DAGs
[2024-12-25T14:52:47.624+0000] {logging_mixin.py:188} INFO - [2024-12-25T14:52:47.623+0000] {dag.py:3834} INFO - Setting next_dagrun for example_dag_decorator to None, run_after=None
[2024-12-25T14:52:47.761+0000] {processor.py:183} INFO - Processing /home/airflow/.local/lib/python3.10/site-packages/airflow/example_dags/example_dag_decorator.py took 1.101 seconds
[2024-12-25T14:53:18.757+0000] {processor.py:161} INFO - Started process (PID=11031) to work on /home/airflow/.local/lib/python3.10/site-packages/airflow/example_dags/example_dag_decorator.py
[2024-12-25T14:53:18.765+0000] {processor.py:830} INFO - Processing file /home/airflow/.local/lib/python3.10/site-packages/airflow/example_dags/example_dag_decorator.py for tasks to queue
[2024-12-25T14:53:18.767+0000] {logging_mixin.py:188} INFO - [2024-12-25T14:53:18.767+0000] {dagbag.py:540} INFO - Filling up the DagBag from /home/airflow/.local/lib/python3.10/site-packages/airflow/example_dags/example_dag_decorator.py
[2024-12-25T14:53:19.149+0000] {processor.py:840} INFO - DAG(s) 'example_dag_decorator' retrieved from /home/airflow/.local/lib/python3.10/site-packages/airflow/example_dags/example_dag_decorator.py
[2024-12-25T14:53:19.596+0000] {logging_mixin.py:188} INFO - [2024-12-25T14:53:19.596+0000] {dag.py:3047} INFO - Sync 1 DAGs
[2024-12-25T14:53:19.649+0000] {logging_mixin.py:188} INFO - [2024-12-25T14:53:19.649+0000] {dag.py:3834} INFO - Setting next_dagrun for example_dag_decorator to None, run_after=None
[2024-12-25T14:53:19.778+0000] {processor.py:183} INFO - Processing /home/airflow/.local/lib/python3.10/site-packages/airflow/example_dags/example_dag_decorator.py took 1.040 seconds
[2024-12-25T14:53:50.436+0000] {processor.py:161} INFO - Started process (PID=11087) to work on /home/airflow/.local/lib/python3.10/site-packages/airflow/example_dags/example_dag_decorator.py
[2024-12-25T14:53:50.438+0000] {processor.py:830} INFO - Processing file /home/airflow/.local/lib/python3.10/site-packages/airflow/example_dags/example_dag_decorator.py for tasks to queue
[2024-12-25T14:53:50.447+0000] {logging_mixin.py:188} INFO - [2024-12-25T14:53:50.447+0000] {dagbag.py:540} INFO - Filling up the DagBag from /home/airflow/.local/lib/python3.10/site-packages/airflow/example_dags/example_dag_decorator.py
[2024-12-25T14:53:50.937+0000] {processor.py:840} INFO - DAG(s) 'example_dag_decorator' retrieved from /home/airflow/.local/lib/python3.10/site-packages/airflow/example_dags/example_dag_decorator.py
[2024-12-25T14:53:51.747+0000] {logging_mixin.py:188} INFO - [2024-12-25T14:53:51.746+0000] {dag.py:3047} INFO - Sync 1 DAGs
[2024-12-25T14:53:51.845+0000] {logging_mixin.py:188} INFO - [2024-12-25T14:53:51.845+0000] {dag.py:3834} INFO - Setting next_dagrun for example_dag_decorator to None, run_after=None
[2024-12-25T14:53:51.985+0000] {processor.py:183} INFO - Processing /home/airflow/.local/lib/python3.10/site-packages/airflow/example_dags/example_dag_decorator.py took 1.599 seconds
[2024-12-25T14:54:22.251+0000] {processor.py:161} INFO - Started process (PID=11143) to work on /home/airflow/.local/lib/python3.10/site-packages/airflow/example_dags/example_dag_decorator.py
[2024-12-25T14:54:22.261+0000] {processor.py:830} INFO - Processing file /home/airflow/.local/lib/python3.10/site-packages/airflow/example_dags/example_dag_decorator.py for tasks to queue
[2024-12-25T14:54:22.269+0000] {logging_mixin.py:188} INFO - [2024-12-25T14:54:22.268+0000] {dagbag.py:540} INFO - Filling up the DagBag from /home/airflow/.local/lib/python3.10/site-packages/airflow/example_dags/example_dag_decorator.py
[2024-12-25T14:54:22.618+0000] {processor.py:840} INFO - DAG(s) 'example_dag_decorator' retrieved from /home/airflow/.local/lib/python3.10/site-packages/airflow/example_dags/example_dag_decorator.py
[2024-12-25T14:54:23.171+0000] {logging_mixin.py:188} INFO - [2024-12-25T14:54:23.170+0000] {dag.py:3047} INFO - Sync 1 DAGs
[2024-12-25T14:54:23.219+0000] {logging_mixin.py:188} INFO - [2024-12-25T14:54:23.219+0000] {dag.py:3834} INFO - Setting next_dagrun for example_dag_decorator to None, run_after=None
[2024-12-25T14:54:23.329+0000] {processor.py:183} INFO - Processing /home/airflow/.local/lib/python3.10/site-packages/airflow/example_dags/example_dag_decorator.py took 1.098 seconds
[2024-12-25T14:54:54.037+0000] {processor.py:161} INFO - Started process (PID=11200) to work on /home/airflow/.local/lib/python3.10/site-packages/airflow/example_dags/example_dag_decorator.py
[2024-12-25T14:54:54.045+0000] {processor.py:830} INFO - Processing file /home/airflow/.local/lib/python3.10/site-packages/airflow/example_dags/example_dag_decorator.py for tasks to queue
[2024-12-25T14:54:54.056+0000] {logging_mixin.py:188} INFO - [2024-12-25T14:54:54.055+0000] {dagbag.py:540} INFO - Filling up the DagBag from /home/airflow/.local/lib/python3.10/site-packages/airflow/example_dags/example_dag_decorator.py
[2024-12-25T14:54:54.685+0000] {processor.py:840} INFO - DAG(s) 'example_dag_decorator' retrieved from /home/airflow/.local/lib/python3.10/site-packages/airflow/example_dags/example_dag_decorator.py
[2024-12-25T14:54:55.298+0000] {logging_mixin.py:188} INFO - [2024-12-25T14:54:55.297+0000] {dag.py:3047} INFO - Sync 1 DAGs
[2024-12-25T14:54:55.395+0000] {logging_mixin.py:188} INFO - [2024-12-25T14:54:55.395+0000] {dag.py:3834} INFO - Setting next_dagrun for example_dag_decorator to None, run_after=None
[2024-12-25T14:54:55.517+0000] {processor.py:183} INFO - Processing /home/airflow/.local/lib/python3.10/site-packages/airflow/example_dags/example_dag_decorator.py took 1.511 seconds
[2024-12-25T14:55:26.540+0000] {processor.py:161} INFO - Started process (PID=11257) to work on /home/airflow/.local/lib/python3.10/site-packages/airflow/example_dags/example_dag_decorator.py
[2024-12-25T14:55:26.548+0000] {processor.py:830} INFO - Processing file /home/airflow/.local/lib/python3.10/site-packages/airflow/example_dags/example_dag_decorator.py for tasks to queue
[2024-12-25T14:55:26.550+0000] {logging_mixin.py:188} INFO - [2024-12-25T14:55:26.550+0000] {dagbag.py:540} INFO - Filling up the DagBag from /home/airflow/.local/lib/python3.10/site-packages/airflow/example_dags/example_dag_decorator.py
[2024-12-25T14:55:27.160+0000] {processor.py:840} INFO - DAG(s) 'example_dag_decorator' retrieved from /home/airflow/.local/lib/python3.10/site-packages/airflow/example_dags/example_dag_decorator.py
[2024-12-25T14:55:27.850+0000] {logging_mixin.py:188} INFO - [2024-12-25T14:55:27.850+0000] {dag.py:3047} INFO - Sync 1 DAGs
[2024-12-25T14:55:27.959+0000] {logging_mixin.py:188} INFO - [2024-12-25T14:55:27.959+0000] {dag.py:3834} INFO - Setting next_dagrun for example_dag_decorator to None, run_after=None
[2024-12-25T14:55:28.139+0000] {processor.py:183} INFO - Processing /home/airflow/.local/lib/python3.10/site-packages/airflow/example_dags/example_dag_decorator.py took 1.619 seconds
[2024-12-25T14:55:58.395+0000] {processor.py:161} INFO - Started process (PID=11313) to work on /home/airflow/.local/lib/python3.10/site-packages/airflow/example_dags/example_dag_decorator.py
[2024-12-25T14:55:58.398+0000] {processor.py:830} INFO - Processing file /home/airflow/.local/lib/python3.10/site-packages/airflow/example_dags/example_dag_decorator.py for tasks to queue
[2024-12-25T14:55:58.406+0000] {logging_mixin.py:188} INFO - [2024-12-25T14:55:58.406+0000] {dagbag.py:540} INFO - Filling up the DagBag from /home/airflow/.local/lib/python3.10/site-packages/airflow/example_dags/example_dag_decorator.py
[2024-12-25T14:55:58.876+0000] {processor.py:840} INFO - DAG(s) 'example_dag_decorator' retrieved from /home/airflow/.local/lib/python3.10/site-packages/airflow/example_dags/example_dag_decorator.py
[2024-12-25T14:55:59.466+0000] {logging_mixin.py:188} INFO - [2024-12-25T14:55:59.465+0000] {dag.py:3047} INFO - Sync 1 DAGs
[2024-12-25T14:55:59.527+0000] {logging_mixin.py:188} INFO - [2024-12-25T14:55:59.527+0000] {dag.py:3834} INFO - Setting next_dagrun for example_dag_decorator to None, run_after=None
[2024-12-25T14:55:59.655+0000] {processor.py:183} INFO - Processing /home/airflow/.local/lib/python3.10/site-packages/airflow/example_dags/example_dag_decorator.py took 1.279 seconds
[2024-12-25T14:56:30.639+0000] {processor.py:161} INFO - Started process (PID=11370) to work on /home/airflow/.local/lib/python3.10/site-packages/airflow/example_dags/example_dag_decorator.py
[2024-12-25T14:56:30.648+0000] {processor.py:830} INFO - Processing file /home/airflow/.local/lib/python3.10/site-packages/airflow/example_dags/example_dag_decorator.py for tasks to queue
[2024-12-25T14:56:30.649+0000] {logging_mixin.py:188} INFO - [2024-12-25T14:56:30.649+0000] {dagbag.py:540} INFO - Filling up the DagBag from /home/airflow/.local/lib/python3.10/site-packages/airflow/example_dags/example_dag_decorator.py
[2024-12-25T14:56:31.010+0000] {processor.py:840} INFO - DAG(s) 'example_dag_decorator' retrieved from /home/airflow/.local/lib/python3.10/site-packages/airflow/example_dags/example_dag_decorator.py
[2024-12-25T14:56:31.451+0000] {logging_mixin.py:188} INFO - [2024-12-25T14:56:31.450+0000] {dag.py:3047} INFO - Sync 1 DAGs
[2024-12-25T14:56:31.520+0000] {logging_mixin.py:188} INFO - [2024-12-25T14:56:31.519+0000] {dag.py:3834} INFO - Setting next_dagrun for example_dag_decorator to None, run_after=None
[2024-12-25T14:56:31.651+0000] {processor.py:183} INFO - Processing /home/airflow/.local/lib/python3.10/site-packages/airflow/example_dags/example_dag_decorator.py took 1.023 seconds
[2024-12-25T14:57:02.140+0000] {processor.py:161} INFO - Started process (PID=11425) to work on /home/airflow/.local/lib/python3.10/site-packages/airflow/example_dags/example_dag_decorator.py
[2024-12-25T14:57:02.150+0000] {processor.py:830} INFO - Processing file /home/airflow/.local/lib/python3.10/site-packages/airflow/example_dags/example_dag_decorator.py for tasks to queue
[2024-12-25T14:57:02.159+0000] {logging_mixin.py:188} INFO - [2024-12-25T14:57:02.158+0000] {dagbag.py:540} INFO - Filling up the DagBag from /home/airflow/.local/lib/python3.10/site-packages/airflow/example_dags/example_dag_decorator.py
[2024-12-25T14:57:02.580+0000] {processor.py:840} INFO - DAG(s) 'example_dag_decorator' retrieved from /home/airflow/.local/lib/python3.10/site-packages/airflow/example_dags/example_dag_decorator.py
[2024-12-25T14:57:03.039+0000] {logging_mixin.py:188} INFO - [2024-12-25T14:57:03.039+0000] {dag.py:3047} INFO - Sync 1 DAGs
[2024-12-25T14:57:03.090+0000] {logging_mixin.py:188} INFO - [2024-12-25T14:57:03.089+0000] {dag.py:3834} INFO - Setting next_dagrun for example_dag_decorator to None, run_after=None
[2024-12-25T14:57:03.198+0000] {processor.py:183} INFO - Processing /home/airflow/.local/lib/python3.10/site-packages/airflow/example_dags/example_dag_decorator.py took 1.070 seconds
[2024-12-25T14:57:33.855+0000] {processor.py:161} INFO - Started process (PID=11481) to work on /home/airflow/.local/lib/python3.10/site-packages/airflow/example_dags/example_dag_decorator.py
[2024-12-25T14:57:33.864+0000] {processor.py:830} INFO - Processing file /home/airflow/.local/lib/python3.10/site-packages/airflow/example_dags/example_dag_decorator.py for tasks to queue
[2024-12-25T14:57:33.866+0000] {logging_mixin.py:188} INFO - [2024-12-25T14:57:33.865+0000] {dagbag.py:540} INFO - Filling up the DagBag from /home/airflow/.local/lib/python3.10/site-packages/airflow/example_dags/example_dag_decorator.py
[2024-12-25T14:57:34.343+0000] {processor.py:840} INFO - DAG(s) 'example_dag_decorator' retrieved from /home/airflow/.local/lib/python3.10/site-packages/airflow/example_dags/example_dag_decorator.py
[2024-12-25T14:57:34.523+0000] {logging_mixin.py:188} INFO - [2024-12-25T14:57:34.523+0000] {dag.py:3047} INFO - Sync 1 DAGs
[2024-12-25T14:57:34.626+0000] {logging_mixin.py:188} INFO - [2024-12-25T14:57:34.625+0000] {dag.py:3834} INFO - Setting next_dagrun for example_dag_decorator to None, run_after=None
[2024-12-25T14:57:34.784+0000] {processor.py:183} INFO - Processing /home/airflow/.local/lib/python3.10/site-packages/airflow/example_dags/example_dag_decorator.py took 0.948 seconds
[2024-12-25T14:58:05.129+0000] {processor.py:161} INFO - Started process (PID=11537) to work on /home/airflow/.local/lib/python3.10/site-packages/airflow/example_dags/example_dag_decorator.py
[2024-12-25T14:58:05.138+0000] {processor.py:830} INFO - Processing file /home/airflow/.local/lib/python3.10/site-packages/airflow/example_dags/example_dag_decorator.py for tasks to queue
[2024-12-25T14:58:05.140+0000] {logging_mixin.py:188} INFO - [2024-12-25T14:58:05.140+0000] {dagbag.py:540} INFO - Filling up the DagBag from /home/airflow/.local/lib/python3.10/site-packages/airflow/example_dags/example_dag_decorator.py
[2024-12-25T14:58:05.629+0000] {processor.py:840} INFO - DAG(s) 'example_dag_decorator' retrieved from /home/airflow/.local/lib/python3.10/site-packages/airflow/example_dags/example_dag_decorator.py
[2024-12-25T14:58:06.188+0000] {logging_mixin.py:188} INFO - [2024-12-25T14:58:06.188+0000] {dag.py:3047} INFO - Sync 1 DAGs
[2024-12-25T14:58:06.249+0000] {logging_mixin.py:188} INFO - [2024-12-25T14:58:06.248+0000] {dag.py:3834} INFO - Setting next_dagrun for example_dag_decorator to None, run_after=None
[2024-12-25T14:58:06.360+0000] {processor.py:183} INFO - Processing /home/airflow/.local/lib/python3.10/site-packages/airflow/example_dags/example_dag_decorator.py took 1.250 seconds
[2024-12-25T14:58:36.881+0000] {processor.py:161} INFO - Started process (PID=11593) to work on /home/airflow/.local/lib/python3.10/site-packages/airflow/example_dags/example_dag_decorator.py
[2024-12-25T14:58:36.892+0000] {processor.py:830} INFO - Processing file /home/airflow/.local/lib/python3.10/site-packages/airflow/example_dags/example_dag_decorator.py for tasks to queue
[2024-12-25T14:58:36.902+0000] {logging_mixin.py:188} INFO - [2024-12-25T14:58:36.901+0000] {dagbag.py:540} INFO - Filling up the DagBag from /home/airflow/.local/lib/python3.10/site-packages/airflow/example_dags/example_dag_decorator.py
[2024-12-25T14:58:37.420+0000] {processor.py:840} INFO - DAG(s) 'example_dag_decorator' retrieved from /home/airflow/.local/lib/python3.10/site-packages/airflow/example_dags/example_dag_decorator.py
[2024-12-25T14:58:38.041+0000] {logging_mixin.py:188} INFO - [2024-12-25T14:58:38.040+0000] {dag.py:3047} INFO - Sync 1 DAGs
[2024-12-25T14:58:38.102+0000] {logging_mixin.py:188} INFO - [2024-12-25T14:58:38.101+0000] {dag.py:3834} INFO - Setting next_dagrun for example_dag_decorator to None, run_after=None
[2024-12-25T14:58:38.240+0000] {processor.py:183} INFO - Processing /home/airflow/.local/lib/python3.10/site-packages/airflow/example_dags/example_dag_decorator.py took 1.408 seconds
[2024-12-25T14:59:08.883+0000] {processor.py:161} INFO - Started process (PID=11649) to work on /home/airflow/.local/lib/python3.10/site-packages/airflow/example_dags/example_dag_decorator.py
[2024-12-25T14:59:08.901+0000] {processor.py:830} INFO - Processing file /home/airflow/.local/lib/python3.10/site-packages/airflow/example_dags/example_dag_decorator.py for tasks to queue
[2024-12-25T14:59:08.903+0000] {logging_mixin.py:188} INFO - [2024-12-25T14:59:08.903+0000] {dagbag.py:540} INFO - Filling up the DagBag from /home/airflow/.local/lib/python3.10/site-packages/airflow/example_dags/example_dag_decorator.py
[2024-12-25T14:59:09.523+0000] {processor.py:840} INFO - DAG(s) 'example_dag_decorator' retrieved from /home/airflow/.local/lib/python3.10/site-packages/airflow/example_dags/example_dag_decorator.py
[2024-12-25T14:59:09.712+0000] {logging_mixin.py:188} INFO - [2024-12-25T14:59:09.712+0000] {dag.py:3047} INFO - Sync 1 DAGs
[2024-12-25T14:59:09.801+0000] {logging_mixin.py:188} INFO - [2024-12-25T14:59:09.801+0000] {dag.py:3834} INFO - Setting next_dagrun for example_dag_decorator to None, run_after=None
[2024-12-25T14:59:10.003+0000] {processor.py:183} INFO - Processing /home/airflow/.local/lib/python3.10/site-packages/airflow/example_dags/example_dag_decorator.py took 1.141 seconds
[2024-12-25T14:59:40.985+0000] {processor.py:161} INFO - Started process (PID=11702) to work on /home/airflow/.local/lib/python3.10/site-packages/airflow/example_dags/example_dag_decorator.py
[2024-12-25T14:59:40.987+0000] {processor.py:830} INFO - Processing file /home/airflow/.local/lib/python3.10/site-packages/airflow/example_dags/example_dag_decorator.py for tasks to queue
[2024-12-25T14:59:40.997+0000] {logging_mixin.py:188} INFO - [2024-12-25T14:59:40.996+0000] {dagbag.py:540} INFO - Filling up the DagBag from /home/airflow/.local/lib/python3.10/site-packages/airflow/example_dags/example_dag_decorator.py
[2024-12-25T14:59:42.016+0000] {processor.py:840} INFO - DAG(s) 'example_dag_decorator' retrieved from /home/airflow/.local/lib/python3.10/site-packages/airflow/example_dags/example_dag_decorator.py
[2024-12-25T14:59:44.397+0000] {logging_mixin.py:188} INFO - [2024-12-25T14:59:44.395+0000] {dag.py:3047} INFO - Sync 1 DAGs
[2024-12-25T14:59:44.577+0000] {logging_mixin.py:188} INFO - [2024-12-25T14:59:44.577+0000] {dag.py:3834} INFO - Setting next_dagrun for example_dag_decorator to None, run_after=None
[2024-12-25T14:59:45.237+0000] {processor.py:183} INFO - Processing /home/airflow/.local/lib/python3.10/site-packages/airflow/example_dags/example_dag_decorator.py took 4.300 seconds
[2024-12-25T15:00:16.608+0000] {processor.py:161} INFO - Started process (PID=11754) to work on /home/airflow/.local/lib/python3.10/site-packages/airflow/example_dags/example_dag_decorator.py
[2024-12-25T15:00:16.619+0000] {processor.py:830} INFO - Processing file /home/airflow/.local/lib/python3.10/site-packages/airflow/example_dags/example_dag_decorator.py for tasks to queue
[2024-12-25T15:00:16.628+0000] {logging_mixin.py:188} INFO - [2024-12-25T15:00:16.628+0000] {dagbag.py:540} INFO - Filling up the DagBag from /home/airflow/.local/lib/python3.10/site-packages/airflow/example_dags/example_dag_decorator.py
[2024-12-25T15:00:17.627+0000] {processor.py:840} INFO - DAG(s) 'example_dag_decorator' retrieved from /home/airflow/.local/lib/python3.10/site-packages/airflow/example_dags/example_dag_decorator.py
[2024-12-25T15:00:18.659+0000] {logging_mixin.py:188} INFO - [2024-12-25T15:00:18.658+0000] {dag.py:3047} INFO - Sync 1 DAGs
[2024-12-25T15:00:18.757+0000] {logging_mixin.py:188} INFO - [2024-12-25T15:00:18.748+0000] {dag.py:3834} INFO - Setting next_dagrun for example_dag_decorator to None, run_after=None
[2024-12-25T15:00:18.938+0000] {processor.py:183} INFO - Processing /home/airflow/.local/lib/python3.10/site-packages/airflow/example_dags/example_dag_decorator.py took 2.379 seconds
[2024-12-25T15:00:56.377+0000] {processor.py:161} INFO - Started process (PID=11810) to work on /home/airflow/.local/lib/python3.10/site-packages/airflow/example_dags/example_dag_decorator.py
[2024-12-25T15:00:56.388+0000] {processor.py:830} INFO - Processing file /home/airflow/.local/lib/python3.10/site-packages/airflow/example_dags/example_dag_decorator.py for tasks to queue
[2024-12-25T15:00:56.426+0000] {logging_mixin.py:188} INFO - [2024-12-25T15:00:56.417+0000] {dagbag.py:540} INFO - Filling up the DagBag from /home/airflow/.local/lib/python3.10/site-packages/airflow/example_dags/example_dag_decorator.py
[2024-12-25T15:00:58.777+0000] {processor.py:840} INFO - DAG(s) 'example_dag_decorator' retrieved from /home/airflow/.local/lib/python3.10/site-packages/airflow/example_dags/example_dag_decorator.py
[2024-12-25T15:01:00.856+0000] {logging_mixin.py:188} INFO - [2024-12-25T15:01:00.837+0000] {dag.py:3047} INFO - Sync 1 DAGs
[2024-12-25T15:01:01.086+0000] {logging_mixin.py:188} INFO - [2024-12-25T15:01:01.077+0000] {dag.py:3834} INFO - Setting next_dagrun for example_dag_decorator to None, run_after=None
[2024-12-25T15:01:01.428+0000] {processor.py:183} INFO - Processing /home/airflow/.local/lib/python3.10/site-packages/airflow/example_dags/example_dag_decorator.py took 5.091 seconds
[2024-12-25T15:02:41.897+0000] {processor.py:161} INFO - Started process (PID=11877) to work on /home/airflow/.local/lib/python3.10/site-packages/airflow/example_dags/example_dag_decorator.py
[2024-12-25T15:02:41.936+0000] {processor.py:830} INFO - Processing file /home/airflow/.local/lib/python3.10/site-packages/airflow/example_dags/example_dag_decorator.py for tasks to queue
[2024-12-25T15:02:41.996+0000] {logging_mixin.py:188} INFO - [2024-12-25T15:02:41.967+0000] {dagbag.py:540} INFO - Filling up the DagBag from /home/airflow/.local/lib/python3.10/site-packages/airflow/example_dags/example_dag_decorator.py
[2024-12-25T15:02:44.177+0000] {processor.py:840} INFO - DAG(s) 'example_dag_decorator' retrieved from /home/airflow/.local/lib/python3.10/site-packages/airflow/example_dags/example_dag_decorator.py
[2024-12-25T15:02:47.856+0000] {logging_mixin.py:188} INFO - [2024-12-25T15:02:47.856+0000] {dag.py:3047} INFO - Sync 1 DAGs
[2024-12-25T15:02:48.216+0000] {logging_mixin.py:188} INFO - [2024-12-25T15:02:48.216+0000] {dag.py:3834} INFO - Setting next_dagrun for example_dag_decorator to None, run_after=None
[2024-12-25T15:02:48.946+0000] {processor.py:183} INFO - Processing /home/airflow/.local/lib/python3.10/site-packages/airflow/example_dags/example_dag_decorator.py took 7.081 seconds
[2024-12-25T15:04:06.121+0000] {processor.py:161} INFO - Started process (PID=11945) to work on /home/airflow/.local/lib/python3.10/site-packages/airflow/example_dags/example_dag_decorator.py
[2024-12-25T15:04:06.161+0000] {processor.py:830} INFO - Processing file /home/airflow/.local/lib/python3.10/site-packages/airflow/example_dags/example_dag_decorator.py for tasks to queue
[2024-12-25T15:04:06.202+0000] {logging_mixin.py:188} INFO - [2024-12-25T15:04:06.201+0000] {dagbag.py:540} INFO - Filling up the DagBag from /home/airflow/.local/lib/python3.10/site-packages/airflow/example_dags/example_dag_decorator.py
[2024-12-25T15:04:09.172+0000] {processor.py:840} INFO - DAG(s) 'example_dag_decorator' retrieved from /home/airflow/.local/lib/python3.10/site-packages/airflow/example_dags/example_dag_decorator.py
[2024-12-25T15:04:11.781+0000] {logging_mixin.py:188} INFO - [2024-12-25T15:04:11.752+0000] {dag.py:3047} INFO - Sync 1 DAGs
[2024-12-25T15:04:12.062+0000] {logging_mixin.py:188} INFO - [2024-12-25T15:04:12.061+0000] {dag.py:3834} INFO - Setting next_dagrun for example_dag_decorator to None, run_after=None
[2024-12-25T15:04:12.501+0000] {processor.py:183} INFO - Processing /home/airflow/.local/lib/python3.10/site-packages/airflow/example_dags/example_dag_decorator.py took 6.449 seconds
[2024-12-25T15:05:39.295+0000] {processor.py:161} INFO - Started process (PID=12020) to work on /home/airflow/.local/lib/python3.10/site-packages/airflow/example_dags/example_dag_decorator.py
[2024-12-25T15:05:39.345+0000] {processor.py:830} INFO - Processing file /home/airflow/.local/lib/python3.10/site-packages/airflow/example_dags/example_dag_decorator.py for tasks to queue
[2024-12-25T15:05:39.405+0000] {logging_mixin.py:188} INFO - [2024-12-25T15:05:39.395+0000] {dagbag.py:540} INFO - Filling up the DagBag from /home/airflow/.local/lib/python3.10/site-packages/airflow/example_dags/example_dag_decorator.py
[2024-12-25T15:05:42.535+0000] {processor.py:840} INFO - DAG(s) 'example_dag_decorator' retrieved from /home/airflow/.local/lib/python3.10/site-packages/airflow/example_dags/example_dag_decorator.py
[2024-12-25T15:05:47.005+0000] {logging_mixin.py:188} INFO - [2024-12-25T15:05:46.995+0000] {dag.py:3047} INFO - Sync 1 DAGs
[2024-12-25T15:05:47.365+0000] {logging_mixin.py:188} INFO - [2024-12-25T15:05:47.335+0000] {dag.py:3834} INFO - Setting next_dagrun for example_dag_decorator to None, run_after=None
[2024-12-25T15:05:48.585+0000] {processor.py:183} INFO - Processing /home/airflow/.local/lib/python3.10/site-packages/airflow/example_dags/example_dag_decorator.py took 9.390 seconds
[2024-12-25T15:07:14.277+0000] {processor.py:161} INFO - Started process (PID=12069) to work on /home/airflow/.local/lib/python3.10/site-packages/airflow/example_dags/example_dag_decorator.py
[2024-12-25T15:07:14.387+0000] {processor.py:830} INFO - Processing file /home/airflow/.local/lib/python3.10/site-packages/airflow/example_dags/example_dag_decorator.py for tasks to queue
[2024-12-25T15:07:14.737+0000] {logging_mixin.py:188} INFO - [2024-12-25T15:07:14.457+0000] {dagbag.py:540} INFO - Filling up the DagBag from /home/airflow/.local/lib/python3.10/site-packages/airflow/example_dags/example_dag_decorator.py
[2024-12-25T15:07:23.466+0000] {processor.py:840} INFO - DAG(s) 'example_dag_decorator' retrieved from /home/airflow/.local/lib/python3.10/site-packages/airflow/example_dags/example_dag_decorator.py
[2024-12-25T15:07:38.926+0000] {logging_mixin.py:188} INFO - [2024-12-25T15:07:38.917+0000] {dag.py:3047} INFO - Sync 1 DAGs
[2024-12-25T15:07:41.467+0000] {logging_mixin.py:188} INFO - [2024-12-25T15:07:41.396+0000] {dag.py:3834} INFO - Setting next_dagrun for example_dag_decorator to None, run_after=None
[2024-12-25T15:07:44.167+0000] {processor.py:183} INFO - Processing /home/airflow/.local/lib/python3.10/site-packages/airflow/example_dags/example_dag_decorator.py took 30.260 seconds
