[2024-12-25T14:24:03.225+0000] {processor.py:161} INFO - Started process (PID=7862) to work on /home/airflow/.local/lib/python3.10/site-packages/airflow/example_dags/example_skip_dag.py
[2024-12-25T14:24:03.230+0000] {processor.py:830} INFO - Processing file /home/airflow/.local/lib/python3.10/site-packages/airflow/example_dags/example_skip_dag.py for tasks to queue
[2024-12-25T14:24:03.233+0000] {logging_mixin.py:188} INFO - [2024-12-25T14:24:03.231+0000] {dagbag.py:540} INFO - Filling up the DagBag from /home/airflow/.local/lib/python3.10/site-packages/airflow/example_dags/example_skip_dag.py
[2024-12-25T14:24:03.257+0000] {processor.py:840} INFO - DAG(s) 'example_skip_dag' retrieved from /home/airflow/.local/lib/python3.10/site-packages/airflow/example_dags/example_skip_dag.py
[2024-12-25T14:24:03.521+0000] {logging_mixin.py:188} INFO - [2024-12-25T14:24:03.521+0000] {dag.py:3047} INFO - Sync 1 DAGs
[2024-12-25T14:24:03.811+0000] {logging_mixin.py:188} INFO - [2024-12-25T14:24:03.810+0000] {dag.py:3834} INFO - Setting next_dagrun for example_skip_dag to 2024-12-24 00:00:00+00:00, run_after=2024-12-25 00:00:00+00:00
[2024-12-25T14:24:04.074+0000] {processor.py:183} INFO - Processing /home/airflow/.local/lib/python3.10/site-packages/airflow/example_dags/example_skip_dag.py took 0.857 seconds
[2024-12-25T14:24:41.468+0000] {processor.py:161} INFO - Started process (PID=7917) to work on /home/airflow/.local/lib/python3.10/site-packages/airflow/example_dags/example_skip_dag.py
[2024-12-25T14:24:41.473+0000] {processor.py:830} INFO - Processing file /home/airflow/.local/lib/python3.10/site-packages/airflow/example_dags/example_skip_dag.py for tasks to queue
[2024-12-25T14:24:41.479+0000] {logging_mixin.py:188} INFO - [2024-12-25T14:24:41.476+0000] {dagbag.py:540} INFO - Filling up the DagBag from /home/airflow/.local/lib/python3.10/site-packages/airflow/example_dags/example_skip_dag.py
[2024-12-25T14:24:41.556+0000] {processor.py:840} INFO - DAG(s) 'example_skip_dag' retrieved from /home/airflow/.local/lib/python3.10/site-packages/airflow/example_dags/example_skip_dag.py
[2024-12-25T14:24:41.658+0000] {logging_mixin.py:188} INFO - [2024-12-25T14:24:41.658+0000] {dag.py:3047} INFO - Sync 1 DAGs
[2024-12-25T14:24:41.738+0000] {logging_mixin.py:188} INFO - [2024-12-25T14:24:41.737+0000] {dag.py:3834} INFO - Setting next_dagrun for example_skip_dag to 2024-12-24 00:00:00+00:00, run_after=2024-12-25 00:00:00+00:00
[2024-12-25T14:24:41.887+0000] {processor.py:183} INFO - Processing /home/airflow/.local/lib/python3.10/site-packages/airflow/example_dags/example_skip_dag.py took 0.425 seconds
[2024-12-25T14:25:12.127+0000] {processor.py:161} INFO - Started process (PID=7972) to work on /home/airflow/.local/lib/python3.10/site-packages/airflow/example_dags/example_skip_dag.py
[2024-12-25T14:25:12.129+0000] {processor.py:830} INFO - Processing file /home/airflow/.local/lib/python3.10/site-packages/airflow/example_dags/example_skip_dag.py for tasks to queue
[2024-12-25T14:25:12.130+0000] {logging_mixin.py:188} INFO - [2024-12-25T14:25:12.129+0000] {dagbag.py:540} INFO - Filling up the DagBag from /home/airflow/.local/lib/python3.10/site-packages/airflow/example_dags/example_skip_dag.py
[2024-12-25T14:25:12.139+0000] {processor.py:840} INFO - DAG(s) 'example_skip_dag' retrieved from /home/airflow/.local/lib/python3.10/site-packages/airflow/example_dags/example_skip_dag.py
[2024-12-25T14:25:12.167+0000] {logging_mixin.py:188} INFO - [2024-12-25T14:25:12.167+0000] {dag.py:3047} INFO - Sync 1 DAGs
[2024-12-25T14:25:12.192+0000] {logging_mixin.py:188} INFO - [2024-12-25T14:25:12.192+0000] {dag.py:3834} INFO - Setting next_dagrun for example_skip_dag to 2024-12-24 00:00:00+00:00, run_after=2024-12-25 00:00:00+00:00
[2024-12-25T14:25:12.220+0000] {processor.py:183} INFO - Processing /home/airflow/.local/lib/python3.10/site-packages/airflow/example_dags/example_skip_dag.py took 0.098 seconds
[2024-12-25T14:25:42.346+0000] {processor.py:161} INFO - Started process (PID=8028) to work on /home/airflow/.local/lib/python3.10/site-packages/airflow/example_dags/example_skip_dag.py
[2024-12-25T14:25:42.348+0000] {processor.py:830} INFO - Processing file /home/airflow/.local/lib/python3.10/site-packages/airflow/example_dags/example_skip_dag.py for tasks to queue
[2024-12-25T14:25:42.349+0000] {logging_mixin.py:188} INFO - [2024-12-25T14:25:42.349+0000] {dagbag.py:540} INFO - Filling up the DagBag from /home/airflow/.local/lib/python3.10/site-packages/airflow/example_dags/example_skip_dag.py
[2024-12-25T14:25:42.356+0000] {processor.py:840} INFO - DAG(s) 'example_skip_dag' retrieved from /home/airflow/.local/lib/python3.10/site-packages/airflow/example_dags/example_skip_dag.py
[2024-12-25T14:25:42.382+0000] {logging_mixin.py:188} INFO - [2024-12-25T14:25:42.382+0000] {dag.py:3047} INFO - Sync 1 DAGs
[2024-12-25T14:25:42.405+0000] {logging_mixin.py:188} INFO - [2024-12-25T14:25:42.404+0000] {dag.py:3834} INFO - Setting next_dagrun for example_skip_dag to 2024-12-24 00:00:00+00:00, run_after=2024-12-25 00:00:00+00:00
[2024-12-25T14:25:42.427+0000] {processor.py:183} INFO - Processing /home/airflow/.local/lib/python3.10/site-packages/airflow/example_dags/example_skip_dag.py took 0.085 seconds
[2024-12-25T14:26:12.798+0000] {processor.py:161} INFO - Started process (PID=8083) to work on /home/airflow/.local/lib/python3.10/site-packages/airflow/example_dags/example_skip_dag.py
[2024-12-25T14:26:12.799+0000] {processor.py:830} INFO - Processing file /home/airflow/.local/lib/python3.10/site-packages/airflow/example_dags/example_skip_dag.py for tasks to queue
[2024-12-25T14:26:12.801+0000] {logging_mixin.py:188} INFO - [2024-12-25T14:26:12.800+0000] {dagbag.py:540} INFO - Filling up the DagBag from /home/airflow/.local/lib/python3.10/site-packages/airflow/example_dags/example_skip_dag.py
[2024-12-25T14:26:12.808+0000] {processor.py:840} INFO - DAG(s) 'example_skip_dag' retrieved from /home/airflow/.local/lib/python3.10/site-packages/airflow/example_dags/example_skip_dag.py
[2024-12-25T14:26:12.829+0000] {logging_mixin.py:188} INFO - [2024-12-25T14:26:12.829+0000] {dag.py:3047} INFO - Sync 1 DAGs
[2024-12-25T14:26:12.851+0000] {logging_mixin.py:188} INFO - [2024-12-25T14:26:12.850+0000] {dag.py:3834} INFO - Setting next_dagrun for example_skip_dag to 2024-12-24 00:00:00+00:00, run_after=2024-12-25 00:00:00+00:00
[2024-12-25T14:26:12.871+0000] {processor.py:183} INFO - Processing /home/airflow/.local/lib/python3.10/site-packages/airflow/example_dags/example_skip_dag.py took 0.078 seconds
[2024-12-25T14:26:43.577+0000] {processor.py:161} INFO - Started process (PID=8139) to work on /home/airflow/.local/lib/python3.10/site-packages/airflow/example_dags/example_skip_dag.py
[2024-12-25T14:26:43.579+0000] {processor.py:830} INFO - Processing file /home/airflow/.local/lib/python3.10/site-packages/airflow/example_dags/example_skip_dag.py for tasks to queue
[2024-12-25T14:26:43.581+0000] {logging_mixin.py:188} INFO - [2024-12-25T14:26:43.580+0000] {dagbag.py:540} INFO - Filling up the DagBag from /home/airflow/.local/lib/python3.10/site-packages/airflow/example_dags/example_skip_dag.py
[2024-12-25T14:26:43.597+0000] {processor.py:840} INFO - DAG(s) 'example_skip_dag' retrieved from /home/airflow/.local/lib/python3.10/site-packages/airflow/example_dags/example_skip_dag.py
[2024-12-25T14:26:43.634+0000] {logging_mixin.py:188} INFO - [2024-12-25T14:26:43.633+0000] {dag.py:3047} INFO - Sync 1 DAGs
[2024-12-25T14:26:43.673+0000] {logging_mixin.py:188} INFO - [2024-12-25T14:26:43.672+0000] {dag.py:3834} INFO - Setting next_dagrun for example_skip_dag to 2024-12-24 00:00:00+00:00, run_after=2024-12-25 00:00:00+00:00
[2024-12-25T14:26:43.727+0000] {processor.py:183} INFO - Processing /home/airflow/.local/lib/python3.10/site-packages/airflow/example_dags/example_skip_dag.py took 0.156 seconds
[2024-12-25T14:27:14.265+0000] {processor.py:161} INFO - Started process (PID=8194) to work on /home/airflow/.local/lib/python3.10/site-packages/airflow/example_dags/example_skip_dag.py
[2024-12-25T14:27:14.266+0000] {processor.py:830} INFO - Processing file /home/airflow/.local/lib/python3.10/site-packages/airflow/example_dags/example_skip_dag.py for tasks to queue
[2024-12-25T14:27:14.267+0000] {logging_mixin.py:188} INFO - [2024-12-25T14:27:14.267+0000] {dagbag.py:540} INFO - Filling up the DagBag from /home/airflow/.local/lib/python3.10/site-packages/airflow/example_dags/example_skip_dag.py
[2024-12-25T14:27:14.275+0000] {processor.py:840} INFO - DAG(s) 'example_skip_dag' retrieved from /home/airflow/.local/lib/python3.10/site-packages/airflow/example_dags/example_skip_dag.py
[2024-12-25T14:27:14.307+0000] {logging_mixin.py:188} INFO - [2024-12-25T14:27:14.306+0000] {dag.py:3047} INFO - Sync 1 DAGs
[2024-12-25T14:27:14.334+0000] {logging_mixin.py:188} INFO - [2024-12-25T14:27:14.334+0000] {dag.py:3834} INFO - Setting next_dagrun for example_skip_dag to 2024-12-24 00:00:00+00:00, run_after=2024-12-25 00:00:00+00:00
[2024-12-25T14:27:14.370+0000] {processor.py:183} INFO - Processing /home/airflow/.local/lib/python3.10/site-packages/airflow/example_dags/example_skip_dag.py took 0.110 seconds
[2024-12-25T14:27:44.887+0000] {processor.py:161} INFO - Started process (PID=8250) to work on /home/airflow/.local/lib/python3.10/site-packages/airflow/example_dags/example_skip_dag.py
[2024-12-25T14:27:44.888+0000] {processor.py:830} INFO - Processing file /home/airflow/.local/lib/python3.10/site-packages/airflow/example_dags/example_skip_dag.py for tasks to queue
[2024-12-25T14:27:44.889+0000] {logging_mixin.py:188} INFO - [2024-12-25T14:27:44.889+0000] {dagbag.py:540} INFO - Filling up the DagBag from /home/airflow/.local/lib/python3.10/site-packages/airflow/example_dags/example_skip_dag.py
[2024-12-25T14:27:44.903+0000] {processor.py:840} INFO - DAG(s) 'example_skip_dag' retrieved from /home/airflow/.local/lib/python3.10/site-packages/airflow/example_dags/example_skip_dag.py
[2024-12-25T14:27:44.939+0000] {logging_mixin.py:188} INFO - [2024-12-25T14:27:44.938+0000] {dag.py:3047} INFO - Sync 1 DAGs
[2024-12-25T14:27:44.970+0000] {logging_mixin.py:188} INFO - [2024-12-25T14:27:44.970+0000] {dag.py:3834} INFO - Setting next_dagrun for example_skip_dag to 2024-12-24 00:00:00+00:00, run_after=2024-12-25 00:00:00+00:00
[2024-12-25T14:27:45.007+0000] {processor.py:183} INFO - Processing /home/airflow/.local/lib/python3.10/site-packages/airflow/example_dags/example_skip_dag.py took 0.127 seconds
[2024-12-25T14:28:15.737+0000] {processor.py:161} INFO - Started process (PID=8306) to work on /home/airflow/.local/lib/python3.10/site-packages/airflow/example_dags/example_skip_dag.py
[2024-12-25T14:28:15.739+0000] {processor.py:830} INFO - Processing file /home/airflow/.local/lib/python3.10/site-packages/airflow/example_dags/example_skip_dag.py for tasks to queue
[2024-12-25T14:28:15.741+0000] {logging_mixin.py:188} INFO - [2024-12-25T14:28:15.740+0000] {dagbag.py:540} INFO - Filling up the DagBag from /home/airflow/.local/lib/python3.10/site-packages/airflow/example_dags/example_skip_dag.py
[2024-12-25T14:28:15.758+0000] {processor.py:840} INFO - DAG(s) 'example_skip_dag' retrieved from /home/airflow/.local/lib/python3.10/site-packages/airflow/example_dags/example_skip_dag.py
[2024-12-25T14:28:15.795+0000] {logging_mixin.py:188} INFO - [2024-12-25T14:28:15.795+0000] {dag.py:3047} INFO - Sync 1 DAGs
[2024-12-25T14:28:15.831+0000] {logging_mixin.py:188} INFO - [2024-12-25T14:28:15.830+0000] {dag.py:3834} INFO - Setting next_dagrun for example_skip_dag to 2024-12-24 00:00:00+00:00, run_after=2024-12-25 00:00:00+00:00
[2024-12-25T14:28:15.863+0000] {processor.py:183} INFO - Processing /home/airflow/.local/lib/python3.10/site-packages/airflow/example_dags/example_skip_dag.py took 0.134 seconds
[2024-12-25T14:28:46.378+0000] {processor.py:161} INFO - Started process (PID=8362) to work on /home/airflow/.local/lib/python3.10/site-packages/airflow/example_dags/example_skip_dag.py
[2024-12-25T14:28:46.381+0000] {processor.py:830} INFO - Processing file /home/airflow/.local/lib/python3.10/site-packages/airflow/example_dags/example_skip_dag.py for tasks to queue
[2024-12-25T14:28:46.385+0000] {logging_mixin.py:188} INFO - [2024-12-25T14:28:46.384+0000] {dagbag.py:540} INFO - Filling up the DagBag from /home/airflow/.local/lib/python3.10/site-packages/airflow/example_dags/example_skip_dag.py
[2024-12-25T14:28:46.399+0000] {processor.py:840} INFO - DAG(s) 'example_skip_dag' retrieved from /home/airflow/.local/lib/python3.10/site-packages/airflow/example_dags/example_skip_dag.py
[2024-12-25T14:28:46.436+0000] {logging_mixin.py:188} INFO - [2024-12-25T14:28:46.436+0000] {dag.py:3047} INFO - Sync 1 DAGs
[2024-12-25T14:28:46.474+0000] {logging_mixin.py:188} INFO - [2024-12-25T14:28:46.474+0000] {dag.py:3834} INFO - Setting next_dagrun for example_skip_dag to 2024-12-24 00:00:00+00:00, run_after=2024-12-25 00:00:00+00:00
[2024-12-25T14:28:46.511+0000] {processor.py:183} INFO - Processing /home/airflow/.local/lib/python3.10/site-packages/airflow/example_dags/example_skip_dag.py took 0.143 seconds
[2024-12-25T14:29:16.799+0000] {processor.py:161} INFO - Started process (PID=8418) to work on /home/airflow/.local/lib/python3.10/site-packages/airflow/example_dags/example_skip_dag.py
[2024-12-25T14:29:16.801+0000] {processor.py:830} INFO - Processing file /home/airflow/.local/lib/python3.10/site-packages/airflow/example_dags/example_skip_dag.py for tasks to queue
[2024-12-25T14:29:16.806+0000] {logging_mixin.py:188} INFO - [2024-12-25T14:29:16.804+0000] {dagbag.py:540} INFO - Filling up the DagBag from /home/airflow/.local/lib/python3.10/site-packages/airflow/example_dags/example_skip_dag.py
[2024-12-25T14:29:16.829+0000] {processor.py:840} INFO - DAG(s) 'example_skip_dag' retrieved from /home/airflow/.local/lib/python3.10/site-packages/airflow/example_dags/example_skip_dag.py
[2024-12-25T14:29:16.911+0000] {logging_mixin.py:188} INFO - [2024-12-25T14:29:16.910+0000] {dag.py:3047} INFO - Sync 1 DAGs
[2024-12-25T14:29:16.974+0000] {logging_mixin.py:188} INFO - [2024-12-25T14:29:16.973+0000] {dag.py:3834} INFO - Setting next_dagrun for example_skip_dag to 2024-12-24 00:00:00+00:00, run_after=2024-12-25 00:00:00+00:00
[2024-12-25T14:29:17.017+0000] {processor.py:183} INFO - Processing /home/airflow/.local/lib/python3.10/site-packages/airflow/example_dags/example_skip_dag.py took 0.231 seconds
[2024-12-25T14:29:47.458+0000] {processor.py:161} INFO - Started process (PID=8473) to work on /home/airflow/.local/lib/python3.10/site-packages/airflow/example_dags/example_skip_dag.py
[2024-12-25T14:29:47.461+0000] {processor.py:830} INFO - Processing file /home/airflow/.local/lib/python3.10/site-packages/airflow/example_dags/example_skip_dag.py for tasks to queue
[2024-12-25T14:29:47.464+0000] {logging_mixin.py:188} INFO - [2024-12-25T14:29:47.463+0000] {dagbag.py:540} INFO - Filling up the DagBag from /home/airflow/.local/lib/python3.10/site-packages/airflow/example_dags/example_skip_dag.py
[2024-12-25T14:29:47.490+0000] {processor.py:840} INFO - DAG(s) 'example_skip_dag' retrieved from /home/airflow/.local/lib/python3.10/site-packages/airflow/example_dags/example_skip_dag.py
[2024-12-25T14:29:47.553+0000] {logging_mixin.py:188} INFO - [2024-12-25T14:29:47.552+0000] {dag.py:3047} INFO - Sync 1 DAGs
[2024-12-25T14:29:47.630+0000] {logging_mixin.py:188} INFO - [2024-12-25T14:29:47.629+0000] {dag.py:3834} INFO - Setting next_dagrun for example_skip_dag to 2024-12-24 00:00:00+00:00, run_after=2024-12-25 00:00:00+00:00
[2024-12-25T14:29:47.683+0000] {processor.py:183} INFO - Processing /home/airflow/.local/lib/python3.10/site-packages/airflow/example_dags/example_skip_dag.py took 0.235 seconds
[2024-12-25T14:30:21.224+0000] {processor.py:161} INFO - Started process (PID=8528) to work on /home/airflow/.local/lib/python3.10/site-packages/airflow/example_dags/example_skip_dag.py
[2024-12-25T14:30:21.226+0000] {processor.py:830} INFO - Processing file /home/airflow/.local/lib/python3.10/site-packages/airflow/example_dags/example_skip_dag.py for tasks to queue
[2024-12-25T14:30:21.227+0000] {logging_mixin.py:188} INFO - [2024-12-25T14:30:21.227+0000] {dagbag.py:540} INFO - Filling up the DagBag from /home/airflow/.local/lib/python3.10/site-packages/airflow/example_dags/example_skip_dag.py
[2024-12-25T14:30:21.288+0000] {processor.py:840} INFO - DAG(s) 'example_skip_dag' retrieved from /home/airflow/.local/lib/python3.10/site-packages/airflow/example_dags/example_skip_dag.py
[2024-12-25T14:30:21.423+0000] {logging_mixin.py:188} INFO - [2024-12-25T14:30:21.421+0000] {dag.py:3047} INFO - Sync 1 DAGs
[2024-12-25T14:30:21.604+0000] {logging_mixin.py:188} INFO - [2024-12-25T14:30:21.604+0000] {dag.py:3834} INFO - Setting next_dagrun for example_skip_dag to 2024-12-24 00:00:00+00:00, run_after=2024-12-25 00:00:00+00:00
[2024-12-25T14:30:21.734+0000] {processor.py:183} INFO - Processing /home/airflow/.local/lib/python3.10/site-packages/airflow/example_dags/example_skip_dag.py took 0.536 seconds
[2024-12-25T14:30:52.251+0000] {processor.py:161} INFO - Started process (PID=8583) to work on /home/airflow/.local/lib/python3.10/site-packages/airflow/example_dags/example_skip_dag.py
[2024-12-25T14:30:52.254+0000] {processor.py:830} INFO - Processing file /home/airflow/.local/lib/python3.10/site-packages/airflow/example_dags/example_skip_dag.py for tasks to queue
[2024-12-25T14:30:52.255+0000] {logging_mixin.py:188} INFO - [2024-12-25T14:30:52.255+0000] {dagbag.py:540} INFO - Filling up the DagBag from /home/airflow/.local/lib/python3.10/site-packages/airflow/example_dags/example_skip_dag.py
[2024-12-25T14:30:52.265+0000] {processor.py:840} INFO - DAG(s) 'example_skip_dag' retrieved from /home/airflow/.local/lib/python3.10/site-packages/airflow/example_dags/example_skip_dag.py
[2024-12-25T14:30:52.298+0000] {logging_mixin.py:188} INFO - [2024-12-25T14:30:52.298+0000] {dag.py:3047} INFO - Sync 1 DAGs
[2024-12-25T14:30:52.326+0000] {logging_mixin.py:188} INFO - [2024-12-25T14:30:52.325+0000] {dag.py:3834} INFO - Setting next_dagrun for example_skip_dag to 2024-12-24 00:00:00+00:00, run_after=2024-12-25 00:00:00+00:00
[2024-12-25T14:30:53.539+0000] {processor.py:183} INFO - Processing /home/airflow/.local/lib/python3.10/site-packages/airflow/example_dags/example_skip_dag.py took 1.292 seconds
[2024-12-25T14:31:23.651+0000] {processor.py:161} INFO - Started process (PID=8637) to work on /home/airflow/.local/lib/python3.10/site-packages/airflow/example_dags/example_skip_dag.py
[2024-12-25T14:31:23.653+0000] {processor.py:830} INFO - Processing file /home/airflow/.local/lib/python3.10/site-packages/airflow/example_dags/example_skip_dag.py for tasks to queue
[2024-12-25T14:31:23.654+0000] {logging_mixin.py:188} INFO - [2024-12-25T14:31:23.653+0000] {dagbag.py:540} INFO - Filling up the DagBag from /home/airflow/.local/lib/python3.10/site-packages/airflow/example_dags/example_skip_dag.py
[2024-12-25T14:31:23.665+0000] {processor.py:840} INFO - DAG(s) 'example_skip_dag' retrieved from /home/airflow/.local/lib/python3.10/site-packages/airflow/example_dags/example_skip_dag.py
[2024-12-25T14:31:23.689+0000] {logging_mixin.py:188} INFO - [2024-12-25T14:31:23.689+0000] {dag.py:3047} INFO - Sync 1 DAGs
[2024-12-25T14:31:23.716+0000] {logging_mixin.py:188} INFO - [2024-12-25T14:31:23.716+0000] {dag.py:3834} INFO - Setting next_dagrun for example_skip_dag to 2024-12-24 00:00:00+00:00, run_after=2024-12-25 00:00:00+00:00
[2024-12-25T14:31:23.738+0000] {processor.py:183} INFO - Processing /home/airflow/.local/lib/python3.10/site-packages/airflow/example_dags/example_skip_dag.py took 0.092 seconds
[2024-12-25T14:31:53.976+0000] {processor.py:161} INFO - Started process (PID=8693) to work on /home/airflow/.local/lib/python3.10/site-packages/airflow/example_dags/example_skip_dag.py
[2024-12-25T14:31:53.977+0000] {processor.py:830} INFO - Processing file /home/airflow/.local/lib/python3.10/site-packages/airflow/example_dags/example_skip_dag.py for tasks to queue
[2024-12-25T14:31:53.978+0000] {logging_mixin.py:188} INFO - [2024-12-25T14:31:53.978+0000] {dagbag.py:540} INFO - Filling up the DagBag from /home/airflow/.local/lib/python3.10/site-packages/airflow/example_dags/example_skip_dag.py
[2024-12-25T14:31:53.994+0000] {processor.py:840} INFO - DAG(s) 'example_skip_dag' retrieved from /home/airflow/.local/lib/python3.10/site-packages/airflow/example_dags/example_skip_dag.py
[2024-12-25T14:31:54.024+0000] {logging_mixin.py:188} INFO - [2024-12-25T14:31:54.023+0000] {dag.py:3047} INFO - Sync 1 DAGs
[2024-12-25T14:31:54.058+0000] {logging_mixin.py:188} INFO - [2024-12-25T14:31:54.057+0000] {dag.py:3834} INFO - Setting next_dagrun for example_skip_dag to 2024-12-24 00:00:00+00:00, run_after=2024-12-25 00:00:00+00:00
[2024-12-25T14:31:54.090+0000] {processor.py:183} INFO - Processing /home/airflow/.local/lib/python3.10/site-packages/airflow/example_dags/example_skip_dag.py took 0.119 seconds
[2024-12-25T14:32:24.197+0000] {processor.py:161} INFO - Started process (PID=8749) to work on /home/airflow/.local/lib/python3.10/site-packages/airflow/example_dags/example_skip_dag.py
[2024-12-25T14:32:24.198+0000] {processor.py:830} INFO - Processing file /home/airflow/.local/lib/python3.10/site-packages/airflow/example_dags/example_skip_dag.py for tasks to queue
[2024-12-25T14:32:24.201+0000] {logging_mixin.py:188} INFO - [2024-12-25T14:32:24.199+0000] {dagbag.py:540} INFO - Filling up the DagBag from /home/airflow/.local/lib/python3.10/site-packages/airflow/example_dags/example_skip_dag.py
[2024-12-25T14:32:24.213+0000] {processor.py:840} INFO - DAG(s) 'example_skip_dag' retrieved from /home/airflow/.local/lib/python3.10/site-packages/airflow/example_dags/example_skip_dag.py
[2024-12-25T14:32:24.255+0000] {logging_mixin.py:188} INFO - [2024-12-25T14:32:24.254+0000] {dag.py:3047} INFO - Sync 1 DAGs
[2024-12-25T14:32:24.426+0000] {logging_mixin.py:188} INFO - [2024-12-25T14:32:24.426+0000] {dag.py:3834} INFO - Setting next_dagrun for example_skip_dag to 2024-12-24 00:00:00+00:00, run_after=2024-12-25 00:00:00+00:00
[2024-12-25T14:32:24.455+0000] {processor.py:183} INFO - Processing /home/airflow/.local/lib/python3.10/site-packages/airflow/example_dags/example_skip_dag.py took 0.262 seconds
[2024-12-25T14:32:54.648+0000] {processor.py:161} INFO - Started process (PID=8804) to work on /home/airflow/.local/lib/python3.10/site-packages/airflow/example_dags/example_skip_dag.py
[2024-12-25T14:32:54.649+0000] {processor.py:830} INFO - Processing file /home/airflow/.local/lib/python3.10/site-packages/airflow/example_dags/example_skip_dag.py for tasks to queue
[2024-12-25T14:32:54.650+0000] {logging_mixin.py:188} INFO - [2024-12-25T14:32:54.650+0000] {dagbag.py:540} INFO - Filling up the DagBag from /home/airflow/.local/lib/python3.10/site-packages/airflow/example_dags/example_skip_dag.py
[2024-12-25T14:32:54.660+0000] {processor.py:840} INFO - DAG(s) 'example_skip_dag' retrieved from /home/airflow/.local/lib/python3.10/site-packages/airflow/example_dags/example_skip_dag.py
[2024-12-25T14:32:54.695+0000] {logging_mixin.py:188} INFO - [2024-12-25T14:32:54.694+0000] {dag.py:3047} INFO - Sync 1 DAGs
[2024-12-25T14:32:54.724+0000] {logging_mixin.py:188} INFO - [2024-12-25T14:32:54.724+0000] {dag.py:3834} INFO - Setting next_dagrun for example_skip_dag to 2024-12-24 00:00:00+00:00, run_after=2024-12-25 00:00:00+00:00
[2024-12-25T14:32:54.913+0000] {processor.py:183} INFO - Processing /home/airflow/.local/lib/python3.10/site-packages/airflow/example_dags/example_skip_dag.py took 0.269 seconds
[2024-12-25T14:33:25.315+0000] {processor.py:161} INFO - Started process (PID=8860) to work on /home/airflow/.local/lib/python3.10/site-packages/airflow/example_dags/example_skip_dag.py
[2024-12-25T14:33:25.316+0000] {processor.py:830} INFO - Processing file /home/airflow/.local/lib/python3.10/site-packages/airflow/example_dags/example_skip_dag.py for tasks to queue
[2024-12-25T14:33:25.317+0000] {logging_mixin.py:188} INFO - [2024-12-25T14:33:25.317+0000] {dagbag.py:540} INFO - Filling up the DagBag from /home/airflow/.local/lib/python3.10/site-packages/airflow/example_dags/example_skip_dag.py
[2024-12-25T14:33:25.326+0000] {processor.py:840} INFO - DAG(s) 'example_skip_dag' retrieved from /home/airflow/.local/lib/python3.10/site-packages/airflow/example_dags/example_skip_dag.py
[2024-12-25T14:33:25.358+0000] {logging_mixin.py:188} INFO - [2024-12-25T14:33:25.358+0000] {dag.py:3047} INFO - Sync 1 DAGs
[2024-12-25T14:33:25.385+0000] {logging_mixin.py:188} INFO - [2024-12-25T14:33:25.385+0000] {dag.py:3834} INFO - Setting next_dagrun for example_skip_dag to 2024-12-24 00:00:00+00:00, run_after=2024-12-25 00:00:00+00:00
[2024-12-25T14:33:25.408+0000] {processor.py:183} INFO - Processing /home/airflow/.local/lib/python3.10/site-packages/airflow/example_dags/example_skip_dag.py took 0.099 seconds
[2024-12-25T14:33:55.603+0000] {processor.py:161} INFO - Started process (PID=8915) to work on /home/airflow/.local/lib/python3.10/site-packages/airflow/example_dags/example_skip_dag.py
[2024-12-25T14:33:55.606+0000] {processor.py:830} INFO - Processing file /home/airflow/.local/lib/python3.10/site-packages/airflow/example_dags/example_skip_dag.py for tasks to queue
[2024-12-25T14:33:55.608+0000] {logging_mixin.py:188} INFO - [2024-12-25T14:33:55.608+0000] {dagbag.py:540} INFO - Filling up the DagBag from /home/airflow/.local/lib/python3.10/site-packages/airflow/example_dags/example_skip_dag.py
[2024-12-25T14:33:55.877+0000] {processor.py:840} INFO - DAG(s) 'example_skip_dag' retrieved from /home/airflow/.local/lib/python3.10/site-packages/airflow/example_dags/example_skip_dag.py
[2024-12-25T14:33:55.921+0000] {logging_mixin.py:188} INFO - [2024-12-25T14:33:55.921+0000] {dag.py:3047} INFO - Sync 1 DAGs
[2024-12-25T14:33:55.958+0000] {logging_mixin.py:188} INFO - [2024-12-25T14:33:55.958+0000] {dag.py:3834} INFO - Setting next_dagrun for example_skip_dag to 2024-12-24 00:00:00+00:00, run_after=2024-12-25 00:00:00+00:00
[2024-12-25T14:33:56.002+0000] {processor.py:183} INFO - Processing /home/airflow/.local/lib/python3.10/site-packages/airflow/example_dags/example_skip_dag.py took 0.410 seconds
[2024-12-25T14:34:26.251+0000] {processor.py:161} INFO - Started process (PID=8970) to work on /home/airflow/.local/lib/python3.10/site-packages/airflow/example_dags/example_skip_dag.py
[2024-12-25T14:34:26.254+0000] {processor.py:830} INFO - Processing file /home/airflow/.local/lib/python3.10/site-packages/airflow/example_dags/example_skip_dag.py for tasks to queue
[2024-12-25T14:34:26.256+0000] {logging_mixin.py:188} INFO - [2024-12-25T14:34:26.255+0000] {dagbag.py:540} INFO - Filling up the DagBag from /home/airflow/.local/lib/python3.10/site-packages/airflow/example_dags/example_skip_dag.py
[2024-12-25T14:34:26.267+0000] {processor.py:840} INFO - DAG(s) 'example_skip_dag' retrieved from /home/airflow/.local/lib/python3.10/site-packages/airflow/example_dags/example_skip_dag.py
[2024-12-25T14:34:26.301+0000] {logging_mixin.py:188} INFO - [2024-12-25T14:34:26.300+0000] {dag.py:3047} INFO - Sync 1 DAGs
[2024-12-25T14:34:26.336+0000] {logging_mixin.py:188} INFO - [2024-12-25T14:34:26.335+0000] {dag.py:3834} INFO - Setting next_dagrun for example_skip_dag to 2024-12-24 00:00:00+00:00, run_after=2024-12-25 00:00:00+00:00
[2024-12-25T14:34:26.375+0000] {processor.py:183} INFO - Processing /home/airflow/.local/lib/python3.10/site-packages/airflow/example_dags/example_skip_dag.py took 0.130 seconds
[2024-12-25T14:34:56.608+0000] {processor.py:161} INFO - Started process (PID=9024) to work on /home/airflow/.local/lib/python3.10/site-packages/airflow/example_dags/example_skip_dag.py
[2024-12-25T14:34:56.610+0000] {processor.py:830} INFO - Processing file /home/airflow/.local/lib/python3.10/site-packages/airflow/example_dags/example_skip_dag.py for tasks to queue
[2024-12-25T14:34:56.611+0000] {logging_mixin.py:188} INFO - [2024-12-25T14:34:56.611+0000] {dagbag.py:540} INFO - Filling up the DagBag from /home/airflow/.local/lib/python3.10/site-packages/airflow/example_dags/example_skip_dag.py
[2024-12-25T14:34:56.627+0000] {processor.py:840} INFO - DAG(s) 'example_skip_dag' retrieved from /home/airflow/.local/lib/python3.10/site-packages/airflow/example_dags/example_skip_dag.py
[2024-12-25T14:34:56.671+0000] {logging_mixin.py:188} INFO - [2024-12-25T14:34:56.671+0000] {dag.py:3047} INFO - Sync 1 DAGs
[2024-12-25T14:34:56.718+0000] {logging_mixin.py:188} INFO - [2024-12-25T14:34:56.718+0000] {dag.py:3834} INFO - Setting next_dagrun for example_skip_dag to 2024-12-24 00:00:00+00:00, run_after=2024-12-25 00:00:00+00:00
[2024-12-25T14:34:56.754+0000] {processor.py:183} INFO - Processing /home/airflow/.local/lib/python3.10/site-packages/airflow/example_dags/example_skip_dag.py took 0.154 seconds
[2024-12-25T14:35:26.946+0000] {processor.py:161} INFO - Started process (PID=9078) to work on /home/airflow/.local/lib/python3.10/site-packages/airflow/example_dags/example_skip_dag.py
[2024-12-25T14:35:26.949+0000] {processor.py:830} INFO - Processing file /home/airflow/.local/lib/python3.10/site-packages/airflow/example_dags/example_skip_dag.py for tasks to queue
[2024-12-25T14:35:26.950+0000] {logging_mixin.py:188} INFO - [2024-12-25T14:35:26.950+0000] {dagbag.py:540} INFO - Filling up the DagBag from /home/airflow/.local/lib/python3.10/site-packages/airflow/example_dags/example_skip_dag.py
[2024-12-25T14:35:26.966+0000] {processor.py:840} INFO - DAG(s) 'example_skip_dag' retrieved from /home/airflow/.local/lib/python3.10/site-packages/airflow/example_dags/example_skip_dag.py
[2024-12-25T14:35:27.009+0000] {logging_mixin.py:188} INFO - [2024-12-25T14:35:27.009+0000] {dag.py:3047} INFO - Sync 1 DAGs
[2024-12-25T14:35:27.052+0000] {logging_mixin.py:188} INFO - [2024-12-25T14:35:27.051+0000] {dag.py:3834} INFO - Setting next_dagrun for example_skip_dag to 2024-12-24 00:00:00+00:00, run_after=2024-12-25 00:00:00+00:00
[2024-12-25T14:35:27.097+0000] {processor.py:183} INFO - Processing /home/airflow/.local/lib/python3.10/site-packages/airflow/example_dags/example_skip_dag.py took 0.158 seconds
[2024-12-25T14:35:57.469+0000] {processor.py:161} INFO - Started process (PID=9134) to work on /home/airflow/.local/lib/python3.10/site-packages/airflow/example_dags/example_skip_dag.py
[2024-12-25T14:35:57.470+0000] {processor.py:830} INFO - Processing file /home/airflow/.local/lib/python3.10/site-packages/airflow/example_dags/example_skip_dag.py for tasks to queue
[2024-12-25T14:35:57.471+0000] {logging_mixin.py:188} INFO - [2024-12-25T14:35:57.471+0000] {dagbag.py:540} INFO - Filling up the DagBag from /home/airflow/.local/lib/python3.10/site-packages/airflow/example_dags/example_skip_dag.py
[2024-12-25T14:35:57.490+0000] {processor.py:840} INFO - DAG(s) 'example_skip_dag' retrieved from /home/airflow/.local/lib/python3.10/site-packages/airflow/example_dags/example_skip_dag.py
[2024-12-25T14:35:57.527+0000] {logging_mixin.py:188} INFO - [2024-12-25T14:35:57.527+0000] {dag.py:3047} INFO - Sync 1 DAGs
[2024-12-25T14:35:57.565+0000] {logging_mixin.py:188} INFO - [2024-12-25T14:35:57.565+0000] {dag.py:3834} INFO - Setting next_dagrun for example_skip_dag to 2024-12-24 00:00:00+00:00, run_after=2024-12-25 00:00:00+00:00
[2024-12-25T14:35:57.595+0000] {processor.py:183} INFO - Processing /home/airflow/.local/lib/python3.10/site-packages/airflow/example_dags/example_skip_dag.py took 0.131 seconds
[2024-12-25T14:36:27.745+0000] {processor.py:161} INFO - Started process (PID=9186) to work on /home/airflow/.local/lib/python3.10/site-packages/airflow/example_dags/example_skip_dag.py
[2024-12-25T14:36:27.747+0000] {processor.py:830} INFO - Processing file /home/airflow/.local/lib/python3.10/site-packages/airflow/example_dags/example_skip_dag.py for tasks to queue
[2024-12-25T14:36:27.748+0000] {logging_mixin.py:188} INFO - [2024-12-25T14:36:27.748+0000] {dagbag.py:540} INFO - Filling up the DagBag from /home/airflow/.local/lib/python3.10/site-packages/airflow/example_dags/example_skip_dag.py
[2024-12-25T14:36:27.765+0000] {processor.py:840} INFO - DAG(s) 'example_skip_dag' retrieved from /home/airflow/.local/lib/python3.10/site-packages/airflow/example_dags/example_skip_dag.py
[2024-12-25T14:36:27.802+0000] {logging_mixin.py:188} INFO - [2024-12-25T14:36:27.802+0000] {dag.py:3047} INFO - Sync 1 DAGs
[2024-12-25T14:36:27.837+0000] {logging_mixin.py:188} INFO - [2024-12-25T14:36:27.837+0000] {dag.py:3834} INFO - Setting next_dagrun for example_skip_dag to 2024-12-24 00:00:00+00:00, run_after=2024-12-25 00:00:00+00:00
[2024-12-25T14:36:27.875+0000] {processor.py:183} INFO - Processing /home/airflow/.local/lib/python3.10/site-packages/airflow/example_dags/example_skip_dag.py took 0.138 seconds
[2024-12-25T14:36:58.137+0000] {processor.py:161} INFO - Started process (PID=9242) to work on /home/airflow/.local/lib/python3.10/site-packages/airflow/example_dags/example_skip_dag.py
[2024-12-25T14:36:58.140+0000] {processor.py:830} INFO - Processing file /home/airflow/.local/lib/python3.10/site-packages/airflow/example_dags/example_skip_dag.py for tasks to queue
[2024-12-25T14:36:58.146+0000] {logging_mixin.py:188} INFO - [2024-12-25T14:36:58.146+0000] {dagbag.py:540} INFO - Filling up the DagBag from /home/airflow/.local/lib/python3.10/site-packages/airflow/example_dags/example_skip_dag.py
[2024-12-25T14:36:58.170+0000] {processor.py:840} INFO - DAG(s) 'example_skip_dag' retrieved from /home/airflow/.local/lib/python3.10/site-packages/airflow/example_dags/example_skip_dag.py
[2024-12-25T14:36:58.221+0000] {logging_mixin.py:188} INFO - [2024-12-25T14:36:58.221+0000] {dag.py:3047} INFO - Sync 1 DAGs
[2024-12-25T14:36:58.278+0000] {logging_mixin.py:188} INFO - [2024-12-25T14:36:58.278+0000] {dag.py:3834} INFO - Setting next_dagrun for example_skip_dag to 2024-12-24 00:00:00+00:00, run_after=2024-12-25 00:00:00+00:00
[2024-12-25T14:36:58.338+0000] {processor.py:183} INFO - Processing /home/airflow/.local/lib/python3.10/site-packages/airflow/example_dags/example_skip_dag.py took 0.221 seconds
[2024-12-25T14:37:28.537+0000] {processor.py:161} INFO - Started process (PID=9298) to work on /home/airflow/.local/lib/python3.10/site-packages/airflow/example_dags/example_skip_dag.py
[2024-12-25T14:37:28.539+0000] {processor.py:830} INFO - Processing file /home/airflow/.local/lib/python3.10/site-packages/airflow/example_dags/example_skip_dag.py for tasks to queue
[2024-12-25T14:37:28.540+0000] {logging_mixin.py:188} INFO - [2024-12-25T14:37:28.540+0000] {dagbag.py:540} INFO - Filling up the DagBag from /home/airflow/.local/lib/python3.10/site-packages/airflow/example_dags/example_skip_dag.py
[2024-12-25T14:37:28.559+0000] {processor.py:840} INFO - DAG(s) 'example_skip_dag' retrieved from /home/airflow/.local/lib/python3.10/site-packages/airflow/example_dags/example_skip_dag.py
[2024-12-25T14:37:28.606+0000] {logging_mixin.py:188} INFO - [2024-12-25T14:37:28.605+0000] {dag.py:3047} INFO - Sync 1 DAGs
[2024-12-25T14:37:28.630+0000] {logging_mixin.py:188} INFO - [2024-12-25T14:37:28.630+0000] {dag.py:3834} INFO - Setting next_dagrun for example_skip_dag to 2024-12-24 00:00:00+00:00, run_after=2024-12-25 00:00:00+00:00
[2024-12-25T14:37:28.668+0000] {processor.py:183} INFO - Processing /home/airflow/.local/lib/python3.10/site-packages/airflow/example_dags/example_skip_dag.py took 0.138 seconds
[2024-12-25T14:37:58.982+0000] {processor.py:161} INFO - Started process (PID=9353) to work on /home/airflow/.local/lib/python3.10/site-packages/airflow/example_dags/example_skip_dag.py
[2024-12-25T14:37:58.986+0000] {processor.py:830} INFO - Processing file /home/airflow/.local/lib/python3.10/site-packages/airflow/example_dags/example_skip_dag.py for tasks to queue
[2024-12-25T14:37:58.987+0000] {logging_mixin.py:188} INFO - [2024-12-25T14:37:58.987+0000] {dagbag.py:540} INFO - Filling up the DagBag from /home/airflow/.local/lib/python3.10/site-packages/airflow/example_dags/example_skip_dag.py
[2024-12-25T14:37:58.998+0000] {processor.py:840} INFO - DAG(s) 'example_skip_dag' retrieved from /home/airflow/.local/lib/python3.10/site-packages/airflow/example_dags/example_skip_dag.py
[2024-12-25T14:37:59.031+0000] {logging_mixin.py:188} INFO - [2024-12-25T14:37:59.031+0000] {dag.py:3047} INFO - Sync 1 DAGs
[2024-12-25T14:37:59.067+0000] {logging_mixin.py:188} INFO - [2024-12-25T14:37:59.066+0000] {dag.py:3834} INFO - Setting next_dagrun for example_skip_dag to 2024-12-24 00:00:00+00:00, run_after=2024-12-25 00:00:00+00:00
[2024-12-25T14:37:59.096+0000] {processor.py:183} INFO - Processing /home/airflow/.local/lib/python3.10/site-packages/airflow/example_dags/example_skip_dag.py took 0.123 seconds
[2024-12-25T14:38:29.768+0000] {processor.py:161} INFO - Started process (PID=9409) to work on /home/airflow/.local/lib/python3.10/site-packages/airflow/example_dags/example_skip_dag.py
[2024-12-25T14:38:29.775+0000] {processor.py:830} INFO - Processing file /home/airflow/.local/lib/python3.10/site-packages/airflow/example_dags/example_skip_dag.py for tasks to queue
[2024-12-25T14:38:29.778+0000] {logging_mixin.py:188} INFO - [2024-12-25T14:38:29.778+0000] {dagbag.py:540} INFO - Filling up the DagBag from /home/airflow/.local/lib/python3.10/site-packages/airflow/example_dags/example_skip_dag.py
[2024-12-25T14:38:29.798+0000] {processor.py:840} INFO - DAG(s) 'example_skip_dag' retrieved from /home/airflow/.local/lib/python3.10/site-packages/airflow/example_dags/example_skip_dag.py
[2024-12-25T14:38:29.861+0000] {logging_mixin.py:188} INFO - [2024-12-25T14:38:29.861+0000] {dag.py:3047} INFO - Sync 1 DAGs
[2024-12-25T14:38:29.906+0000] {logging_mixin.py:188} INFO - [2024-12-25T14:38:29.906+0000] {dag.py:3834} INFO - Setting next_dagrun for example_skip_dag to 2024-12-24 00:00:00+00:00, run_after=2024-12-25 00:00:00+00:00
[2024-12-25T14:38:29.948+0000] {processor.py:183} INFO - Processing /home/airflow/.local/lib/python3.10/site-packages/airflow/example_dags/example_skip_dag.py took 0.200 seconds
[2024-12-25T14:39:00.450+0000] {processor.py:161} INFO - Started process (PID=9464) to work on /home/airflow/.local/lib/python3.10/site-packages/airflow/example_dags/example_skip_dag.py
[2024-12-25T14:39:00.455+0000] {processor.py:830} INFO - Processing file /home/airflow/.local/lib/python3.10/site-packages/airflow/example_dags/example_skip_dag.py for tasks to queue
[2024-12-25T14:39:00.456+0000] {logging_mixin.py:188} INFO - [2024-12-25T14:39:00.456+0000] {dagbag.py:540} INFO - Filling up the DagBag from /home/airflow/.local/lib/python3.10/site-packages/airflow/example_dags/example_skip_dag.py
[2024-12-25T14:39:00.470+0000] {processor.py:840} INFO - DAG(s) 'example_skip_dag' retrieved from /home/airflow/.local/lib/python3.10/site-packages/airflow/example_dags/example_skip_dag.py
[2024-12-25T14:39:00.527+0000] {logging_mixin.py:188} INFO - [2024-12-25T14:39:00.526+0000] {dag.py:3047} INFO - Sync 1 DAGs
[2024-12-25T14:39:00.579+0000] {logging_mixin.py:188} INFO - [2024-12-25T14:39:00.579+0000] {dag.py:3834} INFO - Setting next_dagrun for example_skip_dag to 2024-12-24 00:00:00+00:00, run_after=2024-12-25 00:00:00+00:00
[2024-12-25T14:39:00.616+0000] {processor.py:183} INFO - Processing /home/airflow/.local/lib/python3.10/site-packages/airflow/example_dags/example_skip_dag.py took 0.171 seconds
[2024-12-25T14:39:30.848+0000] {processor.py:161} INFO - Started process (PID=9520) to work on /home/airflow/.local/lib/python3.10/site-packages/airflow/example_dags/example_skip_dag.py
[2024-12-25T14:39:30.850+0000] {processor.py:830} INFO - Processing file /home/airflow/.local/lib/python3.10/site-packages/airflow/example_dags/example_skip_dag.py for tasks to queue
[2024-12-25T14:39:30.855+0000] {logging_mixin.py:188} INFO - [2024-12-25T14:39:30.851+0000] {dagbag.py:540} INFO - Filling up the DagBag from /home/airflow/.local/lib/python3.10/site-packages/airflow/example_dags/example_skip_dag.py
[2024-12-25T14:39:30.875+0000] {processor.py:840} INFO - DAG(s) 'example_skip_dag' retrieved from /home/airflow/.local/lib/python3.10/site-packages/airflow/example_dags/example_skip_dag.py
[2024-12-25T14:39:30.937+0000] {logging_mixin.py:188} INFO - [2024-12-25T14:39:30.937+0000] {dag.py:3047} INFO - Sync 1 DAGs
[2024-12-25T14:39:31.005+0000] {logging_mixin.py:188} INFO - [2024-12-25T14:39:31.001+0000] {dag.py:3834} INFO - Setting next_dagrun for example_skip_dag to 2024-12-24 00:00:00+00:00, run_after=2024-12-25 00:00:00+00:00
[2024-12-25T14:39:31.059+0000] {processor.py:183} INFO - Processing /home/airflow/.local/lib/python3.10/site-packages/airflow/example_dags/example_skip_dag.py took 0.221 seconds
[2024-12-25T14:40:01.876+0000] {processor.py:161} INFO - Started process (PID=9576) to work on /home/airflow/.local/lib/python3.10/site-packages/airflow/example_dags/example_skip_dag.py
[2024-12-25T14:40:01.878+0000] {processor.py:830} INFO - Processing file /home/airflow/.local/lib/python3.10/site-packages/airflow/example_dags/example_skip_dag.py for tasks to queue
[2024-12-25T14:40:01.879+0000] {logging_mixin.py:188} INFO - [2024-12-25T14:40:01.879+0000] {dagbag.py:540} INFO - Filling up the DagBag from /home/airflow/.local/lib/python3.10/site-packages/airflow/example_dags/example_skip_dag.py
[2024-12-25T14:40:01.897+0000] {processor.py:840} INFO - DAG(s) 'example_skip_dag' retrieved from /home/airflow/.local/lib/python3.10/site-packages/airflow/example_dags/example_skip_dag.py
[2024-12-25T14:40:01.947+0000] {logging_mixin.py:188} INFO - [2024-12-25T14:40:01.947+0000] {dag.py:3047} INFO - Sync 1 DAGs
[2024-12-25T14:40:01.997+0000] {logging_mixin.py:188} INFO - [2024-12-25T14:40:01.997+0000] {dag.py:3834} INFO - Setting next_dagrun for example_skip_dag to 2024-12-24 00:00:00+00:00, run_after=2024-12-25 00:00:00+00:00
[2024-12-25T14:40:02.060+0000] {processor.py:183} INFO - Processing /home/airflow/.local/lib/python3.10/site-packages/airflow/example_dags/example_skip_dag.py took 0.193 seconds
[2024-12-25T14:40:32.370+0000] {processor.py:161} INFO - Started process (PID=9632) to work on /home/airflow/.local/lib/python3.10/site-packages/airflow/example_dags/example_skip_dag.py
[2024-12-25T14:40:32.371+0000] {processor.py:830} INFO - Processing file /home/airflow/.local/lib/python3.10/site-packages/airflow/example_dags/example_skip_dag.py for tasks to queue
[2024-12-25T14:40:32.376+0000] {logging_mixin.py:188} INFO - [2024-12-25T14:40:32.375+0000] {dagbag.py:540} INFO - Filling up the DagBag from /home/airflow/.local/lib/python3.10/site-packages/airflow/example_dags/example_skip_dag.py
[2024-12-25T14:40:32.387+0000] {processor.py:840} INFO - DAG(s) 'example_skip_dag' retrieved from /home/airflow/.local/lib/python3.10/site-packages/airflow/example_dags/example_skip_dag.py
[2024-12-25T14:40:32.427+0000] {logging_mixin.py:188} INFO - [2024-12-25T14:40:32.427+0000] {dag.py:3047} INFO - Sync 1 DAGs
[2024-12-25T14:40:32.469+0000] {logging_mixin.py:188} INFO - [2024-12-25T14:40:32.468+0000] {dag.py:3834} INFO - Setting next_dagrun for example_skip_dag to 2024-12-24 00:00:00+00:00, run_after=2024-12-25 00:00:00+00:00
[2024-12-25T14:40:32.507+0000] {processor.py:183} INFO - Processing /home/airflow/.local/lib/python3.10/site-packages/airflow/example_dags/example_skip_dag.py took 0.141 seconds
[2024-12-25T14:41:02.909+0000] {processor.py:161} INFO - Started process (PID=9688) to work on /home/airflow/.local/lib/python3.10/site-packages/airflow/example_dags/example_skip_dag.py
[2024-12-25T14:41:02.911+0000] {processor.py:830} INFO - Processing file /home/airflow/.local/lib/python3.10/site-packages/airflow/example_dags/example_skip_dag.py for tasks to queue
[2024-12-25T14:41:02.916+0000] {logging_mixin.py:188} INFO - [2024-12-25T14:41:02.915+0000] {dagbag.py:540} INFO - Filling up the DagBag from /home/airflow/.local/lib/python3.10/site-packages/airflow/example_dags/example_skip_dag.py
[2024-12-25T14:41:02.928+0000] {processor.py:840} INFO - DAG(s) 'example_skip_dag' retrieved from /home/airflow/.local/lib/python3.10/site-packages/airflow/example_dags/example_skip_dag.py
[2024-12-25T14:41:02.990+0000] {logging_mixin.py:188} INFO - [2024-12-25T14:41:02.990+0000] {dag.py:3047} INFO - Sync 1 DAGs
[2024-12-25T14:41:03.051+0000] {logging_mixin.py:188} INFO - [2024-12-25T14:41:03.051+0000] {dag.py:3834} INFO - Setting next_dagrun for example_skip_dag to 2024-12-24 00:00:00+00:00, run_after=2024-12-25 00:00:00+00:00
[2024-12-25T14:41:03.091+0000] {processor.py:183} INFO - Processing /home/airflow/.local/lib/python3.10/site-packages/airflow/example_dags/example_skip_dag.py took 0.190 seconds
[2024-12-25T14:41:33.556+0000] {processor.py:161} INFO - Started process (PID=9744) to work on /home/airflow/.local/lib/python3.10/site-packages/airflow/example_dags/example_skip_dag.py
[2024-12-25T14:41:33.557+0000] {processor.py:830} INFO - Processing file /home/airflow/.local/lib/python3.10/site-packages/airflow/example_dags/example_skip_dag.py for tasks to queue
[2024-12-25T14:41:33.559+0000] {logging_mixin.py:188} INFO - [2024-12-25T14:41:33.558+0000] {dagbag.py:540} INFO - Filling up the DagBag from /home/airflow/.local/lib/python3.10/site-packages/airflow/example_dags/example_skip_dag.py
[2024-12-25T14:41:33.578+0000] {processor.py:840} INFO - DAG(s) 'example_skip_dag' retrieved from /home/airflow/.local/lib/python3.10/site-packages/airflow/example_dags/example_skip_dag.py
[2024-12-25T14:41:33.624+0000] {logging_mixin.py:188} INFO - [2024-12-25T14:41:33.624+0000] {dag.py:3047} INFO - Sync 1 DAGs
[2024-12-25T14:41:33.668+0000] {logging_mixin.py:188} INFO - [2024-12-25T14:41:33.668+0000] {dag.py:3834} INFO - Setting next_dagrun for example_skip_dag to 2024-12-24 00:00:00+00:00, run_after=2024-12-25 00:00:00+00:00
[2024-12-25T14:41:33.715+0000] {processor.py:183} INFO - Processing /home/airflow/.local/lib/python3.10/site-packages/airflow/example_dags/example_skip_dag.py took 0.167 seconds
[2024-12-25T14:42:04.086+0000] {processor.py:161} INFO - Started process (PID=9799) to work on /home/airflow/.local/lib/python3.10/site-packages/airflow/example_dags/example_skip_dag.py
[2024-12-25T14:42:04.088+0000] {processor.py:830} INFO - Processing file /home/airflow/.local/lib/python3.10/site-packages/airflow/example_dags/example_skip_dag.py for tasks to queue
[2024-12-25T14:42:04.089+0000] {logging_mixin.py:188} INFO - [2024-12-25T14:42:04.089+0000] {dagbag.py:540} INFO - Filling up the DagBag from /home/airflow/.local/lib/python3.10/site-packages/airflow/example_dags/example_skip_dag.py
[2024-12-25T14:42:04.107+0000] {processor.py:840} INFO - DAG(s) 'example_skip_dag' retrieved from /home/airflow/.local/lib/python3.10/site-packages/airflow/example_dags/example_skip_dag.py
[2024-12-25T14:42:04.151+0000] {logging_mixin.py:188} INFO - [2024-12-25T14:42:04.151+0000] {dag.py:3047} INFO - Sync 1 DAGs
[2024-12-25T14:42:04.200+0000] {logging_mixin.py:188} INFO - [2024-12-25T14:42:04.200+0000] {dag.py:3834} INFO - Setting next_dagrun for example_skip_dag to 2024-12-24 00:00:00+00:00, run_after=2024-12-25 00:00:00+00:00
[2024-12-25T14:42:04.258+0000] {processor.py:183} INFO - Processing /home/airflow/.local/lib/python3.10/site-packages/airflow/example_dags/example_skip_dag.py took 0.180 seconds
[2024-12-25T14:42:34.687+0000] {processor.py:161} INFO - Started process (PID=9855) to work on /home/airflow/.local/lib/python3.10/site-packages/airflow/example_dags/example_skip_dag.py
[2024-12-25T14:42:34.689+0000] {processor.py:830} INFO - Processing file /home/airflow/.local/lib/python3.10/site-packages/airflow/example_dags/example_skip_dag.py for tasks to queue
[2024-12-25T14:42:34.694+0000] {logging_mixin.py:188} INFO - [2024-12-25T14:42:34.694+0000] {dagbag.py:540} INFO - Filling up the DagBag from /home/airflow/.local/lib/python3.10/site-packages/airflow/example_dags/example_skip_dag.py
[2024-12-25T14:42:34.706+0000] {processor.py:840} INFO - DAG(s) 'example_skip_dag' retrieved from /home/airflow/.local/lib/python3.10/site-packages/airflow/example_dags/example_skip_dag.py
[2024-12-25T14:42:34.769+0000] {logging_mixin.py:188} INFO - [2024-12-25T14:42:34.769+0000] {dag.py:3047} INFO - Sync 1 DAGs
[2024-12-25T14:42:34.813+0000] {logging_mixin.py:188} INFO - [2024-12-25T14:42:34.809+0000] {dag.py:3834} INFO - Setting next_dagrun for example_skip_dag to 2024-12-24 00:00:00+00:00, run_after=2024-12-25 00:00:00+00:00
[2024-12-25T14:42:34.888+0000] {processor.py:183} INFO - Processing /home/airflow/.local/lib/python3.10/site-packages/airflow/example_dags/example_skip_dag.py took 0.204 seconds
[2024-12-25T14:43:05.158+0000] {processor.py:161} INFO - Started process (PID=9911) to work on /home/airflow/.local/lib/python3.10/site-packages/airflow/example_dags/example_skip_dag.py
[2024-12-25T14:43:05.160+0000] {processor.py:830} INFO - Processing file /home/airflow/.local/lib/python3.10/site-packages/airflow/example_dags/example_skip_dag.py for tasks to queue
[2024-12-25T14:43:05.162+0000] {logging_mixin.py:188} INFO - [2024-12-25T14:43:05.161+0000] {dagbag.py:540} INFO - Filling up the DagBag from /home/airflow/.local/lib/python3.10/site-packages/airflow/example_dags/example_skip_dag.py
[2024-12-25T14:43:05.201+0000] {processor.py:840} INFO - DAG(s) 'example_skip_dag' retrieved from /home/airflow/.local/lib/python3.10/site-packages/airflow/example_dags/example_skip_dag.py
[2024-12-25T14:43:05.270+0000] {logging_mixin.py:188} INFO - [2024-12-25T14:43:05.270+0000] {dag.py:3047} INFO - Sync 1 DAGs
[2024-12-25T14:43:05.341+0000] {logging_mixin.py:188} INFO - [2024-12-25T14:43:05.340+0000] {dag.py:3834} INFO - Setting next_dagrun for example_skip_dag to 2024-12-24 00:00:00+00:00, run_after=2024-12-25 00:00:00+00:00
[2024-12-25T14:43:05.401+0000] {processor.py:183} INFO - Processing /home/airflow/.local/lib/python3.10/site-packages/airflow/example_dags/example_skip_dag.py took 0.253 seconds
[2024-12-25T14:43:35.683+0000] {processor.py:161} INFO - Started process (PID=9968) to work on /home/airflow/.local/lib/python3.10/site-packages/airflow/example_dags/example_skip_dag.py
[2024-12-25T14:43:35.685+0000] {processor.py:830} INFO - Processing file /home/airflow/.local/lib/python3.10/site-packages/airflow/example_dags/example_skip_dag.py for tasks to queue
[2024-12-25T14:43:35.690+0000] {logging_mixin.py:188} INFO - [2024-12-25T14:43:35.689+0000] {dagbag.py:540} INFO - Filling up the DagBag from /home/airflow/.local/lib/python3.10/site-packages/airflow/example_dags/example_skip_dag.py
[2024-12-25T14:43:35.702+0000] {processor.py:840} INFO - DAG(s) 'example_skip_dag' retrieved from /home/airflow/.local/lib/python3.10/site-packages/airflow/example_dags/example_skip_dag.py
[2024-12-25T14:43:35.743+0000] {logging_mixin.py:188} INFO - [2024-12-25T14:43:35.743+0000] {dag.py:3047} INFO - Sync 1 DAGs
[2024-12-25T14:43:35.784+0000] {logging_mixin.py:188} INFO - [2024-12-25T14:43:35.784+0000] {dag.py:3834} INFO - Setting next_dagrun for example_skip_dag to 2024-12-24 00:00:00+00:00, run_after=2024-12-25 00:00:00+00:00
[2024-12-25T14:43:35.830+0000] {processor.py:183} INFO - Processing /home/airflow/.local/lib/python3.10/site-packages/airflow/example_dags/example_skip_dag.py took 0.156 seconds
[2024-12-25T14:44:06.118+0000] {processor.py:161} INFO - Started process (PID=10023) to work on /home/airflow/.local/lib/python3.10/site-packages/airflow/example_dags/example_skip_dag.py
[2024-12-25T14:44:06.120+0000] {processor.py:830} INFO - Processing file /home/airflow/.local/lib/python3.10/site-packages/airflow/example_dags/example_skip_dag.py for tasks to queue
[2024-12-25T14:44:06.126+0000] {logging_mixin.py:188} INFO - [2024-12-25T14:44:06.126+0000] {dagbag.py:540} INFO - Filling up the DagBag from /home/airflow/.local/lib/python3.10/site-packages/airflow/example_dags/example_skip_dag.py
[2024-12-25T14:44:06.145+0000] {processor.py:840} INFO - DAG(s) 'example_skip_dag' retrieved from /home/airflow/.local/lib/python3.10/site-packages/airflow/example_dags/example_skip_dag.py
[2024-12-25T14:44:06.188+0000] {logging_mixin.py:188} INFO - [2024-12-25T14:44:06.188+0000] {dag.py:3047} INFO - Sync 1 DAGs
[2024-12-25T14:44:06.270+0000] {logging_mixin.py:188} INFO - [2024-12-25T14:44:06.269+0000] {dag.py:3834} INFO - Setting next_dagrun for example_skip_dag to 2024-12-24 00:00:00+00:00, run_after=2024-12-25 00:00:00+00:00
[2024-12-25T14:44:06.338+0000] {processor.py:183} INFO - Processing /home/airflow/.local/lib/python3.10/site-packages/airflow/example_dags/example_skip_dag.py took 0.229 seconds
[2024-12-25T14:44:36.806+0000] {processor.py:161} INFO - Started process (PID=10080) to work on /home/airflow/.local/lib/python3.10/site-packages/airflow/example_dags/example_skip_dag.py
[2024-12-25T14:44:36.807+0000] {processor.py:830} INFO - Processing file /home/airflow/.local/lib/python3.10/site-packages/airflow/example_dags/example_skip_dag.py for tasks to queue
[2024-12-25T14:44:36.808+0000] {logging_mixin.py:188} INFO - [2024-12-25T14:44:36.808+0000] {dagbag.py:540} INFO - Filling up the DagBag from /home/airflow/.local/lib/python3.10/site-packages/airflow/example_dags/example_skip_dag.py
[2024-12-25T14:44:36.830+0000] {processor.py:840} INFO - DAG(s) 'example_skip_dag' retrieved from /home/airflow/.local/lib/python3.10/site-packages/airflow/example_dags/example_skip_dag.py
[2024-12-25T14:44:36.908+0000] {logging_mixin.py:188} INFO - [2024-12-25T14:44:36.908+0000] {dag.py:3047} INFO - Sync 1 DAGs
[2024-12-25T14:44:36.978+0000] {logging_mixin.py:188} INFO - [2024-12-25T14:44:36.970+0000] {dag.py:3834} INFO - Setting next_dagrun for example_skip_dag to 2024-12-24 00:00:00+00:00, run_after=2024-12-25 00:00:00+00:00
[2024-12-25T14:44:37.069+0000] {processor.py:183} INFO - Processing /home/airflow/.local/lib/python3.10/site-packages/airflow/example_dags/example_skip_dag.py took 0.273 seconds
[2024-12-25T14:45:07.925+0000] {processor.py:161} INFO - Started process (PID=10144) to work on /home/airflow/.local/lib/python3.10/site-packages/airflow/example_dags/example_skip_dag.py
[2024-12-25T14:45:07.927+0000] {processor.py:830} INFO - Processing file /home/airflow/.local/lib/python3.10/site-packages/airflow/example_dags/example_skip_dag.py for tasks to queue
[2024-12-25T14:45:07.929+0000] {logging_mixin.py:188} INFO - [2024-12-25T14:45:07.928+0000] {dagbag.py:540} INFO - Filling up the DagBag from /home/airflow/.local/lib/python3.10/site-packages/airflow/example_dags/example_skip_dag.py
[2024-12-25T14:45:07.949+0000] {processor.py:840} INFO - DAG(s) 'example_skip_dag' retrieved from /home/airflow/.local/lib/python3.10/site-packages/airflow/example_dags/example_skip_dag.py
[2024-12-25T14:45:08.028+0000] {logging_mixin.py:188} INFO - [2024-12-25T14:45:08.027+0000] {dag.py:3047} INFO - Sync 1 DAGs
[2024-12-25T14:45:08.089+0000] {logging_mixin.py:188} INFO - [2024-12-25T14:45:08.088+0000] {dag.py:3834} INFO - Setting next_dagrun for example_skip_dag to 2024-12-24 00:00:00+00:00, run_after=2024-12-25 00:00:00+00:00
[2024-12-25T14:45:08.148+0000] {processor.py:183} INFO - Processing /home/airflow/.local/lib/python3.10/site-packages/airflow/example_dags/example_skip_dag.py took 0.261 seconds
[2024-12-25T14:45:38.548+0000] {processor.py:161} INFO - Started process (PID=10200) to work on /home/airflow/.local/lib/python3.10/site-packages/airflow/example_dags/example_skip_dag.py
[2024-12-25T14:45:38.549+0000] {processor.py:830} INFO - Processing file /home/airflow/.local/lib/python3.10/site-packages/airflow/example_dags/example_skip_dag.py for tasks to queue
[2024-12-25T14:45:38.551+0000] {logging_mixin.py:188} INFO - [2024-12-25T14:45:38.550+0000] {dagbag.py:540} INFO - Filling up the DagBag from /home/airflow/.local/lib/python3.10/site-packages/airflow/example_dags/example_skip_dag.py
[2024-12-25T14:45:38.578+0000] {processor.py:840} INFO - DAG(s) 'example_skip_dag' retrieved from /home/airflow/.local/lib/python3.10/site-packages/airflow/example_dags/example_skip_dag.py
[2024-12-25T14:45:38.639+0000] {logging_mixin.py:188} INFO - [2024-12-25T14:45:38.639+0000] {dag.py:3047} INFO - Sync 1 DAGs
[2024-12-25T14:45:38.701+0000] {logging_mixin.py:188} INFO - [2024-12-25T14:45:38.700+0000] {dag.py:3834} INFO - Setting next_dagrun for example_skip_dag to 2024-12-24 00:00:00+00:00, run_after=2024-12-25 00:00:00+00:00
[2024-12-25T14:45:38.760+0000] {processor.py:183} INFO - Processing /home/airflow/.local/lib/python3.10/site-packages/airflow/example_dags/example_skip_dag.py took 0.222 seconds
[2024-12-25T14:46:09.174+0000] {processor.py:161} INFO - Started process (PID=10255) to work on /home/airflow/.local/lib/python3.10/site-packages/airflow/example_dags/example_skip_dag.py
[2024-12-25T14:46:09.193+0000] {processor.py:830} INFO - Processing file /home/airflow/.local/lib/python3.10/site-packages/airflow/example_dags/example_skip_dag.py for tasks to queue
[2024-12-25T14:46:09.195+0000] {logging_mixin.py:188} INFO - [2024-12-25T14:46:09.195+0000] {dagbag.py:540} INFO - Filling up the DagBag from /home/airflow/.local/lib/python3.10/site-packages/airflow/example_dags/example_skip_dag.py
[2024-12-25T14:46:09.227+0000] {processor.py:840} INFO - DAG(s) 'example_skip_dag' retrieved from /home/airflow/.local/lib/python3.10/site-packages/airflow/example_dags/example_skip_dag.py
[2024-12-25T14:46:09.326+0000] {logging_mixin.py:188} INFO - [2024-12-25T14:46:09.326+0000] {dag.py:3047} INFO - Sync 1 DAGs
[2024-12-25T14:46:09.453+0000] {logging_mixin.py:188} INFO - [2024-12-25T14:46:09.446+0000] {dag.py:3834} INFO - Setting next_dagrun for example_skip_dag to 2024-12-24 00:00:00+00:00, run_after=2024-12-25 00:00:00+00:00
[2024-12-25T14:46:09.563+0000] {processor.py:183} INFO - Processing /home/airflow/.local/lib/python3.10/site-packages/airflow/example_dags/example_skip_dag.py took 0.399 seconds
[2024-12-25T14:46:40.199+0000] {processor.py:161} INFO - Started process (PID=10310) to work on /home/airflow/.local/lib/python3.10/site-packages/airflow/example_dags/example_skip_dag.py
[2024-12-25T14:46:40.201+0000] {processor.py:830} INFO - Processing file /home/airflow/.local/lib/python3.10/site-packages/airflow/example_dags/example_skip_dag.py for tasks to queue
[2024-12-25T14:46:40.207+0000] {logging_mixin.py:188} INFO - [2024-12-25T14:46:40.202+0000] {dagbag.py:540} INFO - Filling up the DagBag from /home/airflow/.local/lib/python3.10/site-packages/airflow/example_dags/example_skip_dag.py
[2024-12-25T14:46:40.232+0000] {processor.py:840} INFO - DAG(s) 'example_skip_dag' retrieved from /home/airflow/.local/lib/python3.10/site-packages/airflow/example_dags/example_skip_dag.py
[2024-12-25T14:46:40.307+0000] {logging_mixin.py:188} INFO - [2024-12-25T14:46:40.307+0000] {dag.py:3047} INFO - Sync 1 DAGs
[2024-12-25T14:46:40.399+0000] {logging_mixin.py:188} INFO - [2024-12-25T14:46:40.398+0000] {dag.py:3834} INFO - Setting next_dagrun for example_skip_dag to 2024-12-24 00:00:00+00:00, run_after=2024-12-25 00:00:00+00:00
[2024-12-25T14:46:40.457+0000] {processor.py:183} INFO - Processing /home/airflow/.local/lib/python3.10/site-packages/airflow/example_dags/example_skip_dag.py took 0.268 seconds
[2024-12-25T14:47:10.603+0000] {processor.py:161} INFO - Started process (PID=10364) to work on /home/airflow/.local/lib/python3.10/site-packages/airflow/example_dags/example_skip_dag.py
[2024-12-25T14:47:10.610+0000] {processor.py:830} INFO - Processing file /home/airflow/.local/lib/python3.10/site-packages/airflow/example_dags/example_skip_dag.py for tasks to queue
[2024-12-25T14:47:10.611+0000] {logging_mixin.py:188} INFO - [2024-12-25T14:47:10.611+0000] {dagbag.py:540} INFO - Filling up the DagBag from /home/airflow/.local/lib/python3.10/site-packages/airflow/example_dags/example_skip_dag.py
[2024-12-25T14:47:10.631+0000] {processor.py:840} INFO - DAG(s) 'example_skip_dag' retrieved from /home/airflow/.local/lib/python3.10/site-packages/airflow/example_dags/example_skip_dag.py
[2024-12-25T14:47:10.719+0000] {logging_mixin.py:188} INFO - [2024-12-25T14:47:10.719+0000] {dag.py:3047} INFO - Sync 1 DAGs
[2024-12-25T14:47:10.782+0000] {logging_mixin.py:188} INFO - [2024-12-25T14:47:10.782+0000] {dag.py:3834} INFO - Setting next_dagrun for example_skip_dag to 2024-12-24 00:00:00+00:00, run_after=2024-12-25 00:00:00+00:00
[2024-12-25T14:47:10.852+0000] {processor.py:183} INFO - Processing /home/airflow/.local/lib/python3.10/site-packages/airflow/example_dags/example_skip_dag.py took 0.260 seconds
[2024-12-25T14:47:41.097+0000] {processor.py:161} INFO - Started process (PID=10419) to work on /home/airflow/.local/lib/python3.10/site-packages/airflow/example_dags/example_skip_dag.py
[2024-12-25T14:47:41.099+0000] {processor.py:830} INFO - Processing file /home/airflow/.local/lib/python3.10/site-packages/airflow/example_dags/example_skip_dag.py for tasks to queue
[2024-12-25T14:47:41.101+0000] {logging_mixin.py:188} INFO - [2024-12-25T14:47:41.100+0000] {dagbag.py:540} INFO - Filling up the DagBag from /home/airflow/.local/lib/python3.10/site-packages/airflow/example_dags/example_skip_dag.py
[2024-12-25T14:47:41.138+0000] {processor.py:840} INFO - DAG(s) 'example_skip_dag' retrieved from /home/airflow/.local/lib/python3.10/site-packages/airflow/example_dags/example_skip_dag.py
[2024-12-25T14:47:41.210+0000] {logging_mixin.py:188} INFO - [2024-12-25T14:47:41.210+0000] {dag.py:3047} INFO - Sync 1 DAGs
[2024-12-25T14:47:41.268+0000] {logging_mixin.py:188} INFO - [2024-12-25T14:47:41.267+0000] {dag.py:3834} INFO - Setting next_dagrun for example_skip_dag to 2024-12-24 00:00:00+00:00, run_after=2024-12-25 00:00:00+00:00
[2024-12-25T14:47:41.341+0000] {processor.py:183} INFO - Processing /home/airflow/.local/lib/python3.10/site-packages/airflow/example_dags/example_skip_dag.py took 0.263 seconds
[2024-12-25T14:48:12.220+0000] {processor.py:161} INFO - Started process (PID=10475) to work on /home/airflow/.local/lib/python3.10/site-packages/airflow/example_dags/example_skip_dag.py
[2024-12-25T14:48:12.223+0000] {processor.py:830} INFO - Processing file /home/airflow/.local/lib/python3.10/site-packages/airflow/example_dags/example_skip_dag.py for tasks to queue
[2024-12-25T14:48:12.230+0000] {logging_mixin.py:188} INFO - [2024-12-25T14:48:12.230+0000] {dagbag.py:540} INFO - Filling up the DagBag from /home/airflow/.local/lib/python3.10/site-packages/airflow/example_dags/example_skip_dag.py
[2024-12-25T14:48:12.331+0000] {processor.py:840} INFO - DAG(s) 'example_skip_dag' retrieved from /home/airflow/.local/lib/python3.10/site-packages/airflow/example_dags/example_skip_dag.py
[2024-12-25T14:48:12.454+0000] {logging_mixin.py:188} INFO - [2024-12-25T14:48:12.453+0000] {dag.py:3047} INFO - Sync 1 DAGs
[2024-12-25T14:48:12.544+0000] {logging_mixin.py:188} INFO - [2024-12-25T14:48:12.544+0000] {dag.py:3834} INFO - Setting next_dagrun for example_skip_dag to 2024-12-24 00:00:00+00:00, run_after=2024-12-25 00:00:00+00:00
[2024-12-25T14:48:12.641+0000] {processor.py:183} INFO - Processing /home/airflow/.local/lib/python3.10/site-packages/airflow/example_dags/example_skip_dag.py took 0.458 seconds
[2024-12-25T14:48:42.938+0000] {processor.py:161} INFO - Started process (PID=10531) to work on /home/airflow/.local/lib/python3.10/site-packages/airflow/example_dags/example_skip_dag.py
[2024-12-25T14:48:42.940+0000] {processor.py:830} INFO - Processing file /home/airflow/.local/lib/python3.10/site-packages/airflow/example_dags/example_skip_dag.py for tasks to queue
[2024-12-25T14:48:42.941+0000] {logging_mixin.py:188} INFO - [2024-12-25T14:48:42.941+0000] {dagbag.py:540} INFO - Filling up the DagBag from /home/airflow/.local/lib/python3.10/site-packages/airflow/example_dags/example_skip_dag.py
[2024-12-25T14:48:42.971+0000] {processor.py:840} INFO - DAG(s) 'example_skip_dag' retrieved from /home/airflow/.local/lib/python3.10/site-packages/airflow/example_dags/example_skip_dag.py
[2024-12-25T14:48:43.100+0000] {logging_mixin.py:188} INFO - [2024-12-25T14:48:43.100+0000] {dag.py:3047} INFO - Sync 1 DAGs
[2024-12-25T14:48:43.180+0000] {logging_mixin.py:188} INFO - [2024-12-25T14:48:43.179+0000] {dag.py:3834} INFO - Setting next_dagrun for example_skip_dag to 2024-12-24 00:00:00+00:00, run_after=2024-12-25 00:00:00+00:00
[2024-12-25T14:48:43.291+0000] {processor.py:183} INFO - Processing /home/airflow/.local/lib/python3.10/site-packages/airflow/example_dags/example_skip_dag.py took 0.363 seconds
[2024-12-25T14:49:13.441+0000] {processor.py:161} INFO - Started process (PID=10587) to work on /home/airflow/.local/lib/python3.10/site-packages/airflow/example_dags/example_skip_dag.py
[2024-12-25T14:49:13.448+0000] {processor.py:830} INFO - Processing file /home/airflow/.local/lib/python3.10/site-packages/airflow/example_dags/example_skip_dag.py for tasks to queue
[2024-12-25T14:49:13.458+0000] {logging_mixin.py:188} INFO - [2024-12-25T14:49:13.458+0000] {dagbag.py:540} INFO - Filling up the DagBag from /home/airflow/.local/lib/python3.10/site-packages/airflow/example_dags/example_skip_dag.py
[2024-12-25T14:49:13.481+0000] {processor.py:840} INFO - DAG(s) 'example_skip_dag' retrieved from /home/airflow/.local/lib/python3.10/site-packages/airflow/example_dags/example_skip_dag.py
[2024-12-25T14:49:13.561+0000] {logging_mixin.py:188} INFO - [2024-12-25T14:49:13.561+0000] {dag.py:3047} INFO - Sync 1 DAGs
[2024-12-25T14:49:13.659+0000] {logging_mixin.py:188} INFO - [2024-12-25T14:49:13.659+0000] {dag.py:3834} INFO - Setting next_dagrun for example_skip_dag to 2024-12-24 00:00:00+00:00, run_after=2024-12-25 00:00:00+00:00
[2024-12-25T14:49:13.760+0000] {processor.py:183} INFO - Processing /home/airflow/.local/lib/python3.10/site-packages/airflow/example_dags/example_skip_dag.py took 0.330 seconds
[2024-12-25T14:49:44.198+0000] {processor.py:161} INFO - Started process (PID=10644) to work on /home/airflow/.local/lib/python3.10/site-packages/airflow/example_dags/example_skip_dag.py
[2024-12-25T14:49:44.206+0000] {processor.py:830} INFO - Processing file /home/airflow/.local/lib/python3.10/site-packages/airflow/example_dags/example_skip_dag.py for tasks to queue
[2024-12-25T14:49:44.208+0000] {logging_mixin.py:188} INFO - [2024-12-25T14:49:44.207+0000] {dagbag.py:540} INFO - Filling up the DagBag from /home/airflow/.local/lib/python3.10/site-packages/airflow/example_dags/example_skip_dag.py
[2024-12-25T14:49:44.237+0000] {processor.py:840} INFO - DAG(s) 'example_skip_dag' retrieved from /home/airflow/.local/lib/python3.10/site-packages/airflow/example_dags/example_skip_dag.py
[2024-12-25T14:49:44.338+0000] {logging_mixin.py:188} INFO - [2024-12-25T14:49:44.338+0000] {dag.py:3047} INFO - Sync 1 DAGs
[2024-12-25T14:49:44.417+0000] {logging_mixin.py:188} INFO - [2024-12-25T14:49:44.416+0000] {dag.py:3834} INFO - Setting next_dagrun for example_skip_dag to 2024-12-24 00:00:00+00:00, run_after=2024-12-25 00:00:00+00:00
[2024-12-25T14:49:44.496+0000] {processor.py:183} INFO - Processing /home/airflow/.local/lib/python3.10/site-packages/airflow/example_dags/example_skip_dag.py took 0.308 seconds
[2024-12-25T14:50:15.058+0000] {processor.py:161} INFO - Started process (PID=10699) to work on /home/airflow/.local/lib/python3.10/site-packages/airflow/example_dags/example_skip_dag.py
[2024-12-25T14:50:15.060+0000] {processor.py:830} INFO - Processing file /home/airflow/.local/lib/python3.10/site-packages/airflow/example_dags/example_skip_dag.py for tasks to queue
[2024-12-25T14:50:15.061+0000] {logging_mixin.py:188} INFO - [2024-12-25T14:50:15.061+0000] {dagbag.py:540} INFO - Filling up the DagBag from /home/airflow/.local/lib/python3.10/site-packages/airflow/example_dags/example_skip_dag.py
[2024-12-25T14:50:15.100+0000] {processor.py:840} INFO - DAG(s) 'example_skip_dag' retrieved from /home/airflow/.local/lib/python3.10/site-packages/airflow/example_dags/example_skip_dag.py
[2024-12-25T14:50:15.181+0000] {logging_mixin.py:188} INFO - [2024-12-25T14:50:15.181+0000] {dag.py:3047} INFO - Sync 1 DAGs
[2024-12-25T14:50:15.251+0000] {logging_mixin.py:188} INFO - [2024-12-25T14:50:15.250+0000] {dag.py:3834} INFO - Setting next_dagrun for example_skip_dag to 2024-12-24 00:00:00+00:00, run_after=2024-12-25 00:00:00+00:00
[2024-12-25T14:50:15.309+0000] {processor.py:183} INFO - Processing /home/airflow/.local/lib/python3.10/site-packages/airflow/example_dags/example_skip_dag.py took 0.269 seconds
[2024-12-25T14:50:45.739+0000] {processor.py:161} INFO - Started process (PID=10755) to work on /home/airflow/.local/lib/python3.10/site-packages/airflow/example_dags/example_skip_dag.py
[2024-12-25T14:50:45.747+0000] {processor.py:830} INFO - Processing file /home/airflow/.local/lib/python3.10/site-packages/airflow/example_dags/example_skip_dag.py for tasks to queue
[2024-12-25T14:50:45.749+0000] {logging_mixin.py:188} INFO - [2024-12-25T14:50:45.748+0000] {dagbag.py:540} INFO - Filling up the DagBag from /home/airflow/.local/lib/python3.10/site-packages/airflow/example_dags/example_skip_dag.py
[2024-12-25T14:50:45.786+0000] {processor.py:840} INFO - DAG(s) 'example_skip_dag' retrieved from /home/airflow/.local/lib/python3.10/site-packages/airflow/example_dags/example_skip_dag.py
[2024-12-25T14:50:45.890+0000] {logging_mixin.py:188} INFO - [2024-12-25T14:50:45.889+0000] {dag.py:3047} INFO - Sync 1 DAGs
[2024-12-25T14:50:45.998+0000] {logging_mixin.py:188} INFO - [2024-12-25T14:50:45.997+0000] {dag.py:3834} INFO - Setting next_dagrun for example_skip_dag to 2024-12-24 00:00:00+00:00, run_after=2024-12-25 00:00:00+00:00
[2024-12-25T14:50:46.096+0000] {processor.py:183} INFO - Processing /home/airflow/.local/lib/python3.10/site-packages/airflow/example_dags/example_skip_dag.py took 0.396 seconds
[2024-12-25T14:51:16.386+0000] {processor.py:161} INFO - Started process (PID=10811) to work on /home/airflow/.local/lib/python3.10/site-packages/airflow/example_dags/example_skip_dag.py
[2024-12-25T14:51:16.388+0000] {processor.py:830} INFO - Processing file /home/airflow/.local/lib/python3.10/site-packages/airflow/example_dags/example_skip_dag.py for tasks to queue
[2024-12-25T14:51:16.395+0000] {logging_mixin.py:188} INFO - [2024-12-25T14:51:16.389+0000] {dagbag.py:540} INFO - Filling up the DagBag from /home/airflow/.local/lib/python3.10/site-packages/airflow/example_dags/example_skip_dag.py
[2024-12-25T14:51:16.427+0000] {processor.py:840} INFO - DAG(s) 'example_skip_dag' retrieved from /home/airflow/.local/lib/python3.10/site-packages/airflow/example_dags/example_skip_dag.py
[2024-12-25T14:51:16.497+0000] {logging_mixin.py:188} INFO - [2024-12-25T14:51:16.497+0000] {dag.py:3047} INFO - Sync 1 DAGs
[2024-12-25T14:51:16.607+0000] {logging_mixin.py:188} INFO - [2024-12-25T14:51:16.607+0000] {dag.py:3834} INFO - Setting next_dagrun for example_skip_dag to 2024-12-24 00:00:00+00:00, run_after=2024-12-25 00:00:00+00:00
[2024-12-25T14:51:16.706+0000] {processor.py:183} INFO - Processing /home/airflow/.local/lib/python3.10/site-packages/airflow/example_dags/example_skip_dag.py took 0.331 seconds
[2024-12-25T14:51:47.307+0000] {processor.py:161} INFO - Started process (PID=10866) to work on /home/airflow/.local/lib/python3.10/site-packages/airflow/example_dags/example_skip_dag.py
[2024-12-25T14:51:47.316+0000] {processor.py:830} INFO - Processing file /home/airflow/.local/lib/python3.10/site-packages/airflow/example_dags/example_skip_dag.py for tasks to queue
[2024-12-25T14:51:47.318+0000] {logging_mixin.py:188} INFO - [2024-12-25T14:51:47.317+0000] {dagbag.py:540} INFO - Filling up the DagBag from /home/airflow/.local/lib/python3.10/site-packages/airflow/example_dags/example_skip_dag.py
[2024-12-25T14:51:47.350+0000] {processor.py:840} INFO - DAG(s) 'example_skip_dag' retrieved from /home/airflow/.local/lib/python3.10/site-packages/airflow/example_dags/example_skip_dag.py
[2024-12-25T14:51:47.437+0000] {logging_mixin.py:188} INFO - [2024-12-25T14:51:47.436+0000] {dag.py:3047} INFO - Sync 1 DAGs
[2024-12-25T14:51:47.528+0000] {logging_mixin.py:188} INFO - [2024-12-25T14:51:47.527+0000] {dag.py:3834} INFO - Setting next_dagrun for example_skip_dag to 2024-12-24 00:00:00+00:00, run_after=2024-12-25 00:00:00+00:00
[2024-12-25T14:51:47.616+0000] {processor.py:183} INFO - Processing /home/airflow/.local/lib/python3.10/site-packages/airflow/example_dags/example_skip_dag.py took 0.326 seconds
[2024-12-25T14:52:18.311+0000] {processor.py:161} INFO - Started process (PID=10921) to work on /home/airflow/.local/lib/python3.10/site-packages/airflow/example_dags/example_skip_dag.py
[2024-12-25T14:52:18.318+0000] {processor.py:830} INFO - Processing file /home/airflow/.local/lib/python3.10/site-packages/airflow/example_dags/example_skip_dag.py for tasks to queue
[2024-12-25T14:52:18.320+0000] {logging_mixin.py:188} INFO - [2024-12-25T14:52:18.319+0000] {dagbag.py:540} INFO - Filling up the DagBag from /home/airflow/.local/lib/python3.10/site-packages/airflow/example_dags/example_skip_dag.py
[2024-12-25T14:52:18.359+0000] {processor.py:840} INFO - DAG(s) 'example_skip_dag' retrieved from /home/airflow/.local/lib/python3.10/site-packages/airflow/example_dags/example_skip_dag.py
[2024-12-25T14:52:18.468+0000] {logging_mixin.py:188} INFO - [2024-12-25T14:52:18.467+0000] {dag.py:3047} INFO - Sync 1 DAGs
[2024-12-25T14:52:18.581+0000] {logging_mixin.py:188} INFO - [2024-12-25T14:52:18.581+0000] {dag.py:3834} INFO - Setting next_dagrun for example_skip_dag to 2024-12-24 00:00:00+00:00, run_after=2024-12-25 00:00:00+00:00
[2024-12-25T14:52:18.668+0000] {processor.py:183} INFO - Processing /home/airflow/.local/lib/python3.10/site-packages/airflow/example_dags/example_skip_dag.py took 0.377 seconds
[2024-12-25T14:52:48.944+0000] {processor.py:161} INFO - Started process (PID=10977) to work on /home/airflow/.local/lib/python3.10/site-packages/airflow/example_dags/example_skip_dag.py
[2024-12-25T14:52:48.962+0000] {processor.py:830} INFO - Processing file /home/airflow/.local/lib/python3.10/site-packages/airflow/example_dags/example_skip_dag.py for tasks to queue
[2024-12-25T14:52:48.964+0000] {logging_mixin.py:188} INFO - [2024-12-25T14:52:48.963+0000] {dagbag.py:540} INFO - Filling up the DagBag from /home/airflow/.local/lib/python3.10/site-packages/airflow/example_dags/example_skip_dag.py
[2024-12-25T14:52:48.993+0000] {processor.py:840} INFO - DAG(s) 'example_skip_dag' retrieved from /home/airflow/.local/lib/python3.10/site-packages/airflow/example_dags/example_skip_dag.py
[2024-12-25T14:52:49.100+0000] {logging_mixin.py:188} INFO - [2024-12-25T14:52:49.094+0000] {dag.py:3047} INFO - Sync 1 DAGs
[2024-12-25T14:52:49.211+0000] {logging_mixin.py:188} INFO - [2024-12-25T14:52:49.211+0000] {dag.py:3834} INFO - Setting next_dagrun for example_skip_dag to 2024-12-24 00:00:00+00:00, run_after=2024-12-25 00:00:00+00:00
[2024-12-25T14:52:49.333+0000] {processor.py:183} INFO - Processing /home/airflow/.local/lib/python3.10/site-packages/airflow/example_dags/example_skip_dag.py took 0.411 seconds
[2024-12-25T14:53:20.035+0000] {processor.py:161} INFO - Started process (PID=11033) to work on /home/airflow/.local/lib/python3.10/site-packages/airflow/example_dags/example_skip_dag.py
[2024-12-25T14:53:20.046+0000] {processor.py:830} INFO - Processing file /home/airflow/.local/lib/python3.10/site-packages/airflow/example_dags/example_skip_dag.py for tasks to queue
[2024-12-25T14:53:20.059+0000] {logging_mixin.py:188} INFO - [2024-12-25T14:53:20.058+0000] {dagbag.py:540} INFO - Filling up the DagBag from /home/airflow/.local/lib/python3.10/site-packages/airflow/example_dags/example_skip_dag.py
[2024-12-25T14:53:20.109+0000] {processor.py:840} INFO - DAG(s) 'example_skip_dag' retrieved from /home/airflow/.local/lib/python3.10/site-packages/airflow/example_dags/example_skip_dag.py
[2024-12-25T14:53:20.356+0000] {logging_mixin.py:188} INFO - [2024-12-25T14:53:20.356+0000] {dag.py:3047} INFO - Sync 1 DAGs
[2024-12-25T14:53:20.556+0000] {logging_mixin.py:188} INFO - [2024-12-25T14:53:20.556+0000] {dag.py:3834} INFO - Setting next_dagrun for example_skip_dag to 2024-12-24 00:00:00+00:00, run_after=2024-12-25 00:00:00+00:00
[2024-12-25T14:53:20.698+0000] {processor.py:183} INFO - Processing /home/airflow/.local/lib/python3.10/site-packages/airflow/example_dags/example_skip_dag.py took 0.691 seconds
[2024-12-25T14:53:51.578+0000] {processor.py:161} INFO - Started process (PID=11089) to work on /home/airflow/.local/lib/python3.10/site-packages/airflow/example_dags/example_skip_dag.py
[2024-12-25T14:53:51.595+0000] {processor.py:830} INFO - Processing file /home/airflow/.local/lib/python3.10/site-packages/airflow/example_dags/example_skip_dag.py for tasks to queue
[2024-12-25T14:53:51.597+0000] {logging_mixin.py:188} INFO - [2024-12-25T14:53:51.597+0000] {dagbag.py:540} INFO - Filling up the DagBag from /home/airflow/.local/lib/python3.10/site-packages/airflow/example_dags/example_skip_dag.py
[2024-12-25T14:53:51.716+0000] {processor.py:840} INFO - DAG(s) 'example_skip_dag' retrieved from /home/airflow/.local/lib/python3.10/site-packages/airflow/example_dags/example_skip_dag.py
[2024-12-25T14:53:51.866+0000] {logging_mixin.py:188} INFO - [2024-12-25T14:53:51.865+0000] {dag.py:3047} INFO - Sync 1 DAGs
[2024-12-25T14:53:52.047+0000] {logging_mixin.py:188} INFO - [2024-12-25T14:53:52.046+0000] {dag.py:3834} INFO - Setting next_dagrun for example_skip_dag to 2024-12-24 00:00:00+00:00, run_after=2024-12-25 00:00:00+00:00
[2024-12-25T14:53:52.267+0000] {processor.py:183} INFO - Processing /home/airflow/.local/lib/python3.10/site-packages/airflow/example_dags/example_skip_dag.py took 0.710 seconds
[2024-12-25T14:54:22.889+0000] {processor.py:161} INFO - Started process (PID=11144) to work on /home/airflow/.local/lib/python3.10/site-packages/airflow/example_dags/example_skip_dag.py
[2024-12-25T14:54:22.898+0000] {processor.py:830} INFO - Processing file /home/airflow/.local/lib/python3.10/site-packages/airflow/example_dags/example_skip_dag.py for tasks to queue
[2024-12-25T14:54:22.900+0000] {logging_mixin.py:188} INFO - [2024-12-25T14:54:22.900+0000] {dagbag.py:540} INFO - Filling up the DagBag from /home/airflow/.local/lib/python3.10/site-packages/airflow/example_dags/example_skip_dag.py
[2024-12-25T14:54:22.940+0000] {processor.py:840} INFO - DAG(s) 'example_skip_dag' retrieved from /home/airflow/.local/lib/python3.10/site-packages/airflow/example_dags/example_skip_dag.py
[2024-12-25T14:54:23.068+0000] {logging_mixin.py:188} INFO - [2024-12-25T14:54:23.068+0000] {dag.py:3047} INFO - Sync 1 DAGs
[2024-12-25T14:54:23.160+0000] {logging_mixin.py:188} INFO - [2024-12-25T14:54:23.160+0000] {dag.py:3834} INFO - Setting next_dagrun for example_skip_dag to 2024-12-24 00:00:00+00:00, run_after=2024-12-25 00:00:00+00:00
[2024-12-25T14:54:23.270+0000] {processor.py:183} INFO - Processing /home/airflow/.local/lib/python3.10/site-packages/airflow/example_dags/example_skip_dag.py took 0.392 seconds
[2024-12-25T14:54:53.486+0000] {processor.py:161} INFO - Started process (PID=11199) to work on /home/airflow/.local/lib/python3.10/site-packages/airflow/example_dags/example_skip_dag.py
[2024-12-25T14:54:53.494+0000] {processor.py:830} INFO - Processing file /home/airflow/.local/lib/python3.10/site-packages/airflow/example_dags/example_skip_dag.py for tasks to queue
[2024-12-25T14:54:53.496+0000] {logging_mixin.py:188} INFO - [2024-12-25T14:54:53.495+0000] {dagbag.py:540} INFO - Filling up the DagBag from /home/airflow/.local/lib/python3.10/site-packages/airflow/example_dags/example_skip_dag.py
[2024-12-25T14:54:53.535+0000] {processor.py:840} INFO - DAG(s) 'example_skip_dag' retrieved from /home/airflow/.local/lib/python3.10/site-packages/airflow/example_dags/example_skip_dag.py
[2024-12-25T14:54:53.695+0000] {logging_mixin.py:188} INFO - [2024-12-25T14:54:53.695+0000] {dag.py:3047} INFO - Sync 1 DAGs
[2024-12-25T14:54:53.835+0000] {logging_mixin.py:188} INFO - [2024-12-25T14:54:53.834+0000] {dag.py:3834} INFO - Setting next_dagrun for example_skip_dag to 2024-12-24 00:00:00+00:00, run_after=2024-12-25 00:00:00+00:00
[2024-12-25T14:54:54.024+0000] {processor.py:183} INFO - Processing /home/airflow/.local/lib/python3.10/site-packages/airflow/example_dags/example_skip_dag.py took 0.557 seconds
[2024-12-25T14:55:24.759+0000] {processor.py:161} INFO - Started process (PID=11254) to work on /home/airflow/.local/lib/python3.10/site-packages/airflow/example_dags/example_skip_dag.py
[2024-12-25T14:55:24.761+0000] {processor.py:830} INFO - Processing file /home/airflow/.local/lib/python3.10/site-packages/airflow/example_dags/example_skip_dag.py for tasks to queue
[2024-12-25T14:55:24.779+0000] {logging_mixin.py:188} INFO - [2024-12-25T14:55:24.778+0000] {dagbag.py:540} INFO - Filling up the DagBag from /home/airflow/.local/lib/python3.10/site-packages/airflow/example_dags/example_skip_dag.py
[2024-12-25T14:55:24.831+0000] {processor.py:840} INFO - DAG(s) 'example_skip_dag' retrieved from /home/airflow/.local/lib/python3.10/site-packages/airflow/example_dags/example_skip_dag.py
[2024-12-25T14:55:25.010+0000] {logging_mixin.py:188} INFO - [2024-12-25T14:55:25.009+0000] {dag.py:3047} INFO - Sync 1 DAGs
[2024-12-25T14:55:25.208+0000] {logging_mixin.py:188} INFO - [2024-12-25T14:55:25.201+0000] {dag.py:3834} INFO - Setting next_dagrun for example_skip_dag to 2024-12-24 00:00:00+00:00, run_after=2024-12-25 00:00:00+00:00
[2024-12-25T14:55:25.339+0000] {processor.py:183} INFO - Processing /home/airflow/.local/lib/python3.10/site-packages/airflow/example_dags/example_skip_dag.py took 0.599 seconds
[2024-12-25T14:55:55.636+0000] {processor.py:161} INFO - Started process (PID=11309) to work on /home/airflow/.local/lib/python3.10/site-packages/airflow/example_dags/example_skip_dag.py
[2024-12-25T14:55:55.638+0000] {processor.py:830} INFO - Processing file /home/airflow/.local/lib/python3.10/site-packages/airflow/example_dags/example_skip_dag.py for tasks to queue
[2024-12-25T14:55:55.648+0000] {logging_mixin.py:188} INFO - [2024-12-25T14:55:55.647+0000] {dagbag.py:540} INFO - Filling up the DagBag from /home/airflow/.local/lib/python3.10/site-packages/airflow/example_dags/example_skip_dag.py
[2024-12-25T14:55:55.685+0000] {processor.py:840} INFO - DAG(s) 'example_skip_dag' retrieved from /home/airflow/.local/lib/python3.10/site-packages/airflow/example_dags/example_skip_dag.py
[2024-12-25T14:55:55.848+0000] {logging_mixin.py:188} INFO - [2024-12-25T14:55:55.847+0000] {dag.py:3047} INFO - Sync 1 DAGs
[2024-12-25T14:55:56.028+0000] {logging_mixin.py:188} INFO - [2024-12-25T14:55:56.027+0000] {dag.py:3834} INFO - Setting next_dagrun for example_skip_dag to 2024-12-24 00:00:00+00:00, run_after=2024-12-25 00:00:00+00:00
[2024-12-25T14:55:56.268+0000] {processor.py:183} INFO - Processing /home/airflow/.local/lib/python3.10/site-packages/airflow/example_dags/example_skip_dag.py took 0.652 seconds
[2024-12-25T14:56:26.801+0000] {processor.py:161} INFO - Started process (PID=11363) to work on /home/airflow/.local/lib/python3.10/site-packages/airflow/example_dags/example_skip_dag.py
[2024-12-25T14:56:26.810+0000] {processor.py:830} INFO - Processing file /home/airflow/.local/lib/python3.10/site-packages/airflow/example_dags/example_skip_dag.py for tasks to queue
[2024-12-25T14:56:26.829+0000] {logging_mixin.py:188} INFO - [2024-12-25T14:56:26.828+0000] {dagbag.py:540} INFO - Filling up the DagBag from /home/airflow/.local/lib/python3.10/site-packages/airflow/example_dags/example_skip_dag.py
[2024-12-25T14:56:26.878+0000] {processor.py:840} INFO - DAG(s) 'example_skip_dag' retrieved from /home/airflow/.local/lib/python3.10/site-packages/airflow/example_dags/example_skip_dag.py
[2024-12-25T14:56:27.039+0000] {logging_mixin.py:188} INFO - [2024-12-25T14:56:27.039+0000] {dag.py:3047} INFO - Sync 1 DAGs
[2024-12-25T14:56:27.230+0000] {logging_mixin.py:188} INFO - [2024-12-25T14:56:27.230+0000] {dag.py:3834} INFO - Setting next_dagrun for example_skip_dag to 2024-12-24 00:00:00+00:00, run_after=2024-12-25 00:00:00+00:00
[2024-12-25T14:56:27.390+0000] {processor.py:183} INFO - Processing /home/airflow/.local/lib/python3.10/site-packages/airflow/example_dags/example_skip_dag.py took 0.603 seconds
[2024-12-25T14:56:58.328+0000] {processor.py:161} INFO - Started process (PID=11418) to work on /home/airflow/.local/lib/python3.10/site-packages/airflow/example_dags/example_skip_dag.py
[2024-12-25T14:56:58.340+0000] {processor.py:830} INFO - Processing file /home/airflow/.local/lib/python3.10/site-packages/airflow/example_dags/example_skip_dag.py for tasks to queue
[2024-12-25T14:56:58.379+0000] {logging_mixin.py:188} INFO - [2024-12-25T14:56:58.378+0000] {dagbag.py:540} INFO - Filling up the DagBag from /home/airflow/.local/lib/python3.10/site-packages/airflow/example_dags/example_skip_dag.py
[2024-12-25T14:56:58.459+0000] {processor.py:840} INFO - DAG(s) 'example_skip_dag' retrieved from /home/airflow/.local/lib/python3.10/site-packages/airflow/example_dags/example_skip_dag.py
[2024-12-25T14:56:58.571+0000] {logging_mixin.py:188} INFO - [2024-12-25T14:56:58.570+0000] {dag.py:3047} INFO - Sync 1 DAGs
[2024-12-25T14:56:58.688+0000] {logging_mixin.py:188} INFO - [2024-12-25T14:56:58.680+0000] {dag.py:3834} INFO - Setting next_dagrun for example_skip_dag to 2024-12-24 00:00:00+00:00, run_after=2024-12-25 00:00:00+00:00
[2024-12-25T14:56:58.790+0000] {processor.py:183} INFO - Processing /home/airflow/.local/lib/python3.10/site-packages/airflow/example_dags/example_skip_dag.py took 0.521 seconds
[2024-12-25T14:57:29.165+0000] {processor.py:161} INFO - Started process (PID=11474) to work on /home/airflow/.local/lib/python3.10/site-packages/airflow/example_dags/example_skip_dag.py
[2024-12-25T14:57:29.175+0000] {processor.py:830} INFO - Processing file /home/airflow/.local/lib/python3.10/site-packages/airflow/example_dags/example_skip_dag.py for tasks to queue
[2024-12-25T14:57:29.184+0000] {logging_mixin.py:188} INFO - [2024-12-25T14:57:29.183+0000] {dagbag.py:540} INFO - Filling up the DagBag from /home/airflow/.local/lib/python3.10/site-packages/airflow/example_dags/example_skip_dag.py
[2024-12-25T14:57:29.235+0000] {processor.py:840} INFO - DAG(s) 'example_skip_dag' retrieved from /home/airflow/.local/lib/python3.10/site-packages/airflow/example_dags/example_skip_dag.py
[2024-12-25T14:57:29.356+0000] {logging_mixin.py:188} INFO - [2024-12-25T14:57:29.355+0000] {dag.py:3047} INFO - Sync 1 DAGs
[2024-12-25T14:57:29.505+0000] {logging_mixin.py:188} INFO - [2024-12-25T14:57:29.504+0000] {dag.py:3834} INFO - Setting next_dagrun for example_skip_dag to 2024-12-24 00:00:00+00:00, run_after=2024-12-25 00:00:00+00:00
[2024-12-25T14:57:29.704+0000] {processor.py:183} INFO - Processing /home/airflow/.local/lib/python3.10/site-packages/airflow/example_dags/example_skip_dag.py took 0.570 seconds
[2024-12-25T14:58:00.119+0000] {processor.py:161} INFO - Started process (PID=11530) to work on /home/airflow/.local/lib/python3.10/site-packages/airflow/example_dags/example_skip_dag.py
[2024-12-25T14:58:00.128+0000] {processor.py:830} INFO - Processing file /home/airflow/.local/lib/python3.10/site-packages/airflow/example_dags/example_skip_dag.py for tasks to queue
[2024-12-25T14:58:00.139+0000] {logging_mixin.py:188} INFO - [2024-12-25T14:58:00.138+0000] {dagbag.py:540} INFO - Filling up the DagBag from /home/airflow/.local/lib/python3.10/site-packages/airflow/example_dags/example_skip_dag.py
[2024-12-25T14:58:00.189+0000] {processor.py:840} INFO - DAG(s) 'example_skip_dag' retrieved from /home/airflow/.local/lib/python3.10/site-packages/airflow/example_dags/example_skip_dag.py
[2024-12-25T14:58:00.359+0000] {logging_mixin.py:188} INFO - [2024-12-25T14:58:00.358+0000] {dag.py:3047} INFO - Sync 1 DAGs
[2024-12-25T14:58:00.478+0000] {logging_mixin.py:188} INFO - [2024-12-25T14:58:00.478+0000] {dag.py:3834} INFO - Setting next_dagrun for example_skip_dag to 2024-12-24 00:00:00+00:00, run_after=2024-12-25 00:00:00+00:00
[2024-12-25T14:58:00.619+0000] {processor.py:183} INFO - Processing /home/airflow/.local/lib/python3.10/site-packages/airflow/example_dags/example_skip_dag.py took 0.520 seconds
[2024-12-25T14:58:30.989+0000] {processor.py:161} INFO - Started process (PID=11586) to work on /home/airflow/.local/lib/python3.10/site-packages/airflow/example_dags/example_skip_dag.py
[2024-12-25T14:58:30.991+0000] {processor.py:830} INFO - Processing file /home/airflow/.local/lib/python3.10/site-packages/airflow/example_dags/example_skip_dag.py for tasks to queue
[2024-12-25T14:58:30.992+0000] {logging_mixin.py:188} INFO - [2024-12-25T14:58:30.991+0000] {dagbag.py:540} INFO - Filling up the DagBag from /home/airflow/.local/lib/python3.10/site-packages/airflow/example_dags/example_skip_dag.py
[2024-12-25T14:58:31.040+0000] {processor.py:840} INFO - DAG(s) 'example_skip_dag' retrieved from /home/airflow/.local/lib/python3.10/site-packages/airflow/example_dags/example_skip_dag.py
[2024-12-25T14:58:31.180+0000] {logging_mixin.py:188} INFO - [2024-12-25T14:58:31.179+0000] {dag.py:3047} INFO - Sync 1 DAGs
[2024-12-25T14:58:31.321+0000] {logging_mixin.py:188} INFO - [2024-12-25T14:58:31.302+0000] {dag.py:3834} INFO - Setting next_dagrun for example_skip_dag to 2024-12-24 00:00:00+00:00, run_after=2024-12-25 00:00:00+00:00
[2024-12-25T14:58:31.462+0000] {processor.py:183} INFO - Processing /home/airflow/.local/lib/python3.10/site-packages/airflow/example_dags/example_skip_dag.py took 0.502 seconds
[2024-12-25T14:59:01.773+0000] {processor.py:161} INFO - Started process (PID=11642) to work on /home/airflow/.local/lib/python3.10/site-packages/airflow/example_dags/example_skip_dag.py
[2024-12-25T14:59:01.782+0000] {processor.py:830} INFO - Processing file /home/airflow/.local/lib/python3.10/site-packages/airflow/example_dags/example_skip_dag.py for tasks to queue
[2024-12-25T14:59:01.791+0000] {logging_mixin.py:188} INFO - [2024-12-25T14:59:01.783+0000] {dagbag.py:540} INFO - Filling up the DagBag from /home/airflow/.local/lib/python3.10/site-packages/airflow/example_dags/example_skip_dag.py
[2024-12-25T14:59:01.862+0000] {processor.py:840} INFO - DAG(s) 'example_skip_dag' retrieved from /home/airflow/.local/lib/python3.10/site-packages/airflow/example_dags/example_skip_dag.py
[2024-12-25T14:59:02.042+0000] {logging_mixin.py:188} INFO - [2024-12-25T14:59:02.042+0000] {dag.py:3047} INFO - Sync 1 DAGs
[2024-12-25T14:59:02.192+0000] {logging_mixin.py:188} INFO - [2024-12-25T14:59:02.192+0000] {dag.py:3834} INFO - Setting next_dagrun for example_skip_dag to 2024-12-24 00:00:00+00:00, run_after=2024-12-25 00:00:00+00:00
[2024-12-25T14:59:02.372+0000] {processor.py:183} INFO - Processing /home/airflow/.local/lib/python3.10/site-packages/airflow/example_dags/example_skip_dag.py took 0.620 seconds
[2024-12-25T14:59:35.446+0000] {processor.py:161} INFO - Started process (PID=11697) to work on /home/airflow/.local/lib/python3.10/site-packages/airflow/example_dags/example_skip_dag.py
[2024-12-25T14:59:35.475+0000] {processor.py:830} INFO - Processing file /home/airflow/.local/lib/python3.10/site-packages/airflow/example_dags/example_skip_dag.py for tasks to queue
[2024-12-25T14:59:35.517+0000] {logging_mixin.py:188} INFO - [2024-12-25T14:59:35.516+0000] {dagbag.py:540} INFO - Filling up the DagBag from /home/airflow/.local/lib/python3.10/site-packages/airflow/example_dags/example_skip_dag.py
[2024-12-25T14:59:35.596+0000] {processor.py:840} INFO - DAG(s) 'example_skip_dag' retrieved from /home/airflow/.local/lib/python3.10/site-packages/airflow/example_dags/example_skip_dag.py
[2024-12-25T14:59:35.757+0000] {logging_mixin.py:188} INFO - [2024-12-25T14:59:35.756+0000] {dag.py:3047} INFO - Sync 1 DAGs
[2024-12-25T14:59:36.016+0000] {logging_mixin.py:188} INFO - [2024-12-25T14:59:36.016+0000] {dag.py:3834} INFO - Setting next_dagrun for example_skip_dag to 2024-12-24 00:00:00+00:00, run_after=2024-12-25 00:00:00+00:00
[2024-12-25T14:59:36.567+0000] {processor.py:183} INFO - Processing /home/airflow/.local/lib/python3.10/site-packages/airflow/example_dags/example_skip_dag.py took 1.152 seconds
[2024-12-25T15:00:11.398+0000] {processor.py:161} INFO - Started process (PID=11746) to work on /home/airflow/.local/lib/python3.10/site-packages/airflow/example_dags/example_skip_dag.py
[2024-12-25T15:00:11.427+0000] {processor.py:830} INFO - Processing file /home/airflow/.local/lib/python3.10/site-packages/airflow/example_dags/example_skip_dag.py for tasks to queue
[2024-12-25T15:00:11.448+0000] {logging_mixin.py:188} INFO - [2024-12-25T15:00:11.447+0000] {dagbag.py:540} INFO - Filling up the DagBag from /home/airflow/.local/lib/python3.10/site-packages/airflow/example_dags/example_skip_dag.py
[2024-12-25T15:00:11.519+0000] {processor.py:840} INFO - DAG(s) 'example_skip_dag' retrieved from /home/airflow/.local/lib/python3.10/site-packages/airflow/example_dags/example_skip_dag.py
[2024-12-25T15:00:11.758+0000] {logging_mixin.py:188} INFO - [2024-12-25T15:00:11.758+0000] {dag.py:3047} INFO - Sync 1 DAGs
[2024-12-25T15:00:11.978+0000] {logging_mixin.py:188} INFO - [2024-12-25T15:00:11.977+0000] {dag.py:3834} INFO - Setting next_dagrun for example_skip_dag to 2024-12-24 00:00:00+00:00, run_after=2024-12-25 00:00:00+00:00
[2024-12-25T15:00:12.167+0000] {processor.py:183} INFO - Processing /home/airflow/.local/lib/python3.10/site-packages/airflow/example_dags/example_skip_dag.py took 0.838 seconds
[2024-12-25T15:00:49.721+0000] {processor.py:161} INFO - Started process (PID=11798) to work on /home/airflow/.local/lib/python3.10/site-packages/airflow/example_dags/example_skip_dag.py
[2024-12-25T15:00:49.749+0000] {processor.py:830} INFO - Processing file /home/airflow/.local/lib/python3.10/site-packages/airflow/example_dags/example_skip_dag.py for tasks to queue
[2024-12-25T15:00:49.760+0000] {logging_mixin.py:188} INFO - [2024-12-25T15:00:49.751+0000] {dagbag.py:540} INFO - Filling up the DagBag from /home/airflow/.local/lib/python3.10/site-packages/airflow/example_dags/example_skip_dag.py
[2024-12-25T15:00:49.841+0000] {processor.py:840} INFO - DAG(s) 'example_skip_dag' retrieved from /home/airflow/.local/lib/python3.10/site-packages/airflow/example_dags/example_skip_dag.py
[2024-12-25T15:00:50.201+0000] {logging_mixin.py:188} INFO - [2024-12-25T15:00:50.191+0000] {dag.py:3047} INFO - Sync 1 DAGs
[2024-12-25T15:00:50.481+0000] {logging_mixin.py:188} INFO - [2024-12-25T15:00:50.480+0000] {dag.py:3834} INFO - Setting next_dagrun for example_skip_dag to 2024-12-24 00:00:00+00:00, run_after=2024-12-25 00:00:00+00:00
[2024-12-25T15:00:50.699+0000] {processor.py:183} INFO - Processing /home/airflow/.local/lib/python3.10/site-packages/airflow/example_dags/example_skip_dag.py took 1.039 seconds
[2024-12-25T15:02:50.526+0000] {processor.py:161} INFO - Started process (PID=11881) to work on /home/airflow/.local/lib/python3.10/site-packages/airflow/example_dags/example_skip_dag.py
[2024-12-25T15:02:50.546+0000] {processor.py:830} INFO - Processing file /home/airflow/.local/lib/python3.10/site-packages/airflow/example_dags/example_skip_dag.py for tasks to queue
[2024-12-25T15:02:50.596+0000] {logging_mixin.py:188} INFO - [2024-12-25T15:02:50.556+0000] {dagbag.py:540} INFO - Filling up the DagBag from /home/airflow/.local/lib/python3.10/site-packages/airflow/example_dags/example_skip_dag.py
[2024-12-25T15:02:50.786+0000] {processor.py:840} INFO - DAG(s) 'example_skip_dag' retrieved from /home/airflow/.local/lib/python3.10/site-packages/airflow/example_dags/example_skip_dag.py
[2024-12-25T15:02:51.246+0000] {logging_mixin.py:188} INFO - [2024-12-25T15:02:51.245+0000] {dag.py:3047} INFO - Sync 1 DAGs
[2024-12-25T15:02:51.816+0000] {logging_mixin.py:188} INFO - [2024-12-25T15:02:51.815+0000] {dag.py:3834} INFO - Setting next_dagrun for example_skip_dag to 2024-12-24 00:00:00+00:00, run_after=2024-12-25 00:00:00+00:00
[2024-12-25T15:02:52.407+0000] {processor.py:183} INFO - Processing /home/airflow/.local/lib/python3.10/site-packages/airflow/example_dags/example_skip_dag.py took 1.980 seconds
[2024-12-25T15:04:13.372+0000] {processor.py:161} INFO - Started process (PID=11955) to work on /home/airflow/.local/lib/python3.10/site-packages/airflow/example_dags/example_skip_dag.py
[2024-12-25T15:04:13.412+0000] {processor.py:830} INFO - Processing file /home/airflow/.local/lib/python3.10/site-packages/airflow/example_dags/example_skip_dag.py for tasks to queue
[2024-12-25T15:04:13.433+0000] {logging_mixin.py:188} INFO - [2024-12-25T15:04:13.432+0000] {dagbag.py:540} INFO - Filling up the DagBag from /home/airflow/.local/lib/python3.10/site-packages/airflow/example_dags/example_skip_dag.py
[2024-12-25T15:04:13.682+0000] {processor.py:840} INFO - DAG(s) 'example_skip_dag' retrieved from /home/airflow/.local/lib/python3.10/site-packages/airflow/example_dags/example_skip_dag.py
[2024-12-25T15:04:14.241+0000] {logging_mixin.py:188} INFO - [2024-12-25T15:04:14.241+0000] {dag.py:3047} INFO - Sync 1 DAGs
[2024-12-25T15:04:14.902+0000] {logging_mixin.py:188} INFO - [2024-12-25T15:04:14.892+0000] {dag.py:3834} INFO - Setting next_dagrun for example_skip_dag to 2024-12-24 00:00:00+00:00, run_after=2024-12-25 00:00:00+00:00
[2024-12-25T15:04:15.262+0000] {processor.py:183} INFO - Processing /home/airflow/.local/lib/python3.10/site-packages/airflow/example_dags/example_skip_dag.py took 2.081 seconds
[2024-12-25T15:05:50.045+0000] {processor.py:161} INFO - Started process (PID=12029) to work on /home/airflow/.local/lib/python3.10/site-packages/airflow/example_dags/example_skip_dag.py
[2024-12-25T15:05:50.125+0000] {processor.py:830} INFO - Processing file /home/airflow/.local/lib/python3.10/site-packages/airflow/example_dags/example_skip_dag.py for tasks to queue
[2024-12-25T15:05:50.165+0000] {logging_mixin.py:188} INFO - [2024-12-25T15:05:50.155+0000] {dagbag.py:540} INFO - Filling up the DagBag from /home/airflow/.local/lib/python3.10/site-packages/airflow/example_dags/example_skip_dag.py
[2024-12-25T15:05:50.615+0000] {processor.py:840} INFO - DAG(s) 'example_skip_dag' retrieved from /home/airflow/.local/lib/python3.10/site-packages/airflow/example_dags/example_skip_dag.py
[2024-12-25T15:05:51.565+0000] {logging_mixin.py:188} INFO - [2024-12-25T15:05:51.555+0000] {dag.py:3047} INFO - Sync 1 DAGs
[2024-12-25T15:05:52.711+0000] {logging_mixin.py:188} INFO - [2024-12-25T15:05:52.691+0000] {dag.py:3834} INFO - Setting next_dagrun for example_skip_dag to 2024-12-24 00:00:00+00:00, run_after=2024-12-25 00:00:00+00:00
[2024-12-25T15:05:53.641+0000] {processor.py:183} INFO - Processing /home/airflow/.local/lib/python3.10/site-packages/airflow/example_dags/example_skip_dag.py took 3.929 seconds
[2024-12-25T15:07:50.416+0000] {processor.py:161} INFO - Started process (PID=12079) to work on /home/airflow/.local/lib/python3.10/site-packages/airflow/example_dags/example_skip_dag.py
[2024-12-25T15:07:50.466+0000] {processor.py:830} INFO - Processing file /home/airflow/.local/lib/python3.10/site-packages/airflow/example_dags/example_skip_dag.py for tasks to queue
[2024-12-25T15:07:50.636+0000] {logging_mixin.py:188} INFO - [2024-12-25T15:07:50.586+0000] {dagbag.py:540} INFO - Filling up the DagBag from /home/airflow/.local/lib/python3.10/site-packages/airflow/example_dags/example_skip_dag.py
[2024-12-25T15:07:51.596+0000] {processor.py:840} INFO - DAG(s) 'example_skip_dag' retrieved from /home/airflow/.local/lib/python3.10/site-packages/airflow/example_dags/example_skip_dag.py
[2024-12-25T15:07:53.047+0000] {logging_mixin.py:188} INFO - [2024-12-25T15:07:52.957+0000] {dag.py:3047} INFO - Sync 1 DAGs
[2024-12-25T15:07:56.077+0000] {logging_mixin.py:188} INFO - [2024-12-25T15:07:56.077+0000] {dag.py:3834} INFO - Setting next_dagrun for example_skip_dag to 2024-12-24 00:00:00+00:00, run_after=2024-12-25 00:00:00+00:00
[2024-12-25T15:07:58.657+0000] {processor.py:183} INFO - Processing /home/airflow/.local/lib/python3.10/site-packages/airflow/example_dags/example_skip_dag.py took 8.690 seconds
