[2024-12-25T14:24:03.654+0000] {processor.py:161} INFO - Started process (PID=7863) to work on /home/airflow/.local/lib/python3.10/site-packages/airflow/example_dags/example_sensors.py
[2024-12-25T14:24:03.666+0000] {processor.py:830} INFO - Processing file /home/airflow/.local/lib/python3.10/site-packages/airflow/example_dags/example_sensors.py for tasks to queue
[2024-12-25T14:24:03.694+0000] {logging_mixin.py:188} INFO - [2024-12-25T14:24:03.677+0000] {dagbag.py:540} INFO - Filling up the DagBag from /home/airflow/.local/lib/python3.10/site-packages/airflow/example_dags/example_sensors.py
[2024-12-25T14:24:03.870+0000] {processor.py:840} INFO - DAG(s) 'example_sensors' retrieved from /home/airflow/.local/lib/python3.10/site-packages/airflow/example_dags/example_sensors.py
[2024-12-25T14:24:04.175+0000] {logging_mixin.py:188} INFO - [2024-12-25T14:24:04.174+0000] {dag.py:3047} INFO - Sync 1 DAGs
[2024-12-25T14:24:04.207+0000] {logging_mixin.py:188} INFO - [2024-12-25T14:24:04.207+0000] {dag.py:3834} INFO - Setting next_dagrun for example_sensors to None, run_after=None
[2024-12-25T14:24:04.326+0000] {processor.py:183} INFO - Processing /home/airflow/.local/lib/python3.10/site-packages/airflow/example_dags/example_sensors.py took 0.768 seconds
[2024-12-25T14:24:42.019+0000] {processor.py:161} INFO - Started process (PID=7918) to work on /home/airflow/.local/lib/python3.10/site-packages/airflow/example_dags/example_sensors.py
[2024-12-25T14:24:42.033+0000] {processor.py:830} INFO - Processing file /home/airflow/.local/lib/python3.10/site-packages/airflow/example_dags/example_sensors.py for tasks to queue
[2024-12-25T14:24:42.035+0000] {logging_mixin.py:188} INFO - [2024-12-25T14:24:42.035+0000] {dagbag.py:540} INFO - Filling up the DagBag from /home/airflow/.local/lib/python3.10/site-packages/airflow/example_dags/example_sensors.py
[2024-12-25T14:24:42.078+0000] {processor.py:840} INFO - DAG(s) 'example_sensors' retrieved from /home/airflow/.local/lib/python3.10/site-packages/airflow/example_dags/example_sensors.py
[2024-12-25T14:24:42.174+0000] {logging_mixin.py:188} INFO - [2024-12-25T14:24:42.173+0000] {dag.py:3047} INFO - Sync 1 DAGs
[2024-12-25T14:24:42.222+0000] {logging_mixin.py:188} INFO - [2024-12-25T14:24:42.221+0000] {dag.py:3834} INFO - Setting next_dagrun for example_sensors to None, run_after=None
[2024-12-25T14:24:42.320+0000] {processor.py:183} INFO - Processing /home/airflow/.local/lib/python3.10/site-packages/airflow/example_dags/example_sensors.py took 0.307 seconds
[2024-12-25T14:25:13.161+0000] {processor.py:161} INFO - Started process (PID=7973) to work on /home/airflow/.local/lib/python3.10/site-packages/airflow/example_dags/example_sensors.py
[2024-12-25T14:25:13.172+0000] {processor.py:830} INFO - Processing file /home/airflow/.local/lib/python3.10/site-packages/airflow/example_dags/example_sensors.py for tasks to queue
[2024-12-25T14:25:13.175+0000] {logging_mixin.py:188} INFO - [2024-12-25T14:25:13.175+0000] {dagbag.py:540} INFO - Filling up the DagBag from /home/airflow/.local/lib/python3.10/site-packages/airflow/example_dags/example_sensors.py
[2024-12-25T14:25:13.191+0000] {processor.py:840} INFO - DAG(s) 'example_sensors' retrieved from /home/airflow/.local/lib/python3.10/site-packages/airflow/example_dags/example_sensors.py
[2024-12-25T14:25:13.233+0000] {logging_mixin.py:188} INFO - [2024-12-25T14:25:13.233+0000] {dag.py:3047} INFO - Sync 1 DAGs
[2024-12-25T14:25:13.255+0000] {logging_mixin.py:188} INFO - [2024-12-25T14:25:13.254+0000] {dag.py:3834} INFO - Setting next_dagrun for example_sensors to None, run_after=None
[2024-12-25T14:25:13.301+0000] {processor.py:183} INFO - Processing /home/airflow/.local/lib/python3.10/site-packages/airflow/example_dags/example_sensors.py took 0.148 seconds
[2024-12-25T14:25:43.367+0000] {processor.py:161} INFO - Started process (PID=8029) to work on /home/airflow/.local/lib/python3.10/site-packages/airflow/example_dags/example_sensors.py
[2024-12-25T14:25:43.374+0000] {processor.py:830} INFO - Processing file /home/airflow/.local/lib/python3.10/site-packages/airflow/example_dags/example_sensors.py for tasks to queue
[2024-12-25T14:25:43.375+0000] {logging_mixin.py:188} INFO - [2024-12-25T14:25:43.375+0000] {dagbag.py:540} INFO - Filling up the DagBag from /home/airflow/.local/lib/python3.10/site-packages/airflow/example_dags/example_sensors.py
[2024-12-25T14:25:43.387+0000] {processor.py:840} INFO - DAG(s) 'example_sensors' retrieved from /home/airflow/.local/lib/python3.10/site-packages/airflow/example_dags/example_sensors.py
[2024-12-25T14:25:43.417+0000] {logging_mixin.py:188} INFO - [2024-12-25T14:25:43.417+0000] {dag.py:3047} INFO - Sync 1 DAGs
[2024-12-25T14:25:43.432+0000] {logging_mixin.py:188} INFO - [2024-12-25T14:25:43.431+0000] {dag.py:3834} INFO - Setting next_dagrun for example_sensors to None, run_after=None
[2024-12-25T14:25:43.462+0000] {processor.py:183} INFO - Processing /home/airflow/.local/lib/python3.10/site-packages/airflow/example_dags/example_sensors.py took 0.099 seconds
[2024-12-25T14:26:13.920+0000] {processor.py:161} INFO - Started process (PID=8084) to work on /home/airflow/.local/lib/python3.10/site-packages/airflow/example_dags/example_sensors.py
[2024-12-25T14:26:13.921+0000] {processor.py:830} INFO - Processing file /home/airflow/.local/lib/python3.10/site-packages/airflow/example_dags/example_sensors.py for tasks to queue
[2024-12-25T14:26:13.922+0000] {logging_mixin.py:188} INFO - [2024-12-25T14:26:13.921+0000] {dagbag.py:540} INFO - Filling up the DagBag from /home/airflow/.local/lib/python3.10/site-packages/airflow/example_dags/example_sensors.py
[2024-12-25T14:26:13.931+0000] {processor.py:840} INFO - DAG(s) 'example_sensors' retrieved from /home/airflow/.local/lib/python3.10/site-packages/airflow/example_dags/example_sensors.py
[2024-12-25T14:26:13.960+0000] {logging_mixin.py:188} INFO - [2024-12-25T14:26:13.959+0000] {dag.py:3047} INFO - Sync 1 DAGs
[2024-12-25T14:26:13.970+0000] {logging_mixin.py:188} INFO - [2024-12-25T14:26:13.970+0000] {dag.py:3834} INFO - Setting next_dagrun for example_sensors to None, run_after=None
[2024-12-25T14:26:13.993+0000] {processor.py:183} INFO - Processing /home/airflow/.local/lib/python3.10/site-packages/airflow/example_dags/example_sensors.py took 0.077 seconds
[2024-12-25T14:26:44.822+0000] {processor.py:161} INFO - Started process (PID=8140) to work on /home/airflow/.local/lib/python3.10/site-packages/airflow/example_dags/example_sensors.py
[2024-12-25T14:26:44.824+0000] {processor.py:830} INFO - Processing file /home/airflow/.local/lib/python3.10/site-packages/airflow/example_dags/example_sensors.py for tasks to queue
[2024-12-25T14:26:44.827+0000] {logging_mixin.py:188} INFO - [2024-12-25T14:26:44.826+0000] {dagbag.py:540} INFO - Filling up the DagBag from /home/airflow/.local/lib/python3.10/site-packages/airflow/example_dags/example_sensors.py
[2024-12-25T14:26:44.858+0000] {processor.py:840} INFO - DAG(s) 'example_sensors' retrieved from /home/airflow/.local/lib/python3.10/site-packages/airflow/example_dags/example_sensors.py
[2024-12-25T14:26:44.930+0000] {logging_mixin.py:188} INFO - [2024-12-25T14:26:44.930+0000] {dag.py:3047} INFO - Sync 1 DAGs
[2024-12-25T14:26:44.951+0000] {logging_mixin.py:188} INFO - [2024-12-25T14:26:44.951+0000] {dag.py:3834} INFO - Setting next_dagrun for example_sensors to None, run_after=None
[2024-12-25T14:26:44.991+0000] {processor.py:183} INFO - Processing /home/airflow/.local/lib/python3.10/site-packages/airflow/example_dags/example_sensors.py took 0.173 seconds
[2024-12-25T14:27:15.426+0000] {processor.py:161} INFO - Started process (PID=8195) to work on /home/airflow/.local/lib/python3.10/site-packages/airflow/example_dags/example_sensors.py
[2024-12-25T14:27:15.428+0000] {processor.py:830} INFO - Processing file /home/airflow/.local/lib/python3.10/site-packages/airflow/example_dags/example_sensors.py for tasks to queue
[2024-12-25T14:27:15.432+0000] {logging_mixin.py:188} INFO - [2024-12-25T14:27:15.431+0000] {dagbag.py:540} INFO - Filling up the DagBag from /home/airflow/.local/lib/python3.10/site-packages/airflow/example_dags/example_sensors.py
[2024-12-25T14:27:15.443+0000] {processor.py:840} INFO - DAG(s) 'example_sensors' retrieved from /home/airflow/.local/lib/python3.10/site-packages/airflow/example_dags/example_sensors.py
[2024-12-25T14:27:15.474+0000] {logging_mixin.py:188} INFO - [2024-12-25T14:27:15.473+0000] {dag.py:3047} INFO - Sync 1 DAGs
[2024-12-25T14:27:15.493+0000] {logging_mixin.py:188} INFO - [2024-12-25T14:27:15.491+0000] {dag.py:3834} INFO - Setting next_dagrun for example_sensors to None, run_after=None
[2024-12-25T14:27:15.523+0000] {processor.py:183} INFO - Processing /home/airflow/.local/lib/python3.10/site-packages/airflow/example_dags/example_sensors.py took 0.101 seconds
[2024-12-25T14:27:46.059+0000] {processor.py:161} INFO - Started process (PID=8251) to work on /home/airflow/.local/lib/python3.10/site-packages/airflow/example_dags/example_sensors.py
[2024-12-25T14:27:46.060+0000] {processor.py:830} INFO - Processing file /home/airflow/.local/lib/python3.10/site-packages/airflow/example_dags/example_sensors.py for tasks to queue
[2024-12-25T14:27:46.063+0000] {logging_mixin.py:188} INFO - [2024-12-25T14:27:46.062+0000] {dagbag.py:540} INFO - Filling up the DagBag from /home/airflow/.local/lib/python3.10/site-packages/airflow/example_dags/example_sensors.py
[2024-12-25T14:27:46.075+0000] {processor.py:840} INFO - DAG(s) 'example_sensors' retrieved from /home/airflow/.local/lib/python3.10/site-packages/airflow/example_dags/example_sensors.py
[2024-12-25T14:27:46.114+0000] {logging_mixin.py:188} INFO - [2024-12-25T14:27:46.114+0000] {dag.py:3047} INFO - Sync 1 DAGs
[2024-12-25T14:27:46.130+0000] {logging_mixin.py:188} INFO - [2024-12-25T14:27:46.130+0000] {dag.py:3834} INFO - Setting next_dagrun for example_sensors to None, run_after=None
[2024-12-25T14:27:46.161+0000] {processor.py:183} INFO - Processing /home/airflow/.local/lib/python3.10/site-packages/airflow/example_dags/example_sensors.py took 0.106 seconds
[2024-12-25T14:28:16.927+0000] {processor.py:161} INFO - Started process (PID=8307) to work on /home/airflow/.local/lib/python3.10/site-packages/airflow/example_dags/example_sensors.py
[2024-12-25T14:28:16.929+0000] {processor.py:830} INFO - Processing file /home/airflow/.local/lib/python3.10/site-packages/airflow/example_dags/example_sensors.py for tasks to queue
[2024-12-25T14:28:16.933+0000] {logging_mixin.py:188} INFO - [2024-12-25T14:28:16.931+0000] {dagbag.py:540} INFO - Filling up the DagBag from /home/airflow/.local/lib/python3.10/site-packages/airflow/example_dags/example_sensors.py
[2024-12-25T14:28:16.953+0000] {processor.py:840} INFO - DAG(s) 'example_sensors' retrieved from /home/airflow/.local/lib/python3.10/site-packages/airflow/example_dags/example_sensors.py
[2024-12-25T14:28:17.016+0000] {logging_mixin.py:188} INFO - [2024-12-25T14:28:17.016+0000] {dag.py:3047} INFO - Sync 1 DAGs
[2024-12-25T14:28:17.046+0000] {logging_mixin.py:188} INFO - [2024-12-25T14:28:17.046+0000] {dag.py:3834} INFO - Setting next_dagrun for example_sensors to None, run_after=None
[2024-12-25T14:28:17.093+0000] {processor.py:183} INFO - Processing /home/airflow/.local/lib/python3.10/site-packages/airflow/example_dags/example_sensors.py took 0.172 seconds
[2024-12-25T14:28:47.436+0000] {processor.py:161} INFO - Started process (PID=8363) to work on /home/airflow/.local/lib/python3.10/site-packages/airflow/example_dags/example_sensors.py
[2024-12-25T14:28:47.437+0000] {processor.py:830} INFO - Processing file /home/airflow/.local/lib/python3.10/site-packages/airflow/example_dags/example_sensors.py for tasks to queue
[2024-12-25T14:28:47.439+0000] {logging_mixin.py:188} INFO - [2024-12-25T14:28:47.438+0000] {dagbag.py:540} INFO - Filling up the DagBag from /home/airflow/.local/lib/python3.10/site-packages/airflow/example_dags/example_sensors.py
[2024-12-25T14:28:47.452+0000] {processor.py:840} INFO - DAG(s) 'example_sensors' retrieved from /home/airflow/.local/lib/python3.10/site-packages/airflow/example_dags/example_sensors.py
[2024-12-25T14:28:47.506+0000] {logging_mixin.py:188} INFO - [2024-12-25T14:28:47.506+0000] {dag.py:3047} INFO - Sync 1 DAGs
[2024-12-25T14:28:47.528+0000] {logging_mixin.py:188} INFO - [2024-12-25T14:28:47.528+0000] {dag.py:3834} INFO - Setting next_dagrun for example_sensors to None, run_after=None
[2024-12-25T14:28:47.569+0000] {processor.py:183} INFO - Processing /home/airflow/.local/lib/python3.10/site-packages/airflow/example_dags/example_sensors.py took 0.139 seconds
[2024-12-25T14:29:18.062+0000] {processor.py:161} INFO - Started process (PID=8419) to work on /home/airflow/.local/lib/python3.10/site-packages/airflow/example_dags/example_sensors.py
[2024-12-25T14:29:18.067+0000] {processor.py:830} INFO - Processing file /home/airflow/.local/lib/python3.10/site-packages/airflow/example_dags/example_sensors.py for tasks to queue
[2024-12-25T14:29:18.070+0000] {logging_mixin.py:188} INFO - [2024-12-25T14:29:18.069+0000] {dagbag.py:540} INFO - Filling up the DagBag from /home/airflow/.local/lib/python3.10/site-packages/airflow/example_dags/example_sensors.py
[2024-12-25T14:29:18.094+0000] {processor.py:840} INFO - DAG(s) 'example_sensors' retrieved from /home/airflow/.local/lib/python3.10/site-packages/airflow/example_dags/example_sensors.py
[2024-12-25T14:29:18.146+0000] {logging_mixin.py:188} INFO - [2024-12-25T14:29:18.146+0000] {dag.py:3047} INFO - Sync 1 DAGs
[2024-12-25T14:29:18.175+0000] {logging_mixin.py:188} INFO - [2024-12-25T14:29:18.174+0000] {dag.py:3834} INFO - Setting next_dagrun for example_sensors to None, run_after=None
[2024-12-25T14:29:18.226+0000] {processor.py:183} INFO - Processing /home/airflow/.local/lib/python3.10/site-packages/airflow/example_dags/example_sensors.py took 0.170 seconds
[2024-12-25T14:29:48.762+0000] {processor.py:161} INFO - Started process (PID=8474) to work on /home/airflow/.local/lib/python3.10/site-packages/airflow/example_dags/example_sensors.py
[2024-12-25T14:29:48.764+0000] {processor.py:830} INFO - Processing file /home/airflow/.local/lib/python3.10/site-packages/airflow/example_dags/example_sensors.py for tasks to queue
[2024-12-25T14:29:48.767+0000] {logging_mixin.py:188} INFO - [2024-12-25T14:29:48.765+0000] {dagbag.py:540} INFO - Filling up the DagBag from /home/airflow/.local/lib/python3.10/site-packages/airflow/example_dags/example_sensors.py
[2024-12-25T14:29:48.790+0000] {processor.py:840} INFO - DAG(s) 'example_sensors' retrieved from /home/airflow/.local/lib/python3.10/site-packages/airflow/example_dags/example_sensors.py
[2024-12-25T14:29:48.842+0000] {logging_mixin.py:188} INFO - [2024-12-25T14:29:48.842+0000] {dag.py:3047} INFO - Sync 1 DAGs
[2024-12-25T14:29:48.879+0000] {logging_mixin.py:188} INFO - [2024-12-25T14:29:48.879+0000] {dag.py:3834} INFO - Setting next_dagrun for example_sensors to None, run_after=None
[2024-12-25T14:29:48.940+0000] {processor.py:183} INFO - Processing /home/airflow/.local/lib/python3.10/site-packages/airflow/example_dags/example_sensors.py took 0.183 seconds
[2024-12-25T14:30:21.843+0000] {processor.py:161} INFO - Started process (PID=8529) to work on /home/airflow/.local/lib/python3.10/site-packages/airflow/example_dags/example_sensors.py
[2024-12-25T14:30:21.856+0000] {processor.py:830} INFO - Processing file /home/airflow/.local/lib/python3.10/site-packages/airflow/example_dags/example_sensors.py for tasks to queue
[2024-12-25T14:30:21.859+0000] {logging_mixin.py:188} INFO - [2024-12-25T14:30:21.858+0000] {dagbag.py:540} INFO - Filling up the DagBag from /home/airflow/.local/lib/python3.10/site-packages/airflow/example_dags/example_sensors.py
[2024-12-25T14:30:21.923+0000] {processor.py:840} INFO - DAG(s) 'example_sensors' retrieved from /home/airflow/.local/lib/python3.10/site-packages/airflow/example_dags/example_sensors.py
[2024-12-25T14:30:22.099+0000] {logging_mixin.py:188} INFO - [2024-12-25T14:30:22.098+0000] {dag.py:3047} INFO - Sync 1 DAGs
[2024-12-25T14:30:22.195+0000] {logging_mixin.py:188} INFO - [2024-12-25T14:30:22.195+0000] {dag.py:3834} INFO - Setting next_dagrun for example_sensors to None, run_after=None
[2024-12-25T14:30:22.314+0000] {processor.py:183} INFO - Processing /home/airflow/.local/lib/python3.10/site-packages/airflow/example_dags/example_sensors.py took 0.488 seconds
[2024-12-25T14:30:53.946+0000] {processor.py:161} INFO - Started process (PID=8585) to work on /home/airflow/.local/lib/python3.10/site-packages/airflow/example_dags/example_sensors.py
[2024-12-25T14:30:53.948+0000] {processor.py:830} INFO - Processing file /home/airflow/.local/lib/python3.10/site-packages/airflow/example_dags/example_sensors.py for tasks to queue
[2024-12-25T14:30:53.950+0000] {logging_mixin.py:188} INFO - [2024-12-25T14:30:53.949+0000] {dagbag.py:540} INFO - Filling up the DagBag from /home/airflow/.local/lib/python3.10/site-packages/airflow/example_dags/example_sensors.py
[2024-12-25T14:30:53.967+0000] {processor.py:840} INFO - DAG(s) 'example_sensors' retrieved from /home/airflow/.local/lib/python3.10/site-packages/airflow/example_dags/example_sensors.py
[2024-12-25T14:30:54.005+0000] {logging_mixin.py:188} INFO - [2024-12-25T14:30:54.004+0000] {dag.py:3047} INFO - Sync 1 DAGs
[2024-12-25T14:30:54.028+0000] {logging_mixin.py:188} INFO - [2024-12-25T14:30:54.028+0000] {dag.py:3834} INFO - Setting next_dagrun for example_sensors to None, run_after=None
[2024-12-25T14:30:54.068+0000] {processor.py:183} INFO - Processing /home/airflow/.local/lib/python3.10/site-packages/airflow/example_dags/example_sensors.py took 0.129 seconds
[2024-12-25T14:31:24.664+0000] {processor.py:161} INFO - Started process (PID=8639) to work on /home/airflow/.local/lib/python3.10/site-packages/airflow/example_dags/example_sensors.py
[2024-12-25T14:31:24.665+0000] {processor.py:830} INFO - Processing file /home/airflow/.local/lib/python3.10/site-packages/airflow/example_dags/example_sensors.py for tasks to queue
[2024-12-25T14:31:24.666+0000] {logging_mixin.py:188} INFO - [2024-12-25T14:31:24.666+0000] {dagbag.py:540} INFO - Filling up the DagBag from /home/airflow/.local/lib/python3.10/site-packages/airflow/example_dags/example_sensors.py
[2024-12-25T14:31:24.677+0000] {processor.py:840} INFO - DAG(s) 'example_sensors' retrieved from /home/airflow/.local/lib/python3.10/site-packages/airflow/example_dags/example_sensors.py
[2024-12-25T14:31:24.714+0000] {logging_mixin.py:188} INFO - [2024-12-25T14:31:24.714+0000] {dag.py:3047} INFO - Sync 1 DAGs
[2024-12-25T14:31:24.728+0000] {logging_mixin.py:188} INFO - [2024-12-25T14:31:24.728+0000] {dag.py:3834} INFO - Setting next_dagrun for example_sensors to None, run_after=None
[2024-12-25T14:31:24.757+0000] {processor.py:183} INFO - Processing /home/airflow/.local/lib/python3.10/site-packages/airflow/example_dags/example_sensors.py took 0.098 seconds
[2024-12-25T14:31:55.000+0000] {processor.py:161} INFO - Started process (PID=8695) to work on /home/airflow/.local/lib/python3.10/site-packages/airflow/example_dags/example_sensors.py
[2024-12-25T14:31:55.001+0000] {processor.py:830} INFO - Processing file /home/airflow/.local/lib/python3.10/site-packages/airflow/example_dags/example_sensors.py for tasks to queue
[2024-12-25T14:31:55.004+0000] {logging_mixin.py:188} INFO - [2024-12-25T14:31:55.004+0000] {dagbag.py:540} INFO - Filling up the DagBag from /home/airflow/.local/lib/python3.10/site-packages/airflow/example_dags/example_sensors.py
[2024-12-25T14:31:55.016+0000] {processor.py:840} INFO - DAG(s) 'example_sensors' retrieved from /home/airflow/.local/lib/python3.10/site-packages/airflow/example_dags/example_sensors.py
[2024-12-25T14:31:55.051+0000] {logging_mixin.py:188} INFO - [2024-12-25T14:31:55.051+0000] {dag.py:3047} INFO - Sync 1 DAGs
[2024-12-25T14:31:55.070+0000] {logging_mixin.py:188} INFO - [2024-12-25T14:31:55.070+0000] {dag.py:3834} INFO - Setting next_dagrun for example_sensors to None, run_after=None
[2024-12-25T14:31:55.106+0000] {processor.py:183} INFO - Processing /home/airflow/.local/lib/python3.10/site-packages/airflow/example_dags/example_sensors.py took 0.110 seconds
[2024-12-25T14:32:25.286+0000] {processor.py:161} INFO - Started process (PID=8751) to work on /home/airflow/.local/lib/python3.10/site-packages/airflow/example_dags/example_sensors.py
[2024-12-25T14:32:25.287+0000] {processor.py:830} INFO - Processing file /home/airflow/.local/lib/python3.10/site-packages/airflow/example_dags/example_sensors.py for tasks to queue
[2024-12-25T14:32:25.289+0000] {logging_mixin.py:188} INFO - [2024-12-25T14:32:25.289+0000] {dagbag.py:540} INFO - Filling up the DagBag from /home/airflow/.local/lib/python3.10/site-packages/airflow/example_dags/example_sensors.py
[2024-12-25T14:32:25.305+0000] {processor.py:840} INFO - DAG(s) 'example_sensors' retrieved from /home/airflow/.local/lib/python3.10/site-packages/airflow/example_dags/example_sensors.py
[2024-12-25T14:32:25.336+0000] {logging_mixin.py:188} INFO - [2024-12-25T14:32:25.336+0000] {dag.py:3047} INFO - Sync 1 DAGs
[2024-12-25T14:32:25.352+0000] {logging_mixin.py:188} INFO - [2024-12-25T14:32:25.352+0000] {dag.py:3834} INFO - Setting next_dagrun for example_sensors to None, run_after=None
[2024-12-25T14:32:25.377+0000] {processor.py:183} INFO - Processing /home/airflow/.local/lib/python3.10/site-packages/airflow/example_dags/example_sensors.py took 0.095 seconds
[2024-12-25T14:32:55.750+0000] {processor.py:161} INFO - Started process (PID=8806) to work on /home/airflow/.local/lib/python3.10/site-packages/airflow/example_dags/example_sensors.py
[2024-12-25T14:32:55.751+0000] {processor.py:830} INFO - Processing file /home/airflow/.local/lib/python3.10/site-packages/airflow/example_dags/example_sensors.py for tasks to queue
[2024-12-25T14:32:55.754+0000] {logging_mixin.py:188} INFO - [2024-12-25T14:32:55.754+0000] {dagbag.py:540} INFO - Filling up the DagBag from /home/airflow/.local/lib/python3.10/site-packages/airflow/example_dags/example_sensors.py
[2024-12-25T14:32:55.765+0000] {processor.py:840} INFO - DAG(s) 'example_sensors' retrieved from /home/airflow/.local/lib/python3.10/site-packages/airflow/example_dags/example_sensors.py
[2024-12-25T14:32:55.804+0000] {logging_mixin.py:188} INFO - [2024-12-25T14:32:55.804+0000] {dag.py:3047} INFO - Sync 1 DAGs
[2024-12-25T14:32:56.003+0000] {logging_mixin.py:188} INFO - [2024-12-25T14:32:56.001+0000] {dag.py:3834} INFO - Setting next_dagrun for example_sensors to None, run_after=None
[2024-12-25T14:32:56.029+0000] {processor.py:183} INFO - Processing /home/airflow/.local/lib/python3.10/site-packages/airflow/example_dags/example_sensors.py took 0.285 seconds
[2024-12-25T14:33:26.418+0000] {processor.py:161} INFO - Started process (PID=8862) to work on /home/airflow/.local/lib/python3.10/site-packages/airflow/example_dags/example_sensors.py
[2024-12-25T14:33:26.419+0000] {processor.py:830} INFO - Processing file /home/airflow/.local/lib/python3.10/site-packages/airflow/example_dags/example_sensors.py for tasks to queue
[2024-12-25T14:33:26.420+0000] {logging_mixin.py:188} INFO - [2024-12-25T14:33:26.420+0000] {dagbag.py:540} INFO - Filling up the DagBag from /home/airflow/.local/lib/python3.10/site-packages/airflow/example_dags/example_sensors.py
[2024-12-25T14:33:26.431+0000] {processor.py:840} INFO - DAG(s) 'example_sensors' retrieved from /home/airflow/.local/lib/python3.10/site-packages/airflow/example_dags/example_sensors.py
[2024-12-25T14:33:26.468+0000] {logging_mixin.py:188} INFO - [2024-12-25T14:33:26.468+0000] {dag.py:3047} INFO - Sync 1 DAGs
[2024-12-25T14:33:26.485+0000] {logging_mixin.py:188} INFO - [2024-12-25T14:33:26.484+0000] {dag.py:3834} INFO - Setting next_dagrun for example_sensors to None, run_after=None
[2024-12-25T14:33:26.515+0000] {processor.py:183} INFO - Processing /home/airflow/.local/lib/python3.10/site-packages/airflow/example_dags/example_sensors.py took 0.101 seconds
[2024-12-25T14:33:56.997+0000] {processor.py:161} INFO - Started process (PID=8917) to work on /home/airflow/.local/lib/python3.10/site-packages/airflow/example_dags/example_sensors.py
[2024-12-25T14:33:56.999+0000] {processor.py:830} INFO - Processing file /home/airflow/.local/lib/python3.10/site-packages/airflow/example_dags/example_sensors.py for tasks to queue
[2024-12-25T14:33:57.000+0000] {logging_mixin.py:188} INFO - [2024-12-25T14:33:57.000+0000] {dagbag.py:540} INFO - Filling up the DagBag from /home/airflow/.local/lib/python3.10/site-packages/airflow/example_dags/example_sensors.py
[2024-12-25T14:33:57.016+0000] {processor.py:840} INFO - DAG(s) 'example_sensors' retrieved from /home/airflow/.local/lib/python3.10/site-packages/airflow/example_dags/example_sensors.py
[2024-12-25T14:33:57.057+0000] {logging_mixin.py:188} INFO - [2024-12-25T14:33:57.057+0000] {dag.py:3047} INFO - Sync 1 DAGs
[2024-12-25T14:33:57.073+0000] {logging_mixin.py:188} INFO - [2024-12-25T14:33:57.073+0000] {dag.py:3834} INFO - Setting next_dagrun for example_sensors to None, run_after=None
[2024-12-25T14:33:57.109+0000] {processor.py:183} INFO - Processing /home/airflow/.local/lib/python3.10/site-packages/airflow/example_dags/example_sensors.py took 0.119 seconds
[2024-12-25T14:34:27.236+0000] {processor.py:161} INFO - Started process (PID=8972) to work on /home/airflow/.local/lib/python3.10/site-packages/airflow/example_dags/example_sensors.py
[2024-12-25T14:34:27.237+0000] {processor.py:830} INFO - Processing file /home/airflow/.local/lib/python3.10/site-packages/airflow/example_dags/example_sensors.py for tasks to queue
[2024-12-25T14:34:27.238+0000] {logging_mixin.py:188} INFO - [2024-12-25T14:34:27.238+0000] {dagbag.py:540} INFO - Filling up the DagBag from /home/airflow/.local/lib/python3.10/site-packages/airflow/example_dags/example_sensors.py
[2024-12-25T14:34:27.254+0000] {processor.py:840} INFO - DAG(s) 'example_sensors' retrieved from /home/airflow/.local/lib/python3.10/site-packages/airflow/example_dags/example_sensors.py
[2024-12-25T14:34:27.286+0000] {logging_mixin.py:188} INFO - [2024-12-25T14:34:27.286+0000] {dag.py:3047} INFO - Sync 1 DAGs
[2024-12-25T14:34:27.301+0000] {logging_mixin.py:188} INFO - [2024-12-25T14:34:27.301+0000] {dag.py:3834} INFO - Setting next_dagrun for example_sensors to None, run_after=None
[2024-12-25T14:34:27.328+0000] {processor.py:183} INFO - Processing /home/airflow/.local/lib/python3.10/site-packages/airflow/example_dags/example_sensors.py took 0.097 seconds
[2024-12-25T14:34:57.841+0000] {processor.py:161} INFO - Started process (PID=9028) to work on /home/airflow/.local/lib/python3.10/site-packages/airflow/example_dags/example_sensors.py
[2024-12-25T14:34:57.846+0000] {processor.py:830} INFO - Processing file /home/airflow/.local/lib/python3.10/site-packages/airflow/example_dags/example_sensors.py for tasks to queue
[2024-12-25T14:34:57.847+0000] {logging_mixin.py:188} INFO - [2024-12-25T14:34:57.847+0000] {dagbag.py:540} INFO - Filling up the DagBag from /home/airflow/.local/lib/python3.10/site-packages/airflow/example_dags/example_sensors.py
[2024-12-25T14:34:57.866+0000] {processor.py:840} INFO - DAG(s) 'example_sensors' retrieved from /home/airflow/.local/lib/python3.10/site-packages/airflow/example_dags/example_sensors.py
[2024-12-25T14:34:57.916+0000] {logging_mixin.py:188} INFO - [2024-12-25T14:34:57.916+0000] {dag.py:3047} INFO - Sync 1 DAGs
[2024-12-25T14:34:57.939+0000] {logging_mixin.py:188} INFO - [2024-12-25T14:34:57.939+0000] {dag.py:3834} INFO - Setting next_dagrun for example_sensors to None, run_after=None
[2024-12-25T14:34:57.976+0000] {processor.py:183} INFO - Processing /home/airflow/.local/lib/python3.10/site-packages/airflow/example_dags/example_sensors.py took 0.140 seconds
[2024-12-25T14:35:28.048+0000] {processor.py:161} INFO - Started process (PID=9080) to work on /home/airflow/.local/lib/python3.10/site-packages/airflow/example_dags/example_sensors.py
[2024-12-25T14:35:28.049+0000] {processor.py:830} INFO - Processing file /home/airflow/.local/lib/python3.10/site-packages/airflow/example_dags/example_sensors.py for tasks to queue
[2024-12-25T14:35:28.050+0000] {logging_mixin.py:188} INFO - [2024-12-25T14:35:28.050+0000] {dagbag.py:540} INFO - Filling up the DagBag from /home/airflow/.local/lib/python3.10/site-packages/airflow/example_dags/example_sensors.py
[2024-12-25T14:35:28.062+0000] {processor.py:840} INFO - DAG(s) 'example_sensors' retrieved from /home/airflow/.local/lib/python3.10/site-packages/airflow/example_dags/example_sensors.py
[2024-12-25T14:35:28.106+0000] {logging_mixin.py:188} INFO - [2024-12-25T14:35:28.106+0000] {dag.py:3047} INFO - Sync 1 DAGs
[2024-12-25T14:35:28.121+0000] {logging_mixin.py:188} INFO - [2024-12-25T14:35:28.121+0000] {dag.py:3834} INFO - Setting next_dagrun for example_sensors to None, run_after=None
[2024-12-25T14:35:28.157+0000] {processor.py:183} INFO - Processing /home/airflow/.local/lib/python3.10/site-packages/airflow/example_dags/example_sensors.py took 0.117 seconds
[2024-12-25T14:35:58.536+0000] {processor.py:161} INFO - Started process (PID=9136) to work on /home/airflow/.local/lib/python3.10/site-packages/airflow/example_dags/example_sensors.py
[2024-12-25T14:35:58.539+0000] {processor.py:830} INFO - Processing file /home/airflow/.local/lib/python3.10/site-packages/airflow/example_dags/example_sensors.py for tasks to queue
[2024-12-25T14:35:58.541+0000] {logging_mixin.py:188} INFO - [2024-12-25T14:35:58.540+0000] {dagbag.py:540} INFO - Filling up the DagBag from /home/airflow/.local/lib/python3.10/site-packages/airflow/example_dags/example_sensors.py
[2024-12-25T14:35:58.559+0000] {processor.py:840} INFO - DAG(s) 'example_sensors' retrieved from /home/airflow/.local/lib/python3.10/site-packages/airflow/example_dags/example_sensors.py
[2024-12-25T14:35:58.601+0000] {logging_mixin.py:188} INFO - [2024-12-25T14:35:58.600+0000] {dag.py:3047} INFO - Sync 1 DAGs
[2024-12-25T14:35:58.627+0000] {logging_mixin.py:188} INFO - [2024-12-25T14:35:58.627+0000] {dag.py:3834} INFO - Setting next_dagrun for example_sensors to None, run_after=None
[2024-12-25T14:35:58.664+0000] {processor.py:183} INFO - Processing /home/airflow/.local/lib/python3.10/site-packages/airflow/example_dags/example_sensors.py took 0.135 seconds
[2024-12-25T14:36:29.434+0000] {processor.py:161} INFO - Started process (PID=9192) to work on /home/airflow/.local/lib/python3.10/site-packages/airflow/example_dags/example_sensors.py
[2024-12-25T14:36:29.441+0000] {processor.py:830} INFO - Processing file /home/airflow/.local/lib/python3.10/site-packages/airflow/example_dags/example_sensors.py for tasks to queue
[2024-12-25T14:36:29.443+0000] {logging_mixin.py:188} INFO - [2024-12-25T14:36:29.442+0000] {dagbag.py:540} INFO - Filling up the DagBag from /home/airflow/.local/lib/python3.10/site-packages/airflow/example_dags/example_sensors.py
[2024-12-25T14:36:29.457+0000] {processor.py:840} INFO - DAG(s) 'example_sensors' retrieved from /home/airflow/.local/lib/python3.10/site-packages/airflow/example_dags/example_sensors.py
[2024-12-25T14:36:29.512+0000] {logging_mixin.py:188} INFO - [2024-12-25T14:36:29.512+0000] {dag.py:3047} INFO - Sync 1 DAGs
[2024-12-25T14:36:29.532+0000] {logging_mixin.py:188} INFO - [2024-12-25T14:36:29.532+0000] {dag.py:3834} INFO - Setting next_dagrun for example_sensors to None, run_after=None
[2024-12-25T14:36:29.582+0000] {processor.py:183} INFO - Processing /home/airflow/.local/lib/python3.10/site-packages/airflow/example_dags/example_sensors.py took 0.154 seconds
[2024-12-25T14:37:00.202+0000] {processor.py:161} INFO - Started process (PID=9248) to work on /home/airflow/.local/lib/python3.10/site-packages/airflow/example_dags/example_sensors.py
[2024-12-25T14:37:00.208+0000] {processor.py:830} INFO - Processing file /home/airflow/.local/lib/python3.10/site-packages/airflow/example_dags/example_sensors.py for tasks to queue
[2024-12-25T14:37:00.210+0000] {logging_mixin.py:188} INFO - [2024-12-25T14:37:00.210+0000] {dagbag.py:540} INFO - Filling up the DagBag from /home/airflow/.local/lib/python3.10/site-packages/airflow/example_dags/example_sensors.py
[2024-12-25T14:37:00.228+0000] {processor.py:840} INFO - DAG(s) 'example_sensors' retrieved from /home/airflow/.local/lib/python3.10/site-packages/airflow/example_dags/example_sensors.py
[2024-12-25T14:37:00.300+0000] {logging_mixin.py:188} INFO - [2024-12-25T14:37:00.299+0000] {dag.py:3047} INFO - Sync 1 DAGs
[2024-12-25T14:37:00.337+0000] {logging_mixin.py:188} INFO - [2024-12-25T14:37:00.336+0000] {dag.py:3834} INFO - Setting next_dagrun for example_sensors to None, run_after=None
[2024-12-25T14:37:00.381+0000] {processor.py:183} INFO - Processing /home/airflow/.local/lib/python3.10/site-packages/airflow/example_dags/example_sensors.py took 0.183 seconds
[2024-12-25T14:37:30.670+0000] {processor.py:161} INFO - Started process (PID=9305) to work on /home/airflow/.local/lib/python3.10/site-packages/airflow/example_dags/example_sensors.py
[2024-12-25T14:37:30.674+0000] {processor.py:830} INFO - Processing file /home/airflow/.local/lib/python3.10/site-packages/airflow/example_dags/example_sensors.py for tasks to queue
[2024-12-25T14:37:30.686+0000] {logging_mixin.py:188} INFO - [2024-12-25T14:37:30.685+0000] {dagbag.py:540} INFO - Filling up the DagBag from /home/airflow/.local/lib/python3.10/site-packages/airflow/example_dags/example_sensors.py
[2024-12-25T14:37:30.710+0000] {processor.py:840} INFO - DAG(s) 'example_sensors' retrieved from /home/airflow/.local/lib/python3.10/site-packages/airflow/example_dags/example_sensors.py
[2024-12-25T14:37:30.785+0000] {logging_mixin.py:188} INFO - [2024-12-25T14:37:30.784+0000] {dag.py:3047} INFO - Sync 1 DAGs
[2024-12-25T14:37:30.810+0000] {logging_mixin.py:188} INFO - [2024-12-25T14:37:30.810+0000] {dag.py:3834} INFO - Setting next_dagrun for example_sensors to None, run_after=None
[2024-12-25T14:37:30.854+0000] {processor.py:183} INFO - Processing /home/airflow/.local/lib/python3.10/site-packages/airflow/example_dags/example_sensors.py took 0.190 seconds
[2024-12-25T14:38:01.109+0000] {processor.py:161} INFO - Started process (PID=9360) to work on /home/airflow/.local/lib/python3.10/site-packages/airflow/example_dags/example_sensors.py
[2024-12-25T14:38:01.111+0000] {processor.py:830} INFO - Processing file /home/airflow/.local/lib/python3.10/site-packages/airflow/example_dags/example_sensors.py for tasks to queue
[2024-12-25T14:38:01.116+0000] {logging_mixin.py:188} INFO - [2024-12-25T14:38:01.112+0000] {dagbag.py:540} INFO - Filling up the DagBag from /home/airflow/.local/lib/python3.10/site-packages/airflow/example_dags/example_sensors.py
[2024-12-25T14:38:01.140+0000] {processor.py:840} INFO - DAG(s) 'example_sensors' retrieved from /home/airflow/.local/lib/python3.10/site-packages/airflow/example_dags/example_sensors.py
[2024-12-25T14:38:01.192+0000] {logging_mixin.py:188} INFO - [2024-12-25T14:38:01.192+0000] {dag.py:3047} INFO - Sync 1 DAGs
[2024-12-25T14:38:01.219+0000] {logging_mixin.py:188} INFO - [2024-12-25T14:38:01.219+0000] {dag.py:3834} INFO - Setting next_dagrun for example_sensors to None, run_after=None
[2024-12-25T14:38:01.262+0000] {processor.py:183} INFO - Processing /home/airflow/.local/lib/python3.10/site-packages/airflow/example_dags/example_sensors.py took 0.162 seconds
[2024-12-25T14:38:31.355+0000] {processor.py:161} INFO - Started process (PID=9415) to work on /home/airflow/.local/lib/python3.10/site-packages/airflow/example_dags/example_sensors.py
[2024-12-25T14:38:31.357+0000] {processor.py:830} INFO - Processing file /home/airflow/.local/lib/python3.10/site-packages/airflow/example_dags/example_sensors.py for tasks to queue
[2024-12-25T14:38:31.358+0000] {logging_mixin.py:188} INFO - [2024-12-25T14:38:31.357+0000] {dagbag.py:540} INFO - Filling up the DagBag from /home/airflow/.local/lib/python3.10/site-packages/airflow/example_dags/example_sensors.py
[2024-12-25T14:38:31.377+0000] {processor.py:840} INFO - DAG(s) 'example_sensors' retrieved from /home/airflow/.local/lib/python3.10/site-packages/airflow/example_dags/example_sensors.py
[2024-12-25T14:38:31.426+0000] {logging_mixin.py:188} INFO - [2024-12-25T14:38:31.425+0000] {dag.py:3047} INFO - Sync 1 DAGs
[2024-12-25T14:38:31.447+0000] {logging_mixin.py:188} INFO - [2024-12-25T14:38:31.447+0000] {dag.py:3834} INFO - Setting next_dagrun for example_sensors to None, run_after=None
[2024-12-25T14:38:31.481+0000] {processor.py:183} INFO - Processing /home/airflow/.local/lib/python3.10/site-packages/airflow/example_dags/example_sensors.py took 0.132 seconds
[2024-12-25T14:39:02.080+0000] {processor.py:161} INFO - Started process (PID=9470) to work on /home/airflow/.local/lib/python3.10/site-packages/airflow/example_dags/example_sensors.py
[2024-12-25T14:39:02.084+0000] {processor.py:830} INFO - Processing file /home/airflow/.local/lib/python3.10/site-packages/airflow/example_dags/example_sensors.py for tasks to queue
[2024-12-25T14:39:02.086+0000] {logging_mixin.py:188} INFO - [2024-12-25T14:39:02.085+0000] {dagbag.py:540} INFO - Filling up the DagBag from /home/airflow/.local/lib/python3.10/site-packages/airflow/example_dags/example_sensors.py
[2024-12-25T14:39:02.100+0000] {processor.py:840} INFO - DAG(s) 'example_sensors' retrieved from /home/airflow/.local/lib/python3.10/site-packages/airflow/example_dags/example_sensors.py
[2024-12-25T14:39:02.161+0000] {logging_mixin.py:188} INFO - [2024-12-25T14:39:02.160+0000] {dag.py:3047} INFO - Sync 1 DAGs
[2024-12-25T14:39:02.188+0000] {logging_mixin.py:188} INFO - [2024-12-25T14:39:02.188+0000] {dag.py:3834} INFO - Setting next_dagrun for example_sensors to None, run_after=None
[2024-12-25T14:39:02.234+0000] {processor.py:183} INFO - Processing /home/airflow/.local/lib/python3.10/site-packages/airflow/example_dags/example_sensors.py took 0.160 seconds
[2024-12-25T14:39:32.856+0000] {processor.py:161} INFO - Started process (PID=9526) to work on /home/airflow/.local/lib/python3.10/site-packages/airflow/example_dags/example_sensors.py
[2024-12-25T14:39:32.858+0000] {processor.py:830} INFO - Processing file /home/airflow/.local/lib/python3.10/site-packages/airflow/example_dags/example_sensors.py for tasks to queue
[2024-12-25T14:39:32.860+0000] {logging_mixin.py:188} INFO - [2024-12-25T14:39:32.859+0000] {dagbag.py:540} INFO - Filling up the DagBag from /home/airflow/.local/lib/python3.10/site-packages/airflow/example_dags/example_sensors.py
[2024-12-25T14:39:32.889+0000] {processor.py:840} INFO - DAG(s) 'example_sensors' retrieved from /home/airflow/.local/lib/python3.10/site-packages/airflow/example_dags/example_sensors.py
[2024-12-25T14:39:32.959+0000] {logging_mixin.py:188} INFO - [2024-12-25T14:39:32.958+0000] {dag.py:3047} INFO - Sync 1 DAGs
[2024-12-25T14:39:32.997+0000] {logging_mixin.py:188} INFO - [2024-12-25T14:39:32.996+0000] {dag.py:3834} INFO - Setting next_dagrun for example_sensors to None, run_after=None
[2024-12-25T14:39:33.046+0000] {processor.py:183} INFO - Processing /home/airflow/.local/lib/python3.10/site-packages/airflow/example_dags/example_sensors.py took 0.198 seconds
[2024-12-25T14:40:03.700+0000] {processor.py:161} INFO - Started process (PID=9582) to work on /home/airflow/.local/lib/python3.10/site-packages/airflow/example_dags/example_sensors.py
[2024-12-25T14:40:03.705+0000] {processor.py:830} INFO - Processing file /home/airflow/.local/lib/python3.10/site-packages/airflow/example_dags/example_sensors.py for tasks to queue
[2024-12-25T14:40:03.710+0000] {logging_mixin.py:188} INFO - [2024-12-25T14:40:03.709+0000] {dagbag.py:540} INFO - Filling up the DagBag from /home/airflow/.local/lib/python3.10/site-packages/airflow/example_dags/example_sensors.py
[2024-12-25T14:40:03.744+0000] {processor.py:840} INFO - DAG(s) 'example_sensors' retrieved from /home/airflow/.local/lib/python3.10/site-packages/airflow/example_dags/example_sensors.py
[2024-12-25T14:40:03.817+0000] {logging_mixin.py:188} INFO - [2024-12-25T14:40:03.817+0000] {dag.py:3047} INFO - Sync 1 DAGs
[2024-12-25T14:40:03.847+0000] {logging_mixin.py:188} INFO - [2024-12-25T14:40:03.847+0000] {dag.py:3834} INFO - Setting next_dagrun for example_sensors to None, run_after=None
[2024-12-25T14:40:03.896+0000] {processor.py:183} INFO - Processing /home/airflow/.local/lib/python3.10/site-packages/airflow/example_dags/example_sensors.py took 0.200 seconds
[2024-12-25T14:40:34.111+0000] {processor.py:161} INFO - Started process (PID=9638) to work on /home/airflow/.local/lib/python3.10/site-packages/airflow/example_dags/example_sensors.py
[2024-12-25T14:40:34.116+0000] {processor.py:830} INFO - Processing file /home/airflow/.local/lib/python3.10/site-packages/airflow/example_dags/example_sensors.py for tasks to queue
[2024-12-25T14:40:34.117+0000] {logging_mixin.py:188} INFO - [2024-12-25T14:40:34.116+0000] {dagbag.py:540} INFO - Filling up the DagBag from /home/airflow/.local/lib/python3.10/site-packages/airflow/example_dags/example_sensors.py
[2024-12-25T14:40:34.131+0000] {processor.py:840} INFO - DAG(s) 'example_sensors' retrieved from /home/airflow/.local/lib/python3.10/site-packages/airflow/example_dags/example_sensors.py
[2024-12-25T14:40:34.186+0000] {logging_mixin.py:188} INFO - [2024-12-25T14:40:34.186+0000] {dag.py:3047} INFO - Sync 1 DAGs
[2024-12-25T14:40:34.207+0000] {logging_mixin.py:188} INFO - [2024-12-25T14:40:34.207+0000] {dag.py:3834} INFO - Setting next_dagrun for example_sensors to None, run_after=None
[2024-12-25T14:40:34.247+0000] {processor.py:183} INFO - Processing /home/airflow/.local/lib/python3.10/site-packages/airflow/example_dags/example_sensors.py took 0.139 seconds
[2024-12-25T14:41:04.681+0000] {processor.py:161} INFO - Started process (PID=9694) to work on /home/airflow/.local/lib/python3.10/site-packages/airflow/example_dags/example_sensors.py
[2024-12-25T14:41:04.686+0000] {processor.py:830} INFO - Processing file /home/airflow/.local/lib/python3.10/site-packages/airflow/example_dags/example_sensors.py for tasks to queue
[2024-12-25T14:41:04.687+0000] {logging_mixin.py:188} INFO - [2024-12-25T14:41:04.686+0000] {dagbag.py:540} INFO - Filling up the DagBag from /home/airflow/.local/lib/python3.10/site-packages/airflow/example_dags/example_sensors.py
[2024-12-25T14:41:04.699+0000] {processor.py:840} INFO - DAG(s) 'example_sensors' retrieved from /home/airflow/.local/lib/python3.10/site-packages/airflow/example_dags/example_sensors.py
[2024-12-25T14:41:04.749+0000] {logging_mixin.py:188} INFO - [2024-12-25T14:41:04.749+0000] {dag.py:3047} INFO - Sync 1 DAGs
[2024-12-25T14:41:04.771+0000] {logging_mixin.py:188} INFO - [2024-12-25T14:41:04.771+0000] {dag.py:3834} INFO - Setting next_dagrun for example_sensors to None, run_after=None
[2024-12-25T14:41:04.828+0000] {processor.py:183} INFO - Processing /home/airflow/.local/lib/python3.10/site-packages/airflow/example_dags/example_sensors.py took 0.150 seconds
[2024-12-25T14:41:35.259+0000] {processor.py:161} INFO - Started process (PID=9750) to work on /home/airflow/.local/lib/python3.10/site-packages/airflow/example_dags/example_sensors.py
[2024-12-25T14:41:35.264+0000] {processor.py:830} INFO - Processing file /home/airflow/.local/lib/python3.10/site-packages/airflow/example_dags/example_sensors.py for tasks to queue
[2024-12-25T14:41:35.269+0000] {logging_mixin.py:188} INFO - [2024-12-25T14:41:35.265+0000] {dagbag.py:540} INFO - Filling up the DagBag from /home/airflow/.local/lib/python3.10/site-packages/airflow/example_dags/example_sensors.py
[2024-12-25T14:41:35.293+0000] {processor.py:840} INFO - DAG(s) 'example_sensors' retrieved from /home/airflow/.local/lib/python3.10/site-packages/airflow/example_dags/example_sensors.py
[2024-12-25T14:41:35.363+0000] {logging_mixin.py:188} INFO - [2024-12-25T14:41:35.363+0000] {dag.py:3047} INFO - Sync 1 DAGs
[2024-12-25T14:41:35.387+0000] {logging_mixin.py:188} INFO - [2024-12-25T14:41:35.387+0000] {dag.py:3834} INFO - Setting next_dagrun for example_sensors to None, run_after=None
[2024-12-25T14:41:35.437+0000] {processor.py:183} INFO - Processing /home/airflow/.local/lib/python3.10/site-packages/airflow/example_dags/example_sensors.py took 0.189 seconds
[2024-12-25T14:42:05.859+0000] {processor.py:161} INFO - Started process (PID=9805) to work on /home/airflow/.local/lib/python3.10/site-packages/airflow/example_dags/example_sensors.py
[2024-12-25T14:42:05.860+0000] {processor.py:830} INFO - Processing file /home/airflow/.local/lib/python3.10/site-packages/airflow/example_dags/example_sensors.py for tasks to queue
[2024-12-25T14:42:05.865+0000] {logging_mixin.py:188} INFO - [2024-12-25T14:42:05.861+0000] {dagbag.py:540} INFO - Filling up the DagBag from /home/airflow/.local/lib/python3.10/site-packages/airflow/example_dags/example_sensors.py
[2024-12-25T14:42:05.888+0000] {processor.py:840} INFO - DAG(s) 'example_sensors' retrieved from /home/airflow/.local/lib/python3.10/site-packages/airflow/example_dags/example_sensors.py
[2024-12-25T14:42:06.007+0000] {logging_mixin.py:188} INFO - [2024-12-25T14:42:06.001+0000] {dag.py:3047} INFO - Sync 1 DAGs
[2024-12-25T14:42:06.038+0000] {logging_mixin.py:188} INFO - [2024-12-25T14:42:06.038+0000] {dag.py:3834} INFO - Setting next_dagrun for example_sensors to None, run_after=None
[2024-12-25T14:42:06.107+0000] {processor.py:183} INFO - Processing /home/airflow/.local/lib/python3.10/site-packages/airflow/example_dags/example_sensors.py took 0.260 seconds
[2024-12-25T14:42:36.526+0000] {processor.py:161} INFO - Started process (PID=9868) to work on /home/airflow/.local/lib/python3.10/site-packages/airflow/example_dags/example_sensors.py
[2024-12-25T14:42:36.527+0000] {processor.py:830} INFO - Processing file /home/airflow/.local/lib/python3.10/site-packages/airflow/example_dags/example_sensors.py for tasks to queue
[2024-12-25T14:42:36.528+0000] {logging_mixin.py:188} INFO - [2024-12-25T14:42:36.528+0000] {dagbag.py:540} INFO - Filling up the DagBag from /home/airflow/.local/lib/python3.10/site-packages/airflow/example_dags/example_sensors.py
[2024-12-25T14:42:36.555+0000] {processor.py:840} INFO - DAG(s) 'example_sensors' retrieved from /home/airflow/.local/lib/python3.10/site-packages/airflow/example_dags/example_sensors.py
[2024-12-25T14:42:36.607+0000] {logging_mixin.py:188} INFO - [2024-12-25T14:42:36.607+0000] {dag.py:3047} INFO - Sync 1 DAGs
[2024-12-25T14:42:36.629+0000] {logging_mixin.py:188} INFO - [2024-12-25T14:42:36.628+0000] {dag.py:3834} INFO - Setting next_dagrun for example_sensors to None, run_after=None
[2024-12-25T14:42:36.668+0000] {processor.py:183} INFO - Processing /home/airflow/.local/lib/python3.10/site-packages/airflow/example_dags/example_sensors.py took 0.150 seconds
[2024-12-25T14:43:07.076+0000] {processor.py:161} INFO - Started process (PID=9925) to work on /home/airflow/.local/lib/python3.10/site-packages/airflow/example_dags/example_sensors.py
[2024-12-25T14:43:07.077+0000] {processor.py:830} INFO - Processing file /home/airflow/.local/lib/python3.10/site-packages/airflow/example_dags/example_sensors.py for tasks to queue
[2024-12-25T14:43:07.079+0000] {logging_mixin.py:188} INFO - [2024-12-25T14:43:07.078+0000] {dagbag.py:540} INFO - Filling up the DagBag from /home/airflow/.local/lib/python3.10/site-packages/airflow/example_dags/example_sensors.py
[2024-12-25T14:43:07.110+0000] {processor.py:840} INFO - DAG(s) 'example_sensors' retrieved from /home/airflow/.local/lib/python3.10/site-packages/airflow/example_dags/example_sensors.py
[2024-12-25T14:43:07.180+0000] {logging_mixin.py:188} INFO - [2024-12-25T14:43:07.180+0000] {dag.py:3047} INFO - Sync 1 DAGs
[2024-12-25T14:43:07.228+0000] {logging_mixin.py:188} INFO - [2024-12-25T14:43:07.228+0000] {dag.py:3834} INFO - Setting next_dagrun for example_sensors to None, run_after=None
[2024-12-25T14:43:07.279+0000] {processor.py:183} INFO - Processing /home/airflow/.local/lib/python3.10/site-packages/airflow/example_dags/example_sensors.py took 0.213 seconds
[2024-12-25T14:43:37.581+0000] {processor.py:161} INFO - Started process (PID=9980) to work on /home/airflow/.local/lib/python3.10/site-packages/airflow/example_dags/example_sensors.py
[2024-12-25T14:43:37.583+0000] {processor.py:830} INFO - Processing file /home/airflow/.local/lib/python3.10/site-packages/airflow/example_dags/example_sensors.py for tasks to queue
[2024-12-25T14:43:37.584+0000] {logging_mixin.py:188} INFO - [2024-12-25T14:43:37.584+0000] {dagbag.py:540} INFO - Filling up the DagBag from /home/airflow/.local/lib/python3.10/site-packages/airflow/example_dags/example_sensors.py
[2024-12-25T14:43:37.620+0000] {processor.py:840} INFO - DAG(s) 'example_sensors' retrieved from /home/airflow/.local/lib/python3.10/site-packages/airflow/example_dags/example_sensors.py
[2024-12-25T14:43:37.691+0000] {logging_mixin.py:188} INFO - [2024-12-25T14:43:37.691+0000] {dag.py:3047} INFO - Sync 1 DAGs
[2024-12-25T14:43:37.721+0000] {logging_mixin.py:188} INFO - [2024-12-25T14:43:37.721+0000] {dag.py:3834} INFO - Setting next_dagrun for example_sensors to None, run_after=None
[2024-12-25T14:43:37.783+0000] {processor.py:183} INFO - Processing /home/airflow/.local/lib/python3.10/site-packages/airflow/example_dags/example_sensors.py took 0.221 seconds
[2024-12-25T14:44:08.119+0000] {processor.py:161} INFO - Started process (PID=10037) to work on /home/airflow/.local/lib/python3.10/site-packages/airflow/example_dags/example_sensors.py
[2024-12-25T14:44:08.120+0000] {processor.py:830} INFO - Processing file /home/airflow/.local/lib/python3.10/site-packages/airflow/example_dags/example_sensors.py for tasks to queue
[2024-12-25T14:44:08.126+0000] {logging_mixin.py:188} INFO - [2024-12-25T14:44:08.125+0000] {dagbag.py:540} INFO - Filling up the DagBag from /home/airflow/.local/lib/python3.10/site-packages/airflow/example_dags/example_sensors.py
[2024-12-25T14:44:08.150+0000] {processor.py:840} INFO - DAG(s) 'example_sensors' retrieved from /home/airflow/.local/lib/python3.10/site-packages/airflow/example_dags/example_sensors.py
[2024-12-25T14:44:08.238+0000] {logging_mixin.py:188} INFO - [2024-12-25T14:44:08.237+0000] {dag.py:3047} INFO - Sync 1 DAGs
[2024-12-25T14:44:08.276+0000] {logging_mixin.py:188} INFO - [2024-12-25T14:44:08.276+0000] {dag.py:3834} INFO - Setting next_dagrun for example_sensors to None, run_after=None
[2024-12-25T14:44:08.320+0000] {processor.py:183} INFO - Processing /home/airflow/.local/lib/python3.10/site-packages/airflow/example_dags/example_sensors.py took 0.212 seconds
[2024-12-25T14:44:39.029+0000] {processor.py:161} INFO - Started process (PID=10094) to work on /home/airflow/.local/lib/python3.10/site-packages/airflow/example_dags/example_sensors.py
[2024-12-25T14:44:39.035+0000] {processor.py:830} INFO - Processing file /home/airflow/.local/lib/python3.10/site-packages/airflow/example_dags/example_sensors.py for tasks to queue
[2024-12-25T14:44:39.036+0000] {logging_mixin.py:188} INFO - [2024-12-25T14:44:39.036+0000] {dagbag.py:540} INFO - Filling up the DagBag from /home/airflow/.local/lib/python3.10/site-packages/airflow/example_dags/example_sensors.py
[2024-12-25T14:44:39.057+0000] {processor.py:840} INFO - DAG(s) 'example_sensors' retrieved from /home/airflow/.local/lib/python3.10/site-packages/airflow/example_dags/example_sensors.py
[2024-12-25T14:44:39.129+0000] {logging_mixin.py:188} INFO - [2024-12-25T14:44:39.128+0000] {dag.py:3047} INFO - Sync 1 DAGs
[2024-12-25T14:44:39.158+0000] {logging_mixin.py:188} INFO - [2024-12-25T14:44:39.158+0000] {dag.py:3834} INFO - Setting next_dagrun for example_sensors to None, run_after=None
[2024-12-25T14:44:39.230+0000] {processor.py:183} INFO - Processing /home/airflow/.local/lib/python3.10/site-packages/airflow/example_dags/example_sensors.py took 0.210 seconds
[2024-12-25T14:45:10.255+0000] {processor.py:161} INFO - Started process (PID=10150) to work on /home/airflow/.local/lib/python3.10/site-packages/airflow/example_dags/example_sensors.py
[2024-12-25T14:45:10.265+0000] {processor.py:830} INFO - Processing file /home/airflow/.local/lib/python3.10/site-packages/airflow/example_dags/example_sensors.py for tasks to queue
[2024-12-25T14:45:10.267+0000] {logging_mixin.py:188} INFO - [2024-12-25T14:45:10.266+0000] {dagbag.py:540} INFO - Filling up the DagBag from /home/airflow/.local/lib/python3.10/site-packages/airflow/example_dags/example_sensors.py
[2024-12-25T14:45:10.297+0000] {processor.py:840} INFO - DAG(s) 'example_sensors' retrieved from /home/airflow/.local/lib/python3.10/site-packages/airflow/example_dags/example_sensors.py
[2024-12-25T14:45:10.396+0000] {logging_mixin.py:188} INFO - [2024-12-25T14:45:10.396+0000] {dag.py:3047} INFO - Sync 1 DAGs
[2024-12-25T14:45:10.437+0000] {logging_mixin.py:188} INFO - [2024-12-25T14:45:10.436+0000] {dag.py:3834} INFO - Setting next_dagrun for example_sensors to None, run_after=None
[2024-12-25T14:45:10.516+0000] {processor.py:183} INFO - Processing /home/airflow/.local/lib/python3.10/site-packages/airflow/example_dags/example_sensors.py took 0.270 seconds
[2024-12-25T14:45:40.690+0000] {processor.py:161} INFO - Started process (PID=10205) to work on /home/airflow/.local/lib/python3.10/site-packages/airflow/example_dags/example_sensors.py
[2024-12-25T14:45:40.697+0000] {processor.py:830} INFO - Processing file /home/airflow/.local/lib/python3.10/site-packages/airflow/example_dags/example_sensors.py for tasks to queue
[2024-12-25T14:45:40.699+0000] {logging_mixin.py:188} INFO - [2024-12-25T14:45:40.698+0000] {dagbag.py:540} INFO - Filling up the DagBag from /home/airflow/.local/lib/python3.10/site-packages/airflow/example_dags/example_sensors.py
[2024-12-25T14:45:40.737+0000] {processor.py:840} INFO - DAG(s) 'example_sensors' retrieved from /home/airflow/.local/lib/python3.10/site-packages/airflow/example_dags/example_sensors.py
[2024-12-25T14:45:40.821+0000] {logging_mixin.py:188} INFO - [2024-12-25T14:45:40.821+0000] {dag.py:3047} INFO - Sync 1 DAGs
[2024-12-25T14:45:40.869+0000] {logging_mixin.py:188} INFO - [2024-12-25T14:45:40.869+0000] {dag.py:3834} INFO - Setting next_dagrun for example_sensors to None, run_after=None
[2024-12-25T14:45:40.936+0000] {processor.py:183} INFO - Processing /home/airflow/.local/lib/python3.10/site-packages/airflow/example_dags/example_sensors.py took 0.250 seconds
[2024-12-25T14:46:11.635+0000] {processor.py:161} INFO - Started process (PID=10261) to work on /home/airflow/.local/lib/python3.10/site-packages/airflow/example_dags/example_sensors.py
[2024-12-25T14:46:11.637+0000] {processor.py:830} INFO - Processing file /home/airflow/.local/lib/python3.10/site-packages/airflow/example_dags/example_sensors.py for tasks to queue
[2024-12-25T14:46:11.647+0000] {logging_mixin.py:188} INFO - [2024-12-25T14:46:11.647+0000] {dagbag.py:540} INFO - Filling up the DagBag from /home/airflow/.local/lib/python3.10/site-packages/airflow/example_dags/example_sensors.py
[2024-12-25T14:46:11.718+0000] {processor.py:840} INFO - DAG(s) 'example_sensors' retrieved from /home/airflow/.local/lib/python3.10/site-packages/airflow/example_dags/example_sensors.py
[2024-12-25T14:46:11.868+0000] {logging_mixin.py:188} INFO - [2024-12-25T14:46:11.867+0000] {dag.py:3047} INFO - Sync 1 DAGs
[2024-12-25T14:46:11.916+0000] {logging_mixin.py:188} INFO - [2024-12-25T14:46:11.915+0000] {dag.py:3834} INFO - Setting next_dagrun for example_sensors to None, run_after=None
[2024-12-25T14:46:12.053+0000] {processor.py:183} INFO - Processing /home/airflow/.local/lib/python3.10/site-packages/airflow/example_dags/example_sensors.py took 0.436 seconds
[2024-12-25T14:46:42.241+0000] {processor.py:161} INFO - Started process (PID=10315) to work on /home/airflow/.local/lib/python3.10/site-packages/airflow/example_dags/example_sensors.py
[2024-12-25T14:46:42.247+0000] {processor.py:830} INFO - Processing file /home/airflow/.local/lib/python3.10/site-packages/airflow/example_dags/example_sensors.py for tasks to queue
[2024-12-25T14:46:42.257+0000] {logging_mixin.py:188} INFO - [2024-12-25T14:46:42.257+0000] {dagbag.py:540} INFO - Filling up the DagBag from /home/airflow/.local/lib/python3.10/site-packages/airflow/example_dags/example_sensors.py
[2024-12-25T14:46:42.281+0000] {processor.py:840} INFO - DAG(s) 'example_sensors' retrieved from /home/airflow/.local/lib/python3.10/site-packages/airflow/example_dags/example_sensors.py
[2024-12-25T14:46:42.370+0000] {logging_mixin.py:188} INFO - [2024-12-25T14:46:42.370+0000] {dag.py:3047} INFO - Sync 1 DAGs
[2024-12-25T14:46:42.419+0000] {logging_mixin.py:188} INFO - [2024-12-25T14:46:42.419+0000] {dag.py:3834} INFO - Setting next_dagrun for example_sensors to None, run_after=None
[2024-12-25T14:46:42.501+0000] {processor.py:183} INFO - Processing /home/airflow/.local/lib/python3.10/site-packages/airflow/example_dags/example_sensors.py took 0.269 seconds
[2024-12-25T14:47:13.189+0000] {processor.py:161} INFO - Started process (PID=10371) to work on /home/airflow/.local/lib/python3.10/site-packages/airflow/example_dags/example_sensors.py
[2024-12-25T14:47:13.190+0000] {processor.py:830} INFO - Processing file /home/airflow/.local/lib/python3.10/site-packages/airflow/example_dags/example_sensors.py for tasks to queue
[2024-12-25T14:47:13.192+0000] {logging_mixin.py:188} INFO - [2024-12-25T14:47:13.191+0000] {dagbag.py:540} INFO - Filling up the DagBag from /home/airflow/.local/lib/python3.10/site-packages/airflow/example_dags/example_sensors.py
[2024-12-25T14:47:13.222+0000] {processor.py:840} INFO - DAG(s) 'example_sensors' retrieved from /home/airflow/.local/lib/python3.10/site-packages/airflow/example_dags/example_sensors.py
[2024-12-25T14:47:13.301+0000] {logging_mixin.py:188} INFO - [2024-12-25T14:47:13.301+0000] {dag.py:3047} INFO - Sync 1 DAGs
[2024-12-25T14:47:13.358+0000] {logging_mixin.py:188} INFO - [2024-12-25T14:47:13.351+0000] {dag.py:3834} INFO - Setting next_dagrun for example_sensors to None, run_after=None
[2024-12-25T14:47:13.430+0000] {processor.py:183} INFO - Processing /home/airflow/.local/lib/python3.10/site-packages/airflow/example_dags/example_sensors.py took 0.250 seconds
[2024-12-25T14:47:44.248+0000] {processor.py:161} INFO - Started process (PID=10427) to work on /home/airflow/.local/lib/python3.10/site-packages/airflow/example_dags/example_sensors.py
[2024-12-25T14:47:44.249+0000] {processor.py:830} INFO - Processing file /home/airflow/.local/lib/python3.10/site-packages/airflow/example_dags/example_sensors.py for tasks to queue
[2024-12-25T14:47:44.251+0000] {logging_mixin.py:188} INFO - [2024-12-25T14:47:44.251+0000] {dagbag.py:540} INFO - Filling up the DagBag from /home/airflow/.local/lib/python3.10/site-packages/airflow/example_dags/example_sensors.py
[2024-12-25T14:47:44.287+0000] {processor.py:840} INFO - DAG(s) 'example_sensors' retrieved from /home/airflow/.local/lib/python3.10/site-packages/airflow/example_dags/example_sensors.py
[2024-12-25T14:47:44.421+0000] {logging_mixin.py:188} INFO - [2024-12-25T14:47:44.421+0000] {dag.py:3047} INFO - Sync 1 DAGs
[2024-12-25T14:47:44.469+0000] {logging_mixin.py:188} INFO - [2024-12-25T14:47:44.469+0000] {dag.py:3834} INFO - Setting next_dagrun for example_sensors to None, run_after=None
[2024-12-25T14:47:44.540+0000] {processor.py:183} INFO - Processing /home/airflow/.local/lib/python3.10/site-packages/airflow/example_dags/example_sensors.py took 0.302 seconds
[2024-12-25T14:48:15.570+0000] {processor.py:161} INFO - Started process (PID=10483) to work on /home/airflow/.local/lib/python3.10/site-packages/airflow/example_dags/example_sensors.py
[2024-12-25T14:48:15.572+0000] {processor.py:830} INFO - Processing file /home/airflow/.local/lib/python3.10/site-packages/airflow/example_dags/example_sensors.py for tasks to queue
[2024-12-25T14:48:15.573+0000] {logging_mixin.py:188} INFO - [2024-12-25T14:48:15.573+0000] {dagbag.py:540} INFO - Filling up the DagBag from /home/airflow/.local/lib/python3.10/site-packages/airflow/example_dags/example_sensors.py
[2024-12-25T14:48:15.664+0000] {processor.py:840} INFO - DAG(s) 'example_sensors' retrieved from /home/airflow/.local/lib/python3.10/site-packages/airflow/example_dags/example_sensors.py
[2024-12-25T14:48:15.861+0000] {logging_mixin.py:188} INFO - [2024-12-25T14:48:15.860+0000] {dag.py:3047} INFO - Sync 1 DAGs
[2024-12-25T14:48:15.922+0000] {logging_mixin.py:188} INFO - [2024-12-25T14:48:15.922+0000] {dag.py:3834} INFO - Setting next_dagrun for example_sensors to None, run_after=None
[2024-12-25T14:48:16.014+0000] {processor.py:183} INFO - Processing /home/airflow/.local/lib/python3.10/site-packages/airflow/example_dags/example_sensors.py took 0.461 seconds
[2024-12-25T14:48:46.568+0000] {processor.py:161} INFO - Started process (PID=10539) to work on /home/airflow/.local/lib/python3.10/site-packages/airflow/example_dags/example_sensors.py
[2024-12-25T14:48:46.570+0000] {processor.py:830} INFO - Processing file /home/airflow/.local/lib/python3.10/site-packages/airflow/example_dags/example_sensors.py for tasks to queue
[2024-12-25T14:48:46.577+0000] {logging_mixin.py:188} INFO - [2024-12-25T14:48:46.571+0000] {dagbag.py:540} INFO - Filling up the DagBag from /home/airflow/.local/lib/python3.10/site-packages/airflow/example_dags/example_sensors.py
[2024-12-25T14:48:46.639+0000] {processor.py:840} INFO - DAG(s) 'example_sensors' retrieved from /home/airflow/.local/lib/python3.10/site-packages/airflow/example_dags/example_sensors.py
[2024-12-25T14:48:46.841+0000] {logging_mixin.py:188} INFO - [2024-12-25T14:48:46.840+0000] {dag.py:3047} INFO - Sync 1 DAGs
[2024-12-25T14:48:46.938+0000] {logging_mixin.py:188} INFO - [2024-12-25T14:48:46.938+0000] {dag.py:3834} INFO - Setting next_dagrun for example_sensors to None, run_after=None
[2024-12-25T14:48:47.041+0000] {processor.py:183} INFO - Processing /home/airflow/.local/lib/python3.10/site-packages/airflow/example_dags/example_sensors.py took 0.490 seconds
[2024-12-25T14:49:17.361+0000] {processor.py:161} INFO - Started process (PID=10595) to work on /home/airflow/.local/lib/python3.10/site-packages/airflow/example_dags/example_sensors.py
[2024-12-25T14:49:17.368+0000] {processor.py:830} INFO - Processing file /home/airflow/.local/lib/python3.10/site-packages/airflow/example_dags/example_sensors.py for tasks to queue
[2024-12-25T14:49:17.369+0000] {logging_mixin.py:188} INFO - [2024-12-25T14:49:17.369+0000] {dagbag.py:540} INFO - Filling up the DagBag from /home/airflow/.local/lib/python3.10/site-packages/airflow/example_dags/example_sensors.py
[2024-12-25T14:49:17.398+0000] {processor.py:840} INFO - DAG(s) 'example_sensors' retrieved from /home/airflow/.local/lib/python3.10/site-packages/airflow/example_dags/example_sensors.py
[2024-12-25T14:49:17.500+0000] {logging_mixin.py:188} INFO - [2024-12-25T14:49:17.500+0000] {dag.py:3047} INFO - Sync 1 DAGs
[2024-12-25T14:49:17.558+0000] {logging_mixin.py:188} INFO - [2024-12-25T14:49:17.557+0000] {dag.py:3834} INFO - Setting next_dagrun for example_sensors to None, run_after=None
[2024-12-25T14:49:17.638+0000] {processor.py:183} INFO - Processing /home/airflow/.local/lib/python3.10/site-packages/airflow/example_dags/example_sensors.py took 0.298 seconds
[2024-12-25T14:49:47.848+0000] {processor.py:161} INFO - Started process (PID=10652) to work on /home/airflow/.local/lib/python3.10/site-packages/airflow/example_dags/example_sensors.py
[2024-12-25T14:49:47.855+0000] {processor.py:830} INFO - Processing file /home/airflow/.local/lib/python3.10/site-packages/airflow/example_dags/example_sensors.py for tasks to queue
[2024-12-25T14:49:47.856+0000] {logging_mixin.py:188} INFO - [2024-12-25T14:49:47.856+0000] {dagbag.py:540} INFO - Filling up the DagBag from /home/airflow/.local/lib/python3.10/site-packages/airflow/example_dags/example_sensors.py
[2024-12-25T14:49:47.886+0000] {processor.py:840} INFO - DAG(s) 'example_sensors' retrieved from /home/airflow/.local/lib/python3.10/site-packages/airflow/example_dags/example_sensors.py
[2024-12-25T14:49:47.985+0000] {logging_mixin.py:188} INFO - [2024-12-25T14:49:47.979+0000] {dag.py:3047} INFO - Sync 1 DAGs
[2024-12-25T14:49:48.026+0000] {logging_mixin.py:188} INFO - [2024-12-25T14:49:48.026+0000] {dag.py:3834} INFO - Setting next_dagrun for example_sensors to None, run_after=None
[2024-12-25T14:49:48.107+0000] {processor.py:183} INFO - Processing /home/airflow/.local/lib/python3.10/site-packages/airflow/example_dags/example_sensors.py took 0.268 seconds
[2024-12-25T14:50:18.721+0000] {processor.py:161} INFO - Started process (PID=10707) to work on /home/airflow/.local/lib/python3.10/site-packages/airflow/example_dags/example_sensors.py
[2024-12-25T14:50:18.722+0000] {processor.py:830} INFO - Processing file /home/airflow/.local/lib/python3.10/site-packages/airflow/example_dags/example_sensors.py for tasks to queue
[2024-12-25T14:50:18.729+0000] {logging_mixin.py:188} INFO - [2024-12-25T14:50:18.728+0000] {dagbag.py:540} INFO - Filling up the DagBag from /home/airflow/.local/lib/python3.10/site-packages/airflow/example_dags/example_sensors.py
[2024-12-25T14:50:18.752+0000] {processor.py:840} INFO - DAG(s) 'example_sensors' retrieved from /home/airflow/.local/lib/python3.10/site-packages/airflow/example_dags/example_sensors.py
[2024-12-25T14:50:18.851+0000] {logging_mixin.py:188} INFO - [2024-12-25T14:50:18.851+0000] {dag.py:3047} INFO - Sync 1 DAGs
[2024-12-25T14:50:18.891+0000] {logging_mixin.py:188} INFO - [2024-12-25T14:50:18.890+0000] {dag.py:3834} INFO - Setting next_dagrun for example_sensors to None, run_after=None
[2024-12-25T14:50:18.981+0000] {processor.py:183} INFO - Processing /home/airflow/.local/lib/python3.10/site-packages/airflow/example_dags/example_sensors.py took 0.270 seconds
[2024-12-25T14:50:49.408+0000] {processor.py:161} INFO - Started process (PID=10763) to work on /home/airflow/.local/lib/python3.10/site-packages/airflow/example_dags/example_sensors.py
[2024-12-25T14:50:49.409+0000] {processor.py:830} INFO - Processing file /home/airflow/.local/lib/python3.10/site-packages/airflow/example_dags/example_sensors.py for tasks to queue
[2024-12-25T14:50:49.416+0000] {logging_mixin.py:188} INFO - [2024-12-25T14:50:49.416+0000] {dagbag.py:540} INFO - Filling up the DagBag from /home/airflow/.local/lib/python3.10/site-packages/airflow/example_dags/example_sensors.py
[2024-12-25T14:50:49.460+0000] {processor.py:840} INFO - DAG(s) 'example_sensors' retrieved from /home/airflow/.local/lib/python3.10/site-packages/airflow/example_dags/example_sensors.py
[2024-12-25T14:50:49.569+0000] {logging_mixin.py:188} INFO - [2024-12-25T14:50:49.569+0000] {dag.py:3047} INFO - Sync 1 DAGs
[2024-12-25T14:50:49.616+0000] {logging_mixin.py:188} INFO - [2024-12-25T14:50:49.610+0000] {dag.py:3834} INFO - Setting next_dagrun for example_sensors to None, run_after=None
[2024-12-25T14:50:49.688+0000] {processor.py:183} INFO - Processing /home/airflow/.local/lib/python3.10/site-packages/airflow/example_dags/example_sensors.py took 0.292 seconds
[2024-12-25T14:51:20.097+0000] {processor.py:161} INFO - Started process (PID=10819) to work on /home/airflow/.local/lib/python3.10/site-packages/airflow/example_dags/example_sensors.py
[2024-12-25T14:51:20.098+0000] {processor.py:830} INFO - Processing file /home/airflow/.local/lib/python3.10/site-packages/airflow/example_dags/example_sensors.py for tasks to queue
[2024-12-25T14:51:20.105+0000] {logging_mixin.py:188} INFO - [2024-12-25T14:51:20.105+0000] {dagbag.py:540} INFO - Filling up the DagBag from /home/airflow/.local/lib/python3.10/site-packages/airflow/example_dags/example_sensors.py
[2024-12-25T14:51:20.155+0000] {processor.py:840} INFO - DAG(s) 'example_sensors' retrieved from /home/airflow/.local/lib/python3.10/site-packages/airflow/example_dags/example_sensors.py
[2024-12-25T14:51:20.276+0000] {logging_mixin.py:188} INFO - [2024-12-25T14:51:20.275+0000] {dag.py:3047} INFO - Sync 1 DAGs
[2024-12-25T14:51:20.337+0000] {logging_mixin.py:188} INFO - [2024-12-25T14:51:20.336+0000] {dag.py:3834} INFO - Setting next_dagrun for example_sensors to None, run_after=None
[2024-12-25T14:51:20.419+0000] {processor.py:183} INFO - Processing /home/airflow/.local/lib/python3.10/site-packages/airflow/example_dags/example_sensors.py took 0.334 seconds
[2024-12-25T14:51:50.669+0000] {processor.py:161} INFO - Started process (PID=10875) to work on /home/airflow/.local/lib/python3.10/site-packages/airflow/example_dags/example_sensors.py
[2024-12-25T14:51:50.686+0000] {processor.py:830} INFO - Processing file /home/airflow/.local/lib/python3.10/site-packages/airflow/example_dags/example_sensors.py for tasks to queue
[2024-12-25T14:51:50.688+0000] {logging_mixin.py:188} INFO - [2024-12-25T14:51:50.687+0000] {dagbag.py:540} INFO - Filling up the DagBag from /home/airflow/.local/lib/python3.10/site-packages/airflow/example_dags/example_sensors.py
[2024-12-25T14:51:50.749+0000] {processor.py:840} INFO - DAG(s) 'example_sensors' retrieved from /home/airflow/.local/lib/python3.10/site-packages/airflow/example_dags/example_sensors.py
[2024-12-25T14:51:50.866+0000] {logging_mixin.py:188} INFO - [2024-12-25T14:51:50.866+0000] {dag.py:3047} INFO - Sync 1 DAGs
[2024-12-25T14:51:50.917+0000] {logging_mixin.py:188} INFO - [2024-12-25T14:51:50.917+0000] {dag.py:3834} INFO - Setting next_dagrun for example_sensors to None, run_after=None
[2024-12-25T14:51:51.016+0000] {processor.py:183} INFO - Processing /home/airflow/.local/lib/python3.10/site-packages/airflow/example_dags/example_sensors.py took 0.357 seconds
[2024-12-25T14:52:21.418+0000] {processor.py:161} INFO - Started process (PID=10930) to work on /home/airflow/.local/lib/python3.10/site-packages/airflow/example_dags/example_sensors.py
[2024-12-25T14:52:21.420+0000] {processor.py:830} INFO - Processing file /home/airflow/.local/lib/python3.10/site-packages/airflow/example_dags/example_sensors.py for tasks to queue
[2024-12-25T14:52:21.421+0000] {logging_mixin.py:188} INFO - [2024-12-25T14:52:21.421+0000] {dagbag.py:540} INFO - Filling up the DagBag from /home/airflow/.local/lib/python3.10/site-packages/airflow/example_dags/example_sensors.py
[2024-12-25T14:52:21.470+0000] {processor.py:840} INFO - DAG(s) 'example_sensors' retrieved from /home/airflow/.local/lib/python3.10/site-packages/airflow/example_dags/example_sensors.py
[2024-12-25T14:52:21.560+0000] {logging_mixin.py:188} INFO - [2024-12-25T14:52:21.560+0000] {dag.py:3047} INFO - Sync 1 DAGs
[2024-12-25T14:52:21.619+0000] {logging_mixin.py:188} INFO - [2024-12-25T14:52:21.619+0000] {dag.py:3834} INFO - Setting next_dagrun for example_sensors to None, run_after=None
[2024-12-25T14:52:21.703+0000] {processor.py:183} INFO - Processing /home/airflow/.local/lib/python3.10/site-packages/airflow/example_dags/example_sensors.py took 0.309 seconds
[2024-12-25T14:52:53.368+0000] {processor.py:161} INFO - Started process (PID=10986) to work on /home/airflow/.local/lib/python3.10/site-packages/airflow/example_dags/example_sensors.py
[2024-12-25T14:52:53.377+0000] {processor.py:830} INFO - Processing file /home/airflow/.local/lib/python3.10/site-packages/airflow/example_dags/example_sensors.py for tasks to queue
[2024-12-25T14:52:53.379+0000] {logging_mixin.py:188} INFO - [2024-12-25T14:52:53.378+0000] {dagbag.py:540} INFO - Filling up the DagBag from /home/airflow/.local/lib/python3.10/site-packages/airflow/example_dags/example_sensors.py
[2024-12-25T14:52:53.419+0000] {processor.py:840} INFO - DAG(s) 'example_sensors' retrieved from /home/airflow/.local/lib/python3.10/site-packages/airflow/example_dags/example_sensors.py
[2024-12-25T14:52:53.537+0000] {logging_mixin.py:188} INFO - [2024-12-25T14:52:53.536+0000] {dag.py:3047} INFO - Sync 1 DAGs
[2024-12-25T14:52:53.599+0000] {logging_mixin.py:188} INFO - [2024-12-25T14:52:53.599+0000] {dag.py:3834} INFO - Setting next_dagrun for example_sensors to None, run_after=None
[2024-12-25T14:52:53.698+0000] {processor.py:183} INFO - Processing /home/airflow/.local/lib/python3.10/site-packages/airflow/example_dags/example_sensors.py took 0.349 seconds
[2024-12-25T14:53:23.967+0000] {processor.py:161} INFO - Started process (PID=11042) to work on /home/airflow/.local/lib/python3.10/site-packages/airflow/example_dags/example_sensors.py
[2024-12-25T14:53:23.978+0000] {processor.py:830} INFO - Processing file /home/airflow/.local/lib/python3.10/site-packages/airflow/example_dags/example_sensors.py for tasks to queue
[2024-12-25T14:53:23.986+0000] {logging_mixin.py:188} INFO - [2024-12-25T14:53:23.986+0000] {dagbag.py:540} INFO - Filling up the DagBag from /home/airflow/.local/lib/python3.10/site-packages/airflow/example_dags/example_sensors.py
[2024-12-25T14:53:24.036+0000] {processor.py:840} INFO - DAG(s) 'example_sensors' retrieved from /home/airflow/.local/lib/python3.10/site-packages/airflow/example_dags/example_sensors.py
[2024-12-25T14:53:24.168+0000] {logging_mixin.py:188} INFO - [2024-12-25T14:53:24.168+0000] {dag.py:3047} INFO - Sync 1 DAGs
[2024-12-25T14:53:24.255+0000] {logging_mixin.py:188} INFO - [2024-12-25T14:53:24.248+0000] {dag.py:3834} INFO - Setting next_dagrun for example_sensors to None, run_after=None
[2024-12-25T14:53:24.347+0000] {processor.py:183} INFO - Processing /home/airflow/.local/lib/python3.10/site-packages/airflow/example_dags/example_sensors.py took 0.399 seconds
[2024-12-25T14:53:56.266+0000] {processor.py:161} INFO - Started process (PID=11096) to work on /home/airflow/.local/lib/python3.10/site-packages/airflow/example_dags/example_sensors.py
[2024-12-25T14:53:56.287+0000] {processor.py:830} INFO - Processing file /home/airflow/.local/lib/python3.10/site-packages/airflow/example_dags/example_sensors.py for tasks to queue
[2024-12-25T14:53:56.316+0000] {logging_mixin.py:188} INFO - [2024-12-25T14:53:56.315+0000] {dagbag.py:540} INFO - Filling up the DagBag from /home/airflow/.local/lib/python3.10/site-packages/airflow/example_dags/example_sensors.py
[2024-12-25T14:53:56.507+0000] {processor.py:840} INFO - DAG(s) 'example_sensors' retrieved from /home/airflow/.local/lib/python3.10/site-packages/airflow/example_dags/example_sensors.py
[2024-12-25T14:53:56.896+0000] {logging_mixin.py:188} INFO - [2024-12-25T14:53:56.894+0000] {dag.py:3047} INFO - Sync 1 DAGs
[2024-12-25T14:53:56.995+0000] {logging_mixin.py:188} INFO - [2024-12-25T14:53:56.995+0000] {dag.py:3834} INFO - Setting next_dagrun for example_sensors to None, run_after=None
[2024-12-25T14:53:57.136+0000] {processor.py:183} INFO - Processing /home/airflow/.local/lib/python3.10/site-packages/airflow/example_dags/example_sensors.py took 0.900 seconds
[2024-12-25T14:54:27.618+0000] {processor.py:161} INFO - Started process (PID=11151) to work on /home/airflow/.local/lib/python3.10/site-packages/airflow/example_dags/example_sensors.py
[2024-12-25T14:54:27.628+0000] {processor.py:830} INFO - Processing file /home/airflow/.local/lib/python3.10/site-packages/airflow/example_dags/example_sensors.py for tasks to queue
[2024-12-25T14:54:27.638+0000] {logging_mixin.py:188} INFO - [2024-12-25T14:54:27.631+0000] {dagbag.py:540} INFO - Filling up the DagBag from /home/airflow/.local/lib/python3.10/site-packages/airflow/example_dags/example_sensors.py
[2024-12-25T14:54:27.688+0000] {processor.py:840} INFO - DAG(s) 'example_sensors' retrieved from /home/airflow/.local/lib/python3.10/site-packages/airflow/example_dags/example_sensors.py
[2024-12-25T14:54:27.810+0000] {logging_mixin.py:188} INFO - [2024-12-25T14:54:27.809+0000] {dag.py:3047} INFO - Sync 1 DAGs
[2024-12-25T14:54:27.890+0000] {logging_mixin.py:188} INFO - [2024-12-25T14:54:27.889+0000] {dag.py:3834} INFO - Setting next_dagrun for example_sensors to None, run_after=None
[2024-12-25T14:54:28.029+0000] {processor.py:183} INFO - Processing /home/airflow/.local/lib/python3.10/site-packages/airflow/example_dags/example_sensors.py took 0.430 seconds
[2024-12-25T14:54:58.365+0000] {processor.py:161} INFO - Started process (PID=11207) to work on /home/airflow/.local/lib/python3.10/site-packages/airflow/example_dags/example_sensors.py
[2024-12-25T14:54:58.367+0000] {processor.py:830} INFO - Processing file /home/airflow/.local/lib/python3.10/site-packages/airflow/example_dags/example_sensors.py for tasks to queue
[2024-12-25T14:54:58.377+0000] {logging_mixin.py:188} INFO - [2024-12-25T14:54:58.377+0000] {dagbag.py:540} INFO - Filling up the DagBag from /home/airflow/.local/lib/python3.10/site-packages/airflow/example_dags/example_sensors.py
[2024-12-25T14:54:58.426+0000] {processor.py:840} INFO - DAG(s) 'example_sensors' retrieved from /home/airflow/.local/lib/python3.10/site-packages/airflow/example_dags/example_sensors.py
[2024-12-25T14:54:58.586+0000] {logging_mixin.py:188} INFO - [2024-12-25T14:54:58.586+0000] {dag.py:3047} INFO - Sync 1 DAGs
[2024-12-25T14:54:58.646+0000] {logging_mixin.py:188} INFO - [2024-12-25T14:54:58.646+0000] {dag.py:3834} INFO - Setting next_dagrun for example_sensors to None, run_after=None
[2024-12-25T14:54:58.747+0000] {processor.py:183} INFO - Processing /home/airflow/.local/lib/python3.10/site-packages/airflow/example_dags/example_sensors.py took 0.401 seconds
[2024-12-25T14:55:30.479+0000] {processor.py:161} INFO - Started process (PID=11262) to work on /home/airflow/.local/lib/python3.10/site-packages/airflow/example_dags/example_sensors.py
[2024-12-25T14:55:30.488+0000] {processor.py:830} INFO - Processing file /home/airflow/.local/lib/python3.10/site-packages/airflow/example_dags/example_sensors.py for tasks to queue
[2024-12-25T14:55:30.490+0000] {logging_mixin.py:188} INFO - [2024-12-25T14:55:30.490+0000] {dagbag.py:540} INFO - Filling up the DagBag from /home/airflow/.local/lib/python3.10/site-packages/airflow/example_dags/example_sensors.py
[2024-12-25T14:55:30.570+0000] {processor.py:840} INFO - DAG(s) 'example_sensors' retrieved from /home/airflow/.local/lib/python3.10/site-packages/airflow/example_dags/example_sensors.py
[2024-12-25T14:55:30.811+0000] {logging_mixin.py:188} INFO - [2024-12-25T14:55:30.810+0000] {dag.py:3047} INFO - Sync 1 DAGs
[2024-12-25T14:55:30.949+0000] {logging_mixin.py:188} INFO - [2024-12-25T14:55:30.949+0000] {dag.py:3834} INFO - Setting next_dagrun for example_sensors to None, run_after=None
[2024-12-25T14:55:31.141+0000] {processor.py:183} INFO - Processing /home/airflow/.local/lib/python3.10/site-packages/airflow/example_dags/example_sensors.py took 0.690 seconds
[2024-12-25T14:56:01.935+0000] {processor.py:161} INFO - Started process (PID=11317) to work on /home/airflow/.local/lib/python3.10/site-packages/airflow/example_dags/example_sensors.py
[2024-12-25T14:56:01.937+0000] {processor.py:830} INFO - Processing file /home/airflow/.local/lib/python3.10/site-packages/airflow/example_dags/example_sensors.py for tasks to queue
[2024-12-25T14:56:01.945+0000] {logging_mixin.py:188} INFO - [2024-12-25T14:56:01.938+0000] {dagbag.py:540} INFO - Filling up the DagBag from /home/airflow/.local/lib/python3.10/site-packages/airflow/example_dags/example_sensors.py
[2024-12-25T14:56:01.997+0000] {processor.py:840} INFO - DAG(s) 'example_sensors' retrieved from /home/airflow/.local/lib/python3.10/site-packages/airflow/example_dags/example_sensors.py
[2024-12-25T14:56:02.178+0000] {logging_mixin.py:188} INFO - [2024-12-25T14:56:02.178+0000] {dag.py:3047} INFO - Sync 1 DAGs
[2024-12-25T14:56:02.266+0000] {logging_mixin.py:188} INFO - [2024-12-25T14:56:02.266+0000] {dag.py:3834} INFO - Setting next_dagrun for example_sensors to None, run_after=None
[2024-12-25T14:56:02.386+0000] {processor.py:183} INFO - Processing /home/airflow/.local/lib/python3.10/site-packages/airflow/example_dags/example_sensors.py took 0.478 seconds
[2024-12-25T14:56:32.821+0000] {processor.py:161} INFO - Started process (PID=11373) to work on /home/airflow/.local/lib/python3.10/site-packages/airflow/example_dags/example_sensors.py
[2024-12-25T14:56:32.830+0000] {processor.py:830} INFO - Processing file /home/airflow/.local/lib/python3.10/site-packages/airflow/example_dags/example_sensors.py for tasks to queue
[2024-12-25T14:56:32.848+0000] {logging_mixin.py:188} INFO - [2024-12-25T14:56:32.841+0000] {dagbag.py:540} INFO - Filling up the DagBag from /home/airflow/.local/lib/python3.10/site-packages/airflow/example_dags/example_sensors.py
[2024-12-25T14:56:32.911+0000] {processor.py:840} INFO - DAG(s) 'example_sensors' retrieved from /home/airflow/.local/lib/python3.10/site-packages/airflow/example_dags/example_sensors.py
[2024-12-25T14:56:33.098+0000] {logging_mixin.py:188} INFO - [2024-12-25T14:56:33.091+0000] {dag.py:3047} INFO - Sync 1 DAGs
[2024-12-25T14:56:33.171+0000] {logging_mixin.py:188} INFO - [2024-12-25T14:56:33.170+0000] {dag.py:3834} INFO - Setting next_dagrun for example_sensors to None, run_after=None
[2024-12-25T14:56:33.298+0000] {processor.py:183} INFO - Processing /home/airflow/.local/lib/python3.10/site-packages/airflow/example_dags/example_sensors.py took 0.490 seconds
[2024-12-25T14:57:03.718+0000] {processor.py:161} INFO - Started process (PID=11429) to work on /home/airflow/.local/lib/python3.10/site-packages/airflow/example_dags/example_sensors.py
[2024-12-25T14:57:03.720+0000] {processor.py:830} INFO - Processing file /home/airflow/.local/lib/python3.10/site-packages/airflow/example_dags/example_sensors.py for tasks to queue
[2024-12-25T14:57:03.729+0000] {logging_mixin.py:188} INFO - [2024-12-25T14:57:03.728+0000] {dagbag.py:540} INFO - Filling up the DagBag from /home/airflow/.local/lib/python3.10/site-packages/airflow/example_dags/example_sensors.py
[2024-12-25T14:57:03.790+0000] {processor.py:840} INFO - DAG(s) 'example_sensors' retrieved from /home/airflow/.local/lib/python3.10/site-packages/airflow/example_dags/example_sensors.py
[2024-12-25T14:57:03.908+0000] {logging_mixin.py:188} INFO - [2024-12-25T14:57:03.908+0000] {dag.py:3047} INFO - Sync 1 DAGs
[2024-12-25T14:57:03.960+0000] {logging_mixin.py:188} INFO - [2024-12-25T14:57:03.960+0000] {dag.py:3834} INFO - Setting next_dagrun for example_sensors to None, run_after=None
[2024-12-25T14:57:04.080+0000] {processor.py:183} INFO - Processing /home/airflow/.local/lib/python3.10/site-packages/airflow/example_dags/example_sensors.py took 0.391 seconds
[2024-12-25T14:57:35.725+0000] {processor.py:161} INFO - Started process (PID=11486) to work on /home/airflow/.local/lib/python3.10/site-packages/airflow/example_dags/example_sensors.py
[2024-12-25T14:57:35.734+0000] {processor.py:830} INFO - Processing file /home/airflow/.local/lib/python3.10/site-packages/airflow/example_dags/example_sensors.py for tasks to queue
[2024-12-25T14:57:35.736+0000] {logging_mixin.py:188} INFO - [2024-12-25T14:57:35.735+0000] {dagbag.py:540} INFO - Filling up the DagBag from /home/airflow/.local/lib/python3.10/site-packages/airflow/example_dags/example_sensors.py
[2024-12-25T14:57:35.834+0000] {processor.py:840} INFO - DAG(s) 'example_sensors' retrieved from /home/airflow/.local/lib/python3.10/site-packages/airflow/example_dags/example_sensors.py
[2024-12-25T14:57:36.006+0000] {logging_mixin.py:188} INFO - [2024-12-25T14:57:36.005+0000] {dag.py:3047} INFO - Sync 1 DAGs
[2024-12-25T14:57:36.065+0000] {logging_mixin.py:188} INFO - [2024-12-25T14:57:36.064+0000] {dag.py:3834} INFO - Setting next_dagrun for example_sensors to None, run_after=None
[2024-12-25T14:57:36.215+0000] {processor.py:183} INFO - Processing /home/airflow/.local/lib/python3.10/site-packages/airflow/example_dags/example_sensors.py took 0.511 seconds
[2024-12-25T14:58:07.739+0000] {processor.py:161} INFO - Started process (PID=11542) to work on /home/airflow/.local/lib/python3.10/site-packages/airflow/example_dags/example_sensors.py
[2024-12-25T14:58:07.741+0000] {processor.py:830} INFO - Processing file /home/airflow/.local/lib/python3.10/site-packages/airflow/example_dags/example_sensors.py for tasks to queue
[2024-12-25T14:58:07.750+0000] {logging_mixin.py:188} INFO - [2024-12-25T14:58:07.749+0000] {dagbag.py:540} INFO - Filling up the DagBag from /home/airflow/.local/lib/python3.10/site-packages/airflow/example_dags/example_sensors.py
[2024-12-25T14:58:07.808+0000] {processor.py:840} INFO - DAG(s) 'example_sensors' retrieved from /home/airflow/.local/lib/python3.10/site-packages/airflow/example_dags/example_sensors.py
[2024-12-25T14:58:07.948+0000] {logging_mixin.py:188} INFO - [2024-12-25T14:58:07.940+0000] {dag.py:3047} INFO - Sync 1 DAGs
[2024-12-25T14:58:08.010+0000] {logging_mixin.py:188} INFO - [2024-12-25T14:58:08.010+0000] {dag.py:3834} INFO - Setting next_dagrun for example_sensors to None, run_after=None
[2024-12-25T14:58:08.128+0000] {processor.py:183} INFO - Processing /home/airflow/.local/lib/python3.10/site-packages/airflow/example_dags/example_sensors.py took 0.427 seconds
[2024-12-25T14:58:39.280+0000] {processor.py:161} INFO - Started process (PID=11597) to work on /home/airflow/.local/lib/python3.10/site-packages/airflow/example_dags/example_sensors.py
[2024-12-25T14:58:39.289+0000] {processor.py:830} INFO - Processing file /home/airflow/.local/lib/python3.10/site-packages/airflow/example_dags/example_sensors.py for tasks to queue
[2024-12-25T14:58:39.291+0000] {logging_mixin.py:188} INFO - [2024-12-25T14:58:39.291+0000] {dagbag.py:540} INFO - Filling up the DagBag from /home/airflow/.local/lib/python3.10/site-packages/airflow/example_dags/example_sensors.py
[2024-12-25T14:58:39.361+0000] {processor.py:840} INFO - DAG(s) 'example_sensors' retrieved from /home/airflow/.local/lib/python3.10/site-packages/airflow/example_dags/example_sensors.py
[2024-12-25T14:58:39.511+0000] {logging_mixin.py:188} INFO - [2024-12-25T14:58:39.511+0000] {dag.py:3047} INFO - Sync 1 DAGs
[2024-12-25T14:58:39.602+0000] {logging_mixin.py:188} INFO - [2024-12-25T14:58:39.601+0000] {dag.py:3834} INFO - Setting next_dagrun for example_sensors to None, run_after=None
[2024-12-25T14:58:39.741+0000] {processor.py:183} INFO - Processing /home/airflow/.local/lib/python3.10/site-packages/airflow/example_dags/example_sensors.py took 0.480 seconds
[2024-12-25T14:59:11.381+0000] {processor.py:161} INFO - Started process (PID=11653) to work on /home/airflow/.local/lib/python3.10/site-packages/airflow/example_dags/example_sensors.py
[2024-12-25T14:59:11.383+0000] {processor.py:830} INFO - Processing file /home/airflow/.local/lib/python3.10/site-packages/airflow/example_dags/example_sensors.py for tasks to queue
[2024-12-25T14:59:11.392+0000] {logging_mixin.py:188} INFO - [2024-12-25T14:59:11.392+0000] {dagbag.py:540} INFO - Filling up the DagBag from /home/airflow/.local/lib/python3.10/site-packages/airflow/example_dags/example_sensors.py
[2024-12-25T14:59:11.462+0000] {processor.py:840} INFO - DAG(s) 'example_sensors' retrieved from /home/airflow/.local/lib/python3.10/site-packages/airflow/example_dags/example_sensors.py
[2024-12-25T14:59:11.681+0000] {logging_mixin.py:188} INFO - [2024-12-25T14:59:11.673+0000] {dag.py:3047} INFO - Sync 1 DAGs
[2024-12-25T14:59:11.823+0000] {logging_mixin.py:188} INFO - [2024-12-25T14:59:11.822+0000] {dag.py:3834} INFO - Setting next_dagrun for example_sensors to None, run_after=None
[2024-12-25T14:59:12.012+0000] {processor.py:183} INFO - Processing /home/airflow/.local/lib/python3.10/site-packages/airflow/example_dags/example_sensors.py took 0.660 seconds
[2024-12-25T14:59:49.666+0000] {processor.py:161} INFO - Started process (PID=11708) to work on /home/airflow/.local/lib/python3.10/site-packages/airflow/example_dags/example_sensors.py
[2024-12-25T14:59:49.677+0000] {processor.py:830} INFO - Processing file /home/airflow/.local/lib/python3.10/site-packages/airflow/example_dags/example_sensors.py for tasks to queue
[2024-12-25T14:59:49.696+0000] {logging_mixin.py:188} INFO - [2024-12-25T14:59:49.695+0000] {dagbag.py:540} INFO - Filling up the DagBag from /home/airflow/.local/lib/python3.10/site-packages/airflow/example_dags/example_sensors.py
[2024-12-25T14:59:49.795+0000] {processor.py:840} INFO - DAG(s) 'example_sensors' retrieved from /home/airflow/.local/lib/python3.10/site-packages/airflow/example_dags/example_sensors.py
[2024-12-25T14:59:50.056+0000] {logging_mixin.py:188} INFO - [2024-12-25T14:59:50.055+0000] {dag.py:3047} INFO - Sync 1 DAGs
[2024-12-25T14:59:50.157+0000] {logging_mixin.py:188} INFO - [2024-12-25T14:59:50.156+0000] {dag.py:3834} INFO - Setting next_dagrun for example_sensors to None, run_after=None
[2024-12-25T14:59:50.476+0000] {processor.py:183} INFO - Processing /home/airflow/.local/lib/python3.10/site-packages/airflow/example_dags/example_sensors.py took 0.850 seconds
[2024-12-25T15:00:22.449+0000] {processor.py:161} INFO - Started process (PID=11763) to work on /home/airflow/.local/lib/python3.10/site-packages/airflow/example_dags/example_sensors.py
[2024-12-25T15:00:22.460+0000] {processor.py:830} INFO - Processing file /home/airflow/.local/lib/python3.10/site-packages/airflow/example_dags/example_sensors.py for tasks to queue
[2024-12-25T15:00:22.470+0000] {logging_mixin.py:188} INFO - [2024-12-25T15:00:22.461+0000] {dagbag.py:540} INFO - Filling up the DagBag from /home/airflow/.local/lib/python3.10/site-packages/airflow/example_dags/example_sensors.py
[2024-12-25T15:00:22.569+0000] {processor.py:840} INFO - DAG(s) 'example_sensors' retrieved from /home/airflow/.local/lib/python3.10/site-packages/airflow/example_dags/example_sensors.py
[2024-12-25T15:00:22.900+0000] {logging_mixin.py:188} INFO - [2024-12-25T15:00:22.899+0000] {dag.py:3047} INFO - Sync 1 DAGs
[2024-12-25T15:00:23.020+0000] {logging_mixin.py:188} INFO - [2024-12-25T15:00:23.020+0000] {dag.py:3834} INFO - Setting next_dagrun for example_sensors to None, run_after=None
[2024-12-25T15:00:23.299+0000] {processor.py:183} INFO - Processing /home/airflow/.local/lib/python3.10/site-packages/airflow/example_dags/example_sensors.py took 0.899 seconds
[2024-12-25T15:01:01.275+0000] {processor.py:161} INFO - Started process (PID=11812) to work on /home/airflow/.local/lib/python3.10/site-packages/airflow/example_dags/example_sensors.py
[2024-12-25T15:01:01.278+0000] {processor.py:830} INFO - Processing file /home/airflow/.local/lib/python3.10/site-packages/airflow/example_dags/example_sensors.py for tasks to queue
[2024-12-25T15:01:01.297+0000] {logging_mixin.py:188} INFO - [2024-12-25T15:01:01.296+0000] {dagbag.py:540} INFO - Filling up the DagBag from /home/airflow/.local/lib/python3.10/site-packages/airflow/example_dags/example_sensors.py
[2024-12-25T15:01:01.456+0000] {processor.py:840} INFO - DAG(s) 'example_sensors' retrieved from /home/airflow/.local/lib/python3.10/site-packages/airflow/example_dags/example_sensors.py
[2024-12-25T15:01:01.837+0000] {logging_mixin.py:188} INFO - [2024-12-25T15:01:01.837+0000] {dag.py:3047} INFO - Sync 1 DAGs
[2024-12-25T15:01:02.356+0000] {logging_mixin.py:188} INFO - [2024-12-25T15:01:02.338+0000] {dag.py:3834} INFO - Setting next_dagrun for example_sensors to None, run_after=None
[2024-12-25T15:01:02.707+0000] {processor.py:183} INFO - Processing /home/airflow/.local/lib/python3.10/site-packages/airflow/example_dags/example_sensors.py took 1.490 seconds
[2024-12-25T15:02:52.707+0000] {processor.py:161} INFO - Started process (PID=11882) to work on /home/airflow/.local/lib/python3.10/site-packages/airflow/example_dags/example_sensors.py
[2024-12-25T15:02:52.727+0000] {processor.py:830} INFO - Processing file /home/airflow/.local/lib/python3.10/site-packages/airflow/example_dags/example_sensors.py for tasks to queue
[2024-12-25T15:02:52.806+0000] {logging_mixin.py:188} INFO - [2024-12-25T15:02:52.797+0000] {dagbag.py:540} INFO - Filling up the DagBag from /home/airflow/.local/lib/python3.10/site-packages/airflow/example_dags/example_sensors.py
[2024-12-25T15:02:52.967+0000] {processor.py:840} INFO - DAG(s) 'example_sensors' retrieved from /home/airflow/.local/lib/python3.10/site-packages/airflow/example_dags/example_sensors.py
[2024-12-25T15:02:53.648+0000] {logging_mixin.py:188} INFO - [2024-12-25T15:02:53.647+0000] {dag.py:3047} INFO - Sync 1 DAGs
[2024-12-25T15:02:53.888+0000] {logging_mixin.py:188} INFO - [2024-12-25T15:02:53.887+0000] {dag.py:3834} INFO - Setting next_dagrun for example_sensors to None, run_after=None
[2024-12-25T15:02:54.597+0000] {processor.py:183} INFO - Processing /home/airflow/.local/lib/python3.10/site-packages/airflow/example_dags/example_sensors.py took 2.069 seconds
[2024-12-25T15:04:14.341+0000] {processor.py:161} INFO - Started process (PID=11956) to work on /home/airflow/.local/lib/python3.10/site-packages/airflow/example_dags/example_sensors.py
[2024-12-25T15:04:14.351+0000] {processor.py:830} INFO - Processing file /home/airflow/.local/lib/python3.10/site-packages/airflow/example_dags/example_sensors.py for tasks to queue
[2024-12-25T15:04:14.362+0000] {logging_mixin.py:188} INFO - [2024-12-25T15:04:14.361+0000] {dagbag.py:540} INFO - Filling up the DagBag from /home/airflow/.local/lib/python3.10/site-packages/airflow/example_dags/example_sensors.py
[2024-12-25T15:04:14.703+0000] {processor.py:840} INFO - DAG(s) 'example_sensors' retrieved from /home/airflow/.local/lib/python3.10/site-packages/airflow/example_dags/example_sensors.py
[2024-12-25T15:04:15.182+0000] {logging_mixin.py:188} INFO - [2024-12-25T15:04:15.181+0000] {dag.py:3047} INFO - Sync 1 DAGs
[2024-12-25T15:04:15.341+0000] {logging_mixin.py:188} INFO - [2024-12-25T15:04:15.332+0000] {dag.py:3834} INFO - Setting next_dagrun for example_sensors to None, run_after=None
[2024-12-25T15:04:15.742+0000] {processor.py:183} INFO - Processing /home/airflow/.local/lib/python3.10/site-packages/airflow/example_dags/example_sensors.py took 1.490 seconds
[2024-12-25T15:05:51.154+0000] {processor.py:161} INFO - Started process (PID=12030) to work on /home/airflow/.local/lib/python3.10/site-packages/airflow/example_dags/example_sensors.py
[2024-12-25T15:05:51.175+0000] {processor.py:830} INFO - Processing file /home/airflow/.local/lib/python3.10/site-packages/airflow/example_dags/example_sensors.py for tasks to queue
[2024-12-25T15:05:51.205+0000] {logging_mixin.py:188} INFO - [2024-12-25T15:05:51.185+0000] {dagbag.py:540} INFO - Filling up the DagBag from /home/airflow/.local/lib/python3.10/site-packages/airflow/example_dags/example_sensors.py
[2024-12-25T15:05:51.594+0000] {processor.py:840} INFO - DAG(s) 'example_sensors' retrieved from /home/airflow/.local/lib/python3.10/site-packages/airflow/example_dags/example_sensors.py
[2024-12-25T15:05:52.671+0000] {logging_mixin.py:188} INFO - [2024-12-25T15:05:52.562+0000] {dag.py:3047} INFO - Sync 1 DAGs
[2024-12-25T15:05:53.291+0000] {logging_mixin.py:188} INFO - [2024-12-25T15:05:53.272+0000] {dag.py:3834} INFO - Setting next_dagrun for example_sensors to None, run_after=None
[2024-12-25T15:05:54.152+0000] {processor.py:183} INFO - Processing /home/airflow/.local/lib/python3.10/site-packages/airflow/example_dags/example_sensors.py took 3.191 seconds
[2024-12-25T15:08:01.587+0000] {processor.py:161} INFO - Started process (PID=12080) to work on /home/airflow/.local/lib/python3.10/site-packages/airflow/example_dags/example_sensors.py
[2024-12-25T15:08:01.736+0000] {processor.py:830} INFO - Processing file /home/airflow/.local/lib/python3.10/site-packages/airflow/example_dags/example_sensors.py for tasks to queue
[2024-12-25T15:08:01.927+0000] {logging_mixin.py:188} INFO - [2024-12-25T15:08:01.826+0000] {dagbag.py:540} INFO - Filling up the DagBag from /home/airflow/.local/lib/python3.10/site-packages/airflow/example_dags/example_sensors.py
[2024-12-25T15:08:02.767+0000] {processor.py:840} INFO - DAG(s) 'example_sensors' retrieved from /home/airflow/.local/lib/python3.10/site-packages/airflow/example_dags/example_sensors.py
[2024-12-25T15:08:05.886+0000] {logging_mixin.py:188} INFO - [2024-12-25T15:08:05.727+0000] {dag.py:3047} INFO - Sync 1 DAGs
[2024-12-25T15:08:07.637+0000] {logging_mixin.py:188} INFO - [2024-12-25T15:08:07.627+0000] {dag.py:3834} INFO - Setting next_dagrun for example_sensors to None, run_after=None
[2024-12-25T15:08:09.757+0000] {processor.py:183} INFO - Processing /home/airflow/.local/lib/python3.10/site-packages/airflow/example_dags/example_sensors.py took 9.000 seconds
