[2024-12-25T14:24:36.404+0000] {processor.py:161} INFO - Started process (PID=7906) to work on /home/airflow/.local/lib/python3.10/site-packages/airflow/example_dags/example_python_operator.py
[2024-12-25T14:24:36.409+0000] {processor.py:830} INFO - Processing file /home/airflow/.local/lib/python3.10/site-packages/airflow/example_dags/example_python_operator.py for tasks to queue
[2024-12-25T14:24:36.411+0000] {logging_mixin.py:188} INFO - [2024-12-25T14:24:36.410+0000] {dagbag.py:540} INFO - Filling up the DagBag from /home/airflow/.local/lib/python3.10/site-packages/airflow/example_dags/example_python_operator.py
[2024-12-25T14:24:36.478+0000] {processor.py:840} INFO - DAG(s) 'example_python_operator' retrieved from /home/airflow/.local/lib/python3.10/site-packages/airflow/example_dags/example_python_operator.py
[2024-12-25T14:24:36.575+0000] {logging_mixin.py:188} INFO - [2024-12-25T14:24:36.575+0000] {dag.py:3047} INFO - Sync 1 DAGs
[2024-12-25T14:24:36.652+0000] {logging_mixin.py:188} INFO - [2024-12-25T14:24:36.651+0000] {dag.py:3834} INFO - Setting next_dagrun for example_python_operator to None, run_after=None
[2024-12-25T14:24:36.759+0000] {processor.py:183} INFO - Processing /home/airflow/.local/lib/python3.10/site-packages/airflow/example_dags/example_python_operator.py took 0.374 seconds
[2024-12-25T14:25:07.345+0000] {processor.py:161} INFO - Started process (PID=7962) to work on /home/airflow/.local/lib/python3.10/site-packages/airflow/example_dags/example_python_operator.py
[2024-12-25T14:25:07.347+0000] {processor.py:830} INFO - Processing file /home/airflow/.local/lib/python3.10/site-packages/airflow/example_dags/example_python_operator.py for tasks to queue
[2024-12-25T14:25:07.349+0000] {logging_mixin.py:188} INFO - [2024-12-25T14:25:07.349+0000] {dagbag.py:540} INFO - Filling up the DagBag from /home/airflow/.local/lib/python3.10/site-packages/airflow/example_dags/example_python_operator.py
[2024-12-25T14:25:07.367+0000] {processor.py:840} INFO - DAG(s) 'example_python_operator' retrieved from /home/airflow/.local/lib/python3.10/site-packages/airflow/example_dags/example_python_operator.py
[2024-12-25T14:25:07.405+0000] {logging_mixin.py:188} INFO - [2024-12-25T14:25:07.404+0000] {dag.py:3047} INFO - Sync 1 DAGs
[2024-12-25T14:25:07.428+0000] {logging_mixin.py:188} INFO - [2024-12-25T14:25:07.428+0000] {dag.py:3834} INFO - Setting next_dagrun for example_python_operator to None, run_after=None
[2024-12-25T14:25:07.472+0000] {processor.py:183} INFO - Processing /home/airflow/.local/lib/python3.10/site-packages/airflow/example_dags/example_python_operator.py took 0.131 seconds
[2024-12-25T14:25:37.530+0000] {processor.py:161} INFO - Started process (PID=8018) to work on /home/airflow/.local/lib/python3.10/site-packages/airflow/example_dags/example_python_operator.py
[2024-12-25T14:25:37.531+0000] {processor.py:830} INFO - Processing file /home/airflow/.local/lib/python3.10/site-packages/airflow/example_dags/example_python_operator.py for tasks to queue
[2024-12-25T14:25:37.532+0000] {logging_mixin.py:188} INFO - [2024-12-25T14:25:37.532+0000] {dagbag.py:540} INFO - Filling up the DagBag from /home/airflow/.local/lib/python3.10/site-packages/airflow/example_dags/example_python_operator.py
[2024-12-25T14:25:37.546+0000] {processor.py:840} INFO - DAG(s) 'example_python_operator' retrieved from /home/airflow/.local/lib/python3.10/site-packages/airflow/example_dags/example_python_operator.py
[2024-12-25T14:25:37.577+0000] {logging_mixin.py:188} INFO - [2024-12-25T14:25:37.577+0000] {dag.py:3047} INFO - Sync 1 DAGs
[2024-12-25T14:25:37.593+0000] {logging_mixin.py:188} INFO - [2024-12-25T14:25:37.593+0000] {dag.py:3834} INFO - Setting next_dagrun for example_python_operator to None, run_after=None
[2024-12-25T14:25:37.615+0000] {processor.py:183} INFO - Processing /home/airflow/.local/lib/python3.10/site-packages/airflow/example_dags/example_python_operator.py took 0.089 seconds
[2024-12-25T14:26:08.188+0000] {processor.py:161} INFO - Started process (PID=8073) to work on /home/airflow/.local/lib/python3.10/site-packages/airflow/example_dags/example_python_operator.py
[2024-12-25T14:26:08.189+0000] {processor.py:830} INFO - Processing file /home/airflow/.local/lib/python3.10/site-packages/airflow/example_dags/example_python_operator.py for tasks to queue
[2024-12-25T14:26:08.191+0000] {logging_mixin.py:188} INFO - [2024-12-25T14:26:08.190+0000] {dagbag.py:540} INFO - Filling up the DagBag from /home/airflow/.local/lib/python3.10/site-packages/airflow/example_dags/example_python_operator.py
[2024-12-25T14:26:08.203+0000] {processor.py:840} INFO - DAG(s) 'example_python_operator' retrieved from /home/airflow/.local/lib/python3.10/site-packages/airflow/example_dags/example_python_operator.py
[2024-12-25T14:26:08.227+0000] {logging_mixin.py:188} INFO - [2024-12-25T14:26:08.227+0000] {dag.py:3047} INFO - Sync 1 DAGs
[2024-12-25T14:26:08.240+0000] {logging_mixin.py:188} INFO - [2024-12-25T14:26:08.239+0000] {dag.py:3834} INFO - Setting next_dagrun for example_python_operator to None, run_after=None
[2024-12-25T14:26:08.260+0000] {processor.py:183} INFO - Processing /home/airflow/.local/lib/python3.10/site-packages/airflow/example_dags/example_python_operator.py took 0.074 seconds
[2024-12-25T14:26:41.307+0000] {processor.py:161} INFO - Started process (PID=8129) to work on /home/airflow/.local/lib/python3.10/site-packages/airflow/example_dags/example_python_operator.py
[2024-12-25T14:26:41.308+0000] {processor.py:830} INFO - Processing file /home/airflow/.local/lib/python3.10/site-packages/airflow/example_dags/example_python_operator.py for tasks to queue
[2024-12-25T14:26:41.310+0000] {logging_mixin.py:188} INFO - [2024-12-25T14:26:41.310+0000] {dagbag.py:540} INFO - Filling up the DagBag from /home/airflow/.local/lib/python3.10/site-packages/airflow/example_dags/example_python_operator.py
[2024-12-25T14:26:41.327+0000] {processor.py:840} INFO - DAG(s) 'example_python_operator' retrieved from /home/airflow/.local/lib/python3.10/site-packages/airflow/example_dags/example_python_operator.py
[2024-12-25T14:26:41.362+0000] {logging_mixin.py:188} INFO - [2024-12-25T14:26:41.362+0000] {dag.py:3047} INFO - Sync 1 DAGs
[2024-12-25T14:26:41.394+0000] {logging_mixin.py:188} INFO - [2024-12-25T14:26:41.393+0000] {dag.py:3834} INFO - Setting next_dagrun for example_python_operator to None, run_after=None
[2024-12-25T14:26:41.436+0000] {processor.py:183} INFO - Processing /home/airflow/.local/lib/python3.10/site-packages/airflow/example_dags/example_python_operator.py took 0.126 seconds
[2024-12-25T14:27:11.581+0000] {processor.py:161} INFO - Started process (PID=8184) to work on /home/airflow/.local/lib/python3.10/site-packages/airflow/example_dags/example_python_operator.py
[2024-12-25T14:27:11.583+0000] {processor.py:830} INFO - Processing file /home/airflow/.local/lib/python3.10/site-packages/airflow/example_dags/example_python_operator.py for tasks to queue
[2024-12-25T14:27:11.584+0000] {logging_mixin.py:188} INFO - [2024-12-25T14:27:11.584+0000] {dagbag.py:540} INFO - Filling up the DagBag from /home/airflow/.local/lib/python3.10/site-packages/airflow/example_dags/example_python_operator.py
[2024-12-25T14:27:11.598+0000] {processor.py:840} INFO - DAG(s) 'example_python_operator' retrieved from /home/airflow/.local/lib/python3.10/site-packages/airflow/example_dags/example_python_operator.py
[2024-12-25T14:27:11.626+0000] {logging_mixin.py:188} INFO - [2024-12-25T14:27:11.626+0000] {dag.py:3047} INFO - Sync 1 DAGs
[2024-12-25T14:27:11.641+0000] {logging_mixin.py:188} INFO - [2024-12-25T14:27:11.640+0000] {dag.py:3834} INFO - Setting next_dagrun for example_python_operator to None, run_after=None
[2024-12-25T14:27:11.660+0000] {processor.py:183} INFO - Processing /home/airflow/.local/lib/python3.10/site-packages/airflow/example_dags/example_python_operator.py took 0.083 seconds
[2024-12-25T14:27:42.029+0000] {processor.py:161} INFO - Started process (PID=8240) to work on /home/airflow/.local/lib/python3.10/site-packages/airflow/example_dags/example_python_operator.py
[2024-12-25T14:27:42.031+0000] {processor.py:830} INFO - Processing file /home/airflow/.local/lib/python3.10/site-packages/airflow/example_dags/example_python_operator.py for tasks to queue
[2024-12-25T14:27:42.034+0000] {logging_mixin.py:188} INFO - [2024-12-25T14:27:42.033+0000] {dagbag.py:540} INFO - Filling up the DagBag from /home/airflow/.local/lib/python3.10/site-packages/airflow/example_dags/example_python_operator.py
[2024-12-25T14:27:42.057+0000] {processor.py:840} INFO - DAG(s) 'example_python_operator' retrieved from /home/airflow/.local/lib/python3.10/site-packages/airflow/example_dags/example_python_operator.py
[2024-12-25T14:27:42.105+0000] {logging_mixin.py:188} INFO - [2024-12-25T14:27:42.104+0000] {dag.py:3047} INFO - Sync 1 DAGs
[2024-12-25T14:27:42.126+0000] {logging_mixin.py:188} INFO - [2024-12-25T14:27:42.126+0000] {dag.py:3834} INFO - Setting next_dagrun for example_python_operator to None, run_after=None
[2024-12-25T14:27:42.159+0000] {processor.py:183} INFO - Processing /home/airflow/.local/lib/python3.10/site-packages/airflow/example_dags/example_python_operator.py took 0.141 seconds
[2024-12-25T14:28:12.836+0000] {processor.py:161} INFO - Started process (PID=8296) to work on /home/airflow/.local/lib/python3.10/site-packages/airflow/example_dags/example_python_operator.py
[2024-12-25T14:28:12.837+0000] {processor.py:830} INFO - Processing file /home/airflow/.local/lib/python3.10/site-packages/airflow/example_dags/example_python_operator.py for tasks to queue
[2024-12-25T14:28:12.839+0000] {logging_mixin.py:188} INFO - [2024-12-25T14:28:12.838+0000] {dagbag.py:540} INFO - Filling up the DagBag from /home/airflow/.local/lib/python3.10/site-packages/airflow/example_dags/example_python_operator.py
[2024-12-25T14:28:12.857+0000] {processor.py:840} INFO - DAG(s) 'example_python_operator' retrieved from /home/airflow/.local/lib/python3.10/site-packages/airflow/example_dags/example_python_operator.py
[2024-12-25T14:28:12.898+0000] {logging_mixin.py:188} INFO - [2024-12-25T14:28:12.897+0000] {dag.py:3047} INFO - Sync 1 DAGs
[2024-12-25T14:28:12.920+0000] {logging_mixin.py:188} INFO - [2024-12-25T14:28:12.920+0000] {dag.py:3834} INFO - Setting next_dagrun for example_python_operator to None, run_after=None
[2024-12-25T14:28:12.964+0000] {processor.py:183} INFO - Processing /home/airflow/.local/lib/python3.10/site-packages/airflow/example_dags/example_python_operator.py took 0.134 seconds
[2024-12-25T14:28:43.154+0000] {processor.py:161} INFO - Started process (PID=8352) to work on /home/airflow/.local/lib/python3.10/site-packages/airflow/example_dags/example_python_operator.py
[2024-12-25T14:28:43.157+0000] {processor.py:830} INFO - Processing file /home/airflow/.local/lib/python3.10/site-packages/airflow/example_dags/example_python_operator.py for tasks to queue
[2024-12-25T14:28:43.160+0000] {logging_mixin.py:188} INFO - [2024-12-25T14:28:43.159+0000] {dagbag.py:540} INFO - Filling up the DagBag from /home/airflow/.local/lib/python3.10/site-packages/airflow/example_dags/example_python_operator.py
[2024-12-25T14:28:43.183+0000] {processor.py:840} INFO - DAG(s) 'example_python_operator' retrieved from /home/airflow/.local/lib/python3.10/site-packages/airflow/example_dags/example_python_operator.py
[2024-12-25T14:28:43.245+0000] {logging_mixin.py:188} INFO - [2024-12-25T14:28:43.245+0000] {dag.py:3047} INFO - Sync 1 DAGs
[2024-12-25T14:28:43.267+0000] {logging_mixin.py:188} INFO - [2024-12-25T14:28:43.266+0000] {dag.py:3834} INFO - Setting next_dagrun for example_python_operator to None, run_after=None
[2024-12-25T14:28:43.321+0000] {processor.py:183} INFO - Processing /home/airflow/.local/lib/python3.10/site-packages/airflow/example_dags/example_python_operator.py took 0.177 seconds
[2024-12-25T14:29:13.553+0000] {processor.py:161} INFO - Started process (PID=8408) to work on /home/airflow/.local/lib/python3.10/site-packages/airflow/example_dags/example_python_operator.py
[2024-12-25T14:29:13.555+0000] {processor.py:830} INFO - Processing file /home/airflow/.local/lib/python3.10/site-packages/airflow/example_dags/example_python_operator.py for tasks to queue
[2024-12-25T14:29:13.557+0000] {logging_mixin.py:188} INFO - [2024-12-25T14:29:13.557+0000] {dagbag.py:540} INFO - Filling up the DagBag from /home/airflow/.local/lib/python3.10/site-packages/airflow/example_dags/example_python_operator.py
[2024-12-25T14:29:13.578+0000] {processor.py:840} INFO - DAG(s) 'example_python_operator' retrieved from /home/airflow/.local/lib/python3.10/site-packages/airflow/example_dags/example_python_operator.py
[2024-12-25T14:29:13.624+0000] {logging_mixin.py:188} INFO - [2024-12-25T14:29:13.623+0000] {dag.py:3047} INFO - Sync 1 DAGs
[2024-12-25T14:29:13.648+0000] {logging_mixin.py:188} INFO - [2024-12-25T14:29:13.647+0000] {dag.py:3834} INFO - Setting next_dagrun for example_python_operator to None, run_after=None
[2024-12-25T14:29:13.688+0000] {processor.py:183} INFO - Processing /home/airflow/.local/lib/python3.10/site-packages/airflow/example_dags/example_python_operator.py took 0.141 seconds
[2024-12-25T14:29:44.819+0000] {processor.py:161} INFO - Started process (PID=8463) to work on /home/airflow/.local/lib/python3.10/site-packages/airflow/example_dags/example_python_operator.py
[2024-12-25T14:29:44.838+0000] {processor.py:830} INFO - Processing file /home/airflow/.local/lib/python3.10/site-packages/airflow/example_dags/example_python_operator.py for tasks to queue
[2024-12-25T14:29:44.841+0000] {logging_mixin.py:188} INFO - [2024-12-25T14:29:44.840+0000] {dagbag.py:540} INFO - Filling up the DagBag from /home/airflow/.local/lib/python3.10/site-packages/airflow/example_dags/example_python_operator.py
[2024-12-25T14:29:44.884+0000] {processor.py:840} INFO - DAG(s) 'example_python_operator' retrieved from /home/airflow/.local/lib/python3.10/site-packages/airflow/example_dags/example_python_operator.py
[2024-12-25T14:29:44.944+0000] {logging_mixin.py:188} INFO - [2024-12-25T14:29:44.944+0000] {dag.py:3047} INFO - Sync 1 DAGs
[2024-12-25T14:29:44.987+0000] {logging_mixin.py:188} INFO - [2024-12-25T14:29:44.985+0000] {dag.py:3834} INFO - Setting next_dagrun for example_python_operator to None, run_after=None
[2024-12-25T14:29:45.049+0000] {processor.py:183} INFO - Processing /home/airflow/.local/lib/python3.10/site-packages/airflow/example_dags/example_python_operator.py took 0.244 seconds
[2024-12-25T14:30:16.850+0000] {processor.py:161} INFO - Started process (PID=8518) to work on /home/airflow/.local/lib/python3.10/site-packages/airflow/example_dags/example_python_operator.py
[2024-12-25T14:30:16.865+0000] {processor.py:830} INFO - Processing file /home/airflow/.local/lib/python3.10/site-packages/airflow/example_dags/example_python_operator.py for tasks to queue
[2024-12-25T14:30:16.868+0000] {logging_mixin.py:188} INFO - [2024-12-25T14:30:16.867+0000] {dagbag.py:540} INFO - Filling up the DagBag from /home/airflow/.local/lib/python3.10/site-packages/airflow/example_dags/example_python_operator.py
[2024-12-25T14:30:16.960+0000] {processor.py:840} INFO - DAG(s) 'example_python_operator' retrieved from /home/airflow/.local/lib/python3.10/site-packages/airflow/example_dags/example_python_operator.py
[2024-12-25T14:30:17.103+0000] {logging_mixin.py:188} INFO - [2024-12-25T14:30:17.091+0000] {dag.py:3047} INFO - Sync 1 DAGs
[2024-12-25T14:30:17.199+0000] {logging_mixin.py:188} INFO - [2024-12-25T14:30:17.198+0000] {dag.py:3834} INFO - Setting next_dagrun for example_python_operator to None, run_after=None
[2024-12-25T14:30:17.311+0000] {processor.py:183} INFO - Processing /home/airflow/.local/lib/python3.10/site-packages/airflow/example_dags/example_python_operator.py took 0.486 seconds
[2024-12-25T14:30:47.820+0000] {processor.py:161} INFO - Started process (PID=8574) to work on /home/airflow/.local/lib/python3.10/site-packages/airflow/example_dags/example_python_operator.py
[2024-12-25T14:30:47.824+0000] {processor.py:830} INFO - Processing file /home/airflow/.local/lib/python3.10/site-packages/airflow/example_dags/example_python_operator.py for tasks to queue
[2024-12-25T14:30:47.826+0000] {logging_mixin.py:188} INFO - [2024-12-25T14:30:47.825+0000] {dagbag.py:540} INFO - Filling up the DagBag from /home/airflow/.local/lib/python3.10/site-packages/airflow/example_dags/example_python_operator.py
[2024-12-25T14:30:47.847+0000] {processor.py:840} INFO - DAG(s) 'example_python_operator' retrieved from /home/airflow/.local/lib/python3.10/site-packages/airflow/example_dags/example_python_operator.py
[2024-12-25T14:30:47.901+0000] {logging_mixin.py:188} INFO - [2024-12-25T14:30:47.901+0000] {dag.py:3047} INFO - Sync 1 DAGs
[2024-12-25T14:30:47.927+0000] {logging_mixin.py:188} INFO - [2024-12-25T14:30:47.927+0000] {dag.py:3834} INFO - Setting next_dagrun for example_python_operator to None, run_after=None
[2024-12-25T14:30:47.965+0000] {processor.py:183} INFO - Processing /home/airflow/.local/lib/python3.10/site-packages/airflow/example_dags/example_python_operator.py took 0.151 seconds
[2024-12-25T14:31:18.286+0000] {processor.py:161} INFO - Started process (PID=8627) to work on /home/airflow/.local/lib/python3.10/site-packages/airflow/example_dags/example_python_operator.py
[2024-12-25T14:31:18.289+0000] {processor.py:830} INFO - Processing file /home/airflow/.local/lib/python3.10/site-packages/airflow/example_dags/example_python_operator.py for tasks to queue
[2024-12-25T14:31:18.290+0000] {logging_mixin.py:188} INFO - [2024-12-25T14:31:18.290+0000] {dagbag.py:540} INFO - Filling up the DagBag from /home/airflow/.local/lib/python3.10/site-packages/airflow/example_dags/example_python_operator.py
[2024-12-25T14:31:18.304+0000] {processor.py:840} INFO - DAG(s) 'example_python_operator' retrieved from /home/airflow/.local/lib/python3.10/site-packages/airflow/example_dags/example_python_operator.py
[2024-12-25T14:31:18.329+0000] {logging_mixin.py:188} INFO - [2024-12-25T14:31:18.329+0000] {dag.py:3047} INFO - Sync 1 DAGs
[2024-12-25T14:31:18.345+0000] {logging_mixin.py:188} INFO - [2024-12-25T14:31:18.345+0000] {dag.py:3834} INFO - Setting next_dagrun for example_python_operator to None, run_after=None
[2024-12-25T14:31:18.368+0000] {processor.py:183} INFO - Processing /home/airflow/.local/lib/python3.10/site-packages/airflow/example_dags/example_python_operator.py took 0.087 seconds
[2024-12-25T14:31:48.738+0000] {processor.py:161} INFO - Started process (PID=8683) to work on /home/airflow/.local/lib/python3.10/site-packages/airflow/example_dags/example_python_operator.py
[2024-12-25T14:31:48.741+0000] {processor.py:830} INFO - Processing file /home/airflow/.local/lib/python3.10/site-packages/airflow/example_dags/example_python_operator.py for tasks to queue
[2024-12-25T14:31:48.742+0000] {logging_mixin.py:188} INFO - [2024-12-25T14:31:48.742+0000] {dagbag.py:540} INFO - Filling up the DagBag from /home/airflow/.local/lib/python3.10/site-packages/airflow/example_dags/example_python_operator.py
[2024-12-25T14:31:48.755+0000] {processor.py:840} INFO - DAG(s) 'example_python_operator' retrieved from /home/airflow/.local/lib/python3.10/site-packages/airflow/example_dags/example_python_operator.py
[2024-12-25T14:31:48.788+0000] {logging_mixin.py:188} INFO - [2024-12-25T14:31:48.787+0000] {dag.py:3047} INFO - Sync 1 DAGs
[2024-12-25T14:31:48.805+0000] {logging_mixin.py:188} INFO - [2024-12-25T14:31:48.805+0000] {dag.py:3834} INFO - Setting next_dagrun for example_python_operator to None, run_after=None
[2024-12-25T14:31:48.829+0000] {processor.py:183} INFO - Processing /home/airflow/.local/lib/python3.10/site-packages/airflow/example_dags/example_python_operator.py took 0.097 seconds
[2024-12-25T14:32:19.610+0000] {processor.py:161} INFO - Started process (PID=8739) to work on /home/airflow/.local/lib/python3.10/site-packages/airflow/example_dags/example_python_operator.py
[2024-12-25T14:32:19.613+0000] {processor.py:830} INFO - Processing file /home/airflow/.local/lib/python3.10/site-packages/airflow/example_dags/example_python_operator.py for tasks to queue
[2024-12-25T14:32:19.614+0000] {logging_mixin.py:188} INFO - [2024-12-25T14:32:19.614+0000] {dagbag.py:540} INFO - Filling up the DagBag from /home/airflow/.local/lib/python3.10/site-packages/airflow/example_dags/example_python_operator.py
[2024-12-25T14:32:19.628+0000] {processor.py:840} INFO - DAG(s) 'example_python_operator' retrieved from /home/airflow/.local/lib/python3.10/site-packages/airflow/example_dags/example_python_operator.py
[2024-12-25T14:32:19.659+0000] {logging_mixin.py:188} INFO - [2024-12-25T14:32:19.659+0000] {dag.py:3047} INFO - Sync 1 DAGs
[2024-12-25T14:32:19.819+0000] {logging_mixin.py:188} INFO - [2024-12-25T14:32:19.819+0000] {dag.py:3834} INFO - Setting next_dagrun for example_python_operator to None, run_after=None
[2024-12-25T14:32:19.846+0000] {processor.py:183} INFO - Processing /home/airflow/.local/lib/python3.10/site-packages/airflow/example_dags/example_python_operator.py took 0.239 seconds
[2024-12-25T14:32:50.273+0000] {processor.py:161} INFO - Started process (PID=8794) to work on /home/airflow/.local/lib/python3.10/site-packages/airflow/example_dags/example_python_operator.py
[2024-12-25T14:32:50.277+0000] {processor.py:830} INFO - Processing file /home/airflow/.local/lib/python3.10/site-packages/airflow/example_dags/example_python_operator.py for tasks to queue
[2024-12-25T14:32:50.278+0000] {logging_mixin.py:188} INFO - [2024-12-25T14:32:50.278+0000] {dagbag.py:540} INFO - Filling up the DagBag from /home/airflow/.local/lib/python3.10/site-packages/airflow/example_dags/example_python_operator.py
[2024-12-25T14:32:50.299+0000] {processor.py:840} INFO - DAG(s) 'example_python_operator' retrieved from /home/airflow/.local/lib/python3.10/site-packages/airflow/example_dags/example_python_operator.py
[2024-12-25T14:32:50.337+0000] {logging_mixin.py:188} INFO - [2024-12-25T14:32:50.337+0000] {dag.py:3047} INFO - Sync 1 DAGs
[2024-12-25T14:32:50.356+0000] {logging_mixin.py:188} INFO - [2024-12-25T14:32:50.356+0000] {dag.py:3834} INFO - Setting next_dagrun for example_python_operator to None, run_after=None
[2024-12-25T14:32:50.397+0000] {processor.py:183} INFO - Processing /home/airflow/.local/lib/python3.10/site-packages/airflow/example_dags/example_python_operator.py took 0.131 seconds
[2024-12-25T14:33:20.978+0000] {processor.py:161} INFO - Started process (PID=8850) to work on /home/airflow/.local/lib/python3.10/site-packages/airflow/example_dags/example_python_operator.py
[2024-12-25T14:33:20.980+0000] {processor.py:830} INFO - Processing file /home/airflow/.local/lib/python3.10/site-packages/airflow/example_dags/example_python_operator.py for tasks to queue
[2024-12-25T14:33:20.984+0000] {logging_mixin.py:188} INFO - [2024-12-25T14:33:20.984+0000] {dagbag.py:540} INFO - Filling up the DagBag from /home/airflow/.local/lib/python3.10/site-packages/airflow/example_dags/example_python_operator.py
[2024-12-25T14:33:21.006+0000] {processor.py:840} INFO - DAG(s) 'example_python_operator' retrieved from /home/airflow/.local/lib/python3.10/site-packages/airflow/example_dags/example_python_operator.py
[2024-12-25T14:33:21.055+0000] {logging_mixin.py:188} INFO - [2024-12-25T14:33:21.054+0000] {dag.py:3047} INFO - Sync 1 DAGs
[2024-12-25T14:33:21.076+0000] {logging_mixin.py:188} INFO - [2024-12-25T14:33:21.076+0000] {dag.py:3834} INFO - Setting next_dagrun for example_python_operator to None, run_after=None
[2024-12-25T14:33:21.104+0000] {processor.py:183} INFO - Processing /home/airflow/.local/lib/python3.10/site-packages/airflow/example_dags/example_python_operator.py took 0.130 seconds
[2024-12-25T14:33:51.661+0000] {processor.py:161} INFO - Started process (PID=8905) to work on /home/airflow/.local/lib/python3.10/site-packages/airflow/example_dags/example_python_operator.py
[2024-12-25T14:33:51.663+0000] {processor.py:830} INFO - Processing file /home/airflow/.local/lib/python3.10/site-packages/airflow/example_dags/example_python_operator.py for tasks to queue
[2024-12-25T14:33:51.667+0000] {logging_mixin.py:188} INFO - [2024-12-25T14:33:51.667+0000] {dagbag.py:540} INFO - Filling up the DagBag from /home/airflow/.local/lib/python3.10/site-packages/airflow/example_dags/example_python_operator.py
[2024-12-25T14:33:51.691+0000] {processor.py:840} INFO - DAG(s) 'example_python_operator' retrieved from /home/airflow/.local/lib/python3.10/site-packages/airflow/example_dags/example_python_operator.py
[2024-12-25T14:33:51.971+0000] {logging_mixin.py:188} INFO - [2024-12-25T14:33:51.970+0000] {dag.py:3047} INFO - Sync 1 DAGs
[2024-12-25T14:33:51.989+0000] {logging_mixin.py:188} INFO - [2024-12-25T14:33:51.989+0000] {dag.py:3834} INFO - Setting next_dagrun for example_python_operator to None, run_after=None
[2024-12-25T14:33:52.027+0000] {processor.py:183} INFO - Processing /home/airflow/.local/lib/python3.10/site-packages/airflow/example_dags/example_python_operator.py took 0.374 seconds
[2024-12-25T14:34:22.981+0000] {processor.py:161} INFO - Started process (PID=8960) to work on /home/airflow/.local/lib/python3.10/site-packages/airflow/example_dags/example_python_operator.py
[2024-12-25T14:34:22.984+0000] {processor.py:830} INFO - Processing file /home/airflow/.local/lib/python3.10/site-packages/airflow/example_dags/example_python_operator.py for tasks to queue
[2024-12-25T14:34:22.986+0000] {logging_mixin.py:188} INFO - [2024-12-25T14:34:22.985+0000] {dagbag.py:540} INFO - Filling up the DagBag from /home/airflow/.local/lib/python3.10/site-packages/airflow/example_dags/example_python_operator.py
[2024-12-25T14:34:23.008+0000] {processor.py:840} INFO - DAG(s) 'example_python_operator' retrieved from /home/airflow/.local/lib/python3.10/site-packages/airflow/example_dags/example_python_operator.py
[2024-12-25T14:34:23.055+0000] {logging_mixin.py:188} INFO - [2024-12-25T14:34:23.054+0000] {dag.py:3047} INFO - Sync 1 DAGs
[2024-12-25T14:34:23.070+0000] {logging_mixin.py:188} INFO - [2024-12-25T14:34:23.070+0000] {dag.py:3834} INFO - Setting next_dagrun for example_python_operator to None, run_after=None
[2024-12-25T14:34:23.107+0000] {processor.py:183} INFO - Processing /home/airflow/.local/lib/python3.10/site-packages/airflow/example_dags/example_python_operator.py took 0.131 seconds
[2024-12-25T14:34:53.714+0000] {processor.py:161} INFO - Started process (PID=9016) to work on /home/airflow/.local/lib/python3.10/site-packages/airflow/example_dags/example_python_operator.py
[2024-12-25T14:34:53.716+0000] {processor.py:830} INFO - Processing file /home/airflow/.local/lib/python3.10/site-packages/airflow/example_dags/example_python_operator.py for tasks to queue
[2024-12-25T14:34:53.717+0000] {logging_mixin.py:188} INFO - [2024-12-25T14:34:53.717+0000] {dagbag.py:540} INFO - Filling up the DagBag from /home/airflow/.local/lib/python3.10/site-packages/airflow/example_dags/example_python_operator.py
[2024-12-25T14:34:53.736+0000] {processor.py:840} INFO - DAG(s) 'example_python_operator' retrieved from /home/airflow/.local/lib/python3.10/site-packages/airflow/example_dags/example_python_operator.py
[2024-12-25T14:34:53.787+0000] {logging_mixin.py:188} INFO - [2024-12-25T14:34:53.787+0000] {dag.py:3047} INFO - Sync 1 DAGs
[2024-12-25T14:34:53.826+0000] {logging_mixin.py:188} INFO - [2024-12-25T14:34:53.825+0000] {dag.py:3834} INFO - Setting next_dagrun for example_python_operator to None, run_after=None
[2024-12-25T14:34:53.881+0000] {processor.py:183} INFO - Processing /home/airflow/.local/lib/python3.10/site-packages/airflow/example_dags/example_python_operator.py took 0.173 seconds
[2024-12-25T14:35:24.097+0000] {processor.py:161} INFO - Started process (PID=9071) to work on /home/airflow/.local/lib/python3.10/site-packages/airflow/example_dags/example_python_operator.py
[2024-12-25T14:35:24.100+0000] {processor.py:830} INFO - Processing file /home/airflow/.local/lib/python3.10/site-packages/airflow/example_dags/example_python_operator.py for tasks to queue
[2024-12-25T14:35:24.101+0000] {logging_mixin.py:188} INFO - [2024-12-25T14:35:24.101+0000] {dagbag.py:540} INFO - Filling up the DagBag from /home/airflow/.local/lib/python3.10/site-packages/airflow/example_dags/example_python_operator.py
[2024-12-25T14:35:24.116+0000] {processor.py:840} INFO - DAG(s) 'example_python_operator' retrieved from /home/airflow/.local/lib/python3.10/site-packages/airflow/example_dags/example_python_operator.py
[2024-12-25T14:35:24.146+0000] {logging_mixin.py:188} INFO - [2024-12-25T14:35:24.146+0000] {dag.py:3047} INFO - Sync 1 DAGs
[2024-12-25T14:35:24.161+0000] {logging_mixin.py:188} INFO - [2024-12-25T14:35:24.161+0000] {dag.py:3834} INFO - Setting next_dagrun for example_python_operator to None, run_after=None
[2024-12-25T14:35:24.201+0000] {processor.py:183} INFO - Processing /home/airflow/.local/lib/python3.10/site-packages/airflow/example_dags/example_python_operator.py took 0.111 seconds
[2024-12-25T14:35:55.029+0000] {processor.py:161} INFO - Started process (PID=9126) to work on /home/airflow/.local/lib/python3.10/site-packages/airflow/example_dags/example_python_operator.py
[2024-12-25T14:35:55.031+0000] {processor.py:830} INFO - Processing file /home/airflow/.local/lib/python3.10/site-packages/airflow/example_dags/example_python_operator.py for tasks to queue
[2024-12-25T14:35:55.034+0000] {logging_mixin.py:188} INFO - [2024-12-25T14:35:55.031+0000] {dagbag.py:540} INFO - Filling up the DagBag from /home/airflow/.local/lib/python3.10/site-packages/airflow/example_dags/example_python_operator.py
[2024-12-25T14:35:55.049+0000] {processor.py:840} INFO - DAG(s) 'example_python_operator' retrieved from /home/airflow/.local/lib/python3.10/site-packages/airflow/example_dags/example_python_operator.py
[2024-12-25T14:35:55.097+0000] {logging_mixin.py:188} INFO - [2024-12-25T14:35:55.096+0000] {dag.py:3047} INFO - Sync 1 DAGs
[2024-12-25T14:35:55.119+0000] {logging_mixin.py:188} INFO - [2024-12-25T14:35:55.118+0000] {dag.py:3834} INFO - Setting next_dagrun for example_python_operator to None, run_after=None
[2024-12-25T14:35:55.160+0000] {processor.py:183} INFO - Processing /home/airflow/.local/lib/python3.10/site-packages/airflow/example_dags/example_python_operator.py took 0.134 seconds
[2024-12-25T14:36:25.326+0000] {processor.py:161} INFO - Started process (PID=9182) to work on /home/airflow/.local/lib/python3.10/site-packages/airflow/example_dags/example_python_operator.py
[2024-12-25T14:36:25.328+0000] {processor.py:830} INFO - Processing file /home/airflow/.local/lib/python3.10/site-packages/airflow/example_dags/example_python_operator.py for tasks to queue
[2024-12-25T14:36:25.337+0000] {logging_mixin.py:188} INFO - [2024-12-25T14:36:25.335+0000] {dagbag.py:540} INFO - Filling up the DagBag from /home/airflow/.local/lib/python3.10/site-packages/airflow/example_dags/example_python_operator.py
[2024-12-25T14:36:25.375+0000] {processor.py:840} INFO - DAG(s) 'example_python_operator' retrieved from /home/airflow/.local/lib/python3.10/site-packages/airflow/example_dags/example_python_operator.py
[2024-12-25T14:36:25.497+0000] {logging_mixin.py:188} INFO - [2024-12-25T14:36:25.497+0000] {dag.py:3047} INFO - Sync 1 DAGs
[2024-12-25T14:36:25.564+0000] {logging_mixin.py:188} INFO - [2024-12-25T14:36:25.563+0000] {dag.py:3834} INFO - Setting next_dagrun for example_python_operator to None, run_after=None
[2024-12-25T14:36:25.615+0000] {processor.py:183} INFO - Processing /home/airflow/.local/lib/python3.10/site-packages/airflow/example_dags/example_python_operator.py took 0.298 seconds
[2024-12-25T14:36:56.403+0000] {processor.py:161} INFO - Started process (PID=9238) to work on /home/airflow/.local/lib/python3.10/site-packages/airflow/example_dags/example_python_operator.py
[2024-12-25T14:36:56.407+0000] {processor.py:830} INFO - Processing file /home/airflow/.local/lib/python3.10/site-packages/airflow/example_dags/example_python_operator.py for tasks to queue
[2024-12-25T14:36:56.409+0000] {logging_mixin.py:188} INFO - [2024-12-25T14:36:56.408+0000] {dagbag.py:540} INFO - Filling up the DagBag from /home/airflow/.local/lib/python3.10/site-packages/airflow/example_dags/example_python_operator.py
[2024-12-25T14:36:56.437+0000] {processor.py:840} INFO - DAG(s) 'example_python_operator' retrieved from /home/airflow/.local/lib/python3.10/site-packages/airflow/example_dags/example_python_operator.py
[2024-12-25T14:36:56.510+0000] {logging_mixin.py:188} INFO - [2024-12-25T14:36:56.510+0000] {dag.py:3047} INFO - Sync 1 DAGs
[2024-12-25T14:36:56.567+0000] {logging_mixin.py:188} INFO - [2024-12-25T14:36:56.567+0000] {dag.py:3834} INFO - Setting next_dagrun for example_python_operator to None, run_after=None
[2024-12-25T14:36:56.639+0000] {processor.py:183} INFO - Processing /home/airflow/.local/lib/python3.10/site-packages/airflow/example_dags/example_python_operator.py took 0.248 seconds
[2024-12-25T14:37:27.181+0000] {processor.py:161} INFO - Started process (PID=9295) to work on /home/airflow/.local/lib/python3.10/site-packages/airflow/example_dags/example_python_operator.py
[2024-12-25T14:37:27.185+0000] {processor.py:830} INFO - Processing file /home/airflow/.local/lib/python3.10/site-packages/airflow/example_dags/example_python_operator.py for tasks to queue
[2024-12-25T14:37:27.186+0000] {logging_mixin.py:188} INFO - [2024-12-25T14:37:27.186+0000] {dagbag.py:540} INFO - Filling up the DagBag from /home/airflow/.local/lib/python3.10/site-packages/airflow/example_dags/example_python_operator.py
[2024-12-25T14:37:27.198+0000] {processor.py:840} INFO - DAG(s) 'example_python_operator' retrieved from /home/airflow/.local/lib/python3.10/site-packages/airflow/example_dags/example_python_operator.py
[2024-12-25T14:37:27.234+0000] {logging_mixin.py:188} INFO - [2024-12-25T14:37:27.234+0000] {dag.py:3047} INFO - Sync 1 DAGs
[2024-12-25T14:37:27.249+0000] {logging_mixin.py:188} INFO - [2024-12-25T14:37:27.248+0000] {dag.py:3834} INFO - Setting next_dagrun for example_python_operator to None, run_after=None
[2024-12-25T14:37:27.284+0000] {processor.py:183} INFO - Processing /home/airflow/.local/lib/python3.10/site-packages/airflow/example_dags/example_python_operator.py took 0.107 seconds
[2024-12-25T14:37:57.786+0000] {processor.py:161} INFO - Started process (PID=9350) to work on /home/airflow/.local/lib/python3.10/site-packages/airflow/example_dags/example_python_operator.py
[2024-12-25T14:37:57.787+0000] {processor.py:830} INFO - Processing file /home/airflow/.local/lib/python3.10/site-packages/airflow/example_dags/example_python_operator.py for tasks to queue
[2024-12-25T14:37:57.789+0000] {logging_mixin.py:188} INFO - [2024-12-25T14:37:57.788+0000] {dagbag.py:540} INFO - Filling up the DagBag from /home/airflow/.local/lib/python3.10/site-packages/airflow/example_dags/example_python_operator.py
[2024-12-25T14:37:57.802+0000] {processor.py:840} INFO - DAG(s) 'example_python_operator' retrieved from /home/airflow/.local/lib/python3.10/site-packages/airflow/example_dags/example_python_operator.py
[2024-12-25T14:37:57.842+0000] {logging_mixin.py:188} INFO - [2024-12-25T14:37:57.841+0000] {dag.py:3047} INFO - Sync 1 DAGs
[2024-12-25T14:37:57.866+0000] {logging_mixin.py:188} INFO - [2024-12-25T14:37:57.866+0000] {dag.py:3834} INFO - Setting next_dagrun for example_python_operator to None, run_after=None
[2024-12-25T14:37:57.899+0000] {processor.py:183} INFO - Processing /home/airflow/.local/lib/python3.10/site-packages/airflow/example_dags/example_python_operator.py took 0.119 seconds
[2024-12-25T14:38:28.339+0000] {processor.py:161} INFO - Started process (PID=9405) to work on /home/airflow/.local/lib/python3.10/site-packages/airflow/example_dags/example_python_operator.py
[2024-12-25T14:38:28.341+0000] {processor.py:830} INFO - Processing file /home/airflow/.local/lib/python3.10/site-packages/airflow/example_dags/example_python_operator.py for tasks to queue
[2024-12-25T14:38:28.345+0000] {logging_mixin.py:188} INFO - [2024-12-25T14:38:28.342+0000] {dagbag.py:540} INFO - Filling up the DagBag from /home/airflow/.local/lib/python3.10/site-packages/airflow/example_dags/example_python_operator.py
[2024-12-25T14:38:28.360+0000] {processor.py:840} INFO - DAG(s) 'example_python_operator' retrieved from /home/airflow/.local/lib/python3.10/site-packages/airflow/example_dags/example_python_operator.py
[2024-12-25T14:38:28.410+0000] {logging_mixin.py:188} INFO - [2024-12-25T14:38:28.410+0000] {dag.py:3047} INFO - Sync 1 DAGs
[2024-12-25T14:38:28.429+0000] {logging_mixin.py:188} INFO - [2024-12-25T14:38:28.428+0000] {dag.py:3834} INFO - Setting next_dagrun for example_python_operator to None, run_after=None
[2024-12-25T14:38:28.467+0000] {processor.py:183} INFO - Processing /home/airflow/.local/lib/python3.10/site-packages/airflow/example_dags/example_python_operator.py took 0.136 seconds
[2024-12-25T14:38:58.960+0000] {processor.py:161} INFO - Started process (PID=9460) to work on /home/airflow/.local/lib/python3.10/site-packages/airflow/example_dags/example_python_operator.py
[2024-12-25T14:38:58.965+0000] {processor.py:830} INFO - Processing file /home/airflow/.local/lib/python3.10/site-packages/airflow/example_dags/example_python_operator.py for tasks to queue
[2024-12-25T14:38:58.966+0000] {logging_mixin.py:188} INFO - [2024-12-25T14:38:58.966+0000] {dagbag.py:540} INFO - Filling up the DagBag from /home/airflow/.local/lib/python3.10/site-packages/airflow/example_dags/example_python_operator.py
[2024-12-25T14:38:58.995+0000] {processor.py:840} INFO - DAG(s) 'example_python_operator' retrieved from /home/airflow/.local/lib/python3.10/site-packages/airflow/example_dags/example_python_operator.py
[2024-12-25T14:38:59.045+0000] {logging_mixin.py:188} INFO - [2024-12-25T14:38:59.044+0000] {dag.py:3047} INFO - Sync 1 DAGs
[2024-12-25T14:38:59.070+0000] {logging_mixin.py:188} INFO - [2024-12-25T14:38:59.070+0000] {dag.py:3834} INFO - Setting next_dagrun for example_python_operator to None, run_after=None
[2024-12-25T14:38:59.125+0000] {processor.py:183} INFO - Processing /home/airflow/.local/lib/python3.10/site-packages/airflow/example_dags/example_python_operator.py took 0.169 seconds
[2024-12-25T14:39:29.231+0000] {processor.py:161} INFO - Started process (PID=9516) to work on /home/airflow/.local/lib/python3.10/site-packages/airflow/example_dags/example_python_operator.py
[2024-12-25T14:39:29.236+0000] {processor.py:830} INFO - Processing file /home/airflow/.local/lib/python3.10/site-packages/airflow/example_dags/example_python_operator.py for tasks to queue
[2024-12-25T14:39:29.237+0000] {logging_mixin.py:188} INFO - [2024-12-25T14:39:29.237+0000] {dagbag.py:540} INFO - Filling up the DagBag from /home/airflow/.local/lib/python3.10/site-packages/airflow/example_dags/example_python_operator.py
[2024-12-25T14:39:29.258+0000] {processor.py:840} INFO - DAG(s) 'example_python_operator' retrieved from /home/airflow/.local/lib/python3.10/site-packages/airflow/example_dags/example_python_operator.py
[2024-12-25T14:39:29.320+0000] {logging_mixin.py:188} INFO - [2024-12-25T14:39:29.319+0000] {dag.py:3047} INFO - Sync 1 DAGs
[2024-12-25T14:39:29.347+0000] {logging_mixin.py:188} INFO - [2024-12-25T14:39:29.347+0000] {dag.py:3834} INFO - Setting next_dagrun for example_python_operator to None, run_after=None
[2024-12-25T14:39:29.396+0000] {processor.py:183} INFO - Processing /home/airflow/.local/lib/python3.10/site-packages/airflow/example_dags/example_python_operator.py took 0.169 seconds
[2024-12-25T14:39:59.650+0000] {processor.py:161} INFO - Started process (PID=9572) to work on /home/airflow/.local/lib/python3.10/site-packages/airflow/example_dags/example_python_operator.py
[2024-12-25T14:39:59.654+0000] {processor.py:830} INFO - Processing file /home/airflow/.local/lib/python3.10/site-packages/airflow/example_dags/example_python_operator.py for tasks to queue
[2024-12-25T14:39:59.655+0000] {logging_mixin.py:188} INFO - [2024-12-25T14:39:59.655+0000] {dagbag.py:540} INFO - Filling up the DagBag from /home/airflow/.local/lib/python3.10/site-packages/airflow/example_dags/example_python_operator.py
[2024-12-25T14:39:59.668+0000] {processor.py:840} INFO - DAG(s) 'example_python_operator' retrieved from /home/airflow/.local/lib/python3.10/site-packages/airflow/example_dags/example_python_operator.py
[2024-12-25T14:39:59.709+0000] {logging_mixin.py:188} INFO - [2024-12-25T14:39:59.709+0000] {dag.py:3047} INFO - Sync 1 DAGs
[2024-12-25T14:39:59.726+0000] {logging_mixin.py:188} INFO - [2024-12-25T14:39:59.726+0000] {dag.py:3834} INFO - Setting next_dagrun for example_python_operator to None, run_after=None
[2024-12-25T14:39:59.758+0000] {processor.py:183} INFO - Processing /home/airflow/.local/lib/python3.10/site-packages/airflow/example_dags/example_python_operator.py took 0.111 seconds
[2024-12-25T14:40:30.056+0000] {processor.py:161} INFO - Started process (PID=9628) to work on /home/airflow/.local/lib/python3.10/site-packages/airflow/example_dags/example_python_operator.py
[2024-12-25T14:40:30.057+0000] {processor.py:830} INFO - Processing file /home/airflow/.local/lib/python3.10/site-packages/airflow/example_dags/example_python_operator.py for tasks to queue
[2024-12-25T14:40:30.058+0000] {logging_mixin.py:188} INFO - [2024-12-25T14:40:30.058+0000] {dagbag.py:540} INFO - Filling up the DagBag from /home/airflow/.local/lib/python3.10/site-packages/airflow/example_dags/example_python_operator.py
[2024-12-25T14:40:30.087+0000] {processor.py:840} INFO - DAG(s) 'example_python_operator' retrieved from /home/airflow/.local/lib/python3.10/site-packages/airflow/example_dags/example_python_operator.py
[2024-12-25T14:40:30.158+0000] {logging_mixin.py:188} INFO - [2024-12-25T14:40:30.158+0000] {dag.py:3047} INFO - Sync 1 DAGs
[2024-12-25T14:40:30.190+0000] {logging_mixin.py:188} INFO - [2024-12-25T14:40:30.190+0000] {dag.py:3834} INFO - Setting next_dagrun for example_python_operator to None, run_after=None
[2024-12-25T14:40:30.259+0000] {processor.py:183} INFO - Processing /home/airflow/.local/lib/python3.10/site-packages/airflow/example_dags/example_python_operator.py took 0.211 seconds
[2024-12-25T14:41:00.667+0000] {processor.py:161} INFO - Started process (PID=9684) to work on /home/airflow/.local/lib/python3.10/site-packages/airflow/example_dags/example_python_operator.py
[2024-12-25T14:41:00.676+0000] {processor.py:830} INFO - Processing file /home/airflow/.local/lib/python3.10/site-packages/airflow/example_dags/example_python_operator.py for tasks to queue
[2024-12-25T14:41:00.677+0000] {logging_mixin.py:188} INFO - [2024-12-25T14:41:00.676+0000] {dagbag.py:540} INFO - Filling up the DagBag from /home/airflow/.local/lib/python3.10/site-packages/airflow/example_dags/example_python_operator.py
[2024-12-25T14:41:00.697+0000] {processor.py:840} INFO - DAG(s) 'example_python_operator' retrieved from /home/airflow/.local/lib/python3.10/site-packages/airflow/example_dags/example_python_operator.py
[2024-12-25T14:41:00.741+0000] {logging_mixin.py:188} INFO - [2024-12-25T14:41:00.740+0000] {dag.py:3047} INFO - Sync 1 DAGs
[2024-12-25T14:41:00.766+0000] {logging_mixin.py:188} INFO - [2024-12-25T14:41:00.766+0000] {dag.py:3834} INFO - Setting next_dagrun for example_python_operator to None, run_after=None
[2024-12-25T14:41:00.800+0000] {processor.py:183} INFO - Processing /home/airflow/.local/lib/python3.10/site-packages/airflow/example_dags/example_python_operator.py took 0.141 seconds
[2024-12-25T14:41:31.219+0000] {processor.py:161} INFO - Started process (PID=9740) to work on /home/airflow/.local/lib/python3.10/site-packages/airflow/example_dags/example_python_operator.py
[2024-12-25T14:41:31.224+0000] {processor.py:830} INFO - Processing file /home/airflow/.local/lib/python3.10/site-packages/airflow/example_dags/example_python_operator.py for tasks to queue
[2024-12-25T14:41:31.225+0000] {logging_mixin.py:188} INFO - [2024-12-25T14:41:31.225+0000] {dagbag.py:540} INFO - Filling up the DagBag from /home/airflow/.local/lib/python3.10/site-packages/airflow/example_dags/example_python_operator.py
[2024-12-25T14:41:31.247+0000] {processor.py:840} INFO - DAG(s) 'example_python_operator' retrieved from /home/airflow/.local/lib/python3.10/site-packages/airflow/example_dags/example_python_operator.py
[2024-12-25T14:41:31.285+0000] {logging_mixin.py:188} INFO - [2024-12-25T14:41:31.285+0000] {dag.py:3047} INFO - Sync 1 DAGs
[2024-12-25T14:41:31.308+0000] {logging_mixin.py:188} INFO - [2024-12-25T14:41:31.307+0000] {dag.py:3834} INFO - Setting next_dagrun for example_python_operator to None, run_after=None
[2024-12-25T14:41:31.365+0000] {processor.py:183} INFO - Processing /home/airflow/.local/lib/python3.10/site-packages/airflow/example_dags/example_python_operator.py took 0.156 seconds
[2024-12-25T14:42:01.737+0000] {processor.py:161} INFO - Started process (PID=9795) to work on /home/airflow/.local/lib/python3.10/site-packages/airflow/example_dags/example_python_operator.py
[2024-12-25T14:42:01.745+0000] {processor.py:830} INFO - Processing file /home/airflow/.local/lib/python3.10/site-packages/airflow/example_dags/example_python_operator.py for tasks to queue
[2024-12-25T14:42:01.747+0000] {logging_mixin.py:188} INFO - [2024-12-25T14:42:01.747+0000] {dagbag.py:540} INFO - Filling up the DagBag from /home/airflow/.local/lib/python3.10/site-packages/airflow/example_dags/example_python_operator.py
[2024-12-25T14:42:01.778+0000] {processor.py:840} INFO - DAG(s) 'example_python_operator' retrieved from /home/airflow/.local/lib/python3.10/site-packages/airflow/example_dags/example_python_operator.py
[2024-12-25T14:42:01.835+0000] {logging_mixin.py:188} INFO - [2024-12-25T14:42:01.831+0000] {dag.py:3047} INFO - Sync 1 DAGs
[2024-12-25T14:42:01.861+0000] {logging_mixin.py:188} INFO - [2024-12-25T14:42:01.860+0000] {dag.py:3834} INFO - Setting next_dagrun for example_python_operator to None, run_after=None
[2024-12-25T14:42:01.916+0000] {processor.py:183} INFO - Processing /home/airflow/.local/lib/python3.10/site-packages/airflow/example_dags/example_python_operator.py took 0.190 seconds
[2024-12-25T14:42:32.423+0000] {processor.py:161} INFO - Started process (PID=9851) to work on /home/airflow/.local/lib/python3.10/site-packages/airflow/example_dags/example_python_operator.py
[2024-12-25T14:42:32.424+0000] {processor.py:830} INFO - Processing file /home/airflow/.local/lib/python3.10/site-packages/airflow/example_dags/example_python_operator.py for tasks to queue
[2024-12-25T14:42:32.426+0000] {logging_mixin.py:188} INFO - [2024-12-25T14:42:32.425+0000] {dagbag.py:540} INFO - Filling up the DagBag from /home/airflow/.local/lib/python3.10/site-packages/airflow/example_dags/example_python_operator.py
[2024-12-25T14:42:32.445+0000] {processor.py:840} INFO - DAG(s) 'example_python_operator' retrieved from /home/airflow/.local/lib/python3.10/site-packages/airflow/example_dags/example_python_operator.py
[2024-12-25T14:42:32.497+0000] {logging_mixin.py:188} INFO - [2024-12-25T14:42:32.496+0000] {dag.py:3047} INFO - Sync 1 DAGs
[2024-12-25T14:42:32.519+0000] {logging_mixin.py:188} INFO - [2024-12-25T14:42:32.518+0000] {dag.py:3834} INFO - Setting next_dagrun for example_python_operator to None, run_after=None
[2024-12-25T14:42:32.577+0000] {processor.py:183} INFO - Processing /home/airflow/.local/lib/python3.10/site-packages/airflow/example_dags/example_python_operator.py took 0.161 seconds
[2024-12-25T14:43:03.270+0000] {processor.py:161} INFO - Started process (PID=9907) to work on /home/airflow/.local/lib/python3.10/site-packages/airflow/example_dags/example_python_operator.py
[2024-12-25T14:43:03.276+0000] {processor.py:830} INFO - Processing file /home/airflow/.local/lib/python3.10/site-packages/airflow/example_dags/example_python_operator.py for tasks to queue
[2024-12-25T14:43:03.280+0000] {logging_mixin.py:188} INFO - [2024-12-25T14:43:03.279+0000] {dagbag.py:540} INFO - Filling up the DagBag from /home/airflow/.local/lib/python3.10/site-packages/airflow/example_dags/example_python_operator.py
[2024-12-25T14:43:03.326+0000] {processor.py:840} INFO - DAG(s) 'example_python_operator' retrieved from /home/airflow/.local/lib/python3.10/site-packages/airflow/example_dags/example_python_operator.py
[2024-12-25T14:43:03.507+0000] {logging_mixin.py:188} INFO - [2024-12-25T14:43:03.506+0000] {dag.py:3047} INFO - Sync 1 DAGs
[2024-12-25T14:43:03.590+0000] {logging_mixin.py:188} INFO - [2024-12-25T14:43:03.590+0000] {dag.py:3834} INFO - Setting next_dagrun for example_python_operator to None, run_after=None
[2024-12-25T14:43:03.668+0000] {processor.py:183} INFO - Processing /home/airflow/.local/lib/python3.10/site-packages/airflow/example_dags/example_python_operator.py took 0.408 seconds
[2024-12-25T14:43:33.773+0000] {processor.py:161} INFO - Started process (PID=9964) to work on /home/airflow/.local/lib/python3.10/site-packages/airflow/example_dags/example_python_operator.py
[2024-12-25T14:43:33.779+0000] {processor.py:830} INFO - Processing file /home/airflow/.local/lib/python3.10/site-packages/airflow/example_dags/example_python_operator.py for tasks to queue
[2024-12-25T14:43:33.781+0000] {logging_mixin.py:188} INFO - [2024-12-25T14:43:33.781+0000] {dagbag.py:540} INFO - Filling up the DagBag from /home/airflow/.local/lib/python3.10/site-packages/airflow/example_dags/example_python_operator.py
[2024-12-25T14:43:33.812+0000] {processor.py:840} INFO - DAG(s) 'example_python_operator' retrieved from /home/airflow/.local/lib/python3.10/site-packages/airflow/example_dags/example_python_operator.py
[2024-12-25T14:43:33.874+0000] {logging_mixin.py:188} INFO - [2024-12-25T14:43:33.874+0000] {dag.py:3047} INFO - Sync 1 DAGs
[2024-12-25T14:43:33.905+0000] {logging_mixin.py:188} INFO - [2024-12-25T14:43:33.904+0000] {dag.py:3834} INFO - Setting next_dagrun for example_python_operator to None, run_after=None
[2024-12-25T14:43:33.964+0000] {processor.py:183} INFO - Processing /home/airflow/.local/lib/python3.10/site-packages/airflow/example_dags/example_python_operator.py took 0.199 seconds
[2024-12-25T14:44:04.256+0000] {processor.py:161} INFO - Started process (PID=10019) to work on /home/airflow/.local/lib/python3.10/site-packages/airflow/example_dags/example_python_operator.py
[2024-12-25T14:44:04.257+0000] {processor.py:830} INFO - Processing file /home/airflow/.local/lib/python3.10/site-packages/airflow/example_dags/example_python_operator.py for tasks to queue
[2024-12-25T14:44:04.258+0000] {logging_mixin.py:188} INFO - [2024-12-25T14:44:04.258+0000] {dagbag.py:540} INFO - Filling up the DagBag from /home/airflow/.local/lib/python3.10/site-packages/airflow/example_dags/example_python_operator.py
[2024-12-25T14:44:04.280+0000] {processor.py:840} INFO - DAG(s) 'example_python_operator' retrieved from /home/airflow/.local/lib/python3.10/site-packages/airflow/example_dags/example_python_operator.py
[2024-12-25T14:44:04.346+0000] {logging_mixin.py:188} INFO - [2024-12-25T14:44:04.345+0000] {dag.py:3047} INFO - Sync 1 DAGs
[2024-12-25T14:44:04.387+0000] {logging_mixin.py:188} INFO - [2024-12-25T14:44:04.387+0000] {dag.py:3834} INFO - Setting next_dagrun for example_python_operator to None, run_after=None
[2024-12-25T14:44:04.429+0000] {processor.py:183} INFO - Processing /home/airflow/.local/lib/python3.10/site-packages/airflow/example_dags/example_python_operator.py took 0.182 seconds
[2024-12-25T14:44:35.046+0000] {processor.py:161} INFO - Started process (PID=10076) to work on /home/airflow/.local/lib/python3.10/site-packages/airflow/example_dags/example_python_operator.py
[2024-12-25T14:44:35.048+0000] {processor.py:830} INFO - Processing file /home/airflow/.local/lib/python3.10/site-packages/airflow/example_dags/example_python_operator.py for tasks to queue
[2024-12-25T14:44:35.057+0000] {logging_mixin.py:188} INFO - [2024-12-25T14:44:35.056+0000] {dagbag.py:540} INFO - Filling up the DagBag from /home/airflow/.local/lib/python3.10/site-packages/airflow/example_dags/example_python_operator.py
[2024-12-25T14:44:35.136+0000] {processor.py:840} INFO - DAG(s) 'example_python_operator' retrieved from /home/airflow/.local/lib/python3.10/site-packages/airflow/example_dags/example_python_operator.py
[2024-12-25T14:44:35.326+0000] {logging_mixin.py:188} INFO - [2024-12-25T14:44:35.325+0000] {dag.py:3047} INFO - Sync 1 DAGs
[2024-12-25T14:44:35.409+0000] {logging_mixin.py:188} INFO - [2024-12-25T14:44:35.409+0000] {dag.py:3834} INFO - Setting next_dagrun for example_python_operator to None, run_after=None
[2024-12-25T14:44:35.556+0000] {processor.py:183} INFO - Processing /home/airflow/.local/lib/python3.10/site-packages/airflow/example_dags/example_python_operator.py took 0.529 seconds
[2024-12-25T14:45:06.495+0000] {processor.py:161} INFO - Started process (PID=10134) to work on /home/airflow/.local/lib/python3.10/site-packages/airflow/example_dags/example_python_operator.py
[2024-12-25T14:45:06.497+0000] {processor.py:830} INFO - Processing file /home/airflow/.local/lib/python3.10/site-packages/airflow/example_dags/example_python_operator.py for tasks to queue
[2024-12-25T14:45:06.499+0000] {logging_mixin.py:188} INFO - [2024-12-25T14:45:06.498+0000] {dagbag.py:540} INFO - Filling up the DagBag from /home/airflow/.local/lib/python3.10/site-packages/airflow/example_dags/example_python_operator.py
[2024-12-25T14:45:06.530+0000] {processor.py:840} INFO - DAG(s) 'example_python_operator' retrieved from /home/airflow/.local/lib/python3.10/site-packages/airflow/example_dags/example_python_operator.py
[2024-12-25T14:45:06.597+0000] {logging_mixin.py:188} INFO - [2024-12-25T14:45:06.597+0000] {dag.py:3047} INFO - Sync 1 DAGs
[2024-12-25T14:45:06.628+0000] {logging_mixin.py:188} INFO - [2024-12-25T14:45:06.628+0000] {dag.py:3834} INFO - Setting next_dagrun for example_python_operator to None, run_after=None
[2024-12-25T14:45:06.687+0000] {processor.py:183} INFO - Processing /home/airflow/.local/lib/python3.10/site-packages/airflow/example_dags/example_python_operator.py took 0.200 seconds
[2024-12-25T14:45:37.191+0000] {processor.py:161} INFO - Started process (PID=10190) to work on /home/airflow/.local/lib/python3.10/site-packages/airflow/example_dags/example_python_operator.py
[2024-12-25T14:45:37.201+0000] {processor.py:830} INFO - Processing file /home/airflow/.local/lib/python3.10/site-packages/airflow/example_dags/example_python_operator.py for tasks to queue
[2024-12-25T14:45:37.207+0000] {logging_mixin.py:188} INFO - [2024-12-25T14:45:37.207+0000] {dagbag.py:540} INFO - Filling up the DagBag from /home/airflow/.local/lib/python3.10/site-packages/airflow/example_dags/example_python_operator.py
[2024-12-25T14:45:37.231+0000] {processor.py:840} INFO - DAG(s) 'example_python_operator' retrieved from /home/airflow/.local/lib/python3.10/site-packages/airflow/example_dags/example_python_operator.py
[2024-12-25T14:45:37.301+0000] {logging_mixin.py:188} INFO - [2024-12-25T14:45:37.301+0000] {dag.py:3047} INFO - Sync 1 DAGs
[2024-12-25T14:45:37.357+0000] {logging_mixin.py:188} INFO - [2024-12-25T14:45:37.356+0000] {dag.py:3834} INFO - Setting next_dagrun for example_python_operator to None, run_after=None
[2024-12-25T14:45:37.420+0000] {processor.py:183} INFO - Processing /home/airflow/.local/lib/python3.10/site-packages/airflow/example_dags/example_python_operator.py took 0.243 seconds
[2024-12-25T14:46:08.087+0000] {processor.py:161} INFO - Started process (PID=10246) to work on /home/airflow/.local/lib/python3.10/site-packages/airflow/example_dags/example_python_operator.py
[2024-12-25T14:46:08.096+0000] {processor.py:830} INFO - Processing file /home/airflow/.local/lib/python3.10/site-packages/airflow/example_dags/example_python_operator.py for tasks to queue
[2024-12-25T14:46:08.098+0000] {logging_mixin.py:188} INFO - [2024-12-25T14:46:08.097+0000] {dagbag.py:540} INFO - Filling up the DagBag from /home/airflow/.local/lib/python3.10/site-packages/airflow/example_dags/example_python_operator.py
[2024-12-25T14:46:08.157+0000] {processor.py:840} INFO - DAG(s) 'example_python_operator' retrieved from /home/airflow/.local/lib/python3.10/site-packages/airflow/example_dags/example_python_operator.py
[2024-12-25T14:46:08.276+0000] {logging_mixin.py:188} INFO - [2024-12-25T14:46:08.276+0000] {dag.py:3047} INFO - Sync 1 DAGs
[2024-12-25T14:46:08.327+0000] {logging_mixin.py:188} INFO - [2024-12-25T14:46:08.327+0000] {dag.py:3834} INFO - Setting next_dagrun for example_python_operator to None, run_after=None
[2024-12-25T14:46:08.475+0000] {processor.py:183} INFO - Processing /home/airflow/.local/lib/python3.10/site-packages/airflow/example_dags/example_python_operator.py took 0.400 seconds
[2024-12-25T14:46:39.487+0000] {processor.py:161} INFO - Started process (PID=10307) to work on /home/airflow/.local/lib/python3.10/site-packages/airflow/example_dags/example_python_operator.py
[2024-12-25T14:46:39.489+0000] {processor.py:830} INFO - Processing file /home/airflow/.local/lib/python3.10/site-packages/airflow/example_dags/example_python_operator.py for tasks to queue
[2024-12-25T14:46:39.491+0000] {logging_mixin.py:188} INFO - [2024-12-25T14:46:39.490+0000] {dagbag.py:540} INFO - Filling up the DagBag from /home/airflow/.local/lib/python3.10/site-packages/airflow/example_dags/example_python_operator.py
[2024-12-25T14:46:39.528+0000] {processor.py:840} INFO - DAG(s) 'example_python_operator' retrieved from /home/airflow/.local/lib/python3.10/site-packages/airflow/example_dags/example_python_operator.py
[2024-12-25T14:46:39.608+0000] {logging_mixin.py:188} INFO - [2024-12-25T14:46:39.608+0000] {dag.py:3047} INFO - Sync 1 DAGs
[2024-12-25T14:46:39.649+0000] {logging_mixin.py:188} INFO - [2024-12-25T14:46:39.648+0000] {dag.py:3834} INFO - Setting next_dagrun for example_python_operator to None, run_after=None
[2024-12-25T14:46:39.708+0000] {processor.py:183} INFO - Processing /home/airflow/.local/lib/python3.10/site-packages/airflow/example_dags/example_python_operator.py took 0.237 seconds
[2024-12-25T14:47:10.241+0000] {processor.py:161} INFO - Started process (PID=10362) to work on /home/airflow/.local/lib/python3.10/site-packages/airflow/example_dags/example_python_operator.py
[2024-12-25T14:47:10.252+0000] {processor.py:830} INFO - Processing file /home/airflow/.local/lib/python3.10/site-packages/airflow/example_dags/example_python_operator.py for tasks to queue
[2024-12-25T14:47:10.258+0000] {logging_mixin.py:188} INFO - [2024-12-25T14:47:10.253+0000] {dagbag.py:540} INFO - Filling up the DagBag from /home/airflow/.local/lib/python3.10/site-packages/airflow/example_dags/example_python_operator.py
[2024-12-25T14:47:10.291+0000] {processor.py:840} INFO - DAG(s) 'example_python_operator' retrieved from /home/airflow/.local/lib/python3.10/site-packages/airflow/example_dags/example_python_operator.py
[2024-12-25T14:47:10.359+0000] {logging_mixin.py:188} INFO - [2024-12-25T14:47:10.359+0000] {dag.py:3047} INFO - Sync 1 DAGs
[2024-12-25T14:47:10.401+0000] {logging_mixin.py:188} INFO - [2024-12-25T14:47:10.401+0000] {dag.py:3834} INFO - Setting next_dagrun for example_python_operator to None, run_after=None
[2024-12-25T14:47:10.452+0000] {processor.py:183} INFO - Processing /home/airflow/.local/lib/python3.10/site-packages/airflow/example_dags/example_python_operator.py took 0.230 seconds
[2024-12-25T14:47:40.711+0000] {processor.py:161} INFO - Started process (PID=10418) to work on /home/airflow/.local/lib/python3.10/site-packages/airflow/example_dags/example_python_operator.py
[2024-12-25T14:47:40.727+0000] {processor.py:830} INFO - Processing file /home/airflow/.local/lib/python3.10/site-packages/airflow/example_dags/example_python_operator.py for tasks to queue
[2024-12-25T14:47:40.729+0000] {logging_mixin.py:188} INFO - [2024-12-25T14:47:40.728+0000] {dagbag.py:540} INFO - Filling up the DagBag from /home/airflow/.local/lib/python3.10/site-packages/airflow/example_dags/example_python_operator.py
[2024-12-25T14:47:40.759+0000] {processor.py:840} INFO - DAG(s) 'example_python_operator' retrieved from /home/airflow/.local/lib/python3.10/site-packages/airflow/example_dags/example_python_operator.py
[2024-12-25T14:47:40.871+0000] {logging_mixin.py:188} INFO - [2024-12-25T14:47:40.871+0000] {dag.py:3047} INFO - Sync 1 DAGs
[2024-12-25T14:47:40.907+0000] {logging_mixin.py:188} INFO - [2024-12-25T14:47:40.907+0000] {dag.py:3834} INFO - Setting next_dagrun for example_python_operator to None, run_after=None
[2024-12-25T14:47:40.970+0000] {processor.py:183} INFO - Processing /home/airflow/.local/lib/python3.10/site-packages/airflow/example_dags/example_python_operator.py took 0.263 seconds
[2024-12-25T14:48:11.531+0000] {processor.py:161} INFO - Started process (PID=10474) to work on /home/airflow/.local/lib/python3.10/site-packages/airflow/example_dags/example_python_operator.py
[2024-12-25T14:48:11.540+0000] {processor.py:830} INFO - Processing file /home/airflow/.local/lib/python3.10/site-packages/airflow/example_dags/example_python_operator.py for tasks to queue
[2024-12-25T14:48:11.542+0000] {logging_mixin.py:188} INFO - [2024-12-25T14:48:11.542+0000] {dagbag.py:540} INFO - Filling up the DagBag from /home/airflow/.local/lib/python3.10/site-packages/airflow/example_dags/example_python_operator.py
[2024-12-25T14:48:11.624+0000] {processor.py:840} INFO - DAG(s) 'example_python_operator' retrieved from /home/airflow/.local/lib/python3.10/site-packages/airflow/example_dags/example_python_operator.py
[2024-12-25T14:48:11.789+0000] {logging_mixin.py:188} INFO - [2024-12-25T14:48:11.784+0000] {dag.py:3047} INFO - Sync 1 DAGs
[2024-12-25T14:48:11.843+0000] {logging_mixin.py:188} INFO - [2024-12-25T14:48:11.843+0000] {dag.py:3834} INFO - Setting next_dagrun for example_python_operator to None, run_after=None
[2024-12-25T14:48:11.951+0000] {processor.py:183} INFO - Processing /home/airflow/.local/lib/python3.10/site-packages/airflow/example_dags/example_python_operator.py took 0.437 seconds
[2024-12-25T14:48:42.490+0000] {processor.py:161} INFO - Started process (PID=10530) to work on /home/airflow/.local/lib/python3.10/site-packages/airflow/example_dags/example_python_operator.py
[2024-12-25T14:48:42.497+0000] {processor.py:830} INFO - Processing file /home/airflow/.local/lib/python3.10/site-packages/airflow/example_dags/example_python_operator.py for tasks to queue
[2024-12-25T14:48:42.499+0000] {logging_mixin.py:188} INFO - [2024-12-25T14:48:42.498+0000] {dagbag.py:540} INFO - Filling up the DagBag from /home/airflow/.local/lib/python3.10/site-packages/airflow/example_dags/example_python_operator.py
[2024-12-25T14:48:42.541+0000] {processor.py:840} INFO - DAG(s) 'example_python_operator' retrieved from /home/airflow/.local/lib/python3.10/site-packages/airflow/example_dags/example_python_operator.py
[2024-12-25T14:48:42.667+0000] {logging_mixin.py:188} INFO - [2024-12-25T14:48:42.667+0000] {dag.py:3047} INFO - Sync 1 DAGs
[2024-12-25T14:48:42.721+0000] {logging_mixin.py:188} INFO - [2024-12-25T14:48:42.721+0000] {dag.py:3834} INFO - Setting next_dagrun for example_python_operator to None, run_after=None
[2024-12-25T14:48:42.821+0000] {processor.py:183} INFO - Processing /home/airflow/.local/lib/python3.10/site-packages/airflow/example_dags/example_python_operator.py took 0.342 seconds
[2024-12-25T14:49:13.051+0000] {processor.py:161} INFO - Started process (PID=10586) to work on /home/airflow/.local/lib/python3.10/site-packages/airflow/example_dags/example_python_operator.py
[2024-12-25T14:49:13.058+0000] {processor.py:830} INFO - Processing file /home/airflow/.local/lib/python3.10/site-packages/airflow/example_dags/example_python_operator.py for tasks to queue
[2024-12-25T14:49:13.060+0000] {logging_mixin.py:188} INFO - [2024-12-25T14:49:13.059+0000] {dagbag.py:540} INFO - Filling up the DagBag from /home/airflow/.local/lib/python3.10/site-packages/airflow/example_dags/example_python_operator.py
[2024-12-25T14:49:13.091+0000] {processor.py:840} INFO - DAG(s) 'example_python_operator' retrieved from /home/airflow/.local/lib/python3.10/site-packages/airflow/example_dags/example_python_operator.py
[2024-12-25T14:49:13.168+0000] {logging_mixin.py:188} INFO - [2024-12-25T14:49:13.168+0000] {dag.py:3047} INFO - Sync 1 DAGs
[2024-12-25T14:49:13.200+0000] {logging_mixin.py:188} INFO - [2024-12-25T14:49:13.200+0000] {dag.py:3834} INFO - Setting next_dagrun for example_python_operator to None, run_after=None
[2024-12-25T14:49:13.279+0000] {processor.py:183} INFO - Processing /home/airflow/.local/lib/python3.10/site-packages/airflow/example_dags/example_python_operator.py took 0.242 seconds
[2024-12-25T14:49:43.796+0000] {processor.py:161} INFO - Started process (PID=10643) to work on /home/airflow/.local/lib/python3.10/site-packages/airflow/example_dags/example_python_operator.py
[2024-12-25T14:49:43.798+0000] {processor.py:830} INFO - Processing file /home/airflow/.local/lib/python3.10/site-packages/airflow/example_dags/example_python_operator.py for tasks to queue
[2024-12-25T14:49:43.818+0000] {logging_mixin.py:188} INFO - [2024-12-25T14:49:43.818+0000] {dagbag.py:540} INFO - Filling up the DagBag from /home/airflow/.local/lib/python3.10/site-packages/airflow/example_dags/example_python_operator.py
[2024-12-25T14:49:43.855+0000] {processor.py:840} INFO - DAG(s) 'example_python_operator' retrieved from /home/airflow/.local/lib/python3.10/site-packages/airflow/example_dags/example_python_operator.py
[2024-12-25T14:49:43.947+0000] {logging_mixin.py:188} INFO - [2024-12-25T14:49:43.946+0000] {dag.py:3047} INFO - Sync 1 DAGs
[2024-12-25T14:49:43.989+0000] {logging_mixin.py:188} INFO - [2024-12-25T14:49:43.988+0000] {dag.py:3834} INFO - Setting next_dagrun for example_python_operator to None, run_after=None
[2024-12-25T14:49:44.086+0000] {processor.py:183} INFO - Processing /home/airflow/.local/lib/python3.10/site-packages/airflow/example_dags/example_python_operator.py took 0.300 seconds
[2024-12-25T14:50:14.630+0000] {processor.py:161} INFO - Started process (PID=10698) to work on /home/airflow/.local/lib/python3.10/site-packages/airflow/example_dags/example_python_operator.py
[2024-12-25T14:50:14.638+0000] {processor.py:830} INFO - Processing file /home/airflow/.local/lib/python3.10/site-packages/airflow/example_dags/example_python_operator.py for tasks to queue
[2024-12-25T14:50:14.659+0000] {logging_mixin.py:188} INFO - [2024-12-25T14:50:14.658+0000] {dagbag.py:540} INFO - Filling up the DagBag from /home/airflow/.local/lib/python3.10/site-packages/airflow/example_dags/example_python_operator.py
[2024-12-25T14:50:14.709+0000] {processor.py:840} INFO - DAG(s) 'example_python_operator' retrieved from /home/airflow/.local/lib/python3.10/site-packages/airflow/example_dags/example_python_operator.py
[2024-12-25T14:50:14.801+0000] {logging_mixin.py:188} INFO - [2024-12-25T14:50:14.801+0000] {dag.py:3047} INFO - Sync 1 DAGs
[2024-12-25T14:50:14.850+0000] {logging_mixin.py:188} INFO - [2024-12-25T14:50:14.849+0000] {dag.py:3834} INFO - Setting next_dagrun for example_python_operator to None, run_after=None
[2024-12-25T14:50:14.940+0000] {processor.py:183} INFO - Processing /home/airflow/.local/lib/python3.10/site-packages/airflow/example_dags/example_python_operator.py took 0.331 seconds
[2024-12-25T14:50:45.218+0000] {processor.py:161} INFO - Started process (PID=10754) to work on /home/airflow/.local/lib/python3.10/site-packages/airflow/example_dags/example_python_operator.py
[2024-12-25T14:50:45.220+0000] {processor.py:830} INFO - Processing file /home/airflow/.local/lib/python3.10/site-packages/airflow/example_dags/example_python_operator.py for tasks to queue
[2024-12-25T14:50:45.227+0000] {logging_mixin.py:188} INFO - [2024-12-25T14:50:45.226+0000] {dagbag.py:540} INFO - Filling up the DagBag from /home/airflow/.local/lib/python3.10/site-packages/airflow/example_dags/example_python_operator.py
[2024-12-25T14:50:45.279+0000] {processor.py:840} INFO - DAG(s) 'example_python_operator' retrieved from /home/airflow/.local/lib/python3.10/site-packages/airflow/example_dags/example_python_operator.py
[2024-12-25T14:50:45.379+0000] {logging_mixin.py:188} INFO - [2024-12-25T14:50:45.378+0000] {dag.py:3047} INFO - Sync 1 DAGs
[2024-12-25T14:50:45.448+0000] {logging_mixin.py:188} INFO - [2024-12-25T14:50:45.447+0000] {dag.py:3834} INFO - Setting next_dagrun for example_python_operator to None, run_after=None
[2024-12-25T14:50:45.560+0000] {processor.py:183} INFO - Processing /home/airflow/.local/lib/python3.10/site-packages/airflow/example_dags/example_python_operator.py took 0.353 seconds
[2024-12-25T14:51:15.976+0000] {processor.py:161} INFO - Started process (PID=10810) to work on /home/airflow/.local/lib/python3.10/site-packages/airflow/example_dags/example_python_operator.py
[2024-12-25T14:51:15.977+0000] {processor.py:830} INFO - Processing file /home/airflow/.local/lib/python3.10/site-packages/airflow/example_dags/example_python_operator.py for tasks to queue
[2024-12-25T14:51:15.979+0000] {logging_mixin.py:188} INFO - [2024-12-25T14:51:15.978+0000] {dagbag.py:540} INFO - Filling up the DagBag from /home/airflow/.local/lib/python3.10/site-packages/airflow/example_dags/example_python_operator.py
[2024-12-25T14:51:16.036+0000] {processor.py:840} INFO - DAG(s) 'example_python_operator' retrieved from /home/airflow/.local/lib/python3.10/site-packages/airflow/example_dags/example_python_operator.py
[2024-12-25T14:51:16.128+0000] {logging_mixin.py:188} INFO - [2024-12-25T14:51:16.128+0000] {dag.py:3047} INFO - Sync 1 DAGs
[2024-12-25T14:51:16.179+0000] {logging_mixin.py:188} INFO - [2024-12-25T14:51:16.178+0000] {dag.py:3834} INFO - Setting next_dagrun for example_python_operator to None, run_after=None
[2024-12-25T14:51:16.257+0000] {processor.py:183} INFO - Processing /home/airflow/.local/lib/python3.10/site-packages/airflow/example_dags/example_python_operator.py took 0.292 seconds
[2024-12-25T14:51:47.818+0000] {processor.py:161} INFO - Started process (PID=10867) to work on /home/airflow/.local/lib/python3.10/site-packages/airflow/example_dags/example_python_operator.py
[2024-12-25T14:51:47.820+0000] {processor.py:830} INFO - Processing file /home/airflow/.local/lib/python3.10/site-packages/airflow/example_dags/example_python_operator.py for tasks to queue
[2024-12-25T14:51:47.827+0000] {logging_mixin.py:188} INFO - [2024-12-25T14:51:47.827+0000] {dagbag.py:540} INFO - Filling up the DagBag from /home/airflow/.local/lib/python3.10/site-packages/airflow/example_dags/example_python_operator.py
[2024-12-25T14:51:47.876+0000] {processor.py:840} INFO - DAG(s) 'example_python_operator' retrieved from /home/airflow/.local/lib/python3.10/site-packages/airflow/example_dags/example_python_operator.py
[2024-12-25T14:51:47.967+0000] {logging_mixin.py:188} INFO - [2024-12-25T14:51:47.966+0000] {dag.py:3047} INFO - Sync 1 DAGs
[2024-12-25T14:51:48.009+0000] {logging_mixin.py:188} INFO - [2024-12-25T14:51:48.009+0000] {dag.py:3834} INFO - Setting next_dagrun for example_python_operator to None, run_after=None
[2024-12-25T14:51:48.119+0000] {processor.py:183} INFO - Processing /home/airflow/.local/lib/python3.10/site-packages/airflow/example_dags/example_python_operator.py took 0.311 seconds
[2024-12-25T14:52:18.828+0000] {processor.py:161} INFO - Started process (PID=10922) to work on /home/airflow/.local/lib/python3.10/site-packages/airflow/example_dags/example_python_operator.py
[2024-12-25T14:52:18.829+0000] {processor.py:830} INFO - Processing file /home/airflow/.local/lib/python3.10/site-packages/airflow/example_dags/example_python_operator.py for tasks to queue
[2024-12-25T14:52:18.831+0000] {logging_mixin.py:188} INFO - [2024-12-25T14:52:18.830+0000] {dagbag.py:540} INFO - Filling up the DagBag from /home/airflow/.local/lib/python3.10/site-packages/airflow/example_dags/example_python_operator.py
[2024-12-25T14:52:18.870+0000] {processor.py:840} INFO - DAG(s) 'example_python_operator' retrieved from /home/airflow/.local/lib/python3.10/site-packages/airflow/example_dags/example_python_operator.py
[2024-12-25T14:52:18.998+0000] {logging_mixin.py:188} INFO - [2024-12-25T14:52:18.998+0000] {dag.py:3047} INFO - Sync 1 DAGs
[2024-12-25T14:52:19.061+0000] {logging_mixin.py:188} INFO - [2024-12-25T14:52:19.060+0000] {dag.py:3834} INFO - Setting next_dagrun for example_python_operator to None, run_after=None
[2024-12-25T14:52:19.149+0000] {processor.py:183} INFO - Processing /home/airflow/.local/lib/python3.10/site-packages/airflow/example_dags/example_python_operator.py took 0.338 seconds
[2024-12-25T14:52:49.500+0000] {processor.py:161} INFO - Started process (PID=10978) to work on /home/airflow/.local/lib/python3.10/site-packages/airflow/example_dags/example_python_operator.py
[2024-12-25T14:52:49.502+0000] {processor.py:830} INFO - Processing file /home/airflow/.local/lib/python3.10/site-packages/airflow/example_dags/example_python_operator.py for tasks to queue
[2024-12-25T14:52:49.514+0000] {logging_mixin.py:188} INFO - [2024-12-25T14:52:49.513+0000] {dagbag.py:540} INFO - Filling up the DagBag from /home/airflow/.local/lib/python3.10/site-packages/airflow/example_dags/example_python_operator.py
[2024-12-25T14:52:49.582+0000] {processor.py:840} INFO - DAG(s) 'example_python_operator' retrieved from /home/airflow/.local/lib/python3.10/site-packages/airflow/example_dags/example_python_operator.py
[2024-12-25T14:52:49.721+0000] {logging_mixin.py:188} INFO - [2024-12-25T14:52:49.721+0000] {dag.py:3047} INFO - Sync 1 DAGs
[2024-12-25T14:52:49.783+0000] {logging_mixin.py:188} INFO - [2024-12-25T14:52:49.783+0000] {dag.py:3834} INFO - Setting next_dagrun for example_python_operator to None, run_after=None
[2024-12-25T14:52:49.931+0000] {processor.py:183} INFO - Processing /home/airflow/.local/lib/python3.10/site-packages/airflow/example_dags/example_python_operator.py took 0.450 seconds
[2024-12-25T14:53:20.568+0000] {processor.py:161} INFO - Started process (PID=11034) to work on /home/airflow/.local/lib/python3.10/site-packages/airflow/example_dags/example_python_operator.py
[2024-12-25T14:53:20.587+0000] {processor.py:830} INFO - Processing file /home/airflow/.local/lib/python3.10/site-packages/airflow/example_dags/example_python_operator.py for tasks to queue
[2024-12-25T14:53:20.588+0000] {logging_mixin.py:188} INFO - [2024-12-25T14:53:20.588+0000] {dagbag.py:540} INFO - Filling up the DagBag from /home/airflow/.local/lib/python3.10/site-packages/airflow/example_dags/example_python_operator.py
[2024-12-25T14:53:20.659+0000] {processor.py:840} INFO - DAG(s) 'example_python_operator' retrieved from /home/airflow/.local/lib/python3.10/site-packages/airflow/example_dags/example_python_operator.py
[2024-12-25T14:53:20.876+0000] {logging_mixin.py:188} INFO - [2024-12-25T14:53:20.869+0000] {dag.py:3047} INFO - Sync 1 DAGs
[2024-12-25T14:53:20.936+0000] {logging_mixin.py:188} INFO - [2024-12-25T14:53:20.929+0000] {dag.py:3834} INFO - Setting next_dagrun for example_python_operator to None, run_after=None
[2024-12-25T14:53:21.096+0000] {processor.py:183} INFO - Processing /home/airflow/.local/lib/python3.10/site-packages/airflow/example_dags/example_python_operator.py took 0.548 seconds
[2024-12-25T14:53:52.237+0000] {processor.py:161} INFO - Started process (PID=11090) to work on /home/airflow/.local/lib/python3.10/site-packages/airflow/example_dags/example_python_operator.py
[2024-12-25T14:53:52.254+0000] {processor.py:830} INFO - Processing file /home/airflow/.local/lib/python3.10/site-packages/airflow/example_dags/example_python_operator.py for tasks to queue
[2024-12-25T14:53:52.257+0000] {logging_mixin.py:188} INFO - [2024-12-25T14:53:52.256+0000] {dagbag.py:540} INFO - Filling up the DagBag from /home/airflow/.local/lib/python3.10/site-packages/airflow/example_dags/example_python_operator.py
[2024-12-25T14:53:52.387+0000] {processor.py:840} INFO - DAG(s) 'example_python_operator' retrieved from /home/airflow/.local/lib/python3.10/site-packages/airflow/example_dags/example_python_operator.py
[2024-12-25T14:53:52.594+0000] {logging_mixin.py:188} INFO - [2024-12-25T14:53:52.587+0000] {dag.py:3047} INFO - Sync 1 DAGs
[2024-12-25T14:53:52.675+0000] {logging_mixin.py:188} INFO - [2024-12-25T14:53:52.667+0000] {dag.py:3834} INFO - Setting next_dagrun for example_python_operator to None, run_after=None
[2024-12-25T14:53:52.856+0000] {processor.py:183} INFO - Processing /home/airflow/.local/lib/python3.10/site-packages/airflow/example_dags/example_python_operator.py took 0.639 seconds
[2024-12-25T14:54:23.439+0000] {processor.py:161} INFO - Started process (PID=11145) to work on /home/airflow/.local/lib/python3.10/site-packages/airflow/example_dags/example_python_operator.py
[2024-12-25T14:54:23.440+0000] {processor.py:830} INFO - Processing file /home/airflow/.local/lib/python3.10/site-packages/airflow/example_dags/example_python_operator.py for tasks to queue
[2024-12-25T14:54:23.448+0000] {logging_mixin.py:188} INFO - [2024-12-25T14:54:23.448+0000] {dagbag.py:540} INFO - Filling up the DagBag from /home/airflow/.local/lib/python3.10/site-packages/airflow/example_dags/example_python_operator.py
[2024-12-25T14:54:23.501+0000] {processor.py:840} INFO - DAG(s) 'example_python_operator' retrieved from /home/airflow/.local/lib/python3.10/site-packages/airflow/example_dags/example_python_operator.py
[2024-12-25T14:54:23.629+0000] {logging_mixin.py:188} INFO - [2024-12-25T14:54:23.628+0000] {dag.py:3047} INFO - Sync 1 DAGs
[2024-12-25T14:54:23.699+0000] {logging_mixin.py:188} INFO - [2024-12-25T14:54:23.698+0000] {dag.py:3834} INFO - Setting next_dagrun for example_python_operator to None, run_after=None
[2024-12-25T14:54:23.808+0000] {processor.py:183} INFO - Processing /home/airflow/.local/lib/python3.10/site-packages/airflow/example_dags/example_python_operator.py took 0.381 seconds
[2024-12-25T14:54:54.315+0000] {processor.py:161} INFO - Started process (PID=11201) to work on /home/airflow/.local/lib/python3.10/site-packages/airflow/example_dags/example_python_operator.py
[2024-12-25T14:54:54.324+0000] {processor.py:830} INFO - Processing file /home/airflow/.local/lib/python3.10/site-packages/airflow/example_dags/example_python_operator.py for tasks to queue
[2024-12-25T14:54:54.336+0000] {logging_mixin.py:188} INFO - [2024-12-25T14:54:54.335+0000] {dagbag.py:540} INFO - Filling up the DagBag from /home/airflow/.local/lib/python3.10/site-packages/airflow/example_dags/example_python_operator.py
[2024-12-25T14:54:54.426+0000] {processor.py:840} INFO - DAG(s) 'example_python_operator' retrieved from /home/airflow/.local/lib/python3.10/site-packages/airflow/example_dags/example_python_operator.py
[2024-12-25T14:54:54.556+0000] {logging_mixin.py:188} INFO - [2024-12-25T14:54:54.556+0000] {dag.py:3047} INFO - Sync 1 DAGs
[2024-12-25T14:54:54.634+0000] {logging_mixin.py:188} INFO - [2024-12-25T14:54:54.627+0000] {dag.py:3834} INFO - Setting next_dagrun for example_python_operator to None, run_after=None
[2024-12-25T14:54:54.785+0000] {processor.py:183} INFO - Processing /home/airflow/.local/lib/python3.10/site-packages/airflow/example_dags/example_python_operator.py took 0.508 seconds
[2024-12-25T14:55:24.960+0000] {processor.py:161} INFO - Started process (PID=11255) to work on /home/airflow/.local/lib/python3.10/site-packages/airflow/example_dags/example_python_operator.py
[2024-12-25T14:55:24.968+0000] {processor.py:830} INFO - Processing file /home/airflow/.local/lib/python3.10/site-packages/airflow/example_dags/example_python_operator.py for tasks to queue
[2024-12-25T14:55:24.970+0000] {logging_mixin.py:188} INFO - [2024-12-25T14:55:24.970+0000] {dagbag.py:540} INFO - Filling up the DagBag from /home/airflow/.local/lib/python3.10/site-packages/airflow/example_dags/example_python_operator.py
[2024-12-25T14:55:25.059+0000] {processor.py:840} INFO - DAG(s) 'example_python_operator' retrieved from /home/airflow/.local/lib/python3.10/site-packages/airflow/example_dags/example_python_operator.py
[2024-12-25T14:55:25.219+0000] {logging_mixin.py:188} INFO - [2024-12-25T14:55:25.218+0000] {dag.py:3047} INFO - Sync 1 DAGs
[2024-12-25T14:55:25.318+0000] {logging_mixin.py:188} INFO - [2024-12-25T14:55:25.311+0000] {dag.py:3834} INFO - Setting next_dagrun for example_python_operator to None, run_after=None
[2024-12-25T14:55:25.451+0000] {processor.py:183} INFO - Processing /home/airflow/.local/lib/python3.10/site-packages/airflow/example_dags/example_python_operator.py took 0.521 seconds
[2024-12-25T14:55:56.497+0000] {processor.py:161} INFO - Started process (PID=11310) to work on /home/airflow/.local/lib/python3.10/site-packages/airflow/example_dags/example_python_operator.py
[2024-12-25T14:55:56.506+0000] {processor.py:830} INFO - Processing file /home/airflow/.local/lib/python3.10/site-packages/airflow/example_dags/example_python_operator.py for tasks to queue
[2024-12-25T14:55:56.508+0000] {logging_mixin.py:188} INFO - [2024-12-25T14:55:56.507+0000] {dagbag.py:540} INFO - Filling up the DagBag from /home/airflow/.local/lib/python3.10/site-packages/airflow/example_dags/example_python_operator.py
[2024-12-25T14:55:56.566+0000] {processor.py:840} INFO - DAG(s) 'example_python_operator' retrieved from /home/airflow/.local/lib/python3.10/site-packages/airflow/example_dags/example_python_operator.py
[2024-12-25T14:55:56.747+0000] {logging_mixin.py:188} INFO - [2024-12-25T14:55:56.746+0000] {dag.py:3047} INFO - Sync 1 DAGs
[2024-12-25T14:55:56.817+0000] {logging_mixin.py:188} INFO - [2024-12-25T14:55:56.816+0000] {dag.py:3834} INFO - Setting next_dagrun for example_python_operator to None, run_after=None
[2024-12-25T14:55:56.947+0000] {processor.py:183} INFO - Processing /home/airflow/.local/lib/python3.10/site-packages/airflow/example_dags/example_python_operator.py took 0.468 seconds
[2024-12-25T14:56:27.320+0000] {processor.py:161} INFO - Started process (PID=11364) to work on /home/airflow/.local/lib/python3.10/site-packages/airflow/example_dags/example_python_operator.py
[2024-12-25T14:56:27.349+0000] {processor.py:830} INFO - Processing file /home/airflow/.local/lib/python3.10/site-packages/airflow/example_dags/example_python_operator.py for tasks to queue
[2024-12-25T14:56:27.350+0000] {logging_mixin.py:188} INFO - [2024-12-25T14:56:27.350+0000] {dagbag.py:540} INFO - Filling up the DagBag from /home/airflow/.local/lib/python3.10/site-packages/airflow/example_dags/example_python_operator.py
[2024-12-25T14:56:27.418+0000] {processor.py:840} INFO - DAG(s) 'example_python_operator' retrieved from /home/airflow/.local/lib/python3.10/site-packages/airflow/example_dags/example_python_operator.py
[2024-12-25T14:56:27.568+0000] {logging_mixin.py:188} INFO - [2024-12-25T14:56:27.561+0000] {dag.py:3047} INFO - Sync 1 DAGs
[2024-12-25T14:56:27.629+0000] {logging_mixin.py:188} INFO - [2024-12-25T14:56:27.629+0000] {dag.py:3834} INFO - Setting next_dagrun for example_python_operator to None, run_after=None
[2024-12-25T14:56:27.769+0000] {processor.py:183} INFO - Processing /home/airflow/.local/lib/python3.10/site-packages/airflow/example_dags/example_python_operator.py took 0.471 seconds
[2024-12-25T14:56:58.449+0000] {processor.py:161} INFO - Started process (PID=11419) to work on /home/airflow/.local/lib/python3.10/site-packages/airflow/example_dags/example_python_operator.py
[2024-12-25T14:56:58.450+0000] {processor.py:830} INFO - Processing file /home/airflow/.local/lib/python3.10/site-packages/airflow/example_dags/example_python_operator.py for tasks to queue
[2024-12-25T14:56:58.469+0000] {logging_mixin.py:188} INFO - [2024-12-25T14:56:58.468+0000] {dagbag.py:540} INFO - Filling up the DagBag from /home/airflow/.local/lib/python3.10/site-packages/airflow/example_dags/example_python_operator.py
[2024-12-25T14:56:58.549+0000] {processor.py:840} INFO - DAG(s) 'example_python_operator' retrieved from /home/airflow/.local/lib/python3.10/site-packages/airflow/example_dags/example_python_operator.py
[2024-12-25T14:56:58.671+0000] {logging_mixin.py:188} INFO - [2024-12-25T14:56:58.670+0000] {dag.py:3047} INFO - Sync 1 DAGs
[2024-12-25T14:56:58.738+0000] {logging_mixin.py:188} INFO - [2024-12-25T14:56:58.731+0000] {dag.py:3834} INFO - Setting next_dagrun for example_python_operator to None, run_after=None
[2024-12-25T14:56:58.870+0000] {processor.py:183} INFO - Processing /home/airflow/.local/lib/python3.10/site-packages/airflow/example_dags/example_python_operator.py took 0.450 seconds
[2024-12-25T14:57:29.144+0000] {processor.py:161} INFO - Started process (PID=11475) to work on /home/airflow/.local/lib/python3.10/site-packages/airflow/example_dags/example_python_operator.py
[2024-12-25T14:57:29.146+0000] {processor.py:830} INFO - Processing file /home/airflow/.local/lib/python3.10/site-packages/airflow/example_dags/example_python_operator.py for tasks to queue
[2024-12-25T14:57:29.154+0000] {logging_mixin.py:188} INFO - [2024-12-25T14:57:29.154+0000] {dagbag.py:540} INFO - Filling up the DagBag from /home/airflow/.local/lib/python3.10/site-packages/airflow/example_dags/example_python_operator.py
[2024-12-25T14:57:29.215+0000] {processor.py:840} INFO - DAG(s) 'example_python_operator' retrieved from /home/airflow/.local/lib/python3.10/site-packages/airflow/example_dags/example_python_operator.py
[2024-12-25T14:57:29.404+0000] {logging_mixin.py:188} INFO - [2024-12-25T14:57:29.403+0000] {dag.py:3047} INFO - Sync 1 DAGs
[2024-12-25T14:57:29.476+0000] {logging_mixin.py:188} INFO - [2024-12-25T14:57:29.475+0000] {dag.py:3834} INFO - Setting next_dagrun for example_python_operator to None, run_after=None
[2024-12-25T14:57:29.605+0000] {processor.py:183} INFO - Processing /home/airflow/.local/lib/python3.10/site-packages/airflow/example_dags/example_python_operator.py took 0.481 seconds
[2024-12-25T14:58:00.149+0000] {processor.py:161} INFO - Started process (PID=11531) to work on /home/airflow/.local/lib/python3.10/site-packages/airflow/example_dags/example_python_operator.py
[2024-12-25T14:58:00.160+0000] {processor.py:830} INFO - Processing file /home/airflow/.local/lib/python3.10/site-packages/airflow/example_dags/example_python_operator.py for tasks to queue
[2024-12-25T14:58:00.169+0000] {logging_mixin.py:188} INFO - [2024-12-25T14:58:00.168+0000] {dagbag.py:540} INFO - Filling up the DagBag from /home/airflow/.local/lib/python3.10/site-packages/airflow/example_dags/example_python_operator.py
[2024-12-25T14:58:00.228+0000] {processor.py:840} INFO - DAG(s) 'example_python_operator' retrieved from /home/airflow/.local/lib/python3.10/site-packages/airflow/example_dags/example_python_operator.py
[2024-12-25T14:58:00.369+0000] {logging_mixin.py:188} INFO - [2024-12-25T14:58:00.368+0000] {dag.py:3047} INFO - Sync 1 DAGs
[2024-12-25T14:58:00.440+0000] {logging_mixin.py:188} INFO - [2024-12-25T14:58:00.440+0000] {dag.py:3834} INFO - Setting next_dagrun for example_python_operator to None, run_after=None
[2024-12-25T14:58:00.591+0000] {processor.py:183} INFO - Processing /home/airflow/.local/lib/python3.10/site-packages/airflow/example_dags/example_python_operator.py took 0.481 seconds
[2024-12-25T14:58:30.991+0000] {processor.py:161} INFO - Started process (PID=11587) to work on /home/airflow/.local/lib/python3.10/site-packages/airflow/example_dags/example_python_operator.py
[2024-12-25T14:58:31.000+0000] {processor.py:830} INFO - Processing file /home/airflow/.local/lib/python3.10/site-packages/airflow/example_dags/example_python_operator.py for tasks to queue
[2024-12-25T14:58:31.001+0000] {logging_mixin.py:188} INFO - [2024-12-25T14:58:31.001+0000] {dagbag.py:540} INFO - Filling up the DagBag from /home/airflow/.local/lib/python3.10/site-packages/airflow/example_dags/example_python_operator.py
[2024-12-25T14:58:31.081+0000] {processor.py:840} INFO - DAG(s) 'example_python_operator' retrieved from /home/airflow/.local/lib/python3.10/site-packages/airflow/example_dags/example_python_operator.py
[2024-12-25T14:58:31.202+0000] {logging_mixin.py:188} INFO - [2024-12-25T14:58:31.201+0000] {dag.py:3047} INFO - Sync 1 DAGs
[2024-12-25T14:58:31.280+0000] {logging_mixin.py:188} INFO - [2024-12-25T14:58:31.280+0000] {dag.py:3834} INFO - Setting next_dagrun for example_python_operator to None, run_after=None
[2024-12-25T14:58:31.391+0000] {processor.py:183} INFO - Processing /home/airflow/.local/lib/python3.10/site-packages/airflow/example_dags/example_python_operator.py took 0.412 seconds
[2024-12-25T14:59:01.801+0000] {processor.py:161} INFO - Started process (PID=11643) to work on /home/airflow/.local/lib/python3.10/site-packages/airflow/example_dags/example_python_operator.py
[2024-12-25T14:59:01.813+0000] {processor.py:830} INFO - Processing file /home/airflow/.local/lib/python3.10/site-packages/airflow/example_dags/example_python_operator.py for tasks to queue
[2024-12-25T14:59:01.852+0000] {logging_mixin.py:188} INFO - [2024-12-25T14:59:01.833+0000] {dagbag.py:540} INFO - Filling up the DagBag from /home/airflow/.local/lib/python3.10/site-packages/airflow/example_dags/example_python_operator.py
[2024-12-25T14:59:01.923+0000] {processor.py:840} INFO - DAG(s) 'example_python_operator' retrieved from /home/airflow/.local/lib/python3.10/site-packages/airflow/example_dags/example_python_operator.py
[2024-12-25T14:59:02.112+0000] {logging_mixin.py:188} INFO - [2024-12-25T14:59:02.112+0000] {dag.py:3047} INFO - Sync 1 DAGs
[2024-12-25T14:59:02.202+0000] {logging_mixin.py:188} INFO - [2024-12-25T14:59:02.201+0000] {dag.py:3834} INFO - Setting next_dagrun for example_python_operator to None, run_after=None
[2024-12-25T14:59:02.391+0000] {processor.py:183} INFO - Processing /home/airflow/.local/lib/python3.10/site-packages/airflow/example_dags/example_python_operator.py took 0.621 seconds
[2024-12-25T14:59:36.407+0000] {processor.py:161} INFO - Started process (PID=11698) to work on /home/airflow/.local/lib/python3.10/site-packages/airflow/example_dags/example_python_operator.py
[2024-12-25T14:59:36.436+0000] {processor.py:830} INFO - Processing file /home/airflow/.local/lib/python3.10/site-packages/airflow/example_dags/example_python_operator.py for tasks to queue
[2024-12-25T14:59:36.446+0000] {logging_mixin.py:188} INFO - [2024-12-25T14:59:36.446+0000] {dagbag.py:540} INFO - Filling up the DagBag from /home/airflow/.local/lib/python3.10/site-packages/airflow/example_dags/example_python_operator.py
[2024-12-25T14:59:36.616+0000] {processor.py:840} INFO - DAG(s) 'example_python_operator' retrieved from /home/airflow/.local/lib/python3.10/site-packages/airflow/example_dags/example_python_operator.py
[2024-12-25T14:59:36.865+0000] {logging_mixin.py:188} INFO - [2024-12-25T14:59:36.856+0000] {dag.py:3047} INFO - Sync 1 DAGs
[2024-12-25T14:59:37.005+0000] {logging_mixin.py:188} INFO - [2024-12-25T14:59:37.005+0000] {dag.py:3834} INFO - Setting next_dagrun for example_python_operator to None, run_after=None
[2024-12-25T14:59:37.336+0000] {processor.py:183} INFO - Processing /home/airflow/.local/lib/python3.10/site-packages/airflow/example_dags/example_python_operator.py took 1.000 seconds
[2024-12-25T15:00:15.828+0000] {processor.py:161} INFO - Started process (PID=11752) to work on /home/airflow/.local/lib/python3.10/site-packages/airflow/example_dags/example_python_operator.py
[2024-12-25T15:00:15.837+0000] {processor.py:830} INFO - Processing file /home/airflow/.local/lib/python3.10/site-packages/airflow/example_dags/example_python_operator.py for tasks to queue
[2024-12-25T15:00:15.847+0000] {logging_mixin.py:188} INFO - [2024-12-25T15:00:15.839+0000] {dagbag.py:540} INFO - Filling up the DagBag from /home/airflow/.local/lib/python3.10/site-packages/airflow/example_dags/example_python_operator.py
[2024-12-25T15:00:15.956+0000] {processor.py:840} INFO - DAG(s) 'example_python_operator' retrieved from /home/airflow/.local/lib/python3.10/site-packages/airflow/example_dags/example_python_operator.py
[2024-12-25T15:00:16.139+0000] {logging_mixin.py:188} INFO - [2024-12-25T15:00:16.138+0000] {dag.py:3047} INFO - Sync 1 DAGs
[2024-12-25T15:00:16.277+0000] {logging_mixin.py:188} INFO - [2024-12-25T15:00:16.269+0000] {dag.py:3834} INFO - Setting next_dagrun for example_python_operator to None, run_after=None
[2024-12-25T15:00:16.567+0000] {processor.py:183} INFO - Processing /home/airflow/.local/lib/python3.10/site-packages/airflow/example_dags/example_python_operator.py took 0.760 seconds
[2024-12-25T15:01:08.817+0000] {processor.py:161} INFO - Started process (PID=11817) to work on /home/airflow/.local/lib/python3.10/site-packages/airflow/example_dags/example_python_operator.py
[2024-12-25T15:01:08.876+0000] {processor.py:830} INFO - Processing file /home/airflow/.local/lib/python3.10/site-packages/airflow/example_dags/example_python_operator.py for tasks to queue
[2024-12-25T15:01:08.926+0000] {logging_mixin.py:188} INFO - [2024-12-25T15:01:08.917+0000] {dagbag.py:540} INFO - Filling up the DagBag from /home/airflow/.local/lib/python3.10/site-packages/airflow/example_dags/example_python_operator.py
[2024-12-25T15:01:09.186+0000] {processor.py:840} INFO - DAG(s) 'example_python_operator' retrieved from /home/airflow/.local/lib/python3.10/site-packages/airflow/example_dags/example_python_operator.py
[2024-12-25T15:01:09.615+0000] {logging_mixin.py:188} INFO - [2024-12-25T15:01:09.587+0000] {dag.py:3047} INFO - Sync 1 DAGs
[2024-12-25T15:01:09.937+0000] {logging_mixin.py:188} INFO - [2024-12-25T15:01:09.937+0000] {dag.py:3834} INFO - Setting next_dagrun for example_python_operator to None, run_after=None
[2024-12-25T15:01:10.766+0000] {processor.py:183} INFO - Processing /home/airflow/.local/lib/python3.10/site-packages/airflow/example_dags/example_python_operator.py took 2.011 seconds
[2024-12-25T15:03:02.837+0000] {processor.py:161} INFO - Started process (PID=11889) to work on /home/airflow/.local/lib/python3.10/site-packages/airflow/example_dags/example_python_operator.py
[2024-12-25T15:03:02.888+0000] {processor.py:830} INFO - Processing file /home/airflow/.local/lib/python3.10/site-packages/airflow/example_dags/example_python_operator.py for tasks to queue
[2024-12-25T15:03:02.928+0000] {logging_mixin.py:188} INFO - [2024-12-25T15:03:02.927+0000] {dagbag.py:540} INFO - Filling up the DagBag from /home/airflow/.local/lib/python3.10/site-packages/airflow/example_dags/example_python_operator.py
[2024-12-25T15:03:03.187+0000] {processor.py:840} INFO - DAG(s) 'example_python_operator' retrieved from /home/airflow/.local/lib/python3.10/site-packages/airflow/example_dags/example_python_operator.py
[2024-12-25T15:03:03.766+0000] {logging_mixin.py:188} INFO - [2024-12-25T15:03:03.757+0000] {dag.py:3047} INFO - Sync 1 DAGs
[2024-12-25T15:03:04.048+0000] {logging_mixin.py:188} INFO - [2024-12-25T15:03:04.047+0000] {dag.py:3834} INFO - Setting next_dagrun for example_python_operator to None, run_after=None
[2024-12-25T15:03:04.606+0000] {processor.py:183} INFO - Processing /home/airflow/.local/lib/python3.10/site-packages/airflow/example_dags/example_python_operator.py took 1.841 seconds
[2024-12-25T15:04:23.071+0000] {processor.py:161} INFO - Started process (PID=11963) to work on /home/airflow/.local/lib/python3.10/site-packages/airflow/example_dags/example_python_operator.py
[2024-12-25T15:04:23.091+0000] {processor.py:830} INFO - Processing file /home/airflow/.local/lib/python3.10/site-packages/airflow/example_dags/example_python_operator.py for tasks to queue
[2024-12-25T15:04:23.102+0000] {logging_mixin.py:188} INFO - [2024-12-25T15:04:23.101+0000] {dagbag.py:540} INFO - Filling up the DagBag from /home/airflow/.local/lib/python3.10/site-packages/airflow/example_dags/example_python_operator.py
[2024-12-25T15:04:23.272+0000] {processor.py:840} INFO - DAG(s) 'example_python_operator' retrieved from /home/airflow/.local/lib/python3.10/site-packages/airflow/example_dags/example_python_operator.py
[2024-12-25T15:04:23.761+0000] {logging_mixin.py:188} INFO - [2024-12-25T15:04:23.751+0000] {dag.py:3047} INFO - Sync 1 DAGs
[2024-12-25T15:04:24.151+0000] {logging_mixin.py:188} INFO - [2024-12-25T15:04:24.151+0000] {dag.py:3834} INFO - Setting next_dagrun for example_python_operator to None, run_after=None
[2024-12-25T15:04:24.711+0000] {processor.py:183} INFO - Processing /home/airflow/.local/lib/python3.10/site-packages/airflow/example_dags/example_python_operator.py took 1.720 seconds
[2024-12-25T15:06:07.951+0000] {processor.py:161} INFO - Started process (PID=12037) to work on /home/airflow/.local/lib/python3.10/site-packages/airflow/example_dags/example_python_operator.py
[2024-12-25T15:06:07.991+0000] {processor.py:830} INFO - Processing file /home/airflow/.local/lib/python3.10/site-packages/airflow/example_dags/example_python_operator.py for tasks to queue
[2024-12-25T15:06:08.051+0000] {logging_mixin.py:188} INFO - [2024-12-25T15:06:08.031+0000] {dagbag.py:540} INFO - Filling up the DagBag from /home/airflow/.local/lib/python3.10/site-packages/airflow/example_dags/example_python_operator.py
[2024-12-25T15:06:08.501+0000] {processor.py:840} INFO - DAG(s) 'example_python_operator' retrieved from /home/airflow/.local/lib/python3.10/site-packages/airflow/example_dags/example_python_operator.py
[2024-12-25T15:06:09.621+0000] {logging_mixin.py:188} INFO - [2024-12-25T15:06:09.612+0000] {dag.py:3047} INFO - Sync 1 DAGs
[2024-12-25T15:06:10.072+0000] {logging_mixin.py:188} INFO - [2024-12-25T15:06:10.042+0000] {dag.py:3834} INFO - Setting next_dagrun for example_python_operator to None, run_after=None
[2024-12-25T15:06:10.791+0000] {processor.py:183} INFO - Processing /home/airflow/.local/lib/python3.10/site-packages/airflow/example_dags/example_python_operator.py took 2.990 seconds
