[2024-12-25T14:24:11.702+0000] {processor.py:161} INFO - Started process (PID=7868) to work on /home/airflow/.local/lib/python3.10/site-packages/airflow/example_dags/tutorial_dag.py
[2024-12-25T14:24:11.704+0000] {processor.py:830} INFO - Processing file /home/airflow/.local/lib/python3.10/site-packages/airflow/example_dags/tutorial_dag.py for tasks to queue
[2024-12-25T14:24:11.707+0000] {logging_mixin.py:188} INFO - [2024-12-25T14:24:11.706+0000] {dagbag.py:540} INFO - Filling up the DagBag from /home/airflow/.local/lib/python3.10/site-packages/airflow/example_dags/tutorial_dag.py
[2024-12-25T14:24:11.719+0000] {processor.py:840} INFO - DAG(s) 'tutorial_dag' retrieved from /home/airflow/.local/lib/python3.10/site-packages/airflow/example_dags/tutorial_dag.py
[2024-12-25T14:24:11.793+0000] {logging_mixin.py:188} INFO - [2024-12-25T14:24:11.792+0000] {dag.py:3047} INFO - Sync 1 DAGs
[2024-12-25T14:24:11.838+0000] {logging_mixin.py:188} INFO - [2024-12-25T14:24:11.837+0000] {dag.py:3834} INFO - Setting next_dagrun for tutorial_dag to None, run_after=None
[2024-12-25T14:24:11.913+0000] {processor.py:183} INFO - Processing /home/airflow/.local/lib/python3.10/site-packages/airflow/example_dags/tutorial_dag.py took 0.217 seconds
[2024-12-25T14:24:45.133+0000] {processor.py:161} INFO - Started process (PID=7923) to work on /home/airflow/.local/lib/python3.10/site-packages/airflow/example_dags/tutorial_dag.py
[2024-12-25T14:24:45.135+0000] {processor.py:830} INFO - Processing file /home/airflow/.local/lib/python3.10/site-packages/airflow/example_dags/tutorial_dag.py for tasks to queue
[2024-12-25T14:24:45.140+0000] {logging_mixin.py:188} INFO - [2024-12-25T14:24:45.139+0000] {dagbag.py:540} INFO - Filling up the DagBag from /home/airflow/.local/lib/python3.10/site-packages/airflow/example_dags/tutorial_dag.py
[2024-12-25T14:24:45.155+0000] {processor.py:840} INFO - DAG(s) 'tutorial_dag' retrieved from /home/airflow/.local/lib/python3.10/site-packages/airflow/example_dags/tutorial_dag.py
[2024-12-25T14:24:45.209+0000] {logging_mixin.py:188} INFO - [2024-12-25T14:24:45.208+0000] {dag.py:3047} INFO - Sync 1 DAGs
[2024-12-25T14:24:45.239+0000] {logging_mixin.py:188} INFO - [2024-12-25T14:24:45.238+0000] {dag.py:3834} INFO - Setting next_dagrun for tutorial_dag to None, run_after=None
[2024-12-25T14:24:45.299+0000] {processor.py:183} INFO - Processing /home/airflow/.local/lib/python3.10/site-packages/airflow/example_dags/tutorial_dag.py took 0.178 seconds
[2024-12-25T14:25:15.893+0000] {processor.py:161} INFO - Started process (PID=7979) to work on /home/airflow/.local/lib/python3.10/site-packages/airflow/example_dags/tutorial_dag.py
[2024-12-25T14:25:15.897+0000] {processor.py:830} INFO - Processing file /home/airflow/.local/lib/python3.10/site-packages/airflow/example_dags/tutorial_dag.py for tasks to queue
[2024-12-25T14:25:15.898+0000] {logging_mixin.py:188} INFO - [2024-12-25T14:25:15.898+0000] {dagbag.py:540} INFO - Filling up the DagBag from /home/airflow/.local/lib/python3.10/site-packages/airflow/example_dags/tutorial_dag.py
[2024-12-25T14:25:15.906+0000] {processor.py:840} INFO - DAG(s) 'tutorial_dag' retrieved from /home/airflow/.local/lib/python3.10/site-packages/airflow/example_dags/tutorial_dag.py
[2024-12-25T14:25:15.931+0000] {logging_mixin.py:188} INFO - [2024-12-25T14:25:15.930+0000] {dag.py:3047} INFO - Sync 1 DAGs
[2024-12-25T14:25:15.948+0000] {logging_mixin.py:188} INFO - [2024-12-25T14:25:15.948+0000] {dag.py:3834} INFO - Setting next_dagrun for tutorial_dag to None, run_after=None
[2024-12-25T14:25:15.972+0000] {processor.py:183} INFO - Processing /home/airflow/.local/lib/python3.10/site-packages/airflow/example_dags/tutorial_dag.py took 0.083 seconds
[2024-12-25T14:25:51.026+0000] {processor.py:161} INFO - Started process (PID=8035) to work on /home/airflow/.local/lib/python3.10/site-packages/airflow/example_dags/tutorial_dag.py
[2024-12-25T14:25:51.149+0000] {processor.py:830} INFO - Processing file /home/airflow/.local/lib/python3.10/site-packages/airflow/example_dags/tutorial_dag.py for tasks to queue
[2024-12-25T14:25:51.159+0000] {logging_mixin.py:188} INFO - [2024-12-25T14:25:51.157+0000] {dagbag.py:540} INFO - Filling up the DagBag from /home/airflow/.local/lib/python3.10/site-packages/airflow/example_dags/tutorial_dag.py
[2024-12-25T14:25:51.172+0000] {processor.py:840} INFO - DAG(s) 'tutorial_dag' retrieved from /home/airflow/.local/lib/python3.10/site-packages/airflow/example_dags/tutorial_dag.py
[2024-12-25T14:25:51.227+0000] {logging_mixin.py:188} INFO - [2024-12-25T14:25:51.227+0000] {dag.py:3047} INFO - Sync 1 DAGs
[2024-12-25T14:25:51.299+0000] {logging_mixin.py:188} INFO - [2024-12-25T14:25:51.299+0000] {dag.py:3834} INFO - Setting next_dagrun for tutorial_dag to None, run_after=None
[2024-12-25T14:25:51.361+0000] {processor.py:183} INFO - Processing /home/airflow/.local/lib/python3.10/site-packages/airflow/example_dags/tutorial_dag.py took 0.334 seconds
[2024-12-25T14:26:21.476+0000] {processor.py:161} INFO - Started process (PID=8090) to work on /home/airflow/.local/lib/python3.10/site-packages/airflow/example_dags/tutorial_dag.py
[2024-12-25T14:26:21.478+0000] {processor.py:830} INFO - Processing file /home/airflow/.local/lib/python3.10/site-packages/airflow/example_dags/tutorial_dag.py for tasks to queue
[2024-12-25T14:26:21.479+0000] {logging_mixin.py:188} INFO - [2024-12-25T14:26:21.478+0000] {dagbag.py:540} INFO - Filling up the DagBag from /home/airflow/.local/lib/python3.10/site-packages/airflow/example_dags/tutorial_dag.py
[2024-12-25T14:26:21.486+0000] {processor.py:840} INFO - DAG(s) 'tutorial_dag' retrieved from /home/airflow/.local/lib/python3.10/site-packages/airflow/example_dags/tutorial_dag.py
[2024-12-25T14:26:21.510+0000] {logging_mixin.py:188} INFO - [2024-12-25T14:26:21.510+0000] {dag.py:3047} INFO - Sync 1 DAGs
[2024-12-25T14:26:21.522+0000] {logging_mixin.py:188} INFO - [2024-12-25T14:26:21.522+0000] {dag.py:3834} INFO - Setting next_dagrun for tutorial_dag to None, run_after=None
[2024-12-25T14:26:21.547+0000] {processor.py:183} INFO - Processing /home/airflow/.local/lib/python3.10/site-packages/airflow/example_dags/tutorial_dag.py took 0.075 seconds
[2024-12-25T14:26:52.627+0000] {processor.py:161} INFO - Started process (PID=8147) to work on /home/airflow/.local/lib/python3.10/site-packages/airflow/example_dags/tutorial_dag.py
[2024-12-25T14:26:52.628+0000] {processor.py:830} INFO - Processing file /home/airflow/.local/lib/python3.10/site-packages/airflow/example_dags/tutorial_dag.py for tasks to queue
[2024-12-25T14:26:52.630+0000] {logging_mixin.py:188} INFO - [2024-12-25T14:26:52.630+0000] {dagbag.py:540} INFO - Filling up the DagBag from /home/airflow/.local/lib/python3.10/site-packages/airflow/example_dags/tutorial_dag.py
[2024-12-25T14:26:52.639+0000] {processor.py:840} INFO - DAG(s) 'tutorial_dag' retrieved from /home/airflow/.local/lib/python3.10/site-packages/airflow/example_dags/tutorial_dag.py
[2024-12-25T14:26:52.675+0000] {logging_mixin.py:188} INFO - [2024-12-25T14:26:52.674+0000] {dag.py:3047} INFO - Sync 1 DAGs
[2024-12-25T14:26:52.699+0000] {logging_mixin.py:188} INFO - [2024-12-25T14:26:52.698+0000] {dag.py:3834} INFO - Setting next_dagrun for tutorial_dag to None, run_after=None
[2024-12-25T14:26:52.735+0000] {processor.py:183} INFO - Processing /home/airflow/.local/lib/python3.10/site-packages/airflow/example_dags/tutorial_dag.py took 0.112 seconds
[2024-12-25T14:27:22.782+0000] {processor.py:161} INFO - Started process (PID=8201) to work on /home/airflow/.local/lib/python3.10/site-packages/airflow/example_dags/tutorial_dag.py
[2024-12-25T14:27:22.784+0000] {processor.py:830} INFO - Processing file /home/airflow/.local/lib/python3.10/site-packages/airflow/example_dags/tutorial_dag.py for tasks to queue
[2024-12-25T14:27:22.785+0000] {logging_mixin.py:188} INFO - [2024-12-25T14:27:22.784+0000] {dagbag.py:540} INFO - Filling up the DagBag from /home/airflow/.local/lib/python3.10/site-packages/airflow/example_dags/tutorial_dag.py
[2024-12-25T14:27:22.793+0000] {processor.py:840} INFO - DAG(s) 'tutorial_dag' retrieved from /home/airflow/.local/lib/python3.10/site-packages/airflow/example_dags/tutorial_dag.py
[2024-12-25T14:27:22.825+0000] {logging_mixin.py:188} INFO - [2024-12-25T14:27:22.824+0000] {dag.py:3047} INFO - Sync 1 DAGs
[2024-12-25T14:27:22.840+0000] {logging_mixin.py:188} INFO - [2024-12-25T14:27:22.840+0000] {dag.py:3834} INFO - Setting next_dagrun for tutorial_dag to None, run_after=None
[2024-12-25T14:27:22.864+0000] {processor.py:183} INFO - Processing /home/airflow/.local/lib/python3.10/site-packages/airflow/example_dags/tutorial_dag.py took 0.086 seconds
[2024-12-25T14:27:53.685+0000] {processor.py:161} INFO - Started process (PID=8257) to work on /home/airflow/.local/lib/python3.10/site-packages/airflow/example_dags/tutorial_dag.py
[2024-12-25T14:27:53.688+0000] {processor.py:830} INFO - Processing file /home/airflow/.local/lib/python3.10/site-packages/airflow/example_dags/tutorial_dag.py for tasks to queue
[2024-12-25T14:27:53.690+0000] {logging_mixin.py:188} INFO - [2024-12-25T14:27:53.689+0000] {dagbag.py:540} INFO - Filling up the DagBag from /home/airflow/.local/lib/python3.10/site-packages/airflow/example_dags/tutorial_dag.py
[2024-12-25T14:27:53.708+0000] {processor.py:840} INFO - DAG(s) 'tutorial_dag' retrieved from /home/airflow/.local/lib/python3.10/site-packages/airflow/example_dags/tutorial_dag.py
[2024-12-25T14:27:53.748+0000] {logging_mixin.py:188} INFO - [2024-12-25T14:27:53.747+0000] {dag.py:3047} INFO - Sync 1 DAGs
[2024-12-25T14:27:53.777+0000] {logging_mixin.py:188} INFO - [2024-12-25T14:27:53.777+0000] {dag.py:3834} INFO - Setting next_dagrun for tutorial_dag to None, run_after=None
[2024-12-25T14:27:53.821+0000] {processor.py:183} INFO - Processing /home/airflow/.local/lib/python3.10/site-packages/airflow/example_dags/tutorial_dag.py took 0.142 seconds
[2024-12-25T14:28:24.576+0000] {processor.py:161} INFO - Started process (PID=8313) to work on /home/airflow/.local/lib/python3.10/site-packages/airflow/example_dags/tutorial_dag.py
[2024-12-25T14:28:24.580+0000] {processor.py:830} INFO - Processing file /home/airflow/.local/lib/python3.10/site-packages/airflow/example_dags/tutorial_dag.py for tasks to queue
[2024-12-25T14:28:24.584+0000] {logging_mixin.py:188} INFO - [2024-12-25T14:28:24.583+0000] {dagbag.py:540} INFO - Filling up the DagBag from /home/airflow/.local/lib/python3.10/site-packages/airflow/example_dags/tutorial_dag.py
[2024-12-25T14:28:24.597+0000] {processor.py:840} INFO - DAG(s) 'tutorial_dag' retrieved from /home/airflow/.local/lib/python3.10/site-packages/airflow/example_dags/tutorial_dag.py
[2024-12-25T14:28:24.648+0000] {logging_mixin.py:188} INFO - [2024-12-25T14:28:24.647+0000] {dag.py:3047} INFO - Sync 1 DAGs
[2024-12-25T14:28:24.678+0000] {logging_mixin.py:188} INFO - [2024-12-25T14:28:24.677+0000] {dag.py:3834} INFO - Setting next_dagrun for tutorial_dag to None, run_after=None
[2024-12-25T14:28:24.720+0000] {processor.py:183} INFO - Processing /home/airflow/.local/lib/python3.10/site-packages/airflow/example_dags/tutorial_dag.py took 0.153 seconds
[2024-12-25T14:28:55.049+0000] {processor.py:161} INFO - Started process (PID=8369) to work on /home/airflow/.local/lib/python3.10/site-packages/airflow/example_dags/tutorial_dag.py
[2024-12-25T14:28:55.059+0000] {processor.py:830} INFO - Processing file /home/airflow/.local/lib/python3.10/site-packages/airflow/example_dags/tutorial_dag.py for tasks to queue
[2024-12-25T14:28:55.063+0000] {logging_mixin.py:188} INFO - [2024-12-25T14:28:55.062+0000] {dagbag.py:540} INFO - Filling up the DagBag from /home/airflow/.local/lib/python3.10/site-packages/airflow/example_dags/tutorial_dag.py
[2024-12-25T14:28:55.084+0000] {processor.py:840} INFO - DAG(s) 'tutorial_dag' retrieved from /home/airflow/.local/lib/python3.10/site-packages/airflow/example_dags/tutorial_dag.py
[2024-12-25T14:28:55.157+0000] {logging_mixin.py:188} INFO - [2024-12-25T14:28:55.157+0000] {dag.py:3047} INFO - Sync 1 DAGs
[2024-12-25T14:28:55.189+0000] {logging_mixin.py:188} INFO - [2024-12-25T14:28:55.189+0000] {dag.py:3834} INFO - Setting next_dagrun for tutorial_dag to None, run_after=None
[2024-12-25T14:28:55.228+0000] {processor.py:183} INFO - Processing /home/airflow/.local/lib/python3.10/site-packages/airflow/example_dags/tutorial_dag.py took 0.189 seconds
[2024-12-25T14:29:25.786+0000] {processor.py:161} INFO - Started process (PID=8425) to work on /home/airflow/.local/lib/python3.10/site-packages/airflow/example_dags/tutorial_dag.py
[2024-12-25T14:29:25.789+0000] {processor.py:830} INFO - Processing file /home/airflow/.local/lib/python3.10/site-packages/airflow/example_dags/tutorial_dag.py for tasks to queue
[2024-12-25T14:29:25.791+0000] {logging_mixin.py:188} INFO - [2024-12-25T14:29:25.790+0000] {dagbag.py:540} INFO - Filling up the DagBag from /home/airflow/.local/lib/python3.10/site-packages/airflow/example_dags/tutorial_dag.py
[2024-12-25T14:29:25.802+0000] {processor.py:840} INFO - DAG(s) 'tutorial_dag' retrieved from /home/airflow/.local/lib/python3.10/site-packages/airflow/example_dags/tutorial_dag.py
[2024-12-25T14:29:25.845+0000] {logging_mixin.py:188} INFO - [2024-12-25T14:29:25.845+0000] {dag.py:3047} INFO - Sync 1 DAGs
[2024-12-25T14:29:25.880+0000] {logging_mixin.py:188} INFO - [2024-12-25T14:29:25.879+0000] {dag.py:3834} INFO - Setting next_dagrun for tutorial_dag to None, run_after=None
[2024-12-25T14:29:25.928+0000] {processor.py:183} INFO - Processing /home/airflow/.local/lib/python3.10/site-packages/airflow/example_dags/tutorial_dag.py took 0.149 seconds
[2024-12-25T14:29:56.723+0000] {processor.py:161} INFO - Started process (PID=8480) to work on /home/airflow/.local/lib/python3.10/site-packages/airflow/example_dags/tutorial_dag.py
[2024-12-25T14:29:56.725+0000] {processor.py:830} INFO - Processing file /home/airflow/.local/lib/python3.10/site-packages/airflow/example_dags/tutorial_dag.py for tasks to queue
[2024-12-25T14:29:56.737+0000] {logging_mixin.py:188} INFO - [2024-12-25T14:29:56.737+0000] {dagbag.py:540} INFO - Filling up the DagBag from /home/airflow/.local/lib/python3.10/site-packages/airflow/example_dags/tutorial_dag.py
[2024-12-25T14:29:56.773+0000] {processor.py:840} INFO - DAG(s) 'tutorial_dag' retrieved from /home/airflow/.local/lib/python3.10/site-packages/airflow/example_dags/tutorial_dag.py
[2024-12-25T14:29:56.977+0000] {logging_mixin.py:188} INFO - [2024-12-25T14:29:56.976+0000] {dag.py:3047} INFO - Sync 1 DAGs
[2024-12-25T14:29:57.058+0000] {logging_mixin.py:188} INFO - [2024-12-25T14:29:57.058+0000] {dag.py:3834} INFO - Setting next_dagrun for tutorial_dag to None, run_after=None
[2024-12-25T14:29:57.166+0000] {processor.py:183} INFO - Processing /home/airflow/.local/lib/python3.10/site-packages/airflow/example_dags/tutorial_dag.py took 0.442 seconds
[2024-12-25T14:30:28.036+0000] {processor.py:161} INFO - Started process (PID=8535) to work on /home/airflow/.local/lib/python3.10/site-packages/airflow/example_dags/tutorial_dag.py
[2024-12-25T14:30:28.049+0000] {processor.py:830} INFO - Processing file /home/airflow/.local/lib/python3.10/site-packages/airflow/example_dags/tutorial_dag.py for tasks to queue
[2024-12-25T14:30:28.051+0000] {logging_mixin.py:188} INFO - [2024-12-25T14:30:28.051+0000] {dagbag.py:540} INFO - Filling up the DagBag from /home/airflow/.local/lib/python3.10/site-packages/airflow/example_dags/tutorial_dag.py
[2024-12-25T14:30:28.077+0000] {processor.py:840} INFO - DAG(s) 'tutorial_dag' retrieved from /home/airflow/.local/lib/python3.10/site-packages/airflow/example_dags/tutorial_dag.py
[2024-12-25T14:30:28.198+0000] {logging_mixin.py:188} INFO - [2024-12-25T14:30:28.197+0000] {dag.py:3047} INFO - Sync 1 DAGs
[2024-12-25T14:30:28.275+0000] {logging_mixin.py:188} INFO - [2024-12-25T14:30:28.274+0000] {dag.py:3834} INFO - Setting next_dagrun for tutorial_dag to None, run_after=None
[2024-12-25T14:30:28.418+0000] {processor.py:183} INFO - Processing /home/airflow/.local/lib/python3.10/site-packages/airflow/example_dags/tutorial_dag.py took 0.397 seconds
[2024-12-25T14:30:58.931+0000] {processor.py:161} INFO - Started process (PID=8591) to work on /home/airflow/.local/lib/python3.10/site-packages/airflow/example_dags/tutorial_dag.py
[2024-12-25T14:30:58.938+0000] {processor.py:830} INFO - Processing file /home/airflow/.local/lib/python3.10/site-packages/airflow/example_dags/tutorial_dag.py for tasks to queue
[2024-12-25T14:30:58.941+0000] {logging_mixin.py:188} INFO - [2024-12-25T14:30:58.940+0000] {dagbag.py:540} INFO - Filling up the DagBag from /home/airflow/.local/lib/python3.10/site-packages/airflow/example_dags/tutorial_dag.py
[2024-12-25T14:30:58.955+0000] {processor.py:840} INFO - DAG(s) 'tutorial_dag' retrieved from /home/airflow/.local/lib/python3.10/site-packages/airflow/example_dags/tutorial_dag.py
[2024-12-25T14:30:59.005+0000] {logging_mixin.py:188} INFO - [2024-12-25T14:30:59.005+0000] {dag.py:3047} INFO - Sync 1 DAGs
[2024-12-25T14:30:59.029+0000] {logging_mixin.py:188} INFO - [2024-12-25T14:30:59.028+0000] {dag.py:3834} INFO - Setting next_dagrun for tutorial_dag to None, run_after=None
[2024-12-25T14:30:59.068+0000] {processor.py:183} INFO - Processing /home/airflow/.local/lib/python3.10/site-packages/airflow/example_dags/tutorial_dag.py took 0.142 seconds
[2024-12-25T14:31:29.298+0000] {processor.py:161} INFO - Started process (PID=8646) to work on /home/airflow/.local/lib/python3.10/site-packages/airflow/example_dags/tutorial_dag.py
[2024-12-25T14:31:29.299+0000] {processor.py:830} INFO - Processing file /home/airflow/.local/lib/python3.10/site-packages/airflow/example_dags/tutorial_dag.py for tasks to queue
[2024-12-25T14:31:29.304+0000] {logging_mixin.py:188} INFO - [2024-12-25T14:31:29.304+0000] {dagbag.py:540} INFO - Filling up the DagBag from /home/airflow/.local/lib/python3.10/site-packages/airflow/example_dags/tutorial_dag.py
[2024-12-25T14:31:29.313+0000] {processor.py:840} INFO - DAG(s) 'tutorial_dag' retrieved from /home/airflow/.local/lib/python3.10/site-packages/airflow/example_dags/tutorial_dag.py
[2024-12-25T14:31:29.345+0000] {logging_mixin.py:188} INFO - [2024-12-25T14:31:29.345+0000] {dag.py:3047} INFO - Sync 1 DAGs
[2024-12-25T14:31:29.367+0000] {logging_mixin.py:188} INFO - [2024-12-25T14:31:29.367+0000] {dag.py:3834} INFO - Setting next_dagrun for tutorial_dag to None, run_after=None
[2024-12-25T14:31:29.404+0000] {processor.py:183} INFO - Processing /home/airflow/.local/lib/python3.10/site-packages/airflow/example_dags/tutorial_dag.py took 0.112 seconds
[2024-12-25T14:31:59.655+0000] {processor.py:161} INFO - Started process (PID=8702) to work on /home/airflow/.local/lib/python3.10/site-packages/airflow/example_dags/tutorial_dag.py
[2024-12-25T14:31:59.656+0000] {processor.py:830} INFO - Processing file /home/airflow/.local/lib/python3.10/site-packages/airflow/example_dags/tutorial_dag.py for tasks to queue
[2024-12-25T14:31:59.658+0000] {logging_mixin.py:188} INFO - [2024-12-25T14:31:59.657+0000] {dagbag.py:540} INFO - Filling up the DagBag from /home/airflow/.local/lib/python3.10/site-packages/airflow/example_dags/tutorial_dag.py
[2024-12-25T14:31:59.667+0000] {processor.py:840} INFO - DAG(s) 'tutorial_dag' retrieved from /home/airflow/.local/lib/python3.10/site-packages/airflow/example_dags/tutorial_dag.py
[2024-12-25T14:31:59.700+0000] {logging_mixin.py:188} INFO - [2024-12-25T14:31:59.700+0000] {dag.py:3047} INFO - Sync 1 DAGs
[2024-12-25T14:31:59.718+0000] {logging_mixin.py:188} INFO - [2024-12-25T14:31:59.718+0000] {dag.py:3834} INFO - Setting next_dagrun for tutorial_dag to None, run_after=None
[2024-12-25T14:31:59.745+0000] {processor.py:183} INFO - Processing /home/airflow/.local/lib/python3.10/site-packages/airflow/example_dags/tutorial_dag.py took 0.098 seconds
[2024-12-25T14:32:29.943+0000] {processor.py:161} INFO - Started process (PID=8758) to work on /home/airflow/.local/lib/python3.10/site-packages/airflow/example_dags/tutorial_dag.py
[2024-12-25T14:32:29.945+0000] {processor.py:830} INFO - Processing file /home/airflow/.local/lib/python3.10/site-packages/airflow/example_dags/tutorial_dag.py for tasks to queue
[2024-12-25T14:32:29.946+0000] {logging_mixin.py:188} INFO - [2024-12-25T14:32:29.946+0000] {dagbag.py:540} INFO - Filling up the DagBag from /home/airflow/.local/lib/python3.10/site-packages/airflow/example_dags/tutorial_dag.py
[2024-12-25T14:32:29.956+0000] {processor.py:840} INFO - DAG(s) 'tutorial_dag' retrieved from /home/airflow/.local/lib/python3.10/site-packages/airflow/example_dags/tutorial_dag.py
[2024-12-25T14:32:30.002+0000] {logging_mixin.py:188} INFO - [2024-12-25T14:32:29.999+0000] {dag.py:3047} INFO - Sync 1 DAGs
[2024-12-25T14:32:30.019+0000] {logging_mixin.py:188} INFO - [2024-12-25T14:32:30.018+0000] {dag.py:3834} INFO - Setting next_dagrun for tutorial_dag to None, run_after=None
[2024-12-25T14:32:30.048+0000] {processor.py:183} INFO - Processing /home/airflow/.local/lib/python3.10/site-packages/airflow/example_dags/tutorial_dag.py took 0.110 seconds
[2024-12-25T14:33:00.326+0000] {processor.py:161} INFO - Started process (PID=8813) to work on /home/airflow/.local/lib/python3.10/site-packages/airflow/example_dags/tutorial_dag.py
[2024-12-25T14:33:00.327+0000] {processor.py:830} INFO - Processing file /home/airflow/.local/lib/python3.10/site-packages/airflow/example_dags/tutorial_dag.py for tasks to queue
[2024-12-25T14:33:00.329+0000] {logging_mixin.py:188} INFO - [2024-12-25T14:33:00.328+0000] {dagbag.py:540} INFO - Filling up the DagBag from /home/airflow/.local/lib/python3.10/site-packages/airflow/example_dags/tutorial_dag.py
[2024-12-25T14:33:00.340+0000] {processor.py:840} INFO - DAG(s) 'tutorial_dag' retrieved from /home/airflow/.local/lib/python3.10/site-packages/airflow/example_dags/tutorial_dag.py
[2024-12-25T14:33:00.376+0000] {logging_mixin.py:188} INFO - [2024-12-25T14:33:00.376+0000] {dag.py:3047} INFO - Sync 1 DAGs
[2024-12-25T14:33:00.586+0000] {logging_mixin.py:188} INFO - [2024-12-25T14:33:00.586+0000] {dag.py:3834} INFO - Setting next_dagrun for tutorial_dag to None, run_after=None
[2024-12-25T14:33:00.620+0000] {processor.py:183} INFO - Processing /home/airflow/.local/lib/python3.10/site-packages/airflow/example_dags/tutorial_dag.py took 0.300 seconds
[2024-12-25T14:33:31.386+0000] {processor.py:161} INFO - Started process (PID=8869) to work on /home/airflow/.local/lib/python3.10/site-packages/airflow/example_dags/tutorial_dag.py
[2024-12-25T14:33:31.388+0000] {processor.py:830} INFO - Processing file /home/airflow/.local/lib/python3.10/site-packages/airflow/example_dags/tutorial_dag.py for tasks to queue
[2024-12-25T14:33:31.389+0000] {logging_mixin.py:188} INFO - [2024-12-25T14:33:31.389+0000] {dagbag.py:540} INFO - Filling up the DagBag from /home/airflow/.local/lib/python3.10/site-packages/airflow/example_dags/tutorial_dag.py
[2024-12-25T14:33:31.400+0000] {processor.py:840} INFO - DAG(s) 'tutorial_dag' retrieved from /home/airflow/.local/lib/python3.10/site-packages/airflow/example_dags/tutorial_dag.py
[2024-12-25T14:33:31.436+0000] {logging_mixin.py:188} INFO - [2024-12-25T14:33:31.436+0000] {dag.py:3047} INFO - Sync 1 DAGs
[2024-12-25T14:33:31.458+0000] {logging_mixin.py:188} INFO - [2024-12-25T14:33:31.458+0000] {dag.py:3834} INFO - Setting next_dagrun for tutorial_dag to None, run_after=None
[2024-12-25T14:33:31.497+0000] {processor.py:183} INFO - Processing /home/airflow/.local/lib/python3.10/site-packages/airflow/example_dags/tutorial_dag.py took 0.118 seconds
[2024-12-25T14:34:01.807+0000] {processor.py:161} INFO - Started process (PID=8924) to work on /home/airflow/.local/lib/python3.10/site-packages/airflow/example_dags/tutorial_dag.py
[2024-12-25T14:34:01.808+0000] {processor.py:830} INFO - Processing file /home/airflow/.local/lib/python3.10/site-packages/airflow/example_dags/tutorial_dag.py for tasks to queue
[2024-12-25T14:34:01.809+0000] {logging_mixin.py:188} INFO - [2024-12-25T14:34:01.809+0000] {dagbag.py:540} INFO - Filling up the DagBag from /home/airflow/.local/lib/python3.10/site-packages/airflow/example_dags/tutorial_dag.py
[2024-12-25T14:34:01.818+0000] {processor.py:840} INFO - DAG(s) 'tutorial_dag' retrieved from /home/airflow/.local/lib/python3.10/site-packages/airflow/example_dags/tutorial_dag.py
[2024-12-25T14:34:01.852+0000] {logging_mixin.py:188} INFO - [2024-12-25T14:34:01.852+0000] {dag.py:3047} INFO - Sync 1 DAGs
[2024-12-25T14:34:01.873+0000] {logging_mixin.py:188} INFO - [2024-12-25T14:34:01.873+0000] {dag.py:3834} INFO - Setting next_dagrun for tutorial_dag to None, run_after=None
[2024-12-25T14:34:01.911+0000] {processor.py:183} INFO - Processing /home/airflow/.local/lib/python3.10/site-packages/airflow/example_dags/tutorial_dag.py took 0.113 seconds
[2024-12-25T14:34:31.961+0000] {processor.py:161} INFO - Started process (PID=8979) to work on /home/airflow/.local/lib/python3.10/site-packages/airflow/example_dags/tutorial_dag.py
[2024-12-25T14:34:31.965+0000] {processor.py:830} INFO - Processing file /home/airflow/.local/lib/python3.10/site-packages/airflow/example_dags/tutorial_dag.py for tasks to queue
[2024-12-25T14:34:31.966+0000] {logging_mixin.py:188} INFO - [2024-12-25T14:34:31.966+0000] {dagbag.py:540} INFO - Filling up the DagBag from /home/airflow/.local/lib/python3.10/site-packages/airflow/example_dags/tutorial_dag.py
[2024-12-25T14:34:31.975+0000] {processor.py:840} INFO - DAG(s) 'tutorial_dag' retrieved from /home/airflow/.local/lib/python3.10/site-packages/airflow/example_dags/tutorial_dag.py
[2024-12-25T14:34:32.006+0000] {logging_mixin.py:188} INFO - [2024-12-25T14:34:32.006+0000] {dag.py:3047} INFO - Sync 1 DAGs
[2024-12-25T14:34:32.024+0000] {logging_mixin.py:188} INFO - [2024-12-25T14:34:32.021+0000] {dag.py:3834} INFO - Setting next_dagrun for tutorial_dag to None, run_after=None
[2024-12-25T14:34:32.050+0000] {processor.py:183} INFO - Processing /home/airflow/.local/lib/python3.10/site-packages/airflow/example_dags/tutorial_dag.py took 0.092 seconds
[2024-12-25T14:35:02.728+0000] {processor.py:161} INFO - Started process (PID=9035) to work on /home/airflow/.local/lib/python3.10/site-packages/airflow/example_dags/tutorial_dag.py
[2024-12-25T14:35:02.735+0000] {processor.py:830} INFO - Processing file /home/airflow/.local/lib/python3.10/site-packages/airflow/example_dags/tutorial_dag.py for tasks to queue
[2024-12-25T14:35:02.736+0000] {logging_mixin.py:188} INFO - [2024-12-25T14:35:02.736+0000] {dagbag.py:540} INFO - Filling up the DagBag from /home/airflow/.local/lib/python3.10/site-packages/airflow/example_dags/tutorial_dag.py
[2024-12-25T14:35:02.746+0000] {processor.py:840} INFO - DAG(s) 'tutorial_dag' retrieved from /home/airflow/.local/lib/python3.10/site-packages/airflow/example_dags/tutorial_dag.py
[2024-12-25T14:35:02.785+0000] {logging_mixin.py:188} INFO - [2024-12-25T14:35:02.784+0000] {dag.py:3047} INFO - Sync 1 DAGs
[2024-12-25T14:35:02.804+0000] {logging_mixin.py:188} INFO - [2024-12-25T14:35:02.804+0000] {dag.py:3834} INFO - Setting next_dagrun for tutorial_dag to None, run_after=None
[2024-12-25T14:35:02.837+0000] {processor.py:183} INFO - Processing /home/airflow/.local/lib/python3.10/site-packages/airflow/example_dags/tutorial_dag.py took 0.118 seconds
[2024-12-25T14:35:33.087+0000] {processor.py:161} INFO - Started process (PID=9090) to work on /home/airflow/.local/lib/python3.10/site-packages/airflow/example_dags/tutorial_dag.py
[2024-12-25T14:35:33.088+0000] {processor.py:830} INFO - Processing file /home/airflow/.local/lib/python3.10/site-packages/airflow/example_dags/tutorial_dag.py for tasks to queue
[2024-12-25T14:35:33.090+0000] {logging_mixin.py:188} INFO - [2024-12-25T14:35:33.089+0000] {dagbag.py:540} INFO - Filling up the DagBag from /home/airflow/.local/lib/python3.10/site-packages/airflow/example_dags/tutorial_dag.py
[2024-12-25T14:35:33.102+0000] {processor.py:840} INFO - DAG(s) 'tutorial_dag' retrieved from /home/airflow/.local/lib/python3.10/site-packages/airflow/example_dags/tutorial_dag.py
[2024-12-25T14:35:33.151+0000] {logging_mixin.py:188} INFO - [2024-12-25T14:35:33.151+0000] {dag.py:3047} INFO - Sync 1 DAGs
[2024-12-25T14:35:33.177+0000] {logging_mixin.py:188} INFO - [2024-12-25T14:35:33.177+0000] {dag.py:3834} INFO - Setting next_dagrun for tutorial_dag to None, run_after=None
[2024-12-25T14:35:33.219+0000] {processor.py:183} INFO - Processing /home/airflow/.local/lib/python3.10/site-packages/airflow/example_dags/tutorial_dag.py took 0.139 seconds
[2024-12-25T14:36:03.776+0000] {processor.py:161} INFO - Started process (PID=9152) to work on /home/airflow/.local/lib/python3.10/site-packages/airflow/example_dags/tutorial_dag.py
[2024-12-25T14:36:03.778+0000] {processor.py:830} INFO - Processing file /home/airflow/.local/lib/python3.10/site-packages/airflow/example_dags/tutorial_dag.py for tasks to queue
[2024-12-25T14:36:03.779+0000] {logging_mixin.py:188} INFO - [2024-12-25T14:36:03.779+0000] {dagbag.py:540} INFO - Filling up the DagBag from /home/airflow/.local/lib/python3.10/site-packages/airflow/example_dags/tutorial_dag.py
[2024-12-25T14:36:03.791+0000] {processor.py:840} INFO - DAG(s) 'tutorial_dag' retrieved from /home/airflow/.local/lib/python3.10/site-packages/airflow/example_dags/tutorial_dag.py
[2024-12-25T14:36:03.836+0000] {logging_mixin.py:188} INFO - [2024-12-25T14:36:03.835+0000] {dag.py:3047} INFO - Sync 1 DAGs
[2024-12-25T14:36:03.866+0000] {logging_mixin.py:188} INFO - [2024-12-25T14:36:03.866+0000] {dag.py:3834} INFO - Setting next_dagrun for tutorial_dag to None, run_after=None
[2024-12-25T14:36:03.910+0000] {processor.py:183} INFO - Processing /home/airflow/.local/lib/python3.10/site-packages/airflow/example_dags/tutorial_dag.py took 0.139 seconds
[2024-12-25T14:36:34.244+0000] {processor.py:161} INFO - Started process (PID=9208) to work on /home/airflow/.local/lib/python3.10/site-packages/airflow/example_dags/tutorial_dag.py
[2024-12-25T14:36:34.246+0000] {processor.py:830} INFO - Processing file /home/airflow/.local/lib/python3.10/site-packages/airflow/example_dags/tutorial_dag.py for tasks to queue
[2024-12-25T14:36:34.252+0000] {logging_mixin.py:188} INFO - [2024-12-25T14:36:34.252+0000] {dagbag.py:540} INFO - Filling up the DagBag from /home/airflow/.local/lib/python3.10/site-packages/airflow/example_dags/tutorial_dag.py
[2024-12-25T14:36:34.266+0000] {processor.py:840} INFO - DAG(s) 'tutorial_dag' retrieved from /home/airflow/.local/lib/python3.10/site-packages/airflow/example_dags/tutorial_dag.py
[2024-12-25T14:36:34.312+0000] {logging_mixin.py:188} INFO - [2024-12-25T14:36:34.311+0000] {dag.py:3047} INFO - Sync 1 DAGs
[2024-12-25T14:36:34.352+0000] {logging_mixin.py:188} INFO - [2024-12-25T14:36:34.352+0000] {dag.py:3834} INFO - Setting next_dagrun for tutorial_dag to None, run_after=None
[2024-12-25T14:36:34.412+0000] {processor.py:183} INFO - Processing /home/airflow/.local/lib/python3.10/site-packages/airflow/example_dags/tutorial_dag.py took 0.175 seconds
[2024-12-25T14:37:04.749+0000] {processor.py:161} INFO - Started process (PID=9265) to work on /home/airflow/.local/lib/python3.10/site-packages/airflow/example_dags/tutorial_dag.py
[2024-12-25T14:37:04.751+0000] {processor.py:830} INFO - Processing file /home/airflow/.local/lib/python3.10/site-packages/airflow/example_dags/tutorial_dag.py for tasks to queue
[2024-12-25T14:37:04.752+0000] {logging_mixin.py:188} INFO - [2024-12-25T14:37:04.752+0000] {dagbag.py:540} INFO - Filling up the DagBag from /home/airflow/.local/lib/python3.10/site-packages/airflow/example_dags/tutorial_dag.py
[2024-12-25T14:37:04.769+0000] {processor.py:840} INFO - DAG(s) 'tutorial_dag' retrieved from /home/airflow/.local/lib/python3.10/site-packages/airflow/example_dags/tutorial_dag.py
[2024-12-25T14:37:04.812+0000] {logging_mixin.py:188} INFO - [2024-12-25T14:37:04.812+0000] {dag.py:3047} INFO - Sync 1 DAGs
[2024-12-25T14:37:04.841+0000] {logging_mixin.py:188} INFO - [2024-12-25T14:37:04.840+0000] {dag.py:3834} INFO - Setting next_dagrun for tutorial_dag to None, run_after=None
[2024-12-25T14:37:04.889+0000] {processor.py:183} INFO - Processing /home/airflow/.local/lib/python3.10/site-packages/airflow/example_dags/tutorial_dag.py took 0.149 seconds
[2024-12-25T14:37:35.049+0000] {processor.py:161} INFO - Started process (PID=9320) to work on /home/airflow/.local/lib/python3.10/site-packages/airflow/example_dags/tutorial_dag.py
[2024-12-25T14:37:35.051+0000] {processor.py:830} INFO - Processing file /home/airflow/.local/lib/python3.10/site-packages/airflow/example_dags/tutorial_dag.py for tasks to queue
[2024-12-25T14:37:35.055+0000] {logging_mixin.py:188} INFO - [2024-12-25T14:37:35.055+0000] {dagbag.py:540} INFO - Filling up the DagBag from /home/airflow/.local/lib/python3.10/site-packages/airflow/example_dags/tutorial_dag.py
[2024-12-25T14:37:35.070+0000] {processor.py:840} INFO - DAG(s) 'tutorial_dag' retrieved from /home/airflow/.local/lib/python3.10/site-packages/airflow/example_dags/tutorial_dag.py
[2024-12-25T14:37:35.135+0000] {logging_mixin.py:188} INFO - [2024-12-25T14:37:35.135+0000] {dag.py:3047} INFO - Sync 1 DAGs
[2024-12-25T14:37:35.176+0000] {logging_mixin.py:188} INFO - [2024-12-25T14:37:35.176+0000] {dag.py:3834} INFO - Setting next_dagrun for tutorial_dag to None, run_after=None
[2024-12-25T14:37:35.231+0000] {processor.py:183} INFO - Processing /home/airflow/.local/lib/python3.10/site-packages/airflow/example_dags/tutorial_dag.py took 0.191 seconds
[2024-12-25T14:38:05.887+0000] {processor.py:161} INFO - Started process (PID=9375) to work on /home/airflow/.local/lib/python3.10/site-packages/airflow/example_dags/tutorial_dag.py
[2024-12-25T14:38:05.892+0000] {processor.py:830} INFO - Processing file /home/airflow/.local/lib/python3.10/site-packages/airflow/example_dags/tutorial_dag.py for tasks to queue
[2024-12-25T14:38:05.898+0000] {logging_mixin.py:188} INFO - [2024-12-25T14:38:05.898+0000] {dagbag.py:540} INFO - Filling up the DagBag from /home/airflow/.local/lib/python3.10/site-packages/airflow/example_dags/tutorial_dag.py
[2024-12-25T14:38:05.912+0000] {processor.py:840} INFO - DAG(s) 'tutorial_dag' retrieved from /home/airflow/.local/lib/python3.10/site-packages/airflow/example_dags/tutorial_dag.py
[2024-12-25T14:38:05.959+0000] {logging_mixin.py:188} INFO - [2024-12-25T14:38:05.959+0000] {dag.py:3047} INFO - Sync 1 DAGs
[2024-12-25T14:38:05.989+0000] {logging_mixin.py:188} INFO - [2024-12-25T14:38:05.989+0000] {dag.py:3834} INFO - Setting next_dagrun for tutorial_dag to None, run_after=None
[2024-12-25T14:38:06.028+0000] {processor.py:183} INFO - Processing /home/airflow/.local/lib/python3.10/site-packages/airflow/example_dags/tutorial_dag.py took 0.148 seconds
[2024-12-25T14:38:36.417+0000] {processor.py:161} INFO - Started process (PID=9430) to work on /home/airflow/.local/lib/python3.10/site-packages/airflow/example_dags/tutorial_dag.py
[2024-12-25T14:38:36.418+0000] {processor.py:830} INFO - Processing file /home/airflow/.local/lib/python3.10/site-packages/airflow/example_dags/tutorial_dag.py for tasks to queue
[2024-12-25T14:38:36.419+0000] {logging_mixin.py:188} INFO - [2024-12-25T14:38:36.419+0000] {dagbag.py:540} INFO - Filling up the DagBag from /home/airflow/.local/lib/python3.10/site-packages/airflow/example_dags/tutorial_dag.py
[2024-12-25T14:38:36.429+0000] {processor.py:840} INFO - DAG(s) 'tutorial_dag' retrieved from /home/airflow/.local/lib/python3.10/site-packages/airflow/example_dags/tutorial_dag.py
[2024-12-25T14:38:36.475+0000] {logging_mixin.py:188} INFO - [2024-12-25T14:38:36.475+0000] {dag.py:3047} INFO - Sync 1 DAGs
[2024-12-25T14:38:36.499+0000] {logging_mixin.py:188} INFO - [2024-12-25T14:38:36.499+0000] {dag.py:3834} INFO - Setting next_dagrun for tutorial_dag to None, run_after=None
[2024-12-25T14:38:36.536+0000] {processor.py:183} INFO - Processing /home/airflow/.local/lib/python3.10/site-packages/airflow/example_dags/tutorial_dag.py took 0.126 seconds
[2024-12-25T14:39:06.959+0000] {processor.py:161} INFO - Started process (PID=9486) to work on /home/airflow/.local/lib/python3.10/site-packages/airflow/example_dags/tutorial_dag.py
[2024-12-25T14:39:06.960+0000] {processor.py:830} INFO - Processing file /home/airflow/.local/lib/python3.10/site-packages/airflow/example_dags/tutorial_dag.py for tasks to queue
[2024-12-25T14:39:06.965+0000] {logging_mixin.py:188} INFO - [2024-12-25T14:39:06.964+0000] {dagbag.py:540} INFO - Filling up the DagBag from /home/airflow/.local/lib/python3.10/site-packages/airflow/example_dags/tutorial_dag.py
[2024-12-25T14:39:06.976+0000] {processor.py:840} INFO - DAG(s) 'tutorial_dag' retrieved from /home/airflow/.local/lib/python3.10/site-packages/airflow/example_dags/tutorial_dag.py
[2024-12-25T14:39:07.036+0000] {logging_mixin.py:188} INFO - [2024-12-25T14:39:07.036+0000] {dag.py:3047} INFO - Sync 1 DAGs
[2024-12-25T14:39:07.067+0000] {logging_mixin.py:188} INFO - [2024-12-25T14:39:07.067+0000] {dag.py:3834} INFO - Setting next_dagrun for tutorial_dag to None, run_after=None
[2024-12-25T14:39:07.137+0000] {processor.py:183} INFO - Processing /home/airflow/.local/lib/python3.10/site-packages/airflow/example_dags/tutorial_dag.py took 0.186 seconds
[2024-12-25T14:39:37.581+0000] {processor.py:161} INFO - Started process (PID=9542) to work on /home/airflow/.local/lib/python3.10/site-packages/airflow/example_dags/tutorial_dag.py
[2024-12-25T14:39:37.588+0000] {processor.py:830} INFO - Processing file /home/airflow/.local/lib/python3.10/site-packages/airflow/example_dags/tutorial_dag.py for tasks to queue
[2024-12-25T14:39:37.589+0000] {logging_mixin.py:188} INFO - [2024-12-25T14:39:37.589+0000] {dagbag.py:540} INFO - Filling up the DagBag from /home/airflow/.local/lib/python3.10/site-packages/airflow/example_dags/tutorial_dag.py
[2024-12-25T14:39:37.600+0000] {processor.py:840} INFO - DAG(s) 'tutorial_dag' retrieved from /home/airflow/.local/lib/python3.10/site-packages/airflow/example_dags/tutorial_dag.py
[2024-12-25T14:39:37.640+0000] {logging_mixin.py:188} INFO - [2024-12-25T14:39:37.639+0000] {dag.py:3047} INFO - Sync 1 DAGs
[2024-12-25T14:39:37.667+0000] {logging_mixin.py:188} INFO - [2024-12-25T14:39:37.667+0000] {dag.py:3834} INFO - Setting next_dagrun for tutorial_dag to None, run_after=None
[2024-12-25T14:39:37.699+0000] {processor.py:183} INFO - Processing /home/airflow/.local/lib/python3.10/site-packages/airflow/example_dags/tutorial_dag.py took 0.122 seconds
[2024-12-25T14:40:07.807+0000] {processor.py:161} INFO - Started process (PID=9598) to work on /home/airflow/.local/lib/python3.10/site-packages/airflow/example_dags/tutorial_dag.py
[2024-12-25T14:40:07.809+0000] {processor.py:830} INFO - Processing file /home/airflow/.local/lib/python3.10/site-packages/airflow/example_dags/tutorial_dag.py for tasks to queue
[2024-12-25T14:40:07.810+0000] {logging_mixin.py:188} INFO - [2024-12-25T14:40:07.810+0000] {dagbag.py:540} INFO - Filling up the DagBag from /home/airflow/.local/lib/python3.10/site-packages/airflow/example_dags/tutorial_dag.py
[2024-12-25T14:40:07.825+0000] {processor.py:840} INFO - DAG(s) 'tutorial_dag' retrieved from /home/airflow/.local/lib/python3.10/site-packages/airflow/example_dags/tutorial_dag.py
[2024-12-25T14:40:07.879+0000] {logging_mixin.py:188} INFO - [2024-12-25T14:40:07.878+0000] {dag.py:3047} INFO - Sync 1 DAGs
[2024-12-25T14:40:07.915+0000] {logging_mixin.py:188} INFO - [2024-12-25T14:40:07.914+0000] {dag.py:3834} INFO - Setting next_dagrun for tutorial_dag to None, run_after=None
[2024-12-25T14:40:07.974+0000] {processor.py:183} INFO - Processing /home/airflow/.local/lib/python3.10/site-packages/airflow/example_dags/tutorial_dag.py took 0.176 seconds
[2024-12-25T14:40:38.415+0000] {processor.py:161} INFO - Started process (PID=9654) to work on /home/airflow/.local/lib/python3.10/site-packages/airflow/example_dags/tutorial_dag.py
[2024-12-25T14:40:38.421+0000] {processor.py:830} INFO - Processing file /home/airflow/.local/lib/python3.10/site-packages/airflow/example_dags/tutorial_dag.py for tasks to queue
[2024-12-25T14:40:38.426+0000] {logging_mixin.py:188} INFO - [2024-12-25T14:40:38.425+0000] {dagbag.py:540} INFO - Filling up the DagBag from /home/airflow/.local/lib/python3.10/site-packages/airflow/example_dags/tutorial_dag.py
[2024-12-25T14:40:38.437+0000] {processor.py:840} INFO - DAG(s) 'tutorial_dag' retrieved from /home/airflow/.local/lib/python3.10/site-packages/airflow/example_dags/tutorial_dag.py
[2024-12-25T14:40:38.519+0000] {logging_mixin.py:188} INFO - [2024-12-25T14:40:38.519+0000] {dag.py:3047} INFO - Sync 1 DAGs
[2024-12-25T14:40:38.549+0000] {logging_mixin.py:188} INFO - [2024-12-25T14:40:38.548+0000] {dag.py:3834} INFO - Setting next_dagrun for tutorial_dag to None, run_after=None
[2024-12-25T14:40:38.619+0000] {processor.py:183} INFO - Processing /home/airflow/.local/lib/python3.10/site-packages/airflow/example_dags/tutorial_dag.py took 0.213 seconds
[2024-12-25T14:41:09.249+0000] {processor.py:161} INFO - Started process (PID=9710) to work on /home/airflow/.local/lib/python3.10/site-packages/airflow/example_dags/tutorial_dag.py
[2024-12-25T14:41:09.250+0000] {processor.py:830} INFO - Processing file /home/airflow/.local/lib/python3.10/site-packages/airflow/example_dags/tutorial_dag.py for tasks to queue
[2024-12-25T14:41:09.251+0000] {logging_mixin.py:188} INFO - [2024-12-25T14:41:09.251+0000] {dagbag.py:540} INFO - Filling up the DagBag from /home/airflow/.local/lib/python3.10/site-packages/airflow/example_dags/tutorial_dag.py
[2024-12-25T14:41:09.266+0000] {processor.py:840} INFO - DAG(s) 'tutorial_dag' retrieved from /home/airflow/.local/lib/python3.10/site-packages/airflow/example_dags/tutorial_dag.py
[2024-12-25T14:41:09.360+0000] {logging_mixin.py:188} INFO - [2024-12-25T14:41:09.360+0000] {dag.py:3047} INFO - Sync 1 DAGs
[2024-12-25T14:41:09.397+0000] {logging_mixin.py:188} INFO - [2024-12-25T14:41:09.397+0000] {dag.py:3834} INFO - Setting next_dagrun for tutorial_dag to None, run_after=None
[2024-12-25T14:41:09.448+0000] {processor.py:183} INFO - Processing /home/airflow/.local/lib/python3.10/site-packages/airflow/example_dags/tutorial_dag.py took 0.211 seconds
[2024-12-25T14:41:40.064+0000] {processor.py:161} INFO - Started process (PID=9763) to work on /home/airflow/.local/lib/python3.10/site-packages/airflow/example_dags/tutorial_dag.py
[2024-12-25T14:41:40.066+0000] {processor.py:830} INFO - Processing file /home/airflow/.local/lib/python3.10/site-packages/airflow/example_dags/tutorial_dag.py for tasks to queue
[2024-12-25T14:41:40.067+0000] {logging_mixin.py:188} INFO - [2024-12-25T14:41:40.067+0000] {dagbag.py:540} INFO - Filling up the DagBag from /home/airflow/.local/lib/python3.10/site-packages/airflow/example_dags/tutorial_dag.py
[2024-12-25T14:41:40.078+0000] {processor.py:840} INFO - DAG(s) 'tutorial_dag' retrieved from /home/airflow/.local/lib/python3.10/site-packages/airflow/example_dags/tutorial_dag.py
[2024-12-25T14:41:40.143+0000] {logging_mixin.py:188} INFO - [2024-12-25T14:41:40.139+0000] {dag.py:3047} INFO - Sync 1 DAGs
[2024-12-25T14:41:40.165+0000] {logging_mixin.py:188} INFO - [2024-12-25T14:41:40.165+0000] {dag.py:3834} INFO - Setting next_dagrun for tutorial_dag to None, run_after=None
[2024-12-25T14:41:40.206+0000] {processor.py:183} INFO - Processing /home/airflow/.local/lib/python3.10/site-packages/airflow/example_dags/tutorial_dag.py took 0.150 seconds
[2024-12-25T14:42:10.357+0000] {processor.py:161} INFO - Started process (PID=9819) to work on /home/airflow/.local/lib/python3.10/site-packages/airflow/example_dags/tutorial_dag.py
[2024-12-25T14:42:10.359+0000] {processor.py:830} INFO - Processing file /home/airflow/.local/lib/python3.10/site-packages/airflow/example_dags/tutorial_dag.py for tasks to queue
[2024-12-25T14:42:10.360+0000] {logging_mixin.py:188} INFO - [2024-12-25T14:42:10.360+0000] {dagbag.py:540} INFO - Filling up the DagBag from /home/airflow/.local/lib/python3.10/site-packages/airflow/example_dags/tutorial_dag.py
[2024-12-25T14:42:10.370+0000] {processor.py:840} INFO - DAG(s) 'tutorial_dag' retrieved from /home/airflow/.local/lib/python3.10/site-packages/airflow/example_dags/tutorial_dag.py
[2024-12-25T14:42:10.408+0000] {logging_mixin.py:188} INFO - [2024-12-25T14:42:10.408+0000] {dag.py:3047} INFO - Sync 1 DAGs
[2024-12-25T14:42:10.428+0000] {logging_mixin.py:188} INFO - [2024-12-25T14:42:10.427+0000] {dag.py:3834} INFO - Setting next_dagrun for tutorial_dag to None, run_after=None
[2024-12-25T14:42:10.467+0000] {processor.py:183} INFO - Processing /home/airflow/.local/lib/python3.10/site-packages/airflow/example_dags/tutorial_dag.py took 0.117 seconds
[2024-12-25T14:42:41.466+0000] {processor.py:161} INFO - Started process (PID=9875) to work on /home/airflow/.local/lib/python3.10/site-packages/airflow/example_dags/tutorial_dag.py
[2024-12-25T14:42:41.467+0000] {processor.py:830} INFO - Processing file /home/airflow/.local/lib/python3.10/site-packages/airflow/example_dags/tutorial_dag.py for tasks to queue
[2024-12-25T14:42:41.469+0000] {logging_mixin.py:188} INFO - [2024-12-25T14:42:41.468+0000] {dagbag.py:540} INFO - Filling up the DagBag from /home/airflow/.local/lib/python3.10/site-packages/airflow/example_dags/tutorial_dag.py
[2024-12-25T14:42:41.483+0000] {processor.py:840} INFO - DAG(s) 'tutorial_dag' retrieved from /home/airflow/.local/lib/python3.10/site-packages/airflow/example_dags/tutorial_dag.py
[2024-12-25T14:42:41.519+0000] {logging_mixin.py:188} INFO - [2024-12-25T14:42:41.518+0000] {dag.py:3047} INFO - Sync 1 DAGs
[2024-12-25T14:42:41.545+0000] {logging_mixin.py:188} INFO - [2024-12-25T14:42:41.545+0000] {dag.py:3834} INFO - Setting next_dagrun for tutorial_dag to None, run_after=None
[2024-12-25T14:42:41.585+0000] {processor.py:183} INFO - Processing /home/airflow/.local/lib/python3.10/site-packages/airflow/example_dags/tutorial_dag.py took 0.127 seconds
[2024-12-25T14:43:11.969+0000] {processor.py:161} INFO - Started process (PID=9932) to work on /home/airflow/.local/lib/python3.10/site-packages/airflow/example_dags/tutorial_dag.py
[2024-12-25T14:43:11.976+0000] {processor.py:830} INFO - Processing file /home/airflow/.local/lib/python3.10/site-packages/airflow/example_dags/tutorial_dag.py for tasks to queue
[2024-12-25T14:43:11.978+0000] {logging_mixin.py:188} INFO - [2024-12-25T14:43:11.977+0000] {dagbag.py:540} INFO - Filling up the DagBag from /home/airflow/.local/lib/python3.10/site-packages/airflow/example_dags/tutorial_dag.py
[2024-12-25T14:43:11.997+0000] {processor.py:840} INFO - DAG(s) 'tutorial_dag' retrieved from /home/airflow/.local/lib/python3.10/site-packages/airflow/example_dags/tutorial_dag.py
[2024-12-25T14:43:12.051+0000] {logging_mixin.py:188} INFO - [2024-12-25T14:43:12.050+0000] {dag.py:3047} INFO - Sync 1 DAGs
[2024-12-25T14:43:12.080+0000] {logging_mixin.py:188} INFO - [2024-12-25T14:43:12.080+0000] {dag.py:3834} INFO - Setting next_dagrun for tutorial_dag to None, run_after=None
[2024-12-25T14:43:12.129+0000] {processor.py:183} INFO - Processing /home/airflow/.local/lib/python3.10/site-packages/airflow/example_dags/tutorial_dag.py took 0.171 seconds
[2024-12-25T14:43:42.743+0000] {processor.py:161} INFO - Started process (PID=9987) to work on /home/airflow/.local/lib/python3.10/site-packages/airflow/example_dags/tutorial_dag.py
[2024-12-25T14:43:42.745+0000] {processor.py:830} INFO - Processing file /home/airflow/.local/lib/python3.10/site-packages/airflow/example_dags/tutorial_dag.py for tasks to queue
[2024-12-25T14:43:42.761+0000] {logging_mixin.py:188} INFO - [2024-12-25T14:43:42.761+0000] {dagbag.py:540} INFO - Filling up the DagBag from /home/airflow/.local/lib/python3.10/site-packages/airflow/example_dags/tutorial_dag.py
[2024-12-25T14:43:42.790+0000] {processor.py:840} INFO - DAG(s) 'tutorial_dag' retrieved from /home/airflow/.local/lib/python3.10/site-packages/airflow/example_dags/tutorial_dag.py
[2024-12-25T14:43:42.872+0000] {logging_mixin.py:188} INFO - [2024-12-25T14:43:42.871+0000] {dag.py:3047} INFO - Sync 1 DAGs
[2024-12-25T14:43:42.914+0000] {logging_mixin.py:188} INFO - [2024-12-25T14:43:42.913+0000] {dag.py:3834} INFO - Setting next_dagrun for tutorial_dag to None, run_after=None
[2024-12-25T14:43:42.975+0000] {processor.py:183} INFO - Processing /home/airflow/.local/lib/python3.10/site-packages/airflow/example_dags/tutorial_dag.py took 0.242 seconds
[2024-12-25T14:44:13.276+0000] {processor.py:161} INFO - Started process (PID=10044) to work on /home/airflow/.local/lib/python3.10/site-packages/airflow/example_dags/tutorial_dag.py
[2024-12-25T14:44:13.277+0000] {processor.py:830} INFO - Processing file /home/airflow/.local/lib/python3.10/site-packages/airflow/example_dags/tutorial_dag.py for tasks to queue
[2024-12-25T14:44:13.279+0000] {logging_mixin.py:188} INFO - [2024-12-25T14:44:13.278+0000] {dagbag.py:540} INFO - Filling up the DagBag from /home/airflow/.local/lib/python3.10/site-packages/airflow/example_dags/tutorial_dag.py
[2024-12-25T14:44:13.296+0000] {processor.py:840} INFO - DAG(s) 'tutorial_dag' retrieved from /home/airflow/.local/lib/python3.10/site-packages/airflow/example_dags/tutorial_dag.py
[2024-12-25T14:44:13.449+0000] {logging_mixin.py:188} INFO - [2024-12-25T14:44:13.448+0000] {dag.py:3047} INFO - Sync 1 DAGs
[2024-12-25T14:44:13.497+0000] {logging_mixin.py:188} INFO - [2024-12-25T14:44:13.497+0000] {dag.py:3834} INFO - Setting next_dagrun for tutorial_dag to None, run_after=None
[2024-12-25T14:44:13.560+0000] {processor.py:183} INFO - Processing /home/airflow/.local/lib/python3.10/site-packages/airflow/example_dags/tutorial_dag.py took 0.292 seconds
[2024-12-25T14:44:43.726+0000] {processor.py:161} INFO - Started process (PID=10101) to work on /home/airflow/.local/lib/python3.10/site-packages/airflow/example_dags/tutorial_dag.py
[2024-12-25T14:44:43.729+0000] {processor.py:830} INFO - Processing file /home/airflow/.local/lib/python3.10/site-packages/airflow/example_dags/tutorial_dag.py for tasks to queue
[2024-12-25T14:44:43.736+0000] {logging_mixin.py:188} INFO - [2024-12-25T14:44:43.735+0000] {dagbag.py:540} INFO - Filling up the DagBag from /home/airflow/.local/lib/python3.10/site-packages/airflow/example_dags/tutorial_dag.py
[2024-12-25T14:44:43.748+0000] {processor.py:840} INFO - DAG(s) 'tutorial_dag' retrieved from /home/airflow/.local/lib/python3.10/site-packages/airflow/example_dags/tutorial_dag.py
[2024-12-25T14:44:43.817+0000] {logging_mixin.py:188} INFO - [2024-12-25T14:44:43.816+0000] {dag.py:3047} INFO - Sync 1 DAGs
[2024-12-25T14:44:43.876+0000] {logging_mixin.py:188} INFO - [2024-12-25T14:44:43.876+0000] {dag.py:3834} INFO - Setting next_dagrun for tutorial_dag to None, run_after=None
[2024-12-25T14:44:43.939+0000] {processor.py:183} INFO - Processing /home/airflow/.local/lib/python3.10/site-packages/airflow/example_dags/tutorial_dag.py took 0.222 seconds
[2024-12-25T14:45:14.537+0000] {processor.py:161} INFO - Started process (PID=10157) to work on /home/airflow/.local/lib/python3.10/site-packages/airflow/example_dags/tutorial_dag.py
[2024-12-25T14:45:14.539+0000] {processor.py:830} INFO - Processing file /home/airflow/.local/lib/python3.10/site-packages/airflow/example_dags/tutorial_dag.py for tasks to queue
[2024-12-25T14:45:14.545+0000] {logging_mixin.py:188} INFO - [2024-12-25T14:45:14.540+0000] {dagbag.py:540} INFO - Filling up the DagBag from /home/airflow/.local/lib/python3.10/site-packages/airflow/example_dags/tutorial_dag.py
[2024-12-25T14:45:14.569+0000] {processor.py:840} INFO - DAG(s) 'tutorial_dag' retrieved from /home/airflow/.local/lib/python3.10/site-packages/airflow/example_dags/tutorial_dag.py
[2024-12-25T14:45:14.630+0000] {logging_mixin.py:188} INFO - [2024-12-25T14:45:14.629+0000] {dag.py:3047} INFO - Sync 1 DAGs
[2024-12-25T14:45:14.665+0000] {logging_mixin.py:188} INFO - [2024-12-25T14:45:14.665+0000] {dag.py:3834} INFO - Setting next_dagrun for tutorial_dag to None, run_after=None
[2024-12-25T14:45:14.716+0000] {processor.py:183} INFO - Processing /home/airflow/.local/lib/python3.10/site-packages/airflow/example_dags/tutorial_dag.py took 0.188 seconds
[2024-12-25T14:45:45.401+0000] {processor.py:161} INFO - Started process (PID=10213) to work on /home/airflow/.local/lib/python3.10/site-packages/airflow/example_dags/tutorial_dag.py
[2024-12-25T14:45:45.417+0000] {processor.py:830} INFO - Processing file /home/airflow/.local/lib/python3.10/site-packages/airflow/example_dags/tutorial_dag.py for tasks to queue
[2024-12-25T14:45:45.426+0000] {logging_mixin.py:188} INFO - [2024-12-25T14:45:45.421+0000] {dagbag.py:540} INFO - Filling up the DagBag from /home/airflow/.local/lib/python3.10/site-packages/airflow/example_dags/tutorial_dag.py
[2024-12-25T14:45:45.447+0000] {processor.py:840} INFO - DAG(s) 'tutorial_dag' retrieved from /home/airflow/.local/lib/python3.10/site-packages/airflow/example_dags/tutorial_dag.py
[2024-12-25T14:45:45.529+0000] {logging_mixin.py:188} INFO - [2024-12-25T14:45:45.528+0000] {dag.py:3047} INFO - Sync 1 DAGs
[2024-12-25T14:45:45.571+0000] {logging_mixin.py:188} INFO - [2024-12-25T14:45:45.571+0000] {dag.py:3834} INFO - Setting next_dagrun for tutorial_dag to None, run_after=None
[2024-12-25T14:45:45.649+0000] {processor.py:183} INFO - Processing /home/airflow/.local/lib/python3.10/site-packages/airflow/example_dags/tutorial_dag.py took 0.252 seconds
[2024-12-25T14:46:16.596+0000] {processor.py:161} INFO - Started process (PID=10268) to work on /home/airflow/.local/lib/python3.10/site-packages/airflow/example_dags/tutorial_dag.py
[2024-12-25T14:46:16.598+0000] {processor.py:830} INFO - Processing file /home/airflow/.local/lib/python3.10/site-packages/airflow/example_dags/tutorial_dag.py for tasks to queue
[2024-12-25T14:46:16.614+0000] {logging_mixin.py:188} INFO - [2024-12-25T14:46:16.607+0000] {dagbag.py:540} INFO - Filling up the DagBag from /home/airflow/.local/lib/python3.10/site-packages/airflow/example_dags/tutorial_dag.py
[2024-12-25T14:46:16.634+0000] {processor.py:840} INFO - DAG(s) 'tutorial_dag' retrieved from /home/airflow/.local/lib/python3.10/site-packages/airflow/example_dags/tutorial_dag.py
[2024-12-25T14:46:16.823+0000] {logging_mixin.py:188} INFO - [2024-12-25T14:46:16.823+0000] {dag.py:3047} INFO - Sync 1 DAGs
[2024-12-25T14:46:16.886+0000] {logging_mixin.py:188} INFO - [2024-12-25T14:46:16.886+0000] {dag.py:3834} INFO - Setting next_dagrun for tutorial_dag to None, run_after=None
[2024-12-25T14:46:17.026+0000] {processor.py:183} INFO - Processing /home/airflow/.local/lib/python3.10/site-packages/airflow/example_dags/tutorial_dag.py took 0.469 seconds
[2024-12-25T14:46:47.520+0000] {processor.py:161} INFO - Started process (PID=10323) to work on /home/airflow/.local/lib/python3.10/site-packages/airflow/example_dags/tutorial_dag.py
[2024-12-25T14:46:47.527+0000] {processor.py:830} INFO - Processing file /home/airflow/.local/lib/python3.10/site-packages/airflow/example_dags/tutorial_dag.py for tasks to queue
[2024-12-25T14:46:47.530+0000] {logging_mixin.py:188} INFO - [2024-12-25T14:46:47.529+0000] {dagbag.py:540} INFO - Filling up the DagBag from /home/airflow/.local/lib/python3.10/site-packages/airflow/example_dags/tutorial_dag.py
[2024-12-25T14:46:47.578+0000] {processor.py:840} INFO - DAG(s) 'tutorial_dag' retrieved from /home/airflow/.local/lib/python3.10/site-packages/airflow/example_dags/tutorial_dag.py
[2024-12-25T14:46:47.670+0000] {logging_mixin.py:188} INFO - [2024-12-25T14:46:47.669+0000] {dag.py:3047} INFO - Sync 1 DAGs
[2024-12-25T14:46:47.739+0000] {logging_mixin.py:188} INFO - [2024-12-25T14:46:47.738+0000] {dag.py:3834} INFO - Setting next_dagrun for tutorial_dag to None, run_after=None
[2024-12-25T14:46:47.869+0000] {processor.py:183} INFO - Processing /home/airflow/.local/lib/python3.10/site-packages/airflow/example_dags/tutorial_dag.py took 0.362 seconds
[2024-12-25T14:47:18.071+0000] {processor.py:161} INFO - Started process (PID=10378) to work on /home/airflow/.local/lib/python3.10/site-packages/airflow/example_dags/tutorial_dag.py
[2024-12-25T14:47:18.072+0000] {processor.py:830} INFO - Processing file /home/airflow/.local/lib/python3.10/site-packages/airflow/example_dags/tutorial_dag.py for tasks to queue
[2024-12-25T14:47:18.082+0000] {logging_mixin.py:188} INFO - [2024-12-25T14:47:18.082+0000] {dagbag.py:540} INFO - Filling up the DagBag from /home/airflow/.local/lib/python3.10/site-packages/airflow/example_dags/tutorial_dag.py
[2024-12-25T14:47:18.103+0000] {processor.py:840} INFO - DAG(s) 'tutorial_dag' retrieved from /home/airflow/.local/lib/python3.10/site-packages/airflow/example_dags/tutorial_dag.py
[2024-12-25T14:47:18.162+0000] {logging_mixin.py:188} INFO - [2024-12-25T14:47:18.161+0000] {dag.py:3047} INFO - Sync 1 DAGs
[2024-12-25T14:47:18.198+0000] {logging_mixin.py:188} INFO - [2024-12-25T14:47:18.193+0000] {dag.py:3834} INFO - Setting next_dagrun for tutorial_dag to None, run_after=None
[2024-12-25T14:47:18.289+0000] {processor.py:183} INFO - Processing /home/airflow/.local/lib/python3.10/site-packages/airflow/example_dags/tutorial_dag.py took 0.228 seconds
[2024-12-25T14:47:48.880+0000] {processor.py:161} INFO - Started process (PID=10434) to work on /home/airflow/.local/lib/python3.10/site-packages/airflow/example_dags/tutorial_dag.py
[2024-12-25T14:47:48.889+0000] {processor.py:830} INFO - Processing file /home/airflow/.local/lib/python3.10/site-packages/airflow/example_dags/tutorial_dag.py for tasks to queue
[2024-12-25T14:47:48.898+0000] {logging_mixin.py:188} INFO - [2024-12-25T14:47:48.898+0000] {dagbag.py:540} INFO - Filling up the DagBag from /home/airflow/.local/lib/python3.10/site-packages/airflow/example_dags/tutorial_dag.py
[2024-12-25T14:47:48.919+0000] {processor.py:840} INFO - DAG(s) 'tutorial_dag' retrieved from /home/airflow/.local/lib/python3.10/site-packages/airflow/example_dags/tutorial_dag.py
[2024-12-25T14:47:48.991+0000] {logging_mixin.py:188} INFO - [2024-12-25T14:47:48.991+0000] {dag.py:3047} INFO - Sync 1 DAGs
[2024-12-25T14:47:49.031+0000] {logging_mixin.py:188} INFO - [2024-12-25T14:47:49.030+0000] {dag.py:3834} INFO - Setting next_dagrun for tutorial_dag to None, run_after=None
[2024-12-25T14:47:49.097+0000] {processor.py:183} INFO - Processing /home/airflow/.local/lib/python3.10/site-packages/airflow/example_dags/tutorial_dag.py took 0.230 seconds
[2024-12-25T14:48:19.821+0000] {processor.py:161} INFO - Started process (PID=10490) to work on /home/airflow/.local/lib/python3.10/site-packages/airflow/example_dags/tutorial_dag.py
[2024-12-25T14:48:19.823+0000] {processor.py:830} INFO - Processing file /home/airflow/.local/lib/python3.10/site-packages/airflow/example_dags/tutorial_dag.py for tasks to queue
[2024-12-25T14:48:19.834+0000] {logging_mixin.py:188} INFO - [2024-12-25T14:48:19.833+0000] {dagbag.py:540} INFO - Filling up the DagBag from /home/airflow/.local/lib/python3.10/site-packages/airflow/example_dags/tutorial_dag.py
[2024-12-25T14:48:19.851+0000] {processor.py:840} INFO - DAG(s) 'tutorial_dag' retrieved from /home/airflow/.local/lib/python3.10/site-packages/airflow/example_dags/tutorial_dag.py
[2024-12-25T14:48:19.944+0000] {logging_mixin.py:188} INFO - [2024-12-25T14:48:19.944+0000] {dag.py:3047} INFO - Sync 1 DAGs
[2024-12-25T14:48:19.993+0000] {logging_mixin.py:188} INFO - [2024-12-25T14:48:19.993+0000] {dag.py:3834} INFO - Setting next_dagrun for tutorial_dag to None, run_after=None
[2024-12-25T14:48:20.053+0000] {processor.py:183} INFO - Processing /home/airflow/.local/lib/python3.10/site-packages/airflow/example_dags/tutorial_dag.py took 0.242 seconds
[2024-12-25T14:48:50.238+0000] {processor.py:161} INFO - Started process (PID=10546) to work on /home/airflow/.local/lib/python3.10/site-packages/airflow/example_dags/tutorial_dag.py
[2024-12-25T14:48:50.241+0000] {processor.py:830} INFO - Processing file /home/airflow/.local/lib/python3.10/site-packages/airflow/example_dags/tutorial_dag.py for tasks to queue
[2024-12-25T14:48:50.258+0000] {logging_mixin.py:188} INFO - [2024-12-25T14:48:50.257+0000] {dagbag.py:540} INFO - Filling up the DagBag from /home/airflow/.local/lib/python3.10/site-packages/airflow/example_dags/tutorial_dag.py
[2024-12-25T14:48:50.281+0000] {processor.py:840} INFO - DAG(s) 'tutorial_dag' retrieved from /home/airflow/.local/lib/python3.10/site-packages/airflow/example_dags/tutorial_dag.py
[2024-12-25T14:48:50.429+0000] {logging_mixin.py:188} INFO - [2024-12-25T14:48:50.428+0000] {dag.py:3047} INFO - Sync 1 DAGs
[2024-12-25T14:48:50.491+0000] {logging_mixin.py:188} INFO - [2024-12-25T14:48:50.491+0000] {dag.py:3834} INFO - Setting next_dagrun for tutorial_dag to None, run_after=None
[2024-12-25T14:48:50.580+0000] {processor.py:183} INFO - Processing /home/airflow/.local/lib/python3.10/site-packages/airflow/example_dags/tutorial_dag.py took 0.378 seconds
[2024-12-25T14:49:21.091+0000] {processor.py:161} INFO - Started process (PID=10602) to work on /home/airflow/.local/lib/python3.10/site-packages/airflow/example_dags/tutorial_dag.py
[2024-12-25T14:49:21.099+0000] {processor.py:830} INFO - Processing file /home/airflow/.local/lib/python3.10/site-packages/airflow/example_dags/tutorial_dag.py for tasks to queue
[2024-12-25T14:49:21.100+0000] {logging_mixin.py:188} INFO - [2024-12-25T14:49:21.100+0000] {dagbag.py:540} INFO - Filling up the DagBag from /home/airflow/.local/lib/python3.10/site-packages/airflow/example_dags/tutorial_dag.py
[2024-12-25T14:49:21.127+0000] {processor.py:840} INFO - DAG(s) 'tutorial_dag' retrieved from /home/airflow/.local/lib/python3.10/site-packages/airflow/example_dags/tutorial_dag.py
[2024-12-25T14:49:21.198+0000] {logging_mixin.py:188} INFO - [2024-12-25T14:49:21.197+0000] {dag.py:3047} INFO - Sync 1 DAGs
[2024-12-25T14:49:21.271+0000] {logging_mixin.py:188} INFO - [2024-12-25T14:49:21.271+0000] {dag.py:3834} INFO - Setting next_dagrun for tutorial_dag to None, run_after=None
[2024-12-25T14:49:21.349+0000] {processor.py:183} INFO - Processing /home/airflow/.local/lib/python3.10/site-packages/airflow/example_dags/tutorial_dag.py took 0.269 seconds
[2024-12-25T14:49:51.568+0000] {processor.py:161} INFO - Started process (PID=10659) to work on /home/airflow/.local/lib/python3.10/site-packages/airflow/example_dags/tutorial_dag.py
[2024-12-25T14:49:51.576+0000] {processor.py:830} INFO - Processing file /home/airflow/.local/lib/python3.10/site-packages/airflow/example_dags/tutorial_dag.py for tasks to queue
[2024-12-25T14:49:51.577+0000] {logging_mixin.py:188} INFO - [2024-12-25T14:49:51.577+0000] {dagbag.py:540} INFO - Filling up the DagBag from /home/airflow/.local/lib/python3.10/site-packages/airflow/example_dags/tutorial_dag.py
[2024-12-25T14:49:51.601+0000] {processor.py:840} INFO - DAG(s) 'tutorial_dag' retrieved from /home/airflow/.local/lib/python3.10/site-packages/airflow/example_dags/tutorial_dag.py
[2024-12-25T14:49:51.670+0000] {logging_mixin.py:188} INFO - [2024-12-25T14:49:51.669+0000] {dag.py:3047} INFO - Sync 1 DAGs
[2024-12-25T14:49:51.710+0000] {logging_mixin.py:188} INFO - [2024-12-25T14:49:51.710+0000] {dag.py:3834} INFO - Setting next_dagrun for tutorial_dag to None, run_after=None
[2024-12-25T14:49:51.791+0000] {processor.py:183} INFO - Processing /home/airflow/.local/lib/python3.10/site-packages/airflow/example_dags/tutorial_dag.py took 0.231 seconds
[2024-12-25T14:50:22.359+0000] {processor.py:161} INFO - Started process (PID=10714) to work on /home/airflow/.local/lib/python3.10/site-packages/airflow/example_dags/tutorial_dag.py
[2024-12-25T14:50:22.367+0000] {processor.py:830} INFO - Processing file /home/airflow/.local/lib/python3.10/site-packages/airflow/example_dags/tutorial_dag.py for tasks to queue
[2024-12-25T14:50:22.368+0000] {logging_mixin.py:188} INFO - [2024-12-25T14:50:22.368+0000] {dagbag.py:540} INFO - Filling up the DagBag from /home/airflow/.local/lib/python3.10/site-packages/airflow/example_dags/tutorial_dag.py
[2024-12-25T14:50:22.387+0000] {processor.py:840} INFO - DAG(s) 'tutorial_dag' retrieved from /home/airflow/.local/lib/python3.10/site-packages/airflow/example_dags/tutorial_dag.py
[2024-12-25T14:50:22.469+0000] {logging_mixin.py:188} INFO - [2024-12-25T14:50:22.469+0000] {dag.py:3047} INFO - Sync 1 DAGs
[2024-12-25T14:50:22.516+0000] {logging_mixin.py:188} INFO - [2024-12-25T14:50:22.516+0000] {dag.py:3834} INFO - Setting next_dagrun for tutorial_dag to None, run_after=None
[2024-12-25T14:50:22.587+0000] {processor.py:183} INFO - Processing /home/airflow/.local/lib/python3.10/site-packages/airflow/example_dags/tutorial_dag.py took 0.238 seconds
[2024-12-25T14:50:53.029+0000] {processor.py:161} INFO - Started process (PID=10770) to work on /home/airflow/.local/lib/python3.10/site-packages/airflow/example_dags/tutorial_dag.py
[2024-12-25T14:50:53.036+0000] {processor.py:830} INFO - Processing file /home/airflow/.local/lib/python3.10/site-packages/airflow/example_dags/tutorial_dag.py for tasks to queue
[2024-12-25T14:50:53.038+0000] {logging_mixin.py:188} INFO - [2024-12-25T14:50:53.038+0000] {dagbag.py:540} INFO - Filling up the DagBag from /home/airflow/.local/lib/python3.10/site-packages/airflow/example_dags/tutorial_dag.py
[2024-12-25T14:50:53.066+0000] {processor.py:840} INFO - DAG(s) 'tutorial_dag' retrieved from /home/airflow/.local/lib/python3.10/site-packages/airflow/example_dags/tutorial_dag.py
[2024-12-25T14:50:53.156+0000] {logging_mixin.py:188} INFO - [2024-12-25T14:50:53.156+0000] {dag.py:3047} INFO - Sync 1 DAGs
[2024-12-25T14:50:53.208+0000] {logging_mixin.py:188} INFO - [2024-12-25T14:50:53.207+0000] {dag.py:3834} INFO - Setting next_dagrun for tutorial_dag to None, run_after=None
[2024-12-25T14:50:53.297+0000] {processor.py:183} INFO - Processing /home/airflow/.local/lib/python3.10/site-packages/airflow/example_dags/tutorial_dag.py took 0.279 seconds
[2024-12-25T14:51:23.817+0000] {processor.py:161} INFO - Started process (PID=10826) to work on /home/airflow/.local/lib/python3.10/site-packages/airflow/example_dags/tutorial_dag.py
[2024-12-25T14:51:23.838+0000] {processor.py:830} INFO - Processing file /home/airflow/.local/lib/python3.10/site-packages/airflow/example_dags/tutorial_dag.py for tasks to queue
[2024-12-25T14:51:23.846+0000] {logging_mixin.py:188} INFO - [2024-12-25T14:51:23.840+0000] {dagbag.py:540} INFO - Filling up the DagBag from /home/airflow/.local/lib/python3.10/site-packages/airflow/example_dags/tutorial_dag.py
[2024-12-25T14:51:23.866+0000] {processor.py:840} INFO - DAG(s) 'tutorial_dag' retrieved from /home/airflow/.local/lib/python3.10/site-packages/airflow/example_dags/tutorial_dag.py
[2024-12-25T14:51:24.047+0000] {logging_mixin.py:188} INFO - [2024-12-25T14:51:24.047+0000] {dag.py:3047} INFO - Sync 1 DAGs
[2024-12-25T14:51:24.129+0000] {logging_mixin.py:188} INFO - [2024-12-25T14:51:24.128+0000] {dag.py:3834} INFO - Setting next_dagrun for tutorial_dag to None, run_after=None
[2024-12-25T14:51:24.218+0000] {processor.py:183} INFO - Processing /home/airflow/.local/lib/python3.10/site-packages/airflow/example_dags/tutorial_dag.py took 0.418 seconds
[2024-12-25T14:51:54.369+0000] {processor.py:161} INFO - Started process (PID=10882) to work on /home/airflow/.local/lib/python3.10/site-packages/airflow/example_dags/tutorial_dag.py
[2024-12-25T14:51:54.372+0000] {processor.py:830} INFO - Processing file /home/airflow/.local/lib/python3.10/site-packages/airflow/example_dags/tutorial_dag.py for tasks to queue
[2024-12-25T14:51:54.379+0000] {logging_mixin.py:188} INFO - [2024-12-25T14:51:54.378+0000] {dagbag.py:540} INFO - Filling up the DagBag from /home/airflow/.local/lib/python3.10/site-packages/airflow/example_dags/tutorial_dag.py
[2024-12-25T14:51:54.398+0000] {processor.py:840} INFO - DAG(s) 'tutorial_dag' retrieved from /home/airflow/.local/lib/python3.10/site-packages/airflow/example_dags/tutorial_dag.py
[2024-12-25T14:51:54.530+0000] {logging_mixin.py:188} INFO - [2024-12-25T14:51:54.530+0000] {dag.py:3047} INFO - Sync 1 DAGs
[2024-12-25T14:51:54.590+0000] {logging_mixin.py:188} INFO - [2024-12-25T14:51:54.590+0000] {dag.py:3834} INFO - Setting next_dagrun for tutorial_dag to None, run_after=None
[2024-12-25T14:51:54.688+0000] {processor.py:183} INFO - Processing /home/airflow/.local/lib/python3.10/site-packages/airflow/example_dags/tutorial_dag.py took 0.329 seconds
[2024-12-25T14:52:25.043+0000] {processor.py:161} INFO - Started process (PID=10937) to work on /home/airflow/.local/lib/python3.10/site-packages/airflow/example_dags/tutorial_dag.py
[2024-12-25T14:52:25.050+0000] {processor.py:830} INFO - Processing file /home/airflow/.local/lib/python3.10/site-packages/airflow/example_dags/tutorial_dag.py for tasks to queue
[2024-12-25T14:52:25.052+0000] {logging_mixin.py:188} INFO - [2024-12-25T14:52:25.051+0000] {dagbag.py:540} INFO - Filling up the DagBag from /home/airflow/.local/lib/python3.10/site-packages/airflow/example_dags/tutorial_dag.py
[2024-12-25T14:52:25.071+0000] {processor.py:840} INFO - DAG(s) 'tutorial_dag' retrieved from /home/airflow/.local/lib/python3.10/site-packages/airflow/example_dags/tutorial_dag.py
[2024-12-25T14:52:25.153+0000] {logging_mixin.py:188} INFO - [2024-12-25T14:52:25.153+0000] {dag.py:3047} INFO - Sync 1 DAGs
[2024-12-25T14:52:25.203+0000] {logging_mixin.py:188} INFO - [2024-12-25T14:52:25.203+0000] {dag.py:3834} INFO - Setting next_dagrun for tutorial_dag to None, run_after=None
[2024-12-25T14:52:25.284+0000] {processor.py:183} INFO - Processing /home/airflow/.local/lib/python3.10/site-packages/airflow/example_dags/tutorial_dag.py took 0.252 seconds
[2024-12-25T14:52:55.707+0000] {processor.py:161} INFO - Started process (PID=10993) to work on /home/airflow/.local/lib/python3.10/site-packages/airflow/example_dags/tutorial_dag.py
[2024-12-25T14:52:55.709+0000] {processor.py:830} INFO - Processing file /home/airflow/.local/lib/python3.10/site-packages/airflow/example_dags/tutorial_dag.py for tasks to queue
[2024-12-25T14:52:55.725+0000] {logging_mixin.py:188} INFO - [2024-12-25T14:52:55.719+0000] {dagbag.py:540} INFO - Filling up the DagBag from /home/airflow/.local/lib/python3.10/site-packages/airflow/example_dags/tutorial_dag.py
[2024-12-25T14:52:55.746+0000] {processor.py:840} INFO - DAG(s) 'tutorial_dag' retrieved from /home/airflow/.local/lib/python3.10/site-packages/airflow/example_dags/tutorial_dag.py
[2024-12-25T14:52:55.846+0000] {logging_mixin.py:188} INFO - [2024-12-25T14:52:55.846+0000] {dag.py:3047} INFO - Sync 1 DAGs
[2024-12-25T14:52:55.888+0000] {logging_mixin.py:188} INFO - [2024-12-25T14:52:55.888+0000] {dag.py:3834} INFO - Setting next_dagrun for tutorial_dag to None, run_after=None
[2024-12-25T14:52:55.979+0000] {processor.py:183} INFO - Processing /home/airflow/.local/lib/python3.10/site-packages/airflow/example_dags/tutorial_dag.py took 0.283 seconds
[2024-12-25T14:53:26.316+0000] {processor.py:161} INFO - Started process (PID=11049) to work on /home/airflow/.local/lib/python3.10/site-packages/airflow/example_dags/tutorial_dag.py
[2024-12-25T14:53:26.317+0000] {processor.py:830} INFO - Processing file /home/airflow/.local/lib/python3.10/site-packages/airflow/example_dags/tutorial_dag.py for tasks to queue
[2024-12-25T14:53:26.325+0000] {logging_mixin.py:188} INFO - [2024-12-25T14:53:26.318+0000] {dagbag.py:540} INFO - Filling up the DagBag from /home/airflow/.local/lib/python3.10/site-packages/airflow/example_dags/tutorial_dag.py
[2024-12-25T14:53:26.356+0000] {processor.py:840} INFO - DAG(s) 'tutorial_dag' retrieved from /home/airflow/.local/lib/python3.10/site-packages/airflow/example_dags/tutorial_dag.py
[2024-12-25T14:53:26.465+0000] {logging_mixin.py:188} INFO - [2024-12-25T14:53:26.458+0000] {dag.py:3047} INFO - Sync 1 DAGs
[2024-12-25T14:53:26.517+0000] {logging_mixin.py:188} INFO - [2024-12-25T14:53:26.517+0000] {dag.py:3834} INFO - Setting next_dagrun for tutorial_dag to None, run_after=None
[2024-12-25T14:53:26.628+0000] {processor.py:183} INFO - Processing /home/airflow/.local/lib/python3.10/site-packages/airflow/example_dags/tutorial_dag.py took 0.332 seconds
[2024-12-25T14:53:59.586+0000] {processor.py:161} INFO - Started process (PID=11104) to work on /home/airflow/.local/lib/python3.10/site-packages/airflow/example_dags/tutorial_dag.py
[2024-12-25T14:53:59.597+0000] {processor.py:830} INFO - Processing file /home/airflow/.local/lib/python3.10/site-packages/airflow/example_dags/tutorial_dag.py for tasks to queue
[2024-12-25T14:53:59.608+0000] {logging_mixin.py:188} INFO - [2024-12-25T14:53:59.606+0000] {dagbag.py:540} INFO - Filling up the DagBag from /home/airflow/.local/lib/python3.10/site-packages/airflow/example_dags/tutorial_dag.py
[2024-12-25T14:53:59.687+0000] {processor.py:840} INFO - DAG(s) 'tutorial_dag' retrieved from /home/airflow/.local/lib/python3.10/site-packages/airflow/example_dags/tutorial_dag.py
[2024-12-25T14:53:59.885+0000] {logging_mixin.py:188} INFO - [2024-12-25T14:53:59.884+0000] {dag.py:3047} INFO - Sync 1 DAGs
[2024-12-25T14:53:59.957+0000] {logging_mixin.py:188} INFO - [2024-12-25T14:53:59.957+0000] {dag.py:3834} INFO - Setting next_dagrun for tutorial_dag to None, run_after=None
[2024-12-25T14:54:00.084+0000] {processor.py:183} INFO - Processing /home/airflow/.local/lib/python3.10/site-packages/airflow/example_dags/tutorial_dag.py took 0.517 seconds
[2024-12-25T14:54:30.370+0000] {processor.py:161} INFO - Started process (PID=11158) to work on /home/airflow/.local/lib/python3.10/site-packages/airflow/example_dags/tutorial_dag.py
[2024-12-25T14:54:30.378+0000] {processor.py:830} INFO - Processing file /home/airflow/.local/lib/python3.10/site-packages/airflow/example_dags/tutorial_dag.py for tasks to queue
[2024-12-25T14:54:30.380+0000] {logging_mixin.py:188} INFO - [2024-12-25T14:54:30.379+0000] {dagbag.py:540} INFO - Filling up the DagBag from /home/airflow/.local/lib/python3.10/site-packages/airflow/example_dags/tutorial_dag.py
[2024-12-25T14:54:30.411+0000] {processor.py:840} INFO - DAG(s) 'tutorial_dag' retrieved from /home/airflow/.local/lib/python3.10/site-packages/airflow/example_dags/tutorial_dag.py
[2024-12-25T14:54:30.518+0000] {logging_mixin.py:188} INFO - [2024-12-25T14:54:30.518+0000] {dag.py:3047} INFO - Sync 1 DAGs
[2024-12-25T14:54:30.571+0000] {logging_mixin.py:188} INFO - [2024-12-25T14:54:30.570+0000] {dag.py:3834} INFO - Setting next_dagrun for tutorial_dag to None, run_after=None
[2024-12-25T14:54:30.669+0000] {processor.py:183} INFO - Processing /home/airflow/.local/lib/python3.10/site-packages/airflow/example_dags/tutorial_dag.py took 0.338 seconds
[2024-12-25T14:55:01.205+0000] {processor.py:161} INFO - Started process (PID=11214) to work on /home/airflow/.local/lib/python3.10/site-packages/airflow/example_dags/tutorial_dag.py
[2024-12-25T14:55:01.207+0000] {processor.py:830} INFO - Processing file /home/airflow/.local/lib/python3.10/site-packages/airflow/example_dags/tutorial_dag.py for tasks to queue
[2024-12-25T14:55:01.225+0000] {logging_mixin.py:188} INFO - [2024-12-25T14:55:01.218+0000] {dagbag.py:540} INFO - Filling up the DagBag from /home/airflow/.local/lib/python3.10/site-packages/airflow/example_dags/tutorial_dag.py
[2024-12-25T14:55:01.245+0000] {processor.py:840} INFO - DAG(s) 'tutorial_dag' retrieved from /home/airflow/.local/lib/python3.10/site-packages/airflow/example_dags/tutorial_dag.py
[2024-12-25T14:55:01.416+0000] {logging_mixin.py:188} INFO - [2024-12-25T14:55:01.407+0000] {dag.py:3047} INFO - Sync 1 DAGs
[2024-12-25T14:55:01.535+0000] {logging_mixin.py:188} INFO - [2024-12-25T14:55:01.535+0000] {dag.py:3834} INFO - Setting next_dagrun for tutorial_dag to None, run_after=None
[2024-12-25T14:55:01.617+0000] {processor.py:183} INFO - Processing /home/airflow/.local/lib/python3.10/site-packages/airflow/example_dags/tutorial_dag.py took 0.441 seconds
[2024-12-25T14:55:36.020+0000] {processor.py:161} INFO - Started process (PID=11270) to work on /home/airflow/.local/lib/python3.10/site-packages/airflow/example_dags/tutorial_dag.py
[2024-12-25T14:55:36.031+0000] {processor.py:830} INFO - Processing file /home/airflow/.local/lib/python3.10/site-packages/airflow/example_dags/tutorial_dag.py for tasks to queue
[2024-12-25T14:55:36.040+0000] {logging_mixin.py:188} INFO - [2024-12-25T14:55:36.039+0000] {dagbag.py:540} INFO - Filling up the DagBag from /home/airflow/.local/lib/python3.10/site-packages/airflow/example_dags/tutorial_dag.py
[2024-12-25T14:55:36.118+0000] {processor.py:840} INFO - DAG(s) 'tutorial_dag' retrieved from /home/airflow/.local/lib/python3.10/site-packages/airflow/example_dags/tutorial_dag.py
[2024-12-25T14:55:36.401+0000] {logging_mixin.py:188} INFO - [2024-12-25T14:55:36.400+0000] {dag.py:3047} INFO - Sync 1 DAGs
[2024-12-25T14:55:36.651+0000] {logging_mixin.py:188} INFO - [2024-12-25T14:55:36.650+0000] {dag.py:3834} INFO - Setting next_dagrun for tutorial_dag to None, run_after=None
[2024-12-25T14:55:36.899+0000] {processor.py:183} INFO - Processing /home/airflow/.local/lib/python3.10/site-packages/airflow/example_dags/tutorial_dag.py took 0.917 seconds
[2024-12-25T14:56:07.426+0000] {processor.py:161} INFO - Started process (PID=11325) to work on /home/airflow/.local/lib/python3.10/site-packages/airflow/example_dags/tutorial_dag.py
[2024-12-25T14:56:07.428+0000] {processor.py:830} INFO - Processing file /home/airflow/.local/lib/python3.10/site-packages/airflow/example_dags/tutorial_dag.py for tasks to queue
[2024-12-25T14:56:07.436+0000] {logging_mixin.py:188} INFO - [2024-12-25T14:56:07.435+0000] {dagbag.py:540} INFO - Filling up the DagBag from /home/airflow/.local/lib/python3.10/site-packages/airflow/example_dags/tutorial_dag.py
[2024-12-25T14:56:07.466+0000] {processor.py:840} INFO - DAG(s) 'tutorial_dag' retrieved from /home/airflow/.local/lib/python3.10/site-packages/airflow/example_dags/tutorial_dag.py
[2024-12-25T14:56:07.587+0000] {logging_mixin.py:188} INFO - [2024-12-25T14:56:07.587+0000] {dag.py:3047} INFO - Sync 1 DAGs
[2024-12-25T14:56:07.647+0000] {logging_mixin.py:188} INFO - [2024-12-25T14:56:07.646+0000] {dag.py:3834} INFO - Setting next_dagrun for tutorial_dag to None, run_after=None
[2024-12-25T14:56:07.766+0000] {processor.py:183} INFO - Processing /home/airflow/.local/lib/python3.10/site-packages/airflow/example_dags/tutorial_dag.py took 0.359 seconds
[2024-12-25T14:56:38.310+0000] {processor.py:161} INFO - Started process (PID=11381) to work on /home/airflow/.local/lib/python3.10/site-packages/airflow/example_dags/tutorial_dag.py
[2024-12-25T14:56:38.330+0000] {processor.py:830} INFO - Processing file /home/airflow/.local/lib/python3.10/site-packages/airflow/example_dags/tutorial_dag.py for tasks to queue
[2024-12-25T14:56:38.339+0000] {logging_mixin.py:188} INFO - [2024-12-25T14:56:38.338+0000] {dagbag.py:540} INFO - Filling up the DagBag from /home/airflow/.local/lib/python3.10/site-packages/airflow/example_dags/tutorial_dag.py
[2024-12-25T14:56:38.381+0000] {processor.py:840} INFO - DAG(s) 'tutorial_dag' retrieved from /home/airflow/.local/lib/python3.10/site-packages/airflow/example_dags/tutorial_dag.py
[2024-12-25T14:56:38.559+0000] {logging_mixin.py:188} INFO - [2024-12-25T14:56:38.558+0000] {dag.py:3047} INFO - Sync 1 DAGs
[2024-12-25T14:56:38.650+0000] {logging_mixin.py:188} INFO - [2024-12-25T14:56:38.650+0000] {dag.py:3834} INFO - Setting next_dagrun for tutorial_dag to None, run_after=None
[2024-12-25T14:56:38.791+0000] {processor.py:183} INFO - Processing /home/airflow/.local/lib/python3.10/site-packages/airflow/example_dags/tutorial_dag.py took 0.502 seconds
[2024-12-25T14:57:09.229+0000] {processor.py:161} INFO - Started process (PID=11436) to work on /home/airflow/.local/lib/python3.10/site-packages/airflow/example_dags/tutorial_dag.py
[2024-12-25T14:57:09.238+0000] {processor.py:830} INFO - Processing file /home/airflow/.local/lib/python3.10/site-packages/airflow/example_dags/tutorial_dag.py for tasks to queue
[2024-12-25T14:57:09.249+0000] {logging_mixin.py:188} INFO - [2024-12-25T14:57:09.248+0000] {dagbag.py:540} INFO - Filling up the DagBag from /home/airflow/.local/lib/python3.10/site-packages/airflow/example_dags/tutorial_dag.py
[2024-12-25T14:57:09.280+0000] {processor.py:840} INFO - DAG(s) 'tutorial_dag' retrieved from /home/airflow/.local/lib/python3.10/site-packages/airflow/example_dags/tutorial_dag.py
[2024-12-25T14:57:09.400+0000] {logging_mixin.py:188} INFO - [2024-12-25T14:57:09.400+0000] {dag.py:3047} INFO - Sync 1 DAGs
[2024-12-25T14:57:09.451+0000] {logging_mixin.py:188} INFO - [2024-12-25T14:57:09.450+0000] {dag.py:3834} INFO - Setting next_dagrun for tutorial_dag to None, run_after=None
[2024-12-25T14:57:09.579+0000] {processor.py:183} INFO - Processing /home/airflow/.local/lib/python3.10/site-packages/airflow/example_dags/tutorial_dag.py took 0.369 seconds
[2024-12-25T14:57:39.754+0000] {processor.py:161} INFO - Started process (PID=11491) to work on /home/airflow/.local/lib/python3.10/site-packages/airflow/example_dags/tutorial_dag.py
[2024-12-25T14:57:39.763+0000] {processor.py:830} INFO - Processing file /home/airflow/.local/lib/python3.10/site-packages/airflow/example_dags/tutorial_dag.py for tasks to queue
[2024-12-25T14:57:39.765+0000] {logging_mixin.py:188} INFO - [2024-12-25T14:57:39.765+0000] {dagbag.py:540} INFO - Filling up the DagBag from /home/airflow/.local/lib/python3.10/site-packages/airflow/example_dags/tutorial_dag.py
[2024-12-25T14:57:39.813+0000] {processor.py:840} INFO - DAG(s) 'tutorial_dag' retrieved from /home/airflow/.local/lib/python3.10/site-packages/airflow/example_dags/tutorial_dag.py
[2024-12-25T14:57:39.906+0000] {logging_mixin.py:188} INFO - [2024-12-25T14:57:39.905+0000] {dag.py:3047} INFO - Sync 1 DAGs
[2024-12-25T14:57:39.984+0000] {logging_mixin.py:188} INFO - [2024-12-25T14:57:39.983+0000] {dag.py:3834} INFO - Setting next_dagrun for tutorial_dag to None, run_after=None
[2024-12-25T14:57:40.083+0000] {processor.py:183} INFO - Processing /home/airflow/.local/lib/python3.10/site-packages/airflow/example_dags/tutorial_dag.py took 0.341 seconds
[2024-12-25T14:58:10.380+0000] {processor.py:161} INFO - Started process (PID=11547) to work on /home/airflow/.local/lib/python3.10/site-packages/airflow/example_dags/tutorial_dag.py
[2024-12-25T14:58:10.409+0000] {processor.py:830} INFO - Processing file /home/airflow/.local/lib/python3.10/site-packages/airflow/example_dags/tutorial_dag.py for tasks to queue
[2024-12-25T14:58:10.418+0000] {logging_mixin.py:188} INFO - [2024-12-25T14:58:10.410+0000] {dagbag.py:540} INFO - Filling up the DagBag from /home/airflow/.local/lib/python3.10/site-packages/airflow/example_dags/tutorial_dag.py
[2024-12-25T14:58:10.440+0000] {processor.py:840} INFO - DAG(s) 'tutorial_dag' retrieved from /home/airflow/.local/lib/python3.10/site-packages/airflow/example_dags/tutorial_dag.py
[2024-12-25T14:58:10.619+0000] {logging_mixin.py:188} INFO - [2024-12-25T14:58:10.619+0000] {dag.py:3047} INFO - Sync 1 DAGs
[2024-12-25T14:58:10.708+0000] {logging_mixin.py:188} INFO - [2024-12-25T14:58:10.708+0000] {dag.py:3834} INFO - Setting next_dagrun for tutorial_dag to None, run_after=None
[2024-12-25T14:58:10.858+0000] {processor.py:183} INFO - Processing /home/airflow/.local/lib/python3.10/site-packages/airflow/example_dags/tutorial_dag.py took 0.489 seconds
[2024-12-25T14:58:41.719+0000] {processor.py:161} INFO - Started process (PID=11603) to work on /home/airflow/.local/lib/python3.10/site-packages/airflow/example_dags/tutorial_dag.py
[2024-12-25T14:58:41.721+0000] {processor.py:830} INFO - Processing file /home/airflow/.local/lib/python3.10/site-packages/airflow/example_dags/tutorial_dag.py for tasks to queue
[2024-12-25T14:58:41.729+0000] {logging_mixin.py:188} INFO - [2024-12-25T14:58:41.729+0000] {dagbag.py:540} INFO - Filling up the DagBag from /home/airflow/.local/lib/python3.10/site-packages/airflow/example_dags/tutorial_dag.py
[2024-12-25T14:58:41.769+0000] {processor.py:840} INFO - DAG(s) 'tutorial_dag' retrieved from /home/airflow/.local/lib/python3.10/site-packages/airflow/example_dags/tutorial_dag.py
[2024-12-25T14:58:41.930+0000] {logging_mixin.py:188} INFO - [2024-12-25T14:58:41.922+0000] {dag.py:3047} INFO - Sync 1 DAGs
[2024-12-25T14:58:42.012+0000] {logging_mixin.py:188} INFO - [2024-12-25T14:58:42.011+0000] {dag.py:3834} INFO - Setting next_dagrun for tutorial_dag to None, run_after=None
[2024-12-25T14:58:42.191+0000] {processor.py:183} INFO - Processing /home/airflow/.local/lib/python3.10/site-packages/airflow/example_dags/tutorial_dag.py took 0.501 seconds
[2024-12-25T14:59:14.361+0000] {processor.py:161} INFO - Started process (PID=11659) to work on /home/airflow/.local/lib/python3.10/site-packages/airflow/example_dags/tutorial_dag.py
[2024-12-25T14:59:14.371+0000] {processor.py:830} INFO - Processing file /home/airflow/.local/lib/python3.10/site-packages/airflow/example_dags/tutorial_dag.py for tasks to queue
[2024-12-25T14:59:14.373+0000] {logging_mixin.py:188} INFO - [2024-12-25T14:59:14.372+0000] {dagbag.py:540} INFO - Filling up the DagBag from /home/airflow/.local/lib/python3.10/site-packages/airflow/example_dags/tutorial_dag.py
[2024-12-25T14:59:14.403+0000] {processor.py:840} INFO - DAG(s) 'tutorial_dag' retrieved from /home/airflow/.local/lib/python3.10/site-packages/airflow/example_dags/tutorial_dag.py
[2024-12-25T14:59:14.581+0000] {logging_mixin.py:188} INFO - [2024-12-25T14:59:14.573+0000] {dag.py:3047} INFO - Sync 1 DAGs
[2024-12-25T14:59:14.662+0000] {logging_mixin.py:188} INFO - [2024-12-25T14:59:14.662+0000] {dag.py:3834} INFO - Setting next_dagrun for tutorial_dag to None, run_after=None
[2024-12-25T14:59:14.783+0000] {processor.py:183} INFO - Processing /home/airflow/.local/lib/python3.10/site-packages/airflow/example_dags/tutorial_dag.py took 0.462 seconds
[2024-12-25T14:59:54.588+0000] {processor.py:161} INFO - Started process (PID=11719) to work on /home/airflow/.local/lib/python3.10/site-packages/airflow/example_dags/tutorial_dag.py
[2024-12-25T14:59:54.598+0000] {processor.py:830} INFO - Processing file /home/airflow/.local/lib/python3.10/site-packages/airflow/example_dags/tutorial_dag.py for tasks to queue
[2024-12-25T14:59:54.608+0000] {logging_mixin.py:188} INFO - [2024-12-25T14:59:54.608+0000] {dagbag.py:540} INFO - Filling up the DagBag from /home/airflow/.local/lib/python3.10/site-packages/airflow/example_dags/tutorial_dag.py
[2024-12-25T14:59:54.688+0000] {processor.py:840} INFO - DAG(s) 'tutorial_dag' retrieved from /home/airflow/.local/lib/python3.10/site-packages/airflow/example_dags/tutorial_dag.py
[2024-12-25T14:59:55.067+0000] {logging_mixin.py:188} INFO - [2024-12-25T14:59:55.067+0000] {dag.py:3047} INFO - Sync 1 DAGs
[2024-12-25T14:59:55.308+0000] {logging_mixin.py:188} INFO - [2024-12-25T14:59:55.308+0000] {dag.py:3834} INFO - Setting next_dagrun for tutorial_dag to None, run_after=None
[2024-12-25T14:59:55.627+0000] {processor.py:183} INFO - Processing /home/airflow/.local/lib/python3.10/site-packages/airflow/example_dags/tutorial_dag.py took 1.119 seconds
[2024-12-25T15:00:26.280+0000] {processor.py:161} INFO - Started process (PID=11774) to work on /home/airflow/.local/lib/python3.10/site-packages/airflow/example_dags/tutorial_dag.py
[2024-12-25T15:00:26.299+0000] {processor.py:830} INFO - Processing file /home/airflow/.local/lib/python3.10/site-packages/airflow/example_dags/tutorial_dag.py for tasks to queue
[2024-12-25T15:00:26.301+0000] {logging_mixin.py:188} INFO - [2024-12-25T15:00:26.300+0000] {dagbag.py:540} INFO - Filling up the DagBag from /home/airflow/.local/lib/python3.10/site-packages/airflow/example_dags/tutorial_dag.py
[2024-12-25T15:00:26.361+0000] {processor.py:840} INFO - DAG(s) 'tutorial_dag' retrieved from /home/airflow/.local/lib/python3.10/site-packages/airflow/example_dags/tutorial_dag.py
[2024-12-25T15:00:26.539+0000] {logging_mixin.py:188} INFO - [2024-12-25T15:00:26.539+0000] {dag.py:3047} INFO - Sync 1 DAGs
[2024-12-25T15:00:26.619+0000] {logging_mixin.py:188} INFO - [2024-12-25T15:00:26.611+0000] {dag.py:3834} INFO - Setting next_dagrun for tutorial_dag to None, run_after=None
[2024-12-25T15:00:26.761+0000] {processor.py:183} INFO - Processing /home/airflow/.local/lib/python3.10/site-packages/airflow/example_dags/tutorial_dag.py took 0.520 seconds
[2024-12-25T15:02:04.192+0000] {processor.py:161} INFO - Started process (PID=11847) to work on /home/airflow/.local/lib/python3.10/site-packages/airflow/example_dags/tutorial_dag.py
[2024-12-25T15:02:04.513+0000] {processor.py:830} INFO - Processing file /home/airflow/.local/lib/python3.10/site-packages/airflow/example_dags/tutorial_dag.py for tasks to queue
[2024-12-25T15:02:04.843+0000] {logging_mixin.py:188} INFO - [2024-12-25T15:02:04.842+0000] {dagbag.py:540} INFO - Filling up the DagBag from /home/airflow/.local/lib/python3.10/site-packages/airflow/example_dags/tutorial_dag.py
[2024-12-25T15:02:05.643+0000] {processor.py:840} INFO - DAG(s) 'tutorial_dag' retrieved from /home/airflow/.local/lib/python3.10/site-packages/airflow/example_dags/tutorial_dag.py
[2024-12-25T15:02:06.872+0000] {logging_mixin.py:188} INFO - [2024-12-25T15:02:06.853+0000] {dag.py:3047} INFO - Sync 1 DAGs
[2024-12-25T15:02:07.313+0000] {logging_mixin.py:188} INFO - [2024-12-25T15:02:07.313+0000] {dag.py:3834} INFO - Setting next_dagrun for tutorial_dag to None, run_after=None
[2024-12-25T15:02:08.613+0000] {processor.py:183} INFO - Processing /home/airflow/.local/lib/python3.10/site-packages/airflow/example_dags/tutorial_dag.py took 4.732 seconds
[2024-12-25T15:03:41.786+0000] {processor.py:161} INFO - Started process (PID=11927) to work on /home/airflow/.local/lib/python3.10/site-packages/airflow/example_dags/tutorial_dag.py
[2024-12-25T15:03:41.806+0000] {processor.py:830} INFO - Processing file /home/airflow/.local/lib/python3.10/site-packages/airflow/example_dags/tutorial_dag.py for tasks to queue
[2024-12-25T15:03:41.847+0000] {logging_mixin.py:188} INFO - [2024-12-25T15:03:41.846+0000] {dagbag.py:540} INFO - Filling up the DagBag from /home/airflow/.local/lib/python3.10/site-packages/airflow/example_dags/tutorial_dag.py
[2024-12-25T15:03:42.007+0000] {processor.py:840} INFO - DAG(s) 'tutorial_dag' retrieved from /home/airflow/.local/lib/python3.10/site-packages/airflow/example_dags/tutorial_dag.py
[2024-12-25T15:03:42.587+0000] {logging_mixin.py:188} INFO - [2024-12-25T15:03:42.537+0000] {dag.py:3047} INFO - Sync 1 DAGs
[2024-12-25T15:03:43.167+0000] {logging_mixin.py:188} INFO - [2024-12-25T15:03:43.137+0000] {dag.py:3834} INFO - Setting next_dagrun for tutorial_dag to None, run_after=None
[2024-12-25T15:03:43.856+0000] {processor.py:183} INFO - Processing /home/airflow/.local/lib/python3.10/site-packages/airflow/example_dags/tutorial_dag.py took 2.159 seconds
[2024-12-25T15:05:01.085+0000] {processor.py:161} INFO - Started process (PID=11991) to work on /home/airflow/.local/lib/python3.10/site-packages/airflow/example_dags/tutorial_dag.py
[2024-12-25T15:05:01.125+0000] {processor.py:830} INFO - Processing file /home/airflow/.local/lib/python3.10/site-packages/airflow/example_dags/tutorial_dag.py for tasks to queue
[2024-12-25T15:05:01.225+0000] {logging_mixin.py:188} INFO - [2024-12-25T15:05:01.165+0000] {dagbag.py:540} INFO - Filling up the DagBag from /home/airflow/.local/lib/python3.10/site-packages/airflow/example_dags/tutorial_dag.py
[2024-12-25T15:05:01.335+0000] {processor.py:840} INFO - DAG(s) 'tutorial_dag' retrieved from /home/airflow/.local/lib/python3.10/site-packages/airflow/example_dags/tutorial_dag.py
[2024-12-25T15:05:01.865+0000] {logging_mixin.py:188} INFO - [2024-12-25T15:05:01.865+0000] {dag.py:3047} INFO - Sync 1 DAGs
[2024-12-25T15:05:02.295+0000] {logging_mixin.py:188} INFO - [2024-12-25T15:05:02.295+0000] {dag.py:3834} INFO - Setting next_dagrun for tutorial_dag to None, run_after=None
[2024-12-25T15:05:02.935+0000] {processor.py:183} INFO - Processing /home/airflow/.local/lib/python3.10/site-packages/airflow/example_dags/tutorial_dag.py took 1.930 seconds
[2024-12-25T15:08:21.637+0000] {processor.py:161} INFO - Started process (PID=12091) to work on /home/airflow/.local/lib/python3.10/site-packages/airflow/example_dags/tutorial_dag.py
[2024-12-25T15:08:21.766+0000] {processor.py:830} INFO - Processing file /home/airflow/.local/lib/python3.10/site-packages/airflow/example_dags/tutorial_dag.py for tasks to queue
[2024-12-25T15:08:21.867+0000] {logging_mixin.py:188} INFO - [2024-12-25T15:08:21.817+0000] {dagbag.py:540} INFO - Filling up the DagBag from /home/airflow/.local/lib/python3.10/site-packages/airflow/example_dags/tutorial_dag.py
[2024-12-25T15:08:22.307+0000] {processor.py:840} INFO - DAG(s) 'tutorial_dag' retrieved from /home/airflow/.local/lib/python3.10/site-packages/airflow/example_dags/tutorial_dag.py
[2024-12-25T15:08:23.856+0000] {logging_mixin.py:188} INFO - [2024-12-25T15:08:23.855+0000] {dag.py:3047} INFO - Sync 1 DAGs
[2024-12-25T15:08:25.696+0000] {logging_mixin.py:188} INFO - [2024-12-25T15:08:25.596+0000] {dag.py:3834} INFO - Setting next_dagrun for tutorial_dag to None, run_after=None
[2024-12-25T15:08:27.846+0000] {processor.py:183} INFO - Processing /home/airflow/.local/lib/python3.10/site-packages/airflow/example_dags/tutorial_dag.py took 6.680 seconds
