[2024-12-25T14:24:10.652+0000] {processor.py:161} INFO - Started process (PID=7867) to work on /home/airflow/.local/lib/python3.10/site-packages/airflow/example_dags/tutorial.py
[2024-12-25T14:24:10.654+0000] {processor.py:830} INFO - Processing file /home/airflow/.local/lib/python3.10/site-packages/airflow/example_dags/tutorial.py for tasks to queue
[2024-12-25T14:24:10.656+0000] {logging_mixin.py:188} INFO - [2024-12-25T14:24:10.655+0000] {dagbag.py:540} INFO - Filling up the DagBag from /home/airflow/.local/lib/python3.10/site-packages/airflow/example_dags/tutorial.py
[2024-12-25T14:24:10.679+0000] {processor.py:840} INFO - DAG(s) 'tutorial' retrieved from /home/airflow/.local/lib/python3.10/site-packages/airflow/example_dags/tutorial.py
[2024-12-25T14:24:10.738+0000] {logging_mixin.py:188} INFO - [2024-12-25T14:24:10.737+0000] {dag.py:3047} INFO - Sync 1 DAGs
[2024-12-25T14:24:10.798+0000] {logging_mixin.py:188} INFO - [2024-12-25T14:24:10.798+0000] {dag.py:3834} INFO - Setting next_dagrun for tutorial to 2024-12-24 00:00:00+00:00, run_after=2024-12-25 00:00:00+00:00
[2024-12-25T14:24:11.579+0000] {processor.py:183} INFO - Processing /home/airflow/.local/lib/python3.10/site-packages/airflow/example_dags/tutorial.py took 0.934 seconds
[2024-12-25T14:24:44.741+0000] {processor.py:161} INFO - Started process (PID=7922) to work on /home/airflow/.local/lib/python3.10/site-packages/airflow/example_dags/tutorial.py
[2024-12-25T14:24:44.745+0000] {processor.py:830} INFO - Processing file /home/airflow/.local/lib/python3.10/site-packages/airflow/example_dags/tutorial.py for tasks to queue
[2024-12-25T14:24:44.750+0000] {logging_mixin.py:188} INFO - [2024-12-25T14:24:44.749+0000] {dagbag.py:540} INFO - Filling up the DagBag from /home/airflow/.local/lib/python3.10/site-packages/airflow/example_dags/tutorial.py
[2024-12-25T14:24:44.786+0000] {processor.py:840} INFO - DAG(s) 'tutorial' retrieved from /home/airflow/.local/lib/python3.10/site-packages/airflow/example_dags/tutorial.py
[2024-12-25T14:24:44.878+0000] {logging_mixin.py:188} INFO - [2024-12-25T14:24:44.877+0000] {dag.py:3047} INFO - Sync 1 DAGs
[2024-12-25T14:24:44.997+0000] {logging_mixin.py:188} INFO - [2024-12-25T14:24:44.996+0000] {dag.py:3834} INFO - Setting next_dagrun for tutorial to 2024-12-24 00:00:00+00:00, run_after=2024-12-25 00:00:00+00:00
[2024-12-25T14:24:45.088+0000] {processor.py:183} INFO - Processing /home/airflow/.local/lib/python3.10/site-packages/airflow/example_dags/tutorial.py took 0.398 seconds
[2024-12-25T14:25:15.755+0000] {processor.py:161} INFO - Started process (PID=7978) to work on /home/airflow/.local/lib/python3.10/site-packages/airflow/example_dags/tutorial.py
[2024-12-25T14:25:15.756+0000] {processor.py:830} INFO - Processing file /home/airflow/.local/lib/python3.10/site-packages/airflow/example_dags/tutorial.py for tasks to queue
[2024-12-25T14:25:15.758+0000] {logging_mixin.py:188} INFO - [2024-12-25T14:25:15.757+0000] {dagbag.py:540} INFO - Filling up the DagBag from /home/airflow/.local/lib/python3.10/site-packages/airflow/example_dags/tutorial.py
[2024-12-25T14:25:15.766+0000] {processor.py:840} INFO - DAG(s) 'tutorial' retrieved from /home/airflow/.local/lib/python3.10/site-packages/airflow/example_dags/tutorial.py
[2024-12-25T14:25:15.794+0000] {logging_mixin.py:188} INFO - [2024-12-25T14:25:15.793+0000] {dag.py:3047} INFO - Sync 1 DAGs
[2024-12-25T14:25:15.822+0000] {logging_mixin.py:188} INFO - [2024-12-25T14:25:15.822+0000] {dag.py:3834} INFO - Setting next_dagrun for tutorial to 2024-12-24 00:00:00+00:00, run_after=2024-12-25 00:00:00+00:00
[2024-12-25T14:25:15.852+0000] {processor.py:183} INFO - Processing /home/airflow/.local/lib/python3.10/site-packages/airflow/example_dags/tutorial.py took 0.103 seconds
[2024-12-25T14:25:50.512+0000] {processor.py:161} INFO - Started process (PID=8034) to work on /home/airflow/.local/lib/python3.10/site-packages/airflow/example_dags/tutorial.py
[2024-12-25T14:25:50.640+0000] {processor.py:830} INFO - Processing file /home/airflow/.local/lib/python3.10/site-packages/airflow/example_dags/tutorial.py for tasks to queue
[2024-12-25T14:25:50.642+0000] {logging_mixin.py:188} INFO - [2024-12-25T14:25:50.642+0000] {dagbag.py:540} INFO - Filling up the DagBag from /home/airflow/.local/lib/python3.10/site-packages/airflow/example_dags/tutorial.py
[2024-12-25T14:25:50.650+0000] {processor.py:840} INFO - DAG(s) 'tutorial' retrieved from /home/airflow/.local/lib/python3.10/site-packages/airflow/example_dags/tutorial.py
[2024-12-25T14:25:50.673+0000] {logging_mixin.py:188} INFO - [2024-12-25T14:25:50.673+0000] {dag.py:3047} INFO - Sync 1 DAGs
[2024-12-25T14:25:50.694+0000] {logging_mixin.py:188} INFO - [2024-12-25T14:25:50.694+0000] {dag.py:3834} INFO - Setting next_dagrun for tutorial to 2024-12-24 00:00:00+00:00, run_after=2024-12-25 00:00:00+00:00
[2024-12-25T14:25:51.182+0000] {processor.py:183} INFO - Processing /home/airflow/.local/lib/python3.10/site-packages/airflow/example_dags/tutorial.py took 0.673 seconds
[2024-12-25T14:26:21.473+0000] {processor.py:161} INFO - Started process (PID=8089) to work on /home/airflow/.local/lib/python3.10/site-packages/airflow/example_dags/tutorial.py
[2024-12-25T14:26:21.475+0000] {processor.py:830} INFO - Processing file /home/airflow/.local/lib/python3.10/site-packages/airflow/example_dags/tutorial.py for tasks to queue
[2024-12-25T14:26:21.476+0000] {logging_mixin.py:188} INFO - [2024-12-25T14:26:21.476+0000] {dagbag.py:540} INFO - Filling up the DagBag from /home/airflow/.local/lib/python3.10/site-packages/airflow/example_dags/tutorial.py
[2024-12-25T14:26:21.484+0000] {processor.py:840} INFO - DAG(s) 'tutorial' retrieved from /home/airflow/.local/lib/python3.10/site-packages/airflow/example_dags/tutorial.py
[2024-12-25T14:26:21.508+0000] {logging_mixin.py:188} INFO - [2024-12-25T14:26:21.507+0000] {dag.py:3047} INFO - Sync 1 DAGs
[2024-12-25T14:26:21.535+0000] {logging_mixin.py:188} INFO - [2024-12-25T14:26:21.534+0000] {dag.py:3834} INFO - Setting next_dagrun for tutorial to 2024-12-24 00:00:00+00:00, run_after=2024-12-25 00:00:00+00:00
[2024-12-25T14:26:21.560+0000] {processor.py:183} INFO - Processing /home/airflow/.local/lib/python3.10/site-packages/airflow/example_dags/tutorial.py took 0.090 seconds
[2024-12-25T14:26:52.432+0000] {processor.py:161} INFO - Started process (PID=8146) to work on /home/airflow/.local/lib/python3.10/site-packages/airflow/example_dags/tutorial.py
[2024-12-25T14:26:52.434+0000] {processor.py:830} INFO - Processing file /home/airflow/.local/lib/python3.10/site-packages/airflow/example_dags/tutorial.py for tasks to queue
[2024-12-25T14:26:52.436+0000] {logging_mixin.py:188} INFO - [2024-12-25T14:26:52.435+0000] {dagbag.py:540} INFO - Filling up the DagBag from /home/airflow/.local/lib/python3.10/site-packages/airflow/example_dags/tutorial.py
[2024-12-25T14:26:52.446+0000] {processor.py:840} INFO - DAG(s) 'tutorial' retrieved from /home/airflow/.local/lib/python3.10/site-packages/airflow/example_dags/tutorial.py
[2024-12-25T14:26:52.490+0000] {logging_mixin.py:188} INFO - [2024-12-25T14:26:52.490+0000] {dag.py:3047} INFO - Sync 1 DAGs
[2024-12-25T14:26:52.538+0000] {logging_mixin.py:188} INFO - [2024-12-25T14:26:52.538+0000] {dag.py:3834} INFO - Setting next_dagrun for tutorial to 2024-12-24 00:00:00+00:00, run_after=2024-12-25 00:00:00+00:00
[2024-12-25T14:26:52.582+0000] {processor.py:183} INFO - Processing /home/airflow/.local/lib/python3.10/site-packages/airflow/example_dags/tutorial.py took 0.157 seconds
[2024-12-25T14:27:22.633+0000] {processor.py:161} INFO - Started process (PID=8200) to work on /home/airflow/.local/lib/python3.10/site-packages/airflow/example_dags/tutorial.py
[2024-12-25T14:27:22.634+0000] {processor.py:830} INFO - Processing file /home/airflow/.local/lib/python3.10/site-packages/airflow/example_dags/tutorial.py for tasks to queue
[2024-12-25T14:27:22.635+0000] {logging_mixin.py:188} INFO - [2024-12-25T14:27:22.635+0000] {dagbag.py:540} INFO - Filling up the DagBag from /home/airflow/.local/lib/python3.10/site-packages/airflow/example_dags/tutorial.py
[2024-12-25T14:27:22.643+0000] {processor.py:840} INFO - DAG(s) 'tutorial' retrieved from /home/airflow/.local/lib/python3.10/site-packages/airflow/example_dags/tutorial.py
[2024-12-25T14:27:22.669+0000] {logging_mixin.py:188} INFO - [2024-12-25T14:27:22.668+0000] {dag.py:3047} INFO - Sync 1 DAGs
[2024-12-25T14:27:22.698+0000] {logging_mixin.py:188} INFO - [2024-12-25T14:27:22.698+0000] {dag.py:3834} INFO - Setting next_dagrun for tutorial to 2024-12-24 00:00:00+00:00, run_after=2024-12-25 00:00:00+00:00
[2024-12-25T14:27:22.725+0000] {processor.py:183} INFO - Processing /home/airflow/.local/lib/python3.10/site-packages/airflow/example_dags/tutorial.py took 0.096 seconds
[2024-12-25T14:27:53.453+0000] {processor.py:161} INFO - Started process (PID=8256) to work on /home/airflow/.local/lib/python3.10/site-packages/airflow/example_dags/tutorial.py
[2024-12-25T14:27:53.459+0000] {processor.py:830} INFO - Processing file /home/airflow/.local/lib/python3.10/site-packages/airflow/example_dags/tutorial.py for tasks to queue
[2024-12-25T14:27:53.462+0000] {logging_mixin.py:188} INFO - [2024-12-25T14:27:53.461+0000] {dagbag.py:540} INFO - Filling up the DagBag from /home/airflow/.local/lib/python3.10/site-packages/airflow/example_dags/tutorial.py
[2024-12-25T14:27:53.487+0000] {processor.py:840} INFO - DAG(s) 'tutorial' retrieved from /home/airflow/.local/lib/python3.10/site-packages/airflow/example_dags/tutorial.py
[2024-12-25T14:27:53.537+0000] {logging_mixin.py:188} INFO - [2024-12-25T14:27:53.536+0000] {dag.py:3047} INFO - Sync 1 DAGs
[2024-12-25T14:27:53.583+0000] {logging_mixin.py:188} INFO - [2024-12-25T14:27:53.583+0000] {dag.py:3834} INFO - Setting next_dagrun for tutorial to 2024-12-24 00:00:00+00:00, run_after=2024-12-25 00:00:00+00:00
[2024-12-25T14:27:53.620+0000] {processor.py:183} INFO - Processing /home/airflow/.local/lib/python3.10/site-packages/airflow/example_dags/tutorial.py took 0.177 seconds
[2024-12-25T14:28:24.247+0000] {processor.py:161} INFO - Started process (PID=8312) to work on /home/airflow/.local/lib/python3.10/site-packages/airflow/example_dags/tutorial.py
[2024-12-25T14:28:24.248+0000] {processor.py:830} INFO - Processing file /home/airflow/.local/lib/python3.10/site-packages/airflow/example_dags/tutorial.py for tasks to queue
[2024-12-25T14:28:24.250+0000] {logging_mixin.py:188} INFO - [2024-12-25T14:28:24.250+0000] {dagbag.py:540} INFO - Filling up the DagBag from /home/airflow/.local/lib/python3.10/site-packages/airflow/example_dags/tutorial.py
[2024-12-25T14:28:24.267+0000] {processor.py:840} INFO - DAG(s) 'tutorial' retrieved from /home/airflow/.local/lib/python3.10/site-packages/airflow/example_dags/tutorial.py
[2024-12-25T14:28:24.334+0000] {logging_mixin.py:188} INFO - [2024-12-25T14:28:24.333+0000] {dag.py:3047} INFO - Sync 1 DAGs
[2024-12-25T14:28:24.420+0000] {logging_mixin.py:188} INFO - [2024-12-25T14:28:24.420+0000] {dag.py:3834} INFO - Setting next_dagrun for tutorial to 2024-12-24 00:00:00+00:00, run_after=2024-12-25 00:00:00+00:00
[2024-12-25T14:28:24.479+0000] {processor.py:183} INFO - Processing /home/airflow/.local/lib/python3.10/site-packages/airflow/example_dags/tutorial.py took 0.245 seconds
[2024-12-25T14:28:54.710+0000] {processor.py:161} INFO - Started process (PID=8368) to work on /home/airflow/.local/lib/python3.10/site-packages/airflow/example_dags/tutorial.py
[2024-12-25T14:28:54.755+0000] {processor.py:830} INFO - Processing file /home/airflow/.local/lib/python3.10/site-packages/airflow/example_dags/tutorial.py for tasks to queue
[2024-12-25T14:28:54.758+0000] {logging_mixin.py:188} INFO - [2024-12-25T14:28:54.757+0000] {dagbag.py:540} INFO - Filling up the DagBag from /home/airflow/.local/lib/python3.10/site-packages/airflow/example_dags/tutorial.py
[2024-12-25T14:28:54.784+0000] {processor.py:840} INFO - DAG(s) 'tutorial' retrieved from /home/airflow/.local/lib/python3.10/site-packages/airflow/example_dags/tutorial.py
[2024-12-25T14:28:54.874+0000] {logging_mixin.py:188} INFO - [2024-12-25T14:28:54.874+0000] {dag.py:3047} INFO - Sync 1 DAGs
[2024-12-25T14:28:54.924+0000] {logging_mixin.py:188} INFO - [2024-12-25T14:28:54.924+0000] {dag.py:3834} INFO - Setting next_dagrun for tutorial to 2024-12-24 00:00:00+00:00, run_after=2024-12-25 00:00:00+00:00
[2024-12-25T14:28:54.968+0000] {processor.py:183} INFO - Processing /home/airflow/.local/lib/python3.10/site-packages/airflow/example_dags/tutorial.py took 0.264 seconds
[2024-12-25T14:29:25.515+0000] {processor.py:161} INFO - Started process (PID=8424) to work on /home/airflow/.local/lib/python3.10/site-packages/airflow/example_dags/tutorial.py
[2024-12-25T14:29:25.517+0000] {processor.py:830} INFO - Processing file /home/airflow/.local/lib/python3.10/site-packages/airflow/example_dags/tutorial.py for tasks to queue
[2024-12-25T14:29:25.519+0000] {logging_mixin.py:188} INFO - [2024-12-25T14:29:25.518+0000] {dagbag.py:540} INFO - Filling up the DagBag from /home/airflow/.local/lib/python3.10/site-packages/airflow/example_dags/tutorial.py
[2024-12-25T14:29:25.537+0000] {processor.py:840} INFO - DAG(s) 'tutorial' retrieved from /home/airflow/.local/lib/python3.10/site-packages/airflow/example_dags/tutorial.py
[2024-12-25T14:29:25.593+0000] {logging_mixin.py:188} INFO - [2024-12-25T14:29:25.593+0000] {dag.py:3047} INFO - Sync 1 DAGs
[2024-12-25T14:29:25.669+0000] {logging_mixin.py:188} INFO - [2024-12-25T14:29:25.669+0000] {dag.py:3834} INFO - Setting next_dagrun for tutorial to 2024-12-24 00:00:00+00:00, run_after=2024-12-25 00:00:00+00:00
[2024-12-25T14:29:25.718+0000] {processor.py:183} INFO - Processing /home/airflow/.local/lib/python3.10/site-packages/airflow/example_dags/tutorial.py took 0.207 seconds
[2024-12-25T14:29:56.344+0000] {processor.py:161} INFO - Started process (PID=8479) to work on /home/airflow/.local/lib/python3.10/site-packages/airflow/example_dags/tutorial.py
[2024-12-25T14:29:56.346+0000] {processor.py:830} INFO - Processing file /home/airflow/.local/lib/python3.10/site-packages/airflow/example_dags/tutorial.py for tasks to queue
[2024-12-25T14:29:56.349+0000] {logging_mixin.py:188} INFO - [2024-12-25T14:29:56.348+0000] {dagbag.py:540} INFO - Filling up the DagBag from /home/airflow/.local/lib/python3.10/site-packages/airflow/example_dags/tutorial.py
[2024-12-25T14:29:56.369+0000] {processor.py:840} INFO - DAG(s) 'tutorial' retrieved from /home/airflow/.local/lib/python3.10/site-packages/airflow/example_dags/tutorial.py
[2024-12-25T14:29:56.450+0000] {logging_mixin.py:188} INFO - [2024-12-25T14:29:56.450+0000] {dag.py:3047} INFO - Sync 1 DAGs
[2024-12-25T14:29:56.515+0000] {logging_mixin.py:188} INFO - [2024-12-25T14:29:56.515+0000] {dag.py:3834} INFO - Setting next_dagrun for tutorial to 2024-12-24 00:00:00+00:00, run_after=2024-12-25 00:00:00+00:00
[2024-12-25T14:29:56.600+0000] {processor.py:183} INFO - Processing /home/airflow/.local/lib/python3.10/site-packages/airflow/example_dags/tutorial.py took 0.263 seconds
[2024-12-25T14:30:27.291+0000] {processor.py:161} INFO - Started process (PID=8534) to work on /home/airflow/.local/lib/python3.10/site-packages/airflow/example_dags/tutorial.py
[2024-12-25T14:30:27.301+0000] {processor.py:830} INFO - Processing file /home/airflow/.local/lib/python3.10/site-packages/airflow/example_dags/tutorial.py for tasks to queue
[2024-12-25T14:30:27.334+0000] {logging_mixin.py:188} INFO - [2024-12-25T14:30:27.320+0000] {dagbag.py:540} INFO - Filling up the DagBag from /home/airflow/.local/lib/python3.10/site-packages/airflow/example_dags/tutorial.py
[2024-12-25T14:30:27.399+0000] {processor.py:840} INFO - DAG(s) 'tutorial' retrieved from /home/airflow/.local/lib/python3.10/site-packages/airflow/example_dags/tutorial.py
[2024-12-25T14:30:27.571+0000] {logging_mixin.py:188} INFO - [2024-12-25T14:30:27.570+0000] {dag.py:3047} INFO - Sync 1 DAGs
[2024-12-25T14:30:27.759+0000] {logging_mixin.py:188} INFO - [2024-12-25T14:30:27.758+0000] {dag.py:3834} INFO - Setting next_dagrun for tutorial to 2024-12-24 00:00:00+00:00, run_after=2024-12-25 00:00:00+00:00
[2024-12-25T14:30:27.864+0000] {processor.py:183} INFO - Processing /home/airflow/.local/lib/python3.10/site-packages/airflow/example_dags/tutorial.py took 0.579 seconds
[2024-12-25T14:30:58.506+0000] {processor.py:161} INFO - Started process (PID=8590) to work on /home/airflow/.local/lib/python3.10/site-packages/airflow/example_dags/tutorial.py
[2024-12-25T14:30:58.507+0000] {processor.py:830} INFO - Processing file /home/airflow/.local/lib/python3.10/site-packages/airflow/example_dags/tutorial.py for tasks to queue
[2024-12-25T14:30:58.509+0000] {logging_mixin.py:188} INFO - [2024-12-25T14:30:58.508+0000] {dagbag.py:540} INFO - Filling up the DagBag from /home/airflow/.local/lib/python3.10/site-packages/airflow/example_dags/tutorial.py
[2024-12-25T14:30:58.520+0000] {processor.py:840} INFO - DAG(s) 'tutorial' retrieved from /home/airflow/.local/lib/python3.10/site-packages/airflow/example_dags/tutorial.py
[2024-12-25T14:30:58.558+0000] {logging_mixin.py:188} INFO - [2024-12-25T14:30:58.557+0000] {dag.py:3047} INFO - Sync 1 DAGs
[2024-12-25T14:30:58.610+0000] {logging_mixin.py:188} INFO - [2024-12-25T14:30:58.609+0000] {dag.py:3834} INFO - Setting next_dagrun for tutorial to 2024-12-24 00:00:00+00:00, run_after=2024-12-25 00:00:00+00:00
[2024-12-25T14:30:58.859+0000] {processor.py:183} INFO - Processing /home/airflow/.local/lib/python3.10/site-packages/airflow/example_dags/tutorial.py took 0.359 seconds
[2024-12-25T14:31:29.103+0000] {processor.py:161} INFO - Started process (PID=8645) to work on /home/airflow/.local/lib/python3.10/site-packages/airflow/example_dags/tutorial.py
[2024-12-25T14:31:29.104+0000] {processor.py:830} INFO - Processing file /home/airflow/.local/lib/python3.10/site-packages/airflow/example_dags/tutorial.py for tasks to queue
[2024-12-25T14:31:29.105+0000] {logging_mixin.py:188} INFO - [2024-12-25T14:31:29.105+0000] {dagbag.py:540} INFO - Filling up the DagBag from /home/airflow/.local/lib/python3.10/site-packages/airflow/example_dags/tutorial.py
[2024-12-25T14:31:29.116+0000] {processor.py:840} INFO - DAG(s) 'tutorial' retrieved from /home/airflow/.local/lib/python3.10/site-packages/airflow/example_dags/tutorial.py
[2024-12-25T14:31:29.157+0000] {logging_mixin.py:188} INFO - [2024-12-25T14:31:29.156+0000] {dag.py:3047} INFO - Sync 1 DAGs
[2024-12-25T14:31:29.197+0000] {logging_mixin.py:188} INFO - [2024-12-25T14:31:29.196+0000] {dag.py:3834} INFO - Setting next_dagrun for tutorial to 2024-12-24 00:00:00+00:00, run_after=2024-12-25 00:00:00+00:00
[2024-12-25T14:31:29.235+0000] {processor.py:183} INFO - Processing /home/airflow/.local/lib/python3.10/site-packages/airflow/example_dags/tutorial.py took 0.139 seconds
[2024-12-25T14:31:59.466+0000] {processor.py:161} INFO - Started process (PID=8701) to work on /home/airflow/.local/lib/python3.10/site-packages/airflow/example_dags/tutorial.py
[2024-12-25T14:31:59.468+0000] {processor.py:830} INFO - Processing file /home/airflow/.local/lib/python3.10/site-packages/airflow/example_dags/tutorial.py for tasks to queue
[2024-12-25T14:31:59.469+0000] {logging_mixin.py:188} INFO - [2024-12-25T14:31:59.469+0000] {dagbag.py:540} INFO - Filling up the DagBag from /home/airflow/.local/lib/python3.10/site-packages/airflow/example_dags/tutorial.py
[2024-12-25T14:31:59.479+0000] {processor.py:840} INFO - DAG(s) 'tutorial' retrieved from /home/airflow/.local/lib/python3.10/site-packages/airflow/example_dags/tutorial.py
[2024-12-25T14:31:59.508+0000] {logging_mixin.py:188} INFO - [2024-12-25T14:31:59.507+0000] {dag.py:3047} INFO - Sync 1 DAGs
[2024-12-25T14:31:59.547+0000] {logging_mixin.py:188} INFO - [2024-12-25T14:31:59.547+0000] {dag.py:3834} INFO - Setting next_dagrun for tutorial to 2024-12-24 00:00:00+00:00, run_after=2024-12-25 00:00:00+00:00
[2024-12-25T14:31:59.590+0000] {processor.py:183} INFO - Processing /home/airflow/.local/lib/python3.10/site-packages/airflow/example_dags/tutorial.py took 0.130 seconds
[2024-12-25T14:32:29.753+0000] {processor.py:161} INFO - Started process (PID=8757) to work on /home/airflow/.local/lib/python3.10/site-packages/airflow/example_dags/tutorial.py
[2024-12-25T14:32:29.754+0000] {processor.py:830} INFO - Processing file /home/airflow/.local/lib/python3.10/site-packages/airflow/example_dags/tutorial.py for tasks to queue
[2024-12-25T14:32:29.755+0000] {logging_mixin.py:188} INFO - [2024-12-25T14:32:29.755+0000] {dagbag.py:540} INFO - Filling up the DagBag from /home/airflow/.local/lib/python3.10/site-packages/airflow/example_dags/tutorial.py
[2024-12-25T14:32:29.772+0000] {processor.py:840} INFO - DAG(s) 'tutorial' retrieved from /home/airflow/.local/lib/python3.10/site-packages/airflow/example_dags/tutorial.py
[2024-12-25T14:32:29.804+0000] {logging_mixin.py:188} INFO - [2024-12-25T14:32:29.804+0000] {dag.py:3047} INFO - Sync 1 DAGs
[2024-12-25T14:32:29.842+0000] {logging_mixin.py:188} INFO - [2024-12-25T14:32:29.841+0000] {dag.py:3834} INFO - Setting next_dagrun for tutorial to 2024-12-24 00:00:00+00:00, run_after=2024-12-25 00:00:00+00:00
[2024-12-25T14:32:29.878+0000] {processor.py:183} INFO - Processing /home/airflow/.local/lib/python3.10/site-packages/airflow/example_dags/tutorial.py took 0.130 seconds
[2024-12-25T14:32:59.958+0000] {processor.py:161} INFO - Started process (PID=8811) to work on /home/airflow/.local/lib/python3.10/site-packages/airflow/example_dags/tutorial.py
[2024-12-25T14:32:59.960+0000] {processor.py:830} INFO - Processing file /home/airflow/.local/lib/python3.10/site-packages/airflow/example_dags/tutorial.py for tasks to queue
[2024-12-25T14:32:59.963+0000] {logging_mixin.py:188} INFO - [2024-12-25T14:32:59.961+0000] {dagbag.py:540} INFO - Filling up the DagBag from /home/airflow/.local/lib/python3.10/site-packages/airflow/example_dags/tutorial.py
[2024-12-25T14:32:59.971+0000] {processor.py:840} INFO - DAG(s) 'tutorial' retrieved from /home/airflow/.local/lib/python3.10/site-packages/airflow/example_dags/tutorial.py
[2024-12-25T14:33:00.004+0000] {logging_mixin.py:188} INFO - [2024-12-25T14:33:00.004+0000] {dag.py:3047} INFO - Sync 1 DAGs
[2024-12-25T14:33:00.227+0000] {logging_mixin.py:188} INFO - [2024-12-25T14:33:00.226+0000] {dag.py:3834} INFO - Setting next_dagrun for tutorial to 2024-12-24 00:00:00+00:00, run_after=2024-12-25 00:00:00+00:00
[2024-12-25T14:33:00.260+0000] {processor.py:183} INFO - Processing /home/airflow/.local/lib/python3.10/site-packages/airflow/example_dags/tutorial.py took 0.305 seconds
[2024-12-25T14:33:31.018+0000] {processor.py:161} INFO - Started process (PID=8868) to work on /home/airflow/.local/lib/python3.10/site-packages/airflow/example_dags/tutorial.py
[2024-12-25T14:33:31.020+0000] {processor.py:830} INFO - Processing file /home/airflow/.local/lib/python3.10/site-packages/airflow/example_dags/tutorial.py for tasks to queue
[2024-12-25T14:33:31.021+0000] {logging_mixin.py:188} INFO - [2024-12-25T14:33:31.021+0000] {dagbag.py:540} INFO - Filling up the DagBag from /home/airflow/.local/lib/python3.10/site-packages/airflow/example_dags/tutorial.py
[2024-12-25T14:33:31.029+0000] {processor.py:840} INFO - DAG(s) 'tutorial' retrieved from /home/airflow/.local/lib/python3.10/site-packages/airflow/example_dags/tutorial.py
[2024-12-25T14:33:31.064+0000] {logging_mixin.py:188} INFO - [2024-12-25T14:33:31.061+0000] {dag.py:3047} INFO - Sync 1 DAGs
[2024-12-25T14:33:31.094+0000] {logging_mixin.py:188} INFO - [2024-12-25T14:33:31.091+0000] {dag.py:3834} INFO - Setting next_dagrun for tutorial to 2024-12-24 00:00:00+00:00, run_after=2024-12-25 00:00:00+00:00
[2024-12-25T14:33:31.327+0000] {processor.py:183} INFO - Processing /home/airflow/.local/lib/python3.10/site-packages/airflow/example_dags/tutorial.py took 0.316 seconds
[2024-12-25T14:34:01.610+0000] {processor.py:161} INFO - Started process (PID=8923) to work on /home/airflow/.local/lib/python3.10/site-packages/airflow/example_dags/tutorial.py
[2024-12-25T14:34:01.611+0000] {processor.py:830} INFO - Processing file /home/airflow/.local/lib/python3.10/site-packages/airflow/example_dags/tutorial.py for tasks to queue
[2024-12-25T14:34:01.613+0000] {logging_mixin.py:188} INFO - [2024-12-25T14:34:01.612+0000] {dagbag.py:540} INFO - Filling up the DagBag from /home/airflow/.local/lib/python3.10/site-packages/airflow/example_dags/tutorial.py
[2024-12-25T14:34:01.623+0000] {processor.py:840} INFO - DAG(s) 'tutorial' retrieved from /home/airflow/.local/lib/python3.10/site-packages/airflow/example_dags/tutorial.py
[2024-12-25T14:34:01.659+0000] {logging_mixin.py:188} INFO - [2024-12-25T14:34:01.659+0000] {dag.py:3047} INFO - Sync 1 DAGs
[2024-12-25T14:34:01.690+0000] {logging_mixin.py:188} INFO - [2024-12-25T14:34:01.689+0000] {dag.py:3834} INFO - Setting next_dagrun for tutorial to 2024-12-24 00:00:00+00:00, run_after=2024-12-25 00:00:00+00:00
[2024-12-25T14:34:01.733+0000] {processor.py:183} INFO - Processing /home/airflow/.local/lib/python3.10/site-packages/airflow/example_dags/tutorial.py took 0.126 seconds
[2024-12-25T14:34:31.817+0000] {processor.py:161} INFO - Started process (PID=8978) to work on /home/airflow/.local/lib/python3.10/site-packages/airflow/example_dags/tutorial.py
[2024-12-25T14:34:31.818+0000] {processor.py:830} INFO - Processing file /home/airflow/.local/lib/python3.10/site-packages/airflow/example_dags/tutorial.py for tasks to queue
[2024-12-25T14:34:31.819+0000] {logging_mixin.py:188} INFO - [2024-12-25T14:34:31.819+0000] {dagbag.py:540} INFO - Filling up the DagBag from /home/airflow/.local/lib/python3.10/site-packages/airflow/example_dags/tutorial.py
[2024-12-25T14:34:31.827+0000] {processor.py:840} INFO - DAG(s) 'tutorial' retrieved from /home/airflow/.local/lib/python3.10/site-packages/airflow/example_dags/tutorial.py
[2024-12-25T14:34:31.857+0000] {logging_mixin.py:188} INFO - [2024-12-25T14:34:31.857+0000] {dag.py:3047} INFO - Sync 1 DAGs
[2024-12-25T14:34:31.888+0000] {logging_mixin.py:188} INFO - [2024-12-25T14:34:31.887+0000] {dag.py:3834} INFO - Setting next_dagrun for tutorial to 2024-12-24 00:00:00+00:00, run_after=2024-12-25 00:00:00+00:00
[2024-12-25T14:34:31.918+0000] {processor.py:183} INFO - Processing /home/airflow/.local/lib/python3.10/site-packages/airflow/example_dags/tutorial.py took 0.107 seconds
[2024-12-25T14:35:02.546+0000] {processor.py:161} INFO - Started process (PID=9034) to work on /home/airflow/.local/lib/python3.10/site-packages/airflow/example_dags/tutorial.py
[2024-12-25T14:35:02.547+0000] {processor.py:830} INFO - Processing file /home/airflow/.local/lib/python3.10/site-packages/airflow/example_dags/tutorial.py for tasks to queue
[2024-12-25T14:35:02.548+0000] {logging_mixin.py:188} INFO - [2024-12-25T14:35:02.548+0000] {dagbag.py:540} INFO - Filling up the DagBag from /home/airflow/.local/lib/python3.10/site-packages/airflow/example_dags/tutorial.py
[2024-12-25T14:35:02.559+0000] {processor.py:840} INFO - DAG(s) 'tutorial' retrieved from /home/airflow/.local/lib/python3.10/site-packages/airflow/example_dags/tutorial.py
[2024-12-25T14:35:02.599+0000] {logging_mixin.py:188} INFO - [2024-12-25T14:35:02.599+0000] {dag.py:3047} INFO - Sync 1 DAGs
[2024-12-25T14:35:02.638+0000] {logging_mixin.py:188} INFO - [2024-12-25T14:35:02.637+0000] {dag.py:3834} INFO - Setting next_dagrun for tutorial to 2024-12-24 00:00:00+00:00, run_after=2024-12-25 00:00:00+00:00
[2024-12-25T14:35:02.674+0000] {processor.py:183} INFO - Processing /home/airflow/.local/lib/python3.10/site-packages/airflow/example_dags/tutorial.py took 0.133 seconds
[2024-12-25T14:35:32.886+0000] {processor.py:161} INFO - Started process (PID=9089) to work on /home/airflow/.local/lib/python3.10/site-packages/airflow/example_dags/tutorial.py
[2024-12-25T14:35:32.890+0000] {processor.py:830} INFO - Processing file /home/airflow/.local/lib/python3.10/site-packages/airflow/example_dags/tutorial.py for tasks to queue
[2024-12-25T14:35:32.898+0000] {logging_mixin.py:188} INFO - [2024-12-25T14:35:32.898+0000] {dagbag.py:540} INFO - Filling up the DagBag from /home/airflow/.local/lib/python3.10/site-packages/airflow/example_dags/tutorial.py
[2024-12-25T14:35:32.917+0000] {processor.py:840} INFO - DAG(s) 'tutorial' retrieved from /home/airflow/.local/lib/python3.10/site-packages/airflow/example_dags/tutorial.py
[2024-12-25T14:35:32.962+0000] {logging_mixin.py:188} INFO - [2024-12-25T14:35:32.962+0000] {dag.py:3047} INFO - Sync 1 DAGs
[2024-12-25T14:35:33.001+0000] {logging_mixin.py:188} INFO - [2024-12-25T14:35:33.001+0000] {dag.py:3834} INFO - Setting next_dagrun for tutorial to 2024-12-24 00:00:00+00:00, run_after=2024-12-25 00:00:00+00:00
[2024-12-25T14:35:33.038+0000] {processor.py:183} INFO - Processing /home/airflow/.local/lib/python3.10/site-packages/airflow/example_dags/tutorial.py took 0.159 seconds
[2024-12-25T14:36:03.457+0000] {processor.py:161} INFO - Started process (PID=9144) to work on /home/airflow/.local/lib/python3.10/site-packages/airflow/example_dags/tutorial.py
[2024-12-25T14:36:03.458+0000] {processor.py:830} INFO - Processing file /home/airflow/.local/lib/python3.10/site-packages/airflow/example_dags/tutorial.py for tasks to queue
[2024-12-25T14:36:03.460+0000] {logging_mixin.py:188} INFO - [2024-12-25T14:36:03.459+0000] {dagbag.py:540} INFO - Filling up the DagBag from /home/airflow/.local/lib/python3.10/site-packages/airflow/example_dags/tutorial.py
[2024-12-25T14:36:03.469+0000] {processor.py:840} INFO - DAG(s) 'tutorial' retrieved from /home/airflow/.local/lib/python3.10/site-packages/airflow/example_dags/tutorial.py
[2024-12-25T14:36:03.577+0000] {logging_mixin.py:188} INFO - [2024-12-25T14:36:03.576+0000] {dag.py:3047} INFO - Sync 1 DAGs
[2024-12-25T14:36:03.629+0000] {logging_mixin.py:188} INFO - [2024-12-25T14:36:03.629+0000] {dag.py:3834} INFO - Setting next_dagrun for tutorial to 2024-12-24 00:00:00+00:00, run_after=2024-12-25 00:00:00+00:00
[2024-12-25T14:36:03.685+0000] {processor.py:183} INFO - Processing /home/airflow/.local/lib/python3.10/site-packages/airflow/example_dags/tutorial.py took 0.235 seconds
[2024-12-25T14:36:34.018+0000] {processor.py:161} INFO - Started process (PID=9207) to work on /home/airflow/.local/lib/python3.10/site-packages/airflow/example_dags/tutorial.py
[2024-12-25T14:36:34.023+0000] {processor.py:830} INFO - Processing file /home/airflow/.local/lib/python3.10/site-packages/airflow/example_dags/tutorial.py for tasks to queue
[2024-12-25T14:36:34.025+0000] {logging_mixin.py:188} INFO - [2024-12-25T14:36:34.024+0000] {dagbag.py:540} INFO - Filling up the DagBag from /home/airflow/.local/lib/python3.10/site-packages/airflow/example_dags/tutorial.py
[2024-12-25T14:36:34.042+0000] {processor.py:840} INFO - DAG(s) 'tutorial' retrieved from /home/airflow/.local/lib/python3.10/site-packages/airflow/example_dags/tutorial.py
[2024-12-25T14:36:34.084+0000] {logging_mixin.py:188} INFO - [2024-12-25T14:36:34.084+0000] {dag.py:3047} INFO - Sync 1 DAGs
[2024-12-25T14:36:34.143+0000] {logging_mixin.py:188} INFO - [2024-12-25T14:36:34.142+0000] {dag.py:3834} INFO - Setting next_dagrun for tutorial to 2024-12-24 00:00:00+00:00, run_after=2024-12-25 00:00:00+00:00
[2024-12-25T14:36:34.185+0000] {processor.py:183} INFO - Processing /home/airflow/.local/lib/python3.10/site-packages/airflow/example_dags/tutorial.py took 0.173 seconds
[2024-12-25T14:37:04.506+0000] {processor.py:161} INFO - Started process (PID=9264) to work on /home/airflow/.local/lib/python3.10/site-packages/airflow/example_dags/tutorial.py
[2024-12-25T14:37:04.509+0000] {processor.py:830} INFO - Processing file /home/airflow/.local/lib/python3.10/site-packages/airflow/example_dags/tutorial.py for tasks to queue
[2024-12-25T14:37:04.512+0000] {logging_mixin.py:188} INFO - [2024-12-25T14:37:04.511+0000] {dagbag.py:540} INFO - Filling up the DagBag from /home/airflow/.local/lib/python3.10/site-packages/airflow/example_dags/tutorial.py
[2024-12-25T14:37:04.530+0000] {processor.py:840} INFO - DAG(s) 'tutorial' retrieved from /home/airflow/.local/lib/python3.10/site-packages/airflow/example_dags/tutorial.py
[2024-12-25T14:37:04.591+0000] {logging_mixin.py:188} INFO - [2024-12-25T14:37:04.590+0000] {dag.py:3047} INFO - Sync 1 DAGs
[2024-12-25T14:37:04.646+0000] {logging_mixin.py:188} INFO - [2024-12-25T14:37:04.646+0000] {dag.py:3834} INFO - Setting next_dagrun for tutorial to 2024-12-24 00:00:00+00:00, run_after=2024-12-25 00:00:00+00:00
[2024-12-25T14:37:04.680+0000] {processor.py:183} INFO - Processing /home/airflow/.local/lib/python3.10/site-packages/airflow/example_dags/tutorial.py took 0.185 seconds
[2024-12-25T14:37:34.828+0000] {processor.py:161} INFO - Started process (PID=9319) to work on /home/airflow/.local/lib/python3.10/site-packages/airflow/example_dags/tutorial.py
[2024-12-25T14:37:34.830+0000] {processor.py:830} INFO - Processing file /home/airflow/.local/lib/python3.10/site-packages/airflow/example_dags/tutorial.py for tasks to queue
[2024-12-25T14:37:34.838+0000] {logging_mixin.py:188} INFO - [2024-12-25T14:37:34.838+0000] {dagbag.py:540} INFO - Filling up the DagBag from /home/airflow/.local/lib/python3.10/site-packages/airflow/example_dags/tutorial.py
[2024-12-25T14:37:34.850+0000] {processor.py:840} INFO - DAG(s) 'tutorial' retrieved from /home/airflow/.local/lib/python3.10/site-packages/airflow/example_dags/tutorial.py
[2024-12-25T14:37:34.890+0000] {logging_mixin.py:188} INFO - [2024-12-25T14:37:34.890+0000] {dag.py:3047} INFO - Sync 1 DAGs
[2024-12-25T14:37:34.945+0000] {logging_mixin.py:188} INFO - [2024-12-25T14:37:34.945+0000] {dag.py:3834} INFO - Setting next_dagrun for tutorial to 2024-12-24 00:00:00+00:00, run_after=2024-12-25 00:00:00+00:00
[2024-12-25T14:37:34.986+0000] {processor.py:183} INFO - Processing /home/airflow/.local/lib/python3.10/site-packages/airflow/example_dags/tutorial.py took 0.161 seconds
[2024-12-25T14:38:05.671+0000] {processor.py:161} INFO - Started process (PID=9374) to work on /home/airflow/.local/lib/python3.10/site-packages/airflow/example_dags/tutorial.py
[2024-12-25T14:38:05.677+0000] {processor.py:830} INFO - Processing file /home/airflow/.local/lib/python3.10/site-packages/airflow/example_dags/tutorial.py for tasks to queue
[2024-12-25T14:38:05.679+0000] {logging_mixin.py:188} INFO - [2024-12-25T14:38:05.678+0000] {dagbag.py:540} INFO - Filling up the DagBag from /home/airflow/.local/lib/python3.10/site-packages/airflow/example_dags/tutorial.py
[2024-12-25T14:38:05.692+0000] {processor.py:840} INFO - DAG(s) 'tutorial' retrieved from /home/airflow/.local/lib/python3.10/site-packages/airflow/example_dags/tutorial.py
[2024-12-25T14:38:05.737+0000] {logging_mixin.py:188} INFO - [2024-12-25T14:38:05.737+0000] {dag.py:3047} INFO - Sync 1 DAGs
[2024-12-25T14:38:05.779+0000] {logging_mixin.py:188} INFO - [2024-12-25T14:38:05.778+0000] {dag.py:3834} INFO - Setting next_dagrun for tutorial to 2024-12-24 00:00:00+00:00, run_after=2024-12-25 00:00:00+00:00
[2024-12-25T14:38:05.822+0000] {processor.py:183} INFO - Processing /home/airflow/.local/lib/python3.10/site-packages/airflow/example_dags/tutorial.py took 0.170 seconds
[2024-12-25T14:38:36.098+0000] {processor.py:161} INFO - Started process (PID=9429) to work on /home/airflow/.local/lib/python3.10/site-packages/airflow/example_dags/tutorial.py
[2024-12-25T14:38:36.106+0000] {processor.py:830} INFO - Processing file /home/airflow/.local/lib/python3.10/site-packages/airflow/example_dags/tutorial.py for tasks to queue
[2024-12-25T14:38:36.107+0000] {logging_mixin.py:188} INFO - [2024-12-25T14:38:36.107+0000] {dagbag.py:540} INFO - Filling up the DagBag from /home/airflow/.local/lib/python3.10/site-packages/airflow/example_dags/tutorial.py
[2024-12-25T14:38:36.118+0000] {processor.py:840} INFO - DAG(s) 'tutorial' retrieved from /home/airflow/.local/lib/python3.10/site-packages/airflow/example_dags/tutorial.py
[2024-12-25T14:38:36.207+0000] {logging_mixin.py:188} INFO - [2024-12-25T14:38:36.207+0000] {dag.py:3047} INFO - Sync 1 DAGs
[2024-12-25T14:38:36.299+0000] {logging_mixin.py:188} INFO - [2024-12-25T14:38:36.299+0000] {dag.py:3834} INFO - Setting next_dagrun for tutorial to 2024-12-24 00:00:00+00:00, run_after=2024-12-25 00:00:00+00:00
[2024-12-25T14:38:36.341+0000] {processor.py:183} INFO - Processing /home/airflow/.local/lib/python3.10/site-packages/airflow/example_dags/tutorial.py took 0.250 seconds
[2024-12-25T14:39:06.620+0000] {processor.py:161} INFO - Started process (PID=9485) to work on /home/airflow/.local/lib/python3.10/site-packages/airflow/example_dags/tutorial.py
[2024-12-25T14:39:06.625+0000] {processor.py:830} INFO - Processing file /home/airflow/.local/lib/python3.10/site-packages/airflow/example_dags/tutorial.py for tasks to queue
[2024-12-25T14:39:06.628+0000] {logging_mixin.py:188} INFO - [2024-12-25T14:39:06.628+0000] {dagbag.py:540} INFO - Filling up the DagBag from /home/airflow/.local/lib/python3.10/site-packages/airflow/example_dags/tutorial.py
[2024-12-25T14:39:06.640+0000] {processor.py:840} INFO - DAG(s) 'tutorial' retrieved from /home/airflow/.local/lib/python3.10/site-packages/airflow/example_dags/tutorial.py
[2024-12-25T14:39:06.699+0000] {logging_mixin.py:188} INFO - [2024-12-25T14:39:06.698+0000] {dag.py:3047} INFO - Sync 1 DAGs
[2024-12-25T14:39:06.748+0000] {logging_mixin.py:188} INFO - [2024-12-25T14:39:06.747+0000] {dag.py:3834} INFO - Setting next_dagrun for tutorial to 2024-12-24 00:00:00+00:00, run_after=2024-12-25 00:00:00+00:00
[2024-12-25T14:39:06.830+0000] {processor.py:183} INFO - Processing /home/airflow/.local/lib/python3.10/site-packages/airflow/example_dags/tutorial.py took 0.213 seconds
[2024-12-25T14:39:37.360+0000] {processor.py:161} INFO - Started process (PID=9541) to work on /home/airflow/.local/lib/python3.10/site-packages/airflow/example_dags/tutorial.py
[2024-12-25T14:39:37.361+0000] {processor.py:830} INFO - Processing file /home/airflow/.local/lib/python3.10/site-packages/airflow/example_dags/tutorial.py for tasks to queue
[2024-12-25T14:39:37.366+0000] {logging_mixin.py:188} INFO - [2024-12-25T14:39:37.366+0000] {dagbag.py:540} INFO - Filling up the DagBag from /home/airflow/.local/lib/python3.10/site-packages/airflow/example_dags/tutorial.py
[2024-12-25T14:39:37.376+0000] {processor.py:840} INFO - DAG(s) 'tutorial' retrieved from /home/airflow/.local/lib/python3.10/site-packages/airflow/example_dags/tutorial.py
[2024-12-25T14:39:37.441+0000] {logging_mixin.py:188} INFO - [2024-12-25T14:39:37.441+0000] {dag.py:3047} INFO - Sync 1 DAGs
[2024-12-25T14:39:37.480+0000] {logging_mixin.py:188} INFO - [2024-12-25T14:39:37.480+0000] {dag.py:3834} INFO - Setting next_dagrun for tutorial to 2024-12-24 00:00:00+00:00, run_after=2024-12-25 00:00:00+00:00
[2024-12-25T14:39:37.516+0000] {processor.py:183} INFO - Processing /home/airflow/.local/lib/python3.10/site-packages/airflow/example_dags/tutorial.py took 0.159 seconds
[2024-12-25T14:40:07.585+0000] {processor.py:161} INFO - Started process (PID=9596) to work on /home/airflow/.local/lib/python3.10/site-packages/airflow/example_dags/tutorial.py
[2024-12-25T14:40:07.587+0000] {processor.py:830} INFO - Processing file /home/airflow/.local/lib/python3.10/site-packages/airflow/example_dags/tutorial.py for tasks to queue
[2024-12-25T14:40:07.589+0000] {logging_mixin.py:188} INFO - [2024-12-25T14:40:07.588+0000] {dagbag.py:540} INFO - Filling up the DagBag from /home/airflow/.local/lib/python3.10/site-packages/airflow/example_dags/tutorial.py
[2024-12-25T14:40:07.606+0000] {processor.py:840} INFO - DAG(s) 'tutorial' retrieved from /home/airflow/.local/lib/python3.10/site-packages/airflow/example_dags/tutorial.py
[2024-12-25T14:40:07.645+0000] {logging_mixin.py:188} INFO - [2024-12-25T14:40:07.645+0000] {dag.py:3047} INFO - Sync 1 DAGs
[2024-12-25T14:40:07.688+0000] {logging_mixin.py:188} INFO - [2024-12-25T14:40:07.687+0000] {dag.py:3834} INFO - Setting next_dagrun for tutorial to 2024-12-24 00:00:00+00:00, run_after=2024-12-25 00:00:00+00:00
[2024-12-25T14:40:07.739+0000] {processor.py:183} INFO - Processing /home/airflow/.local/lib/python3.10/site-packages/airflow/example_dags/tutorial.py took 0.164 seconds
[2024-12-25T14:40:37.878+0000] {processor.py:161} INFO - Started process (PID=9650) to work on /home/airflow/.local/lib/python3.10/site-packages/airflow/example_dags/tutorial.py
[2024-12-25T14:40:37.880+0000] {processor.py:830} INFO - Processing file /home/airflow/.local/lib/python3.10/site-packages/airflow/example_dags/tutorial.py for tasks to queue
[2024-12-25T14:40:37.886+0000] {logging_mixin.py:188} INFO - [2024-12-25T14:40:37.885+0000] {dagbag.py:540} INFO - Filling up the DagBag from /home/airflow/.local/lib/python3.10/site-packages/airflow/example_dags/tutorial.py
[2024-12-25T14:40:37.900+0000] {processor.py:840} INFO - DAG(s) 'tutorial' retrieved from /home/airflow/.local/lib/python3.10/site-packages/airflow/example_dags/tutorial.py
[2024-12-25T14:40:37.950+0000] {logging_mixin.py:188} INFO - [2024-12-25T14:40:37.950+0000] {dag.py:3047} INFO - Sync 1 DAGs
[2024-12-25T14:40:38.001+0000] {logging_mixin.py:188} INFO - [2024-12-25T14:40:38.001+0000] {dag.py:3834} INFO - Setting next_dagrun for tutorial to 2024-12-24 00:00:00+00:00, run_after=2024-12-25 00:00:00+00:00
[2024-12-25T14:40:38.080+0000] {processor.py:183} INFO - Processing /home/airflow/.local/lib/python3.10/site-packages/airflow/example_dags/tutorial.py took 0.209 seconds
[2024-12-25T14:41:08.246+0000] {processor.py:161} INFO - Started process (PID=9706) to work on /home/airflow/.local/lib/python3.10/site-packages/airflow/example_dags/tutorial.py
[2024-12-25T14:41:08.248+0000] {processor.py:830} INFO - Processing file /home/airflow/.local/lib/python3.10/site-packages/airflow/example_dags/tutorial.py for tasks to queue
[2024-12-25T14:41:08.249+0000] {logging_mixin.py:188} INFO - [2024-12-25T14:41:08.249+0000] {dagbag.py:540} INFO - Filling up the DagBag from /home/airflow/.local/lib/python3.10/site-packages/airflow/example_dags/tutorial.py
[2024-12-25T14:41:08.261+0000] {processor.py:840} INFO - DAG(s) 'tutorial' retrieved from /home/airflow/.local/lib/python3.10/site-packages/airflow/example_dags/tutorial.py
[2024-12-25T14:41:08.310+0000] {logging_mixin.py:188} INFO - [2024-12-25T14:41:08.310+0000] {dag.py:3047} INFO - Sync 1 DAGs
[2024-12-25T14:41:08.346+0000] {logging_mixin.py:188} INFO - [2024-12-25T14:41:08.346+0000] {dag.py:3834} INFO - Setting next_dagrun for tutorial to 2024-12-24 00:00:00+00:00, run_after=2024-12-25 00:00:00+00:00
[2024-12-25T14:41:08.381+0000] {processor.py:183} INFO - Processing /home/airflow/.local/lib/python3.10/site-packages/airflow/example_dags/tutorial.py took 0.141 seconds
[2024-12-25T14:41:38.758+0000] {processor.py:161} INFO - Started process (PID=9762) to work on /home/airflow/.local/lib/python3.10/site-packages/airflow/example_dags/tutorial.py
[2024-12-25T14:41:38.763+0000] {processor.py:830} INFO - Processing file /home/airflow/.local/lib/python3.10/site-packages/airflow/example_dags/tutorial.py for tasks to queue
[2024-12-25T14:41:38.765+0000] {logging_mixin.py:188} INFO - [2024-12-25T14:41:38.765+0000] {dagbag.py:540} INFO - Filling up the DagBag from /home/airflow/.local/lib/python3.10/site-packages/airflow/example_dags/tutorial.py
[2024-12-25T14:41:38.777+0000] {processor.py:840} INFO - DAG(s) 'tutorial' retrieved from /home/airflow/.local/lib/python3.10/site-packages/airflow/example_dags/tutorial.py
[2024-12-25T14:41:38.809+0000] {logging_mixin.py:188} INFO - [2024-12-25T14:41:38.809+0000] {dag.py:3047} INFO - Sync 1 DAGs
[2024-12-25T14:41:38.854+0000] {logging_mixin.py:188} INFO - [2024-12-25T14:41:38.854+0000] {dag.py:3834} INFO - Setting next_dagrun for tutorial to 2024-12-24 00:00:00+00:00, run_after=2024-12-25 00:00:00+00:00
[2024-12-25T14:41:38.904+0000] {processor.py:183} INFO - Processing /home/airflow/.local/lib/python3.10/site-packages/airflow/example_dags/tutorial.py took 0.151 seconds
[2024-12-25T14:42:09.320+0000] {processor.py:161} INFO - Started process (PID=9818) to work on /home/airflow/.local/lib/python3.10/site-packages/airflow/example_dags/tutorial.py
[2024-12-25T14:42:09.321+0000] {processor.py:830} INFO - Processing file /home/airflow/.local/lib/python3.10/site-packages/airflow/example_dags/tutorial.py for tasks to queue
[2024-12-25T14:42:09.328+0000] {logging_mixin.py:188} INFO - [2024-12-25T14:42:09.327+0000] {dagbag.py:540} INFO - Filling up the DagBag from /home/airflow/.local/lib/python3.10/site-packages/airflow/example_dags/tutorial.py
[2024-12-25T14:42:09.338+0000] {processor.py:840} INFO - DAG(s) 'tutorial' retrieved from /home/airflow/.local/lib/python3.10/site-packages/airflow/example_dags/tutorial.py
[2024-12-25T14:42:09.378+0000] {logging_mixin.py:188} INFO - [2024-12-25T14:42:09.377+0000] {dag.py:3047} INFO - Sync 1 DAGs
[2024-12-25T14:42:09.429+0000] {logging_mixin.py:188} INFO - [2024-12-25T14:42:09.429+0000] {dag.py:3834} INFO - Setting next_dagrun for tutorial to 2024-12-24 00:00:00+00:00, run_after=2024-12-25 00:00:00+00:00
[2024-12-25T14:42:09.469+0000] {processor.py:183} INFO - Processing /home/airflow/.local/lib/python3.10/site-packages/airflow/example_dags/tutorial.py took 0.153 seconds
[2024-12-25T14:42:40.187+0000] {processor.py:161} INFO - Started process (PID=9874) to work on /home/airflow/.local/lib/python3.10/site-packages/airflow/example_dags/tutorial.py
[2024-12-25T14:42:40.188+0000] {processor.py:830} INFO - Processing file /home/airflow/.local/lib/python3.10/site-packages/airflow/example_dags/tutorial.py for tasks to queue
[2024-12-25T14:42:40.194+0000] {logging_mixin.py:188} INFO - [2024-12-25T14:42:40.193+0000] {dagbag.py:540} INFO - Filling up the DagBag from /home/airflow/.local/lib/python3.10/site-packages/airflow/example_dags/tutorial.py
[2024-12-25T14:42:40.207+0000] {processor.py:840} INFO - DAG(s) 'tutorial' retrieved from /home/airflow/.local/lib/python3.10/site-packages/airflow/example_dags/tutorial.py
[2024-12-25T14:42:40.269+0000] {logging_mixin.py:188} INFO - [2024-12-25T14:42:40.269+0000] {dag.py:3047} INFO - Sync 1 DAGs
[2024-12-25T14:42:40.325+0000] {logging_mixin.py:188} INFO - [2024-12-25T14:42:40.325+0000] {dag.py:3834} INFO - Setting next_dagrun for tutorial to 2024-12-24 00:00:00+00:00, run_after=2024-12-25 00:00:00+00:00
[2024-12-25T14:42:40.374+0000] {processor.py:183} INFO - Processing /home/airflow/.local/lib/python3.10/site-packages/airflow/example_dags/tutorial.py took 0.196 seconds
[2024-12-25T14:43:10.726+0000] {processor.py:161} INFO - Started process (PID=9931) to work on /home/airflow/.local/lib/python3.10/site-packages/airflow/example_dags/tutorial.py
[2024-12-25T14:43:10.727+0000] {processor.py:830} INFO - Processing file /home/airflow/.local/lib/python3.10/site-packages/airflow/example_dags/tutorial.py for tasks to queue
[2024-12-25T14:43:10.728+0000] {logging_mixin.py:188} INFO - [2024-12-25T14:43:10.728+0000] {dagbag.py:540} INFO - Filling up the DagBag from /home/airflow/.local/lib/python3.10/site-packages/airflow/example_dags/tutorial.py
[2024-12-25T14:43:10.739+0000] {processor.py:840} INFO - DAG(s) 'tutorial' retrieved from /home/airflow/.local/lib/python3.10/site-packages/airflow/example_dags/tutorial.py
[2024-12-25T14:43:10.787+0000] {logging_mixin.py:188} INFO - [2024-12-25T14:43:10.787+0000] {dag.py:3047} INFO - Sync 1 DAGs
[2024-12-25T14:43:10.829+0000] {logging_mixin.py:188} INFO - [2024-12-25T14:43:10.829+0000] {dag.py:3834} INFO - Setting next_dagrun for tutorial to 2024-12-24 00:00:00+00:00, run_after=2024-12-25 00:00:00+00:00
[2024-12-25T14:43:10.869+0000] {processor.py:183} INFO - Processing /home/airflow/.local/lib/python3.10/site-packages/airflow/example_dags/tutorial.py took 0.152 seconds
[2024-12-25T14:43:41.421+0000] {processor.py:161} INFO - Started process (PID=9986) to work on /home/airflow/.local/lib/python3.10/site-packages/airflow/example_dags/tutorial.py
[2024-12-25T14:43:41.423+0000] {processor.py:830} INFO - Processing file /home/airflow/.local/lib/python3.10/site-packages/airflow/example_dags/tutorial.py for tasks to queue
[2024-12-25T14:43:41.425+0000] {logging_mixin.py:188} INFO - [2024-12-25T14:43:41.424+0000] {dagbag.py:540} INFO - Filling up the DagBag from /home/airflow/.local/lib/python3.10/site-packages/airflow/example_dags/tutorial.py
[2024-12-25T14:43:41.444+0000] {processor.py:840} INFO - DAG(s) 'tutorial' retrieved from /home/airflow/.local/lib/python3.10/site-packages/airflow/example_dags/tutorial.py
[2024-12-25T14:43:41.502+0000] {logging_mixin.py:188} INFO - [2024-12-25T14:43:41.502+0000] {dag.py:3047} INFO - Sync 1 DAGs
[2024-12-25T14:43:41.563+0000] {logging_mixin.py:188} INFO - [2024-12-25T14:43:41.562+0000] {dag.py:3834} INFO - Setting next_dagrun for tutorial to 2024-12-24 00:00:00+00:00, run_after=2024-12-25 00:00:00+00:00
[2024-12-25T14:43:41.632+0000] {processor.py:183} INFO - Processing /home/airflow/.local/lib/python3.10/site-packages/airflow/example_dags/tutorial.py took 0.228 seconds
[2024-12-25T14:44:11.940+0000] {processor.py:161} INFO - Started process (PID=10043) to work on /home/airflow/.local/lib/python3.10/site-packages/airflow/example_dags/tutorial.py
[2024-12-25T14:44:11.946+0000] {processor.py:830} INFO - Processing file /home/airflow/.local/lib/python3.10/site-packages/airflow/example_dags/tutorial.py for tasks to queue
[2024-12-25T14:44:11.947+0000] {logging_mixin.py:188} INFO - [2024-12-25T14:44:11.947+0000] {dagbag.py:540} INFO - Filling up the DagBag from /home/airflow/.local/lib/python3.10/site-packages/airflow/example_dags/tutorial.py
[2024-12-25T14:44:11.960+0000] {processor.py:840} INFO - DAG(s) 'tutorial' retrieved from /home/airflow/.local/lib/python3.10/site-packages/airflow/example_dags/tutorial.py
[2024-12-25T14:44:12.037+0000] {logging_mixin.py:188} INFO - [2024-12-25T14:44:12.036+0000] {dag.py:3047} INFO - Sync 1 DAGs
[2024-12-25T14:44:12.106+0000] {logging_mixin.py:188} INFO - [2024-12-25T14:44:12.106+0000] {dag.py:3834} INFO - Setting next_dagrun for tutorial to 2024-12-24 00:00:00+00:00, run_after=2024-12-25 00:00:00+00:00
[2024-12-25T14:44:12.169+0000] {processor.py:183} INFO - Processing /home/airflow/.local/lib/python3.10/site-packages/airflow/example_dags/tutorial.py took 0.234 seconds
[2024-12-25T14:44:42.447+0000] {processor.py:161} INFO - Started process (PID=10100) to work on /home/airflow/.local/lib/python3.10/site-packages/airflow/example_dags/tutorial.py
[2024-12-25T14:44:42.449+0000] {processor.py:830} INFO - Processing file /home/airflow/.local/lib/python3.10/site-packages/airflow/example_dags/tutorial.py for tasks to queue
[2024-12-25T14:44:42.450+0000] {logging_mixin.py:188} INFO - [2024-12-25T14:44:42.450+0000] {dagbag.py:540} INFO - Filling up the DagBag from /home/airflow/.local/lib/python3.10/site-packages/airflow/example_dags/tutorial.py
[2024-12-25T14:44:42.466+0000] {processor.py:840} INFO - DAG(s) 'tutorial' retrieved from /home/airflow/.local/lib/python3.10/site-packages/airflow/example_dags/tutorial.py
[2024-12-25T14:44:42.528+0000] {logging_mixin.py:188} INFO - [2024-12-25T14:44:42.528+0000] {dag.py:3047} INFO - Sync 1 DAGs
[2024-12-25T14:44:42.579+0000] {logging_mixin.py:188} INFO - [2024-12-25T14:44:42.579+0000] {dag.py:3834} INFO - Setting next_dagrun for tutorial to 2024-12-24 00:00:00+00:00, run_after=2024-12-25 00:00:00+00:00
[2024-12-25T14:44:42.628+0000] {processor.py:183} INFO - Processing /home/airflow/.local/lib/python3.10/site-packages/airflow/example_dags/tutorial.py took 0.189 seconds
[2024-12-25T14:45:13.136+0000] {processor.py:161} INFO - Started process (PID=10156) to work on /home/airflow/.local/lib/python3.10/site-packages/airflow/example_dags/tutorial.py
[2024-12-25T14:45:13.138+0000] {processor.py:830} INFO - Processing file /home/airflow/.local/lib/python3.10/site-packages/airflow/example_dags/tutorial.py for tasks to queue
[2024-12-25T14:45:13.140+0000] {logging_mixin.py:188} INFO - [2024-12-25T14:45:13.140+0000] {dagbag.py:540} INFO - Filling up the DagBag from /home/airflow/.local/lib/python3.10/site-packages/airflow/example_dags/tutorial.py
[2024-12-25T14:45:13.169+0000] {processor.py:840} INFO - DAG(s) 'tutorial' retrieved from /home/airflow/.local/lib/python3.10/site-packages/airflow/example_dags/tutorial.py
[2024-12-25T14:45:13.250+0000] {logging_mixin.py:188} INFO - [2024-12-25T14:45:13.249+0000] {dag.py:3047} INFO - Sync 1 DAGs
[2024-12-25T14:45:13.325+0000] {logging_mixin.py:188} INFO - [2024-12-25T14:45:13.325+0000] {dag.py:3834} INFO - Setting next_dagrun for tutorial to 2024-12-24 00:00:00+00:00, run_after=2024-12-25 00:00:00+00:00
[2024-12-25T14:45:13.405+0000] {processor.py:183} INFO - Processing /home/airflow/.local/lib/python3.10/site-packages/airflow/example_dags/tutorial.py took 0.282 seconds
[2024-12-25T14:45:44.017+0000] {processor.py:161} INFO - Started process (PID=10212) to work on /home/airflow/.local/lib/python3.10/site-packages/airflow/example_dags/tutorial.py
[2024-12-25T14:45:44.019+0000] {processor.py:830} INFO - Processing file /home/airflow/.local/lib/python3.10/site-packages/airflow/example_dags/tutorial.py for tasks to queue
[2024-12-25T14:45:44.020+0000] {logging_mixin.py:188} INFO - [2024-12-25T14:45:44.020+0000] {dagbag.py:540} INFO - Filling up the DagBag from /home/airflow/.local/lib/python3.10/site-packages/airflow/example_dags/tutorial.py
[2024-12-25T14:45:44.038+0000] {processor.py:840} INFO - DAG(s) 'tutorial' retrieved from /home/airflow/.local/lib/python3.10/site-packages/airflow/example_dags/tutorial.py
[2024-12-25T14:45:44.091+0000] {logging_mixin.py:188} INFO - [2024-12-25T14:45:44.091+0000] {dag.py:3047} INFO - Sync 1 DAGs
[2024-12-25T14:45:44.179+0000] {logging_mixin.py:188} INFO - [2024-12-25T14:45:44.178+0000] {dag.py:3834} INFO - Setting next_dagrun for tutorial to 2024-12-24 00:00:00+00:00, run_after=2024-12-25 00:00:00+00:00
[2024-12-25T14:45:44.250+0000] {processor.py:183} INFO - Processing /home/airflow/.local/lib/python3.10/site-packages/airflow/example_dags/tutorial.py took 0.248 seconds
[2024-12-25T14:46:14.955+0000] {processor.py:161} INFO - Started process (PID=10267) to work on /home/airflow/.local/lib/python3.10/site-packages/airflow/example_dags/tutorial.py
[2024-12-25T14:46:14.957+0000] {processor.py:830} INFO - Processing file /home/airflow/.local/lib/python3.10/site-packages/airflow/example_dags/tutorial.py for tasks to queue
[2024-12-25T14:46:14.964+0000] {logging_mixin.py:188} INFO - [2024-12-25T14:46:14.963+0000] {dagbag.py:540} INFO - Filling up the DagBag from /home/airflow/.local/lib/python3.10/site-packages/airflow/example_dags/tutorial.py
[2024-12-25T14:46:14.998+0000] {processor.py:840} INFO - DAG(s) 'tutorial' retrieved from /home/airflow/.local/lib/python3.10/site-packages/airflow/example_dags/tutorial.py
[2024-12-25T14:46:15.097+0000] {logging_mixin.py:188} INFO - [2024-12-25T14:46:15.097+0000] {dag.py:3047} INFO - Sync 1 DAGs
[2024-12-25T14:46:15.206+0000] {logging_mixin.py:188} INFO - [2024-12-25T14:46:15.206+0000] {dag.py:3834} INFO - Setting next_dagrun for tutorial to 2024-12-24 00:00:00+00:00, run_after=2024-12-25 00:00:00+00:00
[2024-12-25T14:46:15.334+0000] {processor.py:183} INFO - Processing /home/airflow/.local/lib/python3.10/site-packages/airflow/example_dags/tutorial.py took 0.407 seconds
[2024-12-25T14:46:45.579+0000] {processor.py:161} INFO - Started process (PID=10321) to work on /home/airflow/.local/lib/python3.10/site-packages/airflow/example_dags/tutorial.py
[2024-12-25T14:46:45.580+0000] {processor.py:830} INFO - Processing file /home/airflow/.local/lib/python3.10/site-packages/airflow/example_dags/tutorial.py for tasks to queue
[2024-12-25T14:46:45.591+0000] {logging_mixin.py:188} INFO - [2024-12-25T14:46:45.590+0000] {dagbag.py:540} INFO - Filling up the DagBag from /home/airflow/.local/lib/python3.10/site-packages/airflow/example_dags/tutorial.py
[2024-12-25T14:46:45.622+0000] {processor.py:840} INFO - DAG(s) 'tutorial' retrieved from /home/airflow/.local/lib/python3.10/site-packages/airflow/example_dags/tutorial.py
[2024-12-25T14:46:45.737+0000] {logging_mixin.py:188} INFO - [2024-12-25T14:46:45.737+0000] {dag.py:3047} INFO - Sync 1 DAGs
[2024-12-25T14:46:45.828+0000] {logging_mixin.py:188} INFO - [2024-12-25T14:46:45.828+0000] {dag.py:3834} INFO - Setting next_dagrun for tutorial to 2024-12-24 00:00:00+00:00, run_after=2024-12-25 00:00:00+00:00
[2024-12-25T14:46:45.961+0000] {processor.py:183} INFO - Processing /home/airflow/.local/lib/python3.10/site-packages/airflow/example_dags/tutorial.py took 0.393 seconds
[2024-12-25T14:47:16.599+0000] {processor.py:161} INFO - Started process (PID=10377) to work on /home/airflow/.local/lib/python3.10/site-packages/airflow/example_dags/tutorial.py
[2024-12-25T14:47:16.601+0000] {processor.py:830} INFO - Processing file /home/airflow/.local/lib/python3.10/site-packages/airflow/example_dags/tutorial.py for tasks to queue
[2024-12-25T14:47:16.602+0000] {logging_mixin.py:188} INFO - [2024-12-25T14:47:16.602+0000] {dagbag.py:540} INFO - Filling up the DagBag from /home/airflow/.local/lib/python3.10/site-packages/airflow/example_dags/tutorial.py
[2024-12-25T14:47:16.638+0000] {processor.py:840} INFO - DAG(s) 'tutorial' retrieved from /home/airflow/.local/lib/python3.10/site-packages/airflow/example_dags/tutorial.py
[2024-12-25T14:47:16.751+0000] {logging_mixin.py:188} INFO - [2024-12-25T14:47:16.751+0000] {dag.py:3047} INFO - Sync 1 DAGs
[2024-12-25T14:47:16.859+0000] {logging_mixin.py:188} INFO - [2024-12-25T14:47:16.858+0000] {dag.py:3834} INFO - Setting next_dagrun for tutorial to 2024-12-24 00:00:00+00:00, run_after=2024-12-25 00:00:00+00:00
[2024-12-25T14:47:16.932+0000] {processor.py:183} INFO - Processing /home/airflow/.local/lib/python3.10/site-packages/airflow/example_dags/tutorial.py took 0.349 seconds
[2024-12-25T14:47:47.437+0000] {processor.py:161} INFO - Started process (PID=10433) to work on /home/airflow/.local/lib/python3.10/site-packages/airflow/example_dags/tutorial.py
[2024-12-25T14:47:47.439+0000] {processor.py:830} INFO - Processing file /home/airflow/.local/lib/python3.10/site-packages/airflow/example_dags/tutorial.py for tasks to queue
[2024-12-25T14:47:47.441+0000] {logging_mixin.py:188} INFO - [2024-12-25T14:47:47.441+0000] {dagbag.py:540} INFO - Filling up the DagBag from /home/airflow/.local/lib/python3.10/site-packages/airflow/example_dags/tutorial.py
[2024-12-25T14:47:47.467+0000] {processor.py:840} INFO - DAG(s) 'tutorial' retrieved from /home/airflow/.local/lib/python3.10/site-packages/airflow/example_dags/tutorial.py
[2024-12-25T14:47:47.540+0000] {logging_mixin.py:188} INFO - [2024-12-25T14:47:47.539+0000] {dag.py:3047} INFO - Sync 1 DAGs
[2024-12-25T14:47:47.608+0000] {logging_mixin.py:188} INFO - [2024-12-25T14:47:47.608+0000] {dag.py:3834} INFO - Setting next_dagrun for tutorial to 2024-12-24 00:00:00+00:00, run_after=2024-12-25 00:00:00+00:00
[2024-12-25T14:47:47.660+0000] {processor.py:183} INFO - Processing /home/airflow/.local/lib/python3.10/site-packages/airflow/example_dags/tutorial.py took 0.242 seconds
[2024-12-25T14:48:18.400+0000] {processor.py:161} INFO - Started process (PID=10489) to work on /home/airflow/.local/lib/python3.10/site-packages/airflow/example_dags/tutorial.py
[2024-12-25T14:48:18.402+0000] {processor.py:830} INFO - Processing file /home/airflow/.local/lib/python3.10/site-packages/airflow/example_dags/tutorial.py for tasks to queue
[2024-12-25T14:48:18.404+0000] {logging_mixin.py:188} INFO - [2024-12-25T14:48:18.403+0000] {dagbag.py:540} INFO - Filling up the DagBag from /home/airflow/.local/lib/python3.10/site-packages/airflow/example_dags/tutorial.py
[2024-12-25T14:48:18.434+0000] {processor.py:840} INFO - DAG(s) 'tutorial' retrieved from /home/airflow/.local/lib/python3.10/site-packages/airflow/example_dags/tutorial.py
[2024-12-25T14:48:18.532+0000] {logging_mixin.py:188} INFO - [2024-12-25T14:48:18.531+0000] {dag.py:3047} INFO - Sync 1 DAGs
[2024-12-25T14:48:18.610+0000] {logging_mixin.py:188} INFO - [2024-12-25T14:48:18.604+0000] {dag.py:3834} INFO - Setting next_dagrun for tutorial to 2024-12-24 00:00:00+00:00, run_after=2024-12-25 00:00:00+00:00
[2024-12-25T14:48:18.681+0000] {processor.py:183} INFO - Processing /home/airflow/.local/lib/python3.10/site-packages/airflow/example_dags/tutorial.py took 0.297 seconds
[2024-12-25T14:48:49.469+0000] {processor.py:161} INFO - Started process (PID=10545) to work on /home/airflow/.local/lib/python3.10/site-packages/airflow/example_dags/tutorial.py
[2024-12-25T14:48:49.487+0000] {processor.py:830} INFO - Processing file /home/airflow/.local/lib/python3.10/site-packages/airflow/example_dags/tutorial.py for tasks to queue
[2024-12-25T14:48:49.498+0000] {logging_mixin.py:188} INFO - [2024-12-25T14:48:49.497+0000] {dagbag.py:540} INFO - Filling up the DagBag from /home/airflow/.local/lib/python3.10/site-packages/airflow/example_dags/tutorial.py
[2024-12-25T14:48:49.520+0000] {processor.py:840} INFO - DAG(s) 'tutorial' retrieved from /home/airflow/.local/lib/python3.10/site-packages/airflow/example_dags/tutorial.py
[2024-12-25T14:48:49.667+0000] {logging_mixin.py:188} INFO - [2024-12-25T14:48:49.661+0000] {dag.py:3047} INFO - Sync 1 DAGs
[2024-12-25T14:48:49.770+0000] {logging_mixin.py:188} INFO - [2024-12-25T14:48:49.770+0000] {dag.py:3834} INFO - Setting next_dagrun for tutorial to 2024-12-24 00:00:00+00:00, run_after=2024-12-25 00:00:00+00:00
[2024-12-25T14:48:49.928+0000] {processor.py:183} INFO - Processing /home/airflow/.local/lib/python3.10/site-packages/airflow/example_dags/tutorial.py took 0.479 seconds
[2024-12-25T14:49:20.640+0000] {processor.py:161} INFO - Started process (PID=10601) to work on /home/airflow/.local/lib/python3.10/site-packages/airflow/example_dags/tutorial.py
[2024-12-25T14:49:20.641+0000] {processor.py:830} INFO - Processing file /home/airflow/.local/lib/python3.10/site-packages/airflow/example_dags/tutorial.py for tasks to queue
[2024-12-25T14:49:20.648+0000] {logging_mixin.py:188} INFO - [2024-12-25T14:49:20.648+0000] {dagbag.py:540} INFO - Filling up the DagBag from /home/airflow/.local/lib/python3.10/site-packages/airflow/example_dags/tutorial.py
[2024-12-25T14:49:20.668+0000] {processor.py:840} INFO - DAG(s) 'tutorial' retrieved from /home/airflow/.local/lib/python3.10/site-packages/airflow/example_dags/tutorial.py
[2024-12-25T14:49:20.758+0000] {logging_mixin.py:188} INFO - [2024-12-25T14:49:20.752+0000] {dag.py:3047} INFO - Sync 1 DAGs
[2024-12-25T14:49:20.848+0000] {logging_mixin.py:188} INFO - [2024-12-25T14:49:20.848+0000] {dag.py:3834} INFO - Setting next_dagrun for tutorial to 2024-12-24 00:00:00+00:00, run_after=2024-12-25 00:00:00+00:00
[2024-12-25T14:49:20.967+0000] {processor.py:183} INFO - Processing /home/airflow/.local/lib/python3.10/site-packages/airflow/example_dags/tutorial.py took 0.337 seconds
[2024-12-25T14:49:51.317+0000] {processor.py:161} INFO - Started process (PID=10658) to work on /home/airflow/.local/lib/python3.10/site-packages/airflow/example_dags/tutorial.py
[2024-12-25T14:49:51.324+0000] {processor.py:830} INFO - Processing file /home/airflow/.local/lib/python3.10/site-packages/airflow/example_dags/tutorial.py for tasks to queue
[2024-12-25T14:49:51.326+0000] {logging_mixin.py:188} INFO - [2024-12-25T14:49:51.326+0000] {dagbag.py:540} INFO - Filling up the DagBag from /home/airflow/.local/lib/python3.10/site-packages/airflow/example_dags/tutorial.py
[2024-12-25T14:49:51.348+0000] {processor.py:840} INFO - DAG(s) 'tutorial' retrieved from /home/airflow/.local/lib/python3.10/site-packages/airflow/example_dags/tutorial.py
[2024-12-25T14:49:51.427+0000] {logging_mixin.py:188} INFO - [2024-12-25T14:49:51.427+0000] {dag.py:3047} INFO - Sync 1 DAGs
[2024-12-25T14:49:51.506+0000] {logging_mixin.py:188} INFO - [2024-12-25T14:49:51.506+0000] {dag.py:3834} INFO - Setting next_dagrun for tutorial to 2024-12-24 00:00:00+00:00, run_after=2024-12-25 00:00:00+00:00
[2024-12-25T14:49:51.602+0000] {processor.py:183} INFO - Processing /home/airflow/.local/lib/python3.10/site-packages/airflow/example_dags/tutorial.py took 0.293 seconds
[2024-12-25T14:50:21.936+0000] {processor.py:161} INFO - Started process (PID=10713) to work on /home/airflow/.local/lib/python3.10/site-packages/airflow/example_dags/tutorial.py
[2024-12-25T14:50:21.938+0000] {processor.py:830} INFO - Processing file /home/airflow/.local/lib/python3.10/site-packages/airflow/example_dags/tutorial.py for tasks to queue
[2024-12-25T14:50:21.940+0000] {logging_mixin.py:188} INFO - [2024-12-25T14:50:21.939+0000] {dagbag.py:540} INFO - Filling up the DagBag from /home/airflow/.local/lib/python3.10/site-packages/airflow/example_dags/tutorial.py
[2024-12-25T14:50:21.966+0000] {processor.py:840} INFO - DAG(s) 'tutorial' retrieved from /home/airflow/.local/lib/python3.10/site-packages/airflow/example_dags/tutorial.py
[2024-12-25T14:50:22.066+0000] {logging_mixin.py:188} INFO - [2024-12-25T14:50:22.066+0000] {dag.py:3047} INFO - Sync 1 DAGs
[2024-12-25T14:50:22.140+0000] {logging_mixin.py:188} INFO - [2024-12-25T14:50:22.139+0000] {dag.py:3834} INFO - Setting next_dagrun for tutorial to 2024-12-24 00:00:00+00:00, run_after=2024-12-25 00:00:00+00:00
[2024-12-25T14:50:22.216+0000] {processor.py:183} INFO - Processing /home/airflow/.local/lib/python3.10/site-packages/airflow/example_dags/tutorial.py took 0.289 seconds
[2024-12-25T14:50:52.645+0000] {processor.py:161} INFO - Started process (PID=10769) to work on /home/airflow/.local/lib/python3.10/site-packages/airflow/example_dags/tutorial.py
[2024-12-25T14:50:52.647+0000] {processor.py:830} INFO - Processing file /home/airflow/.local/lib/python3.10/site-packages/airflow/example_dags/tutorial.py for tasks to queue
[2024-12-25T14:50:52.649+0000] {logging_mixin.py:188} INFO - [2024-12-25T14:50:52.648+0000] {dagbag.py:540} INFO - Filling up the DagBag from /home/airflow/.local/lib/python3.10/site-packages/airflow/example_dags/tutorial.py
[2024-12-25T14:50:52.675+0000] {processor.py:840} INFO - DAG(s) 'tutorial' retrieved from /home/airflow/.local/lib/python3.10/site-packages/airflow/example_dags/tutorial.py
[2024-12-25T14:50:52.746+0000] {logging_mixin.py:188} INFO - [2024-12-25T14:50:52.745+0000] {dag.py:3047} INFO - Sync 1 DAGs
[2024-12-25T14:50:52.828+0000] {logging_mixin.py:188} INFO - [2024-12-25T14:50:52.828+0000] {dag.py:3834} INFO - Setting next_dagrun for tutorial to 2024-12-24 00:00:00+00:00, run_after=2024-12-25 00:00:00+00:00
[2024-12-25T14:50:52.927+0000] {processor.py:183} INFO - Processing /home/airflow/.local/lib/python3.10/site-packages/airflow/example_dags/tutorial.py took 0.299 seconds
[2024-12-25T14:51:23.327+0000] {processor.py:161} INFO - Started process (PID=10825) to work on /home/airflow/.local/lib/python3.10/site-packages/airflow/example_dags/tutorial.py
[2024-12-25T14:51:23.329+0000] {processor.py:830} INFO - Processing file /home/airflow/.local/lib/python3.10/site-packages/airflow/example_dags/tutorial.py for tasks to queue
[2024-12-25T14:51:23.337+0000] {logging_mixin.py:188} INFO - [2024-12-25T14:51:23.337+0000] {dagbag.py:540} INFO - Filling up the DagBag from /home/airflow/.local/lib/python3.10/site-packages/airflow/example_dags/tutorial.py
[2024-12-25T14:51:23.368+0000] {processor.py:840} INFO - DAG(s) 'tutorial' retrieved from /home/airflow/.local/lib/python3.10/site-packages/airflow/example_dags/tutorial.py
[2024-12-25T14:51:23.458+0000] {logging_mixin.py:188} INFO - [2024-12-25T14:51:23.458+0000] {dag.py:3047} INFO - Sync 1 DAGs
[2024-12-25T14:51:23.538+0000] {logging_mixin.py:188} INFO - [2024-12-25T14:51:23.538+0000] {dag.py:3834} INFO - Setting next_dagrun for tutorial to 2024-12-24 00:00:00+00:00, run_after=2024-12-25 00:00:00+00:00
[2024-12-25T14:51:23.618+0000] {processor.py:183} INFO - Processing /home/airflow/.local/lib/python3.10/site-packages/airflow/example_dags/tutorial.py took 0.301 seconds
[2024-12-25T14:51:53.908+0000] {processor.py:161} INFO - Started process (PID=10881) to work on /home/airflow/.local/lib/python3.10/site-packages/airflow/example_dags/tutorial.py
[2024-12-25T14:51:53.918+0000] {processor.py:830} INFO - Processing file /home/airflow/.local/lib/python3.10/site-packages/airflow/example_dags/tutorial.py for tasks to queue
[2024-12-25T14:51:53.920+0000] {logging_mixin.py:188} INFO - [2024-12-25T14:51:53.919+0000] {dagbag.py:540} INFO - Filling up the DagBag from /home/airflow/.local/lib/python3.10/site-packages/airflow/example_dags/tutorial.py
[2024-12-25T14:51:53.958+0000] {processor.py:840} INFO - DAG(s) 'tutorial' retrieved from /home/airflow/.local/lib/python3.10/site-packages/airflow/example_dags/tutorial.py
[2024-12-25T14:51:54.039+0000] {logging_mixin.py:188} INFO - [2024-12-25T14:51:54.039+0000] {dag.py:3047} INFO - Sync 1 DAGs
[2024-12-25T14:51:54.119+0000] {logging_mixin.py:188} INFO - [2024-12-25T14:51:54.119+0000] {dag.py:3834} INFO - Setting next_dagrun for tutorial to 2024-12-24 00:00:00+00:00, run_after=2024-12-25 00:00:00+00:00
[2024-12-25T14:51:54.219+0000] {processor.py:183} INFO - Processing /home/airflow/.local/lib/python3.10/site-packages/airflow/example_dags/tutorial.py took 0.327 seconds
[2024-12-25T14:52:24.563+0000] {processor.py:161} INFO - Started process (PID=10936) to work on /home/airflow/.local/lib/python3.10/site-packages/airflow/example_dags/tutorial.py
[2024-12-25T14:52:24.570+0000] {processor.py:830} INFO - Processing file /home/airflow/.local/lib/python3.10/site-packages/airflow/example_dags/tutorial.py for tasks to queue
[2024-12-25T14:52:24.572+0000] {logging_mixin.py:188} INFO - [2024-12-25T14:52:24.571+0000] {dagbag.py:540} INFO - Filling up the DagBag from /home/airflow/.local/lib/python3.10/site-packages/airflow/example_dags/tutorial.py
[2024-12-25T14:52:24.600+0000] {processor.py:840} INFO - DAG(s) 'tutorial' retrieved from /home/airflow/.local/lib/python3.10/site-packages/airflow/example_dags/tutorial.py
[2024-12-25T14:52:24.692+0000] {logging_mixin.py:188} INFO - [2024-12-25T14:52:24.692+0000] {dag.py:3047} INFO - Sync 1 DAGs
[2024-12-25T14:52:24.794+0000] {logging_mixin.py:188} INFO - [2024-12-25T14:52:24.793+0000] {dag.py:3834} INFO - Setting next_dagrun for tutorial to 2024-12-24 00:00:00+00:00, run_after=2024-12-25 00:00:00+00:00
[2024-12-25T14:52:24.881+0000] {processor.py:183} INFO - Processing /home/airflow/.local/lib/python3.10/site-packages/airflow/example_dags/tutorial.py took 0.330 seconds
[2024-12-25T14:52:55.189+0000] {processor.py:161} INFO - Started process (PID=10992) to work on /home/airflow/.local/lib/python3.10/site-packages/airflow/example_dags/tutorial.py
[2024-12-25T14:52:55.206+0000] {processor.py:830} INFO - Processing file /home/airflow/.local/lib/python3.10/site-packages/airflow/example_dags/tutorial.py for tasks to queue
[2024-12-25T14:52:55.207+0000] {logging_mixin.py:188} INFO - [2024-12-25T14:52:55.207+0000] {dagbag.py:540} INFO - Filling up the DagBag from /home/airflow/.local/lib/python3.10/site-packages/airflow/example_dags/tutorial.py
[2024-12-25T14:52:55.237+0000] {processor.py:840} INFO - DAG(s) 'tutorial' retrieved from /home/airflow/.local/lib/python3.10/site-packages/airflow/example_dags/tutorial.py
[2024-12-25T14:52:55.348+0000] {logging_mixin.py:188} INFO - [2024-12-25T14:52:55.347+0000] {dag.py:3047} INFO - Sync 1 DAGs
[2024-12-25T14:52:55.458+0000] {logging_mixin.py:188} INFO - [2024-12-25T14:52:55.457+0000] {dag.py:3834} INFO - Setting next_dagrun for tutorial to 2024-12-24 00:00:00+00:00, run_after=2024-12-25 00:00:00+00:00
[2024-12-25T14:52:55.559+0000] {processor.py:183} INFO - Processing /home/airflow/.local/lib/python3.10/site-packages/airflow/example_dags/tutorial.py took 0.381 seconds
[2024-12-25T14:53:25.816+0000] {processor.py:161} INFO - Started process (PID=11048) to work on /home/airflow/.local/lib/python3.10/site-packages/airflow/example_dags/tutorial.py
[2024-12-25T14:53:25.818+0000] {processor.py:830} INFO - Processing file /home/airflow/.local/lib/python3.10/site-packages/airflow/example_dags/tutorial.py for tasks to queue
[2024-12-25T14:53:25.826+0000] {logging_mixin.py:188} INFO - [2024-12-25T14:53:25.825+0000] {dagbag.py:540} INFO - Filling up the DagBag from /home/airflow/.local/lib/python3.10/site-packages/airflow/example_dags/tutorial.py
[2024-12-25T14:53:25.848+0000] {processor.py:840} INFO - DAG(s) 'tutorial' retrieved from /home/airflow/.local/lib/python3.10/site-packages/airflow/example_dags/tutorial.py
[2024-12-25T14:53:25.946+0000] {logging_mixin.py:188} INFO - [2024-12-25T14:53:25.945+0000] {dag.py:3047} INFO - Sync 1 DAGs
[2024-12-25T14:53:26.058+0000] {logging_mixin.py:188} INFO - [2024-12-25T14:53:26.057+0000] {dag.py:3834} INFO - Setting next_dagrun for tutorial to 2024-12-24 00:00:00+00:00, run_after=2024-12-25 00:00:00+00:00
[2024-12-25T14:53:26.166+0000] {processor.py:183} INFO - Processing /home/airflow/.local/lib/python3.10/site-packages/airflow/example_dags/tutorial.py took 0.368 seconds
[2024-12-25T14:53:59.467+0000] {processor.py:161} INFO - Started process (PID=11103) to work on /home/airflow/.local/lib/python3.10/site-packages/airflow/example_dags/tutorial.py
[2024-12-25T14:53:59.478+0000] {processor.py:830} INFO - Processing file /home/airflow/.local/lib/python3.10/site-packages/airflow/example_dags/tutorial.py for tasks to queue
[2024-12-25T14:53:59.486+0000] {logging_mixin.py:188} INFO - [2024-12-25T14:53:59.485+0000] {dagbag.py:540} INFO - Filling up the DagBag from /home/airflow/.local/lib/python3.10/site-packages/airflow/example_dags/tutorial.py
[2024-12-25T14:53:59.535+0000] {processor.py:840} INFO - DAG(s) 'tutorial' retrieved from /home/airflow/.local/lib/python3.10/site-packages/airflow/example_dags/tutorial.py
[2024-12-25T14:53:59.767+0000] {logging_mixin.py:188} INFO - [2024-12-25T14:53:59.765+0000] {dag.py:3047} INFO - Sync 1 DAGs
[2024-12-25T14:53:59.965+0000] {logging_mixin.py:188} INFO - [2024-12-25T14:53:59.965+0000] {dag.py:3834} INFO - Setting next_dagrun for tutorial to 2024-12-24 00:00:00+00:00, run_after=2024-12-25 00:00:00+00:00
[2024-12-25T14:54:00.084+0000] {processor.py:183} INFO - Processing /home/airflow/.local/lib/python3.10/site-packages/airflow/example_dags/tutorial.py took 0.629 seconds
[2024-12-25T14:54:30.910+0000] {processor.py:161} INFO - Started process (PID=11159) to work on /home/airflow/.local/lib/python3.10/site-packages/airflow/example_dags/tutorial.py
[2024-12-25T14:54:30.918+0000] {processor.py:830} INFO - Processing file /home/airflow/.local/lib/python3.10/site-packages/airflow/example_dags/tutorial.py for tasks to queue
[2024-12-25T14:54:30.928+0000] {logging_mixin.py:188} INFO - [2024-12-25T14:54:30.928+0000] {dagbag.py:540} INFO - Filling up the DagBag from /home/airflow/.local/lib/python3.10/site-packages/airflow/example_dags/tutorial.py
[2024-12-25T14:54:30.951+0000] {processor.py:840} INFO - DAG(s) 'tutorial' retrieved from /home/airflow/.local/lib/python3.10/site-packages/airflow/example_dags/tutorial.py
[2024-12-25T14:54:31.070+0000] {logging_mixin.py:188} INFO - [2024-12-25T14:54:31.068+0000] {dag.py:3047} INFO - Sync 1 DAGs
[2024-12-25T14:54:31.190+0000] {logging_mixin.py:188} INFO - [2024-12-25T14:54:31.190+0000] {dag.py:3834} INFO - Setting next_dagrun for tutorial to 2024-12-24 00:00:00+00:00, run_after=2024-12-25 00:00:00+00:00
[2024-12-25T14:54:31.291+0000] {processor.py:183} INFO - Processing /home/airflow/.local/lib/python3.10/site-packages/airflow/example_dags/tutorial.py took 0.393 seconds
[2024-12-25T14:55:01.787+0000] {processor.py:161} INFO - Started process (PID=11215) to work on /home/airflow/.local/lib/python3.10/site-packages/airflow/example_dags/tutorial.py
[2024-12-25T14:55:01.815+0000] {processor.py:830} INFO - Processing file /home/airflow/.local/lib/python3.10/site-packages/airflow/example_dags/tutorial.py for tasks to queue
[2024-12-25T14:55:01.817+0000] {logging_mixin.py:188} INFO - [2024-12-25T14:55:01.816+0000] {dagbag.py:540} INFO - Filling up the DagBag from /home/airflow/.local/lib/python3.10/site-packages/airflow/example_dags/tutorial.py
[2024-12-25T14:55:01.847+0000] {processor.py:840} INFO - DAG(s) 'tutorial' retrieved from /home/airflow/.local/lib/python3.10/site-packages/airflow/example_dags/tutorial.py
[2024-12-25T14:55:01.966+0000] {logging_mixin.py:188} INFO - [2024-12-25T14:55:01.966+0000] {dag.py:3047} INFO - Sync 1 DAGs
[2024-12-25T14:55:02.067+0000] {logging_mixin.py:188} INFO - [2024-12-25T14:55:02.067+0000] {dag.py:3834} INFO - Setting next_dagrun for tutorial to 2024-12-24 00:00:00+00:00, run_after=2024-12-25 00:00:00+00:00
[2024-12-25T14:55:02.146+0000] {processor.py:183} INFO - Processing /home/airflow/.local/lib/python3.10/site-packages/airflow/example_dags/tutorial.py took 0.372 seconds
[2024-12-25T14:55:34.531+0000] {processor.py:161} INFO - Started process (PID=11269) to work on /home/airflow/.local/lib/python3.10/site-packages/airflow/example_dags/tutorial.py
[2024-12-25T14:55:34.548+0000] {processor.py:830} INFO - Processing file /home/airflow/.local/lib/python3.10/site-packages/airflow/example_dags/tutorial.py for tasks to queue
[2024-12-25T14:55:34.579+0000] {logging_mixin.py:188} INFO - [2024-12-25T14:55:34.551+0000] {dagbag.py:540} INFO - Filling up the DagBag from /home/airflow/.local/lib/python3.10/site-packages/airflow/example_dags/tutorial.py
[2024-12-25T14:55:34.621+0000] {processor.py:840} INFO - DAG(s) 'tutorial' retrieved from /home/airflow/.local/lib/python3.10/site-packages/airflow/example_dags/tutorial.py
[2024-12-25T14:55:34.859+0000] {logging_mixin.py:188} INFO - [2024-12-25T14:55:34.858+0000] {dag.py:3047} INFO - Sync 1 DAGs
[2024-12-25T14:55:35.121+0000] {logging_mixin.py:188} INFO - [2024-12-25T14:55:35.120+0000] {dag.py:3834} INFO - Setting next_dagrun for tutorial to 2024-12-24 00:00:00+00:00, run_after=2024-12-25 00:00:00+00:00
[2024-12-25T14:55:35.351+0000] {processor.py:183} INFO - Processing /home/airflow/.local/lib/python3.10/site-packages/airflow/example_dags/tutorial.py took 0.860 seconds
[2024-12-25T14:56:06.276+0000] {processor.py:161} INFO - Started process (PID=11323) to work on /home/airflow/.local/lib/python3.10/site-packages/airflow/example_dags/tutorial.py
[2024-12-25T14:56:06.278+0000] {processor.py:830} INFO - Processing file /home/airflow/.local/lib/python3.10/site-packages/airflow/example_dags/tutorial.py for tasks to queue
[2024-12-25T14:56:06.295+0000] {logging_mixin.py:188} INFO - [2024-12-25T14:56:06.288+0000] {dagbag.py:540} INFO - Filling up the DagBag from /home/airflow/.local/lib/python3.10/site-packages/airflow/example_dags/tutorial.py
[2024-12-25T14:56:06.325+0000] {processor.py:840} INFO - DAG(s) 'tutorial' retrieved from /home/airflow/.local/lib/python3.10/site-packages/airflow/example_dags/tutorial.py
[2024-12-25T14:56:06.426+0000] {logging_mixin.py:188} INFO - [2024-12-25T14:56:06.426+0000] {dag.py:3047} INFO - Sync 1 DAGs
[2024-12-25T14:56:06.567+0000] {logging_mixin.py:188} INFO - [2024-12-25T14:56:06.566+0000] {dag.py:3834} INFO - Setting next_dagrun for tutorial to 2024-12-24 00:00:00+00:00, run_after=2024-12-25 00:00:00+00:00
[2024-12-25T14:56:06.678+0000] {processor.py:183} INFO - Processing /home/airflow/.local/lib/python3.10/site-packages/airflow/example_dags/tutorial.py took 0.423 seconds
[2024-12-25T14:56:37.121+0000] {processor.py:161} INFO - Started process (PID=11379) to work on /home/airflow/.local/lib/python3.10/site-packages/airflow/example_dags/tutorial.py
[2024-12-25T14:56:37.150+0000] {processor.py:830} INFO - Processing file /home/airflow/.local/lib/python3.10/site-packages/airflow/example_dags/tutorial.py for tasks to queue
[2024-12-25T14:56:37.159+0000] {logging_mixin.py:188} INFO - [2024-12-25T14:56:37.159+0000] {dagbag.py:540} INFO - Filling up the DagBag from /home/airflow/.local/lib/python3.10/site-packages/airflow/example_dags/tutorial.py
[2024-12-25T14:56:37.190+0000] {processor.py:840} INFO - DAG(s) 'tutorial' retrieved from /home/airflow/.local/lib/python3.10/site-packages/airflow/example_dags/tutorial.py
[2024-12-25T14:56:37.351+0000] {logging_mixin.py:188} INFO - [2024-12-25T14:56:37.350+0000] {dag.py:3047} INFO - Sync 1 DAGs
[2024-12-25T14:56:37.500+0000] {logging_mixin.py:188} INFO - [2024-12-25T14:56:37.500+0000] {dag.py:3834} INFO - Setting next_dagrun for tutorial to 2024-12-24 00:00:00+00:00, run_after=2024-12-25 00:00:00+00:00
[2024-12-25T14:56:37.689+0000] {processor.py:183} INFO - Processing /home/airflow/.local/lib/python3.10/site-packages/airflow/example_dags/tutorial.py took 0.599 seconds
[2024-12-25T14:57:08.669+0000] {processor.py:161} INFO - Started process (PID=11434) to work on /home/airflow/.local/lib/python3.10/site-packages/airflow/example_dags/tutorial.py
[2024-12-25T14:57:08.671+0000] {processor.py:830} INFO - Processing file /home/airflow/.local/lib/python3.10/site-packages/airflow/example_dags/tutorial.py for tasks to queue
[2024-12-25T14:57:08.679+0000] {logging_mixin.py:188} INFO - [2024-12-25T14:57:08.678+0000] {dagbag.py:540} INFO - Filling up the DagBag from /home/airflow/.local/lib/python3.10/site-packages/airflow/example_dags/tutorial.py
[2024-12-25T14:57:08.709+0000] {processor.py:840} INFO - DAG(s) 'tutorial' retrieved from /home/airflow/.local/lib/python3.10/site-packages/airflow/example_dags/tutorial.py
[2024-12-25T14:57:08.849+0000] {logging_mixin.py:188} INFO - [2024-12-25T14:57:08.849+0000] {dag.py:3047} INFO - Sync 1 DAGs
[2024-12-25T14:57:08.968+0000] {logging_mixin.py:188} INFO - [2024-12-25T14:57:08.961+0000] {dag.py:3834} INFO - Setting next_dagrun for tutorial to 2024-12-24 00:00:00+00:00, run_after=2024-12-25 00:00:00+00:00
[2024-12-25T14:57:09.078+0000] {processor.py:183} INFO - Processing /home/airflow/.local/lib/python3.10/site-packages/airflow/example_dags/tutorial.py took 0.427 seconds
[2024-12-25T14:57:39.753+0000] {processor.py:161} INFO - Started process (PID=11490) to work on /home/airflow/.local/lib/python3.10/site-packages/airflow/example_dags/tutorial.py
[2024-12-25T14:57:39.755+0000] {processor.py:830} INFO - Processing file /home/airflow/.local/lib/python3.10/site-packages/airflow/example_dags/tutorial.py for tasks to queue
[2024-12-25T14:57:39.763+0000] {logging_mixin.py:188} INFO - [2024-12-25T14:57:39.756+0000] {dagbag.py:540} INFO - Filling up the DagBag from /home/airflow/.local/lib/python3.10/site-packages/airflow/example_dags/tutorial.py
[2024-12-25T14:57:39.793+0000] {processor.py:840} INFO - DAG(s) 'tutorial' retrieved from /home/airflow/.local/lib/python3.10/site-packages/airflow/example_dags/tutorial.py
[2024-12-25T14:57:39.895+0000] {logging_mixin.py:188} INFO - [2024-12-25T14:57:39.895+0000] {dag.py:3047} INFO - Sync 1 DAGs
[2024-12-25T14:57:40.023+0000] {logging_mixin.py:188} INFO - [2024-12-25T14:57:40.016+0000] {dag.py:3834} INFO - Setting next_dagrun for tutorial to 2024-12-24 00:00:00+00:00, run_after=2024-12-25 00:00:00+00:00
[2024-12-25T14:57:40.115+0000] {processor.py:183} INFO - Processing /home/airflow/.local/lib/python3.10/site-packages/airflow/example_dags/tutorial.py took 0.400 seconds
[2024-12-25T14:58:10.381+0000] {processor.py:161} INFO - Started process (PID=11546) to work on /home/airflow/.local/lib/python3.10/site-packages/airflow/example_dags/tutorial.py
[2024-12-25T14:58:10.389+0000] {processor.py:830} INFO - Processing file /home/airflow/.local/lib/python3.10/site-packages/airflow/example_dags/tutorial.py for tasks to queue
[2024-12-25T14:58:10.391+0000] {logging_mixin.py:188} INFO - [2024-12-25T14:58:10.390+0000] {dagbag.py:540} INFO - Filling up the DagBag from /home/airflow/.local/lib/python3.10/site-packages/airflow/example_dags/tutorial.py
[2024-12-25T14:58:10.429+0000] {processor.py:840} INFO - DAG(s) 'tutorial' retrieved from /home/airflow/.local/lib/python3.10/site-packages/airflow/example_dags/tutorial.py
[2024-12-25T14:58:10.589+0000] {logging_mixin.py:188} INFO - [2024-12-25T14:58:10.588+0000] {dag.py:3047} INFO - Sync 1 DAGs
[2024-12-25T14:58:10.749+0000] {logging_mixin.py:188} INFO - [2024-12-25T14:58:10.748+0000] {dag.py:3834} INFO - Setting next_dagrun for tutorial to 2024-12-24 00:00:00+00:00, run_after=2024-12-25 00:00:00+00:00
[2024-12-25T14:58:10.880+0000] {processor.py:183} INFO - Processing /home/airflow/.local/lib/python3.10/site-packages/airflow/example_dags/tutorial.py took 0.511 seconds
[2024-12-25T14:58:41.311+0000] {processor.py:161} INFO - Started process (PID=11602) to work on /home/airflow/.local/lib/python3.10/site-packages/airflow/example_dags/tutorial.py
[2024-12-25T14:58:41.320+0000] {processor.py:830} INFO - Processing file /home/airflow/.local/lib/python3.10/site-packages/airflow/example_dags/tutorial.py for tasks to queue
[2024-12-25T14:58:41.329+0000] {logging_mixin.py:188} INFO - [2024-12-25T14:58:41.322+0000] {dagbag.py:540} INFO - Filling up the DagBag from /home/airflow/.local/lib/python3.10/site-packages/airflow/example_dags/tutorial.py
[2024-12-25T14:58:41.372+0000] {processor.py:840} INFO - DAG(s) 'tutorial' retrieved from /home/airflow/.local/lib/python3.10/site-packages/airflow/example_dags/tutorial.py
[2024-12-25T14:58:41.531+0000] {logging_mixin.py:188} INFO - [2024-12-25T14:58:41.522+0000] {dag.py:3047} INFO - Sync 1 DAGs
[2024-12-25T14:58:41.662+0000] {logging_mixin.py:188} INFO - [2024-12-25T14:58:41.661+0000] {dag.py:3834} INFO - Setting next_dagrun for tutorial to 2024-12-24 00:00:00+00:00, run_after=2024-12-25 00:00:00+00:00
[2024-12-25T14:58:41.811+0000] {processor.py:183} INFO - Processing /home/airflow/.local/lib/python3.10/site-packages/airflow/example_dags/tutorial.py took 0.520 seconds
[2024-12-25T14:59:13.723+0000] {processor.py:161} INFO - Started process (PID=11658) to work on /home/airflow/.local/lib/python3.10/site-packages/airflow/example_dags/tutorial.py
[2024-12-25T14:59:13.733+0000] {processor.py:830} INFO - Processing file /home/airflow/.local/lib/python3.10/site-packages/airflow/example_dags/tutorial.py for tasks to queue
[2024-12-25T14:59:13.752+0000] {logging_mixin.py:188} INFO - [2024-12-25T14:59:13.751+0000] {dagbag.py:540} INFO - Filling up the DagBag from /home/airflow/.local/lib/python3.10/site-packages/airflow/example_dags/tutorial.py
[2024-12-25T14:59:13.802+0000] {processor.py:840} INFO - DAG(s) 'tutorial' retrieved from /home/airflow/.local/lib/python3.10/site-packages/airflow/example_dags/tutorial.py
[2024-12-25T14:59:13.973+0000] {logging_mixin.py:188} INFO - [2024-12-25T14:59:13.972+0000] {dag.py:3047} INFO - Sync 1 DAGs
[2024-12-25T14:59:14.163+0000] {logging_mixin.py:188} INFO - [2024-12-25T14:59:14.162+0000] {dag.py:3834} INFO - Setting next_dagrun for tutorial to 2024-12-24 00:00:00+00:00, run_after=2024-12-25 00:00:00+00:00
[2024-12-25T14:59:14.363+0000] {processor.py:183} INFO - Processing /home/airflow/.local/lib/python3.10/site-packages/airflow/example_dags/tutorial.py took 0.659 seconds
[2024-12-25T14:59:54.078+0000] {processor.py:161} INFO - Started process (PID=11718) to work on /home/airflow/.local/lib/python3.10/site-packages/airflow/example_dags/tutorial.py
[2024-12-25T14:59:54.097+0000] {processor.py:830} INFO - Processing file /home/airflow/.local/lib/python3.10/site-packages/airflow/example_dags/tutorial.py for tasks to queue
[2024-12-25T14:59:54.107+0000] {logging_mixin.py:188} INFO - [2024-12-25T14:59:54.099+0000] {dagbag.py:540} INFO - Filling up the DagBag from /home/airflow/.local/lib/python3.10/site-packages/airflow/example_dags/tutorial.py
[2024-12-25T14:59:54.158+0000] {processor.py:840} INFO - DAG(s) 'tutorial' retrieved from /home/airflow/.local/lib/python3.10/site-packages/airflow/example_dags/tutorial.py
[2024-12-25T14:59:54.467+0000] {logging_mixin.py:188} INFO - [2024-12-25T14:59:54.459+0000] {dag.py:3047} INFO - Sync 1 DAGs
[2024-12-25T14:59:54.887+0000] {logging_mixin.py:188} INFO - [2024-12-25T14:59:54.879+0000] {dag.py:3834} INFO - Setting next_dagrun for tutorial to 2024-12-24 00:00:00+00:00, run_after=2024-12-25 00:00:00+00:00
[2024-12-25T14:59:55.319+0000] {processor.py:183} INFO - Processing /home/airflow/.local/lib/python3.10/site-packages/airflow/example_dags/tutorial.py took 1.321 seconds
[2024-12-25T15:00:26.251+0000] {processor.py:161} INFO - Started process (PID=11773) to work on /home/airflow/.local/lib/python3.10/site-packages/airflow/example_dags/tutorial.py
[2024-12-25T15:00:26.260+0000] {processor.py:830} INFO - Processing file /home/airflow/.local/lib/python3.10/site-packages/airflow/example_dags/tutorial.py for tasks to queue
[2024-12-25T15:00:26.281+0000] {logging_mixin.py:188} INFO - [2024-12-25T15:00:26.280+0000] {dagbag.py:540} INFO - Filling up the DagBag from /home/airflow/.local/lib/python3.10/site-packages/airflow/example_dags/tutorial.py
[2024-12-25T15:00:26.331+0000] {processor.py:840} INFO - DAG(s) 'tutorial' retrieved from /home/airflow/.local/lib/python3.10/site-packages/airflow/example_dags/tutorial.py
[2024-12-25T15:00:26.511+0000] {logging_mixin.py:188} INFO - [2024-12-25T15:00:26.511+0000] {dag.py:3047} INFO - Sync 1 DAGs
[2024-12-25T15:00:26.701+0000] {logging_mixin.py:188} INFO - [2024-12-25T15:00:26.701+0000] {dag.py:3834} INFO - Setting next_dagrun for tutorial to 2024-12-24 00:00:00+00:00, run_after=2024-12-25 00:00:00+00:00
[2024-12-25T15:00:26.880+0000] {processor.py:183} INFO - Processing /home/airflow/.local/lib/python3.10/site-packages/airflow/example_dags/tutorial.py took 0.679 seconds
[2024-12-25T15:02:00.072+0000] {processor.py:161} INFO - Started process (PID=11841) to work on /home/airflow/.local/lib/python3.10/site-packages/airflow/example_dags/tutorial.py
[2024-12-25T15:02:00.182+0000] {processor.py:830} INFO - Processing file /home/airflow/.local/lib/python3.10/site-packages/airflow/example_dags/tutorial.py for tasks to queue
[2024-12-25T15:02:00.262+0000] {logging_mixin.py:188} INFO - [2024-12-25T15:02:00.223+0000] {dagbag.py:540} INFO - Filling up the DagBag from /home/airflow/.local/lib/python3.10/site-packages/airflow/example_dags/tutorial.py
[2024-12-25T15:02:00.652+0000] {processor.py:840} INFO - DAG(s) 'tutorial' retrieved from /home/airflow/.local/lib/python3.10/site-packages/airflow/example_dags/tutorial.py
[2024-12-25T15:02:01.532+0000] {logging_mixin.py:188} INFO - [2024-12-25T15:02:01.523+0000] {dag.py:3047} INFO - Sync 1 DAGs
[2024-12-25T15:02:05.182+0000] {logging_mixin.py:188} INFO - [2024-12-25T15:02:05.052+0000] {dag.py:3834} INFO - Setting next_dagrun for tutorial to 2024-12-24 00:00:00+00:00, run_after=2024-12-25 00:00:00+00:00
[2024-12-25T15:02:06.683+0000] {processor.py:183} INFO - Processing /home/airflow/.local/lib/python3.10/site-packages/airflow/example_dags/tutorial.py took 6.650 seconds
[2024-12-25T15:03:40.706+0000] {processor.py:161} INFO - Started process (PID=11926) to work on /home/airflow/.local/lib/python3.10/site-packages/airflow/example_dags/tutorial.py
[2024-12-25T15:03:40.728+0000] {processor.py:830} INFO - Processing file /home/airflow/.local/lib/python3.10/site-packages/airflow/example_dags/tutorial.py for tasks to queue
[2024-12-25T15:03:40.777+0000] {logging_mixin.py:188} INFO - [2024-12-25T15:03:40.777+0000] {dagbag.py:540} INFO - Filling up the DagBag from /home/airflow/.local/lib/python3.10/site-packages/airflow/example_dags/tutorial.py
[2024-12-25T15:03:40.957+0000] {processor.py:840} INFO - DAG(s) 'tutorial' retrieved from /home/airflow/.local/lib/python3.10/site-packages/airflow/example_dags/tutorial.py
[2024-12-25T15:03:41.317+0000] {logging_mixin.py:188} INFO - [2024-12-25T15:03:41.317+0000] {dag.py:3047} INFO - Sync 1 DAGs
[2024-12-25T15:03:41.866+0000] {logging_mixin.py:188} INFO - [2024-12-25T15:03:41.858+0000] {dag.py:3834} INFO - Setting next_dagrun for tutorial to 2024-12-24 00:00:00+00:00, run_after=2024-12-25 00:00:00+00:00
[2024-12-25T15:03:42.406+0000] {processor.py:183} INFO - Processing /home/airflow/.local/lib/python3.10/site-packages/airflow/example_dags/tutorial.py took 1.762 seconds
[2024-12-25T15:04:58.455+0000] {processor.py:161} INFO - Started process (PID=11990) to work on /home/airflow/.local/lib/python3.10/site-packages/airflow/example_dags/tutorial.py
[2024-12-25T15:04:58.525+0000] {processor.py:830} INFO - Processing file /home/airflow/.local/lib/python3.10/site-packages/airflow/example_dags/tutorial.py for tasks to queue
[2024-12-25T15:04:58.576+0000] {logging_mixin.py:188} INFO - [2024-12-25T15:04:58.546+0000] {dagbag.py:540} INFO - Filling up the DagBag from /home/airflow/.local/lib/python3.10/site-packages/airflow/example_dags/tutorial.py
[2024-12-25T15:04:58.806+0000] {processor.py:840} INFO - DAG(s) 'tutorial' retrieved from /home/airflow/.local/lib/python3.10/site-packages/airflow/example_dags/tutorial.py
[2024-12-25T15:04:59.725+0000] {logging_mixin.py:188} INFO - [2024-12-25T15:04:59.715+0000] {dag.py:3047} INFO - Sync 1 DAGs
[2024-12-25T15:05:00.335+0000] {logging_mixin.py:188} INFO - [2024-12-25T15:05:00.315+0000] {dag.py:3834} INFO - Setting next_dagrun for tutorial to 2024-12-24 00:00:00+00:00, run_after=2024-12-25 00:00:00+00:00
[2024-12-25T15:05:01.055+0000] {processor.py:183} INFO - Processing /home/airflow/.local/lib/python3.10/site-packages/airflow/example_dags/tutorial.py took 2.711 seconds
[2024-12-25T15:08:14.137+0000] {processor.py:161} INFO - Started process (PID=12090) to work on /home/airflow/.local/lib/python3.10/site-packages/airflow/example_dags/tutorial.py
[2024-12-25T15:08:14.256+0000] {processor.py:830} INFO - Processing file /home/airflow/.local/lib/python3.10/site-packages/airflow/example_dags/tutorial.py for tasks to queue
[2024-12-25T15:08:14.287+0000] {logging_mixin.py:188} INFO - [2024-12-25T15:08:14.277+0000] {dagbag.py:540} INFO - Filling up the DagBag from /home/airflow/.local/lib/python3.10/site-packages/airflow/example_dags/tutorial.py
[2024-12-25T15:08:15.077+0000] {processor.py:840} INFO - DAG(s) 'tutorial' retrieved from /home/airflow/.local/lib/python3.10/site-packages/airflow/example_dags/tutorial.py
[2024-12-25T15:08:17.217+0000] {logging_mixin.py:188} INFO - [2024-12-25T15:08:17.216+0000] {dag.py:3047} INFO - Sync 1 DAGs
[2024-12-25T15:08:19.807+0000] {logging_mixin.py:188} INFO - [2024-12-25T15:08:19.797+0000] {dag.py:3834} INFO - Setting next_dagrun for tutorial to 2024-12-24 00:00:00+00:00, run_after=2024-12-25 00:00:00+00:00
[2024-12-25T15:08:21.487+0000] {processor.py:183} INFO - Processing /home/airflow/.local/lib/python3.10/site-packages/airflow/example_dags/tutorial.py took 7.520 seconds
