[2024-12-09T13:35:41.291+0000] {processor.py:161} INFO - Started process (PID=73) to work on /home/airflow/.local/lib/python3.10/site-packages/airflow/example_dags/example_branch_operator.py
[2024-12-09T13:35:41.300+0000] {processor.py:830} INFO - Processing file /home/airflow/.local/lib/python3.10/site-packages/airflow/example_dags/example_branch_operator.py for tasks to queue
[2024-12-09T13:35:41.313+0000] {logging_mixin.py:188} INFO - [2024-12-09T13:35:41.313+0000] {dagbag.py:540} INFO - Filling up the DagBag from /home/airflow/.local/lib/python3.10/site-packages/airflow/example_dags/example_branch_operator.py
[2024-12-09T13:35:42.764+0000] {processor.py:840} INFO - DAG(s) 'example_branch_operator' retrieved from /home/airflow/.local/lib/python3.10/site-packages/airflow/example_dags/example_branch_operator.py
[2024-12-09T13:35:44.393+0000] {logging_mixin.py:188} INFO - [2024-12-09T13:35:44.392+0000] {dag.py:3047} INFO - Sync 1 DAGs
[2024-12-09T13:35:44.527+0000] {logging_mixin.py:188} INFO - [2024-12-09T13:35:44.526+0000] {dag.py:3834} INFO - Setting next_dagrun for example_branch_operator to 2024-12-08 00:00:00+00:00, run_after=2024-12-09 00:00:00+00:00
[2024-12-09T13:35:44.681+0000] {processor.py:183} INFO - Processing /home/airflow/.local/lib/python3.10/site-packages/airflow/example_dags/example_branch_operator.py took 3.398 seconds
[2024-12-09T20:37:19.546+0000] {processor.py:161} INFO - Started process (PID=73) to work on /home/airflow/.local/lib/python3.10/site-packages/airflow/example_dags/example_branch_operator.py
[2024-12-09T20:37:19.557+0000] {processor.py:830} INFO - Processing file /home/airflow/.local/lib/python3.10/site-packages/airflow/example_dags/example_branch_operator.py for tasks to queue
[2024-12-09T20:37:19.594+0000] {logging_mixin.py:188} INFO - [2024-12-09T20:37:19.590+0000] {dagbag.py:540} INFO - Filling up the DagBag from /home/airflow/.local/lib/python3.10/site-packages/airflow/example_dags/example_branch_operator.py
[2024-12-09T20:37:19.770+0000] {processor.py:840} INFO - DAG(s) 'example_branch_operator' retrieved from /home/airflow/.local/lib/python3.10/site-packages/airflow/example_dags/example_branch_operator.py
[2024-12-09T20:37:20.721+0000] {logging_mixin.py:188} INFO - [2024-12-09T20:37:20.720+0000] {dag.py:3047} INFO - Sync 1 DAGs
[2024-12-09T20:37:20.850+0000] {logging_mixin.py:188} INFO - [2024-12-09T20:37:20.850+0000] {dag.py:3834} INFO - Setting next_dagrun for example_branch_operator to 2024-12-08 00:00:00+00:00, run_after=2024-12-09 00:00:00+00:00
[2024-12-09T20:37:20.943+0000] {processor.py:183} INFO - Processing /home/airflow/.local/lib/python3.10/site-packages/airflow/example_dags/example_branch_operator.py took 1.416 seconds
[2024-12-09T20:37:51.327+0000] {processor.py:161} INFO - Started process (PID=129) to work on /home/airflow/.local/lib/python3.10/site-packages/airflow/example_dags/example_branch_operator.py
[2024-12-09T20:37:51.329+0000] {processor.py:830} INFO - Processing file /home/airflow/.local/lib/python3.10/site-packages/airflow/example_dags/example_branch_operator.py for tasks to queue
[2024-12-09T20:37:51.333+0000] {logging_mixin.py:188} INFO - [2024-12-09T20:37:51.332+0000] {dagbag.py:540} INFO - Filling up the DagBag from /home/airflow/.local/lib/python3.10/site-packages/airflow/example_dags/example_branch_operator.py
[2024-12-09T20:37:51.371+0000] {processor.py:840} INFO - DAG(s) 'example_branch_operator' retrieved from /home/airflow/.local/lib/python3.10/site-packages/airflow/example_dags/example_branch_operator.py
[2024-12-09T20:37:51.427+0000] {logging_mixin.py:188} INFO - [2024-12-09T20:37:51.426+0000] {dag.py:3047} INFO - Sync 1 DAGs
[2024-12-09T20:37:51.477+0000] {logging_mixin.py:188} INFO - [2024-12-09T20:37:51.476+0000] {dag.py:3834} INFO - Setting next_dagrun for example_branch_operator to 2024-12-08 00:00:00+00:00, run_after=2024-12-09 00:00:00+00:00
[2024-12-09T20:37:51.517+0000] {processor.py:183} INFO - Processing /home/airflow/.local/lib/python3.10/site-packages/airflow/example_dags/example_branch_operator.py took 0.195 seconds
[2024-12-09T20:38:22.320+0000] {processor.py:161} INFO - Started process (PID=185) to work on /home/airflow/.local/lib/python3.10/site-packages/airflow/example_dags/example_branch_operator.py
[2024-12-09T20:38:22.323+0000] {processor.py:830} INFO - Processing file /home/airflow/.local/lib/python3.10/site-packages/airflow/example_dags/example_branch_operator.py for tasks to queue
[2024-12-09T20:38:22.325+0000] {logging_mixin.py:188} INFO - [2024-12-09T20:38:22.325+0000] {dagbag.py:540} INFO - Filling up the DagBag from /home/airflow/.local/lib/python3.10/site-packages/airflow/example_dags/example_branch_operator.py
[2024-12-09T20:38:22.341+0000] {processor.py:840} INFO - DAG(s) 'example_branch_operator' retrieved from /home/airflow/.local/lib/python3.10/site-packages/airflow/example_dags/example_branch_operator.py
[2024-12-09T20:38:22.369+0000] {logging_mixin.py:188} INFO - [2024-12-09T20:38:22.369+0000] {dag.py:3047} INFO - Sync 1 DAGs
[2024-12-09T20:38:22.392+0000] {logging_mixin.py:188} INFO - [2024-12-09T20:38:22.392+0000] {dag.py:3834} INFO - Setting next_dagrun for example_branch_operator to 2024-12-08 00:00:00+00:00, run_after=2024-12-09 00:00:00+00:00
[2024-12-09T20:38:22.419+0000] {processor.py:183} INFO - Processing /home/airflow/.local/lib/python3.10/site-packages/airflow/example_dags/example_branch_operator.py took 0.102 seconds
[2024-12-09T20:38:52.809+0000] {processor.py:161} INFO - Started process (PID=241) to work on /home/airflow/.local/lib/python3.10/site-packages/airflow/example_dags/example_branch_operator.py
[2024-12-09T20:38:52.810+0000] {processor.py:830} INFO - Processing file /home/airflow/.local/lib/python3.10/site-packages/airflow/example_dags/example_branch_operator.py for tasks to queue
[2024-12-09T20:38:52.812+0000] {logging_mixin.py:188} INFO - [2024-12-09T20:38:52.812+0000] {dagbag.py:540} INFO - Filling up the DagBag from /home/airflow/.local/lib/python3.10/site-packages/airflow/example_dags/example_branch_operator.py
[2024-12-09T20:38:52.828+0000] {processor.py:840} INFO - DAG(s) 'example_branch_operator' retrieved from /home/airflow/.local/lib/python3.10/site-packages/airflow/example_dags/example_branch_operator.py
[2024-12-09T20:38:52.856+0000] {logging_mixin.py:188} INFO - [2024-12-09T20:38:52.856+0000] {dag.py:3047} INFO - Sync 1 DAGs
[2024-12-09T20:38:52.878+0000] {logging_mixin.py:188} INFO - [2024-12-09T20:38:52.877+0000] {dag.py:3834} INFO - Setting next_dagrun for example_branch_operator to 2024-12-08 00:00:00+00:00, run_after=2024-12-09 00:00:00+00:00
[2024-12-09T20:38:52.901+0000] {processor.py:183} INFO - Processing /home/airflow/.local/lib/python3.10/site-packages/airflow/example_dags/example_branch_operator.py took 0.094 seconds
[2024-12-09T20:39:23.179+0000] {processor.py:161} INFO - Started process (PID=297) to work on /home/airflow/.local/lib/python3.10/site-packages/airflow/example_dags/example_branch_operator.py
[2024-12-09T20:39:23.180+0000] {processor.py:830} INFO - Processing file /home/airflow/.local/lib/python3.10/site-packages/airflow/example_dags/example_branch_operator.py for tasks to queue
[2024-12-09T20:39:23.182+0000] {logging_mixin.py:188} INFO - [2024-12-09T20:39:23.182+0000] {dagbag.py:540} INFO - Filling up the DagBag from /home/airflow/.local/lib/python3.10/site-packages/airflow/example_dags/example_branch_operator.py
[2024-12-09T20:39:23.198+0000] {processor.py:840} INFO - DAG(s) 'example_branch_operator' retrieved from /home/airflow/.local/lib/python3.10/site-packages/airflow/example_dags/example_branch_operator.py
[2024-12-09T20:39:23.223+0000] {logging_mixin.py:188} INFO - [2024-12-09T20:39:23.223+0000] {dag.py:3047} INFO - Sync 1 DAGs
[2024-12-09T20:39:23.244+0000] {logging_mixin.py:188} INFO - [2024-12-09T20:39:23.244+0000] {dag.py:3834} INFO - Setting next_dagrun for example_branch_operator to 2024-12-08 00:00:00+00:00, run_after=2024-12-09 00:00:00+00:00
[2024-12-09T20:39:23.263+0000] {processor.py:183} INFO - Processing /home/airflow/.local/lib/python3.10/site-packages/airflow/example_dags/example_branch_operator.py took 0.087 seconds
[2024-12-09T20:39:53.794+0000] {processor.py:161} INFO - Started process (PID=352) to work on /home/airflow/.local/lib/python3.10/site-packages/airflow/example_dags/example_branch_operator.py
[2024-12-09T20:39:53.795+0000] {processor.py:830} INFO - Processing file /home/airflow/.local/lib/python3.10/site-packages/airflow/example_dags/example_branch_operator.py for tasks to queue
[2024-12-09T20:39:53.797+0000] {logging_mixin.py:188} INFO - [2024-12-09T20:39:53.797+0000] {dagbag.py:540} INFO - Filling up the DagBag from /home/airflow/.local/lib/python3.10/site-packages/airflow/example_dags/example_branch_operator.py
[2024-12-09T20:39:53.817+0000] {processor.py:840} INFO - DAG(s) 'example_branch_operator' retrieved from /home/airflow/.local/lib/python3.10/site-packages/airflow/example_dags/example_branch_operator.py
[2024-12-09T20:39:53.843+0000] {logging_mixin.py:188} INFO - [2024-12-09T20:39:53.843+0000] {dag.py:3047} INFO - Sync 1 DAGs
[2024-12-09T20:39:53.868+0000] {logging_mixin.py:188} INFO - [2024-12-09T20:39:53.867+0000] {dag.py:3834} INFO - Setting next_dagrun for example_branch_operator to 2024-12-08 00:00:00+00:00, run_after=2024-12-09 00:00:00+00:00
[2024-12-09T20:39:53.890+0000] {processor.py:183} INFO - Processing /home/airflow/.local/lib/python3.10/site-packages/airflow/example_dags/example_branch_operator.py took 0.100 seconds
[2024-12-09T20:40:24.453+0000] {processor.py:161} INFO - Started process (PID=407) to work on /home/airflow/.local/lib/python3.10/site-packages/airflow/example_dags/example_branch_operator.py
[2024-12-09T20:40:24.454+0000] {processor.py:830} INFO - Processing file /home/airflow/.local/lib/python3.10/site-packages/airflow/example_dags/example_branch_operator.py for tasks to queue
[2024-12-09T20:40:24.457+0000] {logging_mixin.py:188} INFO - [2024-12-09T20:40:24.457+0000] {dagbag.py:540} INFO - Filling up the DagBag from /home/airflow/.local/lib/python3.10/site-packages/airflow/example_dags/example_branch_operator.py
[2024-12-09T20:40:24.478+0000] {processor.py:840} INFO - DAG(s) 'example_branch_operator' retrieved from /home/airflow/.local/lib/python3.10/site-packages/airflow/example_dags/example_branch_operator.py
[2024-12-09T20:40:24.508+0000] {logging_mixin.py:188} INFO - [2024-12-09T20:40:24.507+0000] {dag.py:3047} INFO - Sync 1 DAGs
[2024-12-09T20:40:24.533+0000] {logging_mixin.py:188} INFO - [2024-12-09T20:40:24.533+0000] {dag.py:3834} INFO - Setting next_dagrun for example_branch_operator to 2024-12-08 00:00:00+00:00, run_after=2024-12-09 00:00:00+00:00
[2024-12-09T20:40:24.555+0000] {processor.py:183} INFO - Processing /home/airflow/.local/lib/python3.10/site-packages/airflow/example_dags/example_branch_operator.py took 0.107 seconds
[2024-12-09T20:40:55.347+0000] {processor.py:161} INFO - Started process (PID=463) to work on /home/airflow/.local/lib/python3.10/site-packages/airflow/example_dags/example_branch_operator.py
[2024-12-09T20:40:55.349+0000] {processor.py:830} INFO - Processing file /home/airflow/.local/lib/python3.10/site-packages/airflow/example_dags/example_branch_operator.py for tasks to queue
[2024-12-09T20:40:55.351+0000] {logging_mixin.py:188} INFO - [2024-12-09T20:40:55.350+0000] {dagbag.py:540} INFO - Filling up the DagBag from /home/airflow/.local/lib/python3.10/site-packages/airflow/example_dags/example_branch_operator.py
[2024-12-09T20:40:55.368+0000] {processor.py:840} INFO - DAG(s) 'example_branch_operator' retrieved from /home/airflow/.local/lib/python3.10/site-packages/airflow/example_dags/example_branch_operator.py
[2024-12-09T20:40:55.396+0000] {logging_mixin.py:188} INFO - [2024-12-09T20:40:55.396+0000] {dag.py:3047} INFO - Sync 1 DAGs
[2024-12-09T20:40:55.421+0000] {logging_mixin.py:188} INFO - [2024-12-09T20:40:55.420+0000] {dag.py:3834} INFO - Setting next_dagrun for example_branch_operator to 2024-12-08 00:00:00+00:00, run_after=2024-12-09 00:00:00+00:00
[2024-12-09T20:40:55.444+0000] {processor.py:183} INFO - Processing /home/airflow/.local/lib/python3.10/site-packages/airflow/example_dags/example_branch_operator.py took 0.100 seconds
[2024-12-09T20:41:25.502+0000] {processor.py:161} INFO - Started process (PID=518) to work on /home/airflow/.local/lib/python3.10/site-packages/airflow/example_dags/example_branch_operator.py
[2024-12-09T20:41:25.504+0000] {processor.py:830} INFO - Processing file /home/airflow/.local/lib/python3.10/site-packages/airflow/example_dags/example_branch_operator.py for tasks to queue
[2024-12-09T20:41:25.506+0000] {logging_mixin.py:188} INFO - [2024-12-09T20:41:25.505+0000] {dagbag.py:540} INFO - Filling up the DagBag from /home/airflow/.local/lib/python3.10/site-packages/airflow/example_dags/example_branch_operator.py
[2024-12-09T20:41:25.524+0000] {processor.py:840} INFO - DAG(s) 'example_branch_operator' retrieved from /home/airflow/.local/lib/python3.10/site-packages/airflow/example_dags/example_branch_operator.py
[2024-12-09T20:41:25.551+0000] {logging_mixin.py:188} INFO - [2024-12-09T20:41:25.550+0000] {dag.py:3047} INFO - Sync 1 DAGs
[2024-12-09T20:41:25.571+0000] {logging_mixin.py:188} INFO - [2024-12-09T20:41:25.571+0000] {dag.py:3834} INFO - Setting next_dagrun for example_branch_operator to 2024-12-08 00:00:00+00:00, run_after=2024-12-09 00:00:00+00:00
[2024-12-09T20:41:25.595+0000] {processor.py:183} INFO - Processing /home/airflow/.local/lib/python3.10/site-packages/airflow/example_dags/example_branch_operator.py took 0.096 seconds
[2024-12-09T20:41:56.042+0000] {processor.py:161} INFO - Started process (PID=573) to work on /home/airflow/.local/lib/python3.10/site-packages/airflow/example_dags/example_branch_operator.py
[2024-12-09T20:41:56.044+0000] {processor.py:830} INFO - Processing file /home/airflow/.local/lib/python3.10/site-packages/airflow/example_dags/example_branch_operator.py for tasks to queue
[2024-12-09T20:41:56.046+0000] {logging_mixin.py:188} INFO - [2024-12-09T20:41:56.045+0000] {dagbag.py:540} INFO - Filling up the DagBag from /home/airflow/.local/lib/python3.10/site-packages/airflow/example_dags/example_branch_operator.py
[2024-12-09T20:41:56.061+0000] {processor.py:840} INFO - DAG(s) 'example_branch_operator' retrieved from /home/airflow/.local/lib/python3.10/site-packages/airflow/example_dags/example_branch_operator.py
[2024-12-09T20:41:56.089+0000] {logging_mixin.py:188} INFO - [2024-12-09T20:41:56.089+0000] {dag.py:3047} INFO - Sync 1 DAGs
[2024-12-09T20:41:56.112+0000] {logging_mixin.py:188} INFO - [2024-12-09T20:41:56.112+0000] {dag.py:3834} INFO - Setting next_dagrun for example_branch_operator to 2024-12-08 00:00:00+00:00, run_after=2024-12-09 00:00:00+00:00
[2024-12-09T20:41:56.133+0000] {processor.py:183} INFO - Processing /home/airflow/.local/lib/python3.10/site-packages/airflow/example_dags/example_branch_operator.py took 0.094 seconds
[2024-12-09T20:42:26.310+0000] {processor.py:161} INFO - Started process (PID=629) to work on /home/airflow/.local/lib/python3.10/site-packages/airflow/example_dags/example_branch_operator.py
[2024-12-09T20:42:26.312+0000] {processor.py:830} INFO - Processing file /home/airflow/.local/lib/python3.10/site-packages/airflow/example_dags/example_branch_operator.py for tasks to queue
[2024-12-09T20:42:26.314+0000] {logging_mixin.py:188} INFO - [2024-12-09T20:42:26.313+0000] {dagbag.py:540} INFO - Filling up the DagBag from /home/airflow/.local/lib/python3.10/site-packages/airflow/example_dags/example_branch_operator.py
[2024-12-09T20:42:26.329+0000] {processor.py:840} INFO - DAG(s) 'example_branch_operator' retrieved from /home/airflow/.local/lib/python3.10/site-packages/airflow/example_dags/example_branch_operator.py
[2024-12-09T20:42:26.355+0000] {logging_mixin.py:188} INFO - [2024-12-09T20:42:26.355+0000] {dag.py:3047} INFO - Sync 1 DAGs
[2024-12-09T20:42:26.380+0000] {logging_mixin.py:188} INFO - [2024-12-09T20:42:26.380+0000] {dag.py:3834} INFO - Setting next_dagrun for example_branch_operator to 2024-12-08 00:00:00+00:00, run_after=2024-12-09 00:00:00+00:00
[2024-12-09T20:42:26.404+0000] {processor.py:183} INFO - Processing /home/airflow/.local/lib/python3.10/site-packages/airflow/example_dags/example_branch_operator.py took 0.098 seconds
[2024-12-09T20:42:56.605+0000] {processor.py:161} INFO - Started process (PID=685) to work on /home/airflow/.local/lib/python3.10/site-packages/airflow/example_dags/example_branch_operator.py
[2024-12-09T20:42:56.606+0000] {processor.py:830} INFO - Processing file /home/airflow/.local/lib/python3.10/site-packages/airflow/example_dags/example_branch_operator.py for tasks to queue
[2024-12-09T20:42:56.608+0000] {logging_mixin.py:188} INFO - [2024-12-09T20:42:56.608+0000] {dagbag.py:540} INFO - Filling up the DagBag from /home/airflow/.local/lib/python3.10/site-packages/airflow/example_dags/example_branch_operator.py
[2024-12-09T20:42:56.623+0000] {processor.py:840} INFO - DAG(s) 'example_branch_operator' retrieved from /home/airflow/.local/lib/python3.10/site-packages/airflow/example_dags/example_branch_operator.py
[2024-12-09T20:42:56.650+0000] {logging_mixin.py:188} INFO - [2024-12-09T20:42:56.649+0000] {dag.py:3047} INFO - Sync 1 DAGs
[2024-12-09T20:42:56.670+0000] {logging_mixin.py:188} INFO - [2024-12-09T20:42:56.670+0000] {dag.py:3834} INFO - Setting next_dagrun for example_branch_operator to 2024-12-08 00:00:00+00:00, run_after=2024-12-09 00:00:00+00:00
[2024-12-09T20:42:56.690+0000] {processor.py:183} INFO - Processing /home/airflow/.local/lib/python3.10/site-packages/airflow/example_dags/example_branch_operator.py took 0.088 seconds
[2024-12-09T20:43:26.783+0000] {processor.py:161} INFO - Started process (PID=740) to work on /home/airflow/.local/lib/python3.10/site-packages/airflow/example_dags/example_branch_operator.py
[2024-12-09T20:43:26.784+0000] {processor.py:830} INFO - Processing file /home/airflow/.local/lib/python3.10/site-packages/airflow/example_dags/example_branch_operator.py for tasks to queue
[2024-12-09T20:43:26.786+0000] {logging_mixin.py:188} INFO - [2024-12-09T20:43:26.786+0000] {dagbag.py:540} INFO - Filling up the DagBag from /home/airflow/.local/lib/python3.10/site-packages/airflow/example_dags/example_branch_operator.py
[2024-12-09T20:43:26.804+0000] {processor.py:840} INFO - DAG(s) 'example_branch_operator' retrieved from /home/airflow/.local/lib/python3.10/site-packages/airflow/example_dags/example_branch_operator.py
[2024-12-09T20:43:26.832+0000] {logging_mixin.py:188} INFO - [2024-12-09T20:43:26.832+0000] {dag.py:3047} INFO - Sync 1 DAGs
[2024-12-09T20:43:26.855+0000] {logging_mixin.py:188} INFO - [2024-12-09T20:43:26.855+0000] {dag.py:3834} INFO - Setting next_dagrun for example_branch_operator to 2024-12-08 00:00:00+00:00, run_after=2024-12-09 00:00:00+00:00
[2024-12-09T20:43:26.880+0000] {processor.py:183} INFO - Processing /home/airflow/.local/lib/python3.10/site-packages/airflow/example_dags/example_branch_operator.py took 0.101 seconds
[2024-12-09T20:43:56.935+0000] {processor.py:161} INFO - Started process (PID=796) to work on /home/airflow/.local/lib/python3.10/site-packages/airflow/example_dags/example_branch_operator.py
[2024-12-09T20:43:56.937+0000] {processor.py:830} INFO - Processing file /home/airflow/.local/lib/python3.10/site-packages/airflow/example_dags/example_branch_operator.py for tasks to queue
[2024-12-09T20:43:56.939+0000] {logging_mixin.py:188} INFO - [2024-12-09T20:43:56.938+0000] {dagbag.py:540} INFO - Filling up the DagBag from /home/airflow/.local/lib/python3.10/site-packages/airflow/example_dags/example_branch_operator.py
[2024-12-09T20:43:56.954+0000] {processor.py:840} INFO - DAG(s) 'example_branch_operator' retrieved from /home/airflow/.local/lib/python3.10/site-packages/airflow/example_dags/example_branch_operator.py
[2024-12-09T20:43:56.979+0000] {logging_mixin.py:188} INFO - [2024-12-09T20:43:56.979+0000] {dag.py:3047} INFO - Sync 1 DAGs
[2024-12-09T20:43:57.000+0000] {logging_mixin.py:188} INFO - [2024-12-09T20:43:57.000+0000] {dag.py:3834} INFO - Setting next_dagrun for example_branch_operator to 2024-12-08 00:00:00+00:00, run_after=2024-12-09 00:00:00+00:00
[2024-12-09T20:43:57.023+0000] {processor.py:183} INFO - Processing /home/airflow/.local/lib/python3.10/site-packages/airflow/example_dags/example_branch_operator.py took 0.091 seconds
[2024-12-09T20:44:27.712+0000] {processor.py:161} INFO - Started process (PID=852) to work on /home/airflow/.local/lib/python3.10/site-packages/airflow/example_dags/example_branch_operator.py
[2024-12-09T20:44:27.714+0000] {processor.py:830} INFO - Processing file /home/airflow/.local/lib/python3.10/site-packages/airflow/example_dags/example_branch_operator.py for tasks to queue
[2024-12-09T20:44:27.716+0000] {logging_mixin.py:188} INFO - [2024-12-09T20:44:27.715+0000] {dagbag.py:540} INFO - Filling up the DagBag from /home/airflow/.local/lib/python3.10/site-packages/airflow/example_dags/example_branch_operator.py
[2024-12-09T20:44:27.733+0000] {processor.py:840} INFO - DAG(s) 'example_branch_operator' retrieved from /home/airflow/.local/lib/python3.10/site-packages/airflow/example_dags/example_branch_operator.py
[2024-12-09T20:44:27.761+0000] {logging_mixin.py:188} INFO - [2024-12-09T20:44:27.760+0000] {dag.py:3047} INFO - Sync 1 DAGs
[2024-12-09T20:44:27.791+0000] {logging_mixin.py:188} INFO - [2024-12-09T20:44:27.790+0000] {dag.py:3834} INFO - Setting next_dagrun for example_branch_operator to 2024-12-08 00:00:00+00:00, run_after=2024-12-09 00:00:00+00:00
[2024-12-09T20:44:27.810+0000] {processor.py:183} INFO - Processing /home/airflow/.local/lib/python3.10/site-packages/airflow/example_dags/example_branch_operator.py took 0.101 seconds
[2024-12-09T20:44:58.884+0000] {processor.py:161} INFO - Started process (PID=908) to work on /home/airflow/.local/lib/python3.10/site-packages/airflow/example_dags/example_branch_operator.py
[2024-12-09T20:44:58.885+0000] {processor.py:830} INFO - Processing file /home/airflow/.local/lib/python3.10/site-packages/airflow/example_dags/example_branch_operator.py for tasks to queue
[2024-12-09T20:44:58.887+0000] {logging_mixin.py:188} INFO - [2024-12-09T20:44:58.887+0000] {dagbag.py:540} INFO - Filling up the DagBag from /home/airflow/.local/lib/python3.10/site-packages/airflow/example_dags/example_branch_operator.py
[2024-12-09T20:44:58.902+0000] {processor.py:840} INFO - DAG(s) 'example_branch_operator' retrieved from /home/airflow/.local/lib/python3.10/site-packages/airflow/example_dags/example_branch_operator.py
[2024-12-09T20:44:58.927+0000] {logging_mixin.py:188} INFO - [2024-12-09T20:44:58.927+0000] {dag.py:3047} INFO - Sync 1 DAGs
[2024-12-09T20:44:58.948+0000] {logging_mixin.py:188} INFO - [2024-12-09T20:44:58.947+0000] {dag.py:3834} INFO - Setting next_dagrun for example_branch_operator to 2024-12-08 00:00:00+00:00, run_after=2024-12-09 00:00:00+00:00
[2024-12-09T20:44:58.968+0000] {processor.py:183} INFO - Processing /home/airflow/.local/lib/python3.10/site-packages/airflow/example_dags/example_branch_operator.py took 0.087 seconds
[2024-12-09T20:45:29.065+0000] {processor.py:161} INFO - Started process (PID=964) to work on /home/airflow/.local/lib/python3.10/site-packages/airflow/example_dags/example_branch_operator.py
[2024-12-09T20:45:29.067+0000] {processor.py:830} INFO - Processing file /home/airflow/.local/lib/python3.10/site-packages/airflow/example_dags/example_branch_operator.py for tasks to queue
[2024-12-09T20:45:29.069+0000] {logging_mixin.py:188} INFO - [2024-12-09T20:45:29.069+0000] {dagbag.py:540} INFO - Filling up the DagBag from /home/airflow/.local/lib/python3.10/site-packages/airflow/example_dags/example_branch_operator.py
[2024-12-09T20:45:29.088+0000] {processor.py:840} INFO - DAG(s) 'example_branch_operator' retrieved from /home/airflow/.local/lib/python3.10/site-packages/airflow/example_dags/example_branch_operator.py
[2024-12-09T20:45:29.115+0000] {logging_mixin.py:188} INFO - [2024-12-09T20:45:29.114+0000] {dag.py:3047} INFO - Sync 1 DAGs
[2024-12-09T20:45:29.135+0000] {logging_mixin.py:188} INFO - [2024-12-09T20:45:29.135+0000] {dag.py:3834} INFO - Setting next_dagrun for example_branch_operator to 2024-12-08 00:00:00+00:00, run_after=2024-12-09 00:00:00+00:00
[2024-12-09T20:45:29.155+0000] {processor.py:183} INFO - Processing /home/airflow/.local/lib/python3.10/site-packages/airflow/example_dags/example_branch_operator.py took 0.094 seconds
[2024-12-09T20:46:00.064+0000] {processor.py:161} INFO - Started process (PID=1019) to work on /home/airflow/.local/lib/python3.10/site-packages/airflow/example_dags/example_branch_operator.py
[2024-12-09T20:46:00.065+0000] {processor.py:830} INFO - Processing file /home/airflow/.local/lib/python3.10/site-packages/airflow/example_dags/example_branch_operator.py for tasks to queue
[2024-12-09T20:46:00.067+0000] {logging_mixin.py:188} INFO - [2024-12-09T20:46:00.067+0000] {dagbag.py:540} INFO - Filling up the DagBag from /home/airflow/.local/lib/python3.10/site-packages/airflow/example_dags/example_branch_operator.py
[2024-12-09T20:46:00.083+0000] {processor.py:840} INFO - DAG(s) 'example_branch_operator' retrieved from /home/airflow/.local/lib/python3.10/site-packages/airflow/example_dags/example_branch_operator.py
[2024-12-09T20:46:00.117+0000] {logging_mixin.py:188} INFO - [2024-12-09T20:46:00.116+0000] {dag.py:3047} INFO - Sync 1 DAGs
[2024-12-09T20:46:00.150+0000] {logging_mixin.py:188} INFO - [2024-12-09T20:46:00.150+0000] {dag.py:3834} INFO - Setting next_dagrun for example_branch_operator to 2024-12-08 00:00:00+00:00, run_after=2024-12-09 00:00:00+00:00
[2024-12-09T20:46:00.192+0000] {processor.py:183} INFO - Processing /home/airflow/.local/lib/python3.10/site-packages/airflow/example_dags/example_branch_operator.py took 0.132 seconds
[2024-12-09T20:46:30.351+0000] {processor.py:161} INFO - Started process (PID=1075) to work on /home/airflow/.local/lib/python3.10/site-packages/airflow/example_dags/example_branch_operator.py
[2024-12-09T20:46:30.352+0000] {processor.py:830} INFO - Processing file /home/airflow/.local/lib/python3.10/site-packages/airflow/example_dags/example_branch_operator.py for tasks to queue
[2024-12-09T20:46:30.354+0000] {logging_mixin.py:188} INFO - [2024-12-09T20:46:30.354+0000] {dagbag.py:540} INFO - Filling up the DagBag from /home/airflow/.local/lib/python3.10/site-packages/airflow/example_dags/example_branch_operator.py
[2024-12-09T20:46:30.370+0000] {processor.py:840} INFO - DAG(s) 'example_branch_operator' retrieved from /home/airflow/.local/lib/python3.10/site-packages/airflow/example_dags/example_branch_operator.py
[2024-12-09T20:46:30.398+0000] {logging_mixin.py:188} INFO - [2024-12-09T20:46:30.398+0000] {dag.py:3047} INFO - Sync 1 DAGs
[2024-12-09T20:46:30.419+0000] {logging_mixin.py:188} INFO - [2024-12-09T20:46:30.419+0000] {dag.py:3834} INFO - Setting next_dagrun for example_branch_operator to 2024-12-08 00:00:00+00:00, run_after=2024-12-09 00:00:00+00:00
[2024-12-09T20:46:30.439+0000] {processor.py:183} INFO - Processing /home/airflow/.local/lib/python3.10/site-packages/airflow/example_dags/example_branch_operator.py took 0.091 seconds
[2024-12-09T20:47:00.717+0000] {processor.py:161} INFO - Started process (PID=1131) to work on /home/airflow/.local/lib/python3.10/site-packages/airflow/example_dags/example_branch_operator.py
[2024-12-09T20:47:00.718+0000] {processor.py:830} INFO - Processing file /home/airflow/.local/lib/python3.10/site-packages/airflow/example_dags/example_branch_operator.py for tasks to queue
[2024-12-09T20:47:00.720+0000] {logging_mixin.py:188} INFO - [2024-12-09T20:47:00.720+0000] {dagbag.py:540} INFO - Filling up the DagBag from /home/airflow/.local/lib/python3.10/site-packages/airflow/example_dags/example_branch_operator.py
[2024-12-09T20:47:00.736+0000] {processor.py:840} INFO - DAG(s) 'example_branch_operator' retrieved from /home/airflow/.local/lib/python3.10/site-packages/airflow/example_dags/example_branch_operator.py
[2024-12-09T20:47:00.762+0000] {logging_mixin.py:188} INFO - [2024-12-09T20:47:00.762+0000] {dag.py:3047} INFO - Sync 1 DAGs
[2024-12-09T20:47:00.782+0000] {logging_mixin.py:188} INFO - [2024-12-09T20:47:00.782+0000] {dag.py:3834} INFO - Setting next_dagrun for example_branch_operator to 2024-12-08 00:00:00+00:00, run_after=2024-12-09 00:00:00+00:00
[2024-12-09T20:47:00.803+0000] {processor.py:183} INFO - Processing /home/airflow/.local/lib/python3.10/site-packages/airflow/example_dags/example_branch_operator.py took 0.089 seconds
[2024-12-09T20:47:30.889+0000] {processor.py:161} INFO - Started process (PID=1187) to work on /home/airflow/.local/lib/python3.10/site-packages/airflow/example_dags/example_branch_operator.py
[2024-12-09T20:47:30.890+0000] {processor.py:830} INFO - Processing file /home/airflow/.local/lib/python3.10/site-packages/airflow/example_dags/example_branch_operator.py for tasks to queue
[2024-12-09T20:47:30.892+0000] {logging_mixin.py:188} INFO - [2024-12-09T20:47:30.892+0000] {dagbag.py:540} INFO - Filling up the DagBag from /home/airflow/.local/lib/python3.10/site-packages/airflow/example_dags/example_branch_operator.py
[2024-12-09T20:47:30.907+0000] {processor.py:840} INFO - DAG(s) 'example_branch_operator' retrieved from /home/airflow/.local/lib/python3.10/site-packages/airflow/example_dags/example_branch_operator.py
[2024-12-09T20:47:30.932+0000] {logging_mixin.py:188} INFO - [2024-12-09T20:47:30.932+0000] {dag.py:3047} INFO - Sync 1 DAGs
[2024-12-09T20:47:30.952+0000] {logging_mixin.py:188} INFO - [2024-12-09T20:47:30.952+0000] {dag.py:3834} INFO - Setting next_dagrun for example_branch_operator to 2024-12-08 00:00:00+00:00, run_after=2024-12-09 00:00:00+00:00
[2024-12-09T20:47:30.973+0000] {processor.py:183} INFO - Processing /home/airflow/.local/lib/python3.10/site-packages/airflow/example_dags/example_branch_operator.py took 0.087 seconds
[2024-12-09T20:48:01.416+0000] {processor.py:161} INFO - Started process (PID=1242) to work on /home/airflow/.local/lib/python3.10/site-packages/airflow/example_dags/example_branch_operator.py
[2024-12-09T20:48:01.417+0000] {processor.py:830} INFO - Processing file /home/airflow/.local/lib/python3.10/site-packages/airflow/example_dags/example_branch_operator.py for tasks to queue
[2024-12-09T20:48:01.420+0000] {logging_mixin.py:188} INFO - [2024-12-09T20:48:01.419+0000] {dagbag.py:540} INFO - Filling up the DagBag from /home/airflow/.local/lib/python3.10/site-packages/airflow/example_dags/example_branch_operator.py
[2024-12-09T20:48:01.435+0000] {processor.py:840} INFO - DAG(s) 'example_branch_operator' retrieved from /home/airflow/.local/lib/python3.10/site-packages/airflow/example_dags/example_branch_operator.py
[2024-12-09T20:48:01.460+0000] {logging_mixin.py:188} INFO - [2024-12-09T20:48:01.460+0000] {dag.py:3047} INFO - Sync 1 DAGs
[2024-12-09T20:48:01.480+0000] {logging_mixin.py:188} INFO - [2024-12-09T20:48:01.480+0000] {dag.py:3834} INFO - Setting next_dagrun for example_branch_operator to 2024-12-08 00:00:00+00:00, run_after=2024-12-09 00:00:00+00:00
[2024-12-09T20:48:01.502+0000] {processor.py:183} INFO - Processing /home/airflow/.local/lib/python3.10/site-packages/airflow/example_dags/example_branch_operator.py took 0.089 seconds
[2024-12-09T20:48:32.060+0000] {processor.py:161} INFO - Started process (PID=1297) to work on /home/airflow/.local/lib/python3.10/site-packages/airflow/example_dags/example_branch_operator.py
[2024-12-09T20:48:32.062+0000] {processor.py:830} INFO - Processing file /home/airflow/.local/lib/python3.10/site-packages/airflow/example_dags/example_branch_operator.py for tasks to queue
[2024-12-09T20:48:32.064+0000] {logging_mixin.py:188} INFO - [2024-12-09T20:48:32.063+0000] {dagbag.py:540} INFO - Filling up the DagBag from /home/airflow/.local/lib/python3.10/site-packages/airflow/example_dags/example_branch_operator.py
[2024-12-09T20:48:32.078+0000] {processor.py:840} INFO - DAG(s) 'example_branch_operator' retrieved from /home/airflow/.local/lib/python3.10/site-packages/airflow/example_dags/example_branch_operator.py
[2024-12-09T20:48:32.105+0000] {logging_mixin.py:188} INFO - [2024-12-09T20:48:32.104+0000] {dag.py:3047} INFO - Sync 1 DAGs
[2024-12-09T20:48:32.127+0000] {logging_mixin.py:188} INFO - [2024-12-09T20:48:32.126+0000] {dag.py:3834} INFO - Setting next_dagrun for example_branch_operator to 2024-12-08 00:00:00+00:00, run_after=2024-12-09 00:00:00+00:00
[2024-12-09T20:48:32.146+0000] {processor.py:183} INFO - Processing /home/airflow/.local/lib/python3.10/site-packages/airflow/example_dags/example_branch_operator.py took 0.089 seconds
[2024-12-09T20:49:02.292+0000] {processor.py:161} INFO - Started process (PID=1352) to work on /home/airflow/.local/lib/python3.10/site-packages/airflow/example_dags/example_branch_operator.py
[2024-12-09T20:49:02.293+0000] {processor.py:830} INFO - Processing file /home/airflow/.local/lib/python3.10/site-packages/airflow/example_dags/example_branch_operator.py for tasks to queue
[2024-12-09T20:49:02.295+0000] {logging_mixin.py:188} INFO - [2024-12-09T20:49:02.295+0000] {dagbag.py:540} INFO - Filling up the DagBag from /home/airflow/.local/lib/python3.10/site-packages/airflow/example_dags/example_branch_operator.py
[2024-12-09T20:49:02.313+0000] {processor.py:840} INFO - DAG(s) 'example_branch_operator' retrieved from /home/airflow/.local/lib/python3.10/site-packages/airflow/example_dags/example_branch_operator.py
[2024-12-09T20:49:02.337+0000] {logging_mixin.py:188} INFO - [2024-12-09T20:49:02.337+0000] {dag.py:3047} INFO - Sync 1 DAGs
[2024-12-09T20:49:02.531+0000] {logging_mixin.py:188} INFO - [2024-12-09T20:49:02.530+0000] {dag.py:3834} INFO - Setting next_dagrun for example_branch_operator to 2024-12-08 00:00:00+00:00, run_after=2024-12-09 00:00:00+00:00
[2024-12-09T20:49:02.547+0000] {processor.py:183} INFO - Processing /home/airflow/.local/lib/python3.10/site-packages/airflow/example_dags/example_branch_operator.py took 0.259 seconds
[2024-12-09T20:49:33.405+0000] {processor.py:161} INFO - Started process (PID=1407) to work on /home/airflow/.local/lib/python3.10/site-packages/airflow/example_dags/example_branch_operator.py
[2024-12-09T20:49:33.406+0000] {processor.py:830} INFO - Processing file /home/airflow/.local/lib/python3.10/site-packages/airflow/example_dags/example_branch_operator.py for tasks to queue
[2024-12-09T20:49:33.408+0000] {logging_mixin.py:188} INFO - [2024-12-09T20:49:33.408+0000] {dagbag.py:540} INFO - Filling up the DagBag from /home/airflow/.local/lib/python3.10/site-packages/airflow/example_dags/example_branch_operator.py
[2024-12-09T20:49:33.423+0000] {processor.py:840} INFO - DAG(s) 'example_branch_operator' retrieved from /home/airflow/.local/lib/python3.10/site-packages/airflow/example_dags/example_branch_operator.py
[2024-12-09T20:49:33.449+0000] {logging_mixin.py:188} INFO - [2024-12-09T20:49:33.448+0000] {dag.py:3047} INFO - Sync 1 DAGs
[2024-12-09T20:49:33.470+0000] {logging_mixin.py:188} INFO - [2024-12-09T20:49:33.469+0000] {dag.py:3834} INFO - Setting next_dagrun for example_branch_operator to 2024-12-08 00:00:00+00:00, run_after=2024-12-09 00:00:00+00:00
[2024-12-09T20:49:33.490+0000] {processor.py:183} INFO - Processing /home/airflow/.local/lib/python3.10/site-packages/airflow/example_dags/example_branch_operator.py took 0.088 seconds
[2024-12-09T20:50:03.797+0000] {processor.py:161} INFO - Started process (PID=1463) to work on /home/airflow/.local/lib/python3.10/site-packages/airflow/example_dags/example_branch_operator.py
[2024-12-09T20:50:03.798+0000] {processor.py:830} INFO - Processing file /home/airflow/.local/lib/python3.10/site-packages/airflow/example_dags/example_branch_operator.py for tasks to queue
[2024-12-09T20:50:03.800+0000] {logging_mixin.py:188} INFO - [2024-12-09T20:50:03.800+0000] {dagbag.py:540} INFO - Filling up the DagBag from /home/airflow/.local/lib/python3.10/site-packages/airflow/example_dags/example_branch_operator.py
[2024-12-09T20:50:03.816+0000] {processor.py:840} INFO - DAG(s) 'example_branch_operator' retrieved from /home/airflow/.local/lib/python3.10/site-packages/airflow/example_dags/example_branch_operator.py
[2024-12-09T20:50:03.843+0000] {logging_mixin.py:188} INFO - [2024-12-09T20:50:03.843+0000] {dag.py:3047} INFO - Sync 1 DAGs
[2024-12-09T20:50:03.867+0000] {logging_mixin.py:188} INFO - [2024-12-09T20:50:03.867+0000] {dag.py:3834} INFO - Setting next_dagrun for example_branch_operator to 2024-12-08 00:00:00+00:00, run_after=2024-12-09 00:00:00+00:00
[2024-12-09T20:50:03.890+0000] {processor.py:183} INFO - Processing /home/airflow/.local/lib/python3.10/site-packages/airflow/example_dags/example_branch_operator.py took 0.096 seconds
[2024-12-09T20:50:34.282+0000] {processor.py:161} INFO - Started process (PID=1518) to work on /home/airflow/.local/lib/python3.10/site-packages/airflow/example_dags/example_branch_operator.py
[2024-12-09T20:50:34.283+0000] {processor.py:830} INFO - Processing file /home/airflow/.local/lib/python3.10/site-packages/airflow/example_dags/example_branch_operator.py for tasks to queue
[2024-12-09T20:50:34.285+0000] {logging_mixin.py:188} INFO - [2024-12-09T20:50:34.285+0000] {dagbag.py:540} INFO - Filling up the DagBag from /home/airflow/.local/lib/python3.10/site-packages/airflow/example_dags/example_branch_operator.py
[2024-12-09T20:50:34.300+0000] {processor.py:840} INFO - DAG(s) 'example_branch_operator' retrieved from /home/airflow/.local/lib/python3.10/site-packages/airflow/example_dags/example_branch_operator.py
[2024-12-09T20:50:34.325+0000] {logging_mixin.py:188} INFO - [2024-12-09T20:50:34.325+0000] {dag.py:3047} INFO - Sync 1 DAGs
[2024-12-09T20:50:34.344+0000] {logging_mixin.py:188} INFO - [2024-12-09T20:50:34.344+0000] {dag.py:3834} INFO - Setting next_dagrun for example_branch_operator to 2024-12-08 00:00:00+00:00, run_after=2024-12-09 00:00:00+00:00
[2024-12-09T20:50:34.364+0000] {processor.py:183} INFO - Processing /home/airflow/.local/lib/python3.10/site-packages/airflow/example_dags/example_branch_operator.py took 0.085 seconds
[2024-12-09T20:51:04.769+0000] {processor.py:161} INFO - Started process (PID=1574) to work on /home/airflow/.local/lib/python3.10/site-packages/airflow/example_dags/example_branch_operator.py
[2024-12-09T20:51:04.771+0000] {processor.py:830} INFO - Processing file /home/airflow/.local/lib/python3.10/site-packages/airflow/example_dags/example_branch_operator.py for tasks to queue
[2024-12-09T20:51:04.773+0000] {logging_mixin.py:188} INFO - [2024-12-09T20:51:04.772+0000] {dagbag.py:540} INFO - Filling up the DagBag from /home/airflow/.local/lib/python3.10/site-packages/airflow/example_dags/example_branch_operator.py
[2024-12-09T20:51:04.787+0000] {processor.py:840} INFO - DAG(s) 'example_branch_operator' retrieved from /home/airflow/.local/lib/python3.10/site-packages/airflow/example_dags/example_branch_operator.py
[2024-12-09T20:51:04.813+0000] {logging_mixin.py:188} INFO - [2024-12-09T20:51:04.813+0000] {dag.py:3047} INFO - Sync 1 DAGs
[2024-12-09T20:51:04.834+0000] {logging_mixin.py:188} INFO - [2024-12-09T20:51:04.833+0000] {dag.py:3834} INFO - Setting next_dagrun for example_branch_operator to 2024-12-08 00:00:00+00:00, run_after=2024-12-09 00:00:00+00:00
[2024-12-09T20:51:04.854+0000] {processor.py:183} INFO - Processing /home/airflow/.local/lib/python3.10/site-packages/airflow/example_dags/example_branch_operator.py took 0.088 seconds
[2024-12-09T20:51:35.062+0000] {processor.py:161} INFO - Started process (PID=1630) to work on /home/airflow/.local/lib/python3.10/site-packages/airflow/example_dags/example_branch_operator.py
[2024-12-09T20:51:35.063+0000] {processor.py:830} INFO - Processing file /home/airflow/.local/lib/python3.10/site-packages/airflow/example_dags/example_branch_operator.py for tasks to queue
[2024-12-09T20:51:35.065+0000] {logging_mixin.py:188} INFO - [2024-12-09T20:51:35.065+0000] {dagbag.py:540} INFO - Filling up the DagBag from /home/airflow/.local/lib/python3.10/site-packages/airflow/example_dags/example_branch_operator.py
[2024-12-09T20:51:35.081+0000] {processor.py:840} INFO - DAG(s) 'example_branch_operator' retrieved from /home/airflow/.local/lib/python3.10/site-packages/airflow/example_dags/example_branch_operator.py
[2024-12-09T20:51:35.106+0000] {logging_mixin.py:188} INFO - [2024-12-09T20:51:35.106+0000] {dag.py:3047} INFO - Sync 1 DAGs
[2024-12-09T20:51:35.245+0000] {logging_mixin.py:188} INFO - [2024-12-09T20:51:35.245+0000] {dag.py:3834} INFO - Setting next_dagrun for example_branch_operator to 2024-12-08 00:00:00+00:00, run_after=2024-12-09 00:00:00+00:00
[2024-12-09T20:51:35.265+0000] {processor.py:183} INFO - Processing /home/airflow/.local/lib/python3.10/site-packages/airflow/example_dags/example_branch_operator.py took 0.206 seconds
[2024-12-09T20:52:05.611+0000] {processor.py:161} INFO - Started process (PID=1686) to work on /home/airflow/.local/lib/python3.10/site-packages/airflow/example_dags/example_branch_operator.py
[2024-12-09T20:52:05.612+0000] {processor.py:830} INFO - Processing file /home/airflow/.local/lib/python3.10/site-packages/airflow/example_dags/example_branch_operator.py for tasks to queue
[2024-12-09T20:52:05.614+0000] {logging_mixin.py:188} INFO - [2024-12-09T20:52:05.614+0000] {dagbag.py:540} INFO - Filling up the DagBag from /home/airflow/.local/lib/python3.10/site-packages/airflow/example_dags/example_branch_operator.py
[2024-12-09T20:52:05.630+0000] {processor.py:840} INFO - DAG(s) 'example_branch_operator' retrieved from /home/airflow/.local/lib/python3.10/site-packages/airflow/example_dags/example_branch_operator.py
[2024-12-09T20:52:05.655+0000] {logging_mixin.py:188} INFO - [2024-12-09T20:52:05.655+0000] {dag.py:3047} INFO - Sync 1 DAGs
[2024-12-09T20:52:05.795+0000] {logging_mixin.py:188} INFO - [2024-12-09T20:52:05.795+0000] {dag.py:3834} INFO - Setting next_dagrun for example_branch_operator to 2024-12-08 00:00:00+00:00, run_after=2024-12-09 00:00:00+00:00
[2024-12-09T20:52:05.815+0000] {processor.py:183} INFO - Processing /home/airflow/.local/lib/python3.10/site-packages/airflow/example_dags/example_branch_operator.py took 0.208 seconds
[2024-12-09T20:52:36.602+0000] {processor.py:161} INFO - Started process (PID=1741) to work on /home/airflow/.local/lib/python3.10/site-packages/airflow/example_dags/example_branch_operator.py
[2024-12-09T20:52:36.603+0000] {processor.py:830} INFO - Processing file /home/airflow/.local/lib/python3.10/site-packages/airflow/example_dags/example_branch_operator.py for tasks to queue
[2024-12-09T20:52:36.606+0000] {logging_mixin.py:188} INFO - [2024-12-09T20:52:36.605+0000] {dagbag.py:540} INFO - Filling up the DagBag from /home/airflow/.local/lib/python3.10/site-packages/airflow/example_dags/example_branch_operator.py
[2024-12-09T20:52:36.624+0000] {processor.py:840} INFO - DAG(s) 'example_branch_operator' retrieved from /home/airflow/.local/lib/python3.10/site-packages/airflow/example_dags/example_branch_operator.py
[2024-12-09T20:52:36.649+0000] {logging_mixin.py:188} INFO - [2024-12-09T20:52:36.649+0000] {dag.py:3047} INFO - Sync 1 DAGs
[2024-12-09T20:52:36.671+0000] {logging_mixin.py:188} INFO - [2024-12-09T20:52:36.671+0000] {dag.py:3834} INFO - Setting next_dagrun for example_branch_operator to 2024-12-08 00:00:00+00:00, run_after=2024-12-09 00:00:00+00:00
[2024-12-09T20:52:36.694+0000] {processor.py:183} INFO - Processing /home/airflow/.local/lib/python3.10/site-packages/airflow/example_dags/example_branch_operator.py took 0.095 seconds
[2024-12-09T20:53:06.977+0000] {processor.py:161} INFO - Started process (PID=1796) to work on /home/airflow/.local/lib/python3.10/site-packages/airflow/example_dags/example_branch_operator.py
[2024-12-09T20:53:06.979+0000] {processor.py:830} INFO - Processing file /home/airflow/.local/lib/python3.10/site-packages/airflow/example_dags/example_branch_operator.py for tasks to queue
[2024-12-09T20:53:06.981+0000] {logging_mixin.py:188} INFO - [2024-12-09T20:53:06.981+0000] {dagbag.py:540} INFO - Filling up the DagBag from /home/airflow/.local/lib/python3.10/site-packages/airflow/example_dags/example_branch_operator.py
[2024-12-09T20:53:06.997+0000] {processor.py:840} INFO - DAG(s) 'example_branch_operator' retrieved from /home/airflow/.local/lib/python3.10/site-packages/airflow/example_dags/example_branch_operator.py
[2024-12-09T20:53:07.022+0000] {logging_mixin.py:188} INFO - [2024-12-09T20:53:07.022+0000] {dag.py:3047} INFO - Sync 1 DAGs
[2024-12-09T20:53:07.042+0000] {logging_mixin.py:188} INFO - [2024-12-09T20:53:07.042+0000] {dag.py:3834} INFO - Setting next_dagrun for example_branch_operator to 2024-12-08 00:00:00+00:00, run_after=2024-12-09 00:00:00+00:00
[2024-12-09T20:53:07.063+0000] {processor.py:183} INFO - Processing /home/airflow/.local/lib/python3.10/site-packages/airflow/example_dags/example_branch_operator.py took 0.089 seconds
[2024-12-09T20:53:37.250+0000] {processor.py:161} INFO - Started process (PID=1852) to work on /home/airflow/.local/lib/python3.10/site-packages/airflow/example_dags/example_branch_operator.py
[2024-12-09T20:53:37.251+0000] {processor.py:830} INFO - Processing file /home/airflow/.local/lib/python3.10/site-packages/airflow/example_dags/example_branch_operator.py for tasks to queue
[2024-12-09T20:53:37.253+0000] {logging_mixin.py:188} INFO - [2024-12-09T20:53:37.253+0000] {dagbag.py:540} INFO - Filling up the DagBag from /home/airflow/.local/lib/python3.10/site-packages/airflow/example_dags/example_branch_operator.py
[2024-12-09T20:53:37.398+0000] {processor.py:840} INFO - DAG(s) 'example_branch_operator' retrieved from /home/airflow/.local/lib/python3.10/site-packages/airflow/example_dags/example_branch_operator.py
[2024-12-09T20:53:37.420+0000] {logging_mixin.py:188} INFO - [2024-12-09T20:53:37.420+0000] {dag.py:3047} INFO - Sync 1 DAGs
[2024-12-09T20:53:37.439+0000] {logging_mixin.py:188} INFO - [2024-12-09T20:53:37.438+0000] {dag.py:3834} INFO - Setting next_dagrun for example_branch_operator to 2024-12-08 00:00:00+00:00, run_after=2024-12-09 00:00:00+00:00
[2024-12-09T20:53:37.459+0000] {processor.py:183} INFO - Processing /home/airflow/.local/lib/python3.10/site-packages/airflow/example_dags/example_branch_operator.py took 0.213 seconds
[2024-12-09T20:54:07.818+0000] {processor.py:161} INFO - Started process (PID=1907) to work on /home/airflow/.local/lib/python3.10/site-packages/airflow/example_dags/example_branch_operator.py
[2024-12-09T20:54:07.819+0000] {processor.py:830} INFO - Processing file /home/airflow/.local/lib/python3.10/site-packages/airflow/example_dags/example_branch_operator.py for tasks to queue
[2024-12-09T20:54:07.821+0000] {logging_mixin.py:188} INFO - [2024-12-09T20:54:07.820+0000] {dagbag.py:540} INFO - Filling up the DagBag from /home/airflow/.local/lib/python3.10/site-packages/airflow/example_dags/example_branch_operator.py
[2024-12-09T20:54:07.836+0000] {processor.py:840} INFO - DAG(s) 'example_branch_operator' retrieved from /home/airflow/.local/lib/python3.10/site-packages/airflow/example_dags/example_branch_operator.py
[2024-12-09T20:54:07.862+0000] {logging_mixin.py:188} INFO - [2024-12-09T20:54:07.862+0000] {dag.py:3047} INFO - Sync 1 DAGs
[2024-12-09T20:54:07.883+0000] {logging_mixin.py:188} INFO - [2024-12-09T20:54:07.883+0000] {dag.py:3834} INFO - Setting next_dagrun for example_branch_operator to 2024-12-08 00:00:00+00:00, run_after=2024-12-09 00:00:00+00:00
[2024-12-09T20:54:07.903+0000] {processor.py:183} INFO - Processing /home/airflow/.local/lib/python3.10/site-packages/airflow/example_dags/example_branch_operator.py took 0.089 seconds
[2024-12-09T20:54:37.948+0000] {processor.py:161} INFO - Started process (PID=1963) to work on /home/airflow/.local/lib/python3.10/site-packages/airflow/example_dags/example_branch_operator.py
[2024-12-09T20:54:37.950+0000] {processor.py:830} INFO - Processing file /home/airflow/.local/lib/python3.10/site-packages/airflow/example_dags/example_branch_operator.py for tasks to queue
[2024-12-09T20:54:37.952+0000] {logging_mixin.py:188} INFO - [2024-12-09T20:54:37.952+0000] {dagbag.py:540} INFO - Filling up the DagBag from /home/airflow/.local/lib/python3.10/site-packages/airflow/example_dags/example_branch_operator.py
[2024-12-09T20:54:37.969+0000] {processor.py:840} INFO - DAG(s) 'example_branch_operator' retrieved from /home/airflow/.local/lib/python3.10/site-packages/airflow/example_dags/example_branch_operator.py
[2024-12-09T20:54:37.997+0000] {logging_mixin.py:188} INFO - [2024-12-09T20:54:37.997+0000] {dag.py:3047} INFO - Sync 1 DAGs
[2024-12-09T20:54:38.019+0000] {logging_mixin.py:188} INFO - [2024-12-09T20:54:38.019+0000] {dag.py:3834} INFO - Setting next_dagrun for example_branch_operator to 2024-12-08 00:00:00+00:00, run_after=2024-12-09 00:00:00+00:00
[2024-12-09T20:54:38.041+0000] {processor.py:183} INFO - Processing /home/airflow/.local/lib/python3.10/site-packages/airflow/example_dags/example_branch_operator.py took 0.096 seconds
[2024-12-09T20:55:08.211+0000] {processor.py:161} INFO - Started process (PID=2018) to work on /home/airflow/.local/lib/python3.10/site-packages/airflow/example_dags/example_branch_operator.py
[2024-12-09T20:55:08.213+0000] {processor.py:830} INFO - Processing file /home/airflow/.local/lib/python3.10/site-packages/airflow/example_dags/example_branch_operator.py for tasks to queue
[2024-12-09T20:55:08.214+0000] {logging_mixin.py:188} INFO - [2024-12-09T20:55:08.214+0000] {dagbag.py:540} INFO - Filling up the DagBag from /home/airflow/.local/lib/python3.10/site-packages/airflow/example_dags/example_branch_operator.py
[2024-12-09T20:55:08.231+0000] {processor.py:840} INFO - DAG(s) 'example_branch_operator' retrieved from /home/airflow/.local/lib/python3.10/site-packages/airflow/example_dags/example_branch_operator.py
[2024-12-09T20:55:08.260+0000] {logging_mixin.py:188} INFO - [2024-12-09T20:55:08.260+0000] {dag.py:3047} INFO - Sync 1 DAGs
[2024-12-09T20:55:08.282+0000] {logging_mixin.py:188} INFO - [2024-12-09T20:55:08.281+0000] {dag.py:3834} INFO - Setting next_dagrun for example_branch_operator to 2024-12-08 00:00:00+00:00, run_after=2024-12-09 00:00:00+00:00
[2024-12-09T20:55:08.302+0000] {processor.py:183} INFO - Processing /home/airflow/.local/lib/python3.10/site-packages/airflow/example_dags/example_branch_operator.py took 0.094 seconds
[2024-12-09T20:55:38.509+0000] {processor.py:161} INFO - Started process (PID=2073) to work on /home/airflow/.local/lib/python3.10/site-packages/airflow/example_dags/example_branch_operator.py
[2024-12-09T20:55:38.510+0000] {processor.py:830} INFO - Processing file /home/airflow/.local/lib/python3.10/site-packages/airflow/example_dags/example_branch_operator.py for tasks to queue
[2024-12-09T20:55:38.512+0000] {logging_mixin.py:188} INFO - [2024-12-09T20:55:38.512+0000] {dagbag.py:540} INFO - Filling up the DagBag from /home/airflow/.local/lib/python3.10/site-packages/airflow/example_dags/example_branch_operator.py
[2024-12-09T20:55:38.527+0000] {processor.py:840} INFO - DAG(s) 'example_branch_operator' retrieved from /home/airflow/.local/lib/python3.10/site-packages/airflow/example_dags/example_branch_operator.py
[2024-12-09T20:55:38.555+0000] {logging_mixin.py:188} INFO - [2024-12-09T20:55:38.555+0000] {dag.py:3047} INFO - Sync 1 DAGs
[2024-12-09T20:55:38.575+0000] {logging_mixin.py:188} INFO - [2024-12-09T20:55:38.575+0000] {dag.py:3834} INFO - Setting next_dagrun for example_branch_operator to 2024-12-08 00:00:00+00:00, run_after=2024-12-09 00:00:00+00:00
[2024-12-09T20:55:38.597+0000] {processor.py:183} INFO - Processing /home/airflow/.local/lib/python3.10/site-packages/airflow/example_dags/example_branch_operator.py took 0.091 seconds
[2024-12-09T20:56:08.939+0000] {processor.py:161} INFO - Started process (PID=2128) to work on /home/airflow/.local/lib/python3.10/site-packages/airflow/example_dags/example_branch_operator.py
[2024-12-09T20:56:08.940+0000] {processor.py:830} INFO - Processing file /home/airflow/.local/lib/python3.10/site-packages/airflow/example_dags/example_branch_operator.py for tasks to queue
[2024-12-09T20:56:08.943+0000] {logging_mixin.py:188} INFO - [2024-12-09T20:56:08.942+0000] {dagbag.py:540} INFO - Filling up the DagBag from /home/airflow/.local/lib/python3.10/site-packages/airflow/example_dags/example_branch_operator.py
[2024-12-09T20:56:08.964+0000] {processor.py:840} INFO - DAG(s) 'example_branch_operator' retrieved from /home/airflow/.local/lib/python3.10/site-packages/airflow/example_dags/example_branch_operator.py
[2024-12-09T20:56:08.995+0000] {logging_mixin.py:188} INFO - [2024-12-09T20:56:08.995+0000] {dag.py:3047} INFO - Sync 1 DAGs
[2024-12-09T20:56:09.026+0000] {logging_mixin.py:188} INFO - [2024-12-09T20:56:09.026+0000] {dag.py:3834} INFO - Setting next_dagrun for example_branch_operator to 2024-12-08 00:00:00+00:00, run_after=2024-12-09 00:00:00+00:00
[2024-12-09T20:56:09.048+0000] {processor.py:183} INFO - Processing /home/airflow/.local/lib/python3.10/site-packages/airflow/example_dags/example_branch_operator.py took 0.113 seconds
[2024-12-09T20:56:39.485+0000] {processor.py:161} INFO - Started process (PID=2184) to work on /home/airflow/.local/lib/python3.10/site-packages/airflow/example_dags/example_branch_operator.py
[2024-12-09T20:56:39.487+0000] {processor.py:830} INFO - Processing file /home/airflow/.local/lib/python3.10/site-packages/airflow/example_dags/example_branch_operator.py for tasks to queue
[2024-12-09T20:56:39.489+0000] {logging_mixin.py:188} INFO - [2024-12-09T20:56:39.488+0000] {dagbag.py:540} INFO - Filling up the DagBag from /home/airflow/.local/lib/python3.10/site-packages/airflow/example_dags/example_branch_operator.py
[2024-12-09T20:56:39.505+0000] {processor.py:840} INFO - DAG(s) 'example_branch_operator' retrieved from /home/airflow/.local/lib/python3.10/site-packages/airflow/example_dags/example_branch_operator.py
[2024-12-09T20:56:39.532+0000] {logging_mixin.py:188} INFO - [2024-12-09T20:56:39.532+0000] {dag.py:3047} INFO - Sync 1 DAGs
[2024-12-09T20:56:39.555+0000] {logging_mixin.py:188} INFO - [2024-12-09T20:56:39.554+0000] {dag.py:3834} INFO - Setting next_dagrun for example_branch_operator to 2024-12-08 00:00:00+00:00, run_after=2024-12-09 00:00:00+00:00
[2024-12-09T20:56:39.578+0000] {processor.py:183} INFO - Processing /home/airflow/.local/lib/python3.10/site-packages/airflow/example_dags/example_branch_operator.py took 0.096 seconds
[2024-12-09T20:57:20.554+0000] {processor.py:161} INFO - Started process (PID=2246) to work on /home/airflow/.local/lib/python3.10/site-packages/airflow/example_dags/example_branch_operator.py
[2024-12-09T20:57:20.556+0000] {processor.py:830} INFO - Processing file /home/airflow/.local/lib/python3.10/site-packages/airflow/example_dags/example_branch_operator.py for tasks to queue
[2024-12-09T20:57:20.558+0000] {logging_mixin.py:188} INFO - [2024-12-09T20:57:20.558+0000] {dagbag.py:540} INFO - Filling up the DagBag from /home/airflow/.local/lib/python3.10/site-packages/airflow/example_dags/example_branch_operator.py
[2024-12-09T20:57:20.584+0000] {processor.py:840} INFO - DAG(s) 'example_branch_operator' retrieved from /home/airflow/.local/lib/python3.10/site-packages/airflow/example_dags/example_branch_operator.py
[2024-12-09T20:57:20.634+0000] {logging_mixin.py:188} INFO - [2024-12-09T20:57:20.633+0000] {dag.py:3047} INFO - Sync 1 DAGs
[2024-12-09T20:57:20.691+0000] {logging_mixin.py:188} INFO - [2024-12-09T20:57:20.691+0000] {dag.py:3834} INFO - Setting next_dagrun for example_branch_operator to 2024-12-08 00:00:00+00:00, run_after=2024-12-09 00:00:00+00:00
[2024-12-09T20:57:20.737+0000] {processor.py:183} INFO - Processing /home/airflow/.local/lib/python3.10/site-packages/airflow/example_dags/example_branch_operator.py took 0.189 seconds
[2024-12-09T20:57:51.016+0000] {processor.py:161} INFO - Started process (PID=2300) to work on /home/airflow/.local/lib/python3.10/site-packages/airflow/example_dags/example_branch_operator.py
[2024-12-09T20:57:51.019+0000] {processor.py:830} INFO - Processing file /home/airflow/.local/lib/python3.10/site-packages/airflow/example_dags/example_branch_operator.py for tasks to queue
[2024-12-09T20:57:51.023+0000] {logging_mixin.py:188} INFO - [2024-12-09T20:57:51.022+0000] {dagbag.py:540} INFO - Filling up the DagBag from /home/airflow/.local/lib/python3.10/site-packages/airflow/example_dags/example_branch_operator.py
[2024-12-09T20:57:51.047+0000] {processor.py:840} INFO - DAG(s) 'example_branch_operator' retrieved from /home/airflow/.local/lib/python3.10/site-packages/airflow/example_dags/example_branch_operator.py
[2024-12-09T20:57:51.085+0000] {logging_mixin.py:188} INFO - [2024-12-09T20:57:51.085+0000] {dag.py:3047} INFO - Sync 1 DAGs
[2024-12-09T20:57:51.124+0000] {logging_mixin.py:188} INFO - [2024-12-09T20:57:51.123+0000] {dag.py:3834} INFO - Setting next_dagrun for example_branch_operator to 2024-12-08 00:00:00+00:00, run_after=2024-12-09 00:00:00+00:00
[2024-12-09T20:57:51.159+0000] {processor.py:183} INFO - Processing /home/airflow/.local/lib/python3.10/site-packages/airflow/example_dags/example_branch_operator.py took 0.149 seconds
[2024-12-09T21:56:43.911+0000] {processor.py:161} INFO - Started process (PID=2359) to work on /home/airflow/.local/lib/python3.10/site-packages/airflow/example_dags/example_branch_operator.py
[2024-12-09T21:56:43.913+0000] {processor.py:830} INFO - Processing file /home/airflow/.local/lib/python3.10/site-packages/airflow/example_dags/example_branch_operator.py for tasks to queue
[2024-12-09T21:56:43.926+0000] {logging_mixin.py:188} INFO - [2024-12-09T21:56:43.922+0000] {dagbag.py:540} INFO - Filling up the DagBag from /home/airflow/.local/lib/python3.10/site-packages/airflow/example_dags/example_branch_operator.py
[2024-12-09T21:56:43.955+0000] {processor.py:840} INFO - DAG(s) 'example_branch_operator' retrieved from /home/airflow/.local/lib/python3.10/site-packages/airflow/example_dags/example_branch_operator.py
[2024-12-09T21:56:44.027+0000] {logging_mixin.py:188} INFO - [2024-12-09T21:56:44.027+0000] {dag.py:3047} INFO - Sync 1 DAGs
[2024-12-09T21:56:44.079+0000] {logging_mixin.py:188} INFO - [2024-12-09T21:56:44.079+0000] {dag.py:3834} INFO - Setting next_dagrun for example_branch_operator to 2024-12-08 00:00:00+00:00, run_after=2024-12-09 00:00:00+00:00
[2024-12-09T21:56:44.133+0000] {processor.py:183} INFO - Processing /home/airflow/.local/lib/python3.10/site-packages/airflow/example_dags/example_branch_operator.py took 0.232 seconds
[2024-12-09T21:57:14.781+0000] {processor.py:161} INFO - Started process (PID=2415) to work on /home/airflow/.local/lib/python3.10/site-packages/airflow/example_dags/example_branch_operator.py
[2024-12-09T21:57:14.783+0000] {processor.py:830} INFO - Processing file /home/airflow/.local/lib/python3.10/site-packages/airflow/example_dags/example_branch_operator.py for tasks to queue
[2024-12-09T21:57:14.785+0000] {logging_mixin.py:188} INFO - [2024-12-09T21:57:14.784+0000] {dagbag.py:540} INFO - Filling up the DagBag from /home/airflow/.local/lib/python3.10/site-packages/airflow/example_dags/example_branch_operator.py
[2024-12-09T21:57:14.803+0000] {processor.py:840} INFO - DAG(s) 'example_branch_operator' retrieved from /home/airflow/.local/lib/python3.10/site-packages/airflow/example_dags/example_branch_operator.py
[2024-12-09T21:57:14.833+0000] {logging_mixin.py:188} INFO - [2024-12-09T21:57:14.832+0000] {dag.py:3047} INFO - Sync 1 DAGs
[2024-12-09T21:57:14.853+0000] {logging_mixin.py:188} INFO - [2024-12-09T21:57:14.853+0000] {dag.py:3834} INFO - Setting next_dagrun for example_branch_operator to 2024-12-08 00:00:00+00:00, run_after=2024-12-09 00:00:00+00:00
[2024-12-09T21:57:14.873+0000] {processor.py:183} INFO - Processing /home/airflow/.local/lib/python3.10/site-packages/airflow/example_dags/example_branch_operator.py took 0.096 seconds
[2024-12-09T21:57:56.693+0000] {processor.py:161} INFO - Started process (PID=2471) to work on /home/airflow/.local/lib/python3.10/site-packages/airflow/example_dags/example_branch_operator.py
[2024-12-09T21:57:56.695+0000] {processor.py:830} INFO - Processing file /home/airflow/.local/lib/python3.10/site-packages/airflow/example_dags/example_branch_operator.py for tasks to queue
[2024-12-09T21:57:56.697+0000] {logging_mixin.py:188} INFO - [2024-12-09T21:57:56.696+0000] {dagbag.py:540} INFO - Filling up the DagBag from /home/airflow/.local/lib/python3.10/site-packages/airflow/example_dags/example_branch_operator.py
[2024-12-09T21:57:56.715+0000] {processor.py:840} INFO - DAG(s) 'example_branch_operator' retrieved from /home/airflow/.local/lib/python3.10/site-packages/airflow/example_dags/example_branch_operator.py
[2024-12-09T21:57:56.745+0000] {logging_mixin.py:188} INFO - [2024-12-09T21:57:56.745+0000] {dag.py:3047} INFO - Sync 1 DAGs
[2024-12-09T21:57:56.767+0000] {logging_mixin.py:188} INFO - [2024-12-09T21:57:56.767+0000] {dag.py:3834} INFO - Setting next_dagrun for example_branch_operator to 2024-12-08 00:00:00+00:00, run_after=2024-12-09 00:00:00+00:00
[2024-12-09T21:57:56.790+0000] {processor.py:183} INFO - Processing /home/airflow/.local/lib/python3.10/site-packages/airflow/example_dags/example_branch_operator.py took 0.100 seconds
[2024-12-09T21:58:27.355+0000] {processor.py:161} INFO - Started process (PID=2526) to work on /home/airflow/.local/lib/python3.10/site-packages/airflow/example_dags/example_branch_operator.py
[2024-12-09T21:58:27.356+0000] {processor.py:830} INFO - Processing file /home/airflow/.local/lib/python3.10/site-packages/airflow/example_dags/example_branch_operator.py for tasks to queue
[2024-12-09T21:58:27.358+0000] {logging_mixin.py:188} INFO - [2024-12-09T21:58:27.358+0000] {dagbag.py:540} INFO - Filling up the DagBag from /home/airflow/.local/lib/python3.10/site-packages/airflow/example_dags/example_branch_operator.py
[2024-12-09T21:58:27.374+0000] {processor.py:840} INFO - DAG(s) 'example_branch_operator' retrieved from /home/airflow/.local/lib/python3.10/site-packages/airflow/example_dags/example_branch_operator.py
[2024-12-09T21:58:27.404+0000] {logging_mixin.py:188} INFO - [2024-12-09T21:58:27.404+0000] {dag.py:3047} INFO - Sync 1 DAGs
[2024-12-09T21:58:27.422+0000] {logging_mixin.py:188} INFO - [2024-12-09T21:58:27.422+0000] {dag.py:3834} INFO - Setting next_dagrun for example_branch_operator to 2024-12-08 00:00:00+00:00, run_after=2024-12-09 00:00:00+00:00
[2024-12-09T21:58:27.441+0000] {processor.py:183} INFO - Processing /home/airflow/.local/lib/python3.10/site-packages/airflow/example_dags/example_branch_operator.py took 0.090 seconds
[2024-12-09T21:58:58.121+0000] {processor.py:161} INFO - Started process (PID=2581) to work on /home/airflow/.local/lib/python3.10/site-packages/airflow/example_dags/example_branch_operator.py
[2024-12-09T21:58:58.123+0000] {processor.py:830} INFO - Processing file /home/airflow/.local/lib/python3.10/site-packages/airflow/example_dags/example_branch_operator.py for tasks to queue
[2024-12-09T21:58:58.125+0000] {logging_mixin.py:188} INFO - [2024-12-09T21:58:58.125+0000] {dagbag.py:540} INFO - Filling up the DagBag from /home/airflow/.local/lib/python3.10/site-packages/airflow/example_dags/example_branch_operator.py
[2024-12-09T21:58:58.141+0000] {processor.py:840} INFO - DAG(s) 'example_branch_operator' retrieved from /home/airflow/.local/lib/python3.10/site-packages/airflow/example_dags/example_branch_operator.py
[2024-12-09T21:58:58.169+0000] {logging_mixin.py:188} INFO - [2024-12-09T21:58:58.169+0000] {dag.py:3047} INFO - Sync 1 DAGs
[2024-12-09T21:58:58.191+0000] {logging_mixin.py:188} INFO - [2024-12-09T21:58:58.191+0000] {dag.py:3834} INFO - Setting next_dagrun for example_branch_operator to 2024-12-08 00:00:00+00:00, run_after=2024-12-09 00:00:00+00:00
[2024-12-09T21:58:58.211+0000] {processor.py:183} INFO - Processing /home/airflow/.local/lib/python3.10/site-packages/airflow/example_dags/example_branch_operator.py took 0.093 seconds
[2024-12-09T21:59:29.115+0000] {processor.py:161} INFO - Started process (PID=2637) to work on /home/airflow/.local/lib/python3.10/site-packages/airflow/example_dags/example_branch_operator.py
[2024-12-09T21:59:29.116+0000] {processor.py:830} INFO - Processing file /home/airflow/.local/lib/python3.10/site-packages/airflow/example_dags/example_branch_operator.py for tasks to queue
[2024-12-09T21:59:29.118+0000] {logging_mixin.py:188} INFO - [2024-12-09T21:59:29.118+0000] {dagbag.py:540} INFO - Filling up the DagBag from /home/airflow/.local/lib/python3.10/site-packages/airflow/example_dags/example_branch_operator.py
[2024-12-09T21:59:29.134+0000] {processor.py:840} INFO - DAG(s) 'example_branch_operator' retrieved from /home/airflow/.local/lib/python3.10/site-packages/airflow/example_dags/example_branch_operator.py
[2024-12-09T21:59:29.160+0000] {logging_mixin.py:188} INFO - [2024-12-09T21:59:29.160+0000] {dag.py:3047} INFO - Sync 1 DAGs
[2024-12-09T21:59:29.178+0000] {logging_mixin.py:188} INFO - [2024-12-09T21:59:29.178+0000] {dag.py:3834} INFO - Setting next_dagrun for example_branch_operator to 2024-12-08 00:00:00+00:00, run_after=2024-12-09 00:00:00+00:00
[2024-12-09T21:59:29.202+0000] {processor.py:183} INFO - Processing /home/airflow/.local/lib/python3.10/site-packages/airflow/example_dags/example_branch_operator.py took 0.090 seconds
[2024-12-09T21:59:59.243+0000] {processor.py:161} INFO - Started process (PID=2692) to work on /home/airflow/.local/lib/python3.10/site-packages/airflow/example_dags/example_branch_operator.py
[2024-12-09T21:59:59.244+0000] {processor.py:830} INFO - Processing file /home/airflow/.local/lib/python3.10/site-packages/airflow/example_dags/example_branch_operator.py for tasks to queue
[2024-12-09T21:59:59.246+0000] {logging_mixin.py:188} INFO - [2024-12-09T21:59:59.246+0000] {dagbag.py:540} INFO - Filling up the DagBag from /home/airflow/.local/lib/python3.10/site-packages/airflow/example_dags/example_branch_operator.py
[2024-12-09T21:59:59.263+0000] {processor.py:840} INFO - DAG(s) 'example_branch_operator' retrieved from /home/airflow/.local/lib/python3.10/site-packages/airflow/example_dags/example_branch_operator.py
[2024-12-09T21:59:59.288+0000] {logging_mixin.py:188} INFO - [2024-12-09T21:59:59.288+0000] {dag.py:3047} INFO - Sync 1 DAGs
[2024-12-09T21:59:59.306+0000] {logging_mixin.py:188} INFO - [2024-12-09T21:59:59.306+0000] {dag.py:3834} INFO - Setting next_dagrun for example_branch_operator to 2024-12-08 00:00:00+00:00, run_after=2024-12-09 00:00:00+00:00
[2024-12-09T21:59:59.323+0000] {processor.py:183} INFO - Processing /home/airflow/.local/lib/python3.10/site-packages/airflow/example_dags/example_branch_operator.py took 0.083 seconds
