[2024-12-09T13:35:22.924+0000] {processor.py:161} INFO - Started process (PID=48) to work on /home/airflow/.local/lib/python3.10/site-packages/airflow/example_dags/example_xcom.py
[2024-12-09T13:35:22.931+0000] {processor.py:830} INFO - Processing file /home/airflow/.local/lib/python3.10/site-packages/airflow/example_dags/example_xcom.py for tasks to queue
[2024-12-09T13:35:22.937+0000] {logging_mixin.py:188} INFO - [2024-12-09T13:35:22.937+0000] {dagbag.py:540} INFO - Filling up the DagBag from /home/airflow/.local/lib/python3.10/site-packages/airflow/example_dags/example_xcom.py
[2024-12-09T13:35:22.987+0000] {processor.py:840} INFO - DAG(s) 'example_xcom' retrieved from /home/airflow/.local/lib/python3.10/site-packages/airflow/example_dags/example_xcom.py
[2024-12-09T13:35:23.118+0000] {logging_mixin.py:188} INFO - [2024-12-09T13:35:23.118+0000] {dag.py:3047} INFO - Sync 1 DAGs
[2024-12-09T13:35:23.217+0000] {logging_mixin.py:188} INFO - [2024-12-09T13:35:23.217+0000] {dag.py:3834} INFO - Setting next_dagrun for example_xcom to 2021-01-01 00:00:00+00:00, run_after=2021-01-01 00:00:00+00:00
[2024-12-09T13:35:23.332+0000] {processor.py:183} INFO - Processing /home/airflow/.local/lib/python3.10/site-packages/airflow/example_dags/example_xcom.py took 0.419 seconds
[2024-12-09T13:35:54.656+0000] {processor.py:161} INFO - Started process (PID=104) to work on /home/airflow/.local/lib/python3.10/site-packages/airflow/example_dags/example_xcom.py
[2024-12-09T13:35:54.658+0000] {processor.py:830} INFO - Processing file /home/airflow/.local/lib/python3.10/site-packages/airflow/example_dags/example_xcom.py for tasks to queue
[2024-12-09T13:35:54.668+0000] {logging_mixin.py:188} INFO - [2024-12-09T13:35:54.666+0000] {dagbag.py:540} INFO - Filling up the DagBag from /home/airflow/.local/lib/python3.10/site-packages/airflow/example_dags/example_xcom.py
[2024-12-09T13:35:54.690+0000] {processor.py:840} INFO - DAG(s) 'example_xcom' retrieved from /home/airflow/.local/lib/python3.10/site-packages/airflow/example_dags/example_xcom.py
[2024-12-09T13:35:54.808+0000] {logging_mixin.py:188} INFO - [2024-12-09T13:35:54.806+0000] {dag.py:3047} INFO - Sync 1 DAGs
[2024-12-09T13:35:55.034+0000] {logging_mixin.py:188} INFO - [2024-12-09T13:35:55.034+0000] {dag.py:3834} INFO - Setting next_dagrun for example_xcom to 2021-01-01 00:00:00+00:00, run_after=2021-01-01 00:00:00+00:00
[2024-12-09T13:35:59.852+0000] {logging_mixin.py:188} INFO - [2024-12-09T13:35:59.851+0000] {process_utils.py:262} INFO - Waiting up to 5 seconds for processes to exit...
[2024-12-09T20:37:03.279+0000] {processor.py:161} INFO - Started process (PID=40) to work on /home/airflow/.local/lib/python3.10/site-packages/airflow/example_dags/example_xcom.py
[2024-12-09T20:37:03.282+0000] {processor.py:830} INFO - Processing file /home/airflow/.local/lib/python3.10/site-packages/airflow/example_dags/example_xcom.py for tasks to queue
[2024-12-09T20:37:03.289+0000] {logging_mixin.py:188} INFO - [2024-12-09T20:37:03.288+0000] {dagbag.py:540} INFO - Filling up the DagBag from /home/airflow/.local/lib/python3.10/site-packages/airflow/example_dags/example_xcom.py
[2024-12-09T20:37:03.328+0000] {processor.py:840} INFO - DAG(s) 'example_xcom' retrieved from /home/airflow/.local/lib/python3.10/site-packages/airflow/example_dags/example_xcom.py
[2024-12-09T20:37:03.420+0000] {logging_mixin.py:188} INFO - [2024-12-09T20:37:03.419+0000] {dag.py:3047} INFO - Sync 1 DAGs
[2024-12-09T20:37:03.479+0000] {logging_mixin.py:188} INFO - [2024-12-09T20:37:03.479+0000] {dag.py:3834} INFO - Setting next_dagrun for example_xcom to 2021-01-01 00:00:00+00:00, run_after=2021-01-01 00:00:00+00:00
[2024-12-09T20:37:03.596+0000] {processor.py:183} INFO - Processing /home/airflow/.local/lib/python3.10/site-packages/airflow/example_dags/example_xcom.py took 0.329 seconds
[2024-12-09T20:37:33.997+0000] {processor.py:161} INFO - Started process (PID=97) to work on /home/airflow/.local/lib/python3.10/site-packages/airflow/example_dags/example_xcom.py
[2024-12-09T20:37:34.000+0000] {processor.py:830} INFO - Processing file /home/airflow/.local/lib/python3.10/site-packages/airflow/example_dags/example_xcom.py for tasks to queue
[2024-12-09T20:37:34.005+0000] {logging_mixin.py:188} INFO - [2024-12-09T20:37:34.004+0000] {dagbag.py:540} INFO - Filling up the DagBag from /home/airflow/.local/lib/python3.10/site-packages/airflow/example_dags/example_xcom.py
[2024-12-09T20:37:34.022+0000] {processor.py:840} INFO - DAG(s) 'example_xcom' retrieved from /home/airflow/.local/lib/python3.10/site-packages/airflow/example_dags/example_xcom.py
[2024-12-09T20:37:34.071+0000] {logging_mixin.py:188} INFO - [2024-12-09T20:37:34.070+0000] {dag.py:3047} INFO - Sync 1 DAGs
[2024-12-09T20:37:34.118+0000] {logging_mixin.py:188} INFO - [2024-12-09T20:37:34.117+0000] {dag.py:3834} INFO - Setting next_dagrun for example_xcom to 2021-01-01 00:00:00+00:00, run_after=2021-01-01 00:00:00+00:00
[2024-12-09T20:37:34.152+0000] {processor.py:183} INFO - Processing /home/airflow/.local/lib/python3.10/site-packages/airflow/example_dags/example_xcom.py took 0.162 seconds
[2024-12-09T20:38:05.715+0000] {processor.py:161} INFO - Started process (PID=153) to work on /home/airflow/.local/lib/python3.10/site-packages/airflow/example_dags/example_xcom.py
[2024-12-09T20:38:05.760+0000] {processor.py:830} INFO - Processing file /home/airflow/.local/lib/python3.10/site-packages/airflow/example_dags/example_xcom.py for tasks to queue
[2024-12-09T20:38:05.763+0000] {logging_mixin.py:188} INFO - [2024-12-09T20:38:05.763+0000] {dagbag.py:540} INFO - Filling up the DagBag from /home/airflow/.local/lib/python3.10/site-packages/airflow/example_dags/example_xcom.py
[2024-12-09T20:38:05.770+0000] {processor.py:840} INFO - DAG(s) 'example_xcom' retrieved from /home/airflow/.local/lib/python3.10/site-packages/airflow/example_dags/example_xcom.py
[2024-12-09T20:38:05.790+0000] {logging_mixin.py:188} INFO - [2024-12-09T20:38:05.789+0000] {dag.py:3047} INFO - Sync 1 DAGs
[2024-12-09T20:38:05.860+0000] {logging_mixin.py:188} INFO - [2024-12-09T20:38:05.859+0000] {dag.py:3834} INFO - Setting next_dagrun for example_xcom to 2021-01-01 00:00:00+00:00, run_after=2021-01-01 00:00:00+00:00
[2024-12-09T20:38:05.882+0000] {processor.py:183} INFO - Processing /home/airflow/.local/lib/python3.10/site-packages/airflow/example_dags/example_xcom.py took 0.170 seconds
[2024-12-09T20:38:36.414+0000] {processor.py:161} INFO - Started process (PID=209) to work on /home/airflow/.local/lib/python3.10/site-packages/airflow/example_dags/example_xcom.py
[2024-12-09T20:38:36.415+0000] {processor.py:830} INFO - Processing file /home/airflow/.local/lib/python3.10/site-packages/airflow/example_dags/example_xcom.py for tasks to queue
[2024-12-09T20:38:36.416+0000] {logging_mixin.py:188} INFO - [2024-12-09T20:38:36.416+0000] {dagbag.py:540} INFO - Filling up the DagBag from /home/airflow/.local/lib/python3.10/site-packages/airflow/example_dags/example_xcom.py
[2024-12-09T20:38:36.424+0000] {processor.py:840} INFO - DAG(s) 'example_xcom' retrieved from /home/airflow/.local/lib/python3.10/site-packages/airflow/example_dags/example_xcom.py
[2024-12-09T20:38:36.444+0000] {logging_mixin.py:188} INFO - [2024-12-09T20:38:36.444+0000] {dag.py:3047} INFO - Sync 1 DAGs
[2024-12-09T20:38:36.465+0000] {logging_mixin.py:188} INFO - [2024-12-09T20:38:36.465+0000] {dag.py:3834} INFO - Setting next_dagrun for example_xcom to 2021-01-01 00:00:00+00:00, run_after=2021-01-01 00:00:00+00:00
[2024-12-09T20:38:36.485+0000] {processor.py:183} INFO - Processing /home/airflow/.local/lib/python3.10/site-packages/airflow/example_dags/example_xcom.py took 0.074 seconds
[2024-12-09T20:39:06.748+0000] {processor.py:161} INFO - Started process (PID=265) to work on /home/airflow/.local/lib/python3.10/site-packages/airflow/example_dags/example_xcom.py
[2024-12-09T20:39:06.749+0000] {processor.py:830} INFO - Processing file /home/airflow/.local/lib/python3.10/site-packages/airflow/example_dags/example_xcom.py for tasks to queue
[2024-12-09T20:39:06.751+0000] {logging_mixin.py:188} INFO - [2024-12-09T20:39:06.751+0000] {dagbag.py:540} INFO - Filling up the DagBag from /home/airflow/.local/lib/python3.10/site-packages/airflow/example_dags/example_xcom.py
[2024-12-09T20:39:06.758+0000] {processor.py:840} INFO - DAG(s) 'example_xcom' retrieved from /home/airflow/.local/lib/python3.10/site-packages/airflow/example_dags/example_xcom.py
[2024-12-09T20:39:06.778+0000] {logging_mixin.py:188} INFO - [2024-12-09T20:39:06.778+0000] {dag.py:3047} INFO - Sync 1 DAGs
[2024-12-09T20:39:06.796+0000] {logging_mixin.py:188} INFO - [2024-12-09T20:39:06.796+0000] {dag.py:3834} INFO - Setting next_dagrun for example_xcom to 2021-01-01 00:00:00+00:00, run_after=2021-01-01 00:00:00+00:00
[2024-12-09T20:39:06.817+0000] {processor.py:183} INFO - Processing /home/airflow/.local/lib/python3.10/site-packages/airflow/example_dags/example_xcom.py took 0.071 seconds
[2024-12-09T20:39:37.377+0000] {processor.py:161} INFO - Started process (PID=321) to work on /home/airflow/.local/lib/python3.10/site-packages/airflow/example_dags/example_xcom.py
[2024-12-09T20:39:37.378+0000] {processor.py:830} INFO - Processing file /home/airflow/.local/lib/python3.10/site-packages/airflow/example_dags/example_xcom.py for tasks to queue
[2024-12-09T20:39:37.379+0000] {logging_mixin.py:188} INFO - [2024-12-09T20:39:37.379+0000] {dagbag.py:540} INFO - Filling up the DagBag from /home/airflow/.local/lib/python3.10/site-packages/airflow/example_dags/example_xcom.py
[2024-12-09T20:39:37.387+0000] {processor.py:840} INFO - DAG(s) 'example_xcom' retrieved from /home/airflow/.local/lib/python3.10/site-packages/airflow/example_dags/example_xcom.py
[2024-12-09T20:39:37.406+0000] {logging_mixin.py:188} INFO - [2024-12-09T20:39:37.405+0000] {dag.py:3047} INFO - Sync 1 DAGs
[2024-12-09T20:39:37.424+0000] {logging_mixin.py:188} INFO - [2024-12-09T20:39:37.424+0000] {dag.py:3834} INFO - Setting next_dagrun for example_xcom to 2021-01-01 00:00:00+00:00, run_after=2021-01-01 00:00:00+00:00
[2024-12-09T20:39:37.443+0000] {processor.py:183} INFO - Processing /home/airflow/.local/lib/python3.10/site-packages/airflow/example_dags/example_xcom.py took 0.069 seconds
[2024-12-09T20:40:07.972+0000] {processor.py:161} INFO - Started process (PID=376) to work on /home/airflow/.local/lib/python3.10/site-packages/airflow/example_dags/example_xcom.py
[2024-12-09T20:40:07.973+0000] {processor.py:830} INFO - Processing file /home/airflow/.local/lib/python3.10/site-packages/airflow/example_dags/example_xcom.py for tasks to queue
[2024-12-09T20:40:07.976+0000] {logging_mixin.py:188} INFO - [2024-12-09T20:40:07.975+0000] {dagbag.py:540} INFO - Filling up the DagBag from /home/airflow/.local/lib/python3.10/site-packages/airflow/example_dags/example_xcom.py
[2024-12-09T20:40:07.986+0000] {processor.py:840} INFO - DAG(s) 'example_xcom' retrieved from /home/airflow/.local/lib/python3.10/site-packages/airflow/example_dags/example_xcom.py
[2024-12-09T20:40:08.016+0000] {logging_mixin.py:188} INFO - [2024-12-09T20:40:08.016+0000] {dag.py:3047} INFO - Sync 1 DAGs
[2024-12-09T20:40:08.048+0000] {logging_mixin.py:188} INFO - [2024-12-09T20:40:08.047+0000] {dag.py:3834} INFO - Setting next_dagrun for example_xcom to 2021-01-01 00:00:00+00:00, run_after=2021-01-01 00:00:00+00:00
[2024-12-09T20:40:08.069+0000] {processor.py:183} INFO - Processing /home/airflow/.local/lib/python3.10/site-packages/airflow/example_dags/example_xcom.py took 0.101 seconds
[2024-12-09T20:40:38.643+0000] {processor.py:161} INFO - Started process (PID=431) to work on /home/airflow/.local/lib/python3.10/site-packages/airflow/example_dags/example_xcom.py
[2024-12-09T20:40:38.644+0000] {processor.py:830} INFO - Processing file /home/airflow/.local/lib/python3.10/site-packages/airflow/example_dags/example_xcom.py for tasks to queue
[2024-12-09T20:40:38.647+0000] {logging_mixin.py:188} INFO - [2024-12-09T20:40:38.647+0000] {dagbag.py:540} INFO - Filling up the DagBag from /home/airflow/.local/lib/python3.10/site-packages/airflow/example_dags/example_xcom.py
[2024-12-09T20:40:38.657+0000] {processor.py:840} INFO - DAG(s) 'example_xcom' retrieved from /home/airflow/.local/lib/python3.10/site-packages/airflow/example_dags/example_xcom.py
[2024-12-09T20:40:38.685+0000] {logging_mixin.py:188} INFO - [2024-12-09T20:40:38.685+0000] {dag.py:3047} INFO - Sync 1 DAGs
[2024-12-09T20:40:38.708+0000] {logging_mixin.py:188} INFO - [2024-12-09T20:40:38.708+0000] {dag.py:3834} INFO - Setting next_dagrun for example_xcom to 2021-01-01 00:00:00+00:00, run_after=2021-01-01 00:00:00+00:00
[2024-12-09T20:40:38.733+0000] {processor.py:183} INFO - Processing /home/airflow/.local/lib/python3.10/site-packages/airflow/example_dags/example_xcom.py took 0.093 seconds
[2024-12-09T20:41:08.911+0000] {processor.py:161} INFO - Started process (PID=487) to work on /home/airflow/.local/lib/python3.10/site-packages/airflow/example_dags/example_xcom.py
[2024-12-09T20:41:08.913+0000] {processor.py:830} INFO - Processing file /home/airflow/.local/lib/python3.10/site-packages/airflow/example_dags/example_xcom.py for tasks to queue
[2024-12-09T20:41:08.915+0000] {logging_mixin.py:188} INFO - [2024-12-09T20:41:08.915+0000] {dagbag.py:540} INFO - Filling up the DagBag from /home/airflow/.local/lib/python3.10/site-packages/airflow/example_dags/example_xcom.py
[2024-12-09T20:41:08.924+0000] {processor.py:840} INFO - DAG(s) 'example_xcom' retrieved from /home/airflow/.local/lib/python3.10/site-packages/airflow/example_dags/example_xcom.py
[2024-12-09T20:41:08.942+0000] {logging_mixin.py:188} INFO - [2024-12-09T20:41:08.942+0000] {dag.py:3047} INFO - Sync 1 DAGs
[2024-12-09T20:41:08.962+0000] {logging_mixin.py:188} INFO - [2024-12-09T20:41:08.962+0000] {dag.py:3834} INFO - Setting next_dagrun for example_xcom to 2021-01-01 00:00:00+00:00, run_after=2021-01-01 00:00:00+00:00
[2024-12-09T20:41:08.982+0000] {processor.py:183} INFO - Processing /home/airflow/.local/lib/python3.10/site-packages/airflow/example_dags/example_xcom.py took 0.074 seconds
[2024-12-09T20:41:39.098+0000] {processor.py:161} INFO - Started process (PID=542) to work on /home/airflow/.local/lib/python3.10/site-packages/airflow/example_dags/example_xcom.py
[2024-12-09T20:41:39.099+0000] {processor.py:830} INFO - Processing file /home/airflow/.local/lib/python3.10/site-packages/airflow/example_dags/example_xcom.py for tasks to queue
[2024-12-09T20:41:39.101+0000] {logging_mixin.py:188} INFO - [2024-12-09T20:41:39.101+0000] {dagbag.py:540} INFO - Filling up the DagBag from /home/airflow/.local/lib/python3.10/site-packages/airflow/example_dags/example_xcom.py
[2024-12-09T20:41:39.108+0000] {processor.py:840} INFO - DAG(s) 'example_xcom' retrieved from /home/airflow/.local/lib/python3.10/site-packages/airflow/example_dags/example_xcom.py
[2024-12-09T20:41:39.127+0000] {logging_mixin.py:188} INFO - [2024-12-09T20:41:39.127+0000] {dag.py:3047} INFO - Sync 1 DAGs
[2024-12-09T20:41:39.155+0000] {logging_mixin.py:188} INFO - [2024-12-09T20:41:39.154+0000] {dag.py:3834} INFO - Setting next_dagrun for example_xcom to 2021-01-01 00:00:00+00:00, run_after=2021-01-01 00:00:00+00:00
[2024-12-09T20:41:39.175+0000] {processor.py:183} INFO - Processing /home/airflow/.local/lib/python3.10/site-packages/airflow/example_dags/example_xcom.py took 0.081 seconds
[2024-12-09T20:42:09.393+0000] {processor.py:161} INFO - Started process (PID=597) to work on /home/airflow/.local/lib/python3.10/site-packages/airflow/example_dags/example_xcom.py
[2024-12-09T20:42:09.395+0000] {processor.py:830} INFO - Processing file /home/airflow/.local/lib/python3.10/site-packages/airflow/example_dags/example_xcom.py for tasks to queue
[2024-12-09T20:42:09.397+0000] {logging_mixin.py:188} INFO - [2024-12-09T20:42:09.397+0000] {dagbag.py:540} INFO - Filling up the DagBag from /home/airflow/.local/lib/python3.10/site-packages/airflow/example_dags/example_xcom.py
[2024-12-09T20:42:09.406+0000] {processor.py:840} INFO - DAG(s) 'example_xcom' retrieved from /home/airflow/.local/lib/python3.10/site-packages/airflow/example_dags/example_xcom.py
[2024-12-09T20:42:09.432+0000] {logging_mixin.py:188} INFO - [2024-12-09T20:42:09.430+0000] {dag.py:3047} INFO - Sync 1 DAGs
[2024-12-09T20:42:09.459+0000] {logging_mixin.py:188} INFO - [2024-12-09T20:42:09.458+0000] {dag.py:3834} INFO - Setting next_dagrun for example_xcom to 2021-01-01 00:00:00+00:00, run_after=2021-01-01 00:00:00+00:00
[2024-12-09T20:42:09.495+0000] {processor.py:183} INFO - Processing /home/airflow/.local/lib/python3.10/site-packages/airflow/example_dags/example_xcom.py took 0.106 seconds
[2024-12-09T20:42:39.948+0000] {processor.py:161} INFO - Started process (PID=660) to work on /home/airflow/.local/lib/python3.10/site-packages/airflow/example_dags/example_xcom.py
[2024-12-09T20:42:39.949+0000] {processor.py:830} INFO - Processing file /home/airflow/.local/lib/python3.10/site-packages/airflow/example_dags/example_xcom.py for tasks to queue
[2024-12-09T20:42:39.951+0000] {logging_mixin.py:188} INFO - [2024-12-09T20:42:39.951+0000] {dagbag.py:540} INFO - Filling up the DagBag from /home/airflow/.local/lib/python3.10/site-packages/airflow/example_dags/example_xcom.py
[2024-12-09T20:42:39.959+0000] {processor.py:840} INFO - DAG(s) 'example_xcom' retrieved from /home/airflow/.local/lib/python3.10/site-packages/airflow/example_dags/example_xcom.py
[2024-12-09T20:42:39.979+0000] {logging_mixin.py:188} INFO - [2024-12-09T20:42:39.978+0000] {dag.py:3047} INFO - Sync 1 DAGs
[2024-12-09T20:42:39.997+0000] {logging_mixin.py:188} INFO - [2024-12-09T20:42:39.997+0000] {dag.py:3834} INFO - Setting next_dagrun for example_xcom to 2021-01-01 00:00:00+00:00, run_after=2021-01-01 00:00:00+00:00
[2024-12-09T20:42:40.019+0000] {processor.py:183} INFO - Processing /home/airflow/.local/lib/python3.10/site-packages/airflow/example_dags/example_xcom.py took 0.074 seconds
[2024-12-09T20:43:10.745+0000] {processor.py:161} INFO - Started process (PID=713) to work on /home/airflow/.local/lib/python3.10/site-packages/airflow/example_dags/example_xcom.py
[2024-12-09T20:43:10.746+0000] {processor.py:830} INFO - Processing file /home/airflow/.local/lib/python3.10/site-packages/airflow/example_dags/example_xcom.py for tasks to queue
[2024-12-09T20:43:10.749+0000] {logging_mixin.py:188} INFO - [2024-12-09T20:43:10.749+0000] {dagbag.py:540} INFO - Filling up the DagBag from /home/airflow/.local/lib/python3.10/site-packages/airflow/example_dags/example_xcom.py
[2024-12-09T20:43:10.756+0000] {processor.py:840} INFO - DAG(s) 'example_xcom' retrieved from /home/airflow/.local/lib/python3.10/site-packages/airflow/example_dags/example_xcom.py
[2024-12-09T20:43:10.776+0000] {logging_mixin.py:188} INFO - [2024-12-09T20:43:10.776+0000] {dag.py:3047} INFO - Sync 1 DAGs
[2024-12-09T20:43:10.795+0000] {logging_mixin.py:188} INFO - [2024-12-09T20:43:10.794+0000] {dag.py:3834} INFO - Setting next_dagrun for example_xcom to 2021-01-01 00:00:00+00:00, run_after=2021-01-01 00:00:00+00:00
[2024-12-09T20:43:10.816+0000] {processor.py:183} INFO - Processing /home/airflow/.local/lib/python3.10/site-packages/airflow/example_dags/example_xcom.py took 0.076 seconds
[2024-12-09T20:43:41.035+0000] {processor.py:161} INFO - Started process (PID=769) to work on /home/airflow/.local/lib/python3.10/site-packages/airflow/example_dags/example_xcom.py
[2024-12-09T20:43:41.036+0000] {processor.py:830} INFO - Processing file /home/airflow/.local/lib/python3.10/site-packages/airflow/example_dags/example_xcom.py for tasks to queue
[2024-12-09T20:43:41.038+0000] {logging_mixin.py:188} INFO - [2024-12-09T20:43:41.037+0000] {dagbag.py:540} INFO - Filling up the DagBag from /home/airflow/.local/lib/python3.10/site-packages/airflow/example_dags/example_xcom.py
[2024-12-09T20:43:41.044+0000] {processor.py:840} INFO - DAG(s) 'example_xcom' retrieved from /home/airflow/.local/lib/python3.10/site-packages/airflow/example_dags/example_xcom.py
[2024-12-09T20:43:41.064+0000] {logging_mixin.py:188} INFO - [2024-12-09T20:43:41.064+0000] {dag.py:3047} INFO - Sync 1 DAGs
[2024-12-09T20:43:41.082+0000] {logging_mixin.py:188} INFO - [2024-12-09T20:43:41.082+0000] {dag.py:3834} INFO - Setting next_dagrun for example_xcom to 2021-01-01 00:00:00+00:00, run_after=2021-01-01 00:00:00+00:00
[2024-12-09T20:43:41.104+0000] {processor.py:183} INFO - Processing /home/airflow/.local/lib/python3.10/site-packages/airflow/example_dags/example_xcom.py took 0.072 seconds
[2024-12-09T20:44:12.042+0000] {processor.py:161} INFO - Started process (PID=825) to work on /home/airflow/.local/lib/python3.10/site-packages/airflow/example_dags/example_xcom.py
[2024-12-09T20:44:12.043+0000] {processor.py:830} INFO - Processing file /home/airflow/.local/lib/python3.10/site-packages/airflow/example_dags/example_xcom.py for tasks to queue
[2024-12-09T20:44:12.045+0000] {logging_mixin.py:188} INFO - [2024-12-09T20:44:12.045+0000] {dagbag.py:540} INFO - Filling up the DagBag from /home/airflow/.local/lib/python3.10/site-packages/airflow/example_dags/example_xcom.py
[2024-12-09T20:44:12.052+0000] {processor.py:840} INFO - DAG(s) 'example_xcom' retrieved from /home/airflow/.local/lib/python3.10/site-packages/airflow/example_dags/example_xcom.py
[2024-12-09T20:44:12.072+0000] {logging_mixin.py:188} INFO - [2024-12-09T20:44:12.072+0000] {dag.py:3047} INFO - Sync 1 DAGs
[2024-12-09T20:44:12.094+0000] {logging_mixin.py:188} INFO - [2024-12-09T20:44:12.094+0000] {dag.py:3834} INFO - Setting next_dagrun for example_xcom to 2021-01-01 00:00:00+00:00, run_after=2021-01-01 00:00:00+00:00
[2024-12-09T20:44:12.115+0000] {processor.py:183} INFO - Processing /home/airflow/.local/lib/python3.10/site-packages/airflow/example_dags/example_xcom.py took 0.075 seconds
[2024-12-09T20:44:43.004+0000] {processor.py:161} INFO - Started process (PID=881) to work on /home/airflow/.local/lib/python3.10/site-packages/airflow/example_dags/example_xcom.py
[2024-12-09T20:44:43.006+0000] {processor.py:830} INFO - Processing file /home/airflow/.local/lib/python3.10/site-packages/airflow/example_dags/example_xcom.py for tasks to queue
[2024-12-09T20:44:43.008+0000] {logging_mixin.py:188} INFO - [2024-12-09T20:44:43.008+0000] {dagbag.py:540} INFO - Filling up the DagBag from /home/airflow/.local/lib/python3.10/site-packages/airflow/example_dags/example_xcom.py
[2024-12-09T20:44:43.015+0000] {processor.py:840} INFO - DAG(s) 'example_xcom' retrieved from /home/airflow/.local/lib/python3.10/site-packages/airflow/example_dags/example_xcom.py
[2024-12-09T20:44:43.036+0000] {logging_mixin.py:188} INFO - [2024-12-09T20:44:43.035+0000] {dag.py:3047} INFO - Sync 1 DAGs
[2024-12-09T20:44:43.056+0000] {logging_mixin.py:188} INFO - [2024-12-09T20:44:43.055+0000] {dag.py:3834} INFO - Setting next_dagrun for example_xcom to 2021-01-01 00:00:00+00:00, run_after=2021-01-01 00:00:00+00:00
[2024-12-09T20:44:43.074+0000] {processor.py:183} INFO - Processing /home/airflow/.local/lib/python3.10/site-packages/airflow/example_dags/example_xcom.py took 0.072 seconds
[2024-12-09T20:45:13.265+0000] {processor.py:161} INFO - Started process (PID=937) to work on /home/airflow/.local/lib/python3.10/site-packages/airflow/example_dags/example_xcom.py
[2024-12-09T20:45:13.266+0000] {processor.py:830} INFO - Processing file /home/airflow/.local/lib/python3.10/site-packages/airflow/example_dags/example_xcom.py for tasks to queue
[2024-12-09T20:45:13.268+0000] {logging_mixin.py:188} INFO - [2024-12-09T20:45:13.268+0000] {dagbag.py:540} INFO - Filling up the DagBag from /home/airflow/.local/lib/python3.10/site-packages/airflow/example_dags/example_xcom.py
[2024-12-09T20:45:13.276+0000] {processor.py:840} INFO - DAG(s) 'example_xcom' retrieved from /home/airflow/.local/lib/python3.10/site-packages/airflow/example_dags/example_xcom.py
[2024-12-09T20:45:13.295+0000] {logging_mixin.py:188} INFO - [2024-12-09T20:45:13.295+0000] {dag.py:3047} INFO - Sync 1 DAGs
[2024-12-09T20:45:13.314+0000] {logging_mixin.py:188} INFO - [2024-12-09T20:45:13.314+0000] {dag.py:3834} INFO - Setting next_dagrun for example_xcom to 2021-01-01 00:00:00+00:00, run_after=2021-01-01 00:00:00+00:00
[2024-12-09T20:45:13.335+0000] {processor.py:183} INFO - Processing /home/airflow/.local/lib/python3.10/site-packages/airflow/example_dags/example_xcom.py took 0.073 seconds
[2024-12-09T20:45:43.693+0000] {processor.py:161} INFO - Started process (PID=992) to work on /home/airflow/.local/lib/python3.10/site-packages/airflow/example_dags/example_xcom.py
[2024-12-09T20:45:43.694+0000] {processor.py:830} INFO - Processing file /home/airflow/.local/lib/python3.10/site-packages/airflow/example_dags/example_xcom.py for tasks to queue
[2024-12-09T20:45:43.696+0000] {logging_mixin.py:188} INFO - [2024-12-09T20:45:43.696+0000] {dagbag.py:540} INFO - Filling up the DagBag from /home/airflow/.local/lib/python3.10/site-packages/airflow/example_dags/example_xcom.py
[2024-12-09T20:45:43.703+0000] {processor.py:840} INFO - DAG(s) 'example_xcom' retrieved from /home/airflow/.local/lib/python3.10/site-packages/airflow/example_dags/example_xcom.py
[2024-12-09T20:45:43.724+0000] {logging_mixin.py:188} INFO - [2024-12-09T20:45:43.724+0000] {dag.py:3047} INFO - Sync 1 DAGs
[2024-12-09T20:45:43.747+0000] {logging_mixin.py:188} INFO - [2024-12-09T20:45:43.747+0000] {dag.py:3834} INFO - Setting next_dagrun for example_xcom to 2021-01-01 00:00:00+00:00, run_after=2021-01-01 00:00:00+00:00
[2024-12-09T20:45:43.769+0000] {processor.py:183} INFO - Processing /home/airflow/.local/lib/python3.10/site-packages/airflow/example_dags/example_xcom.py took 0.079 seconds
[2024-12-09T20:46:14.601+0000] {processor.py:161} INFO - Started process (PID=1048) to work on /home/airflow/.local/lib/python3.10/site-packages/airflow/example_dags/example_xcom.py
[2024-12-09T20:46:14.602+0000] {processor.py:830} INFO - Processing file /home/airflow/.local/lib/python3.10/site-packages/airflow/example_dags/example_xcom.py for tasks to queue
[2024-12-09T20:46:14.604+0000] {logging_mixin.py:188} INFO - [2024-12-09T20:46:14.604+0000] {dagbag.py:540} INFO - Filling up the DagBag from /home/airflow/.local/lib/python3.10/site-packages/airflow/example_dags/example_xcom.py
[2024-12-09T20:46:14.611+0000] {processor.py:840} INFO - DAG(s) 'example_xcom' retrieved from /home/airflow/.local/lib/python3.10/site-packages/airflow/example_dags/example_xcom.py
[2024-12-09T20:46:14.631+0000] {logging_mixin.py:188} INFO - [2024-12-09T20:46:14.630+0000] {dag.py:3047} INFO - Sync 1 DAGs
[2024-12-09T20:46:14.653+0000] {logging_mixin.py:188} INFO - [2024-12-09T20:46:14.652+0000] {dag.py:3834} INFO - Setting next_dagrun for example_xcom to 2021-01-01 00:00:00+00:00, run_after=2021-01-01 00:00:00+00:00
[2024-12-09T20:46:14.674+0000] {processor.py:183} INFO - Processing /home/airflow/.local/lib/python3.10/site-packages/airflow/example_dags/example_xcom.py took 0.076 seconds
[2024-12-09T20:46:45.545+0000] {processor.py:161} INFO - Started process (PID=1104) to work on /home/airflow/.local/lib/python3.10/site-packages/airflow/example_dags/example_xcom.py
[2024-12-09T20:46:45.546+0000] {processor.py:830} INFO - Processing file /home/airflow/.local/lib/python3.10/site-packages/airflow/example_dags/example_xcom.py for tasks to queue
[2024-12-09T20:46:45.547+0000] {logging_mixin.py:188} INFO - [2024-12-09T20:46:45.547+0000] {dagbag.py:540} INFO - Filling up the DagBag from /home/airflow/.local/lib/python3.10/site-packages/airflow/example_dags/example_xcom.py
[2024-12-09T20:46:45.554+0000] {processor.py:840} INFO - DAG(s) 'example_xcom' retrieved from /home/airflow/.local/lib/python3.10/site-packages/airflow/example_dags/example_xcom.py
[2024-12-09T20:46:45.573+0000] {logging_mixin.py:188} INFO - [2024-12-09T20:46:45.573+0000] {dag.py:3047} INFO - Sync 1 DAGs
[2024-12-09T20:46:45.593+0000] {logging_mixin.py:188} INFO - [2024-12-09T20:46:45.593+0000] {dag.py:3834} INFO - Setting next_dagrun for example_xcom to 2021-01-01 00:00:00+00:00, run_after=2021-01-01 00:00:00+00:00
[2024-12-09T20:46:45.613+0000] {processor.py:183} INFO - Processing /home/airflow/.local/lib/python3.10/site-packages/airflow/example_dags/example_xcom.py took 0.071 seconds
[2024-12-09T20:47:15.958+0000] {processor.py:161} INFO - Started process (PID=1160) to work on /home/airflow/.local/lib/python3.10/site-packages/airflow/example_dags/example_xcom.py
[2024-12-09T20:47:15.959+0000] {processor.py:830} INFO - Processing file /home/airflow/.local/lib/python3.10/site-packages/airflow/example_dags/example_xcom.py for tasks to queue
[2024-12-09T20:47:15.961+0000] {logging_mixin.py:188} INFO - [2024-12-09T20:47:15.961+0000] {dagbag.py:540} INFO - Filling up the DagBag from /home/airflow/.local/lib/python3.10/site-packages/airflow/example_dags/example_xcom.py
[2024-12-09T20:47:15.972+0000] {processor.py:840} INFO - DAG(s) 'example_xcom' retrieved from /home/airflow/.local/lib/python3.10/site-packages/airflow/example_dags/example_xcom.py
[2024-12-09T20:47:15.999+0000] {logging_mixin.py:188} INFO - [2024-12-09T20:47:15.999+0000] {dag.py:3047} INFO - Sync 1 DAGs
[2024-12-09T20:47:16.029+0000] {logging_mixin.py:188} INFO - [2024-12-09T20:47:16.028+0000] {dag.py:3834} INFO - Setting next_dagrun for example_xcom to 2021-01-01 00:00:00+00:00, run_after=2021-01-01 00:00:00+00:00
[2024-12-09T20:47:16.052+0000] {processor.py:183} INFO - Processing /home/airflow/.local/lib/python3.10/site-packages/airflow/example_dags/example_xcom.py took 0.098 seconds
[2024-12-09T20:47:46.979+0000] {processor.py:161} INFO - Started process (PID=1215) to work on /home/airflow/.local/lib/python3.10/site-packages/airflow/example_dags/example_xcom.py
[2024-12-09T20:47:46.980+0000] {processor.py:830} INFO - Processing file /home/airflow/.local/lib/python3.10/site-packages/airflow/example_dags/example_xcom.py for tasks to queue
[2024-12-09T20:47:46.982+0000] {logging_mixin.py:188} INFO - [2024-12-09T20:47:46.981+0000] {dagbag.py:540} INFO - Filling up the DagBag from /home/airflow/.local/lib/python3.10/site-packages/airflow/example_dags/example_xcom.py
[2024-12-09T20:47:46.990+0000] {processor.py:840} INFO - DAG(s) 'example_xcom' retrieved from /home/airflow/.local/lib/python3.10/site-packages/airflow/example_dags/example_xcom.py
[2024-12-09T20:47:47.010+0000] {logging_mixin.py:188} INFO - [2024-12-09T20:47:47.010+0000] {dag.py:3047} INFO - Sync 1 DAGs
[2024-12-09T20:47:47.033+0000] {logging_mixin.py:188} INFO - [2024-12-09T20:47:47.032+0000] {dag.py:3834} INFO - Setting next_dagrun for example_xcom to 2021-01-01 00:00:00+00:00, run_after=2021-01-01 00:00:00+00:00
[2024-12-09T20:47:47.052+0000] {processor.py:183} INFO - Processing /home/airflow/.local/lib/python3.10/site-packages/airflow/example_dags/example_xcom.py took 0.076 seconds
[2024-12-09T20:48:17.511+0000] {processor.py:161} INFO - Started process (PID=1270) to work on /home/airflow/.local/lib/python3.10/site-packages/airflow/example_dags/example_xcom.py
[2024-12-09T20:48:17.512+0000] {processor.py:830} INFO - Processing file /home/airflow/.local/lib/python3.10/site-packages/airflow/example_dags/example_xcom.py for tasks to queue
[2024-12-09T20:48:17.514+0000] {logging_mixin.py:188} INFO - [2024-12-09T20:48:17.514+0000] {dagbag.py:540} INFO - Filling up the DagBag from /home/airflow/.local/lib/python3.10/site-packages/airflow/example_dags/example_xcom.py
[2024-12-09T20:48:17.522+0000] {processor.py:840} INFO - DAG(s) 'example_xcom' retrieved from /home/airflow/.local/lib/python3.10/site-packages/airflow/example_dags/example_xcom.py
[2024-12-09T20:48:17.547+0000] {logging_mixin.py:188} INFO - [2024-12-09T20:48:17.547+0000] {dag.py:3047} INFO - Sync 1 DAGs
[2024-12-09T20:48:17.571+0000] {logging_mixin.py:188} INFO - [2024-12-09T20:48:17.571+0000] {dag.py:3834} INFO - Setting next_dagrun for example_xcom to 2021-01-01 00:00:00+00:00, run_after=2021-01-01 00:00:00+00:00
[2024-12-09T20:48:17.590+0000] {processor.py:183} INFO - Processing /home/airflow/.local/lib/python3.10/site-packages/airflow/example_dags/example_xcom.py took 0.083 seconds
[2024-12-09T20:48:48.174+0000] {processor.py:161} INFO - Started process (PID=1325) to work on /home/airflow/.local/lib/python3.10/site-packages/airflow/example_dags/example_xcom.py
[2024-12-09T20:48:48.176+0000] {processor.py:830} INFO - Processing file /home/airflow/.local/lib/python3.10/site-packages/airflow/example_dags/example_xcom.py for tasks to queue
[2024-12-09T20:48:48.178+0000] {logging_mixin.py:188} INFO - [2024-12-09T20:48:48.177+0000] {dagbag.py:540} INFO - Filling up the DagBag from /home/airflow/.local/lib/python3.10/site-packages/airflow/example_dags/example_xcom.py
[2024-12-09T20:48:48.186+0000] {processor.py:840} INFO - DAG(s) 'example_xcom' retrieved from /home/airflow/.local/lib/python3.10/site-packages/airflow/example_dags/example_xcom.py
[2024-12-09T20:48:48.209+0000] {logging_mixin.py:188} INFO - [2024-12-09T20:48:48.209+0000] {dag.py:3047} INFO - Sync 1 DAGs
[2024-12-09T20:48:48.233+0000] {logging_mixin.py:188} INFO - [2024-12-09T20:48:48.232+0000] {dag.py:3834} INFO - Setting next_dagrun for example_xcom to 2021-01-01 00:00:00+00:00, run_after=2021-01-01 00:00:00+00:00
[2024-12-09T20:48:48.256+0000] {processor.py:183} INFO - Processing /home/airflow/.local/lib/python3.10/site-packages/airflow/example_dags/example_xcom.py took 0.085 seconds
[2024-12-09T20:49:19.035+0000] {processor.py:161} INFO - Started process (PID=1380) to work on /home/airflow/.local/lib/python3.10/site-packages/airflow/example_dags/example_xcom.py
[2024-12-09T20:49:19.037+0000] {processor.py:830} INFO - Processing file /home/airflow/.local/lib/python3.10/site-packages/airflow/example_dags/example_xcom.py for tasks to queue
[2024-12-09T20:49:19.039+0000] {logging_mixin.py:188} INFO - [2024-12-09T20:49:19.039+0000] {dagbag.py:540} INFO - Filling up the DagBag from /home/airflow/.local/lib/python3.10/site-packages/airflow/example_dags/example_xcom.py
[2024-12-09T20:49:19.046+0000] {processor.py:840} INFO - DAG(s) 'example_xcom' retrieved from /home/airflow/.local/lib/python3.10/site-packages/airflow/example_dags/example_xcom.py
[2024-12-09T20:49:19.068+0000] {logging_mixin.py:188} INFO - [2024-12-09T20:49:19.067+0000] {dag.py:3047} INFO - Sync 1 DAGs
[2024-12-09T20:49:19.087+0000] {logging_mixin.py:188} INFO - [2024-12-09T20:49:19.087+0000] {dag.py:3834} INFO - Setting next_dagrun for example_xcom to 2021-01-01 00:00:00+00:00, run_after=2021-01-01 00:00:00+00:00
[2024-12-09T20:49:19.107+0000] {processor.py:183} INFO - Processing /home/airflow/.local/lib/python3.10/site-packages/airflow/example_dags/example_xcom.py took 0.075 seconds
[2024-12-09T20:49:49.563+0000] {processor.py:161} INFO - Started process (PID=1436) to work on /home/airflow/.local/lib/python3.10/site-packages/airflow/example_dags/example_xcom.py
[2024-12-09T20:49:49.564+0000] {processor.py:830} INFO - Processing file /home/airflow/.local/lib/python3.10/site-packages/airflow/example_dags/example_xcom.py for tasks to queue
[2024-12-09T20:49:49.567+0000] {logging_mixin.py:188} INFO - [2024-12-09T20:49:49.566+0000] {dagbag.py:540} INFO - Filling up the DagBag from /home/airflow/.local/lib/python3.10/site-packages/airflow/example_dags/example_xcom.py
[2024-12-09T20:49:49.573+0000] {processor.py:840} INFO - DAG(s) 'example_xcom' retrieved from /home/airflow/.local/lib/python3.10/site-packages/airflow/example_dags/example_xcom.py
[2024-12-09T20:49:49.593+0000] {logging_mixin.py:188} INFO - [2024-12-09T20:49:49.593+0000] {dag.py:3047} INFO - Sync 1 DAGs
[2024-12-09T20:49:49.613+0000] {logging_mixin.py:188} INFO - [2024-12-09T20:49:49.613+0000] {dag.py:3834} INFO - Setting next_dagrun for example_xcom to 2021-01-01 00:00:00+00:00, run_after=2021-01-01 00:00:00+00:00
[2024-12-09T20:49:49.632+0000] {processor.py:183} INFO - Processing /home/airflow/.local/lib/python3.10/site-packages/airflow/example_dags/example_xcom.py took 0.072 seconds
[2024-12-09T20:50:19.921+0000] {processor.py:161} INFO - Started process (PID=1491) to work on /home/airflow/.local/lib/python3.10/site-packages/airflow/example_dags/example_xcom.py
[2024-12-09T20:50:19.922+0000] {processor.py:830} INFO - Processing file /home/airflow/.local/lib/python3.10/site-packages/airflow/example_dags/example_xcom.py for tasks to queue
[2024-12-09T20:50:19.924+0000] {logging_mixin.py:188} INFO - [2024-12-09T20:50:19.924+0000] {dagbag.py:540} INFO - Filling up the DagBag from /home/airflow/.local/lib/python3.10/site-packages/airflow/example_dags/example_xcom.py
[2024-12-09T20:50:19.931+0000] {processor.py:840} INFO - DAG(s) 'example_xcom' retrieved from /home/airflow/.local/lib/python3.10/site-packages/airflow/example_dags/example_xcom.py
[2024-12-09T20:50:19.952+0000] {logging_mixin.py:188} INFO - [2024-12-09T20:50:19.951+0000] {dag.py:3047} INFO - Sync 1 DAGs
[2024-12-09T20:50:19.973+0000] {logging_mixin.py:188} INFO - [2024-12-09T20:50:19.973+0000] {dag.py:3834} INFO - Setting next_dagrun for example_xcom to 2021-01-01 00:00:00+00:00, run_after=2021-01-01 00:00:00+00:00
[2024-12-09T20:50:20.159+0000] {processor.py:183} INFO - Processing /home/airflow/.local/lib/python3.10/site-packages/airflow/example_dags/example_xcom.py took 0.241 seconds
[2024-12-09T20:50:50.410+0000] {processor.py:161} INFO - Started process (PID=1547) to work on /home/airflow/.local/lib/python3.10/site-packages/airflow/example_dags/example_xcom.py
[2024-12-09T20:50:50.411+0000] {processor.py:830} INFO - Processing file /home/airflow/.local/lib/python3.10/site-packages/airflow/example_dags/example_xcom.py for tasks to queue
[2024-12-09T20:50:50.413+0000] {logging_mixin.py:188} INFO - [2024-12-09T20:50:50.413+0000] {dagbag.py:540} INFO - Filling up the DagBag from /home/airflow/.local/lib/python3.10/site-packages/airflow/example_dags/example_xcom.py
[2024-12-09T20:50:50.419+0000] {processor.py:840} INFO - DAG(s) 'example_xcom' retrieved from /home/airflow/.local/lib/python3.10/site-packages/airflow/example_dags/example_xcom.py
[2024-12-09T20:50:50.439+0000] {logging_mixin.py:188} INFO - [2024-12-09T20:50:50.439+0000] {dag.py:3047} INFO - Sync 1 DAGs
[2024-12-09T20:50:50.458+0000] {logging_mixin.py:188} INFO - [2024-12-09T20:50:50.458+0000] {dag.py:3834} INFO - Setting next_dagrun for example_xcom to 2021-01-01 00:00:00+00:00, run_after=2021-01-01 00:00:00+00:00
[2024-12-09T20:50:50.478+0000] {processor.py:183} INFO - Processing /home/airflow/.local/lib/python3.10/site-packages/airflow/example_dags/example_xcom.py took 0.071 seconds
[2024-12-09T20:51:20.900+0000] {processor.py:161} INFO - Started process (PID=1603) to work on /home/airflow/.local/lib/python3.10/site-packages/airflow/example_dags/example_xcom.py
[2024-12-09T20:51:20.901+0000] {processor.py:830} INFO - Processing file /home/airflow/.local/lib/python3.10/site-packages/airflow/example_dags/example_xcom.py for tasks to queue
[2024-12-09T20:51:20.903+0000] {logging_mixin.py:188} INFO - [2024-12-09T20:51:20.903+0000] {dagbag.py:540} INFO - Filling up the DagBag from /home/airflow/.local/lib/python3.10/site-packages/airflow/example_dags/example_xcom.py
[2024-12-09T20:51:20.910+0000] {processor.py:840} INFO - DAG(s) 'example_xcom' retrieved from /home/airflow/.local/lib/python3.10/site-packages/airflow/example_dags/example_xcom.py
[2024-12-09T20:51:20.929+0000] {logging_mixin.py:188} INFO - [2024-12-09T20:51:20.929+0000] {dag.py:3047} INFO - Sync 1 DAGs
[2024-12-09T20:51:20.948+0000] {logging_mixin.py:188} INFO - [2024-12-09T20:51:20.948+0000] {dag.py:3834} INFO - Setting next_dagrun for example_xcom to 2021-01-01 00:00:00+00:00, run_after=2021-01-01 00:00:00+00:00
[2024-12-09T20:51:20.968+0000] {processor.py:183} INFO - Processing /home/airflow/.local/lib/python3.10/site-packages/airflow/example_dags/example_xcom.py took 0.071 seconds
[2024-12-09T20:51:51.021+0000] {processor.py:161} INFO - Started process (PID=1659) to work on /home/airflow/.local/lib/python3.10/site-packages/airflow/example_dags/example_xcom.py
[2024-12-09T20:51:51.023+0000] {processor.py:830} INFO - Processing file /home/airflow/.local/lib/python3.10/site-packages/airflow/example_dags/example_xcom.py for tasks to queue
[2024-12-09T20:51:51.025+0000] {logging_mixin.py:188} INFO - [2024-12-09T20:51:51.024+0000] {dagbag.py:540} INFO - Filling up the DagBag from /home/airflow/.local/lib/python3.10/site-packages/airflow/example_dags/example_xcom.py
[2024-12-09T20:51:51.031+0000] {processor.py:840} INFO - DAG(s) 'example_xcom' retrieved from /home/airflow/.local/lib/python3.10/site-packages/airflow/example_dags/example_xcom.py
[2024-12-09T20:51:51.051+0000] {logging_mixin.py:188} INFO - [2024-12-09T20:51:51.051+0000] {dag.py:3047} INFO - Sync 1 DAGs
[2024-12-09T20:51:51.072+0000] {logging_mixin.py:188} INFO - [2024-12-09T20:51:51.072+0000] {dag.py:3834} INFO - Setting next_dagrun for example_xcom to 2021-01-01 00:00:00+00:00, run_after=2021-01-01 00:00:00+00:00
[2024-12-09T20:51:51.092+0000] {processor.py:183} INFO - Processing /home/airflow/.local/lib/python3.10/site-packages/airflow/example_dags/example_xcom.py took 0.074 seconds
[2024-12-09T20:52:21.719+0000] {processor.py:161} INFO - Started process (PID=1714) to work on /home/airflow/.local/lib/python3.10/site-packages/airflow/example_dags/example_xcom.py
[2024-12-09T20:52:21.720+0000] {processor.py:830} INFO - Processing file /home/airflow/.local/lib/python3.10/site-packages/airflow/example_dags/example_xcom.py for tasks to queue
[2024-12-09T20:52:21.722+0000] {logging_mixin.py:188} INFO - [2024-12-09T20:52:21.722+0000] {dagbag.py:540} INFO - Filling up the DagBag from /home/airflow/.local/lib/python3.10/site-packages/airflow/example_dags/example_xcom.py
[2024-12-09T20:52:21.729+0000] {processor.py:840} INFO - DAG(s) 'example_xcom' retrieved from /home/airflow/.local/lib/python3.10/site-packages/airflow/example_dags/example_xcom.py
[2024-12-09T20:52:21.748+0000] {logging_mixin.py:188} INFO - [2024-12-09T20:52:21.748+0000] {dag.py:3047} INFO - Sync 1 DAGs
[2024-12-09T20:52:21.888+0000] {logging_mixin.py:188} INFO - [2024-12-09T20:52:21.887+0000] {dag.py:3834} INFO - Setting next_dagrun for example_xcom to 2021-01-01 00:00:00+00:00, run_after=2021-01-01 00:00:00+00:00
[2024-12-09T20:52:21.908+0000] {processor.py:183} INFO - Processing /home/airflow/.local/lib/python3.10/site-packages/airflow/example_dags/example_xcom.py took 0.192 seconds
[2024-12-09T20:52:52.880+0000] {processor.py:161} INFO - Started process (PID=1769) to work on /home/airflow/.local/lib/python3.10/site-packages/airflow/example_dags/example_xcom.py
[2024-12-09T20:52:52.881+0000] {processor.py:830} INFO - Processing file /home/airflow/.local/lib/python3.10/site-packages/airflow/example_dags/example_xcom.py for tasks to queue
[2024-12-09T20:52:52.883+0000] {logging_mixin.py:188} INFO - [2024-12-09T20:52:52.883+0000] {dagbag.py:540} INFO - Filling up the DagBag from /home/airflow/.local/lib/python3.10/site-packages/airflow/example_dags/example_xcom.py
[2024-12-09T20:52:52.890+0000] {processor.py:840} INFO - DAG(s) 'example_xcom' retrieved from /home/airflow/.local/lib/python3.10/site-packages/airflow/example_dags/example_xcom.py
[2024-12-09T20:52:52.913+0000] {logging_mixin.py:188} INFO - [2024-12-09T20:52:52.913+0000] {dag.py:3047} INFO - Sync 1 DAGs
[2024-12-09T20:52:53.072+0000] {logging_mixin.py:188} INFO - [2024-12-09T20:52:53.072+0000] {dag.py:3834} INFO - Setting next_dagrun for example_xcom to 2021-01-01 00:00:00+00:00, run_after=2021-01-01 00:00:00+00:00
[2024-12-09T20:52:53.091+0000] {processor.py:183} INFO - Processing /home/airflow/.local/lib/python3.10/site-packages/airflow/example_dags/example_xcom.py took 0.214 seconds
[2024-12-09T20:53:24.072+0000] {processor.py:161} INFO - Started process (PID=1825) to work on /home/airflow/.local/lib/python3.10/site-packages/airflow/example_dags/example_xcom.py
[2024-12-09T20:53:24.073+0000] {processor.py:830} INFO - Processing file /home/airflow/.local/lib/python3.10/site-packages/airflow/example_dags/example_xcom.py for tasks to queue
[2024-12-09T20:53:24.074+0000] {logging_mixin.py:188} INFO - [2024-12-09T20:53:24.074+0000] {dagbag.py:540} INFO - Filling up the DagBag from /home/airflow/.local/lib/python3.10/site-packages/airflow/example_dags/example_xcom.py
[2024-12-09T20:53:24.082+0000] {processor.py:840} INFO - DAG(s) 'example_xcom' retrieved from /home/airflow/.local/lib/python3.10/site-packages/airflow/example_dags/example_xcom.py
[2024-12-09T20:53:24.101+0000] {logging_mixin.py:188} INFO - [2024-12-09T20:53:24.101+0000] {dag.py:3047} INFO - Sync 1 DAGs
[2024-12-09T20:53:24.120+0000] {logging_mixin.py:188} INFO - [2024-12-09T20:53:24.120+0000] {dag.py:3834} INFO - Setting next_dagrun for example_xcom to 2021-01-01 00:00:00+00:00, run_after=2021-01-01 00:00:00+00:00
[2024-12-09T20:53:24.269+0000] {processor.py:183} INFO - Processing /home/airflow/.local/lib/python3.10/site-packages/airflow/example_dags/example_xcom.py took 0.201 seconds
[2024-12-09T20:53:54.691+0000] {processor.py:161} INFO - Started process (PID=1880) to work on /home/airflow/.local/lib/python3.10/site-packages/airflow/example_dags/example_xcom.py
[2024-12-09T20:53:54.694+0000] {processor.py:830} INFO - Processing file /home/airflow/.local/lib/python3.10/site-packages/airflow/example_dags/example_xcom.py for tasks to queue
[2024-12-09T20:53:54.698+0000] {logging_mixin.py:188} INFO - [2024-12-09T20:53:54.697+0000] {dagbag.py:540} INFO - Filling up the DagBag from /home/airflow/.local/lib/python3.10/site-packages/airflow/example_dags/example_xcom.py
[2024-12-09T20:53:54.716+0000] {processor.py:840} INFO - DAG(s) 'example_xcom' retrieved from /home/airflow/.local/lib/python3.10/site-packages/airflow/example_dags/example_xcom.py
[2024-12-09T20:53:54.747+0000] {logging_mixin.py:188} INFO - [2024-12-09T20:53:54.745+0000] {dag.py:3047} INFO - Sync 1 DAGs
[2024-12-09T20:53:54.786+0000] {logging_mixin.py:188} INFO - [2024-12-09T20:53:54.785+0000] {dag.py:3834} INFO - Setting next_dagrun for example_xcom to 2021-01-01 00:00:00+00:00, run_after=2021-01-01 00:00:00+00:00
[2024-12-09T20:53:54.824+0000] {processor.py:183} INFO - Processing /home/airflow/.local/lib/python3.10/site-packages/airflow/example_dags/example_xcom.py took 0.138 seconds
[2024-12-09T20:54:25.080+0000] {processor.py:161} INFO - Started process (PID=1936) to work on /home/airflow/.local/lib/python3.10/site-packages/airflow/example_dags/example_xcom.py
[2024-12-09T20:54:25.082+0000] {processor.py:830} INFO - Processing file /home/airflow/.local/lib/python3.10/site-packages/airflow/example_dags/example_xcom.py for tasks to queue
[2024-12-09T20:54:25.083+0000] {logging_mixin.py:188} INFO - [2024-12-09T20:54:25.083+0000] {dagbag.py:540} INFO - Filling up the DagBag from /home/airflow/.local/lib/python3.10/site-packages/airflow/example_dags/example_xcom.py
[2024-12-09T20:54:25.091+0000] {processor.py:840} INFO - DAG(s) 'example_xcom' retrieved from /home/airflow/.local/lib/python3.10/site-packages/airflow/example_dags/example_xcom.py
[2024-12-09T20:54:25.113+0000] {logging_mixin.py:188} INFO - [2024-12-09T20:54:25.113+0000] {dag.py:3047} INFO - Sync 1 DAGs
[2024-12-09T20:54:25.140+0000] {logging_mixin.py:188} INFO - [2024-12-09T20:54:25.140+0000] {dag.py:3834} INFO - Setting next_dagrun for example_xcom to 2021-01-01 00:00:00+00:00, run_after=2021-01-01 00:00:00+00:00
[2024-12-09T20:54:25.163+0000] {processor.py:183} INFO - Processing /home/airflow/.local/lib/python3.10/site-packages/airflow/example_dags/example_xcom.py took 0.086 seconds
[2024-12-09T20:54:55.245+0000] {processor.py:161} INFO - Started process (PID=1991) to work on /home/airflow/.local/lib/python3.10/site-packages/airflow/example_dags/example_xcom.py
[2024-12-09T20:54:55.246+0000] {processor.py:830} INFO - Processing file /home/airflow/.local/lib/python3.10/site-packages/airflow/example_dags/example_xcom.py for tasks to queue
[2024-12-09T20:54:55.248+0000] {logging_mixin.py:188} INFO - [2024-12-09T20:54:55.248+0000] {dagbag.py:540} INFO - Filling up the DagBag from /home/airflow/.local/lib/python3.10/site-packages/airflow/example_dags/example_xcom.py
[2024-12-09T20:54:55.255+0000] {processor.py:840} INFO - DAG(s) 'example_xcom' retrieved from /home/airflow/.local/lib/python3.10/site-packages/airflow/example_dags/example_xcom.py
[2024-12-09T20:54:55.275+0000] {logging_mixin.py:188} INFO - [2024-12-09T20:54:55.275+0000] {dag.py:3047} INFO - Sync 1 DAGs
[2024-12-09T20:54:55.294+0000] {logging_mixin.py:188} INFO - [2024-12-09T20:54:55.294+0000] {dag.py:3834} INFO - Setting next_dagrun for example_xcom to 2021-01-01 00:00:00+00:00, run_after=2021-01-01 00:00:00+00:00
[2024-12-09T20:54:55.314+0000] {processor.py:183} INFO - Processing /home/airflow/.local/lib/python3.10/site-packages/airflow/example_dags/example_xcom.py took 0.072 seconds
[2024-12-09T20:55:25.439+0000] {processor.py:161} INFO - Started process (PID=2046) to work on /home/airflow/.local/lib/python3.10/site-packages/airflow/example_dags/example_xcom.py
[2024-12-09T20:55:25.440+0000] {processor.py:830} INFO - Processing file /home/airflow/.local/lib/python3.10/site-packages/airflow/example_dags/example_xcom.py for tasks to queue
[2024-12-09T20:55:25.443+0000] {logging_mixin.py:188} INFO - [2024-12-09T20:55:25.442+0000] {dagbag.py:540} INFO - Filling up the DagBag from /home/airflow/.local/lib/python3.10/site-packages/airflow/example_dags/example_xcom.py
[2024-12-09T20:55:25.453+0000] {processor.py:840} INFO - DAG(s) 'example_xcom' retrieved from /home/airflow/.local/lib/python3.10/site-packages/airflow/example_dags/example_xcom.py
[2024-12-09T20:55:25.491+0000] {logging_mixin.py:188} INFO - [2024-12-09T20:55:25.490+0000] {dag.py:3047} INFO - Sync 1 DAGs
[2024-12-09T20:55:25.538+0000] {logging_mixin.py:188} INFO - [2024-12-09T20:55:25.536+0000] {dag.py:3834} INFO - Setting next_dagrun for example_xcom to 2021-01-01 00:00:00+00:00, run_after=2021-01-01 00:00:00+00:00
[2024-12-09T20:55:25.576+0000] {processor.py:183} INFO - Processing /home/airflow/.local/lib/python3.10/site-packages/airflow/example_dags/example_xcom.py took 0.141 seconds
[2024-12-09T20:55:56.338+0000] {processor.py:161} INFO - Started process (PID=2101) to work on /home/airflow/.local/lib/python3.10/site-packages/airflow/example_dags/example_xcom.py
[2024-12-09T20:55:56.339+0000] {processor.py:830} INFO - Processing file /home/airflow/.local/lib/python3.10/site-packages/airflow/example_dags/example_xcom.py for tasks to queue
[2024-12-09T20:55:56.343+0000] {logging_mixin.py:188} INFO - [2024-12-09T20:55:56.342+0000] {dagbag.py:540} INFO - Filling up the DagBag from /home/airflow/.local/lib/python3.10/site-packages/airflow/example_dags/example_xcom.py
[2024-12-09T20:55:56.361+0000] {processor.py:840} INFO - DAG(s) 'example_xcom' retrieved from /home/airflow/.local/lib/python3.10/site-packages/airflow/example_dags/example_xcom.py
[2024-12-09T20:55:56.399+0000] {logging_mixin.py:188} INFO - [2024-12-09T20:55:56.399+0000] {dag.py:3047} INFO - Sync 1 DAGs
[2024-12-09T20:55:56.432+0000] {logging_mixin.py:188} INFO - [2024-12-09T20:55:56.431+0000] {dag.py:3834} INFO - Setting next_dagrun for example_xcom to 2021-01-01 00:00:00+00:00, run_after=2021-01-01 00:00:00+00:00
[2024-12-09T20:55:56.457+0000] {processor.py:183} INFO - Processing /home/airflow/.local/lib/python3.10/site-packages/airflow/example_dags/example_xcom.py took 0.124 seconds
[2024-12-09T20:56:26.975+0000] {processor.py:161} INFO - Started process (PID=2157) to work on /home/airflow/.local/lib/python3.10/site-packages/airflow/example_dags/example_xcom.py
[2024-12-09T20:56:26.976+0000] {processor.py:830} INFO - Processing file /home/airflow/.local/lib/python3.10/site-packages/airflow/example_dags/example_xcom.py for tasks to queue
[2024-12-09T20:56:26.979+0000] {logging_mixin.py:188} INFO - [2024-12-09T20:56:26.978+0000] {dagbag.py:540} INFO - Filling up the DagBag from /home/airflow/.local/lib/python3.10/site-packages/airflow/example_dags/example_xcom.py
[2024-12-09T20:56:26.985+0000] {processor.py:840} INFO - DAG(s) 'example_xcom' retrieved from /home/airflow/.local/lib/python3.10/site-packages/airflow/example_dags/example_xcom.py
[2024-12-09T20:56:27.005+0000] {logging_mixin.py:188} INFO - [2024-12-09T20:56:27.005+0000] {dag.py:3047} INFO - Sync 1 DAGs
[2024-12-09T20:56:27.027+0000] {logging_mixin.py:188} INFO - [2024-12-09T20:56:27.026+0000] {dag.py:3834} INFO - Setting next_dagrun for example_xcom to 2021-01-01 00:00:00+00:00, run_after=2021-01-01 00:00:00+00:00
[2024-12-09T20:56:27.048+0000] {processor.py:183} INFO - Processing /home/airflow/.local/lib/python3.10/site-packages/airflow/example_dags/example_xcom.py took 0.076 seconds
[2024-12-09T20:56:57.538+0000] {processor.py:161} INFO - Started process (PID=2213) to work on /home/airflow/.local/lib/python3.10/site-packages/airflow/example_dags/example_xcom.py
[2024-12-09T20:56:57.539+0000] {processor.py:830} INFO - Processing file /home/airflow/.local/lib/python3.10/site-packages/airflow/example_dags/example_xcom.py for tasks to queue
[2024-12-09T20:56:57.541+0000] {logging_mixin.py:188} INFO - [2024-12-09T20:56:57.541+0000] {dagbag.py:540} INFO - Filling up the DagBag from /home/airflow/.local/lib/python3.10/site-packages/airflow/example_dags/example_xcom.py
[2024-12-09T20:56:57.549+0000] {processor.py:840} INFO - DAG(s) 'example_xcom' retrieved from /home/airflow/.local/lib/python3.10/site-packages/airflow/example_dags/example_xcom.py
[2024-12-09T20:56:57.569+0000] {logging_mixin.py:188} INFO - [2024-12-09T20:56:57.569+0000] {dag.py:3047} INFO - Sync 1 DAGs
[2024-12-09T20:56:57.594+0000] {logging_mixin.py:188} INFO - [2024-12-09T20:56:57.594+0000] {dag.py:3834} INFO - Setting next_dagrun for example_xcom to 2021-01-01 00:00:00+00:00, run_after=2021-01-01 00:00:00+00:00
[2024-12-09T20:56:57.615+0000] {processor.py:183} INFO - Processing /home/airflow/.local/lib/python3.10/site-packages/airflow/example_dags/example_xcom.py took 0.081 seconds
[2024-12-09T20:57:27.747+0000] {processor.py:161} INFO - Started process (PID=2268) to work on /home/airflow/.local/lib/python3.10/site-packages/airflow/example_dags/example_xcom.py
[2024-12-09T20:57:27.749+0000] {processor.py:830} INFO - Processing file /home/airflow/.local/lib/python3.10/site-packages/airflow/example_dags/example_xcom.py for tasks to queue
[2024-12-09T20:57:27.751+0000] {logging_mixin.py:188} INFO - [2024-12-09T20:57:27.751+0000] {dagbag.py:540} INFO - Filling up the DagBag from /home/airflow/.local/lib/python3.10/site-packages/airflow/example_dags/example_xcom.py
[2024-12-09T20:57:27.759+0000] {processor.py:840} INFO - DAG(s) 'example_xcom' retrieved from /home/airflow/.local/lib/python3.10/site-packages/airflow/example_dags/example_xcom.py
[2024-12-09T20:57:27.781+0000] {logging_mixin.py:188} INFO - [2024-12-09T20:57:27.781+0000] {dag.py:3047} INFO - Sync 1 DAGs
[2024-12-09T20:57:27.804+0000] {logging_mixin.py:188} INFO - [2024-12-09T20:57:27.804+0000] {dag.py:3834} INFO - Setting next_dagrun for example_xcom to 2021-01-01 00:00:00+00:00, run_after=2021-01-01 00:00:00+00:00
[2024-12-09T20:57:27.828+0000] {processor.py:183} INFO - Processing /home/airflow/.local/lib/python3.10/site-packages/airflow/example_dags/example_xcom.py took 0.084 seconds
[2024-12-09T21:56:38.507+0000] {processor.py:161} INFO - Started process (PID=2334) to work on /home/airflow/.local/lib/python3.10/site-packages/airflow/example_dags/example_xcom.py
[2024-12-09T21:56:38.517+0000] {processor.py:830} INFO - Processing file /home/airflow/.local/lib/python3.10/site-packages/airflow/example_dags/example_xcom.py for tasks to queue
[2024-12-09T21:56:38.520+0000] {logging_mixin.py:188} INFO - [2024-12-09T21:56:38.520+0000] {dagbag.py:540} INFO - Filling up the DagBag from /home/airflow/.local/lib/python3.10/site-packages/airflow/example_dags/example_xcom.py
[2024-12-09T21:56:38.580+0000] {processor.py:840} INFO - DAG(s) 'example_xcom' retrieved from /home/airflow/.local/lib/python3.10/site-packages/airflow/example_dags/example_xcom.py
[2024-12-09T21:56:38.723+0000] {logging_mixin.py:188} INFO - [2024-12-09T21:56:38.722+0000] {dag.py:3047} INFO - Sync 1 DAGs
[2024-12-09T21:56:38.793+0000] {logging_mixin.py:188} INFO - [2024-12-09T21:56:38.793+0000] {dag.py:3834} INFO - Setting next_dagrun for example_xcom to 2021-01-01 00:00:00+00:00, run_after=2021-01-01 00:00:00+00:00
[2024-12-09T21:56:38.861+0000] {processor.py:183} INFO - Processing /home/airflow/.local/lib/python3.10/site-packages/airflow/example_dags/example_xcom.py took 0.358 seconds
[2024-12-09T21:57:09.687+0000] {processor.py:161} INFO - Started process (PID=2390) to work on /home/airflow/.local/lib/python3.10/site-packages/airflow/example_dags/example_xcom.py
[2024-12-09T21:57:09.688+0000] {processor.py:830} INFO - Processing file /home/airflow/.local/lib/python3.10/site-packages/airflow/example_dags/example_xcom.py for tasks to queue
[2024-12-09T21:57:09.690+0000] {logging_mixin.py:188} INFO - [2024-12-09T21:57:09.690+0000] {dagbag.py:540} INFO - Filling up the DagBag from /home/airflow/.local/lib/python3.10/site-packages/airflow/example_dags/example_xcom.py
[2024-12-09T21:57:09.698+0000] {processor.py:840} INFO - DAG(s) 'example_xcom' retrieved from /home/airflow/.local/lib/python3.10/site-packages/airflow/example_dags/example_xcom.py
[2024-12-09T21:57:09.719+0000] {logging_mixin.py:188} INFO - [2024-12-09T21:57:09.719+0000] {dag.py:3047} INFO - Sync 1 DAGs
[2024-12-09T21:57:09.736+0000] {logging_mixin.py:188} INFO - [2024-12-09T21:57:09.736+0000] {dag.py:3834} INFO - Setting next_dagrun for example_xcom to 2021-01-01 00:00:00+00:00, run_after=2021-01-01 00:00:00+00:00
[2024-12-09T21:57:09.757+0000] {processor.py:183} INFO - Processing /home/airflow/.local/lib/python3.10/site-packages/airflow/example_dags/example_xcom.py took 0.074 seconds
[2024-12-09T21:57:55.038+0000] {processor.py:161} INFO - Started process (PID=2446) to work on /home/airflow/.local/lib/python3.10/site-packages/airflow/example_dags/example_xcom.py
[2024-12-09T21:57:55.040+0000] {processor.py:830} INFO - Processing file /home/airflow/.local/lib/python3.10/site-packages/airflow/example_dags/example_xcom.py for tasks to queue
[2024-12-09T21:57:55.042+0000] {logging_mixin.py:188} INFO - [2024-12-09T21:57:55.042+0000] {dagbag.py:540} INFO - Filling up the DagBag from /home/airflow/.local/lib/python3.10/site-packages/airflow/example_dags/example_xcom.py
[2024-12-09T21:57:55.051+0000] {processor.py:840} INFO - DAG(s) 'example_xcom' retrieved from /home/airflow/.local/lib/python3.10/site-packages/airflow/example_dags/example_xcom.py
[2024-12-09T21:57:55.074+0000] {logging_mixin.py:188} INFO - [2024-12-09T21:57:55.074+0000] {dag.py:3047} INFO - Sync 1 DAGs
[2024-12-09T21:57:55.095+0000] {logging_mixin.py:188} INFO - [2024-12-09T21:57:55.095+0000] {dag.py:3834} INFO - Setting next_dagrun for example_xcom to 2021-01-01 00:00:00+00:00, run_after=2021-01-01 00:00:00+00:00
[2024-12-09T21:57:55.117+0000] {processor.py:183} INFO - Processing /home/airflow/.local/lib/python3.10/site-packages/airflow/example_dags/example_xcom.py took 0.083 seconds
[2024-12-09T21:58:25.485+0000] {processor.py:161} INFO - Started process (PID=2501) to work on /home/airflow/.local/lib/python3.10/site-packages/airflow/example_dags/example_xcom.py
[2024-12-09T21:58:25.486+0000] {processor.py:830} INFO - Processing file /home/airflow/.local/lib/python3.10/site-packages/airflow/example_dags/example_xcom.py for tasks to queue
[2024-12-09T21:58:25.488+0000] {logging_mixin.py:188} INFO - [2024-12-09T21:58:25.488+0000] {dagbag.py:540} INFO - Filling up the DagBag from /home/airflow/.local/lib/python3.10/site-packages/airflow/example_dags/example_xcom.py
[2024-12-09T21:58:25.495+0000] {processor.py:840} INFO - DAG(s) 'example_xcom' retrieved from /home/airflow/.local/lib/python3.10/site-packages/airflow/example_dags/example_xcom.py
[2024-12-09T21:58:25.515+0000] {logging_mixin.py:188} INFO - [2024-12-09T21:58:25.515+0000] {dag.py:3047} INFO - Sync 1 DAGs
[2024-12-09T21:58:25.534+0000] {logging_mixin.py:188} INFO - [2024-12-09T21:58:25.534+0000] {dag.py:3834} INFO - Setting next_dagrun for example_xcom to 2021-01-01 00:00:00+00:00, run_after=2021-01-01 00:00:00+00:00
[2024-12-09T21:58:25.554+0000] {processor.py:183} INFO - Processing /home/airflow/.local/lib/python3.10/site-packages/airflow/example_dags/example_xcom.py took 0.073 seconds
[2024-12-09T21:58:56.422+0000] {processor.py:161} INFO - Started process (PID=2556) to work on /home/airflow/.local/lib/python3.10/site-packages/airflow/example_dags/example_xcom.py
[2024-12-09T21:58:56.423+0000] {processor.py:830} INFO - Processing file /home/airflow/.local/lib/python3.10/site-packages/airflow/example_dags/example_xcom.py for tasks to queue
[2024-12-09T21:58:56.426+0000] {logging_mixin.py:188} INFO - [2024-12-09T21:58:56.425+0000] {dagbag.py:540} INFO - Filling up the DagBag from /home/airflow/.local/lib/python3.10/site-packages/airflow/example_dags/example_xcom.py
[2024-12-09T21:58:56.433+0000] {processor.py:840} INFO - DAG(s) 'example_xcom' retrieved from /home/airflow/.local/lib/python3.10/site-packages/airflow/example_dags/example_xcom.py
[2024-12-09T21:58:56.453+0000] {logging_mixin.py:188} INFO - [2024-12-09T21:58:56.453+0000] {dag.py:3047} INFO - Sync 1 DAGs
[2024-12-09T21:58:56.472+0000] {logging_mixin.py:188} INFO - [2024-12-09T21:58:56.472+0000] {dag.py:3834} INFO - Setting next_dagrun for example_xcom to 2021-01-01 00:00:00+00:00, run_after=2021-01-01 00:00:00+00:00
[2024-12-09T21:58:56.493+0000] {processor.py:183} INFO - Processing /home/airflow/.local/lib/python3.10/site-packages/airflow/example_dags/example_xcom.py took 0.075 seconds
[2024-12-09T21:59:27.399+0000] {processor.py:161} INFO - Started process (PID=2612) to work on /home/airflow/.local/lib/python3.10/site-packages/airflow/example_dags/example_xcom.py
[2024-12-09T21:59:27.401+0000] {processor.py:830} INFO - Processing file /home/airflow/.local/lib/python3.10/site-packages/airflow/example_dags/example_xcom.py for tasks to queue
[2024-12-09T21:59:27.403+0000] {logging_mixin.py:188} INFO - [2024-12-09T21:59:27.403+0000] {dagbag.py:540} INFO - Filling up the DagBag from /home/airflow/.local/lib/python3.10/site-packages/airflow/example_dags/example_xcom.py
[2024-12-09T21:59:27.411+0000] {processor.py:840} INFO - DAG(s) 'example_xcom' retrieved from /home/airflow/.local/lib/python3.10/site-packages/airflow/example_dags/example_xcom.py
[2024-12-09T21:59:27.434+0000] {logging_mixin.py:188} INFO - [2024-12-09T21:59:27.433+0000] {dag.py:3047} INFO - Sync 1 DAGs
[2024-12-09T21:59:27.451+0000] {logging_mixin.py:188} INFO - [2024-12-09T21:59:27.451+0000] {dag.py:3834} INFO - Setting next_dagrun for example_xcom to 2021-01-01 00:00:00+00:00, run_after=2021-01-01 00:00:00+00:00
[2024-12-09T21:59:27.472+0000] {processor.py:183} INFO - Processing /home/airflow/.local/lib/python3.10/site-packages/airflow/example_dags/example_xcom.py took 0.078 seconds
[2024-12-09T21:59:57.549+0000] {processor.py:161} INFO - Started process (PID=2667) to work on /home/airflow/.local/lib/python3.10/site-packages/airflow/example_dags/example_xcom.py
[2024-12-09T21:59:57.550+0000] {processor.py:830} INFO - Processing file /home/airflow/.local/lib/python3.10/site-packages/airflow/example_dags/example_xcom.py for tasks to queue
[2024-12-09T21:59:57.553+0000] {logging_mixin.py:188} INFO - [2024-12-09T21:59:57.552+0000] {dagbag.py:540} INFO - Filling up the DagBag from /home/airflow/.local/lib/python3.10/site-packages/airflow/example_dags/example_xcom.py
[2024-12-09T21:59:57.560+0000] {processor.py:840} INFO - DAG(s) 'example_xcom' retrieved from /home/airflow/.local/lib/python3.10/site-packages/airflow/example_dags/example_xcom.py
[2024-12-09T21:59:57.580+0000] {logging_mixin.py:188} INFO - [2024-12-09T21:59:57.580+0000] {dag.py:3047} INFO - Sync 1 DAGs
[2024-12-09T21:59:57.597+0000] {logging_mixin.py:188} INFO - [2024-12-09T21:59:57.597+0000] {dag.py:3834} INFO - Setting next_dagrun for example_xcom to 2021-01-01 00:00:00+00:00, run_after=2021-01-01 00:00:00+00:00
[2024-12-09T21:59:57.618+0000] {processor.py:183} INFO - Processing /home/airflow/.local/lib/python3.10/site-packages/airflow/example_dags/example_xcom.py took 0.072 seconds
[2024-12-09T23:00:45.280+0000] {processor.py:161} INFO - Started process (PID=2723) to work on /home/airflow/.local/lib/python3.10/site-packages/airflow/example_dags/example_xcom.py
[2024-12-09T23:00:45.282+0000] {processor.py:830} INFO - Processing file /home/airflow/.local/lib/python3.10/site-packages/airflow/example_dags/example_xcom.py for tasks to queue
[2024-12-09T23:00:45.286+0000] {logging_mixin.py:188} INFO - [2024-12-09T23:00:45.285+0000] {dagbag.py:540} INFO - Filling up the DagBag from /home/airflow/.local/lib/python3.10/site-packages/airflow/example_dags/example_xcom.py
[2024-12-09T23:00:45.308+0000] {processor.py:840} INFO - DAG(s) 'example_xcom' retrieved from /home/airflow/.local/lib/python3.10/site-packages/airflow/example_dags/example_xcom.py
[2024-12-09T23:00:45.364+0000] {logging_mixin.py:188} INFO - [2024-12-09T23:00:45.363+0000] {dag.py:3047} INFO - Sync 1 DAGs
[2024-12-09T23:00:45.401+0000] {logging_mixin.py:188} INFO - [2024-12-09T23:00:45.401+0000] {dag.py:3834} INFO - Setting next_dagrun for example_xcom to 2021-01-01 00:00:00+00:00, run_after=2021-01-01 00:00:00+00:00
[2024-12-09T23:00:45.434+0000] {processor.py:183} INFO - Processing /home/airflow/.local/lib/python3.10/site-packages/airflow/example_dags/example_xcom.py took 0.170 seconds
