[2024-12-09T13:35:41.613+0000] {processor.py:161} INFO - Started process (PID=74) to work on /home/airflow/.local/lib/python3.10/site-packages/airflow/example_dags/example_nested_branch_dag.py
[2024-12-09T13:35:41.638+0000] {processor.py:830} INFO - Processing file /home/airflow/.local/lib/python3.10/site-packages/airflow/example_dags/example_nested_branch_dag.py for tasks to queue
[2024-12-09T13:35:41.666+0000] {logging_mixin.py:188} INFO - [2024-12-09T13:35:41.664+0000] {dagbag.py:540} INFO - Filling up the DagBag from /home/airflow/.local/lib/python3.10/site-packages/airflow/example_dags/example_nested_branch_dag.py
[2024-12-09T13:35:42.101+0000] {processor.py:840} INFO - DAG(s) 'example_nested_branch_dag' retrieved from /home/airflow/.local/lib/python3.10/site-packages/airflow/example_dags/example_nested_branch_dag.py
[2024-12-09T13:35:42.466+0000] {logging_mixin.py:188} INFO - [2024-12-09T13:35:42.466+0000] {dag.py:3047} INFO - Sync 1 DAGs
[2024-12-09T13:35:42.609+0000] {logging_mixin.py:188} INFO - [2024-12-09T13:35:42.608+0000] {dag.py:3834} INFO - Setting next_dagrun for example_nested_branch_dag to 2024-12-08 00:00:00+00:00, run_after=2024-12-09 00:00:00+00:00
[2024-12-09T13:35:42.716+0000] {processor.py:183} INFO - Processing /home/airflow/.local/lib/python3.10/site-packages/airflow/example_dags/example_nested_branch_dag.py took 1.209 seconds
[2024-12-09T20:37:20.457+0000] {processor.py:161} INFO - Started process (PID=74) to work on /home/airflow/.local/lib/python3.10/site-packages/airflow/example_dags/example_nested_branch_dag.py
[2024-12-09T20:37:20.515+0000] {processor.py:830} INFO - Processing file /home/airflow/.local/lib/python3.10/site-packages/airflow/example_dags/example_nested_branch_dag.py for tasks to queue
[2024-12-09T20:37:20.548+0000] {logging_mixin.py:188} INFO - [2024-12-09T20:37:20.547+0000] {dagbag.py:540} INFO - Filling up the DagBag from /home/airflow/.local/lib/python3.10/site-packages/airflow/example_dags/example_nested_branch_dag.py
[2024-12-09T20:37:20.746+0000] {processor.py:840} INFO - DAG(s) 'example_nested_branch_dag' retrieved from /home/airflow/.local/lib/python3.10/site-packages/airflow/example_dags/example_nested_branch_dag.py
[2024-12-09T20:37:20.959+0000] {logging_mixin.py:188} INFO - [2024-12-09T20:37:20.958+0000] {dag.py:3047} INFO - Sync 1 DAGs
[2024-12-09T20:37:21.202+0000] {logging_mixin.py:188} INFO - [2024-12-09T20:37:21.202+0000] {dag.py:3834} INFO - Setting next_dagrun for example_nested_branch_dag to 2024-12-08 00:00:00+00:00, run_after=2024-12-09 00:00:00+00:00
[2024-12-09T20:37:21.322+0000] {processor.py:183} INFO - Processing /home/airflow/.local/lib/python3.10/site-packages/airflow/example_dags/example_nested_branch_dag.py took 0.921 seconds
[2024-12-09T20:37:51.579+0000] {processor.py:161} INFO - Started process (PID=130) to work on /home/airflow/.local/lib/python3.10/site-packages/airflow/example_dags/example_nested_branch_dag.py
[2024-12-09T20:37:51.581+0000] {processor.py:830} INFO - Processing file /home/airflow/.local/lib/python3.10/site-packages/airflow/example_dags/example_nested_branch_dag.py for tasks to queue
[2024-12-09T20:37:51.585+0000] {logging_mixin.py:188} INFO - [2024-12-09T20:37:51.584+0000] {dagbag.py:540} INFO - Filling up the DagBag from /home/airflow/.local/lib/python3.10/site-packages/airflow/example_dags/example_nested_branch_dag.py
[2024-12-09T20:37:51.618+0000] {processor.py:840} INFO - DAG(s) 'example_nested_branch_dag' retrieved from /home/airflow/.local/lib/python3.10/site-packages/airflow/example_dags/example_nested_branch_dag.py
[2024-12-09T20:37:51.672+0000] {logging_mixin.py:188} INFO - [2024-12-09T20:37:51.672+0000] {dag.py:3047} INFO - Sync 1 DAGs
[2024-12-09T20:37:51.725+0000] {logging_mixin.py:188} INFO - [2024-12-09T20:37:51.725+0000] {dag.py:3834} INFO - Setting next_dagrun for example_nested_branch_dag to 2024-12-08 00:00:00+00:00, run_after=2024-12-09 00:00:00+00:00
[2024-12-09T20:37:51.763+0000] {processor.py:183} INFO - Processing /home/airflow/.local/lib/python3.10/site-packages/airflow/example_dags/example_nested_branch_dag.py took 0.192 seconds
[2024-12-09T20:38:22.320+0000] {processor.py:161} INFO - Started process (PID=186) to work on /home/airflow/.local/lib/python3.10/site-packages/airflow/example_dags/example_nested_branch_dag.py
[2024-12-09T20:38:22.323+0000] {processor.py:830} INFO - Processing file /home/airflow/.local/lib/python3.10/site-packages/airflow/example_dags/example_nested_branch_dag.py for tasks to queue
[2024-12-09T20:38:22.325+0000] {logging_mixin.py:188} INFO - [2024-12-09T20:38:22.325+0000] {dagbag.py:540} INFO - Filling up the DagBag from /home/airflow/.local/lib/python3.10/site-packages/airflow/example_dags/example_nested_branch_dag.py
[2024-12-09T20:38:22.334+0000] {processor.py:840} INFO - DAG(s) 'example_nested_branch_dag' retrieved from /home/airflow/.local/lib/python3.10/site-packages/airflow/example_dags/example_nested_branch_dag.py
[2024-12-09T20:38:22.356+0000] {logging_mixin.py:188} INFO - [2024-12-09T20:38:22.356+0000] {dag.py:3047} INFO - Sync 1 DAGs
[2024-12-09T20:38:22.376+0000] {logging_mixin.py:188} INFO - [2024-12-09T20:38:22.376+0000] {dag.py:3834} INFO - Setting next_dagrun for example_nested_branch_dag to 2024-12-08 00:00:00+00:00, run_after=2024-12-09 00:00:00+00:00
[2024-12-09T20:38:22.395+0000] {processor.py:183} INFO - Processing /home/airflow/.local/lib/python3.10/site-packages/airflow/example_dags/example_nested_branch_dag.py took 0.079 seconds
[2024-12-09T20:38:52.809+0000] {processor.py:161} INFO - Started process (PID=242) to work on /home/airflow/.local/lib/python3.10/site-packages/airflow/example_dags/example_nested_branch_dag.py
[2024-12-09T20:38:52.810+0000] {processor.py:830} INFO - Processing file /home/airflow/.local/lib/python3.10/site-packages/airflow/example_dags/example_nested_branch_dag.py for tasks to queue
[2024-12-09T20:38:52.812+0000] {logging_mixin.py:188} INFO - [2024-12-09T20:38:52.812+0000] {dagbag.py:540} INFO - Filling up the DagBag from /home/airflow/.local/lib/python3.10/site-packages/airflow/example_dags/example_nested_branch_dag.py
[2024-12-09T20:38:52.822+0000] {processor.py:840} INFO - DAG(s) 'example_nested_branch_dag' retrieved from /home/airflow/.local/lib/python3.10/site-packages/airflow/example_dags/example_nested_branch_dag.py
[2024-12-09T20:38:52.845+0000] {logging_mixin.py:188} INFO - [2024-12-09T20:38:52.845+0000] {dag.py:3047} INFO - Sync 1 DAGs
[2024-12-09T20:38:52.870+0000] {logging_mixin.py:188} INFO - [2024-12-09T20:38:52.869+0000] {dag.py:3834} INFO - Setting next_dagrun for example_nested_branch_dag to 2024-12-08 00:00:00+00:00, run_after=2024-12-09 00:00:00+00:00
[2024-12-09T20:38:52.891+0000] {processor.py:183} INFO - Processing /home/airflow/.local/lib/python3.10/site-packages/airflow/example_dags/example_nested_branch_dag.py took 0.085 seconds
[2024-12-09T20:39:23.180+0000] {processor.py:161} INFO - Started process (PID=298) to work on /home/airflow/.local/lib/python3.10/site-packages/airflow/example_dags/example_nested_branch_dag.py
[2024-12-09T20:39:23.181+0000] {processor.py:830} INFO - Processing file /home/airflow/.local/lib/python3.10/site-packages/airflow/example_dags/example_nested_branch_dag.py for tasks to queue
[2024-12-09T20:39:23.183+0000] {logging_mixin.py:188} INFO - [2024-12-09T20:39:23.182+0000] {dagbag.py:540} INFO - Filling up the DagBag from /home/airflow/.local/lib/python3.10/site-packages/airflow/example_dags/example_nested_branch_dag.py
[2024-12-09T20:39:23.191+0000] {processor.py:840} INFO - DAG(s) 'example_nested_branch_dag' retrieved from /home/airflow/.local/lib/python3.10/site-packages/airflow/example_dags/example_nested_branch_dag.py
[2024-12-09T20:39:23.213+0000] {logging_mixin.py:188} INFO - [2024-12-09T20:39:23.213+0000] {dag.py:3047} INFO - Sync 1 DAGs
[2024-12-09T20:39:23.234+0000] {logging_mixin.py:188} INFO - [2024-12-09T20:39:23.233+0000] {dag.py:3834} INFO - Setting next_dagrun for example_nested_branch_dag to 2024-12-08 00:00:00+00:00, run_after=2024-12-09 00:00:00+00:00
[2024-12-09T20:39:23.251+0000] {processor.py:183} INFO - Processing /home/airflow/.local/lib/python3.10/site-packages/airflow/example_dags/example_nested_branch_dag.py took 0.074 seconds
[2024-12-09T20:39:53.797+0000] {processor.py:161} INFO - Started process (PID=353) to work on /home/airflow/.local/lib/python3.10/site-packages/airflow/example_dags/example_nested_branch_dag.py
[2024-12-09T20:39:53.798+0000] {processor.py:830} INFO - Processing file /home/airflow/.local/lib/python3.10/site-packages/airflow/example_dags/example_nested_branch_dag.py for tasks to queue
[2024-12-09T20:39:53.800+0000] {logging_mixin.py:188} INFO - [2024-12-09T20:39:53.800+0000] {dagbag.py:540} INFO - Filling up the DagBag from /home/airflow/.local/lib/python3.10/site-packages/airflow/example_dags/example_nested_branch_dag.py
[2024-12-09T20:39:53.813+0000] {processor.py:840} INFO - DAG(s) 'example_nested_branch_dag' retrieved from /home/airflow/.local/lib/python3.10/site-packages/airflow/example_dags/example_nested_branch_dag.py
[2024-12-09T20:39:53.836+0000] {logging_mixin.py:188} INFO - [2024-12-09T20:39:53.836+0000] {dag.py:3047} INFO - Sync 1 DAGs
[2024-12-09T20:39:53.860+0000] {logging_mixin.py:188} INFO - [2024-12-09T20:39:53.859+0000] {dag.py:3834} INFO - Setting next_dagrun for example_nested_branch_dag to 2024-12-08 00:00:00+00:00, run_after=2024-12-09 00:00:00+00:00
[2024-12-09T20:39:53.884+0000] {processor.py:183} INFO - Processing /home/airflow/.local/lib/python3.10/site-packages/airflow/example_dags/example_nested_branch_dag.py took 0.090 seconds
[2024-12-09T20:40:24.458+0000] {processor.py:161} INFO - Started process (PID=408) to work on /home/airflow/.local/lib/python3.10/site-packages/airflow/example_dags/example_nested_branch_dag.py
[2024-12-09T20:40:24.459+0000] {processor.py:830} INFO - Processing file /home/airflow/.local/lib/python3.10/site-packages/airflow/example_dags/example_nested_branch_dag.py for tasks to queue
[2024-12-09T20:40:24.462+0000] {logging_mixin.py:188} INFO - [2024-12-09T20:40:24.461+0000] {dagbag.py:540} INFO - Filling up the DagBag from /home/airflow/.local/lib/python3.10/site-packages/airflow/example_dags/example_nested_branch_dag.py
[2024-12-09T20:40:24.473+0000] {processor.py:840} INFO - DAG(s) 'example_nested_branch_dag' retrieved from /home/airflow/.local/lib/python3.10/site-packages/airflow/example_dags/example_nested_branch_dag.py
[2024-12-09T20:40:24.498+0000] {logging_mixin.py:188} INFO - [2024-12-09T20:40:24.498+0000] {dag.py:3047} INFO - Sync 1 DAGs
[2024-12-09T20:40:24.524+0000] {logging_mixin.py:188} INFO - [2024-12-09T20:40:24.524+0000] {dag.py:3834} INFO - Setting next_dagrun for example_nested_branch_dag to 2024-12-08 00:00:00+00:00, run_after=2024-12-09 00:00:00+00:00
[2024-12-09T20:40:24.545+0000] {processor.py:183} INFO - Processing /home/airflow/.local/lib/python3.10/site-packages/airflow/example_dags/example_nested_branch_dag.py took 0.092 seconds
[2024-12-09T20:40:55.348+0000] {processor.py:161} INFO - Started process (PID=464) to work on /home/airflow/.local/lib/python3.10/site-packages/airflow/example_dags/example_nested_branch_dag.py
[2024-12-09T20:40:55.350+0000] {processor.py:830} INFO - Processing file /home/airflow/.local/lib/python3.10/site-packages/airflow/example_dags/example_nested_branch_dag.py for tasks to queue
[2024-12-09T20:40:55.352+0000] {logging_mixin.py:188} INFO - [2024-12-09T20:40:55.352+0000] {dagbag.py:540} INFO - Filling up the DagBag from /home/airflow/.local/lib/python3.10/site-packages/airflow/example_dags/example_nested_branch_dag.py
[2024-12-09T20:40:55.364+0000] {processor.py:840} INFO - DAG(s) 'example_nested_branch_dag' retrieved from /home/airflow/.local/lib/python3.10/site-packages/airflow/example_dags/example_nested_branch_dag.py
[2024-12-09T20:40:55.389+0000] {logging_mixin.py:188} INFO - [2024-12-09T20:40:55.388+0000] {dag.py:3047} INFO - Sync 1 DAGs
[2024-12-09T20:40:55.414+0000] {logging_mixin.py:188} INFO - [2024-12-09T20:40:55.413+0000] {dag.py:3834} INFO - Setting next_dagrun for example_nested_branch_dag to 2024-12-08 00:00:00+00:00, run_after=2024-12-09 00:00:00+00:00
[2024-12-09T20:40:55.434+0000] {processor.py:183} INFO - Processing /home/airflow/.local/lib/python3.10/site-packages/airflow/example_dags/example_nested_branch_dag.py took 0.090 seconds
[2024-12-09T20:41:25.504+0000] {processor.py:161} INFO - Started process (PID=519) to work on /home/airflow/.local/lib/python3.10/site-packages/airflow/example_dags/example_nested_branch_dag.py
[2024-12-09T20:41:25.505+0000] {processor.py:830} INFO - Processing file /home/airflow/.local/lib/python3.10/site-packages/airflow/example_dags/example_nested_branch_dag.py for tasks to queue
[2024-12-09T20:41:25.508+0000] {logging_mixin.py:188} INFO - [2024-12-09T20:41:25.507+0000] {dagbag.py:540} INFO - Filling up the DagBag from /home/airflow/.local/lib/python3.10/site-packages/airflow/example_dags/example_nested_branch_dag.py
[2024-12-09T20:41:25.519+0000] {processor.py:840} INFO - DAG(s) 'example_nested_branch_dag' retrieved from /home/airflow/.local/lib/python3.10/site-packages/airflow/example_dags/example_nested_branch_dag.py
[2024-12-09T20:41:25.541+0000] {logging_mixin.py:188} INFO - [2024-12-09T20:41:25.540+0000] {dag.py:3047} INFO - Sync 1 DAGs
[2024-12-09T20:41:25.561+0000] {logging_mixin.py:188} INFO - [2024-12-09T20:41:25.561+0000] {dag.py:3834} INFO - Setting next_dagrun for example_nested_branch_dag to 2024-12-08 00:00:00+00:00, run_after=2024-12-09 00:00:00+00:00
[2024-12-09T20:41:25.583+0000] {processor.py:183} INFO - Processing /home/airflow/.local/lib/python3.10/site-packages/airflow/example_dags/example_nested_branch_dag.py took 0.082 seconds
[2024-12-09T20:41:56.043+0000] {processor.py:161} INFO - Started process (PID=574) to work on /home/airflow/.local/lib/python3.10/site-packages/airflow/example_dags/example_nested_branch_dag.py
[2024-12-09T20:41:56.045+0000] {processor.py:830} INFO - Processing file /home/airflow/.local/lib/python3.10/site-packages/airflow/example_dags/example_nested_branch_dag.py for tasks to queue
[2024-12-09T20:41:56.047+0000] {logging_mixin.py:188} INFO - [2024-12-09T20:41:56.046+0000] {dagbag.py:540} INFO - Filling up the DagBag from /home/airflow/.local/lib/python3.10/site-packages/airflow/example_dags/example_nested_branch_dag.py
[2024-12-09T20:41:56.056+0000] {processor.py:840} INFO - DAG(s) 'example_nested_branch_dag' retrieved from /home/airflow/.local/lib/python3.10/site-packages/airflow/example_dags/example_nested_branch_dag.py
[2024-12-09T20:41:56.079+0000] {logging_mixin.py:188} INFO - [2024-12-09T20:41:56.079+0000] {dag.py:3047} INFO - Sync 1 DAGs
[2024-12-09T20:41:56.102+0000] {logging_mixin.py:188} INFO - [2024-12-09T20:41:56.101+0000] {dag.py:3834} INFO - Setting next_dagrun for example_nested_branch_dag to 2024-12-08 00:00:00+00:00, run_after=2024-12-09 00:00:00+00:00
[2024-12-09T20:41:56.124+0000] {processor.py:183} INFO - Processing /home/airflow/.local/lib/python3.10/site-packages/airflow/example_dags/example_nested_branch_dag.py took 0.083 seconds
[2024-12-09T20:42:26.310+0000] {processor.py:161} INFO - Started process (PID=630) to work on /home/airflow/.local/lib/python3.10/site-packages/airflow/example_dags/example_nested_branch_dag.py
[2024-12-09T20:42:26.312+0000] {processor.py:830} INFO - Processing file /home/airflow/.local/lib/python3.10/site-packages/airflow/example_dags/example_nested_branch_dag.py for tasks to queue
[2024-12-09T20:42:26.314+0000] {logging_mixin.py:188} INFO - [2024-12-09T20:42:26.313+0000] {dagbag.py:540} INFO - Filling up the DagBag from /home/airflow/.local/lib/python3.10/site-packages/airflow/example_dags/example_nested_branch_dag.py
[2024-12-09T20:42:26.323+0000] {processor.py:840} INFO - DAG(s) 'example_nested_branch_dag' retrieved from /home/airflow/.local/lib/python3.10/site-packages/airflow/example_dags/example_nested_branch_dag.py
[2024-12-09T20:42:26.347+0000] {logging_mixin.py:188} INFO - [2024-12-09T20:42:26.346+0000] {dag.py:3047} INFO - Sync 1 DAGs
[2024-12-09T20:42:26.370+0000] {logging_mixin.py:188} INFO - [2024-12-09T20:42:26.369+0000] {dag.py:3834} INFO - Setting next_dagrun for example_nested_branch_dag to 2024-12-08 00:00:00+00:00, run_after=2024-12-09 00:00:00+00:00
[2024-12-09T20:42:26.393+0000] {processor.py:183} INFO - Processing /home/airflow/.local/lib/python3.10/site-packages/airflow/example_dags/example_nested_branch_dag.py took 0.087 seconds
[2024-12-09T20:42:56.605+0000] {processor.py:161} INFO - Started process (PID=686) to work on /home/airflow/.local/lib/python3.10/site-packages/airflow/example_dags/example_nested_branch_dag.py
[2024-12-09T20:42:56.606+0000] {processor.py:830} INFO - Processing file /home/airflow/.local/lib/python3.10/site-packages/airflow/example_dags/example_nested_branch_dag.py for tasks to queue
[2024-12-09T20:42:56.608+0000] {logging_mixin.py:188} INFO - [2024-12-09T20:42:56.608+0000] {dagbag.py:540} INFO - Filling up the DagBag from /home/airflow/.local/lib/python3.10/site-packages/airflow/example_dags/example_nested_branch_dag.py
[2024-12-09T20:42:56.616+0000] {processor.py:840} INFO - DAG(s) 'example_nested_branch_dag' retrieved from /home/airflow/.local/lib/python3.10/site-packages/airflow/example_dags/example_nested_branch_dag.py
[2024-12-09T20:42:56.639+0000] {logging_mixin.py:188} INFO - [2024-12-09T20:42:56.639+0000] {dag.py:3047} INFO - Sync 1 DAGs
[2024-12-09T20:42:56.660+0000] {logging_mixin.py:188} INFO - [2024-12-09T20:42:56.660+0000] {dag.py:3834} INFO - Setting next_dagrun for example_nested_branch_dag to 2024-12-08 00:00:00+00:00, run_after=2024-12-09 00:00:00+00:00
[2024-12-09T20:42:56.679+0000] {processor.py:183} INFO - Processing /home/airflow/.local/lib/python3.10/site-packages/airflow/example_dags/example_nested_branch_dag.py took 0.077 seconds
[2024-12-09T20:43:26.783+0000] {processor.py:161} INFO - Started process (PID=741) to work on /home/airflow/.local/lib/python3.10/site-packages/airflow/example_dags/example_nested_branch_dag.py
[2024-12-09T20:43:26.784+0000] {processor.py:830} INFO - Processing file /home/airflow/.local/lib/python3.10/site-packages/airflow/example_dags/example_nested_branch_dag.py for tasks to queue
[2024-12-09T20:43:26.786+0000] {logging_mixin.py:188} INFO - [2024-12-09T20:43:26.786+0000] {dagbag.py:540} INFO - Filling up the DagBag from /home/airflow/.local/lib/python3.10/site-packages/airflow/example_dags/example_nested_branch_dag.py
[2024-12-09T20:43:26.797+0000] {processor.py:840} INFO - DAG(s) 'example_nested_branch_dag' retrieved from /home/airflow/.local/lib/python3.10/site-packages/airflow/example_dags/example_nested_branch_dag.py
[2024-12-09T20:43:26.821+0000] {logging_mixin.py:188} INFO - [2024-12-09T20:43:26.821+0000] {dag.py:3047} INFO - Sync 1 DAGs
[2024-12-09T20:43:26.845+0000] {logging_mixin.py:188} INFO - [2024-12-09T20:43:26.845+0000] {dag.py:3834} INFO - Setting next_dagrun for example_nested_branch_dag to 2024-12-08 00:00:00+00:00, run_after=2024-12-09 00:00:00+00:00
[2024-12-09T20:43:26.867+0000] {processor.py:183} INFO - Processing /home/airflow/.local/lib/python3.10/site-packages/airflow/example_dags/example_nested_branch_dag.py took 0.088 seconds
[2024-12-09T20:43:56.936+0000] {processor.py:161} INFO - Started process (PID=797) to work on /home/airflow/.local/lib/python3.10/site-packages/airflow/example_dags/example_nested_branch_dag.py
[2024-12-09T20:43:56.937+0000] {processor.py:830} INFO - Processing file /home/airflow/.local/lib/python3.10/site-packages/airflow/example_dags/example_nested_branch_dag.py for tasks to queue
[2024-12-09T20:43:56.939+0000] {logging_mixin.py:188} INFO - [2024-12-09T20:43:56.939+0000] {dagbag.py:540} INFO - Filling up the DagBag from /home/airflow/.local/lib/python3.10/site-packages/airflow/example_dags/example_nested_branch_dag.py
[2024-12-09T20:43:56.948+0000] {processor.py:840} INFO - DAG(s) 'example_nested_branch_dag' retrieved from /home/airflow/.local/lib/python3.10/site-packages/airflow/example_dags/example_nested_branch_dag.py
[2024-12-09T20:43:56.970+0000] {logging_mixin.py:188} INFO - [2024-12-09T20:43:56.970+0000] {dag.py:3047} INFO - Sync 1 DAGs
[2024-12-09T20:43:56.991+0000] {logging_mixin.py:188} INFO - [2024-12-09T20:43:56.991+0000] {dag.py:3834} INFO - Setting next_dagrun for example_nested_branch_dag to 2024-12-08 00:00:00+00:00, run_after=2024-12-09 00:00:00+00:00
[2024-12-09T20:43:57.012+0000] {processor.py:183} INFO - Processing /home/airflow/.local/lib/python3.10/site-packages/airflow/example_dags/example_nested_branch_dag.py took 0.079 seconds
[2024-12-09T20:44:27.712+0000] {processor.py:161} INFO - Started process (PID=853) to work on /home/airflow/.local/lib/python3.10/site-packages/airflow/example_dags/example_nested_branch_dag.py
[2024-12-09T20:44:27.714+0000] {processor.py:830} INFO - Processing file /home/airflow/.local/lib/python3.10/site-packages/airflow/example_dags/example_nested_branch_dag.py for tasks to queue
[2024-12-09T20:44:27.716+0000] {logging_mixin.py:188} INFO - [2024-12-09T20:44:27.715+0000] {dagbag.py:540} INFO - Filling up the DagBag from /home/airflow/.local/lib/python3.10/site-packages/airflow/example_dags/example_nested_branch_dag.py
[2024-12-09T20:44:27.726+0000] {processor.py:840} INFO - DAG(s) 'example_nested_branch_dag' retrieved from /home/airflow/.local/lib/python3.10/site-packages/airflow/example_dags/example_nested_branch_dag.py
[2024-12-09T20:44:27.749+0000] {logging_mixin.py:188} INFO - [2024-12-09T20:44:27.749+0000] {dag.py:3047} INFO - Sync 1 DAGs
[2024-12-09T20:44:27.778+0000] {logging_mixin.py:188} INFO - [2024-12-09T20:44:27.777+0000] {dag.py:3834} INFO - Setting next_dagrun for example_nested_branch_dag to 2024-12-08 00:00:00+00:00, run_after=2024-12-09 00:00:00+00:00
[2024-12-09T20:44:27.801+0000] {processor.py:183} INFO - Processing /home/airflow/.local/lib/python3.10/site-packages/airflow/example_dags/example_nested_branch_dag.py took 0.092 seconds
[2024-12-09T20:44:58.884+0000] {processor.py:161} INFO - Started process (PID=909) to work on /home/airflow/.local/lib/python3.10/site-packages/airflow/example_dags/example_nested_branch_dag.py
[2024-12-09T20:44:58.885+0000] {processor.py:830} INFO - Processing file /home/airflow/.local/lib/python3.10/site-packages/airflow/example_dags/example_nested_branch_dag.py for tasks to queue
[2024-12-09T20:44:58.887+0000] {logging_mixin.py:188} INFO - [2024-12-09T20:44:58.887+0000] {dagbag.py:540} INFO - Filling up the DagBag from /home/airflow/.local/lib/python3.10/site-packages/airflow/example_dags/example_nested_branch_dag.py
[2024-12-09T20:44:58.896+0000] {processor.py:840} INFO - DAG(s) 'example_nested_branch_dag' retrieved from /home/airflow/.local/lib/python3.10/site-packages/airflow/example_dags/example_nested_branch_dag.py
[2024-12-09T20:44:58.918+0000] {logging_mixin.py:188} INFO - [2024-12-09T20:44:58.918+0000] {dag.py:3047} INFO - Sync 1 DAGs
[2024-12-09T20:44:58.938+0000] {logging_mixin.py:188} INFO - [2024-12-09T20:44:58.938+0000] {dag.py:3834} INFO - Setting next_dagrun for example_nested_branch_dag to 2024-12-08 00:00:00+00:00, run_after=2024-12-09 00:00:00+00:00
[2024-12-09T20:44:58.958+0000] {processor.py:183} INFO - Processing /home/airflow/.local/lib/python3.10/site-packages/airflow/example_dags/example_nested_branch_dag.py took 0.077 seconds
[2024-12-09T20:45:29.069+0000] {processor.py:161} INFO - Started process (PID=965) to work on /home/airflow/.local/lib/python3.10/site-packages/airflow/example_dags/example_nested_branch_dag.py
[2024-12-09T20:45:29.070+0000] {processor.py:830} INFO - Processing file /home/airflow/.local/lib/python3.10/site-packages/airflow/example_dags/example_nested_branch_dag.py for tasks to queue
[2024-12-09T20:45:29.073+0000] {logging_mixin.py:188} INFO - [2024-12-09T20:45:29.072+0000] {dagbag.py:540} INFO - Filling up the DagBag from /home/airflow/.local/lib/python3.10/site-packages/airflow/example_dags/example_nested_branch_dag.py
[2024-12-09T20:45:29.083+0000] {processor.py:840} INFO - DAG(s) 'example_nested_branch_dag' retrieved from /home/airflow/.local/lib/python3.10/site-packages/airflow/example_dags/example_nested_branch_dag.py
[2024-12-09T20:45:29.106+0000] {logging_mixin.py:188} INFO - [2024-12-09T20:45:29.105+0000] {dag.py:3047} INFO - Sync 1 DAGs
[2024-12-09T20:45:29.126+0000] {logging_mixin.py:188} INFO - [2024-12-09T20:45:29.126+0000] {dag.py:3834} INFO - Setting next_dagrun for example_nested_branch_dag to 2024-12-08 00:00:00+00:00, run_after=2024-12-09 00:00:00+00:00
[2024-12-09T20:45:29.146+0000] {processor.py:183} INFO - Processing /home/airflow/.local/lib/python3.10/site-packages/airflow/example_dags/example_nested_branch_dag.py took 0.081 seconds
[2024-12-09T20:46:00.064+0000] {processor.py:161} INFO - Started process (PID=1020) to work on /home/airflow/.local/lib/python3.10/site-packages/airflow/example_dags/example_nested_branch_dag.py
[2024-12-09T20:46:00.065+0000] {processor.py:830} INFO - Processing file /home/airflow/.local/lib/python3.10/site-packages/airflow/example_dags/example_nested_branch_dag.py for tasks to queue
[2024-12-09T20:46:00.067+0000] {logging_mixin.py:188} INFO - [2024-12-09T20:46:00.067+0000] {dagbag.py:540} INFO - Filling up the DagBag from /home/airflow/.local/lib/python3.10/site-packages/airflow/example_dags/example_nested_branch_dag.py
[2024-12-09T20:46:00.077+0000] {processor.py:840} INFO - DAG(s) 'example_nested_branch_dag' retrieved from /home/airflow/.local/lib/python3.10/site-packages/airflow/example_dags/example_nested_branch_dag.py
[2024-12-09T20:46:00.101+0000] {logging_mixin.py:188} INFO - [2024-12-09T20:46:00.101+0000] {dag.py:3047} INFO - Sync 1 DAGs
[2024-12-09T20:46:00.133+0000] {logging_mixin.py:188} INFO - [2024-12-09T20:46:00.132+0000] {dag.py:3834} INFO - Setting next_dagrun for example_nested_branch_dag to 2024-12-08 00:00:00+00:00, run_after=2024-12-09 00:00:00+00:00
[2024-12-09T20:46:00.163+0000] {processor.py:183} INFO - Processing /home/airflow/.local/lib/python3.10/site-packages/airflow/example_dags/example_nested_branch_dag.py took 0.102 seconds
[2024-12-09T20:46:30.351+0000] {processor.py:161} INFO - Started process (PID=1076) to work on /home/airflow/.local/lib/python3.10/site-packages/airflow/example_dags/example_nested_branch_dag.py
[2024-12-09T20:46:30.352+0000] {processor.py:830} INFO - Processing file /home/airflow/.local/lib/python3.10/site-packages/airflow/example_dags/example_nested_branch_dag.py for tasks to queue
[2024-12-09T20:46:30.354+0000] {logging_mixin.py:188} INFO - [2024-12-09T20:46:30.354+0000] {dagbag.py:540} INFO - Filling up the DagBag from /home/airflow/.local/lib/python3.10/site-packages/airflow/example_dags/example_nested_branch_dag.py
[2024-12-09T20:46:30.363+0000] {processor.py:840} INFO - DAG(s) 'example_nested_branch_dag' retrieved from /home/airflow/.local/lib/python3.10/site-packages/airflow/example_dags/example_nested_branch_dag.py
[2024-12-09T20:46:30.385+0000] {logging_mixin.py:188} INFO - [2024-12-09T20:46:30.385+0000] {dag.py:3047} INFO - Sync 1 DAGs
[2024-12-09T20:46:30.408+0000] {logging_mixin.py:188} INFO - [2024-12-09T20:46:30.407+0000] {dag.py:3834} INFO - Setting next_dagrun for example_nested_branch_dag to 2024-12-08 00:00:00+00:00, run_after=2024-12-09 00:00:00+00:00
[2024-12-09T20:46:30.427+0000] {processor.py:183} INFO - Processing /home/airflow/.local/lib/python3.10/site-packages/airflow/example_dags/example_nested_branch_dag.py took 0.079 seconds
[2024-12-09T20:47:00.718+0000] {processor.py:161} INFO - Started process (PID=1132) to work on /home/airflow/.local/lib/python3.10/site-packages/airflow/example_dags/example_nested_branch_dag.py
[2024-12-09T20:47:00.719+0000] {processor.py:830} INFO - Processing file /home/airflow/.local/lib/python3.10/site-packages/airflow/example_dags/example_nested_branch_dag.py for tasks to queue
[2024-12-09T20:47:00.721+0000] {logging_mixin.py:188} INFO - [2024-12-09T20:47:00.720+0000] {dagbag.py:540} INFO - Filling up the DagBag from /home/airflow/.local/lib/python3.10/site-packages/airflow/example_dags/example_nested_branch_dag.py
[2024-12-09T20:47:00.730+0000] {processor.py:840} INFO - DAG(s) 'example_nested_branch_dag' retrieved from /home/airflow/.local/lib/python3.10/site-packages/airflow/example_dags/example_nested_branch_dag.py
[2024-12-09T20:47:00.751+0000] {logging_mixin.py:188} INFO - [2024-12-09T20:47:00.751+0000] {dag.py:3047} INFO - Sync 1 DAGs
[2024-12-09T20:47:00.774+0000] {logging_mixin.py:188} INFO - [2024-12-09T20:47:00.773+0000] {dag.py:3834} INFO - Setting next_dagrun for example_nested_branch_dag to 2024-12-08 00:00:00+00:00, run_after=2024-12-09 00:00:00+00:00
[2024-12-09T20:47:00.793+0000] {processor.py:183} INFO - Processing /home/airflow/.local/lib/python3.10/site-packages/airflow/example_dags/example_nested_branch_dag.py took 0.079 seconds
[2024-12-09T20:47:30.889+0000] {processor.py:161} INFO - Started process (PID=1188) to work on /home/airflow/.local/lib/python3.10/site-packages/airflow/example_dags/example_nested_branch_dag.py
[2024-12-09T20:47:30.890+0000] {processor.py:830} INFO - Processing file /home/airflow/.local/lib/python3.10/site-packages/airflow/example_dags/example_nested_branch_dag.py for tasks to queue
[2024-12-09T20:47:30.892+0000] {logging_mixin.py:188} INFO - [2024-12-09T20:47:30.892+0000] {dagbag.py:540} INFO - Filling up the DagBag from /home/airflow/.local/lib/python3.10/site-packages/airflow/example_dags/example_nested_branch_dag.py
[2024-12-09T20:47:30.901+0000] {processor.py:840} INFO - DAG(s) 'example_nested_branch_dag' retrieved from /home/airflow/.local/lib/python3.10/site-packages/airflow/example_dags/example_nested_branch_dag.py
[2024-12-09T20:47:30.923+0000] {logging_mixin.py:188} INFO - [2024-12-09T20:47:30.922+0000] {dag.py:3047} INFO - Sync 1 DAGs
[2024-12-09T20:47:30.943+0000] {logging_mixin.py:188} INFO - [2024-12-09T20:47:30.943+0000] {dag.py:3834} INFO - Setting next_dagrun for example_nested_branch_dag to 2024-12-08 00:00:00+00:00, run_after=2024-12-09 00:00:00+00:00
[2024-12-09T20:47:30.963+0000] {processor.py:183} INFO - Processing /home/airflow/.local/lib/python3.10/site-packages/airflow/example_dags/example_nested_branch_dag.py took 0.077 seconds
[2024-12-09T20:48:01.416+0000] {processor.py:161} INFO - Started process (PID=1243) to work on /home/airflow/.local/lib/python3.10/site-packages/airflow/example_dags/example_nested_branch_dag.py
[2024-12-09T20:48:01.417+0000] {processor.py:830} INFO - Processing file /home/airflow/.local/lib/python3.10/site-packages/airflow/example_dags/example_nested_branch_dag.py for tasks to queue
[2024-12-09T20:48:01.420+0000] {logging_mixin.py:188} INFO - [2024-12-09T20:48:01.419+0000] {dagbag.py:540} INFO - Filling up the DagBag from /home/airflow/.local/lib/python3.10/site-packages/airflow/example_dags/example_nested_branch_dag.py
[2024-12-09T20:48:01.428+0000] {processor.py:840} INFO - DAG(s) 'example_nested_branch_dag' retrieved from /home/airflow/.local/lib/python3.10/site-packages/airflow/example_dags/example_nested_branch_dag.py
[2024-12-09T20:48:01.450+0000] {logging_mixin.py:188} INFO - [2024-12-09T20:48:01.450+0000] {dag.py:3047} INFO - Sync 1 DAGs
[2024-12-09T20:48:01.470+0000] {logging_mixin.py:188} INFO - [2024-12-09T20:48:01.469+0000] {dag.py:3834} INFO - Setting next_dagrun for example_nested_branch_dag to 2024-12-08 00:00:00+00:00, run_after=2024-12-09 00:00:00+00:00
[2024-12-09T20:48:01.489+0000] {processor.py:183} INFO - Processing /home/airflow/.local/lib/python3.10/site-packages/airflow/example_dags/example_nested_branch_dag.py took 0.076 seconds
[2024-12-09T20:48:32.061+0000] {processor.py:161} INFO - Started process (PID=1298) to work on /home/airflow/.local/lib/python3.10/site-packages/airflow/example_dags/example_nested_branch_dag.py
[2024-12-09T20:48:32.062+0000] {processor.py:830} INFO - Processing file /home/airflow/.local/lib/python3.10/site-packages/airflow/example_dags/example_nested_branch_dag.py for tasks to queue
[2024-12-09T20:48:32.064+0000] {logging_mixin.py:188} INFO - [2024-12-09T20:48:32.063+0000] {dagbag.py:540} INFO - Filling up the DagBag from /home/airflow/.local/lib/python3.10/site-packages/airflow/example_dags/example_nested_branch_dag.py
[2024-12-09T20:48:32.072+0000] {processor.py:840} INFO - DAG(s) 'example_nested_branch_dag' retrieved from /home/airflow/.local/lib/python3.10/site-packages/airflow/example_dags/example_nested_branch_dag.py
[2024-12-09T20:48:32.094+0000] {logging_mixin.py:188} INFO - [2024-12-09T20:48:32.093+0000] {dag.py:3047} INFO - Sync 1 DAGs
[2024-12-09T20:48:32.115+0000] {logging_mixin.py:188} INFO - [2024-12-09T20:48:32.114+0000] {dag.py:3834} INFO - Setting next_dagrun for example_nested_branch_dag to 2024-12-08 00:00:00+00:00, run_after=2024-12-09 00:00:00+00:00
[2024-12-09T20:48:32.135+0000] {processor.py:183} INFO - Processing /home/airflow/.local/lib/python3.10/site-packages/airflow/example_dags/example_nested_branch_dag.py took 0.077 seconds
[2024-12-09T20:49:02.292+0000] {processor.py:161} INFO - Started process (PID=1353) to work on /home/airflow/.local/lib/python3.10/site-packages/airflow/example_dags/example_nested_branch_dag.py
[2024-12-09T20:49:02.293+0000] {processor.py:830} INFO - Processing file /home/airflow/.local/lib/python3.10/site-packages/airflow/example_dags/example_nested_branch_dag.py for tasks to queue
[2024-12-09T20:49:02.295+0000] {logging_mixin.py:188} INFO - [2024-12-09T20:49:02.295+0000] {dagbag.py:540} INFO - Filling up the DagBag from /home/airflow/.local/lib/python3.10/site-packages/airflow/example_dags/example_nested_branch_dag.py
[2024-12-09T20:49:02.306+0000] {processor.py:840} INFO - DAG(s) 'example_nested_branch_dag' retrieved from /home/airflow/.local/lib/python3.10/site-packages/airflow/example_dags/example_nested_branch_dag.py
[2024-12-09T20:49:02.328+0000] {logging_mixin.py:188} INFO - [2024-12-09T20:49:02.328+0000] {dag.py:3047} INFO - Sync 1 DAGs
[2024-12-09T20:49:02.348+0000] {logging_mixin.py:188} INFO - [2024-12-09T20:49:02.348+0000] {dag.py:3834} INFO - Setting next_dagrun for example_nested_branch_dag to 2024-12-08 00:00:00+00:00, run_after=2024-12-09 00:00:00+00:00
[2024-12-09T20:49:02.541+0000] {processor.py:183} INFO - Processing /home/airflow/.local/lib/python3.10/site-packages/airflow/example_dags/example_nested_branch_dag.py took 0.253 seconds
[2024-12-09T20:49:33.405+0000] {processor.py:161} INFO - Started process (PID=1408) to work on /home/airflow/.local/lib/python3.10/site-packages/airflow/example_dags/example_nested_branch_dag.py
[2024-12-09T20:49:33.406+0000] {processor.py:830} INFO - Processing file /home/airflow/.local/lib/python3.10/site-packages/airflow/example_dags/example_nested_branch_dag.py for tasks to queue
[2024-12-09T20:49:33.408+0000] {logging_mixin.py:188} INFO - [2024-12-09T20:49:33.408+0000] {dagbag.py:540} INFO - Filling up the DagBag from /home/airflow/.local/lib/python3.10/site-packages/airflow/example_dags/example_nested_branch_dag.py
[2024-12-09T20:49:33.417+0000] {processor.py:840} INFO - DAG(s) 'example_nested_branch_dag' retrieved from /home/airflow/.local/lib/python3.10/site-packages/airflow/example_dags/example_nested_branch_dag.py
[2024-12-09T20:49:33.438+0000] {logging_mixin.py:188} INFO - [2024-12-09T20:49:33.438+0000] {dag.py:3047} INFO - Sync 1 DAGs
[2024-12-09T20:49:33.461+0000] {logging_mixin.py:188} INFO - [2024-12-09T20:49:33.461+0000] {dag.py:3834} INFO - Setting next_dagrun for example_nested_branch_dag to 2024-12-08 00:00:00+00:00, run_after=2024-12-09 00:00:00+00:00
[2024-12-09T20:49:33.480+0000] {processor.py:183} INFO - Processing /home/airflow/.local/lib/python3.10/site-packages/airflow/example_dags/example_nested_branch_dag.py took 0.078 seconds
[2024-12-09T20:50:03.797+0000] {processor.py:161} INFO - Started process (PID=1464) to work on /home/airflow/.local/lib/python3.10/site-packages/airflow/example_dags/example_nested_branch_dag.py
[2024-12-09T20:50:03.798+0000] {processor.py:830} INFO - Processing file /home/airflow/.local/lib/python3.10/site-packages/airflow/example_dags/example_nested_branch_dag.py for tasks to queue
[2024-12-09T20:50:03.800+0000] {logging_mixin.py:188} INFO - [2024-12-09T20:50:03.800+0000] {dagbag.py:540} INFO - Filling up the DagBag from /home/airflow/.local/lib/python3.10/site-packages/airflow/example_dags/example_nested_branch_dag.py
[2024-12-09T20:50:03.809+0000] {processor.py:840} INFO - DAG(s) 'example_nested_branch_dag' retrieved from /home/airflow/.local/lib/python3.10/site-packages/airflow/example_dags/example_nested_branch_dag.py
[2024-12-09T20:50:03.833+0000] {logging_mixin.py:188} INFO - [2024-12-09T20:50:03.833+0000] {dag.py:3047} INFO - Sync 1 DAGs
[2024-12-09T20:50:03.855+0000] {logging_mixin.py:188} INFO - [2024-12-09T20:50:03.855+0000] {dag.py:3834} INFO - Setting next_dagrun for example_nested_branch_dag to 2024-12-08 00:00:00+00:00, run_after=2024-12-09 00:00:00+00:00
[2024-12-09T20:50:03.877+0000] {processor.py:183} INFO - Processing /home/airflow/.local/lib/python3.10/site-packages/airflow/example_dags/example_nested_branch_dag.py took 0.083 seconds
[2024-12-09T20:50:34.283+0000] {processor.py:161} INFO - Started process (PID=1519) to work on /home/airflow/.local/lib/python3.10/site-packages/airflow/example_dags/example_nested_branch_dag.py
[2024-12-09T20:50:34.284+0000] {processor.py:830} INFO - Processing file /home/airflow/.local/lib/python3.10/site-packages/airflow/example_dags/example_nested_branch_dag.py for tasks to queue
[2024-12-09T20:50:34.285+0000] {logging_mixin.py:188} INFO - [2024-12-09T20:50:34.285+0000] {dagbag.py:540} INFO - Filling up the DagBag from /home/airflow/.local/lib/python3.10/site-packages/airflow/example_dags/example_nested_branch_dag.py
[2024-12-09T20:50:34.294+0000] {processor.py:840} INFO - DAG(s) 'example_nested_branch_dag' retrieved from /home/airflow/.local/lib/python3.10/site-packages/airflow/example_dags/example_nested_branch_dag.py
[2024-12-09T20:50:34.316+0000] {logging_mixin.py:188} INFO - [2024-12-09T20:50:34.315+0000] {dag.py:3047} INFO - Sync 1 DAGs
[2024-12-09T20:50:34.335+0000] {logging_mixin.py:188} INFO - [2024-12-09T20:50:34.335+0000] {dag.py:3834} INFO - Setting next_dagrun for example_nested_branch_dag to 2024-12-08 00:00:00+00:00, run_after=2024-12-09 00:00:00+00:00
[2024-12-09T20:50:34.363+0000] {processor.py:183} INFO - Processing /home/airflow/.local/lib/python3.10/site-packages/airflow/example_dags/example_nested_branch_dag.py took 0.083 seconds
[2024-12-09T20:51:04.769+0000] {processor.py:161} INFO - Started process (PID=1575) to work on /home/airflow/.local/lib/python3.10/site-packages/airflow/example_dags/example_nested_branch_dag.py
[2024-12-09T20:51:04.771+0000] {processor.py:830} INFO - Processing file /home/airflow/.local/lib/python3.10/site-packages/airflow/example_dags/example_nested_branch_dag.py for tasks to queue
[2024-12-09T20:51:04.773+0000] {logging_mixin.py:188} INFO - [2024-12-09T20:51:04.772+0000] {dagbag.py:540} INFO - Filling up the DagBag from /home/airflow/.local/lib/python3.10/site-packages/airflow/example_dags/example_nested_branch_dag.py
[2024-12-09T20:51:04.781+0000] {processor.py:840} INFO - DAG(s) 'example_nested_branch_dag' retrieved from /home/airflow/.local/lib/python3.10/site-packages/airflow/example_dags/example_nested_branch_dag.py
[2024-12-09T20:51:04.803+0000] {logging_mixin.py:188} INFO - [2024-12-09T20:51:04.802+0000] {dag.py:3047} INFO - Sync 1 DAGs
[2024-12-09T20:51:04.822+0000] {logging_mixin.py:188} INFO - [2024-12-09T20:51:04.822+0000] {dag.py:3834} INFO - Setting next_dagrun for example_nested_branch_dag to 2024-12-08 00:00:00+00:00, run_after=2024-12-09 00:00:00+00:00
[2024-12-09T20:51:04.842+0000] {processor.py:183} INFO - Processing /home/airflow/.local/lib/python3.10/site-packages/airflow/example_dags/example_nested_branch_dag.py took 0.076 seconds
[2024-12-09T20:51:35.062+0000] {processor.py:161} INFO - Started process (PID=1631) to work on /home/airflow/.local/lib/python3.10/site-packages/airflow/example_dags/example_nested_branch_dag.py
[2024-12-09T20:51:35.063+0000] {processor.py:830} INFO - Processing file /home/airflow/.local/lib/python3.10/site-packages/airflow/example_dags/example_nested_branch_dag.py for tasks to queue
[2024-12-09T20:51:35.065+0000] {logging_mixin.py:188} INFO - [2024-12-09T20:51:35.065+0000] {dagbag.py:540} INFO - Filling up the DagBag from /home/airflow/.local/lib/python3.10/site-packages/airflow/example_dags/example_nested_branch_dag.py
[2024-12-09T20:51:35.074+0000] {processor.py:840} INFO - DAG(s) 'example_nested_branch_dag' retrieved from /home/airflow/.local/lib/python3.10/site-packages/airflow/example_dags/example_nested_branch_dag.py
[2024-12-09T20:51:35.095+0000] {logging_mixin.py:188} INFO - [2024-12-09T20:51:35.095+0000] {dag.py:3047} INFO - Sync 1 DAGs
[2024-12-09T20:51:35.236+0000] {logging_mixin.py:188} INFO - [2024-12-09T20:51:35.236+0000] {dag.py:3834} INFO - Setting next_dagrun for example_nested_branch_dag to 2024-12-08 00:00:00+00:00, run_after=2024-12-09 00:00:00+00:00
[2024-12-09T20:51:35.255+0000] {processor.py:183} INFO - Processing /home/airflow/.local/lib/python3.10/site-packages/airflow/example_dags/example_nested_branch_dag.py took 0.197 seconds
[2024-12-09T20:52:05.611+0000] {processor.py:161} INFO - Started process (PID=1687) to work on /home/airflow/.local/lib/python3.10/site-packages/airflow/example_dags/example_nested_branch_dag.py
[2024-12-09T20:52:05.612+0000] {processor.py:830} INFO - Processing file /home/airflow/.local/lib/python3.10/site-packages/airflow/example_dags/example_nested_branch_dag.py for tasks to queue
[2024-12-09T20:52:05.614+0000] {logging_mixin.py:188} INFO - [2024-12-09T20:52:05.614+0000] {dagbag.py:540} INFO - Filling up the DagBag from /home/airflow/.local/lib/python3.10/site-packages/airflow/example_dags/example_nested_branch_dag.py
[2024-12-09T20:52:05.624+0000] {processor.py:840} INFO - DAG(s) 'example_nested_branch_dag' retrieved from /home/airflow/.local/lib/python3.10/site-packages/airflow/example_dags/example_nested_branch_dag.py
[2024-12-09T20:52:05.646+0000] {logging_mixin.py:188} INFO - [2024-12-09T20:52:05.646+0000] {dag.py:3047} INFO - Sync 1 DAGs
[2024-12-09T20:52:05.666+0000] {logging_mixin.py:188} INFO - [2024-12-09T20:52:05.666+0000] {dag.py:3834} INFO - Setting next_dagrun for example_nested_branch_dag to 2024-12-08 00:00:00+00:00, run_after=2024-12-09 00:00:00+00:00
[2024-12-09T20:52:05.805+0000] {processor.py:183} INFO - Processing /home/airflow/.local/lib/python3.10/site-packages/airflow/example_dags/example_nested_branch_dag.py took 0.197 seconds
[2024-12-09T20:52:36.602+0000] {processor.py:161} INFO - Started process (PID=1742) to work on /home/airflow/.local/lib/python3.10/site-packages/airflow/example_dags/example_nested_branch_dag.py
[2024-12-09T20:52:36.603+0000] {processor.py:830} INFO - Processing file /home/airflow/.local/lib/python3.10/site-packages/airflow/example_dags/example_nested_branch_dag.py for tasks to queue
[2024-12-09T20:52:36.606+0000] {logging_mixin.py:188} INFO - [2024-12-09T20:52:36.605+0000] {dagbag.py:540} INFO - Filling up the DagBag from /home/airflow/.local/lib/python3.10/site-packages/airflow/example_dags/example_nested_branch_dag.py
[2024-12-09T20:52:36.616+0000] {processor.py:840} INFO - DAG(s) 'example_nested_branch_dag' retrieved from /home/airflow/.local/lib/python3.10/site-packages/airflow/example_dags/example_nested_branch_dag.py
[2024-12-09T20:52:36.640+0000] {logging_mixin.py:188} INFO - [2024-12-09T20:52:36.639+0000] {dag.py:3047} INFO - Sync 1 DAGs
[2024-12-09T20:52:36.662+0000] {logging_mixin.py:188} INFO - [2024-12-09T20:52:36.662+0000] {dag.py:3834} INFO - Setting next_dagrun for example_nested_branch_dag to 2024-12-08 00:00:00+00:00, run_after=2024-12-09 00:00:00+00:00
[2024-12-09T20:52:36.682+0000] {processor.py:183} INFO - Processing /home/airflow/.local/lib/python3.10/site-packages/airflow/example_dags/example_nested_branch_dag.py took 0.083 seconds
[2024-12-09T20:53:06.977+0000] {processor.py:161} INFO - Started process (PID=1797) to work on /home/airflow/.local/lib/python3.10/site-packages/airflow/example_dags/example_nested_branch_dag.py
[2024-12-09T20:53:06.979+0000] {processor.py:830} INFO - Processing file /home/airflow/.local/lib/python3.10/site-packages/airflow/example_dags/example_nested_branch_dag.py for tasks to queue
[2024-12-09T20:53:06.981+0000] {logging_mixin.py:188} INFO - [2024-12-09T20:53:06.981+0000] {dagbag.py:540} INFO - Filling up the DagBag from /home/airflow/.local/lib/python3.10/site-packages/airflow/example_dags/example_nested_branch_dag.py
[2024-12-09T20:53:06.990+0000] {processor.py:840} INFO - DAG(s) 'example_nested_branch_dag' retrieved from /home/airflow/.local/lib/python3.10/site-packages/airflow/example_dags/example_nested_branch_dag.py
[2024-12-09T20:53:07.013+0000] {logging_mixin.py:188} INFO - [2024-12-09T20:53:07.012+0000] {dag.py:3047} INFO - Sync 1 DAGs
[2024-12-09T20:53:07.033+0000] {logging_mixin.py:188} INFO - [2024-12-09T20:53:07.032+0000] {dag.py:3834} INFO - Setting next_dagrun for example_nested_branch_dag to 2024-12-08 00:00:00+00:00, run_after=2024-12-09 00:00:00+00:00
[2024-12-09T20:53:07.053+0000] {processor.py:183} INFO - Processing /home/airflow/.local/lib/python3.10/site-packages/airflow/example_dags/example_nested_branch_dag.py took 0.078 seconds
[2024-12-09T20:53:37.250+0000] {processor.py:161} INFO - Started process (PID=1853) to work on /home/airflow/.local/lib/python3.10/site-packages/airflow/example_dags/example_nested_branch_dag.py
[2024-12-09T20:53:37.251+0000] {processor.py:830} INFO - Processing file /home/airflow/.local/lib/python3.10/site-packages/airflow/example_dags/example_nested_branch_dag.py for tasks to queue
[2024-12-09T20:53:37.254+0000] {logging_mixin.py:188} INFO - [2024-12-09T20:53:37.253+0000] {dagbag.py:540} INFO - Filling up the DagBag from /home/airflow/.local/lib/python3.10/site-packages/airflow/example_dags/example_nested_branch_dag.py
[2024-12-09T20:53:37.263+0000] {processor.py:840} INFO - DAG(s) 'example_nested_branch_dag' retrieved from /home/airflow/.local/lib/python3.10/site-packages/airflow/example_dags/example_nested_branch_dag.py
[2024-12-09T20:53:37.409+0000] {logging_mixin.py:188} INFO - [2024-12-09T20:53:37.409+0000] {dag.py:3047} INFO - Sync 1 DAGs
[2024-12-09T20:53:37.427+0000] {logging_mixin.py:188} INFO - [2024-12-09T20:53:37.427+0000] {dag.py:3834} INFO - Setting next_dagrun for example_nested_branch_dag to 2024-12-08 00:00:00+00:00, run_after=2024-12-09 00:00:00+00:00
[2024-12-09T20:53:37.446+0000] {processor.py:183} INFO - Processing /home/airflow/.local/lib/python3.10/site-packages/airflow/example_dags/example_nested_branch_dag.py took 0.199 seconds
[2024-12-09T20:54:07.819+0000] {processor.py:161} INFO - Started process (PID=1908) to work on /home/airflow/.local/lib/python3.10/site-packages/airflow/example_dags/example_nested_branch_dag.py
[2024-12-09T20:54:07.820+0000] {processor.py:830} INFO - Processing file /home/airflow/.local/lib/python3.10/site-packages/airflow/example_dags/example_nested_branch_dag.py for tasks to queue
[2024-12-09T20:54:07.822+0000] {logging_mixin.py:188} INFO - [2024-12-09T20:54:07.821+0000] {dagbag.py:540} INFO - Filling up the DagBag from /home/airflow/.local/lib/python3.10/site-packages/airflow/example_dags/example_nested_branch_dag.py
[2024-12-09T20:54:07.830+0000] {processor.py:840} INFO - DAG(s) 'example_nested_branch_dag' retrieved from /home/airflow/.local/lib/python3.10/site-packages/airflow/example_dags/example_nested_branch_dag.py
[2024-12-09T20:54:07.853+0000] {logging_mixin.py:188} INFO - [2024-12-09T20:54:07.853+0000] {dag.py:3047} INFO - Sync 1 DAGs
[2024-12-09T20:54:07.872+0000] {logging_mixin.py:188} INFO - [2024-12-09T20:54:07.872+0000] {dag.py:3834} INFO - Setting next_dagrun for example_nested_branch_dag to 2024-12-08 00:00:00+00:00, run_after=2024-12-09 00:00:00+00:00
[2024-12-09T20:54:07.892+0000] {processor.py:183} INFO - Processing /home/airflow/.local/lib/python3.10/site-packages/airflow/example_dags/example_nested_branch_dag.py took 0.078 seconds
[2024-12-09T20:54:37.948+0000] {processor.py:161} INFO - Started process (PID=1964) to work on /home/airflow/.local/lib/python3.10/site-packages/airflow/example_dags/example_nested_branch_dag.py
[2024-12-09T20:54:37.949+0000] {processor.py:830} INFO - Processing file /home/airflow/.local/lib/python3.10/site-packages/airflow/example_dags/example_nested_branch_dag.py for tasks to queue
[2024-12-09T20:54:37.951+0000] {logging_mixin.py:188} INFO - [2024-12-09T20:54:37.951+0000] {dagbag.py:540} INFO - Filling up the DagBag from /home/airflow/.local/lib/python3.10/site-packages/airflow/example_dags/example_nested_branch_dag.py
[2024-12-09T20:54:37.961+0000] {processor.py:840} INFO - DAG(s) 'example_nested_branch_dag' retrieved from /home/airflow/.local/lib/python3.10/site-packages/airflow/example_dags/example_nested_branch_dag.py
[2024-12-09T20:54:37.985+0000] {logging_mixin.py:188} INFO - [2024-12-09T20:54:37.985+0000] {dag.py:3047} INFO - Sync 1 DAGs
[2024-12-09T20:54:38.007+0000] {logging_mixin.py:188} INFO - [2024-12-09T20:54:38.007+0000] {dag.py:3834} INFO - Setting next_dagrun for example_nested_branch_dag to 2024-12-08 00:00:00+00:00, run_after=2024-12-09 00:00:00+00:00
[2024-12-09T20:54:38.027+0000] {processor.py:183} INFO - Processing /home/airflow/.local/lib/python3.10/site-packages/airflow/example_dags/example_nested_branch_dag.py took 0.083 seconds
[2024-12-09T20:55:08.212+0000] {processor.py:161} INFO - Started process (PID=2019) to work on /home/airflow/.local/lib/python3.10/site-packages/airflow/example_dags/example_nested_branch_dag.py
[2024-12-09T20:55:08.213+0000] {processor.py:830} INFO - Processing file /home/airflow/.local/lib/python3.10/site-packages/airflow/example_dags/example_nested_branch_dag.py for tasks to queue
[2024-12-09T20:55:08.215+0000] {logging_mixin.py:188} INFO - [2024-12-09T20:55:08.214+0000] {dagbag.py:540} INFO - Filling up the DagBag from /home/airflow/.local/lib/python3.10/site-packages/airflow/example_dags/example_nested_branch_dag.py
[2024-12-09T20:55:08.224+0000] {processor.py:840} INFO - DAG(s) 'example_nested_branch_dag' retrieved from /home/airflow/.local/lib/python3.10/site-packages/airflow/example_dags/example_nested_branch_dag.py
[2024-12-09T20:55:08.246+0000] {logging_mixin.py:188} INFO - [2024-12-09T20:55:08.246+0000] {dag.py:3047} INFO - Sync 1 DAGs
[2024-12-09T20:55:08.270+0000] {logging_mixin.py:188} INFO - [2024-12-09T20:55:08.270+0000] {dag.py:3834} INFO - Setting next_dagrun for example_nested_branch_dag to 2024-12-08 00:00:00+00:00, run_after=2024-12-09 00:00:00+00:00
[2024-12-09T20:55:08.291+0000] {processor.py:183} INFO - Processing /home/airflow/.local/lib/python3.10/site-packages/airflow/example_dags/example_nested_branch_dag.py took 0.082 seconds
[2024-12-09T20:55:38.509+0000] {processor.py:161} INFO - Started process (PID=2074) to work on /home/airflow/.local/lib/python3.10/site-packages/airflow/example_dags/example_nested_branch_dag.py
[2024-12-09T20:55:38.510+0000] {processor.py:830} INFO - Processing file /home/airflow/.local/lib/python3.10/site-packages/airflow/example_dags/example_nested_branch_dag.py for tasks to queue
[2024-12-09T20:55:38.512+0000] {logging_mixin.py:188} INFO - [2024-12-09T20:55:38.512+0000] {dagbag.py:540} INFO - Filling up the DagBag from /home/airflow/.local/lib/python3.10/site-packages/airflow/example_dags/example_nested_branch_dag.py
[2024-12-09T20:55:38.521+0000] {processor.py:840} INFO - DAG(s) 'example_nested_branch_dag' retrieved from /home/airflow/.local/lib/python3.10/site-packages/airflow/example_dags/example_nested_branch_dag.py
[2024-12-09T20:55:38.542+0000] {logging_mixin.py:188} INFO - [2024-12-09T20:55:38.542+0000] {dag.py:3047} INFO - Sync 1 DAGs
[2024-12-09T20:55:38.565+0000] {logging_mixin.py:188} INFO - [2024-12-09T20:55:38.565+0000] {dag.py:3834} INFO - Setting next_dagrun for example_nested_branch_dag to 2024-12-08 00:00:00+00:00, run_after=2024-12-09 00:00:00+00:00
[2024-12-09T20:55:38.586+0000] {processor.py:183} INFO - Processing /home/airflow/.local/lib/python3.10/site-packages/airflow/example_dags/example_nested_branch_dag.py took 0.080 seconds
[2024-12-09T20:56:08.939+0000] {processor.py:161} INFO - Started process (PID=2129) to work on /home/airflow/.local/lib/python3.10/site-packages/airflow/example_dags/example_nested_branch_dag.py
[2024-12-09T20:56:08.940+0000] {processor.py:830} INFO - Processing file /home/airflow/.local/lib/python3.10/site-packages/airflow/example_dags/example_nested_branch_dag.py for tasks to queue
[2024-12-09T20:56:08.943+0000] {logging_mixin.py:188} INFO - [2024-12-09T20:56:08.942+0000] {dagbag.py:540} INFO - Filling up the DagBag from /home/airflow/.local/lib/python3.10/site-packages/airflow/example_dags/example_nested_branch_dag.py
[2024-12-09T20:56:08.955+0000] {processor.py:840} INFO - DAG(s) 'example_nested_branch_dag' retrieved from /home/airflow/.local/lib/python3.10/site-packages/airflow/example_dags/example_nested_branch_dag.py
[2024-12-09T20:56:08.980+0000] {logging_mixin.py:188} INFO - [2024-12-09T20:56:08.980+0000] {dag.py:3047} INFO - Sync 1 DAGs
[2024-12-09T20:56:09.008+0000] {logging_mixin.py:188} INFO - [2024-12-09T20:56:09.007+0000] {dag.py:3834} INFO - Setting next_dagrun for example_nested_branch_dag to 2024-12-08 00:00:00+00:00, run_after=2024-12-09 00:00:00+00:00
[2024-12-09T20:56:09.043+0000] {processor.py:183} INFO - Processing /home/airflow/.local/lib/python3.10/site-packages/airflow/example_dags/example_nested_branch_dag.py took 0.107 seconds
[2024-12-09T20:56:39.485+0000] {processor.py:161} INFO - Started process (PID=2185) to work on /home/airflow/.local/lib/python3.10/site-packages/airflow/example_dags/example_nested_branch_dag.py
[2024-12-09T20:56:39.487+0000] {processor.py:830} INFO - Processing file /home/airflow/.local/lib/python3.10/site-packages/airflow/example_dags/example_nested_branch_dag.py for tasks to queue
[2024-12-09T20:56:39.489+0000] {logging_mixin.py:188} INFO - [2024-12-09T20:56:39.488+0000] {dagbag.py:540} INFO - Filling up the DagBag from /home/airflow/.local/lib/python3.10/site-packages/airflow/example_dags/example_nested_branch_dag.py
[2024-12-09T20:56:39.498+0000] {processor.py:840} INFO - DAG(s) 'example_nested_branch_dag' retrieved from /home/airflow/.local/lib/python3.10/site-packages/airflow/example_dags/example_nested_branch_dag.py
[2024-12-09T20:56:39.525+0000] {logging_mixin.py:188} INFO - [2024-12-09T20:56:39.524+0000] {dag.py:3047} INFO - Sync 1 DAGs
[2024-12-09T20:56:39.545+0000] {logging_mixin.py:188} INFO - [2024-12-09T20:56:39.545+0000] {dag.py:3834} INFO - Setting next_dagrun for example_nested_branch_dag to 2024-12-08 00:00:00+00:00, run_after=2024-12-09 00:00:00+00:00
[2024-12-09T20:56:39.565+0000] {processor.py:183} INFO - Processing /home/airflow/.local/lib/python3.10/site-packages/airflow/example_dags/example_nested_branch_dag.py took 0.082 seconds
[2024-12-09T20:57:20.703+0000] {processor.py:161} INFO - Started process (PID=2247) to work on /home/airflow/.local/lib/python3.10/site-packages/airflow/example_dags/example_nested_branch_dag.py
[2024-12-09T20:57:20.705+0000] {processor.py:830} INFO - Processing file /home/airflow/.local/lib/python3.10/site-packages/airflow/example_dags/example_nested_branch_dag.py for tasks to queue
[2024-12-09T20:57:20.709+0000] {logging_mixin.py:188} INFO - [2024-12-09T20:57:20.708+0000] {dagbag.py:540} INFO - Filling up the DagBag from /home/airflow/.local/lib/python3.10/site-packages/airflow/example_dags/example_nested_branch_dag.py
[2024-12-09T20:57:20.737+0000] {processor.py:840} INFO - DAG(s) 'example_nested_branch_dag' retrieved from /home/airflow/.local/lib/python3.10/site-packages/airflow/example_dags/example_nested_branch_dag.py
[2024-12-09T20:57:20.804+0000] {logging_mixin.py:188} INFO - [2024-12-09T20:57:20.804+0000] {dag.py:3047} INFO - Sync 1 DAGs
[2024-12-09T20:57:20.848+0000] {logging_mixin.py:188} INFO - [2024-12-09T20:57:20.848+0000] {dag.py:3834} INFO - Setting next_dagrun for example_nested_branch_dag to 2024-12-08 00:00:00+00:00, run_after=2024-12-09 00:00:00+00:00
[2024-12-09T20:57:20.883+0000] {processor.py:183} INFO - Processing /home/airflow/.local/lib/python3.10/site-packages/airflow/example_dags/example_nested_branch_dag.py took 0.187 seconds
[2024-12-09T20:57:51.202+0000] {processor.py:161} INFO - Started process (PID=2303) to work on /home/airflow/.local/lib/python3.10/site-packages/airflow/example_dags/example_nested_branch_dag.py
[2024-12-09T20:57:51.204+0000] {processor.py:830} INFO - Processing file /home/airflow/.local/lib/python3.10/site-packages/airflow/example_dags/example_nested_branch_dag.py for tasks to queue
[2024-12-09T20:57:51.208+0000] {logging_mixin.py:188} INFO - [2024-12-09T20:57:51.207+0000] {dagbag.py:540} INFO - Filling up the DagBag from /home/airflow/.local/lib/python3.10/site-packages/airflow/example_dags/example_nested_branch_dag.py
[2024-12-09T20:57:51.221+0000] {processor.py:840} INFO - DAG(s) 'example_nested_branch_dag' retrieved from /home/airflow/.local/lib/python3.10/site-packages/airflow/example_dags/example_nested_branch_dag.py
[2024-12-09T20:57:51.257+0000] {logging_mixin.py:188} INFO - [2024-12-09T20:57:51.257+0000] {dag.py:3047} INFO - Sync 1 DAGs
[2024-12-09T20:57:51.298+0000] {logging_mixin.py:188} INFO - [2024-12-09T20:57:51.298+0000] {dag.py:3834} INFO - Setting next_dagrun for example_nested_branch_dag to 2024-12-08 00:00:00+00:00, run_after=2024-12-09 00:00:00+00:00
[2024-12-09T20:57:51.332+0000] {processor.py:183} INFO - Processing /home/airflow/.local/lib/python3.10/site-packages/airflow/example_dags/example_nested_branch_dag.py took 0.135 seconds
[2024-12-09T21:56:44.069+0000] {processor.py:161} INFO - Started process (PID=2360) to work on /home/airflow/.local/lib/python3.10/site-packages/airflow/example_dags/example_nested_branch_dag.py
[2024-12-09T21:56:44.074+0000] {processor.py:830} INFO - Processing file /home/airflow/.local/lib/python3.10/site-packages/airflow/example_dags/example_nested_branch_dag.py for tasks to queue
[2024-12-09T21:56:44.083+0000] {logging_mixin.py:188} INFO - [2024-12-09T21:56:44.082+0000] {dagbag.py:540} INFO - Filling up the DagBag from /home/airflow/.local/lib/python3.10/site-packages/airflow/example_dags/example_nested_branch_dag.py
[2024-12-09T21:56:44.117+0000] {processor.py:840} INFO - DAG(s) 'example_nested_branch_dag' retrieved from /home/airflow/.local/lib/python3.10/site-packages/airflow/example_dags/example_nested_branch_dag.py
[2024-12-09T21:56:44.183+0000] {logging_mixin.py:188} INFO - [2024-12-09T21:56:44.182+0000] {dag.py:3047} INFO - Sync 1 DAGs
[2024-12-09T21:56:44.227+0000] {logging_mixin.py:188} INFO - [2024-12-09T21:56:44.226+0000] {dag.py:3834} INFO - Setting next_dagrun for example_nested_branch_dag to 2024-12-08 00:00:00+00:00, run_after=2024-12-09 00:00:00+00:00
[2024-12-09T21:56:44.268+0000] {processor.py:183} INFO - Processing /home/airflow/.local/lib/python3.10/site-packages/airflow/example_dags/example_nested_branch_dag.py took 0.204 seconds
[2024-12-09T21:57:14.883+0000] {processor.py:161} INFO - Started process (PID=2416) to work on /home/airflow/.local/lib/python3.10/site-packages/airflow/example_dags/example_nested_branch_dag.py
[2024-12-09T21:57:14.884+0000] {processor.py:830} INFO - Processing file /home/airflow/.local/lib/python3.10/site-packages/airflow/example_dags/example_nested_branch_dag.py for tasks to queue
[2024-12-09T21:57:14.886+0000] {logging_mixin.py:188} INFO - [2024-12-09T21:57:14.886+0000] {dagbag.py:540} INFO - Filling up the DagBag from /home/airflow/.local/lib/python3.10/site-packages/airflow/example_dags/example_nested_branch_dag.py
[2024-12-09T21:57:14.897+0000] {processor.py:840} INFO - DAG(s) 'example_nested_branch_dag' retrieved from /home/airflow/.local/lib/python3.10/site-packages/airflow/example_dags/example_nested_branch_dag.py
[2024-12-09T21:57:14.917+0000] {logging_mixin.py:188} INFO - [2024-12-09T21:57:14.917+0000] {dag.py:3047} INFO - Sync 1 DAGs
[2024-12-09T21:57:14.940+0000] {logging_mixin.py:188} INFO - [2024-12-09T21:57:14.940+0000] {dag.py:3834} INFO - Setting next_dagrun for example_nested_branch_dag to 2024-12-08 00:00:00+00:00, run_after=2024-12-09 00:00:00+00:00
[2024-12-09T21:57:14.961+0000] {processor.py:183} INFO - Processing /home/airflow/.local/lib/python3.10/site-packages/airflow/example_dags/example_nested_branch_dag.py took 0.082 seconds
[2024-12-09T21:57:56.765+0000] {processor.py:161} INFO - Started process (PID=2472) to work on /home/airflow/.local/lib/python3.10/site-packages/airflow/example_dags/example_nested_branch_dag.py
[2024-12-09T21:57:56.766+0000] {processor.py:830} INFO - Processing file /home/airflow/.local/lib/python3.10/site-packages/airflow/example_dags/example_nested_branch_dag.py for tasks to queue
[2024-12-09T21:57:56.769+0000] {logging_mixin.py:188} INFO - [2024-12-09T21:57:56.768+0000] {dagbag.py:540} INFO - Filling up the DagBag from /home/airflow/.local/lib/python3.10/site-packages/airflow/example_dags/example_nested_branch_dag.py
[2024-12-09T21:57:56.781+0000] {processor.py:840} INFO - DAG(s) 'example_nested_branch_dag' retrieved from /home/airflow/.local/lib/python3.10/site-packages/airflow/example_dags/example_nested_branch_dag.py
[2024-12-09T21:57:56.809+0000] {logging_mixin.py:188} INFO - [2024-12-09T21:57:56.808+0000] {dag.py:3047} INFO - Sync 1 DAGs
[2024-12-09T21:57:56.832+0000] {logging_mixin.py:188} INFO - [2024-12-09T21:57:56.832+0000] {dag.py:3834} INFO - Setting next_dagrun for example_nested_branch_dag to 2024-12-08 00:00:00+00:00, run_after=2024-12-09 00:00:00+00:00
[2024-12-09T21:57:56.859+0000] {processor.py:183} INFO - Processing /home/airflow/.local/lib/python3.10/site-packages/airflow/example_dags/example_nested_branch_dag.py took 0.098 seconds
[2024-12-09T21:58:27.477+0000] {processor.py:161} INFO - Started process (PID=2527) to work on /home/airflow/.local/lib/python3.10/site-packages/airflow/example_dags/example_nested_branch_dag.py
[2024-12-09T21:58:27.479+0000] {processor.py:830} INFO - Processing file /home/airflow/.local/lib/python3.10/site-packages/airflow/example_dags/example_nested_branch_dag.py for tasks to queue
[2024-12-09T21:58:27.481+0000] {logging_mixin.py:188} INFO - [2024-12-09T21:58:27.480+0000] {dagbag.py:540} INFO - Filling up the DagBag from /home/airflow/.local/lib/python3.10/site-packages/airflow/example_dags/example_nested_branch_dag.py
[2024-12-09T21:58:27.490+0000] {processor.py:840} INFO - DAG(s) 'example_nested_branch_dag' retrieved from /home/airflow/.local/lib/python3.10/site-packages/airflow/example_dags/example_nested_branch_dag.py
[2024-12-09T21:58:27.511+0000] {logging_mixin.py:188} INFO - [2024-12-09T21:58:27.511+0000] {dag.py:3047} INFO - Sync 1 DAGs
[2024-12-09T21:58:27.530+0000] {logging_mixin.py:188} INFO - [2024-12-09T21:58:27.530+0000] {dag.py:3834} INFO - Setting next_dagrun for example_nested_branch_dag to 2024-12-08 00:00:00+00:00, run_after=2024-12-09 00:00:00+00:00
[2024-12-09T21:58:27.551+0000] {processor.py:183} INFO - Processing /home/airflow/.local/lib/python3.10/site-packages/airflow/example_dags/example_nested_branch_dag.py took 0.077 seconds
[2024-12-09T21:58:58.248+0000] {processor.py:161} INFO - Started process (PID=2582) to work on /home/airflow/.local/lib/python3.10/site-packages/airflow/example_dags/example_nested_branch_dag.py
[2024-12-09T21:58:58.249+0000] {processor.py:830} INFO - Processing file /home/airflow/.local/lib/python3.10/site-packages/airflow/example_dags/example_nested_branch_dag.py for tasks to queue
[2024-12-09T21:58:58.252+0000] {logging_mixin.py:188} INFO - [2024-12-09T21:58:58.252+0000] {dagbag.py:540} INFO - Filling up the DagBag from /home/airflow/.local/lib/python3.10/site-packages/airflow/example_dags/example_nested_branch_dag.py
[2024-12-09T21:58:58.263+0000] {processor.py:840} INFO - DAG(s) 'example_nested_branch_dag' retrieved from /home/airflow/.local/lib/python3.10/site-packages/airflow/example_dags/example_nested_branch_dag.py
[2024-12-09T21:58:58.289+0000] {logging_mixin.py:188} INFO - [2024-12-09T21:58:58.289+0000] {dag.py:3047} INFO - Sync 1 DAGs
[2024-12-09T21:58:58.312+0000] {logging_mixin.py:188} INFO - [2024-12-09T21:58:58.311+0000] {dag.py:3834} INFO - Setting next_dagrun for example_nested_branch_dag to 2024-12-08 00:00:00+00:00, run_after=2024-12-09 00:00:00+00:00
[2024-12-09T21:58:58.333+0000] {processor.py:183} INFO - Processing /home/airflow/.local/lib/python3.10/site-packages/airflow/example_dags/example_nested_branch_dag.py took 0.090 seconds
[2024-12-09T21:59:29.115+0000] {processor.py:161} INFO - Started process (PID=2638) to work on /home/airflow/.local/lib/python3.10/site-packages/airflow/example_dags/example_nested_branch_dag.py
[2024-12-09T21:59:29.116+0000] {processor.py:830} INFO - Processing file /home/airflow/.local/lib/python3.10/site-packages/airflow/example_dags/example_nested_branch_dag.py for tasks to queue
[2024-12-09T21:59:29.118+0000] {logging_mixin.py:188} INFO - [2024-12-09T21:59:29.118+0000] {dagbag.py:540} INFO - Filling up the DagBag from /home/airflow/.local/lib/python3.10/site-packages/airflow/example_dags/example_nested_branch_dag.py
[2024-12-09T21:59:29.127+0000] {processor.py:840} INFO - DAG(s) 'example_nested_branch_dag' retrieved from /home/airflow/.local/lib/python3.10/site-packages/airflow/example_dags/example_nested_branch_dag.py
[2024-12-09T21:59:29.150+0000] {logging_mixin.py:188} INFO - [2024-12-09T21:59:29.150+0000] {dag.py:3047} INFO - Sync 1 DAGs
[2024-12-09T21:59:29.169+0000] {logging_mixin.py:188} INFO - [2024-12-09T21:59:29.168+0000] {dag.py:3834} INFO - Setting next_dagrun for example_nested_branch_dag to 2024-12-08 00:00:00+00:00, run_after=2024-12-09 00:00:00+00:00
[2024-12-09T21:59:29.191+0000] {processor.py:183} INFO - Processing /home/airflow/.local/lib/python3.10/site-packages/airflow/example_dags/example_nested_branch_dag.py took 0.079 seconds
[2024-12-09T21:59:59.359+0000] {processor.py:161} INFO - Started process (PID=2693) to work on /home/airflow/.local/lib/python3.10/site-packages/airflow/example_dags/example_nested_branch_dag.py
[2024-12-09T21:59:59.360+0000] {processor.py:830} INFO - Processing file /home/airflow/.local/lib/python3.10/site-packages/airflow/example_dags/example_nested_branch_dag.py for tasks to queue
[2024-12-09T21:59:59.362+0000] {logging_mixin.py:188} INFO - [2024-12-09T21:59:59.362+0000] {dagbag.py:540} INFO - Filling up the DagBag from /home/airflow/.local/lib/python3.10/site-packages/airflow/example_dags/example_nested_branch_dag.py
[2024-12-09T21:59:59.371+0000] {processor.py:840} INFO - DAG(s) 'example_nested_branch_dag' retrieved from /home/airflow/.local/lib/python3.10/site-packages/airflow/example_dags/example_nested_branch_dag.py
[2024-12-09T21:59:59.392+0000] {logging_mixin.py:188} INFO - [2024-12-09T21:59:59.391+0000] {dag.py:3047} INFO - Sync 1 DAGs
[2024-12-09T21:59:59.408+0000] {logging_mixin.py:188} INFO - [2024-12-09T21:59:59.408+0000] {dag.py:3834} INFO - Setting next_dagrun for example_nested_branch_dag to 2024-12-08 00:00:00+00:00, run_after=2024-12-09 00:00:00+00:00
[2024-12-09T21:59:59.426+0000] {processor.py:183} INFO - Processing /home/airflow/.local/lib/python3.10/site-packages/airflow/example_dags/example_nested_branch_dag.py took 0.071 seconds
