[2024-12-09T13:35:40.624+0000] {processor.py:161} INFO - Started process (PID=72) to work on /home/airflow/.local/lib/python3.10/site-packages/airflow/example_dags/example_sla_dag.py
[2024-12-09T13:35:40.627+0000] {processor.py:830} INFO - Processing file /home/airflow/.local/lib/python3.10/site-packages/airflow/example_dags/example_sla_dag.py for tasks to queue
[2024-12-09T13:35:40.701+0000] {logging_mixin.py:188} INFO - [2024-12-09T13:35:40.700+0000] {dagbag.py:540} INFO - Filling up the DagBag from /home/airflow/.local/lib/python3.10/site-packages/airflow/example_dags/example_sla_dag.py
[2024-12-09T13:35:40.812+0000] {processor.py:840} INFO - DAG(s) 'example_sla_dag' retrieved from /home/airflow/.local/lib/python3.10/site-packages/airflow/example_dags/example_sla_dag.py
[2024-12-09T13:35:41.010+0000] {logging_mixin.py:188} INFO - [2024-12-09T13:35:41.009+0000] {dag.py:3047} INFO - Sync 1 DAGs
[2024-12-09T13:35:41.144+0000] {logging_mixin.py:188} INFO - [2024-12-09T13:35:41.144+0000] {dag.py:3834} INFO - Setting next_dagrun for example_sla_dag to 2024-12-09 13:32:00+00:00, run_after=2024-12-09 13:34:00+00:00
[2024-12-09T13:35:41.257+0000] {processor.py:183} INFO - Processing /home/airflow/.local/lib/python3.10/site-packages/airflow/example_dags/example_sla_dag.py took 0.640 seconds
[2024-12-09T20:37:18.426+0000] {processor.py:161} INFO - Started process (PID=72) to work on /home/airflow/.local/lib/python3.10/site-packages/airflow/example_dags/example_sla_dag.py
[2024-12-09T20:37:18.431+0000] {processor.py:830} INFO - Processing file /home/airflow/.local/lib/python3.10/site-packages/airflow/example_dags/example_sla_dag.py for tasks to queue
[2024-12-09T20:37:18.435+0000] {logging_mixin.py:188} INFO - [2024-12-09T20:37:18.435+0000] {dagbag.py:540} INFO - Filling up the DagBag from /home/airflow/.local/lib/python3.10/site-packages/airflow/example_dags/example_sla_dag.py
[2024-12-09T20:37:18.546+0000] {processor.py:840} INFO - DAG(s) 'example_sla_dag' retrieved from /home/airflow/.local/lib/python3.10/site-packages/airflow/example_dags/example_sla_dag.py
[2024-12-09T20:37:19.065+0000] {logging_mixin.py:188} INFO - [2024-12-09T20:37:19.064+0000] {dag.py:3047} INFO - Sync 1 DAGs
[2024-12-09T20:37:19.264+0000] {logging_mixin.py:188} INFO - [2024-12-09T20:37:19.264+0000] {dag.py:3834} INFO - Setting next_dagrun for example_sla_dag to 2024-12-09 20:34:00+00:00, run_after=2024-12-09 20:36:00+00:00
[2024-12-09T20:37:19.431+0000] {processor.py:183} INFO - Processing /home/airflow/.local/lib/python3.10/site-packages/airflow/example_dags/example_sla_dag.py took 1.097 seconds
[2024-12-09T20:37:49.732+0000] {processor.py:161} INFO - Started process (PID=128) to work on /home/airflow/.local/lib/python3.10/site-packages/airflow/example_dags/example_sla_dag.py
[2024-12-09T20:37:49.751+0000] {processor.py:830} INFO - Processing file /home/airflow/.local/lib/python3.10/site-packages/airflow/example_dags/example_sla_dag.py for tasks to queue
[2024-12-09T20:37:49.777+0000] {logging_mixin.py:188} INFO - [2024-12-09T20:37:49.775+0000] {dagbag.py:540} INFO - Filling up the DagBag from /home/airflow/.local/lib/python3.10/site-packages/airflow/example_dags/example_sla_dag.py
[2024-12-09T20:37:49.853+0000] {processor.py:840} INFO - DAG(s) 'example_sla_dag' retrieved from /home/airflow/.local/lib/python3.10/site-packages/airflow/example_dags/example_sla_dag.py
[2024-12-09T20:37:49.973+0000] {logging_mixin.py:188} INFO - [2024-12-09T20:37:49.972+0000] {dag.py:3047} INFO - Sync 1 DAGs
[2024-12-09T20:37:50.240+0000] {logging_mixin.py:188} INFO - [2024-12-09T20:37:50.239+0000] {dag.py:3834} INFO - Setting next_dagrun for example_sla_dag to 2024-12-09 20:34:00+00:00, run_after=2024-12-09 20:36:00+00:00
[2024-12-09T20:37:50.291+0000] {processor.py:183} INFO - Processing /home/airflow/.local/lib/python3.10/site-packages/airflow/example_dags/example_sla_dag.py took 0.591 seconds
[2024-12-09T20:38:21.213+0000] {processor.py:161} INFO - Started process (PID=184) to work on /home/airflow/.local/lib/python3.10/site-packages/airflow/example_dags/example_sla_dag.py
[2024-12-09T20:38:21.215+0000] {processor.py:830} INFO - Processing file /home/airflow/.local/lib/python3.10/site-packages/airflow/example_dags/example_sla_dag.py for tasks to queue
[2024-12-09T20:38:21.217+0000] {logging_mixin.py:188} INFO - [2024-12-09T20:38:21.217+0000] {dagbag.py:540} INFO - Filling up the DagBag from /home/airflow/.local/lib/python3.10/site-packages/airflow/example_dags/example_sla_dag.py
[2024-12-09T20:38:21.224+0000] {processor.py:840} INFO - DAG(s) 'example_sla_dag' retrieved from /home/airflow/.local/lib/python3.10/site-packages/airflow/example_dags/example_sla_dag.py
[2024-12-09T20:38:21.244+0000] {logging_mixin.py:188} INFO - [2024-12-09T20:38:21.244+0000] {dag.py:3047} INFO - Sync 1 DAGs
[2024-12-09T20:38:21.266+0000] {logging_mixin.py:188} INFO - [2024-12-09T20:38:21.266+0000] {dag.py:3834} INFO - Setting next_dagrun for example_sla_dag to 2024-12-09 20:36:00+00:00, run_after=2024-12-09 20:38:00+00:00
[2024-12-09T20:38:21.286+0000] {processor.py:183} INFO - Processing /home/airflow/.local/lib/python3.10/site-packages/airflow/example_dags/example_sla_dag.py took 0.075 seconds
[2024-12-09T20:38:51.710+0000] {processor.py:161} INFO - Started process (PID=240) to work on /home/airflow/.local/lib/python3.10/site-packages/airflow/example_dags/example_sla_dag.py
[2024-12-09T20:38:51.711+0000] {processor.py:830} INFO - Processing file /home/airflow/.local/lib/python3.10/site-packages/airflow/example_dags/example_sla_dag.py for tasks to queue
[2024-12-09T20:38:51.713+0000] {logging_mixin.py:188} INFO - [2024-12-09T20:38:51.713+0000] {dagbag.py:540} INFO - Filling up the DagBag from /home/airflow/.local/lib/python3.10/site-packages/airflow/example_dags/example_sla_dag.py
[2024-12-09T20:38:51.720+0000] {processor.py:840} INFO - DAG(s) 'example_sla_dag' retrieved from /home/airflow/.local/lib/python3.10/site-packages/airflow/example_dags/example_sla_dag.py
[2024-12-09T20:38:51.740+0000] {logging_mixin.py:188} INFO - [2024-12-09T20:38:51.740+0000] {dag.py:3047} INFO - Sync 1 DAGs
[2024-12-09T20:38:51.762+0000] {logging_mixin.py:188} INFO - [2024-12-09T20:38:51.762+0000] {dag.py:3834} INFO - Setting next_dagrun for example_sla_dag to 2024-12-09 20:36:00+00:00, run_after=2024-12-09 20:38:00+00:00
[2024-12-09T20:38:51.781+0000] {processor.py:183} INFO - Processing /home/airflow/.local/lib/python3.10/site-packages/airflow/example_dags/example_sla_dag.py took 0.074 seconds
[2024-12-09T20:39:22.066+0000] {processor.py:161} INFO - Started process (PID=296) to work on /home/airflow/.local/lib/python3.10/site-packages/airflow/example_dags/example_sla_dag.py
[2024-12-09T20:39:22.067+0000] {processor.py:830} INFO - Processing file /home/airflow/.local/lib/python3.10/site-packages/airflow/example_dags/example_sla_dag.py for tasks to queue
[2024-12-09T20:39:22.069+0000] {logging_mixin.py:188} INFO - [2024-12-09T20:39:22.068+0000] {dagbag.py:540} INFO - Filling up the DagBag from /home/airflow/.local/lib/python3.10/site-packages/airflow/example_dags/example_sla_dag.py
[2024-12-09T20:39:22.082+0000] {processor.py:840} INFO - DAG(s) 'example_sla_dag' retrieved from /home/airflow/.local/lib/python3.10/site-packages/airflow/example_dags/example_sla_dag.py
[2024-12-09T20:39:22.103+0000] {logging_mixin.py:188} INFO - [2024-12-09T20:39:22.102+0000] {dag.py:3047} INFO - Sync 1 DAGs
[2024-12-09T20:39:22.131+0000] {logging_mixin.py:188} INFO - [2024-12-09T20:39:22.131+0000] {dag.py:3834} INFO - Setting next_dagrun for example_sla_dag to 2024-12-09 20:36:00+00:00, run_after=2024-12-09 20:38:00+00:00
[2024-12-09T20:39:22.152+0000] {processor.py:183} INFO - Processing /home/airflow/.local/lib/python3.10/site-packages/airflow/example_dags/example_sla_dag.py took 0.090 seconds
[2024-12-09T20:39:52.683+0000] {processor.py:161} INFO - Started process (PID=351) to work on /home/airflow/.local/lib/python3.10/site-packages/airflow/example_dags/example_sla_dag.py
[2024-12-09T20:39:52.684+0000] {processor.py:830} INFO - Processing file /home/airflow/.local/lib/python3.10/site-packages/airflow/example_dags/example_sla_dag.py for tasks to queue
[2024-12-09T20:39:52.686+0000] {logging_mixin.py:188} INFO - [2024-12-09T20:39:52.686+0000] {dagbag.py:540} INFO - Filling up the DagBag from /home/airflow/.local/lib/python3.10/site-packages/airflow/example_dags/example_sla_dag.py
[2024-12-09T20:39:52.695+0000] {processor.py:840} INFO - DAG(s) 'example_sla_dag' retrieved from /home/airflow/.local/lib/python3.10/site-packages/airflow/example_dags/example_sla_dag.py
[2024-12-09T20:39:52.715+0000] {logging_mixin.py:188} INFO - [2024-12-09T20:39:52.714+0000] {dag.py:3047} INFO - Sync 1 DAGs
[2024-12-09T20:39:52.738+0000] {logging_mixin.py:188} INFO - [2024-12-09T20:39:52.738+0000] {dag.py:3834} INFO - Setting next_dagrun for example_sla_dag to 2024-12-09 20:36:00+00:00, run_after=2024-12-09 20:38:00+00:00
[2024-12-09T20:39:52.757+0000] {processor.py:183} INFO - Processing /home/airflow/.local/lib/python3.10/site-packages/airflow/example_dags/example_sla_dag.py took 0.077 seconds
[2024-12-09T20:40:23.426+0000] {processor.py:161} INFO - Started process (PID=406) to work on /home/airflow/.local/lib/python3.10/site-packages/airflow/example_dags/example_sla_dag.py
[2024-12-09T20:40:23.427+0000] {processor.py:830} INFO - Processing file /home/airflow/.local/lib/python3.10/site-packages/airflow/example_dags/example_sla_dag.py for tasks to queue
[2024-12-09T20:40:23.429+0000] {logging_mixin.py:188} INFO - [2024-12-09T20:40:23.429+0000] {dagbag.py:540} INFO - Filling up the DagBag from /home/airflow/.local/lib/python3.10/site-packages/airflow/example_dags/example_sla_dag.py
[2024-12-09T20:40:23.437+0000] {processor.py:840} INFO - DAG(s) 'example_sla_dag' retrieved from /home/airflow/.local/lib/python3.10/site-packages/airflow/example_dags/example_sla_dag.py
[2024-12-09T20:40:23.458+0000] {logging_mixin.py:188} INFO - [2024-12-09T20:40:23.457+0000] {dag.py:3047} INFO - Sync 1 DAGs
[2024-12-09T20:40:23.480+0000] {logging_mixin.py:188} INFO - [2024-12-09T20:40:23.479+0000] {dag.py:3834} INFO - Setting next_dagrun for example_sla_dag to 2024-12-09 20:38:00+00:00, run_after=2024-12-09 20:40:00+00:00
[2024-12-09T20:40:23.498+0000] {processor.py:183} INFO - Processing /home/airflow/.local/lib/python3.10/site-packages/airflow/example_dags/example_sla_dag.py took 0.075 seconds
[2024-12-09T20:40:54.321+0000] {processor.py:161} INFO - Started process (PID=462) to work on /home/airflow/.local/lib/python3.10/site-packages/airflow/example_dags/example_sla_dag.py
[2024-12-09T20:40:54.324+0000] {processor.py:830} INFO - Processing file /home/airflow/.local/lib/python3.10/site-packages/airflow/example_dags/example_sla_dag.py for tasks to queue
[2024-12-09T20:40:54.328+0000] {logging_mixin.py:188} INFO - [2024-12-09T20:40:54.328+0000] {dagbag.py:540} INFO - Filling up the DagBag from /home/airflow/.local/lib/python3.10/site-packages/airflow/example_dags/example_sla_dag.py
[2024-12-09T20:40:54.346+0000] {processor.py:840} INFO - DAG(s) 'example_sla_dag' retrieved from /home/airflow/.local/lib/python3.10/site-packages/airflow/example_dags/example_sla_dag.py
[2024-12-09T20:40:54.376+0000] {logging_mixin.py:188} INFO - [2024-12-09T20:40:54.375+0000] {dag.py:3047} INFO - Sync 1 DAGs
[2024-12-09T20:40:54.414+0000] {logging_mixin.py:188} INFO - [2024-12-09T20:40:54.414+0000] {dag.py:3834} INFO - Setting next_dagrun for example_sla_dag to 2024-12-09 20:38:00+00:00, run_after=2024-12-09 20:40:00+00:00
[2024-12-09T20:40:54.443+0000] {processor.py:183} INFO - Processing /home/airflow/.local/lib/python3.10/site-packages/airflow/example_dags/example_sla_dag.py took 0.127 seconds
[2024-12-09T20:41:24.495+0000] {processor.py:161} INFO - Started process (PID=517) to work on /home/airflow/.local/lib/python3.10/site-packages/airflow/example_dags/example_sla_dag.py
[2024-12-09T20:41:24.496+0000] {processor.py:830} INFO - Processing file /home/airflow/.local/lib/python3.10/site-packages/airflow/example_dags/example_sla_dag.py for tasks to queue
[2024-12-09T20:41:24.498+0000] {logging_mixin.py:188} INFO - [2024-12-09T20:41:24.498+0000] {dagbag.py:540} INFO - Filling up the DagBag from /home/airflow/.local/lib/python3.10/site-packages/airflow/example_dags/example_sla_dag.py
[2024-12-09T20:41:24.505+0000] {processor.py:840} INFO - DAG(s) 'example_sla_dag' retrieved from /home/airflow/.local/lib/python3.10/site-packages/airflow/example_dags/example_sla_dag.py
[2024-12-09T20:41:24.525+0000] {logging_mixin.py:188} INFO - [2024-12-09T20:41:24.524+0000] {dag.py:3047} INFO - Sync 1 DAGs
[2024-12-09T20:41:24.547+0000] {logging_mixin.py:188} INFO - [2024-12-09T20:41:24.547+0000] {dag.py:3834} INFO - Setting next_dagrun for example_sla_dag to 2024-12-09 20:38:00+00:00, run_after=2024-12-09 20:40:00+00:00
[2024-12-09T20:41:24.568+0000] {processor.py:183} INFO - Processing /home/airflow/.local/lib/python3.10/site-packages/airflow/example_dags/example_sla_dag.py took 0.077 seconds
[2024-12-09T20:41:54.934+0000] {processor.py:161} INFO - Started process (PID=572) to work on /home/airflow/.local/lib/python3.10/site-packages/airflow/example_dags/example_sla_dag.py
[2024-12-09T20:41:54.936+0000] {processor.py:830} INFO - Processing file /home/airflow/.local/lib/python3.10/site-packages/airflow/example_dags/example_sla_dag.py for tasks to queue
[2024-12-09T20:41:54.938+0000] {logging_mixin.py:188} INFO - [2024-12-09T20:41:54.938+0000] {dagbag.py:540} INFO - Filling up the DagBag from /home/airflow/.local/lib/python3.10/site-packages/airflow/example_dags/example_sla_dag.py
[2024-12-09T20:41:54.945+0000] {processor.py:840} INFO - DAG(s) 'example_sla_dag' retrieved from /home/airflow/.local/lib/python3.10/site-packages/airflow/example_dags/example_sla_dag.py
[2024-12-09T20:41:54.964+0000] {logging_mixin.py:188} INFO - [2024-12-09T20:41:54.963+0000] {dag.py:3047} INFO - Sync 1 DAGs
[2024-12-09T20:41:54.985+0000] {logging_mixin.py:188} INFO - [2024-12-09T20:41:54.985+0000] {dag.py:3834} INFO - Setting next_dagrun for example_sla_dag to 2024-12-09 20:38:00+00:00, run_after=2024-12-09 20:40:00+00:00
[2024-12-09T20:41:55.006+0000] {processor.py:183} INFO - Processing /home/airflow/.local/lib/python3.10/site-packages/airflow/example_dags/example_sla_dag.py took 0.075 seconds
[2024-12-09T20:42:25.213+0000] {processor.py:161} INFO - Started process (PID=628) to work on /home/airflow/.local/lib/python3.10/site-packages/airflow/example_dags/example_sla_dag.py
[2024-12-09T20:42:25.214+0000] {processor.py:830} INFO - Processing file /home/airflow/.local/lib/python3.10/site-packages/airflow/example_dags/example_sla_dag.py for tasks to queue
[2024-12-09T20:42:25.216+0000] {logging_mixin.py:188} INFO - [2024-12-09T20:42:25.216+0000] {dagbag.py:540} INFO - Filling up the DagBag from /home/airflow/.local/lib/python3.10/site-packages/airflow/example_dags/example_sla_dag.py
[2024-12-09T20:42:25.224+0000] {processor.py:840} INFO - DAG(s) 'example_sla_dag' retrieved from /home/airflow/.local/lib/python3.10/site-packages/airflow/example_dags/example_sla_dag.py
[2024-12-09T20:42:25.243+0000] {logging_mixin.py:188} INFO - [2024-12-09T20:42:25.243+0000] {dag.py:3047} INFO - Sync 1 DAGs
[2024-12-09T20:42:25.265+0000] {logging_mixin.py:188} INFO - [2024-12-09T20:42:25.265+0000] {dag.py:3834} INFO - Setting next_dagrun for example_sla_dag to 2024-12-09 20:40:00+00:00, run_after=2024-12-09 20:42:00+00:00
[2024-12-09T20:42:25.286+0000] {processor.py:183} INFO - Processing /home/airflow/.local/lib/python3.10/site-packages/airflow/example_dags/example_sla_dag.py took 0.076 seconds
[2024-12-09T20:42:55.497+0000] {processor.py:161} INFO - Started process (PID=684) to work on /home/airflow/.local/lib/python3.10/site-packages/airflow/example_dags/example_sla_dag.py
[2024-12-09T20:42:55.498+0000] {processor.py:830} INFO - Processing file /home/airflow/.local/lib/python3.10/site-packages/airflow/example_dags/example_sla_dag.py for tasks to queue
[2024-12-09T20:42:55.501+0000] {logging_mixin.py:188} INFO - [2024-12-09T20:42:55.500+0000] {dagbag.py:540} INFO - Filling up the DagBag from /home/airflow/.local/lib/python3.10/site-packages/airflow/example_dags/example_sla_dag.py
[2024-12-09T20:42:55.509+0000] {processor.py:840} INFO - DAG(s) 'example_sla_dag' retrieved from /home/airflow/.local/lib/python3.10/site-packages/airflow/example_dags/example_sla_dag.py
[2024-12-09T20:42:55.528+0000] {logging_mixin.py:188} INFO - [2024-12-09T20:42:55.527+0000] {dag.py:3047} INFO - Sync 1 DAGs
[2024-12-09T20:42:55.549+0000] {logging_mixin.py:188} INFO - [2024-12-09T20:42:55.549+0000] {dag.py:3834} INFO - Setting next_dagrun for example_sla_dag to 2024-12-09 20:40:00+00:00, run_after=2024-12-09 20:42:00+00:00
[2024-12-09T20:42:55.570+0000] {processor.py:183} INFO - Processing /home/airflow/.local/lib/python3.10/site-packages/airflow/example_dags/example_sla_dag.py took 0.077 seconds
[2024-12-09T20:43:25.766+0000] {processor.py:161} INFO - Started process (PID=739) to work on /home/airflow/.local/lib/python3.10/site-packages/airflow/example_dags/example_sla_dag.py
[2024-12-09T20:43:25.767+0000] {processor.py:830} INFO - Processing file /home/airflow/.local/lib/python3.10/site-packages/airflow/example_dags/example_sla_dag.py for tasks to queue
[2024-12-09T20:43:25.769+0000] {logging_mixin.py:188} INFO - [2024-12-09T20:43:25.768+0000] {dagbag.py:540} INFO - Filling up the DagBag from /home/airflow/.local/lib/python3.10/site-packages/airflow/example_dags/example_sla_dag.py
[2024-12-09T20:43:25.777+0000] {processor.py:840} INFO - DAG(s) 'example_sla_dag' retrieved from /home/airflow/.local/lib/python3.10/site-packages/airflow/example_dags/example_sla_dag.py
[2024-12-09T20:43:25.795+0000] {logging_mixin.py:188} INFO - [2024-12-09T20:43:25.794+0000] {dag.py:3047} INFO - Sync 1 DAGs
[2024-12-09T20:43:25.814+0000] {logging_mixin.py:188} INFO - [2024-12-09T20:43:25.814+0000] {dag.py:3834} INFO - Setting next_dagrun for example_sla_dag to 2024-12-09 20:40:00+00:00, run_after=2024-12-09 20:42:00+00:00
[2024-12-09T20:43:25.832+0000] {processor.py:183} INFO - Processing /home/airflow/.local/lib/python3.10/site-packages/airflow/example_dags/example_sla_dag.py took 0.070 seconds
[2024-12-09T20:43:55.932+0000] {processor.py:161} INFO - Started process (PID=795) to work on /home/airflow/.local/lib/python3.10/site-packages/airflow/example_dags/example_sla_dag.py
[2024-12-09T20:43:55.933+0000] {processor.py:830} INFO - Processing file /home/airflow/.local/lib/python3.10/site-packages/airflow/example_dags/example_sla_dag.py for tasks to queue
[2024-12-09T20:43:55.935+0000] {logging_mixin.py:188} INFO - [2024-12-09T20:43:55.935+0000] {dagbag.py:540} INFO - Filling up the DagBag from /home/airflow/.local/lib/python3.10/site-packages/airflow/example_dags/example_sla_dag.py
[2024-12-09T20:43:55.945+0000] {processor.py:840} INFO - DAG(s) 'example_sla_dag' retrieved from /home/airflow/.local/lib/python3.10/site-packages/airflow/example_dags/example_sla_dag.py
[2024-12-09T20:43:55.966+0000] {logging_mixin.py:188} INFO - [2024-12-09T20:43:55.966+0000] {dag.py:3047} INFO - Sync 1 DAGs
[2024-12-09T20:43:55.993+0000] {logging_mixin.py:188} INFO - [2024-12-09T20:43:55.993+0000] {dag.py:3834} INFO - Setting next_dagrun for example_sla_dag to 2024-12-09 20:40:00+00:00, run_after=2024-12-09 20:42:00+00:00
[2024-12-09T20:43:56.014+0000] {processor.py:183} INFO - Processing /home/airflow/.local/lib/python3.10/site-packages/airflow/example_dags/example_sla_dag.py took 0.086 seconds
[2024-12-09T20:44:26.615+0000] {processor.py:161} INFO - Started process (PID=851) to work on /home/airflow/.local/lib/python3.10/site-packages/airflow/example_dags/example_sla_dag.py
[2024-12-09T20:44:26.616+0000] {processor.py:830} INFO - Processing file /home/airflow/.local/lib/python3.10/site-packages/airflow/example_dags/example_sla_dag.py for tasks to queue
[2024-12-09T20:44:26.619+0000] {logging_mixin.py:188} INFO - [2024-12-09T20:44:26.618+0000] {dagbag.py:540} INFO - Filling up the DagBag from /home/airflow/.local/lib/python3.10/site-packages/airflow/example_dags/example_sla_dag.py
[2024-12-09T20:44:26.627+0000] {processor.py:840} INFO - DAG(s) 'example_sla_dag' retrieved from /home/airflow/.local/lib/python3.10/site-packages/airflow/example_dags/example_sla_dag.py
[2024-12-09T20:44:26.646+0000] {logging_mixin.py:188} INFO - [2024-12-09T20:44:26.646+0000] {dag.py:3047} INFO - Sync 1 DAGs
[2024-12-09T20:44:26.668+0000] {logging_mixin.py:188} INFO - [2024-12-09T20:44:26.667+0000] {dag.py:3834} INFO - Setting next_dagrun for example_sla_dag to 2024-12-09 20:42:00+00:00, run_after=2024-12-09 20:44:00+00:00
[2024-12-09T20:44:26.689+0000] {processor.py:183} INFO - Processing /home/airflow/.local/lib/python3.10/site-packages/airflow/example_dags/example_sla_dag.py took 0.077 seconds
[2024-12-09T20:44:56.765+0000] {processor.py:161} INFO - Started process (PID=907) to work on /home/airflow/.local/lib/python3.10/site-packages/airflow/example_dags/example_sla_dag.py
[2024-12-09T20:44:56.767+0000] {processor.py:830} INFO - Processing file /home/airflow/.local/lib/python3.10/site-packages/airflow/example_dags/example_sla_dag.py for tasks to queue
[2024-12-09T20:44:56.769+0000] {logging_mixin.py:188} INFO - [2024-12-09T20:44:56.769+0000] {dagbag.py:540} INFO - Filling up the DagBag from /home/airflow/.local/lib/python3.10/site-packages/airflow/example_dags/example_sla_dag.py
[2024-12-09T20:44:56.780+0000] {processor.py:840} INFO - DAG(s) 'example_sla_dag' retrieved from /home/airflow/.local/lib/python3.10/site-packages/airflow/example_dags/example_sla_dag.py
[2024-12-09T20:44:56.805+0000] {logging_mixin.py:188} INFO - [2024-12-09T20:44:56.804+0000] {dag.py:3047} INFO - Sync 1 DAGs
[2024-12-09T20:44:56.837+0000] {logging_mixin.py:188} INFO - [2024-12-09T20:44:56.836+0000] {dag.py:3834} INFO - Setting next_dagrun for example_sla_dag to 2024-12-09 20:42:00+00:00, run_after=2024-12-09 20:44:00+00:00
[2024-12-09T20:44:56.861+0000] {processor.py:183} INFO - Processing /home/airflow/.local/lib/python3.10/site-packages/airflow/example_dags/example_sla_dag.py took 0.099 seconds
[2024-12-09T20:45:27.051+0000] {processor.py:161} INFO - Started process (PID=963) to work on /home/airflow/.local/lib/python3.10/site-packages/airflow/example_dags/example_sla_dag.py
[2024-12-09T20:45:27.053+0000] {processor.py:830} INFO - Processing file /home/airflow/.local/lib/python3.10/site-packages/airflow/example_dags/example_sla_dag.py for tasks to queue
[2024-12-09T20:45:27.054+0000] {logging_mixin.py:188} INFO - [2024-12-09T20:45:27.054+0000] {dagbag.py:540} INFO - Filling up the DagBag from /home/airflow/.local/lib/python3.10/site-packages/airflow/example_dags/example_sla_dag.py
[2024-12-09T20:45:27.062+0000] {processor.py:840} INFO - DAG(s) 'example_sla_dag' retrieved from /home/airflow/.local/lib/python3.10/site-packages/airflow/example_dags/example_sla_dag.py
[2024-12-09T20:45:27.081+0000] {logging_mixin.py:188} INFO - [2024-12-09T20:45:27.081+0000] {dag.py:3047} INFO - Sync 1 DAGs
[2024-12-09T20:45:27.102+0000] {logging_mixin.py:188} INFO - [2024-12-09T20:45:27.102+0000] {dag.py:3834} INFO - Setting next_dagrun for example_sla_dag to 2024-12-09 20:42:00+00:00, run_after=2024-12-09 20:44:00+00:00
[2024-12-09T20:45:27.122+0000] {processor.py:183} INFO - Processing /home/airflow/.local/lib/python3.10/site-packages/airflow/example_dags/example_sla_dag.py took 0.074 seconds
[2024-12-09T20:45:57.930+0000] {processor.py:161} INFO - Started process (PID=1018) to work on /home/airflow/.local/lib/python3.10/site-packages/airflow/example_dags/example_sla_dag.py
[2024-12-09T20:45:57.932+0000] {processor.py:830} INFO - Processing file /home/airflow/.local/lib/python3.10/site-packages/airflow/example_dags/example_sla_dag.py for tasks to queue
[2024-12-09T20:45:57.936+0000] {logging_mixin.py:188} INFO - [2024-12-09T20:45:57.935+0000] {dagbag.py:540} INFO - Filling up the DagBag from /home/airflow/.local/lib/python3.10/site-packages/airflow/example_dags/example_sla_dag.py
[2024-12-09T20:45:57.951+0000] {processor.py:840} INFO - DAG(s) 'example_sla_dag' retrieved from /home/airflow/.local/lib/python3.10/site-packages/airflow/example_dags/example_sla_dag.py
[2024-12-09T20:45:57.983+0000] {logging_mixin.py:188} INFO - [2024-12-09T20:45:57.983+0000] {dag.py:3047} INFO - Sync 1 DAGs
[2024-12-09T20:45:58.015+0000] {logging_mixin.py:188} INFO - [2024-12-09T20:45:58.015+0000] {dag.py:3834} INFO - Setting next_dagrun for example_sla_dag to 2024-12-09 20:42:00+00:00, run_after=2024-12-09 20:44:00+00:00
[2024-12-09T20:45:58.046+0000] {processor.py:183} INFO - Processing /home/airflow/.local/lib/python3.10/site-packages/airflow/example_dags/example_sla_dag.py took 0.122 seconds
[2024-12-09T20:46:28.244+0000] {processor.py:161} INFO - Started process (PID=1074) to work on /home/airflow/.local/lib/python3.10/site-packages/airflow/example_dags/example_sla_dag.py
[2024-12-09T20:46:28.245+0000] {processor.py:830} INFO - Processing file /home/airflow/.local/lib/python3.10/site-packages/airflow/example_dags/example_sla_dag.py for tasks to queue
[2024-12-09T20:46:28.247+0000] {logging_mixin.py:188} INFO - [2024-12-09T20:46:28.247+0000] {dagbag.py:540} INFO - Filling up the DagBag from /home/airflow/.local/lib/python3.10/site-packages/airflow/example_dags/example_sla_dag.py
[2024-12-09T20:46:28.254+0000] {processor.py:840} INFO - DAG(s) 'example_sla_dag' retrieved from /home/airflow/.local/lib/python3.10/site-packages/airflow/example_dags/example_sla_dag.py
[2024-12-09T20:46:28.273+0000] {logging_mixin.py:188} INFO - [2024-12-09T20:46:28.273+0000] {dag.py:3047} INFO - Sync 1 DAGs
[2024-12-09T20:46:28.294+0000] {logging_mixin.py:188} INFO - [2024-12-09T20:46:28.294+0000] {dag.py:3834} INFO - Setting next_dagrun for example_sla_dag to 2024-12-09 20:44:00+00:00, run_after=2024-12-09 20:46:00+00:00
[2024-12-09T20:46:28.314+0000] {processor.py:183} INFO - Processing /home/airflow/.local/lib/python3.10/site-packages/airflow/example_dags/example_sla_dag.py took 0.074 seconds
[2024-12-09T20:46:58.637+0000] {processor.py:161} INFO - Started process (PID=1130) to work on /home/airflow/.local/lib/python3.10/site-packages/airflow/example_dags/example_sla_dag.py
[2024-12-09T20:46:58.638+0000] {processor.py:830} INFO - Processing file /home/airflow/.local/lib/python3.10/site-packages/airflow/example_dags/example_sla_dag.py for tasks to queue
[2024-12-09T20:46:58.640+0000] {logging_mixin.py:188} INFO - [2024-12-09T20:46:58.640+0000] {dagbag.py:540} INFO - Filling up the DagBag from /home/airflow/.local/lib/python3.10/site-packages/airflow/example_dags/example_sla_dag.py
[2024-12-09T20:46:58.650+0000] {processor.py:840} INFO - DAG(s) 'example_sla_dag' retrieved from /home/airflow/.local/lib/python3.10/site-packages/airflow/example_dags/example_sla_dag.py
[2024-12-09T20:46:58.668+0000] {logging_mixin.py:188} INFO - [2024-12-09T20:46:58.668+0000] {dag.py:3047} INFO - Sync 1 DAGs
[2024-12-09T20:46:58.691+0000] {logging_mixin.py:188} INFO - [2024-12-09T20:46:58.691+0000] {dag.py:3834} INFO - Setting next_dagrun for example_sla_dag to 2024-12-09 20:44:00+00:00, run_after=2024-12-09 20:46:00+00:00
[2024-12-09T20:46:58.709+0000] {processor.py:183} INFO - Processing /home/airflow/.local/lib/python3.10/site-packages/airflow/example_dags/example_sla_dag.py took 0.075 seconds
[2024-12-09T20:47:28.779+0000] {processor.py:161} INFO - Started process (PID=1186) to work on /home/airflow/.local/lib/python3.10/site-packages/airflow/example_dags/example_sla_dag.py
[2024-12-09T20:47:28.780+0000] {processor.py:830} INFO - Processing file /home/airflow/.local/lib/python3.10/site-packages/airflow/example_dags/example_sla_dag.py for tasks to queue
[2024-12-09T20:47:28.782+0000] {logging_mixin.py:188} INFO - [2024-12-09T20:47:28.782+0000] {dagbag.py:540} INFO - Filling up the DagBag from /home/airflow/.local/lib/python3.10/site-packages/airflow/example_dags/example_sla_dag.py
[2024-12-09T20:47:28.789+0000] {processor.py:840} INFO - DAG(s) 'example_sla_dag' retrieved from /home/airflow/.local/lib/python3.10/site-packages/airflow/example_dags/example_sla_dag.py
[2024-12-09T20:47:28.809+0000] {logging_mixin.py:188} INFO - [2024-12-09T20:47:28.808+0000] {dag.py:3047} INFO - Sync 1 DAGs
[2024-12-09T20:47:28.830+0000] {logging_mixin.py:188} INFO - [2024-12-09T20:47:28.830+0000] {dag.py:3834} INFO - Setting next_dagrun for example_sla_dag to 2024-12-09 20:44:00+00:00, run_after=2024-12-09 20:46:00+00:00
[2024-12-09T20:47:28.850+0000] {processor.py:183} INFO - Processing /home/airflow/.local/lib/python3.10/site-packages/airflow/example_dags/example_sla_dag.py took 0.075 seconds
[2024-12-09T20:47:59.309+0000] {processor.py:161} INFO - Started process (PID=1241) to work on /home/airflow/.local/lib/python3.10/site-packages/airflow/example_dags/example_sla_dag.py
[2024-12-09T20:47:59.310+0000] {processor.py:830} INFO - Processing file /home/airflow/.local/lib/python3.10/site-packages/airflow/example_dags/example_sla_dag.py for tasks to queue
[2024-12-09T20:47:59.312+0000] {logging_mixin.py:188} INFO - [2024-12-09T20:47:59.311+0000] {dagbag.py:540} INFO - Filling up the DagBag from /home/airflow/.local/lib/python3.10/site-packages/airflow/example_dags/example_sla_dag.py
[2024-12-09T20:47:59.320+0000] {processor.py:840} INFO - DAG(s) 'example_sla_dag' retrieved from /home/airflow/.local/lib/python3.10/site-packages/airflow/example_dags/example_sla_dag.py
[2024-12-09T20:47:59.338+0000] {logging_mixin.py:188} INFO - [2024-12-09T20:47:59.338+0000] {dag.py:3047} INFO - Sync 1 DAGs
[2024-12-09T20:47:59.359+0000] {logging_mixin.py:188} INFO - [2024-12-09T20:47:59.359+0000] {dag.py:3834} INFO - Setting next_dagrun for example_sla_dag to 2024-12-09 20:44:00+00:00, run_after=2024-12-09 20:46:00+00:00
[2024-12-09T20:47:59.380+0000] {processor.py:183} INFO - Processing /home/airflow/.local/lib/python3.10/site-packages/airflow/example_dags/example_sla_dag.py took 0.075 seconds
[2024-12-09T20:48:30.044+0000] {processor.py:161} INFO - Started process (PID=1296) to work on /home/airflow/.local/lib/python3.10/site-packages/airflow/example_dags/example_sla_dag.py
[2024-12-09T20:48:30.045+0000] {processor.py:830} INFO - Processing file /home/airflow/.local/lib/python3.10/site-packages/airflow/example_dags/example_sla_dag.py for tasks to queue
[2024-12-09T20:48:30.047+0000] {logging_mixin.py:188} INFO - [2024-12-09T20:48:30.046+0000] {dagbag.py:540} INFO - Filling up the DagBag from /home/airflow/.local/lib/python3.10/site-packages/airflow/example_dags/example_sla_dag.py
[2024-12-09T20:48:30.054+0000] {processor.py:840} INFO - DAG(s) 'example_sla_dag' retrieved from /home/airflow/.local/lib/python3.10/site-packages/airflow/example_dags/example_sla_dag.py
[2024-12-09T20:48:30.072+0000] {logging_mixin.py:188} INFO - [2024-12-09T20:48:30.072+0000] {dag.py:3047} INFO - Sync 1 DAGs
[2024-12-09T20:48:30.095+0000] {logging_mixin.py:188} INFO - [2024-12-09T20:48:30.095+0000] {dag.py:3834} INFO - Setting next_dagrun for example_sla_dag to 2024-12-09 20:46:00+00:00, run_after=2024-12-09 20:48:00+00:00
[2024-12-09T20:48:30.114+0000] {processor.py:183} INFO - Processing /home/airflow/.local/lib/python3.10/site-packages/airflow/example_dags/example_sla_dag.py took 0.073 seconds
[2024-12-09T20:49:00.182+0000] {processor.py:161} INFO - Started process (PID=1351) to work on /home/airflow/.local/lib/python3.10/site-packages/airflow/example_dags/example_sla_dag.py
[2024-12-09T20:49:00.183+0000] {processor.py:830} INFO - Processing file /home/airflow/.local/lib/python3.10/site-packages/airflow/example_dags/example_sla_dag.py for tasks to queue
[2024-12-09T20:49:00.185+0000] {logging_mixin.py:188} INFO - [2024-12-09T20:49:00.185+0000] {dagbag.py:540} INFO - Filling up the DagBag from /home/airflow/.local/lib/python3.10/site-packages/airflow/example_dags/example_sla_dag.py
[2024-12-09T20:49:00.193+0000] {processor.py:840} INFO - DAG(s) 'example_sla_dag' retrieved from /home/airflow/.local/lib/python3.10/site-packages/airflow/example_dags/example_sla_dag.py
[2024-12-09T20:49:00.212+0000] {logging_mixin.py:188} INFO - [2024-12-09T20:49:00.212+0000] {dag.py:3047} INFO - Sync 1 DAGs
[2024-12-09T20:49:00.235+0000] {logging_mixin.py:188} INFO - [2024-12-09T20:49:00.234+0000] {dag.py:3834} INFO - Setting next_dagrun for example_sla_dag to 2024-12-09 20:46:00+00:00, run_after=2024-12-09 20:48:00+00:00
[2024-12-09T20:49:00.256+0000] {processor.py:183} INFO - Processing /home/airflow/.local/lib/python3.10/site-packages/airflow/example_dags/example_sla_dag.py took 0.077 seconds
[2024-12-09T20:49:30.290+0000] {processor.py:161} INFO - Started process (PID=1406) to work on /home/airflow/.local/lib/python3.10/site-packages/airflow/example_dags/example_sla_dag.py
[2024-12-09T20:49:30.291+0000] {processor.py:830} INFO - Processing file /home/airflow/.local/lib/python3.10/site-packages/airflow/example_dags/example_sla_dag.py for tasks to queue
[2024-12-09T20:49:30.293+0000] {logging_mixin.py:188} INFO - [2024-12-09T20:49:30.293+0000] {dagbag.py:540} INFO - Filling up the DagBag from /home/airflow/.local/lib/python3.10/site-packages/airflow/example_dags/example_sla_dag.py
[2024-12-09T20:49:30.301+0000] {processor.py:840} INFO - DAG(s) 'example_sla_dag' retrieved from /home/airflow/.local/lib/python3.10/site-packages/airflow/example_dags/example_sla_dag.py
[2024-12-09T20:49:30.321+0000] {logging_mixin.py:188} INFO - [2024-12-09T20:49:30.320+0000] {dag.py:3047} INFO - Sync 1 DAGs
[2024-12-09T20:49:30.344+0000] {logging_mixin.py:188} INFO - [2024-12-09T20:49:30.343+0000] {dag.py:3834} INFO - Setting next_dagrun for example_sla_dag to 2024-12-09 20:46:00+00:00, run_after=2024-12-09 20:48:00+00:00
[2024-12-09T20:49:30.364+0000] {processor.py:183} INFO - Processing /home/airflow/.local/lib/python3.10/site-packages/airflow/example_dags/example_sla_dag.py took 0.078 seconds
[2024-12-09T20:50:00.779+0000] {processor.py:161} INFO - Started process (PID=1462) to work on /home/airflow/.local/lib/python3.10/site-packages/airflow/example_dags/example_sla_dag.py
[2024-12-09T20:50:00.781+0000] {processor.py:830} INFO - Processing file /home/airflow/.local/lib/python3.10/site-packages/airflow/example_dags/example_sla_dag.py for tasks to queue
[2024-12-09T20:50:00.783+0000] {logging_mixin.py:188} INFO - [2024-12-09T20:50:00.783+0000] {dagbag.py:540} INFO - Filling up the DagBag from /home/airflow/.local/lib/python3.10/site-packages/airflow/example_dags/example_sla_dag.py
[2024-12-09T20:50:00.791+0000] {processor.py:840} INFO - DAG(s) 'example_sla_dag' retrieved from /home/airflow/.local/lib/python3.10/site-packages/airflow/example_dags/example_sla_dag.py
[2024-12-09T20:50:00.808+0000] {logging_mixin.py:188} INFO - [2024-12-09T20:50:00.808+0000] {dag.py:3047} INFO - Sync 1 DAGs
[2024-12-09T20:50:00.829+0000] {logging_mixin.py:188} INFO - [2024-12-09T20:50:00.829+0000] {dag.py:3834} INFO - Setting next_dagrun for example_sla_dag to 2024-12-09 20:48:00+00:00, run_after=2024-12-09 20:50:00+00:00
[2024-12-09T20:50:00.849+0000] {processor.py:183} INFO - Processing /home/airflow/.local/lib/python3.10/site-packages/airflow/example_dags/example_sla_dag.py took 0.073 seconds
[2024-12-09T20:50:31.178+0000] {processor.py:161} INFO - Started process (PID=1517) to work on /home/airflow/.local/lib/python3.10/site-packages/airflow/example_dags/example_sla_dag.py
[2024-12-09T20:50:31.179+0000] {processor.py:830} INFO - Processing file /home/airflow/.local/lib/python3.10/site-packages/airflow/example_dags/example_sla_dag.py for tasks to queue
[2024-12-09T20:50:31.181+0000] {logging_mixin.py:188} INFO - [2024-12-09T20:50:31.181+0000] {dagbag.py:540} INFO - Filling up the DagBag from /home/airflow/.local/lib/python3.10/site-packages/airflow/example_dags/example_sla_dag.py
[2024-12-09T20:50:31.189+0000] {processor.py:840} INFO - DAG(s) 'example_sla_dag' retrieved from /home/airflow/.local/lib/python3.10/site-packages/airflow/example_dags/example_sla_dag.py
[2024-12-09T20:50:31.208+0000] {logging_mixin.py:188} INFO - [2024-12-09T20:50:31.208+0000] {dag.py:3047} INFO - Sync 1 DAGs
[2024-12-09T20:50:31.230+0000] {logging_mixin.py:188} INFO - [2024-12-09T20:50:31.230+0000] {dag.py:3834} INFO - Setting next_dagrun for example_sla_dag to 2024-12-09 20:48:00+00:00, run_after=2024-12-09 20:50:00+00:00
[2024-12-09T20:50:31.248+0000] {processor.py:183} INFO - Processing /home/airflow/.local/lib/python3.10/site-packages/airflow/example_dags/example_sla_dag.py took 0.074 seconds
[2024-12-09T20:51:01.736+0000] {processor.py:161} INFO - Started process (PID=1573) to work on /home/airflow/.local/lib/python3.10/site-packages/airflow/example_dags/example_sla_dag.py
[2024-12-09T20:51:01.737+0000] {processor.py:830} INFO - Processing file /home/airflow/.local/lib/python3.10/site-packages/airflow/example_dags/example_sla_dag.py for tasks to queue
[2024-12-09T20:51:01.739+0000] {logging_mixin.py:188} INFO - [2024-12-09T20:51:01.739+0000] {dagbag.py:540} INFO - Filling up the DagBag from /home/airflow/.local/lib/python3.10/site-packages/airflow/example_dags/example_sla_dag.py
[2024-12-09T20:51:01.747+0000] {processor.py:840} INFO - DAG(s) 'example_sla_dag' retrieved from /home/airflow/.local/lib/python3.10/site-packages/airflow/example_dags/example_sla_dag.py
[2024-12-09T20:51:01.765+0000] {logging_mixin.py:188} INFO - [2024-12-09T20:51:01.765+0000] {dag.py:3047} INFO - Sync 1 DAGs
[2024-12-09T20:51:01.891+0000] {logging_mixin.py:188} INFO - [2024-12-09T20:51:01.891+0000] {dag.py:3834} INFO - Setting next_dagrun for example_sla_dag to 2024-12-09 20:48:00+00:00, run_after=2024-12-09 20:50:00+00:00
[2024-12-09T20:51:01.908+0000] {processor.py:183} INFO - Processing /home/airflow/.local/lib/python3.10/site-packages/airflow/example_dags/example_sla_dag.py took 0.176 seconds
[2024-12-09T20:51:31.954+0000] {processor.py:161} INFO - Started process (PID=1629) to work on /home/airflow/.local/lib/python3.10/site-packages/airflow/example_dags/example_sla_dag.py
[2024-12-09T20:51:31.955+0000] {processor.py:830} INFO - Processing file /home/airflow/.local/lib/python3.10/site-packages/airflow/example_dags/example_sla_dag.py for tasks to queue
[2024-12-09T20:51:31.958+0000] {logging_mixin.py:188} INFO - [2024-12-09T20:51:31.957+0000] {dagbag.py:540} INFO - Filling up the DagBag from /home/airflow/.local/lib/python3.10/site-packages/airflow/example_dags/example_sla_dag.py
[2024-12-09T20:51:31.966+0000] {processor.py:840} INFO - DAG(s) 'example_sla_dag' retrieved from /home/airflow/.local/lib/python3.10/site-packages/airflow/example_dags/example_sla_dag.py
[2024-12-09T20:51:31.985+0000] {logging_mixin.py:188} INFO - [2024-12-09T20:51:31.985+0000] {dag.py:3047} INFO - Sync 1 DAGs
[2024-12-09T20:51:32.008+0000] {logging_mixin.py:188} INFO - [2024-12-09T20:51:32.008+0000] {dag.py:3834} INFO - Setting next_dagrun for example_sla_dag to 2024-12-09 20:48:00+00:00, run_after=2024-12-09 20:50:00+00:00
[2024-12-09T20:51:32.155+0000] {processor.py:183} INFO - Processing /home/airflow/.local/lib/python3.10/site-packages/airflow/example_dags/example_sla_dag.py took 0.204 seconds
[2024-12-09T20:52:02.500+0000] {processor.py:161} INFO - Started process (PID=1685) to work on /home/airflow/.local/lib/python3.10/site-packages/airflow/example_dags/example_sla_dag.py
[2024-12-09T20:52:02.501+0000] {processor.py:830} INFO - Processing file /home/airflow/.local/lib/python3.10/site-packages/airflow/example_dags/example_sla_dag.py for tasks to queue
[2024-12-09T20:52:02.503+0000] {logging_mixin.py:188} INFO - [2024-12-09T20:52:02.503+0000] {dagbag.py:540} INFO - Filling up the DagBag from /home/airflow/.local/lib/python3.10/site-packages/airflow/example_dags/example_sla_dag.py
[2024-12-09T20:52:02.511+0000] {processor.py:840} INFO - DAG(s) 'example_sla_dag' retrieved from /home/airflow/.local/lib/python3.10/site-packages/airflow/example_dags/example_sla_dag.py
[2024-12-09T20:52:02.530+0000] {logging_mixin.py:188} INFO - [2024-12-09T20:52:02.530+0000] {dag.py:3047} INFO - Sync 1 DAGs
[2024-12-09T20:52:02.552+0000] {logging_mixin.py:188} INFO - [2024-12-09T20:52:02.551+0000] {dag.py:3834} INFO - Setting next_dagrun for example_sla_dag to 2024-12-09 20:50:00+00:00, run_after=2024-12-09 20:52:00+00:00
[2024-12-09T20:52:02.572+0000] {processor.py:183} INFO - Processing /home/airflow/.local/lib/python3.10/site-packages/airflow/example_dags/example_sla_dag.py took 0.075 seconds
[2024-12-09T20:52:33.492+0000] {processor.py:161} INFO - Started process (PID=1740) to work on /home/airflow/.local/lib/python3.10/site-packages/airflow/example_dags/example_sla_dag.py
[2024-12-09T20:52:33.493+0000] {processor.py:830} INFO - Processing file /home/airflow/.local/lib/python3.10/site-packages/airflow/example_dags/example_sla_dag.py for tasks to queue
[2024-12-09T20:52:33.495+0000] {logging_mixin.py:188} INFO - [2024-12-09T20:52:33.495+0000] {dagbag.py:540} INFO - Filling up the DagBag from /home/airflow/.local/lib/python3.10/site-packages/airflow/example_dags/example_sla_dag.py
[2024-12-09T20:52:33.502+0000] {processor.py:840} INFO - DAG(s) 'example_sla_dag' retrieved from /home/airflow/.local/lib/python3.10/site-packages/airflow/example_dags/example_sla_dag.py
[2024-12-09T20:52:33.520+0000] {logging_mixin.py:188} INFO - [2024-12-09T20:52:33.520+0000] {dag.py:3047} INFO - Sync 1 DAGs
[2024-12-09T20:52:33.542+0000] {logging_mixin.py:188} INFO - [2024-12-09T20:52:33.541+0000] {dag.py:3834} INFO - Setting next_dagrun for example_sla_dag to 2024-12-09 20:50:00+00:00, run_after=2024-12-09 20:52:00+00:00
[2024-12-09T20:52:33.561+0000] {processor.py:183} INFO - Processing /home/airflow/.local/lib/python3.10/site-packages/airflow/example_dags/example_sla_dag.py took 0.073 seconds
[2024-12-09T20:53:03.862+0000] {processor.py:161} INFO - Started process (PID=1795) to work on /home/airflow/.local/lib/python3.10/site-packages/airflow/example_dags/example_sla_dag.py
[2024-12-09T20:53:03.863+0000] {processor.py:830} INFO - Processing file /home/airflow/.local/lib/python3.10/site-packages/airflow/example_dags/example_sla_dag.py for tasks to queue
[2024-12-09T20:53:03.865+0000] {logging_mixin.py:188} INFO - [2024-12-09T20:53:03.865+0000] {dagbag.py:540} INFO - Filling up the DagBag from /home/airflow/.local/lib/python3.10/site-packages/airflow/example_dags/example_sla_dag.py
[2024-12-09T20:53:03.874+0000] {processor.py:840} INFO - DAG(s) 'example_sla_dag' retrieved from /home/airflow/.local/lib/python3.10/site-packages/airflow/example_dags/example_sla_dag.py
[2024-12-09T20:53:03.894+0000] {logging_mixin.py:188} INFO - [2024-12-09T20:53:03.894+0000] {dag.py:3047} INFO - Sync 1 DAGs
[2024-12-09T20:53:03.920+0000] {logging_mixin.py:188} INFO - [2024-12-09T20:53:03.920+0000] {dag.py:3834} INFO - Setting next_dagrun for example_sla_dag to 2024-12-09 20:50:00+00:00, run_after=2024-12-09 20:52:00+00:00
[2024-12-09T20:53:03.942+0000] {processor.py:183} INFO - Processing /home/airflow/.local/lib/python3.10/site-packages/airflow/example_dags/example_sla_dag.py took 0.083 seconds
[2024-12-09T20:53:34.220+0000] {processor.py:161} INFO - Started process (PID=1851) to work on /home/airflow/.local/lib/python3.10/site-packages/airflow/example_dags/example_sla_dag.py
[2024-12-09T20:53:34.222+0000] {processor.py:830} INFO - Processing file /home/airflow/.local/lib/python3.10/site-packages/airflow/example_dags/example_sla_dag.py for tasks to queue
[2024-12-09T20:53:34.224+0000] {logging_mixin.py:188} INFO - [2024-12-09T20:53:34.224+0000] {dagbag.py:540} INFO - Filling up the DagBag from /home/airflow/.local/lib/python3.10/site-packages/airflow/example_dags/example_sla_dag.py
[2024-12-09T20:53:34.232+0000] {processor.py:840} INFO - DAG(s) 'example_sla_dag' retrieved from /home/airflow/.local/lib/python3.10/site-packages/airflow/example_dags/example_sla_dag.py
[2024-12-09T20:53:34.394+0000] {logging_mixin.py:188} INFO - [2024-12-09T20:53:34.394+0000] {dag.py:3047} INFO - Sync 1 DAGs
[2024-12-09T20:53:34.417+0000] {logging_mixin.py:188} INFO - [2024-12-09T20:53:34.417+0000] {dag.py:3834} INFO - Setting next_dagrun for example_sla_dag to 2024-12-09 20:50:00+00:00, run_after=2024-12-09 20:52:00+00:00
[2024-12-09T20:53:34.438+0000] {processor.py:183} INFO - Processing /home/airflow/.local/lib/python3.10/site-packages/airflow/example_dags/example_sla_dag.py took 0.221 seconds
[2024-12-09T20:54:04.798+0000] {processor.py:161} INFO - Started process (PID=1906) to work on /home/airflow/.local/lib/python3.10/site-packages/airflow/example_dags/example_sla_dag.py
[2024-12-09T20:54:04.799+0000] {processor.py:830} INFO - Processing file /home/airflow/.local/lib/python3.10/site-packages/airflow/example_dags/example_sla_dag.py for tasks to queue
[2024-12-09T20:54:04.801+0000] {logging_mixin.py:188} INFO - [2024-12-09T20:54:04.801+0000] {dagbag.py:540} INFO - Filling up the DagBag from /home/airflow/.local/lib/python3.10/site-packages/airflow/example_dags/example_sla_dag.py
[2024-12-09T20:54:04.809+0000] {processor.py:840} INFO - DAG(s) 'example_sla_dag' retrieved from /home/airflow/.local/lib/python3.10/site-packages/airflow/example_dags/example_sla_dag.py
[2024-12-09T20:54:04.830+0000] {logging_mixin.py:188} INFO - [2024-12-09T20:54:04.830+0000] {dag.py:3047} INFO - Sync 1 DAGs
[2024-12-09T20:54:04.853+0000] {logging_mixin.py:188} INFO - [2024-12-09T20:54:04.853+0000] {dag.py:3834} INFO - Setting next_dagrun for example_sla_dag to 2024-12-09 20:52:00+00:00, run_after=2024-12-09 20:54:00+00:00
[2024-12-09T20:54:04.873+0000] {processor.py:183} INFO - Processing /home/airflow/.local/lib/python3.10/site-packages/airflow/example_dags/example_sla_dag.py took 0.079 seconds
[2024-12-09T20:54:35.833+0000] {processor.py:161} INFO - Started process (PID=1962) to work on /home/airflow/.local/lib/python3.10/site-packages/airflow/example_dags/example_sla_dag.py
[2024-12-09T20:54:35.834+0000] {processor.py:830} INFO - Processing file /home/airflow/.local/lib/python3.10/site-packages/airflow/example_dags/example_sla_dag.py for tasks to queue
[2024-12-09T20:54:35.836+0000] {logging_mixin.py:188} INFO - [2024-12-09T20:54:35.835+0000] {dagbag.py:540} INFO - Filling up the DagBag from /home/airflow/.local/lib/python3.10/site-packages/airflow/example_dags/example_sla_dag.py
[2024-12-09T20:54:35.844+0000] {processor.py:840} INFO - DAG(s) 'example_sla_dag' retrieved from /home/airflow/.local/lib/python3.10/site-packages/airflow/example_dags/example_sla_dag.py
[2024-12-09T20:54:35.863+0000] {logging_mixin.py:188} INFO - [2024-12-09T20:54:35.862+0000] {dag.py:3047} INFO - Sync 1 DAGs
[2024-12-09T20:54:35.888+0000] {logging_mixin.py:188} INFO - [2024-12-09T20:54:35.888+0000] {dag.py:3834} INFO - Setting next_dagrun for example_sla_dag to 2024-12-09 20:52:00+00:00, run_after=2024-12-09 20:54:00+00:00
[2024-12-09T20:54:35.905+0000] {processor.py:183} INFO - Processing /home/airflow/.local/lib/python3.10/site-packages/airflow/example_dags/example_sla_dag.py took 0.077 seconds
[2024-12-09T20:55:06.120+0000] {processor.py:161} INFO - Started process (PID=2017) to work on /home/airflow/.local/lib/python3.10/site-packages/airflow/example_dags/example_sla_dag.py
[2024-12-09T20:55:06.123+0000] {processor.py:830} INFO - Processing file /home/airflow/.local/lib/python3.10/site-packages/airflow/example_dags/example_sla_dag.py for tasks to queue
[2024-12-09T20:55:06.126+0000] {logging_mixin.py:188} INFO - [2024-12-09T20:55:06.125+0000] {dagbag.py:540} INFO - Filling up the DagBag from /home/airflow/.local/lib/python3.10/site-packages/airflow/example_dags/example_sla_dag.py
[2024-12-09T20:55:06.135+0000] {processor.py:840} INFO - DAG(s) 'example_sla_dag' retrieved from /home/airflow/.local/lib/python3.10/site-packages/airflow/example_dags/example_sla_dag.py
[2024-12-09T20:55:06.172+0000] {logging_mixin.py:188} INFO - [2024-12-09T20:55:06.172+0000] {dag.py:3047} INFO - Sync 1 DAGs
[2024-12-09T20:55:06.212+0000] {logging_mixin.py:188} INFO - [2024-12-09T20:55:06.212+0000] {dag.py:3834} INFO - Setting next_dagrun for example_sla_dag to 2024-12-09 20:52:00+00:00, run_after=2024-12-09 20:54:00+00:00
[2024-12-09T20:55:06.231+0000] {processor.py:183} INFO - Processing /home/airflow/.local/lib/python3.10/site-packages/airflow/example_dags/example_sla_dag.py took 0.114 seconds
[2024-12-09T20:55:36.408+0000] {processor.py:161} INFO - Started process (PID=2072) to work on /home/airflow/.local/lib/python3.10/site-packages/airflow/example_dags/example_sla_dag.py
[2024-12-09T20:55:36.409+0000] {processor.py:830} INFO - Processing file /home/airflow/.local/lib/python3.10/site-packages/airflow/example_dags/example_sla_dag.py for tasks to queue
[2024-12-09T20:55:36.411+0000] {logging_mixin.py:188} INFO - [2024-12-09T20:55:36.411+0000] {dagbag.py:540} INFO - Filling up the DagBag from /home/airflow/.local/lib/python3.10/site-packages/airflow/example_dags/example_sla_dag.py
[2024-12-09T20:55:36.419+0000] {processor.py:840} INFO - DAG(s) 'example_sla_dag' retrieved from /home/airflow/.local/lib/python3.10/site-packages/airflow/example_dags/example_sla_dag.py
[2024-12-09T20:55:36.438+0000] {logging_mixin.py:188} INFO - [2024-12-09T20:55:36.438+0000] {dag.py:3047} INFO - Sync 1 DAGs
[2024-12-09T20:55:36.462+0000] {logging_mixin.py:188} INFO - [2024-12-09T20:55:36.462+0000] {dag.py:3834} INFO - Setting next_dagrun for example_sla_dag to 2024-12-09 20:52:00+00:00, run_after=2024-12-09 20:54:00+00:00
[2024-12-09T20:55:36.482+0000] {processor.py:183} INFO - Processing /home/airflow/.local/lib/python3.10/site-packages/airflow/example_dags/example_sla_dag.py took 0.077 seconds
[2024-12-09T20:56:06.857+0000] {processor.py:161} INFO - Started process (PID=2127) to work on /home/airflow/.local/lib/python3.10/site-packages/airflow/example_dags/example_sla_dag.py
[2024-12-09T20:56:06.858+0000] {processor.py:830} INFO - Processing file /home/airflow/.local/lib/python3.10/site-packages/airflow/example_dags/example_sla_dag.py for tasks to queue
[2024-12-09T20:56:06.860+0000] {logging_mixin.py:188} INFO - [2024-12-09T20:56:06.859+0000] {dagbag.py:540} INFO - Filling up the DagBag from /home/airflow/.local/lib/python3.10/site-packages/airflow/example_dags/example_sla_dag.py
[2024-12-09T20:56:06.869+0000] {processor.py:840} INFO - DAG(s) 'example_sla_dag' retrieved from /home/airflow/.local/lib/python3.10/site-packages/airflow/example_dags/example_sla_dag.py
[2024-12-09T20:56:06.888+0000] {logging_mixin.py:188} INFO - [2024-12-09T20:56:06.887+0000] {dag.py:3047} INFO - Sync 1 DAGs
[2024-12-09T20:56:06.908+0000] {logging_mixin.py:188} INFO - [2024-12-09T20:56:06.908+0000] {dag.py:3834} INFO - Setting next_dagrun for example_sla_dag to 2024-12-09 20:54:00+00:00, run_after=2024-12-09 20:56:00+00:00
[2024-12-09T20:56:06.926+0000] {processor.py:183} INFO - Processing /home/airflow/.local/lib/python3.10/site-packages/airflow/example_dags/example_sla_dag.py took 0.073 seconds
[2024-12-09T20:56:37.368+0000] {processor.py:161} INFO - Started process (PID=2183) to work on /home/airflow/.local/lib/python3.10/site-packages/airflow/example_dags/example_sla_dag.py
[2024-12-09T20:56:37.369+0000] {processor.py:830} INFO - Processing file /home/airflow/.local/lib/python3.10/site-packages/airflow/example_dags/example_sla_dag.py for tasks to queue
[2024-12-09T20:56:37.371+0000] {logging_mixin.py:188} INFO - [2024-12-09T20:56:37.371+0000] {dagbag.py:540} INFO - Filling up the DagBag from /home/airflow/.local/lib/python3.10/site-packages/airflow/example_dags/example_sla_dag.py
[2024-12-09T20:56:37.381+0000] {processor.py:840} INFO - DAG(s) 'example_sla_dag' retrieved from /home/airflow/.local/lib/python3.10/site-packages/airflow/example_dags/example_sla_dag.py
[2024-12-09T20:56:37.403+0000] {logging_mixin.py:188} INFO - [2024-12-09T20:56:37.403+0000] {dag.py:3047} INFO - Sync 1 DAGs
[2024-12-09T20:56:37.427+0000] {logging_mixin.py:188} INFO - [2024-12-09T20:56:37.427+0000] {dag.py:3834} INFO - Setting next_dagrun for example_sla_dag to 2024-12-09 20:54:00+00:00, run_after=2024-12-09 20:56:00+00:00
[2024-12-09T20:56:37.448+0000] {processor.py:183} INFO - Processing /home/airflow/.local/lib/python3.10/site-packages/airflow/example_dags/example_sla_dag.py took 0.083 seconds
[2024-12-09T20:57:20.508+0000] {processor.py:161} INFO - Started process (PID=2245) to work on /home/airflow/.local/lib/python3.10/site-packages/airflow/example_dags/example_sla_dag.py
[2024-12-09T20:57:20.513+0000] {processor.py:830} INFO - Processing file /home/airflow/.local/lib/python3.10/site-packages/airflow/example_dags/example_sla_dag.py for tasks to queue
[2024-12-09T20:57:20.517+0000] {logging_mixin.py:188} INFO - [2024-12-09T20:57:20.516+0000] {dagbag.py:540} INFO - Filling up the DagBag from /home/airflow/.local/lib/python3.10/site-packages/airflow/example_dags/example_sla_dag.py
[2024-12-09T20:57:20.536+0000] {processor.py:840} INFO - DAG(s) 'example_sla_dag' retrieved from /home/airflow/.local/lib/python3.10/site-packages/airflow/example_dags/example_sla_dag.py
[2024-12-09T20:57:20.565+0000] {logging_mixin.py:188} INFO - [2024-12-09T20:57:20.565+0000] {dag.py:3047} INFO - Sync 1 DAGs
[2024-12-09T20:57:20.606+0000] {logging_mixin.py:188} INFO - [2024-12-09T20:57:20.605+0000] {dag.py:3834} INFO - Setting next_dagrun for example_sla_dag to 2024-12-09 20:54:00+00:00, run_after=2024-12-09 20:56:00+00:00
[2024-12-09T20:57:20.650+0000] {processor.py:183} INFO - Processing /home/airflow/.local/lib/python3.10/site-packages/airflow/example_dags/example_sla_dag.py took 0.147 seconds
[2024-12-09T20:57:50.818+0000] {processor.py:161} INFO - Started process (PID=2299) to work on /home/airflow/.local/lib/python3.10/site-packages/airflow/example_dags/example_sla_dag.py
[2024-12-09T20:57:50.820+0000] {processor.py:830} INFO - Processing file /home/airflow/.local/lib/python3.10/site-packages/airflow/example_dags/example_sla_dag.py for tasks to queue
[2024-12-09T20:57:50.824+0000] {logging_mixin.py:188} INFO - [2024-12-09T20:57:50.823+0000] {dagbag.py:540} INFO - Filling up the DagBag from /home/airflow/.local/lib/python3.10/site-packages/airflow/example_dags/example_sla_dag.py
[2024-12-09T20:57:50.841+0000] {processor.py:840} INFO - DAG(s) 'example_sla_dag' retrieved from /home/airflow/.local/lib/python3.10/site-packages/airflow/example_dags/example_sla_dag.py
[2024-12-09T20:57:50.908+0000] {logging_mixin.py:188} INFO - [2024-12-09T20:57:50.907+0000] {dag.py:3047} INFO - Sync 1 DAGs
[2024-12-09T20:57:50.952+0000] {logging_mixin.py:188} INFO - [2024-12-09T20:57:50.951+0000] {dag.py:3834} INFO - Setting next_dagrun for example_sla_dag to 2024-12-09 20:54:00+00:00, run_after=2024-12-09 20:56:00+00:00
[2024-12-09T20:57:50.984+0000] {processor.py:183} INFO - Processing /home/airflow/.local/lib/python3.10/site-packages/airflow/example_dags/example_sla_dag.py took 0.172 seconds
[2024-12-09T21:56:43.865+0000] {processor.py:161} INFO - Started process (PID=2358) to work on /home/airflow/.local/lib/python3.10/site-packages/airflow/example_dags/example_sla_dag.py
[2024-12-09T21:56:43.866+0000] {processor.py:830} INFO - Processing file /home/airflow/.local/lib/python3.10/site-packages/airflow/example_dags/example_sla_dag.py for tasks to queue
[2024-12-09T21:56:43.869+0000] {logging_mixin.py:188} INFO - [2024-12-09T21:56:43.869+0000] {dagbag.py:540} INFO - Filling up the DagBag from /home/airflow/.local/lib/python3.10/site-packages/airflow/example_dags/example_sla_dag.py
[2024-12-09T21:56:43.884+0000] {processor.py:840} INFO - DAG(s) 'example_sla_dag' retrieved from /home/airflow/.local/lib/python3.10/site-packages/airflow/example_dags/example_sla_dag.py
[2024-12-09T21:56:43.937+0000] {logging_mixin.py:188} INFO - [2024-12-09T21:56:43.937+0000] {dag.py:3047} INFO - Sync 1 DAGs
[2024-12-09T21:56:43.965+0000] {logging_mixin.py:188} INFO - [2024-12-09T21:56:43.964+0000] {dag.py:3834} INFO - Setting next_dagrun for example_sla_dag to 2024-12-09 21:54:00+00:00, run_after=2024-12-09 21:56:00+00:00
[2024-12-09T21:56:43.999+0000] {processor.py:183} INFO - Processing /home/airflow/.local/lib/python3.10/site-packages/airflow/example_dags/example_sla_dag.py took 0.139 seconds
[2024-12-09T21:57:14.778+0000] {processor.py:161} INFO - Started process (PID=2414) to work on /home/airflow/.local/lib/python3.10/site-packages/airflow/example_dags/example_sla_dag.py
[2024-12-09T21:57:14.779+0000] {processor.py:830} INFO - Processing file /home/airflow/.local/lib/python3.10/site-packages/airflow/example_dags/example_sla_dag.py for tasks to queue
[2024-12-09T21:57:14.781+0000] {logging_mixin.py:188} INFO - [2024-12-09T21:57:14.781+0000] {dagbag.py:540} INFO - Filling up the DagBag from /home/airflow/.local/lib/python3.10/site-packages/airflow/example_dags/example_sla_dag.py
[2024-12-09T21:57:14.790+0000] {processor.py:840} INFO - DAG(s) 'example_sla_dag' retrieved from /home/airflow/.local/lib/python3.10/site-packages/airflow/example_dags/example_sla_dag.py
[2024-12-09T21:57:14.810+0000] {logging_mixin.py:188} INFO - [2024-12-09T21:57:14.810+0000] {dag.py:3047} INFO - Sync 1 DAGs
[2024-12-09T21:57:14.831+0000] {logging_mixin.py:188} INFO - [2024-12-09T21:57:14.831+0000] {dag.py:3834} INFO - Setting next_dagrun for example_sla_dag to 2024-12-09 21:54:00+00:00, run_after=2024-12-09 21:56:00+00:00
[2024-12-09T21:57:14.852+0000] {processor.py:183} INFO - Processing /home/airflow/.local/lib/python3.10/site-packages/airflow/example_dags/example_sla_dag.py took 0.078 seconds
[2024-12-09T21:57:56.643+0000] {processor.py:161} INFO - Started process (PID=2470) to work on /home/airflow/.local/lib/python3.10/site-packages/airflow/example_dags/example_sla_dag.py
[2024-12-09T21:57:56.644+0000] {processor.py:830} INFO - Processing file /home/airflow/.local/lib/python3.10/site-packages/airflow/example_dags/example_sla_dag.py for tasks to queue
[2024-12-09T21:57:56.647+0000] {logging_mixin.py:188} INFO - [2024-12-09T21:57:56.646+0000] {dagbag.py:540} INFO - Filling up the DagBag from /home/airflow/.local/lib/python3.10/site-packages/airflow/example_dags/example_sla_dag.py
[2024-12-09T21:57:56.657+0000] {processor.py:840} INFO - DAG(s) 'example_sla_dag' retrieved from /home/airflow/.local/lib/python3.10/site-packages/airflow/example_dags/example_sla_dag.py
[2024-12-09T21:57:56.681+0000] {logging_mixin.py:188} INFO - [2024-12-09T21:57:56.681+0000] {dag.py:3047} INFO - Sync 1 DAGs
[2024-12-09T21:57:56.709+0000] {logging_mixin.py:188} INFO - [2024-12-09T21:57:56.709+0000] {dag.py:3834} INFO - Setting next_dagrun for example_sla_dag to 2024-12-09 21:54:00+00:00, run_after=2024-12-09 21:56:00+00:00
[2024-12-09T21:57:56.733+0000] {processor.py:183} INFO - Processing /home/airflow/.local/lib/python3.10/site-packages/airflow/example_dags/example_sla_dag.py took 0.094 seconds
[2024-12-09T21:58:27.246+0000] {processor.py:161} INFO - Started process (PID=2525) to work on /home/airflow/.local/lib/python3.10/site-packages/airflow/example_dags/example_sla_dag.py
[2024-12-09T21:58:27.248+0000] {processor.py:830} INFO - Processing file /home/airflow/.local/lib/python3.10/site-packages/airflow/example_dags/example_sla_dag.py for tasks to queue
[2024-12-09T21:58:27.250+0000] {logging_mixin.py:188} INFO - [2024-12-09T21:58:27.250+0000] {dagbag.py:540} INFO - Filling up the DagBag from /home/airflow/.local/lib/python3.10/site-packages/airflow/example_dags/example_sla_dag.py
[2024-12-09T21:58:27.258+0000] {processor.py:840} INFO - DAG(s) 'example_sla_dag' retrieved from /home/airflow/.local/lib/python3.10/site-packages/airflow/example_dags/example_sla_dag.py
[2024-12-09T21:58:27.279+0000] {logging_mixin.py:188} INFO - [2024-12-09T21:58:27.279+0000] {dag.py:3047} INFO - Sync 1 DAGs
[2024-12-09T21:58:27.300+0000] {logging_mixin.py:188} INFO - [2024-12-09T21:58:27.300+0000] {dag.py:3834} INFO - Setting next_dagrun for example_sla_dag to 2024-12-09 21:56:00+00:00, run_after=2024-12-09 21:58:00+00:00
[2024-12-09T21:58:27.321+0000] {processor.py:183} INFO - Processing /home/airflow/.local/lib/python3.10/site-packages/airflow/example_dags/example_sla_dag.py took 0.078 seconds
[2024-12-09T21:58:58.015+0000] {processor.py:161} INFO - Started process (PID=2580) to work on /home/airflow/.local/lib/python3.10/site-packages/airflow/example_dags/example_sla_dag.py
[2024-12-09T21:58:58.017+0000] {processor.py:830} INFO - Processing file /home/airflow/.local/lib/python3.10/site-packages/airflow/example_dags/example_sla_dag.py for tasks to queue
[2024-12-09T21:58:58.019+0000] {logging_mixin.py:188} INFO - [2024-12-09T21:58:58.018+0000] {dagbag.py:540} INFO - Filling up the DagBag from /home/airflow/.local/lib/python3.10/site-packages/airflow/example_dags/example_sla_dag.py
[2024-12-09T21:58:58.026+0000] {processor.py:840} INFO - DAG(s) 'example_sla_dag' retrieved from /home/airflow/.local/lib/python3.10/site-packages/airflow/example_dags/example_sla_dag.py
[2024-12-09T21:58:58.046+0000] {logging_mixin.py:188} INFO - [2024-12-09T21:58:58.046+0000] {dag.py:3047} INFO - Sync 1 DAGs
[2024-12-09T21:58:58.066+0000] {logging_mixin.py:188} INFO - [2024-12-09T21:58:58.066+0000] {dag.py:3834} INFO - Setting next_dagrun for example_sla_dag to 2024-12-09 21:56:00+00:00, run_after=2024-12-09 21:58:00+00:00
[2024-12-09T21:58:58.085+0000] {processor.py:183} INFO - Processing /home/airflow/.local/lib/python3.10/site-packages/airflow/example_dags/example_sla_dag.py took 0.073 seconds
[2024-12-09T21:59:29.004+0000] {processor.py:161} INFO - Started process (PID=2636) to work on /home/airflow/.local/lib/python3.10/site-packages/airflow/example_dags/example_sla_dag.py
[2024-12-09T21:59:29.006+0000] {processor.py:830} INFO - Processing file /home/airflow/.local/lib/python3.10/site-packages/airflow/example_dags/example_sla_dag.py for tasks to queue
[2024-12-09T21:59:29.008+0000] {logging_mixin.py:188} INFO - [2024-12-09T21:59:29.007+0000] {dagbag.py:540} INFO - Filling up the DagBag from /home/airflow/.local/lib/python3.10/site-packages/airflow/example_dags/example_sla_dag.py
[2024-12-09T21:59:29.016+0000] {processor.py:840} INFO - DAG(s) 'example_sla_dag' retrieved from /home/airflow/.local/lib/python3.10/site-packages/airflow/example_dags/example_sla_dag.py
[2024-12-09T21:59:29.034+0000] {logging_mixin.py:188} INFO - [2024-12-09T21:59:29.034+0000] {dag.py:3047} INFO - Sync 1 DAGs
[2024-12-09T21:59:29.054+0000] {logging_mixin.py:188} INFO - [2024-12-09T21:59:29.054+0000] {dag.py:3834} INFO - Setting next_dagrun for example_sla_dag to 2024-12-09 21:56:00+00:00, run_after=2024-12-09 21:58:00+00:00
[2024-12-09T21:59:29.076+0000] {processor.py:183} INFO - Processing /home/airflow/.local/lib/python3.10/site-packages/airflow/example_dags/example_sla_dag.py took 0.075 seconds
[2024-12-09T21:59:59.136+0000] {processor.py:161} INFO - Started process (PID=2691) to work on /home/airflow/.local/lib/python3.10/site-packages/airflow/example_dags/example_sla_dag.py
[2024-12-09T21:59:59.137+0000] {processor.py:830} INFO - Processing file /home/airflow/.local/lib/python3.10/site-packages/airflow/example_dags/example_sla_dag.py for tasks to queue
[2024-12-09T21:59:59.139+0000] {logging_mixin.py:188} INFO - [2024-12-09T21:59:59.139+0000] {dagbag.py:540} INFO - Filling up the DagBag from /home/airflow/.local/lib/python3.10/site-packages/airflow/example_dags/example_sla_dag.py
[2024-12-09T21:59:59.147+0000] {processor.py:840} INFO - DAG(s) 'example_sla_dag' retrieved from /home/airflow/.local/lib/python3.10/site-packages/airflow/example_dags/example_sla_dag.py
[2024-12-09T21:59:59.167+0000] {logging_mixin.py:188} INFO - [2024-12-09T21:59:59.167+0000] {dag.py:3047} INFO - Sync 1 DAGs
[2024-12-09T21:59:59.189+0000] {logging_mixin.py:188} INFO - [2024-12-09T21:59:59.188+0000] {dag.py:3834} INFO - Setting next_dagrun for example_sla_dag to 2024-12-09 21:56:00+00:00, run_after=2024-12-09 21:58:00+00:00
[2024-12-09T21:59:59.210+0000] {processor.py:183} INFO - Processing /home/airflow/.local/lib/python3.10/site-packages/airflow/example_dags/example_sla_dag.py took 0.078 seconds
