[2024-12-09T13:35:35.036+0000] {processor.py:161} INFO - Started process (PID=63) to work on /home/airflow/.local/lib/python3.10/site-packages/airflow/example_dags/example_sensor_decorator.py
[2024-12-09T13:35:35.073+0000] {processor.py:830} INFO - Processing file /home/airflow/.local/lib/python3.10/site-packages/airflow/example_dags/example_sensor_decorator.py for tasks to queue
[2024-12-09T13:35:35.111+0000] {logging_mixin.py:188} INFO - [2024-12-09T13:35:35.110+0000] {dagbag.py:540} INFO - Filling up the DagBag from /home/airflow/.local/lib/python3.10/site-packages/airflow/example_dags/example_sensor_decorator.py
[2024-12-09T13:35:35.241+0000] {processor.py:840} INFO - DAG(s) 'example_sensor_decorator' retrieved from /home/airflow/.local/lib/python3.10/site-packages/airflow/example_dags/example_sensor_decorator.py
[2024-12-09T13:35:35.427+0000] {logging_mixin.py:188} INFO - [2024-12-09T13:35:35.427+0000] {dag.py:3047} INFO - Sync 1 DAGs
[2024-12-09T13:35:35.510+0000] {logging_mixin.py:188} INFO - [2024-12-09T13:35:35.509+0000] {dag.py:3834} INFO - Setting next_dagrun for example_sensor_decorator to None, run_after=None
[2024-12-09T13:35:35.649+0000] {processor.py:183} INFO - Processing /home/airflow/.local/lib/python3.10/site-packages/airflow/example_dags/example_sensor_decorator.py took 0.717 seconds
[2024-12-09T20:37:11.495+0000] {processor.py:161} INFO - Started process (PID=63) to work on /home/airflow/.local/lib/python3.10/site-packages/airflow/example_dags/example_sensor_decorator.py
[2024-12-09T20:37:11.503+0000] {processor.py:830} INFO - Processing file /home/airflow/.local/lib/python3.10/site-packages/airflow/example_dags/example_sensor_decorator.py for tasks to queue
[2024-12-09T20:37:11.543+0000] {logging_mixin.py:188} INFO - [2024-12-09T20:37:11.541+0000] {dagbag.py:540} INFO - Filling up the DagBag from /home/airflow/.local/lib/python3.10/site-packages/airflow/example_dags/example_sensor_decorator.py
[2024-12-09T20:37:11.664+0000] {processor.py:840} INFO - DAG(s) 'example_sensor_decorator' retrieved from /home/airflow/.local/lib/python3.10/site-packages/airflow/example_dags/example_sensor_decorator.py
[2024-12-09T20:37:11.826+0000] {logging_mixin.py:188} INFO - [2024-12-09T20:37:11.825+0000] {dag.py:3047} INFO - Sync 1 DAGs
[2024-12-09T20:37:11.920+0000] {logging_mixin.py:188} INFO - [2024-12-09T20:37:11.920+0000] {dag.py:3834} INFO - Setting next_dagrun for example_sensor_decorator to None, run_after=None
[2024-12-09T20:37:12.028+0000] {processor.py:183} INFO - Processing /home/airflow/.local/lib/python3.10/site-packages/airflow/example_dags/example_sensor_decorator.py took 0.562 seconds
[2024-12-09T20:37:42.463+0000] {processor.py:161} INFO - Started process (PID=119) to work on /home/airflow/.local/lib/python3.10/site-packages/airflow/example_dags/example_sensor_decorator.py
[2024-12-09T20:37:42.468+0000] {processor.py:830} INFO - Processing file /home/airflow/.local/lib/python3.10/site-packages/airflow/example_dags/example_sensor_decorator.py for tasks to queue
[2024-12-09T20:37:42.472+0000] {logging_mixin.py:188} INFO - [2024-12-09T20:37:42.471+0000] {dagbag.py:540} INFO - Filling up the DagBag from /home/airflow/.local/lib/python3.10/site-packages/airflow/example_dags/example_sensor_decorator.py
[2024-12-09T20:37:42.487+0000] {processor.py:840} INFO - DAG(s) 'example_sensor_decorator' retrieved from /home/airflow/.local/lib/python3.10/site-packages/airflow/example_dags/example_sensor_decorator.py
[2024-12-09T20:37:42.529+0000] {logging_mixin.py:188} INFO - [2024-12-09T20:37:42.528+0000] {dag.py:3047} INFO - Sync 1 DAGs
[2024-12-09T20:37:42.548+0000] {logging_mixin.py:188} INFO - [2024-12-09T20:37:42.548+0000] {dag.py:3834} INFO - Setting next_dagrun for example_sensor_decorator to None, run_after=None
[2024-12-09T20:37:42.579+0000] {processor.py:183} INFO - Processing /home/airflow/.local/lib/python3.10/site-packages/airflow/example_dags/example_sensor_decorator.py took 0.122 seconds
[2024-12-09T20:38:12.733+0000] {processor.py:161} INFO - Started process (PID=175) to work on /home/airflow/.local/lib/python3.10/site-packages/airflow/example_dags/example_sensor_decorator.py
[2024-12-09T20:38:12.739+0000] {processor.py:830} INFO - Processing file /home/airflow/.local/lib/python3.10/site-packages/airflow/example_dags/example_sensor_decorator.py for tasks to queue
[2024-12-09T20:38:12.742+0000] {logging_mixin.py:188} INFO - [2024-12-09T20:38:12.741+0000] {dagbag.py:540} INFO - Filling up the DagBag from /home/airflow/.local/lib/python3.10/site-packages/airflow/example_dags/example_sensor_decorator.py
[2024-12-09T20:38:12.747+0000] {processor.py:840} INFO - DAG(s) 'example_sensor_decorator' retrieved from /home/airflow/.local/lib/python3.10/site-packages/airflow/example_dags/example_sensor_decorator.py
[2024-12-09T20:38:12.765+0000] {logging_mixin.py:188} INFO - [2024-12-09T20:38:12.765+0000] {dag.py:3047} INFO - Sync 1 DAGs
[2024-12-09T20:38:12.775+0000] {logging_mixin.py:188} INFO - [2024-12-09T20:38:12.775+0000] {dag.py:3834} INFO - Setting next_dagrun for example_sensor_decorator to None, run_after=None
[2024-12-09T20:38:12.795+0000] {processor.py:183} INFO - Processing /home/airflow/.local/lib/python3.10/site-packages/airflow/example_dags/example_sensor_decorator.py took 0.066 seconds
[2024-12-09T20:38:43.269+0000] {processor.py:161} INFO - Started process (PID=231) to work on /home/airflow/.local/lib/python3.10/site-packages/airflow/example_dags/example_sensor_decorator.py
[2024-12-09T20:38:43.271+0000] {processor.py:830} INFO - Processing file /home/airflow/.local/lib/python3.10/site-packages/airflow/example_dags/example_sensor_decorator.py for tasks to queue
[2024-12-09T20:38:43.273+0000] {logging_mixin.py:188} INFO - [2024-12-09T20:38:43.273+0000] {dagbag.py:540} INFO - Filling up the DagBag from /home/airflow/.local/lib/python3.10/site-packages/airflow/example_dags/example_sensor_decorator.py
[2024-12-09T20:38:43.278+0000] {processor.py:840} INFO - DAG(s) 'example_sensor_decorator' retrieved from /home/airflow/.local/lib/python3.10/site-packages/airflow/example_dags/example_sensor_decorator.py
[2024-12-09T20:38:43.296+0000] {logging_mixin.py:188} INFO - [2024-12-09T20:38:43.296+0000] {dag.py:3047} INFO - Sync 1 DAGs
[2024-12-09T20:38:43.306+0000] {logging_mixin.py:188} INFO - [2024-12-09T20:38:43.306+0000] {dag.py:3834} INFO - Setting next_dagrun for example_sensor_decorator to None, run_after=None
[2024-12-09T20:38:43.325+0000] {processor.py:183} INFO - Processing /home/airflow/.local/lib/python3.10/site-packages/airflow/example_dags/example_sensor_decorator.py took 0.059 seconds
[2024-12-09T20:39:13.610+0000] {processor.py:161} INFO - Started process (PID=287) to work on /home/airflow/.local/lib/python3.10/site-packages/airflow/example_dags/example_sensor_decorator.py
[2024-12-09T20:39:13.611+0000] {processor.py:830} INFO - Processing file /home/airflow/.local/lib/python3.10/site-packages/airflow/example_dags/example_sensor_decorator.py for tasks to queue
[2024-12-09T20:39:13.614+0000] {logging_mixin.py:188} INFO - [2024-12-09T20:39:13.613+0000] {dagbag.py:540} INFO - Filling up the DagBag from /home/airflow/.local/lib/python3.10/site-packages/airflow/example_dags/example_sensor_decorator.py
[2024-12-09T20:39:13.620+0000] {processor.py:840} INFO - DAG(s) 'example_sensor_decorator' retrieved from /home/airflow/.local/lib/python3.10/site-packages/airflow/example_dags/example_sensor_decorator.py
[2024-12-09T20:39:13.639+0000] {logging_mixin.py:188} INFO - [2024-12-09T20:39:13.639+0000] {dag.py:3047} INFO - Sync 1 DAGs
[2024-12-09T20:39:13.650+0000] {logging_mixin.py:188} INFO - [2024-12-09T20:39:13.650+0000] {dag.py:3834} INFO - Setting next_dagrun for example_sensor_decorator to None, run_after=None
[2024-12-09T20:39:13.666+0000] {processor.py:183} INFO - Processing /home/airflow/.local/lib/python3.10/site-packages/airflow/example_dags/example_sensor_decorator.py took 0.060 seconds
[2024-12-09T20:39:44.285+0000] {processor.py:161} INFO - Started process (PID=342) to work on /home/airflow/.local/lib/python3.10/site-packages/airflow/example_dags/example_sensor_decorator.py
[2024-12-09T20:39:44.286+0000] {processor.py:830} INFO - Processing file /home/airflow/.local/lib/python3.10/site-packages/airflow/example_dags/example_sensor_decorator.py for tasks to queue
[2024-12-09T20:39:44.288+0000] {logging_mixin.py:188} INFO - [2024-12-09T20:39:44.288+0000] {dagbag.py:540} INFO - Filling up the DagBag from /home/airflow/.local/lib/python3.10/site-packages/airflow/example_dags/example_sensor_decorator.py
[2024-12-09T20:39:44.294+0000] {processor.py:840} INFO - DAG(s) 'example_sensor_decorator' retrieved from /home/airflow/.local/lib/python3.10/site-packages/airflow/example_dags/example_sensor_decorator.py
[2024-12-09T20:39:44.311+0000] {logging_mixin.py:188} INFO - [2024-12-09T20:39:44.311+0000] {dag.py:3047} INFO - Sync 1 DAGs
[2024-12-09T20:39:44.322+0000] {logging_mixin.py:188} INFO - [2024-12-09T20:39:44.322+0000] {dag.py:3834} INFO - Setting next_dagrun for example_sensor_decorator to None, run_after=None
[2024-12-09T20:39:44.340+0000] {processor.py:183} INFO - Processing /home/airflow/.local/lib/python3.10/site-packages/airflow/example_dags/example_sensor_decorator.py took 0.059 seconds
[2024-12-09T20:40:15.006+0000] {processor.py:161} INFO - Started process (PID=397) to work on /home/airflow/.local/lib/python3.10/site-packages/airflow/example_dags/example_sensor_decorator.py
[2024-12-09T20:40:15.007+0000] {processor.py:830} INFO - Processing file /home/airflow/.local/lib/python3.10/site-packages/airflow/example_dags/example_sensor_decorator.py for tasks to queue
[2024-12-09T20:40:15.009+0000] {logging_mixin.py:188} INFO - [2024-12-09T20:40:15.009+0000] {dagbag.py:540} INFO - Filling up the DagBag from /home/airflow/.local/lib/python3.10/site-packages/airflow/example_dags/example_sensor_decorator.py
[2024-12-09T20:40:15.014+0000] {processor.py:840} INFO - DAG(s) 'example_sensor_decorator' retrieved from /home/airflow/.local/lib/python3.10/site-packages/airflow/example_dags/example_sensor_decorator.py
[2024-12-09T20:40:15.031+0000] {logging_mixin.py:188} INFO - [2024-12-09T20:40:15.031+0000] {dag.py:3047} INFO - Sync 1 DAGs
[2024-12-09T20:40:15.042+0000] {logging_mixin.py:188} INFO - [2024-12-09T20:40:15.042+0000] {dag.py:3834} INFO - Setting next_dagrun for example_sensor_decorator to None, run_after=None
[2024-12-09T20:40:15.061+0000] {processor.py:183} INFO - Processing /home/airflow/.local/lib/python3.10/site-packages/airflow/example_dags/example_sensor_decorator.py took 0.059 seconds
[2024-12-09T20:40:45.423+0000] {processor.py:161} INFO - Started process (PID=453) to work on /home/airflow/.local/lib/python3.10/site-packages/airflow/example_dags/example_sensor_decorator.py
[2024-12-09T20:40:45.427+0000] {processor.py:830} INFO - Processing file /home/airflow/.local/lib/python3.10/site-packages/airflow/example_dags/example_sensor_decorator.py for tasks to queue
[2024-12-09T20:40:45.433+0000] {logging_mixin.py:188} INFO - [2024-12-09T20:40:45.432+0000] {dagbag.py:540} INFO - Filling up the DagBag from /home/airflow/.local/lib/python3.10/site-packages/airflow/example_dags/example_sensor_decorator.py
[2024-12-09T20:40:45.452+0000] {processor.py:840} INFO - DAG(s) 'example_sensor_decorator' retrieved from /home/airflow/.local/lib/python3.10/site-packages/airflow/example_dags/example_sensor_decorator.py
[2024-12-09T20:40:45.506+0000] {logging_mixin.py:188} INFO - [2024-12-09T20:40:45.505+0000] {dag.py:3047} INFO - Sync 1 DAGs
[2024-12-09T20:40:45.547+0000] {logging_mixin.py:188} INFO - [2024-12-09T20:40:45.547+0000] {dag.py:3834} INFO - Setting next_dagrun for example_sensor_decorator to None, run_after=None
[2024-12-09T20:40:45.593+0000] {processor.py:183} INFO - Processing /home/airflow/.local/lib/python3.10/site-packages/airflow/example_dags/example_sensor_decorator.py took 0.179 seconds
[2024-12-09T20:41:15.930+0000] {processor.py:161} INFO - Started process (PID=508) to work on /home/airflow/.local/lib/python3.10/site-packages/airflow/example_dags/example_sensor_decorator.py
[2024-12-09T20:41:15.932+0000] {processor.py:830} INFO - Processing file /home/airflow/.local/lib/python3.10/site-packages/airflow/example_dags/example_sensor_decorator.py for tasks to queue
[2024-12-09T20:41:15.934+0000] {logging_mixin.py:188} INFO - [2024-12-09T20:41:15.934+0000] {dagbag.py:540} INFO - Filling up the DagBag from /home/airflow/.local/lib/python3.10/site-packages/airflow/example_dags/example_sensor_decorator.py
[2024-12-09T20:41:15.942+0000] {processor.py:840} INFO - DAG(s) 'example_sensor_decorator' retrieved from /home/airflow/.local/lib/python3.10/site-packages/airflow/example_dags/example_sensor_decorator.py
[2024-12-09T20:41:15.965+0000] {logging_mixin.py:188} INFO - [2024-12-09T20:41:15.964+0000] {dag.py:3047} INFO - Sync 1 DAGs
[2024-12-09T20:41:15.978+0000] {logging_mixin.py:188} INFO - [2024-12-09T20:41:15.978+0000] {dag.py:3834} INFO - Setting next_dagrun for example_sensor_decorator to None, run_after=None
[2024-12-09T20:41:16.000+0000] {processor.py:183} INFO - Processing /home/airflow/.local/lib/python3.10/site-packages/airflow/example_dags/example_sensor_decorator.py took 0.075 seconds
[2024-12-09T20:41:46.439+0000] {processor.py:161} INFO - Started process (PID=563) to work on /home/airflow/.local/lib/python3.10/site-packages/airflow/example_dags/example_sensor_decorator.py
[2024-12-09T20:41:46.442+0000] {processor.py:830} INFO - Processing file /home/airflow/.local/lib/python3.10/site-packages/airflow/example_dags/example_sensor_decorator.py for tasks to queue
[2024-12-09T20:41:46.445+0000] {logging_mixin.py:188} INFO - [2024-12-09T20:41:46.444+0000] {dagbag.py:540} INFO - Filling up the DagBag from /home/airflow/.local/lib/python3.10/site-packages/airflow/example_dags/example_sensor_decorator.py
[2024-12-09T20:41:46.453+0000] {processor.py:840} INFO - DAG(s) 'example_sensor_decorator' retrieved from /home/airflow/.local/lib/python3.10/site-packages/airflow/example_dags/example_sensor_decorator.py
[2024-12-09T20:41:46.486+0000] {logging_mixin.py:188} INFO - [2024-12-09T20:41:46.486+0000] {dag.py:3047} INFO - Sync 1 DAGs
[2024-12-09T20:41:46.513+0000] {logging_mixin.py:188} INFO - [2024-12-09T20:41:46.512+0000] {dag.py:3834} INFO - Setting next_dagrun for example_sensor_decorator to None, run_after=None
[2024-12-09T20:41:46.546+0000] {processor.py:183} INFO - Processing /home/airflow/.local/lib/python3.10/site-packages/airflow/example_dags/example_sensor_decorator.py took 0.113 seconds
[2024-12-09T20:42:16.729+0000] {processor.py:161} INFO - Started process (PID=619) to work on /home/airflow/.local/lib/python3.10/site-packages/airflow/example_dags/example_sensor_decorator.py
[2024-12-09T20:42:16.730+0000] {processor.py:830} INFO - Processing file /home/airflow/.local/lib/python3.10/site-packages/airflow/example_dags/example_sensor_decorator.py for tasks to queue
[2024-12-09T20:42:16.732+0000] {logging_mixin.py:188} INFO - [2024-12-09T20:42:16.731+0000] {dagbag.py:540} INFO - Filling up the DagBag from /home/airflow/.local/lib/python3.10/site-packages/airflow/example_dags/example_sensor_decorator.py
[2024-12-09T20:42:16.739+0000] {processor.py:840} INFO - DAG(s) 'example_sensor_decorator' retrieved from /home/airflow/.local/lib/python3.10/site-packages/airflow/example_dags/example_sensor_decorator.py
[2024-12-09T20:42:16.763+0000] {logging_mixin.py:188} INFO - [2024-12-09T20:42:16.762+0000] {dag.py:3047} INFO - Sync 1 DAGs
[2024-12-09T20:42:16.775+0000] {logging_mixin.py:188} INFO - [2024-12-09T20:42:16.775+0000] {dag.py:3834} INFO - Setting next_dagrun for example_sensor_decorator to None, run_after=None
[2024-12-09T20:42:16.801+0000] {processor.py:183} INFO - Processing /home/airflow/.local/lib/python3.10/site-packages/airflow/example_dags/example_sensor_decorator.py took 0.076 seconds
[2024-12-09T20:42:47.063+0000] {processor.py:161} INFO - Started process (PID=675) to work on /home/airflow/.local/lib/python3.10/site-packages/airflow/example_dags/example_sensor_decorator.py
[2024-12-09T20:42:47.065+0000] {processor.py:830} INFO - Processing file /home/airflow/.local/lib/python3.10/site-packages/airflow/example_dags/example_sensor_decorator.py for tasks to queue
[2024-12-09T20:42:47.066+0000] {logging_mixin.py:188} INFO - [2024-12-09T20:42:47.066+0000] {dagbag.py:540} INFO - Filling up the DagBag from /home/airflow/.local/lib/python3.10/site-packages/airflow/example_dags/example_sensor_decorator.py
[2024-12-09T20:42:47.073+0000] {processor.py:840} INFO - DAG(s) 'example_sensor_decorator' retrieved from /home/airflow/.local/lib/python3.10/site-packages/airflow/example_dags/example_sensor_decorator.py
[2024-12-09T20:42:47.094+0000] {logging_mixin.py:188} INFO - [2024-12-09T20:42:47.093+0000] {dag.py:3047} INFO - Sync 1 DAGs
[2024-12-09T20:42:47.106+0000] {logging_mixin.py:188} INFO - [2024-12-09T20:42:47.106+0000] {dag.py:3834} INFO - Setting next_dagrun for example_sensor_decorator to None, run_after=None
[2024-12-09T20:42:47.126+0000] {processor.py:183} INFO - Processing /home/airflow/.local/lib/python3.10/site-packages/airflow/example_dags/example_sensor_decorator.py took 0.066 seconds
[2024-12-09T20:43:18.184+0000] {processor.py:161} INFO - Started process (PID=730) to work on /home/airflow/.local/lib/python3.10/site-packages/airflow/example_dags/example_sensor_decorator.py
[2024-12-09T20:43:18.185+0000] {processor.py:830} INFO - Processing file /home/airflow/.local/lib/python3.10/site-packages/airflow/example_dags/example_sensor_decorator.py for tasks to queue
[2024-12-09T20:43:18.187+0000] {logging_mixin.py:188} INFO - [2024-12-09T20:43:18.187+0000] {dagbag.py:540} INFO - Filling up the DagBag from /home/airflow/.local/lib/python3.10/site-packages/airflow/example_dags/example_sensor_decorator.py
[2024-12-09T20:43:18.194+0000] {processor.py:840} INFO - DAG(s) 'example_sensor_decorator' retrieved from /home/airflow/.local/lib/python3.10/site-packages/airflow/example_dags/example_sensor_decorator.py
[2024-12-09T20:43:18.215+0000] {logging_mixin.py:188} INFO - [2024-12-09T20:43:18.214+0000] {dag.py:3047} INFO - Sync 1 DAGs
[2024-12-09T20:43:18.226+0000] {logging_mixin.py:188} INFO - [2024-12-09T20:43:18.226+0000] {dag.py:3834} INFO - Setting next_dagrun for example_sensor_decorator to None, run_after=None
[2024-12-09T20:43:18.243+0000] {processor.py:183} INFO - Processing /home/airflow/.local/lib/python3.10/site-packages/airflow/example_dags/example_sensor_decorator.py took 0.062 seconds
[2024-12-09T20:43:48.352+0000] {processor.py:161} INFO - Started process (PID=786) to work on /home/airflow/.local/lib/python3.10/site-packages/airflow/example_dags/example_sensor_decorator.py
[2024-12-09T20:43:48.354+0000] {processor.py:830} INFO - Processing file /home/airflow/.local/lib/python3.10/site-packages/airflow/example_dags/example_sensor_decorator.py for tasks to queue
[2024-12-09T20:43:48.356+0000] {logging_mixin.py:188} INFO - [2024-12-09T20:43:48.356+0000] {dagbag.py:540} INFO - Filling up the DagBag from /home/airflow/.local/lib/python3.10/site-packages/airflow/example_dags/example_sensor_decorator.py
[2024-12-09T20:43:48.363+0000] {processor.py:840} INFO - DAG(s) 'example_sensor_decorator' retrieved from /home/airflow/.local/lib/python3.10/site-packages/airflow/example_dags/example_sensor_decorator.py
[2024-12-09T20:43:48.385+0000] {logging_mixin.py:188} INFO - [2024-12-09T20:43:48.385+0000] {dag.py:3047} INFO - Sync 1 DAGs
[2024-12-09T20:43:48.397+0000] {logging_mixin.py:188} INFO - [2024-12-09T20:43:48.396+0000] {dag.py:3834} INFO - Setting next_dagrun for example_sensor_decorator to None, run_after=None
[2024-12-09T20:43:48.418+0000] {processor.py:183} INFO - Processing /home/airflow/.local/lib/python3.10/site-packages/airflow/example_dags/example_sensor_decorator.py took 0.069 seconds
[2024-12-09T20:44:19.139+0000] {processor.py:161} INFO - Started process (PID=842) to work on /home/airflow/.local/lib/python3.10/site-packages/airflow/example_dags/example_sensor_decorator.py
[2024-12-09T20:44:19.140+0000] {processor.py:830} INFO - Processing file /home/airflow/.local/lib/python3.10/site-packages/airflow/example_dags/example_sensor_decorator.py for tasks to queue
[2024-12-09T20:44:19.143+0000] {logging_mixin.py:188} INFO - [2024-12-09T20:44:19.142+0000] {dagbag.py:540} INFO - Filling up the DagBag from /home/airflow/.local/lib/python3.10/site-packages/airflow/example_dags/example_sensor_decorator.py
[2024-12-09T20:44:19.149+0000] {processor.py:840} INFO - DAG(s) 'example_sensor_decorator' retrieved from /home/airflow/.local/lib/python3.10/site-packages/airflow/example_dags/example_sensor_decorator.py
[2024-12-09T20:44:19.170+0000] {logging_mixin.py:188} INFO - [2024-12-09T20:44:19.169+0000] {dag.py:3047} INFO - Sync 1 DAGs
[2024-12-09T20:44:19.182+0000] {logging_mixin.py:188} INFO - [2024-12-09T20:44:19.181+0000] {dag.py:3834} INFO - Setting next_dagrun for example_sensor_decorator to None, run_after=None
[2024-12-09T20:44:19.203+0000] {processor.py:183} INFO - Processing /home/airflow/.local/lib/python3.10/site-packages/airflow/example_dags/example_sensor_decorator.py took 0.067 seconds
[2024-12-09T20:44:49.315+0000] {processor.py:161} INFO - Started process (PID=898) to work on /home/airflow/.local/lib/python3.10/site-packages/airflow/example_dags/example_sensor_decorator.py
[2024-12-09T20:44:49.316+0000] {processor.py:830} INFO - Processing file /home/airflow/.local/lib/python3.10/site-packages/airflow/example_dags/example_sensor_decorator.py for tasks to queue
[2024-12-09T20:44:49.318+0000] {logging_mixin.py:188} INFO - [2024-12-09T20:44:49.318+0000] {dagbag.py:540} INFO - Filling up the DagBag from /home/airflow/.local/lib/python3.10/site-packages/airflow/example_dags/example_sensor_decorator.py
[2024-12-09T20:44:49.325+0000] {processor.py:840} INFO - DAG(s) 'example_sensor_decorator' retrieved from /home/airflow/.local/lib/python3.10/site-packages/airflow/example_dags/example_sensor_decorator.py
[2024-12-09T20:44:49.344+0000] {logging_mixin.py:188} INFO - [2024-12-09T20:44:49.344+0000] {dag.py:3047} INFO - Sync 1 DAGs
[2024-12-09T20:44:49.356+0000] {logging_mixin.py:188} INFO - [2024-12-09T20:44:49.355+0000] {dag.py:3834} INFO - Setting next_dagrun for example_sensor_decorator to None, run_after=None
[2024-12-09T20:44:49.376+0000] {processor.py:183} INFO - Processing /home/airflow/.local/lib/python3.10/site-packages/airflow/example_dags/example_sensor_decorator.py took 0.064 seconds
[2024-12-09T20:45:19.539+0000] {processor.py:161} INFO - Started process (PID=953) to work on /home/airflow/.local/lib/python3.10/site-packages/airflow/example_dags/example_sensor_decorator.py
[2024-12-09T20:45:19.540+0000] {processor.py:830} INFO - Processing file /home/airflow/.local/lib/python3.10/site-packages/airflow/example_dags/example_sensor_decorator.py for tasks to queue
[2024-12-09T20:45:19.542+0000] {logging_mixin.py:188} INFO - [2024-12-09T20:45:19.542+0000] {dagbag.py:540} INFO - Filling up the DagBag from /home/airflow/.local/lib/python3.10/site-packages/airflow/example_dags/example_sensor_decorator.py
[2024-12-09T20:45:19.548+0000] {processor.py:840} INFO - DAG(s) 'example_sensor_decorator' retrieved from /home/airflow/.local/lib/python3.10/site-packages/airflow/example_dags/example_sensor_decorator.py
[2024-12-09T20:45:19.567+0000] {logging_mixin.py:188} INFO - [2024-12-09T20:45:19.566+0000] {dag.py:3047} INFO - Sync 1 DAGs
[2024-12-09T20:45:19.578+0000] {logging_mixin.py:188} INFO - [2024-12-09T20:45:19.578+0000] {dag.py:3834} INFO - Setting next_dagrun for example_sensor_decorator to None, run_after=None
[2024-12-09T20:45:19.599+0000] {processor.py:183} INFO - Processing /home/airflow/.local/lib/python3.10/site-packages/airflow/example_dags/example_sensor_decorator.py took 0.063 seconds
[2024-12-09T20:45:50.322+0000] {processor.py:161} INFO - Started process (PID=1009) to work on /home/airflow/.local/lib/python3.10/site-packages/airflow/example_dags/example_sensor_decorator.py
[2024-12-09T20:45:50.323+0000] {processor.py:830} INFO - Processing file /home/airflow/.local/lib/python3.10/site-packages/airflow/example_dags/example_sensor_decorator.py for tasks to queue
[2024-12-09T20:45:50.326+0000] {logging_mixin.py:188} INFO - [2024-12-09T20:45:50.326+0000] {dagbag.py:540} INFO - Filling up the DagBag from /home/airflow/.local/lib/python3.10/site-packages/airflow/example_dags/example_sensor_decorator.py
[2024-12-09T20:45:50.336+0000] {processor.py:840} INFO - DAG(s) 'example_sensor_decorator' retrieved from /home/airflow/.local/lib/python3.10/site-packages/airflow/example_dags/example_sensor_decorator.py
[2024-12-09T20:45:50.367+0000] {logging_mixin.py:188} INFO - [2024-12-09T20:45:50.366+0000] {dag.py:3047} INFO - Sync 1 DAGs
[2024-12-09T20:45:50.383+0000] {logging_mixin.py:188} INFO - [2024-12-09T20:45:50.383+0000] {dag.py:3834} INFO - Setting next_dagrun for example_sensor_decorator to None, run_after=None
[2024-12-09T20:45:50.411+0000] {processor.py:183} INFO - Processing /home/airflow/.local/lib/python3.10/site-packages/airflow/example_dags/example_sensor_decorator.py took 0.093 seconds
[2024-12-09T20:46:20.808+0000] {processor.py:161} INFO - Started process (PID=1065) to work on /home/airflow/.local/lib/python3.10/site-packages/airflow/example_dags/example_sensor_decorator.py
[2024-12-09T20:46:20.809+0000] {processor.py:830} INFO - Processing file /home/airflow/.local/lib/python3.10/site-packages/airflow/example_dags/example_sensor_decorator.py for tasks to queue
[2024-12-09T20:46:20.811+0000] {logging_mixin.py:188} INFO - [2024-12-09T20:46:20.811+0000] {dagbag.py:540} INFO - Filling up the DagBag from /home/airflow/.local/lib/python3.10/site-packages/airflow/example_dags/example_sensor_decorator.py
[2024-12-09T20:46:20.817+0000] {processor.py:840} INFO - DAG(s) 'example_sensor_decorator' retrieved from /home/airflow/.local/lib/python3.10/site-packages/airflow/example_dags/example_sensor_decorator.py
[2024-12-09T20:46:20.838+0000] {logging_mixin.py:188} INFO - [2024-12-09T20:46:20.837+0000] {dag.py:3047} INFO - Sync 1 DAGs
[2024-12-09T20:46:20.850+0000] {logging_mixin.py:188} INFO - [2024-12-09T20:46:20.850+0000] {dag.py:3834} INFO - Setting next_dagrun for example_sensor_decorator to None, run_after=None
[2024-12-09T20:46:20.870+0000] {processor.py:183} INFO - Processing /home/airflow/.local/lib/python3.10/site-packages/airflow/example_dags/example_sensor_decorator.py took 0.066 seconds
[2024-12-09T20:46:51.141+0000] {processor.py:161} INFO - Started process (PID=1121) to work on /home/airflow/.local/lib/python3.10/site-packages/airflow/example_dags/example_sensor_decorator.py
[2024-12-09T20:46:51.142+0000] {processor.py:830} INFO - Processing file /home/airflow/.local/lib/python3.10/site-packages/airflow/example_dags/example_sensor_decorator.py for tasks to queue
[2024-12-09T20:46:51.144+0000] {logging_mixin.py:188} INFO - [2024-12-09T20:46:51.144+0000] {dagbag.py:540} INFO - Filling up the DagBag from /home/airflow/.local/lib/python3.10/site-packages/airflow/example_dags/example_sensor_decorator.py
[2024-12-09T20:46:51.149+0000] {processor.py:840} INFO - DAG(s) 'example_sensor_decorator' retrieved from /home/airflow/.local/lib/python3.10/site-packages/airflow/example_dags/example_sensor_decorator.py
[2024-12-09T20:46:51.167+0000] {logging_mixin.py:188} INFO - [2024-12-09T20:46:51.167+0000] {dag.py:3047} INFO - Sync 1 DAGs
[2024-12-09T20:46:51.177+0000] {logging_mixin.py:188} INFO - [2024-12-09T20:46:51.177+0000] {dag.py:3834} INFO - Setting next_dagrun for example_sensor_decorator to None, run_after=None
[2024-12-09T20:46:51.195+0000] {processor.py:183} INFO - Processing /home/airflow/.local/lib/python3.10/site-packages/airflow/example_dags/example_sensor_decorator.py took 0.058 seconds
[2024-12-09T20:47:21.269+0000] {processor.py:161} INFO - Started process (PID=1177) to work on /home/airflow/.local/lib/python3.10/site-packages/airflow/example_dags/example_sensor_decorator.py
[2024-12-09T20:47:21.271+0000] {processor.py:830} INFO - Processing file /home/airflow/.local/lib/python3.10/site-packages/airflow/example_dags/example_sensor_decorator.py for tasks to queue
[2024-12-09T20:47:21.273+0000] {logging_mixin.py:188} INFO - [2024-12-09T20:47:21.273+0000] {dagbag.py:540} INFO - Filling up the DagBag from /home/airflow/.local/lib/python3.10/site-packages/airflow/example_dags/example_sensor_decorator.py
[2024-12-09T20:47:21.279+0000] {processor.py:840} INFO - DAG(s) 'example_sensor_decorator' retrieved from /home/airflow/.local/lib/python3.10/site-packages/airflow/example_dags/example_sensor_decorator.py
[2024-12-09T20:47:21.300+0000] {logging_mixin.py:188} INFO - [2024-12-09T20:47:21.300+0000] {dag.py:3047} INFO - Sync 1 DAGs
[2024-12-09T20:47:21.313+0000] {logging_mixin.py:188} INFO - [2024-12-09T20:47:21.312+0000] {dag.py:3834} INFO - Setting next_dagrun for example_sensor_decorator to None, run_after=None
[2024-12-09T20:47:21.332+0000] {processor.py:183} INFO - Processing /home/airflow/.local/lib/python3.10/site-packages/airflow/example_dags/example_sensor_decorator.py took 0.066 seconds
[2024-12-09T20:47:51.877+0000] {processor.py:161} INFO - Started process (PID=1232) to work on /home/airflow/.local/lib/python3.10/site-packages/airflow/example_dags/example_sensor_decorator.py
[2024-12-09T20:47:51.878+0000] {processor.py:830} INFO - Processing file /home/airflow/.local/lib/python3.10/site-packages/airflow/example_dags/example_sensor_decorator.py for tasks to queue
[2024-12-09T20:47:51.880+0000] {logging_mixin.py:188} INFO - [2024-12-09T20:47:51.880+0000] {dagbag.py:540} INFO - Filling up the DagBag from /home/airflow/.local/lib/python3.10/site-packages/airflow/example_dags/example_sensor_decorator.py
[2024-12-09T20:47:51.887+0000] {processor.py:840} INFO - DAG(s) 'example_sensor_decorator' retrieved from /home/airflow/.local/lib/python3.10/site-packages/airflow/example_dags/example_sensor_decorator.py
[2024-12-09T20:47:51.906+0000] {logging_mixin.py:188} INFO - [2024-12-09T20:47:51.906+0000] {dag.py:3047} INFO - Sync 1 DAGs
[2024-12-09T20:47:51.917+0000] {logging_mixin.py:188} INFO - [2024-12-09T20:47:51.917+0000] {dag.py:3834} INFO - Setting next_dagrun for example_sensor_decorator to None, run_after=None
[2024-12-09T20:47:51.935+0000] {processor.py:183} INFO - Processing /home/airflow/.local/lib/python3.10/site-packages/airflow/example_dags/example_sensor_decorator.py took 0.062 seconds
[2024-12-09T20:48:22.505+0000] {processor.py:161} INFO - Started process (PID=1287) to work on /home/airflow/.local/lib/python3.10/site-packages/airflow/example_dags/example_sensor_decorator.py
[2024-12-09T20:48:22.507+0000] {processor.py:830} INFO - Processing file /home/airflow/.local/lib/python3.10/site-packages/airflow/example_dags/example_sensor_decorator.py for tasks to queue
[2024-12-09T20:48:22.509+0000] {logging_mixin.py:188} INFO - [2024-12-09T20:48:22.508+0000] {dagbag.py:540} INFO - Filling up the DagBag from /home/airflow/.local/lib/python3.10/site-packages/airflow/example_dags/example_sensor_decorator.py
[2024-12-09T20:48:22.515+0000] {processor.py:840} INFO - DAG(s) 'example_sensor_decorator' retrieved from /home/airflow/.local/lib/python3.10/site-packages/airflow/example_dags/example_sensor_decorator.py
[2024-12-09T20:48:22.534+0000] {logging_mixin.py:188} INFO - [2024-12-09T20:48:22.533+0000] {dag.py:3047} INFO - Sync 1 DAGs
[2024-12-09T20:48:22.544+0000] {logging_mixin.py:188} INFO - [2024-12-09T20:48:22.543+0000] {dag.py:3834} INFO - Setting next_dagrun for example_sensor_decorator to None, run_after=None
[2024-12-09T20:48:22.561+0000] {processor.py:183} INFO - Processing /home/airflow/.local/lib/python3.10/site-packages/airflow/example_dags/example_sensor_decorator.py took 0.059 seconds
[2024-12-09T20:48:52.725+0000] {processor.py:161} INFO - Started process (PID=1342) to work on /home/airflow/.local/lib/python3.10/site-packages/airflow/example_dags/example_sensor_decorator.py
[2024-12-09T20:48:52.727+0000] {processor.py:830} INFO - Processing file /home/airflow/.local/lib/python3.10/site-packages/airflow/example_dags/example_sensor_decorator.py for tasks to queue
[2024-12-09T20:48:52.729+0000] {logging_mixin.py:188} INFO - [2024-12-09T20:48:52.728+0000] {dagbag.py:540} INFO - Filling up the DagBag from /home/airflow/.local/lib/python3.10/site-packages/airflow/example_dags/example_sensor_decorator.py
[2024-12-09T20:48:52.734+0000] {processor.py:840} INFO - DAG(s) 'example_sensor_decorator' retrieved from /home/airflow/.local/lib/python3.10/site-packages/airflow/example_dags/example_sensor_decorator.py
[2024-12-09T20:48:52.758+0000] {logging_mixin.py:188} INFO - [2024-12-09T20:48:52.758+0000] {dag.py:3047} INFO - Sync 1 DAGs
[2024-12-09T20:48:52.771+0000] {logging_mixin.py:188} INFO - [2024-12-09T20:48:52.771+0000] {dag.py:3834} INFO - Setting next_dagrun for example_sensor_decorator to None, run_after=None
[2024-12-09T20:48:52.794+0000] {processor.py:183} INFO - Processing /home/airflow/.local/lib/python3.10/site-packages/airflow/example_dags/example_sensor_decorator.py took 0.072 seconds
[2024-12-09T20:49:22.930+0000] {processor.py:161} INFO - Started process (PID=1396) to work on /home/airflow/.local/lib/python3.10/site-packages/airflow/example_dags/example_sensor_decorator.py
[2024-12-09T20:49:22.931+0000] {processor.py:830} INFO - Processing file /home/airflow/.local/lib/python3.10/site-packages/airflow/example_dags/example_sensor_decorator.py for tasks to queue
[2024-12-09T20:49:22.934+0000] {logging_mixin.py:188} INFO - [2024-12-09T20:49:22.933+0000] {dagbag.py:540} INFO - Filling up the DagBag from /home/airflow/.local/lib/python3.10/site-packages/airflow/example_dags/example_sensor_decorator.py
[2024-12-09T20:49:22.940+0000] {processor.py:840} INFO - DAG(s) 'example_sensor_decorator' retrieved from /home/airflow/.local/lib/python3.10/site-packages/airflow/example_dags/example_sensor_decorator.py
[2024-12-09T20:49:22.960+0000] {logging_mixin.py:188} INFO - [2024-12-09T20:49:22.960+0000] {dag.py:3047} INFO - Sync 1 DAGs
[2024-12-09T20:49:22.975+0000] {logging_mixin.py:188} INFO - [2024-12-09T20:49:22.974+0000] {dag.py:3834} INFO - Setting next_dagrun for example_sensor_decorator to None, run_after=None
[2024-12-09T20:49:22.997+0000] {processor.py:183} INFO - Processing /home/airflow/.local/lib/python3.10/site-packages/airflow/example_dags/example_sensor_decorator.py took 0.070 seconds
[2024-12-09T20:49:53.316+0000] {processor.py:161} INFO - Started process (PID=1452) to work on /home/airflow/.local/lib/python3.10/site-packages/airflow/example_dags/example_sensor_decorator.py
[2024-12-09T20:49:53.318+0000] {processor.py:830} INFO - Processing file /home/airflow/.local/lib/python3.10/site-packages/airflow/example_dags/example_sensor_decorator.py for tasks to queue
[2024-12-09T20:49:53.320+0000] {logging_mixin.py:188} INFO - [2024-12-09T20:49:53.319+0000] {dagbag.py:540} INFO - Filling up the DagBag from /home/airflow/.local/lib/python3.10/site-packages/airflow/example_dags/example_sensor_decorator.py
[2024-12-09T20:49:53.325+0000] {processor.py:840} INFO - DAG(s) 'example_sensor_decorator' retrieved from /home/airflow/.local/lib/python3.10/site-packages/airflow/example_dags/example_sensor_decorator.py
[2024-12-09T20:49:53.346+0000] {logging_mixin.py:188} INFO - [2024-12-09T20:49:53.346+0000] {dag.py:3047} INFO - Sync 1 DAGs
[2024-12-09T20:49:53.357+0000] {logging_mixin.py:188} INFO - [2024-12-09T20:49:53.357+0000] {dag.py:3834} INFO - Setting next_dagrun for example_sensor_decorator to None, run_after=None
[2024-12-09T20:49:53.377+0000] {processor.py:183} INFO - Processing /home/airflow/.local/lib/python3.10/site-packages/airflow/example_dags/example_sensor_decorator.py took 0.064 seconds
[2024-12-09T20:50:23.699+0000] {processor.py:161} INFO - Started process (PID=1507) to work on /home/airflow/.local/lib/python3.10/site-packages/airflow/example_dags/example_sensor_decorator.py
[2024-12-09T20:50:23.700+0000] {processor.py:830} INFO - Processing file /home/airflow/.local/lib/python3.10/site-packages/airflow/example_dags/example_sensor_decorator.py for tasks to queue
[2024-12-09T20:50:23.702+0000] {logging_mixin.py:188} INFO - [2024-12-09T20:50:23.702+0000] {dagbag.py:540} INFO - Filling up the DagBag from /home/airflow/.local/lib/python3.10/site-packages/airflow/example_dags/example_sensor_decorator.py
[2024-12-09T20:50:23.709+0000] {processor.py:840} INFO - DAG(s) 'example_sensor_decorator' retrieved from /home/airflow/.local/lib/python3.10/site-packages/airflow/example_dags/example_sensor_decorator.py
[2024-12-09T20:50:23.729+0000] {logging_mixin.py:188} INFO - [2024-12-09T20:50:23.728+0000] {dag.py:3047} INFO - Sync 1 DAGs
[2024-12-09T20:50:23.740+0000] {logging_mixin.py:188} INFO - [2024-12-09T20:50:23.740+0000] {dag.py:3834} INFO - Setting next_dagrun for example_sensor_decorator to None, run_after=None
[2024-12-09T20:50:23.769+0000] {processor.py:183} INFO - Processing /home/airflow/.local/lib/python3.10/site-packages/airflow/example_dags/example_sensor_decorator.py took 0.074 seconds
[2024-12-09T20:50:54.358+0000] {processor.py:161} INFO - Started process (PID=1563) to work on /home/airflow/.local/lib/python3.10/site-packages/airflow/example_dags/example_sensor_decorator.py
[2024-12-09T20:50:54.360+0000] {processor.py:830} INFO - Processing file /home/airflow/.local/lib/python3.10/site-packages/airflow/example_dags/example_sensor_decorator.py for tasks to queue
[2024-12-09T20:50:54.363+0000] {logging_mixin.py:188} INFO - [2024-12-09T20:50:54.362+0000] {dagbag.py:540} INFO - Filling up the DagBag from /home/airflow/.local/lib/python3.10/site-packages/airflow/example_dags/example_sensor_decorator.py
[2024-12-09T20:50:54.373+0000] {processor.py:840} INFO - DAG(s) 'example_sensor_decorator' retrieved from /home/airflow/.local/lib/python3.10/site-packages/airflow/example_dags/example_sensor_decorator.py
[2024-12-09T20:50:54.400+0000] {logging_mixin.py:188} INFO - [2024-12-09T20:50:54.399+0000] {dag.py:3047} INFO - Sync 1 DAGs
[2024-12-09T20:50:54.419+0000] {logging_mixin.py:188} INFO - [2024-12-09T20:50:54.419+0000] {dag.py:3834} INFO - Setting next_dagrun for example_sensor_decorator to None, run_after=None
[2024-12-09T20:50:54.587+0000] {processor.py:183} INFO - Processing /home/airflow/.local/lib/python3.10/site-packages/airflow/example_dags/example_sensor_decorator.py took 0.235 seconds
[2024-12-09T20:51:25.263+0000] {processor.py:161} INFO - Started process (PID=1620) to work on /home/airflow/.local/lib/python3.10/site-packages/airflow/example_dags/example_sensor_decorator.py
[2024-12-09T20:51:25.264+0000] {processor.py:830} INFO - Processing file /home/airflow/.local/lib/python3.10/site-packages/airflow/example_dags/example_sensor_decorator.py for tasks to queue
[2024-12-09T20:51:25.266+0000] {logging_mixin.py:188} INFO - [2024-12-09T20:51:25.266+0000] {dagbag.py:540} INFO - Filling up the DagBag from /home/airflow/.local/lib/python3.10/site-packages/airflow/example_dags/example_sensor_decorator.py
[2024-12-09T20:51:25.272+0000] {processor.py:840} INFO - DAG(s) 'example_sensor_decorator' retrieved from /home/airflow/.local/lib/python3.10/site-packages/airflow/example_dags/example_sensor_decorator.py
[2024-12-09T20:51:25.291+0000] {logging_mixin.py:188} INFO - [2024-12-09T20:51:25.291+0000] {dag.py:3047} INFO - Sync 1 DAGs
[2024-12-09T20:51:25.306+0000] {logging_mixin.py:188} INFO - [2024-12-09T20:51:25.306+0000] {dag.py:3834} INFO - Setting next_dagrun for example_sensor_decorator to None, run_after=None
[2024-12-09T20:51:25.329+0000] {processor.py:183} INFO - Processing /home/airflow/.local/lib/python3.10/site-packages/airflow/example_dags/example_sensor_decorator.py took 0.070 seconds
[2024-12-09T20:51:56.020+0000] {processor.py:161} INFO - Started process (PID=1674) to work on /home/airflow/.local/lib/python3.10/site-packages/airflow/example_dags/example_sensor_decorator.py
[2024-12-09T20:51:56.021+0000] {processor.py:830} INFO - Processing file /home/airflow/.local/lib/python3.10/site-packages/airflow/example_dags/example_sensor_decorator.py for tasks to queue
[2024-12-09T20:51:56.024+0000] {logging_mixin.py:188} INFO - [2024-12-09T20:51:56.024+0000] {dagbag.py:540} INFO - Filling up the DagBag from /home/airflow/.local/lib/python3.10/site-packages/airflow/example_dags/example_sensor_decorator.py
[2024-12-09T20:51:56.030+0000] {processor.py:840} INFO - DAG(s) 'example_sensor_decorator' retrieved from /home/airflow/.local/lib/python3.10/site-packages/airflow/example_dags/example_sensor_decorator.py
[2024-12-09T20:51:56.049+0000] {logging_mixin.py:188} INFO - [2024-12-09T20:51:56.049+0000] {dag.py:3047} INFO - Sync 1 DAGs
[2024-12-09T20:51:56.063+0000] {logging_mixin.py:188} INFO - [2024-12-09T20:51:56.063+0000] {dag.py:3834} INFO - Setting next_dagrun for example_sensor_decorator to None, run_after=None
[2024-12-09T20:51:56.083+0000] {processor.py:183} INFO - Processing /home/airflow/.local/lib/python3.10/site-packages/airflow/example_dags/example_sensor_decorator.py took 0.066 seconds
[2024-12-09T20:52:26.806+0000] {processor.py:161} INFO - Started process (PID=1729) to work on /home/airflow/.local/lib/python3.10/site-packages/airflow/example_dags/example_sensor_decorator.py
[2024-12-09T20:52:26.807+0000] {processor.py:830} INFO - Processing file /home/airflow/.local/lib/python3.10/site-packages/airflow/example_dags/example_sensor_decorator.py for tasks to queue
[2024-12-09T20:52:26.810+0000] {logging_mixin.py:188} INFO - [2024-12-09T20:52:26.810+0000] {dagbag.py:540} INFO - Filling up the DagBag from /home/airflow/.local/lib/python3.10/site-packages/airflow/example_dags/example_sensor_decorator.py
[2024-12-09T20:52:26.816+0000] {processor.py:840} INFO - DAG(s) 'example_sensor_decorator' retrieved from /home/airflow/.local/lib/python3.10/site-packages/airflow/example_dags/example_sensor_decorator.py
[2024-12-09T20:52:26.836+0000] {logging_mixin.py:188} INFO - [2024-12-09T20:52:26.836+0000] {dag.py:3047} INFO - Sync 1 DAGs
[2024-12-09T20:52:26.849+0000] {logging_mixin.py:188} INFO - [2024-12-09T20:52:26.849+0000] {dag.py:3834} INFO - Setting next_dagrun for example_sensor_decorator to None, run_after=None
[2024-12-09T20:52:26.870+0000] {processor.py:183} INFO - Processing /home/airflow/.local/lib/python3.10/site-packages/airflow/example_dags/example_sensor_decorator.py took 0.067 seconds
[2024-12-09T20:52:58.256+0000] {processor.py:161} INFO - Started process (PID=1784) to work on /home/airflow/.local/lib/python3.10/site-packages/airflow/example_dags/example_sensor_decorator.py
[2024-12-09T20:52:58.257+0000] {processor.py:830} INFO - Processing file /home/airflow/.local/lib/python3.10/site-packages/airflow/example_dags/example_sensor_decorator.py for tasks to queue
[2024-12-09T20:52:58.259+0000] {logging_mixin.py:188} INFO - [2024-12-09T20:52:58.259+0000] {dagbag.py:540} INFO - Filling up the DagBag from /home/airflow/.local/lib/python3.10/site-packages/airflow/example_dags/example_sensor_decorator.py
[2024-12-09T20:52:58.266+0000] {processor.py:840} INFO - DAG(s) 'example_sensor_decorator' retrieved from /home/airflow/.local/lib/python3.10/site-packages/airflow/example_dags/example_sensor_decorator.py
[2024-12-09T20:52:58.289+0000] {logging_mixin.py:188} INFO - [2024-12-09T20:52:58.288+0000] {dag.py:3047} INFO - Sync 1 DAGs
[2024-12-09T20:52:58.302+0000] {logging_mixin.py:188} INFO - [2024-12-09T20:52:58.301+0000] {dag.py:3834} INFO - Setting next_dagrun for example_sensor_decorator to None, run_after=None
[2024-12-09T20:52:58.325+0000] {processor.py:183} INFO - Processing /home/airflow/.local/lib/python3.10/site-packages/airflow/example_dags/example_sensor_decorator.py took 0.073 seconds
[2024-12-09T20:53:28.986+0000] {processor.py:161} INFO - Started process (PID=1840) to work on /home/airflow/.local/lib/python3.10/site-packages/airflow/example_dags/example_sensor_decorator.py
[2024-12-09T20:53:28.987+0000] {processor.py:830} INFO - Processing file /home/airflow/.local/lib/python3.10/site-packages/airflow/example_dags/example_sensor_decorator.py for tasks to queue
[2024-12-09T20:53:28.989+0000] {logging_mixin.py:188} INFO - [2024-12-09T20:53:28.989+0000] {dagbag.py:540} INFO - Filling up the DagBag from /home/airflow/.local/lib/python3.10/site-packages/airflow/example_dags/example_sensor_decorator.py
[2024-12-09T20:53:28.995+0000] {processor.py:840} INFO - DAG(s) 'example_sensor_decorator' retrieved from /home/airflow/.local/lib/python3.10/site-packages/airflow/example_dags/example_sensor_decorator.py
[2024-12-09T20:53:29.014+0000] {logging_mixin.py:188} INFO - [2024-12-09T20:53:29.014+0000] {dag.py:3047} INFO - Sync 1 DAGs
[2024-12-09T20:53:29.154+0000] {logging_mixin.py:188} INFO - [2024-12-09T20:53:29.153+0000] {dag.py:3834} INFO - Setting next_dagrun for example_sensor_decorator to None, run_after=None
[2024-12-09T20:53:29.174+0000] {processor.py:183} INFO - Processing /home/airflow/.local/lib/python3.10/site-packages/airflow/example_dags/example_sensor_decorator.py took 0.191 seconds
[2024-12-09T20:54:00.026+0000] {processor.py:161} INFO - Started process (PID=1895) to work on /home/airflow/.local/lib/python3.10/site-packages/airflow/example_dags/example_sensor_decorator.py
[2024-12-09T20:54:00.027+0000] {processor.py:830} INFO - Processing file /home/airflow/.local/lib/python3.10/site-packages/airflow/example_dags/example_sensor_decorator.py for tasks to queue
[2024-12-09T20:54:00.031+0000] {logging_mixin.py:188} INFO - [2024-12-09T20:54:00.031+0000] {dagbag.py:540} INFO - Filling up the DagBag from /home/airflow/.local/lib/python3.10/site-packages/airflow/example_dags/example_sensor_decorator.py
[2024-12-09T20:54:00.038+0000] {processor.py:840} INFO - DAG(s) 'example_sensor_decorator' retrieved from /home/airflow/.local/lib/python3.10/site-packages/airflow/example_dags/example_sensor_decorator.py
[2024-12-09T20:54:00.060+0000] {logging_mixin.py:188} INFO - [2024-12-09T20:54:00.060+0000] {dag.py:3047} INFO - Sync 1 DAGs
[2024-12-09T20:54:00.081+0000] {logging_mixin.py:188} INFO - [2024-12-09T20:54:00.081+0000] {dag.py:3834} INFO - Setting next_dagrun for example_sensor_decorator to None, run_after=None
[2024-12-09T20:54:00.109+0000] {processor.py:183} INFO - Processing /home/airflow/.local/lib/python3.10/site-packages/airflow/example_dags/example_sensor_decorator.py took 0.087 seconds
[2024-12-09T20:54:30.364+0000] {processor.py:161} INFO - Started process (PID=1951) to work on /home/airflow/.local/lib/python3.10/site-packages/airflow/example_dags/example_sensor_decorator.py
[2024-12-09T20:54:30.365+0000] {processor.py:830} INFO - Processing file /home/airflow/.local/lib/python3.10/site-packages/airflow/example_dags/example_sensor_decorator.py for tasks to queue
[2024-12-09T20:54:30.368+0000] {logging_mixin.py:188} INFO - [2024-12-09T20:54:30.367+0000] {dagbag.py:540} INFO - Filling up the DagBag from /home/airflow/.local/lib/python3.10/site-packages/airflow/example_dags/example_sensor_decorator.py
[2024-12-09T20:54:30.374+0000] {processor.py:840} INFO - DAG(s) 'example_sensor_decorator' retrieved from /home/airflow/.local/lib/python3.10/site-packages/airflow/example_dags/example_sensor_decorator.py
[2024-12-09T20:54:30.396+0000] {logging_mixin.py:188} INFO - [2024-12-09T20:54:30.395+0000] {dag.py:3047} INFO - Sync 1 DAGs
[2024-12-09T20:54:30.408+0000] {logging_mixin.py:188} INFO - [2024-12-09T20:54:30.408+0000] {dag.py:3834} INFO - Setting next_dagrun for example_sensor_decorator to None, run_after=None
[2024-12-09T20:54:30.426+0000] {processor.py:183} INFO - Processing /home/airflow/.local/lib/python3.10/site-packages/airflow/example_dags/example_sensor_decorator.py took 0.065 seconds
[2024-12-09T20:55:00.573+0000] {processor.py:161} INFO - Started process (PID=2006) to work on /home/airflow/.local/lib/python3.10/site-packages/airflow/example_dags/example_sensor_decorator.py
[2024-12-09T20:55:00.574+0000] {processor.py:830} INFO - Processing file /home/airflow/.local/lib/python3.10/site-packages/airflow/example_dags/example_sensor_decorator.py for tasks to queue
[2024-12-09T20:55:00.576+0000] {logging_mixin.py:188} INFO - [2024-12-09T20:55:00.576+0000] {dagbag.py:540} INFO - Filling up the DagBag from /home/airflow/.local/lib/python3.10/site-packages/airflow/example_dags/example_sensor_decorator.py
[2024-12-09T20:55:00.583+0000] {processor.py:840} INFO - DAG(s) 'example_sensor_decorator' retrieved from /home/airflow/.local/lib/python3.10/site-packages/airflow/example_dags/example_sensor_decorator.py
[2024-12-09T20:55:00.606+0000] {logging_mixin.py:188} INFO - [2024-12-09T20:55:00.606+0000] {dag.py:3047} INFO - Sync 1 DAGs
[2024-12-09T20:55:00.620+0000] {logging_mixin.py:188} INFO - [2024-12-09T20:55:00.620+0000] {dag.py:3834} INFO - Setting next_dagrun for example_sensor_decorator to None, run_after=None
[2024-12-09T20:55:00.643+0000] {processor.py:183} INFO - Processing /home/airflow/.local/lib/python3.10/site-packages/airflow/example_dags/example_sensor_decorator.py took 0.075 seconds
[2024-12-09T20:55:30.839+0000] {processor.py:161} INFO - Started process (PID=2061) to work on /home/airflow/.local/lib/python3.10/site-packages/airflow/example_dags/example_sensor_decorator.py
[2024-12-09T20:55:30.840+0000] {processor.py:830} INFO - Processing file /home/airflow/.local/lib/python3.10/site-packages/airflow/example_dags/example_sensor_decorator.py for tasks to queue
[2024-12-09T20:55:30.844+0000] {logging_mixin.py:188} INFO - [2024-12-09T20:55:30.843+0000] {dagbag.py:540} INFO - Filling up the DagBag from /home/airflow/.local/lib/python3.10/site-packages/airflow/example_dags/example_sensor_decorator.py
[2024-12-09T20:55:30.852+0000] {processor.py:840} INFO - DAG(s) 'example_sensor_decorator' retrieved from /home/airflow/.local/lib/python3.10/site-packages/airflow/example_dags/example_sensor_decorator.py
[2024-12-09T20:55:30.880+0000] {logging_mixin.py:188} INFO - [2024-12-09T20:55:30.879+0000] {dag.py:3047} INFO - Sync 1 DAGs
[2024-12-09T20:55:30.900+0000] {logging_mixin.py:188} INFO - [2024-12-09T20:55:30.899+0000] {dag.py:3834} INFO - Setting next_dagrun for example_sensor_decorator to None, run_after=None
[2024-12-09T20:55:30.927+0000] {processor.py:183} INFO - Processing /home/airflow/.local/lib/python3.10/site-packages/airflow/example_dags/example_sensor_decorator.py took 0.092 seconds
[2024-12-09T20:56:01.352+0000] {processor.py:161} INFO - Started process (PID=2116) to work on /home/airflow/.local/lib/python3.10/site-packages/airflow/example_dags/example_sensor_decorator.py
[2024-12-09T20:56:01.353+0000] {processor.py:830} INFO - Processing file /home/airflow/.local/lib/python3.10/site-packages/airflow/example_dags/example_sensor_decorator.py for tasks to queue
[2024-12-09T20:56:01.357+0000] {logging_mixin.py:188} INFO - [2024-12-09T20:56:01.357+0000] {dagbag.py:540} INFO - Filling up the DagBag from /home/airflow/.local/lib/python3.10/site-packages/airflow/example_dags/example_sensor_decorator.py
[2024-12-09T20:56:01.364+0000] {processor.py:840} INFO - DAG(s) 'example_sensor_decorator' retrieved from /home/airflow/.local/lib/python3.10/site-packages/airflow/example_dags/example_sensor_decorator.py
[2024-12-09T20:56:01.386+0000] {logging_mixin.py:188} INFO - [2024-12-09T20:56:01.386+0000] {dag.py:3047} INFO - Sync 1 DAGs
[2024-12-09T20:56:01.400+0000] {logging_mixin.py:188} INFO - [2024-12-09T20:56:01.400+0000] {dag.py:3834} INFO - Setting next_dagrun for example_sensor_decorator to None, run_after=None
[2024-12-09T20:56:01.420+0000] {processor.py:183} INFO - Processing /home/airflow/.local/lib/python3.10/site-packages/airflow/example_dags/example_sensor_decorator.py took 0.072 seconds
[2024-12-09T20:56:32.367+0000] {processor.py:161} INFO - Started process (PID=2172) to work on /home/airflow/.local/lib/python3.10/site-packages/airflow/example_dags/example_sensor_decorator.py
[2024-12-09T20:56:32.370+0000] {processor.py:830} INFO - Processing file /home/airflow/.local/lib/python3.10/site-packages/airflow/example_dags/example_sensor_decorator.py for tasks to queue
[2024-12-09T20:56:32.373+0000] {logging_mixin.py:188} INFO - [2024-12-09T20:56:32.373+0000] {dagbag.py:540} INFO - Filling up the DagBag from /home/airflow/.local/lib/python3.10/site-packages/airflow/example_dags/example_sensor_decorator.py
[2024-12-09T20:56:32.385+0000] {processor.py:840} INFO - DAG(s) 'example_sensor_decorator' retrieved from /home/airflow/.local/lib/python3.10/site-packages/airflow/example_dags/example_sensor_decorator.py
[2024-12-09T20:56:32.419+0000] {logging_mixin.py:188} INFO - [2024-12-09T20:56:32.419+0000] {dag.py:3047} INFO - Sync 1 DAGs
[2024-12-09T20:56:32.450+0000] {logging_mixin.py:188} INFO - [2024-12-09T20:56:32.450+0000] {dag.py:3834} INFO - Setting next_dagrun for example_sensor_decorator to None, run_after=None
[2024-12-09T20:56:32.501+0000] {processor.py:183} INFO - Processing /home/airflow/.local/lib/python3.10/site-packages/airflow/example_dags/example_sensor_decorator.py took 0.145 seconds
[2024-12-09T20:57:18.843+0000] {processor.py:161} INFO - Started process (PID=2234) to work on /home/airflow/.local/lib/python3.10/site-packages/airflow/example_dags/example_sensor_decorator.py
[2024-12-09T20:57:18.845+0000] {processor.py:830} INFO - Processing file /home/airflow/.local/lib/python3.10/site-packages/airflow/example_dags/example_sensor_decorator.py for tasks to queue
[2024-12-09T20:57:18.847+0000] {logging_mixin.py:188} INFO - [2024-12-09T20:57:18.847+0000] {dagbag.py:540} INFO - Filling up the DagBag from /home/airflow/.local/lib/python3.10/site-packages/airflow/example_dags/example_sensor_decorator.py
[2024-12-09T20:57:18.855+0000] {processor.py:840} INFO - DAG(s) 'example_sensor_decorator' retrieved from /home/airflow/.local/lib/python3.10/site-packages/airflow/example_dags/example_sensor_decorator.py
[2024-12-09T20:57:18.881+0000] {logging_mixin.py:188} INFO - [2024-12-09T20:57:18.880+0000] {dag.py:3047} INFO - Sync 1 DAGs
[2024-12-09T20:57:18.893+0000] {logging_mixin.py:188} INFO - [2024-12-09T20:57:18.893+0000] {dag.py:3834} INFO - Setting next_dagrun for example_sensor_decorator to None, run_after=None
[2024-12-09T20:57:18.915+0000] {processor.py:183} INFO - Processing /home/airflow/.local/lib/python3.10/site-packages/airflow/example_dags/example_sensor_decorator.py took 0.075 seconds
[2024-12-09T20:57:49.120+0000] {processor.py:161} INFO - Started process (PID=2283) to work on /home/airflow/.local/lib/python3.10/site-packages/airflow/example_dags/example_sensor_decorator.py
[2024-12-09T20:57:49.122+0000] {processor.py:830} INFO - Processing file /home/airflow/.local/lib/python3.10/site-packages/airflow/example_dags/example_sensor_decorator.py for tasks to queue
[2024-12-09T20:57:49.125+0000] {logging_mixin.py:188} INFO - [2024-12-09T20:57:49.124+0000] {dagbag.py:540} INFO - Filling up the DagBag from /home/airflow/.local/lib/python3.10/site-packages/airflow/example_dags/example_sensor_decorator.py
[2024-12-09T20:57:49.134+0000] {processor.py:840} INFO - DAG(s) 'example_sensor_decorator' retrieved from /home/airflow/.local/lib/python3.10/site-packages/airflow/example_dags/example_sensor_decorator.py
[2024-12-09T20:57:49.160+0000] {logging_mixin.py:188} INFO - [2024-12-09T20:57:49.159+0000] {dag.py:3047} INFO - Sync 1 DAGs
[2024-12-09T20:57:49.177+0000] {logging_mixin.py:188} INFO - [2024-12-09T20:57:49.176+0000] {dag.py:3834} INFO - Setting next_dagrun for example_sensor_decorator to None, run_after=None
[2024-12-09T20:57:49.203+0000] {processor.py:183} INFO - Processing /home/airflow/.local/lib/python3.10/site-packages/airflow/example_dags/example_sensor_decorator.py took 0.087 seconds
[2024-12-09T21:56:42.650+0000] {processor.py:161} INFO - Started process (PID=2349) to work on /home/airflow/.local/lib/python3.10/site-packages/airflow/example_dags/example_sensor_decorator.py
[2024-12-09T21:56:42.652+0000] {processor.py:830} INFO - Processing file /home/airflow/.local/lib/python3.10/site-packages/airflow/example_dags/example_sensor_decorator.py for tasks to queue
[2024-12-09T21:56:42.656+0000] {logging_mixin.py:188} INFO - [2024-12-09T21:56:42.655+0000] {dagbag.py:540} INFO - Filling up the DagBag from /home/airflow/.local/lib/python3.10/site-packages/airflow/example_dags/example_sensor_decorator.py
[2024-12-09T21:56:42.683+0000] {processor.py:840} INFO - DAG(s) 'example_sensor_decorator' retrieved from /home/airflow/.local/lib/python3.10/site-packages/airflow/example_dags/example_sensor_decorator.py
[2024-12-09T21:56:42.729+0000] {logging_mixin.py:188} INFO - [2024-12-09T21:56:42.728+0000] {dag.py:3047} INFO - Sync 1 DAGs
[2024-12-09T21:56:42.752+0000] {logging_mixin.py:188} INFO - [2024-12-09T21:56:42.752+0000] {dag.py:3834} INFO - Setting next_dagrun for example_sensor_decorator to None, run_after=None
[2024-12-09T21:56:42.811+0000] {processor.py:183} INFO - Processing /home/airflow/.local/lib/python3.10/site-packages/airflow/example_dags/example_sensor_decorator.py took 0.165 seconds
[2024-12-09T21:57:13.080+0000] {processor.py:161} INFO - Started process (PID=2405) to work on /home/airflow/.local/lib/python3.10/site-packages/airflow/example_dags/example_sensor_decorator.py
[2024-12-09T21:57:13.082+0000] {processor.py:830} INFO - Processing file /home/airflow/.local/lib/python3.10/site-packages/airflow/example_dags/example_sensor_decorator.py for tasks to queue
[2024-12-09T21:57:13.084+0000] {logging_mixin.py:188} INFO - [2024-12-09T21:57:13.083+0000] {dagbag.py:540} INFO - Filling up the DagBag from /home/airflow/.local/lib/python3.10/site-packages/airflow/example_dags/example_sensor_decorator.py
[2024-12-09T21:57:13.089+0000] {processor.py:840} INFO - DAG(s) 'example_sensor_decorator' retrieved from /home/airflow/.local/lib/python3.10/site-packages/airflow/example_dags/example_sensor_decorator.py
[2024-12-09T21:57:13.109+0000] {logging_mixin.py:188} INFO - [2024-12-09T21:57:13.108+0000] {dag.py:3047} INFO - Sync 1 DAGs
[2024-12-09T21:57:13.120+0000] {logging_mixin.py:188} INFO - [2024-12-09T21:57:13.119+0000] {dag.py:3834} INFO - Setting next_dagrun for example_sensor_decorator to None, run_after=None
[2024-12-09T21:57:13.142+0000] {processor.py:183} INFO - Processing /home/airflow/.local/lib/python3.10/site-packages/airflow/example_dags/example_sensor_decorator.py took 0.065 seconds
[2024-12-09T21:57:56.143+0000] {processor.py:161} INFO - Started process (PID=2461) to work on /home/airflow/.local/lib/python3.10/site-packages/airflow/example_dags/example_sensor_decorator.py
[2024-12-09T21:57:56.144+0000] {processor.py:830} INFO - Processing file /home/airflow/.local/lib/python3.10/site-packages/airflow/example_dags/example_sensor_decorator.py for tasks to queue
[2024-12-09T21:57:56.146+0000] {logging_mixin.py:188} INFO - [2024-12-09T21:57:56.146+0000] {dagbag.py:540} INFO - Filling up the DagBag from /home/airflow/.local/lib/python3.10/site-packages/airflow/example_dags/example_sensor_decorator.py
[2024-12-09T21:57:56.153+0000] {processor.py:840} INFO - DAG(s) 'example_sensor_decorator' retrieved from /home/airflow/.local/lib/python3.10/site-packages/airflow/example_dags/example_sensor_decorator.py
[2024-12-09T21:57:56.174+0000] {logging_mixin.py:188} INFO - [2024-12-09T21:57:56.174+0000] {dag.py:3047} INFO - Sync 1 DAGs
[2024-12-09T21:57:56.187+0000] {logging_mixin.py:188} INFO - [2024-12-09T21:57:56.186+0000] {dag.py:3834} INFO - Setting next_dagrun for example_sensor_decorator to None, run_after=None
[2024-12-09T21:57:56.208+0000] {processor.py:183} INFO - Processing /home/airflow/.local/lib/python3.10/site-packages/airflow/example_dags/example_sensor_decorator.py took 0.069 seconds
[2024-12-09T21:58:26.591+0000] {processor.py:161} INFO - Started process (PID=2516) to work on /home/airflow/.local/lib/python3.10/site-packages/airflow/example_dags/example_sensor_decorator.py
[2024-12-09T21:58:26.592+0000] {processor.py:830} INFO - Processing file /home/airflow/.local/lib/python3.10/site-packages/airflow/example_dags/example_sensor_decorator.py for tasks to queue
[2024-12-09T21:58:26.594+0000] {logging_mixin.py:188} INFO - [2024-12-09T21:58:26.594+0000] {dagbag.py:540} INFO - Filling up the DagBag from /home/airflow/.local/lib/python3.10/site-packages/airflow/example_dags/example_sensor_decorator.py
[2024-12-09T21:58:26.600+0000] {processor.py:840} INFO - DAG(s) 'example_sensor_decorator' retrieved from /home/airflow/.local/lib/python3.10/site-packages/airflow/example_dags/example_sensor_decorator.py
[2024-12-09T21:58:26.620+0000] {logging_mixin.py:188} INFO - [2024-12-09T21:58:26.620+0000] {dag.py:3047} INFO - Sync 1 DAGs
[2024-12-09T21:58:26.631+0000] {logging_mixin.py:188} INFO - [2024-12-09T21:58:26.631+0000] {dag.py:3834} INFO - Setting next_dagrun for example_sensor_decorator to None, run_after=None
[2024-12-09T21:58:26.660+0000] {processor.py:183} INFO - Processing /home/airflow/.local/lib/python3.10/site-packages/airflow/example_dags/example_sensor_decorator.py took 0.073 seconds
[2024-12-09T21:58:57.408+0000] {processor.py:161} INFO - Started process (PID=2571) to work on /home/airflow/.local/lib/python3.10/site-packages/airflow/example_dags/example_sensor_decorator.py
[2024-12-09T21:58:57.409+0000] {processor.py:830} INFO - Processing file /home/airflow/.local/lib/python3.10/site-packages/airflow/example_dags/example_sensor_decorator.py for tasks to queue
[2024-12-09T21:58:57.412+0000] {logging_mixin.py:188} INFO - [2024-12-09T21:58:57.411+0000] {dagbag.py:540} INFO - Filling up the DagBag from /home/airflow/.local/lib/python3.10/site-packages/airflow/example_dags/example_sensor_decorator.py
[2024-12-09T21:58:57.418+0000] {processor.py:840} INFO - DAG(s) 'example_sensor_decorator' retrieved from /home/airflow/.local/lib/python3.10/site-packages/airflow/example_dags/example_sensor_decorator.py
[2024-12-09T21:58:57.437+0000] {logging_mixin.py:188} INFO - [2024-12-09T21:58:57.437+0000] {dag.py:3047} INFO - Sync 1 DAGs
[2024-12-09T21:58:57.449+0000] {logging_mixin.py:188} INFO - [2024-12-09T21:58:57.448+0000] {dag.py:3834} INFO - Setting next_dagrun for example_sensor_decorator to None, run_after=None
[2024-12-09T21:58:57.467+0000] {processor.py:183} INFO - Processing /home/airflow/.local/lib/python3.10/site-packages/airflow/example_dags/example_sensor_decorator.py took 0.062 seconds
[2024-12-09T21:59:28.376+0000] {processor.py:161} INFO - Started process (PID=2627) to work on /home/airflow/.local/lib/python3.10/site-packages/airflow/example_dags/example_sensor_decorator.py
[2024-12-09T21:59:28.377+0000] {processor.py:830} INFO - Processing file /home/airflow/.local/lib/python3.10/site-packages/airflow/example_dags/example_sensor_decorator.py for tasks to queue
[2024-12-09T21:59:28.379+0000] {logging_mixin.py:188} INFO - [2024-12-09T21:59:28.379+0000] {dagbag.py:540} INFO - Filling up the DagBag from /home/airflow/.local/lib/python3.10/site-packages/airflow/example_dags/example_sensor_decorator.py
[2024-12-09T21:59:28.385+0000] {processor.py:840} INFO - DAG(s) 'example_sensor_decorator' retrieved from /home/airflow/.local/lib/python3.10/site-packages/airflow/example_dags/example_sensor_decorator.py
[2024-12-09T21:59:28.405+0000] {logging_mixin.py:188} INFO - [2024-12-09T21:59:28.404+0000] {dag.py:3047} INFO - Sync 1 DAGs
[2024-12-09T21:59:28.416+0000] {logging_mixin.py:188} INFO - [2024-12-09T21:59:28.416+0000] {dag.py:3834} INFO - Setting next_dagrun for example_sensor_decorator to None, run_after=None
[2024-12-09T21:59:28.435+0000] {processor.py:183} INFO - Processing /home/airflow/.local/lib/python3.10/site-packages/airflow/example_dags/example_sensor_decorator.py took 0.062 seconds
[2024-12-09T21:59:58.605+0000] {processor.py:161} INFO - Started process (PID=2682) to work on /home/airflow/.local/lib/python3.10/site-packages/airflow/example_dags/example_sensor_decorator.py
[2024-12-09T21:59:58.606+0000] {processor.py:830} INFO - Processing file /home/airflow/.local/lib/python3.10/site-packages/airflow/example_dags/example_sensor_decorator.py for tasks to queue
[2024-12-09T21:59:58.609+0000] {logging_mixin.py:188} INFO - [2024-12-09T21:59:58.608+0000] {dagbag.py:540} INFO - Filling up the DagBag from /home/airflow/.local/lib/python3.10/site-packages/airflow/example_dags/example_sensor_decorator.py
[2024-12-09T21:59:58.615+0000] {processor.py:840} INFO - DAG(s) 'example_sensor_decorator' retrieved from /home/airflow/.local/lib/python3.10/site-packages/airflow/example_dags/example_sensor_decorator.py
[2024-12-09T21:59:58.635+0000] {logging_mixin.py:188} INFO - [2024-12-09T21:59:58.635+0000] {dag.py:3047} INFO - Sync 1 DAGs
[2024-12-09T21:59:58.648+0000] {logging_mixin.py:188} INFO - [2024-12-09T21:59:58.647+0000] {dag.py:3834} INFO - Setting next_dagrun for example_sensor_decorator to None, run_after=None
[2024-12-09T21:59:58.666+0000] {processor.py:183} INFO - Processing /home/airflow/.local/lib/python3.10/site-packages/airflow/example_dags/example_sensor_decorator.py took 0.064 seconds
