[2024-12-09T13:35:37.927+0000] {processor.py:161} INFO - Started process (PID=68) to work on /home/airflow/.local/lib/python3.10/site-packages/airflow/example_dags/example_branch_day_of_week_operator.py
[2024-12-09T13:35:37.930+0000] {processor.py:830} INFO - Processing file /home/airflow/.local/lib/python3.10/site-packages/airflow/example_dags/example_branch_day_of_week_operator.py for tasks to queue
[2024-12-09T13:35:37.938+0000] {logging_mixin.py:188} INFO - [2024-12-09T13:35:37.936+0000] {dagbag.py:540} INFO - Filling up the DagBag from /home/airflow/.local/lib/python3.10/site-packages/airflow/example_dags/example_branch_day_of_week_operator.py
[2024-12-09T13:35:37.982+0000] {processor.py:840} INFO - DAG(s) 'example_weekday_branch_operator' retrieved from /home/airflow/.local/lib/python3.10/site-packages/airflow/example_dags/example_branch_day_of_week_operator.py
[2024-12-09T13:35:38.085+0000] {logging_mixin.py:188} INFO - [2024-12-09T13:35:38.084+0000] {dag.py:3047} INFO - Sync 1 DAGs
[2024-12-09T13:35:38.173+0000] {logging_mixin.py:188} INFO - [2024-12-09T13:35:38.172+0000] {dag.py:3834} INFO - Setting next_dagrun for example_weekday_branch_operator to 2024-12-08 00:00:00+00:00, run_after=2024-12-09 00:00:00+00:00
[2024-12-09T13:35:38.222+0000] {processor.py:183} INFO - Processing /home/airflow/.local/lib/python3.10/site-packages/airflow/example_dags/example_branch_day_of_week_operator.py took 0.302 seconds
[2024-12-09T20:37:15.244+0000] {processor.py:161} INFO - Started process (PID=68) to work on /home/airflow/.local/lib/python3.10/site-packages/airflow/example_dags/example_branch_day_of_week_operator.py
[2024-12-09T20:37:15.251+0000] {processor.py:830} INFO - Processing file /home/airflow/.local/lib/python3.10/site-packages/airflow/example_dags/example_branch_day_of_week_operator.py for tasks to queue
[2024-12-09T20:37:15.291+0000] {logging_mixin.py:188} INFO - [2024-12-09T20:37:15.282+0000] {dagbag.py:540} INFO - Filling up the DagBag from /home/airflow/.local/lib/python3.10/site-packages/airflow/example_dags/example_branch_day_of_week_operator.py
[2024-12-09T20:37:15.429+0000] {processor.py:840} INFO - DAG(s) 'example_weekday_branch_operator' retrieved from /home/airflow/.local/lib/python3.10/site-packages/airflow/example_dags/example_branch_day_of_week_operator.py
[2024-12-09T20:37:15.686+0000] {logging_mixin.py:188} INFO - [2024-12-09T20:37:15.686+0000] {dag.py:3047} INFO - Sync 1 DAGs
[2024-12-09T20:37:15.968+0000] {logging_mixin.py:188} INFO - [2024-12-09T20:37:15.967+0000] {dag.py:3834} INFO - Setting next_dagrun for example_weekday_branch_operator to 2024-12-08 00:00:00+00:00, run_after=2024-12-09 00:00:00+00:00
[2024-12-09T20:37:16.151+0000] {processor.py:183} INFO - Processing /home/airflow/.local/lib/python3.10/site-packages/airflow/example_dags/example_branch_day_of_week_operator.py took 0.917 seconds
[2024-12-09T20:37:46.320+0000] {processor.py:161} INFO - Started process (PID=124) to work on /home/airflow/.local/lib/python3.10/site-packages/airflow/example_dags/example_branch_day_of_week_operator.py
[2024-12-09T20:37:46.322+0000] {processor.py:830} INFO - Processing file /home/airflow/.local/lib/python3.10/site-packages/airflow/example_dags/example_branch_day_of_week_operator.py for tasks to queue
[2024-12-09T20:37:46.325+0000] {logging_mixin.py:188} INFO - [2024-12-09T20:37:46.324+0000] {dagbag.py:540} INFO - Filling up the DagBag from /home/airflow/.local/lib/python3.10/site-packages/airflow/example_dags/example_branch_day_of_week_operator.py
[2024-12-09T20:37:46.340+0000] {processor.py:840} INFO - DAG(s) 'example_weekday_branch_operator' retrieved from /home/airflow/.local/lib/python3.10/site-packages/airflow/example_dags/example_branch_day_of_week_operator.py
[2024-12-09T20:37:46.375+0000] {logging_mixin.py:188} INFO - [2024-12-09T20:37:46.374+0000] {dag.py:3047} INFO - Sync 1 DAGs
[2024-12-09T20:37:46.421+0000] {logging_mixin.py:188} INFO - [2024-12-09T20:37:46.420+0000] {dag.py:3834} INFO - Setting next_dagrun for example_weekday_branch_operator to 2024-12-08 00:00:00+00:00, run_after=2024-12-09 00:00:00+00:00
[2024-12-09T20:37:46.448+0000] {processor.py:183} INFO - Processing /home/airflow/.local/lib/python3.10/site-packages/airflow/example_dags/example_branch_day_of_week_operator.py took 0.134 seconds
[2024-12-09T20:38:17.075+0000] {processor.py:161} INFO - Started process (PID=180) to work on /home/airflow/.local/lib/python3.10/site-packages/airflow/example_dags/example_branch_day_of_week_operator.py
[2024-12-09T20:38:17.077+0000] {processor.py:830} INFO - Processing file /home/airflow/.local/lib/python3.10/site-packages/airflow/example_dags/example_branch_day_of_week_operator.py for tasks to queue
[2024-12-09T20:38:17.079+0000] {logging_mixin.py:188} INFO - [2024-12-09T20:38:17.079+0000] {dagbag.py:540} INFO - Filling up the DagBag from /home/airflow/.local/lib/python3.10/site-packages/airflow/example_dags/example_branch_day_of_week_operator.py
[2024-12-09T20:38:17.088+0000] {processor.py:840} INFO - DAG(s) 'example_weekday_branch_operator' retrieved from /home/airflow/.local/lib/python3.10/site-packages/airflow/example_dags/example_branch_day_of_week_operator.py
[2024-12-09T20:38:17.112+0000] {logging_mixin.py:188} INFO - [2024-12-09T20:38:17.112+0000] {dag.py:3047} INFO - Sync 1 DAGs
[2024-12-09T20:38:17.133+0000] {logging_mixin.py:188} INFO - [2024-12-09T20:38:17.132+0000] {dag.py:3834} INFO - Setting next_dagrun for example_weekday_branch_operator to 2024-12-08 00:00:00+00:00, run_after=2024-12-09 00:00:00+00:00
[2024-12-09T20:38:17.152+0000] {processor.py:183} INFO - Processing /home/airflow/.local/lib/python3.10/site-packages/airflow/example_dags/example_branch_day_of_week_operator.py took 0.080 seconds
[2024-12-09T20:38:47.581+0000] {processor.py:161} INFO - Started process (PID=236) to work on /home/airflow/.local/lib/python3.10/site-packages/airflow/example_dags/example_branch_day_of_week_operator.py
[2024-12-09T20:38:47.582+0000] {processor.py:830} INFO - Processing file /home/airflow/.local/lib/python3.10/site-packages/airflow/example_dags/example_branch_day_of_week_operator.py for tasks to queue
[2024-12-09T20:38:47.584+0000] {logging_mixin.py:188} INFO - [2024-12-09T20:38:47.584+0000] {dagbag.py:540} INFO - Filling up the DagBag from /home/airflow/.local/lib/python3.10/site-packages/airflow/example_dags/example_branch_day_of_week_operator.py
[2024-12-09T20:38:47.591+0000] {processor.py:840} INFO - DAG(s) 'example_weekday_branch_operator' retrieved from /home/airflow/.local/lib/python3.10/site-packages/airflow/example_dags/example_branch_day_of_week_operator.py
[2024-12-09T20:38:47.611+0000] {logging_mixin.py:188} INFO - [2024-12-09T20:38:47.611+0000] {dag.py:3047} INFO - Sync 1 DAGs
[2024-12-09T20:38:47.630+0000] {logging_mixin.py:188} INFO - [2024-12-09T20:38:47.630+0000] {dag.py:3834} INFO - Setting next_dagrun for example_weekday_branch_operator to 2024-12-08 00:00:00+00:00, run_after=2024-12-09 00:00:00+00:00
[2024-12-09T20:38:47.647+0000] {processor.py:183} INFO - Processing /home/airflow/.local/lib/python3.10/site-packages/airflow/example_dags/example_branch_day_of_week_operator.py took 0.070 seconds
[2024-12-09T20:39:17.833+0000] {processor.py:161} INFO - Started process (PID=292) to work on /home/airflow/.local/lib/python3.10/site-packages/airflow/example_dags/example_branch_day_of_week_operator.py
[2024-12-09T20:39:17.835+0000] {processor.py:830} INFO - Processing file /home/airflow/.local/lib/python3.10/site-packages/airflow/example_dags/example_branch_day_of_week_operator.py for tasks to queue
[2024-12-09T20:39:17.839+0000] {logging_mixin.py:188} INFO - [2024-12-09T20:39:17.838+0000] {dagbag.py:540} INFO - Filling up the DagBag from /home/airflow/.local/lib/python3.10/site-packages/airflow/example_dags/example_branch_day_of_week_operator.py
[2024-12-09T20:39:17.848+0000] {processor.py:840} INFO - DAG(s) 'example_weekday_branch_operator' retrieved from /home/airflow/.local/lib/python3.10/site-packages/airflow/example_dags/example_branch_day_of_week_operator.py
[2024-12-09T20:39:17.877+0000] {logging_mixin.py:188} INFO - [2024-12-09T20:39:17.877+0000] {dag.py:3047} INFO - Sync 1 DAGs
[2024-12-09T20:39:17.906+0000] {logging_mixin.py:188} INFO - [2024-12-09T20:39:17.905+0000] {dag.py:3834} INFO - Setting next_dagrun for example_weekday_branch_operator to 2024-12-08 00:00:00+00:00, run_after=2024-12-09 00:00:00+00:00
[2024-12-09T20:39:17.927+0000] {processor.py:183} INFO - Processing /home/airflow/.local/lib/python3.10/site-packages/airflow/example_dags/example_branch_day_of_week_operator.py took 0.098 seconds
[2024-12-09T20:39:48.493+0000] {processor.py:161} INFO - Started process (PID=347) to work on /home/airflow/.local/lib/python3.10/site-packages/airflow/example_dags/example_branch_day_of_week_operator.py
[2024-12-09T20:39:48.495+0000] {processor.py:830} INFO - Processing file /home/airflow/.local/lib/python3.10/site-packages/airflow/example_dags/example_branch_day_of_week_operator.py for tasks to queue
[2024-12-09T20:39:48.497+0000] {logging_mixin.py:188} INFO - [2024-12-09T20:39:48.497+0000] {dagbag.py:540} INFO - Filling up the DagBag from /home/airflow/.local/lib/python3.10/site-packages/airflow/example_dags/example_branch_day_of_week_operator.py
[2024-12-09T20:39:48.504+0000] {processor.py:840} INFO - DAG(s) 'example_weekday_branch_operator' retrieved from /home/airflow/.local/lib/python3.10/site-packages/airflow/example_dags/example_branch_day_of_week_operator.py
[2024-12-09T20:39:48.525+0000] {logging_mixin.py:188} INFO - [2024-12-09T20:39:48.524+0000] {dag.py:3047} INFO - Sync 1 DAGs
[2024-12-09T20:39:48.546+0000] {logging_mixin.py:188} INFO - [2024-12-09T20:39:48.546+0000] {dag.py:3834} INFO - Setting next_dagrun for example_weekday_branch_operator to 2024-12-08 00:00:00+00:00, run_after=2024-12-09 00:00:00+00:00
[2024-12-09T20:39:48.565+0000] {processor.py:183} INFO - Processing /home/airflow/.local/lib/python3.10/site-packages/airflow/example_dags/example_branch_day_of_week_operator.py took 0.075 seconds
[2024-12-09T20:40:19.311+0000] {processor.py:161} INFO - Started process (PID=402) to work on /home/airflow/.local/lib/python3.10/site-packages/airflow/example_dags/example_branch_day_of_week_operator.py
[2024-12-09T20:40:19.313+0000] {processor.py:830} INFO - Processing file /home/airflow/.local/lib/python3.10/site-packages/airflow/example_dags/example_branch_day_of_week_operator.py for tasks to queue
[2024-12-09T20:40:19.315+0000] {logging_mixin.py:188} INFO - [2024-12-09T20:40:19.314+0000] {dagbag.py:540} INFO - Filling up the DagBag from /home/airflow/.local/lib/python3.10/site-packages/airflow/example_dags/example_branch_day_of_week_operator.py
[2024-12-09T20:40:19.322+0000] {processor.py:840} INFO - DAG(s) 'example_weekday_branch_operator' retrieved from /home/airflow/.local/lib/python3.10/site-packages/airflow/example_dags/example_branch_day_of_week_operator.py
[2024-12-09T20:40:19.341+0000] {logging_mixin.py:188} INFO - [2024-12-09T20:40:19.341+0000] {dag.py:3047} INFO - Sync 1 DAGs
[2024-12-09T20:40:19.360+0000] {logging_mixin.py:188} INFO - [2024-12-09T20:40:19.360+0000] {dag.py:3834} INFO - Setting next_dagrun for example_weekday_branch_operator to 2024-12-08 00:00:00+00:00, run_after=2024-12-09 00:00:00+00:00
[2024-12-09T20:40:19.378+0000] {processor.py:183} INFO - Processing /home/airflow/.local/lib/python3.10/site-packages/airflow/example_dags/example_branch_day_of_week_operator.py took 0.070 seconds
[2024-12-09T20:40:52.025+0000] {processor.py:161} INFO - Started process (PID=458) to work on /home/airflow/.local/lib/python3.10/site-packages/airflow/example_dags/example_branch_day_of_week_operator.py
[2024-12-09T20:40:52.032+0000] {processor.py:830} INFO - Processing file /home/airflow/.local/lib/python3.10/site-packages/airflow/example_dags/example_branch_day_of_week_operator.py for tasks to queue
[2024-12-09T20:40:52.047+0000] {logging_mixin.py:188} INFO - [2024-12-09T20:40:52.046+0000] {dagbag.py:540} INFO - Filling up the DagBag from /home/airflow/.local/lib/python3.10/site-packages/airflow/example_dags/example_branch_day_of_week_operator.py
[2024-12-09T20:40:52.072+0000] {processor.py:840} INFO - DAG(s) 'example_weekday_branch_operator' retrieved from /home/airflow/.local/lib/python3.10/site-packages/airflow/example_dags/example_branch_day_of_week_operator.py
[2024-12-09T20:40:52.128+0000] {logging_mixin.py:188} INFO - [2024-12-09T20:40:52.128+0000] {dag.py:3047} INFO - Sync 1 DAGs
[2024-12-09T20:40:52.211+0000] {logging_mixin.py:188} INFO - [2024-12-09T20:40:52.210+0000] {dag.py:3834} INFO - Setting next_dagrun for example_weekday_branch_operator to 2024-12-08 00:00:00+00:00, run_after=2024-12-09 00:00:00+00:00
[2024-12-09T20:40:52.316+0000] {processor.py:183} INFO - Processing /home/airflow/.local/lib/python3.10/site-packages/airflow/example_dags/example_branch_day_of_week_operator.py took 0.312 seconds
[2024-12-09T20:41:23.095+0000] {processor.py:161} INFO - Started process (PID=513) to work on /home/airflow/.local/lib/python3.10/site-packages/airflow/example_dags/example_branch_day_of_week_operator.py
[2024-12-09T20:41:23.096+0000] {processor.py:830} INFO - Processing file /home/airflow/.local/lib/python3.10/site-packages/airflow/example_dags/example_branch_day_of_week_operator.py for tasks to queue
[2024-12-09T20:41:23.099+0000] {logging_mixin.py:188} INFO - [2024-12-09T20:41:23.098+0000] {dagbag.py:540} INFO - Filling up the DagBag from /home/airflow/.local/lib/python3.10/site-packages/airflow/example_dags/example_branch_day_of_week_operator.py
[2024-12-09T20:41:23.107+0000] {processor.py:840} INFO - DAG(s) 'example_weekday_branch_operator' retrieved from /home/airflow/.local/lib/python3.10/site-packages/airflow/example_dags/example_branch_day_of_week_operator.py
[2024-12-09T20:41:23.135+0000] {logging_mixin.py:188} INFO - [2024-12-09T20:41:23.135+0000] {dag.py:3047} INFO - Sync 1 DAGs
[2024-12-09T20:41:23.157+0000] {logging_mixin.py:188} INFO - [2024-12-09T20:41:23.157+0000] {dag.py:3834} INFO - Setting next_dagrun for example_weekday_branch_operator to 2024-12-08 00:00:00+00:00, run_after=2024-12-09 00:00:00+00:00
[2024-12-09T20:41:23.179+0000] {processor.py:183} INFO - Processing /home/airflow/.local/lib/python3.10/site-packages/airflow/example_dags/example_branch_day_of_week_operator.py took 0.087 seconds
[2024-12-09T20:41:53.742+0000] {processor.py:161} INFO - Started process (PID=568) to work on /home/airflow/.local/lib/python3.10/site-packages/airflow/example_dags/example_branch_day_of_week_operator.py
[2024-12-09T20:41:53.744+0000] {processor.py:830} INFO - Processing file /home/airflow/.local/lib/python3.10/site-packages/airflow/example_dags/example_branch_day_of_week_operator.py for tasks to queue
[2024-12-09T20:41:53.746+0000] {logging_mixin.py:188} INFO - [2024-12-09T20:41:53.746+0000] {dagbag.py:540} INFO - Filling up the DagBag from /home/airflow/.local/lib/python3.10/site-packages/airflow/example_dags/example_branch_day_of_week_operator.py
[2024-12-09T20:41:53.754+0000] {processor.py:840} INFO - DAG(s) 'example_weekday_branch_operator' retrieved from /home/airflow/.local/lib/python3.10/site-packages/airflow/example_dags/example_branch_day_of_week_operator.py
[2024-12-09T20:41:53.773+0000] {logging_mixin.py:188} INFO - [2024-12-09T20:41:53.773+0000] {dag.py:3047} INFO - Sync 1 DAGs
[2024-12-09T20:41:53.792+0000] {logging_mixin.py:188} INFO - [2024-12-09T20:41:53.792+0000] {dag.py:3834} INFO - Setting next_dagrun for example_weekday_branch_operator to 2024-12-08 00:00:00+00:00, run_after=2024-12-09 00:00:00+00:00
[2024-12-09T20:41:53.811+0000] {processor.py:183} INFO - Processing /home/airflow/.local/lib/python3.10/site-packages/airflow/example_dags/example_branch_day_of_week_operator.py took 0.072 seconds
[2024-12-09T20:42:24.024+0000] {processor.py:161} INFO - Started process (PID=624) to work on /home/airflow/.local/lib/python3.10/site-packages/airflow/example_dags/example_branch_day_of_week_operator.py
[2024-12-09T20:42:24.025+0000] {processor.py:830} INFO - Processing file /home/airflow/.local/lib/python3.10/site-packages/airflow/example_dags/example_branch_day_of_week_operator.py for tasks to queue
[2024-12-09T20:42:24.027+0000] {logging_mixin.py:188} INFO - [2024-12-09T20:42:24.027+0000] {dagbag.py:540} INFO - Filling up the DagBag from /home/airflow/.local/lib/python3.10/site-packages/airflow/example_dags/example_branch_day_of_week_operator.py
[2024-12-09T20:42:24.034+0000] {processor.py:840} INFO - DAG(s) 'example_weekday_branch_operator' retrieved from /home/airflow/.local/lib/python3.10/site-packages/airflow/example_dags/example_branch_day_of_week_operator.py
[2024-12-09T20:42:24.053+0000] {logging_mixin.py:188} INFO - [2024-12-09T20:42:24.053+0000] {dag.py:3047} INFO - Sync 1 DAGs
[2024-12-09T20:42:24.074+0000] {logging_mixin.py:188} INFO - [2024-12-09T20:42:24.073+0000] {dag.py:3834} INFO - Setting next_dagrun for example_weekday_branch_operator to 2024-12-08 00:00:00+00:00, run_after=2024-12-09 00:00:00+00:00
[2024-12-09T20:42:24.093+0000] {processor.py:183} INFO - Processing /home/airflow/.local/lib/python3.10/site-packages/airflow/example_dags/example_branch_day_of_week_operator.py took 0.072 seconds
[2024-12-09T20:42:54.302+0000] {processor.py:161} INFO - Started process (PID=680) to work on /home/airflow/.local/lib/python3.10/site-packages/airflow/example_dags/example_branch_day_of_week_operator.py
[2024-12-09T20:42:54.303+0000] {processor.py:830} INFO - Processing file /home/airflow/.local/lib/python3.10/site-packages/airflow/example_dags/example_branch_day_of_week_operator.py for tasks to queue
[2024-12-09T20:42:54.305+0000] {logging_mixin.py:188} INFO - [2024-12-09T20:42:54.305+0000] {dagbag.py:540} INFO - Filling up the DagBag from /home/airflow/.local/lib/python3.10/site-packages/airflow/example_dags/example_branch_day_of_week_operator.py
[2024-12-09T20:42:54.312+0000] {processor.py:840} INFO - DAG(s) 'example_weekday_branch_operator' retrieved from /home/airflow/.local/lib/python3.10/site-packages/airflow/example_dags/example_branch_day_of_week_operator.py
[2024-12-09T20:42:54.331+0000] {logging_mixin.py:188} INFO - [2024-12-09T20:42:54.331+0000] {dag.py:3047} INFO - Sync 1 DAGs
[2024-12-09T20:42:54.350+0000] {logging_mixin.py:188} INFO - [2024-12-09T20:42:54.349+0000] {dag.py:3834} INFO - Setting next_dagrun for example_weekday_branch_operator to 2024-12-08 00:00:00+00:00, run_after=2024-12-09 00:00:00+00:00
[2024-12-09T20:42:54.369+0000] {processor.py:183} INFO - Processing /home/airflow/.local/lib/python3.10/site-packages/airflow/example_dags/example_branch_day_of_week_operator.py took 0.070 seconds
[2024-12-09T20:43:24.431+0000] {processor.py:161} INFO - Started process (PID=735) to work on /home/airflow/.local/lib/python3.10/site-packages/airflow/example_dags/example_branch_day_of_week_operator.py
[2024-12-09T20:43:24.432+0000] {processor.py:830} INFO - Processing file /home/airflow/.local/lib/python3.10/site-packages/airflow/example_dags/example_branch_day_of_week_operator.py for tasks to queue
[2024-12-09T20:43:24.434+0000] {logging_mixin.py:188} INFO - [2024-12-09T20:43:24.434+0000] {dagbag.py:540} INFO - Filling up the DagBag from /home/airflow/.local/lib/python3.10/site-packages/airflow/example_dags/example_branch_day_of_week_operator.py
[2024-12-09T20:43:24.441+0000] {processor.py:840} INFO - DAG(s) 'example_weekday_branch_operator' retrieved from /home/airflow/.local/lib/python3.10/site-packages/airflow/example_dags/example_branch_day_of_week_operator.py
[2024-12-09T20:43:24.463+0000] {logging_mixin.py:188} INFO - [2024-12-09T20:43:24.462+0000] {dag.py:3047} INFO - Sync 1 DAGs
[2024-12-09T20:43:24.483+0000] {logging_mixin.py:188} INFO - [2024-12-09T20:43:24.483+0000] {dag.py:3834} INFO - Setting next_dagrun for example_weekday_branch_operator to 2024-12-08 00:00:00+00:00, run_after=2024-12-09 00:00:00+00:00
[2024-12-09T20:43:24.503+0000] {processor.py:183} INFO - Processing /home/airflow/.local/lib/python3.10/site-packages/airflow/example_dags/example_branch_day_of_week_operator.py took 0.075 seconds
[2024-12-09T20:43:54.611+0000] {processor.py:161} INFO - Started process (PID=791) to work on /home/airflow/.local/lib/python3.10/site-packages/airflow/example_dags/example_branch_day_of_week_operator.py
[2024-12-09T20:43:54.612+0000] {processor.py:830} INFO - Processing file /home/airflow/.local/lib/python3.10/site-packages/airflow/example_dags/example_branch_day_of_week_operator.py for tasks to queue
[2024-12-09T20:43:54.616+0000] {logging_mixin.py:188} INFO - [2024-12-09T20:43:54.616+0000] {dagbag.py:540} INFO - Filling up the DagBag from /home/airflow/.local/lib/python3.10/site-packages/airflow/example_dags/example_branch_day_of_week_operator.py
[2024-12-09T20:43:54.623+0000] {processor.py:840} INFO - DAG(s) 'example_weekday_branch_operator' retrieved from /home/airflow/.local/lib/python3.10/site-packages/airflow/example_dags/example_branch_day_of_week_operator.py
[2024-12-09T20:43:54.643+0000] {logging_mixin.py:188} INFO - [2024-12-09T20:43:54.643+0000] {dag.py:3047} INFO - Sync 1 DAGs
[2024-12-09T20:43:54.663+0000] {logging_mixin.py:188} INFO - [2024-12-09T20:43:54.663+0000] {dag.py:3834} INFO - Setting next_dagrun for example_weekday_branch_operator to 2024-12-08 00:00:00+00:00, run_after=2024-12-09 00:00:00+00:00
[2024-12-09T20:43:54.683+0000] {processor.py:183} INFO - Processing /home/airflow/.local/lib/python3.10/site-packages/airflow/example_dags/example_branch_day_of_week_operator.py took 0.075 seconds
[2024-12-09T20:44:25.406+0000] {processor.py:161} INFO - Started process (PID=847) to work on /home/airflow/.local/lib/python3.10/site-packages/airflow/example_dags/example_branch_day_of_week_operator.py
[2024-12-09T20:44:25.407+0000] {processor.py:830} INFO - Processing file /home/airflow/.local/lib/python3.10/site-packages/airflow/example_dags/example_branch_day_of_week_operator.py for tasks to queue
[2024-12-09T20:44:25.410+0000] {logging_mixin.py:188} INFO - [2024-12-09T20:44:25.409+0000] {dagbag.py:540} INFO - Filling up the DagBag from /home/airflow/.local/lib/python3.10/site-packages/airflow/example_dags/example_branch_day_of_week_operator.py
[2024-12-09T20:44:25.417+0000] {processor.py:840} INFO - DAG(s) 'example_weekday_branch_operator' retrieved from /home/airflow/.local/lib/python3.10/site-packages/airflow/example_dags/example_branch_day_of_week_operator.py
[2024-12-09T20:44:25.436+0000] {logging_mixin.py:188} INFO - [2024-12-09T20:44:25.436+0000] {dag.py:3047} INFO - Sync 1 DAGs
[2024-12-09T20:44:25.458+0000] {logging_mixin.py:188} INFO - [2024-12-09T20:44:25.458+0000] {dag.py:3834} INFO - Setting next_dagrun for example_weekday_branch_operator to 2024-12-08 00:00:00+00:00, run_after=2024-12-09 00:00:00+00:00
[2024-12-09T20:44:25.479+0000] {processor.py:183} INFO - Processing /home/airflow/.local/lib/python3.10/site-packages/airflow/example_dags/example_branch_day_of_week_operator.py took 0.077 seconds
[2024-12-09T20:44:55.548+0000] {processor.py:161} INFO - Started process (PID=903) to work on /home/airflow/.local/lib/python3.10/site-packages/airflow/example_dags/example_branch_day_of_week_operator.py
[2024-12-09T20:44:55.549+0000] {processor.py:830} INFO - Processing file /home/airflow/.local/lib/python3.10/site-packages/airflow/example_dags/example_branch_day_of_week_operator.py for tasks to queue
[2024-12-09T20:44:55.551+0000] {logging_mixin.py:188} INFO - [2024-12-09T20:44:55.551+0000] {dagbag.py:540} INFO - Filling up the DagBag from /home/airflow/.local/lib/python3.10/site-packages/airflow/example_dags/example_branch_day_of_week_operator.py
[2024-12-09T20:44:55.558+0000] {processor.py:840} INFO - DAG(s) 'example_weekday_branch_operator' retrieved from /home/airflow/.local/lib/python3.10/site-packages/airflow/example_dags/example_branch_day_of_week_operator.py
[2024-12-09T20:44:55.579+0000] {logging_mixin.py:188} INFO - [2024-12-09T20:44:55.579+0000] {dag.py:3047} INFO - Sync 1 DAGs
[2024-12-09T20:44:55.598+0000] {logging_mixin.py:188} INFO - [2024-12-09T20:44:55.598+0000] {dag.py:3834} INFO - Setting next_dagrun for example_weekday_branch_operator to 2024-12-08 00:00:00+00:00, run_after=2024-12-09 00:00:00+00:00
[2024-12-09T20:44:55.616+0000] {processor.py:183} INFO - Processing /home/airflow/.local/lib/python3.10/site-packages/airflow/example_dags/example_branch_day_of_week_operator.py took 0.072 seconds
[2024-12-09T20:45:25.786+0000] {processor.py:161} INFO - Started process (PID=959) to work on /home/airflow/.local/lib/python3.10/site-packages/airflow/example_dags/example_branch_day_of_week_operator.py
[2024-12-09T20:45:25.788+0000] {processor.py:830} INFO - Processing file /home/airflow/.local/lib/python3.10/site-packages/airflow/example_dags/example_branch_day_of_week_operator.py for tasks to queue
[2024-12-09T20:45:25.790+0000] {logging_mixin.py:188} INFO - [2024-12-09T20:45:25.790+0000] {dagbag.py:540} INFO - Filling up the DagBag from /home/airflow/.local/lib/python3.10/site-packages/airflow/example_dags/example_branch_day_of_week_operator.py
[2024-12-09T20:45:25.797+0000] {processor.py:840} INFO - DAG(s) 'example_weekday_branch_operator' retrieved from /home/airflow/.local/lib/python3.10/site-packages/airflow/example_dags/example_branch_day_of_week_operator.py
[2024-12-09T20:45:25.816+0000] {logging_mixin.py:188} INFO - [2024-12-09T20:45:25.816+0000] {dag.py:3047} INFO - Sync 1 DAGs
[2024-12-09T20:45:25.835+0000] {logging_mixin.py:188} INFO - [2024-12-09T20:45:25.835+0000] {dag.py:3834} INFO - Setting next_dagrun for example_weekday_branch_operator to 2024-12-08 00:00:00+00:00, run_after=2024-12-09 00:00:00+00:00
[2024-12-09T20:45:25.853+0000] {processor.py:183} INFO - Processing /home/airflow/.local/lib/python3.10/site-packages/airflow/example_dags/example_branch_day_of_week_operator.py took 0.070 seconds
[2024-12-09T20:45:56.657+0000] {processor.py:161} INFO - Started process (PID=1014) to work on /home/airflow/.local/lib/python3.10/site-packages/airflow/example_dags/example_branch_day_of_week_operator.py
[2024-12-09T20:45:56.660+0000] {processor.py:830} INFO - Processing file /home/airflow/.local/lib/python3.10/site-packages/airflow/example_dags/example_branch_day_of_week_operator.py for tasks to queue
[2024-12-09T20:45:56.669+0000] {logging_mixin.py:188} INFO - [2024-12-09T20:45:56.668+0000] {dagbag.py:540} INFO - Filling up the DagBag from /home/airflow/.local/lib/python3.10/site-packages/airflow/example_dags/example_branch_day_of_week_operator.py
[2024-12-09T20:45:56.690+0000] {processor.py:840} INFO - DAG(s) 'example_weekday_branch_operator' retrieved from /home/airflow/.local/lib/python3.10/site-packages/airflow/example_dags/example_branch_day_of_week_operator.py
[2024-12-09T20:45:56.727+0000] {logging_mixin.py:188} INFO - [2024-12-09T20:45:56.726+0000] {dag.py:3047} INFO - Sync 1 DAGs
[2024-12-09T20:45:56.755+0000] {logging_mixin.py:188} INFO - [2024-12-09T20:45:56.754+0000] {dag.py:3834} INFO - Setting next_dagrun for example_weekday_branch_operator to 2024-12-08 00:00:00+00:00, run_after=2024-12-09 00:00:00+00:00
[2024-12-09T20:45:56.778+0000] {processor.py:183} INFO - Processing /home/airflow/.local/lib/python3.10/site-packages/airflow/example_dags/example_branch_day_of_week_operator.py took 0.127 seconds
[2024-12-09T20:46:27.061+0000] {processor.py:161} INFO - Started process (PID=1070) to work on /home/airflow/.local/lib/python3.10/site-packages/airflow/example_dags/example_branch_day_of_week_operator.py
[2024-12-09T20:46:27.062+0000] {processor.py:830} INFO - Processing file /home/airflow/.local/lib/python3.10/site-packages/airflow/example_dags/example_branch_day_of_week_operator.py for tasks to queue
[2024-12-09T20:46:27.064+0000] {logging_mixin.py:188} INFO - [2024-12-09T20:46:27.064+0000] {dagbag.py:540} INFO - Filling up the DagBag from /home/airflow/.local/lib/python3.10/site-packages/airflow/example_dags/example_branch_day_of_week_operator.py
[2024-12-09T20:46:27.071+0000] {processor.py:840} INFO - DAG(s) 'example_weekday_branch_operator' retrieved from /home/airflow/.local/lib/python3.10/site-packages/airflow/example_dags/example_branch_day_of_week_operator.py
[2024-12-09T20:46:27.092+0000] {logging_mixin.py:188} INFO - [2024-12-09T20:46:27.091+0000] {dag.py:3047} INFO - Sync 1 DAGs
[2024-12-09T20:46:27.111+0000] {logging_mixin.py:188} INFO - [2024-12-09T20:46:27.111+0000] {dag.py:3834} INFO - Setting next_dagrun for example_weekday_branch_operator to 2024-12-08 00:00:00+00:00, run_after=2024-12-09 00:00:00+00:00
[2024-12-09T20:46:27.129+0000] {processor.py:183} INFO - Processing /home/airflow/.local/lib/python3.10/site-packages/airflow/example_dags/example_branch_day_of_week_operator.py took 0.072 seconds
[2024-12-09T20:46:57.370+0000] {processor.py:161} INFO - Started process (PID=1126) to work on /home/airflow/.local/lib/python3.10/site-packages/airflow/example_dags/example_branch_day_of_week_operator.py
[2024-12-09T20:46:57.372+0000] {processor.py:830} INFO - Processing file /home/airflow/.local/lib/python3.10/site-packages/airflow/example_dags/example_branch_day_of_week_operator.py for tasks to queue
[2024-12-09T20:46:57.374+0000] {logging_mixin.py:188} INFO - [2024-12-09T20:46:57.374+0000] {dagbag.py:540} INFO - Filling up the DagBag from /home/airflow/.local/lib/python3.10/site-packages/airflow/example_dags/example_branch_day_of_week_operator.py
[2024-12-09T20:46:57.381+0000] {processor.py:840} INFO - DAG(s) 'example_weekday_branch_operator' retrieved from /home/airflow/.local/lib/python3.10/site-packages/airflow/example_dags/example_branch_day_of_week_operator.py
[2024-12-09T20:46:57.400+0000] {logging_mixin.py:188} INFO - [2024-12-09T20:46:57.400+0000] {dag.py:3047} INFO - Sync 1 DAGs
[2024-12-09T20:46:57.418+0000] {logging_mixin.py:188} INFO - [2024-12-09T20:46:57.418+0000] {dag.py:3834} INFO - Setting next_dagrun for example_weekday_branch_operator to 2024-12-08 00:00:00+00:00, run_after=2024-12-09 00:00:00+00:00
[2024-12-09T20:46:57.440+0000] {processor.py:183} INFO - Processing /home/airflow/.local/lib/python3.10/site-packages/airflow/example_dags/example_branch_day_of_week_operator.py took 0.072 seconds
[2024-12-09T20:47:27.526+0000] {processor.py:161} INFO - Started process (PID=1182) to work on /home/airflow/.local/lib/python3.10/site-packages/airflow/example_dags/example_branch_day_of_week_operator.py
[2024-12-09T20:47:27.527+0000] {processor.py:830} INFO - Processing file /home/airflow/.local/lib/python3.10/site-packages/airflow/example_dags/example_branch_day_of_week_operator.py for tasks to queue
[2024-12-09T20:47:27.529+0000] {logging_mixin.py:188} INFO - [2024-12-09T20:47:27.529+0000] {dagbag.py:540} INFO - Filling up the DagBag from /home/airflow/.local/lib/python3.10/site-packages/airflow/example_dags/example_branch_day_of_week_operator.py
[2024-12-09T20:47:27.536+0000] {processor.py:840} INFO - DAG(s) 'example_weekday_branch_operator' retrieved from /home/airflow/.local/lib/python3.10/site-packages/airflow/example_dags/example_branch_day_of_week_operator.py
[2024-12-09T20:47:27.556+0000] {logging_mixin.py:188} INFO - [2024-12-09T20:47:27.556+0000] {dag.py:3047} INFO - Sync 1 DAGs
[2024-12-09T20:47:27.574+0000] {logging_mixin.py:188} INFO - [2024-12-09T20:47:27.574+0000] {dag.py:3834} INFO - Setting next_dagrun for example_weekday_branch_operator to 2024-12-08 00:00:00+00:00, run_after=2024-12-09 00:00:00+00:00
[2024-12-09T20:47:27.593+0000] {processor.py:183} INFO - Processing /home/airflow/.local/lib/python3.10/site-packages/airflow/example_dags/example_branch_day_of_week_operator.py took 0.070 seconds
[2024-12-09T20:47:58.114+0000] {processor.py:161} INFO - Started process (PID=1237) to work on /home/airflow/.local/lib/python3.10/site-packages/airflow/example_dags/example_branch_day_of_week_operator.py
[2024-12-09T20:47:58.116+0000] {processor.py:830} INFO - Processing file /home/airflow/.local/lib/python3.10/site-packages/airflow/example_dags/example_branch_day_of_week_operator.py for tasks to queue
[2024-12-09T20:47:58.118+0000] {logging_mixin.py:188} INFO - [2024-12-09T20:47:58.118+0000] {dagbag.py:540} INFO - Filling up the DagBag from /home/airflow/.local/lib/python3.10/site-packages/airflow/example_dags/example_branch_day_of_week_operator.py
[2024-12-09T20:47:58.126+0000] {processor.py:840} INFO - DAG(s) 'example_weekday_branch_operator' retrieved from /home/airflow/.local/lib/python3.10/site-packages/airflow/example_dags/example_branch_day_of_week_operator.py
[2024-12-09T20:47:58.147+0000] {logging_mixin.py:188} INFO - [2024-12-09T20:47:58.146+0000] {dag.py:3047} INFO - Sync 1 DAGs
[2024-12-09T20:47:58.167+0000] {logging_mixin.py:188} INFO - [2024-12-09T20:47:58.167+0000] {dag.py:3834} INFO - Setting next_dagrun for example_weekday_branch_operator to 2024-12-08 00:00:00+00:00, run_after=2024-12-09 00:00:00+00:00
[2024-12-09T20:47:58.188+0000] {processor.py:183} INFO - Processing /home/airflow/.local/lib/python3.10/site-packages/airflow/example_dags/example_branch_day_of_week_operator.py took 0.077 seconds
[2024-12-09T20:48:28.751+0000] {processor.py:161} INFO - Started process (PID=1292) to work on /home/airflow/.local/lib/python3.10/site-packages/airflow/example_dags/example_branch_day_of_week_operator.py
[2024-12-09T20:48:28.752+0000] {processor.py:830} INFO - Processing file /home/airflow/.local/lib/python3.10/site-packages/airflow/example_dags/example_branch_day_of_week_operator.py for tasks to queue
[2024-12-09T20:48:28.755+0000] {logging_mixin.py:188} INFO - [2024-12-09T20:48:28.755+0000] {dagbag.py:540} INFO - Filling up the DagBag from /home/airflow/.local/lib/python3.10/site-packages/airflow/example_dags/example_branch_day_of_week_operator.py
[2024-12-09T20:48:28.761+0000] {processor.py:840} INFO - DAG(s) 'example_weekday_branch_operator' retrieved from /home/airflow/.local/lib/python3.10/site-packages/airflow/example_dags/example_branch_day_of_week_operator.py
[2024-12-09T20:48:28.780+0000] {logging_mixin.py:188} INFO - [2024-12-09T20:48:28.780+0000] {dag.py:3047} INFO - Sync 1 DAGs
[2024-12-09T20:48:28.799+0000] {logging_mixin.py:188} INFO - [2024-12-09T20:48:28.799+0000] {dag.py:3834} INFO - Setting next_dagrun for example_weekday_branch_operator to 2024-12-08 00:00:00+00:00, run_after=2024-12-09 00:00:00+00:00
[2024-12-09T20:48:28.818+0000] {processor.py:183} INFO - Processing /home/airflow/.local/lib/python3.10/site-packages/airflow/example_dags/example_branch_day_of_week_operator.py took 0.070 seconds
[2024-12-09T20:48:58.984+0000] {processor.py:161} INFO - Started process (PID=1347) to work on /home/airflow/.local/lib/python3.10/site-packages/airflow/example_dags/example_branch_day_of_week_operator.py
[2024-12-09T20:48:58.985+0000] {processor.py:830} INFO - Processing file /home/airflow/.local/lib/python3.10/site-packages/airflow/example_dags/example_branch_day_of_week_operator.py for tasks to queue
[2024-12-09T20:48:58.988+0000] {logging_mixin.py:188} INFO - [2024-12-09T20:48:58.988+0000] {dagbag.py:540} INFO - Filling up the DagBag from /home/airflow/.local/lib/python3.10/site-packages/airflow/example_dags/example_branch_day_of_week_operator.py
[2024-12-09T20:48:58.996+0000] {processor.py:840} INFO - DAG(s) 'example_weekday_branch_operator' retrieved from /home/airflow/.local/lib/python3.10/site-packages/airflow/example_dags/example_branch_day_of_week_operator.py
[2024-12-09T20:48:59.072+0000] {logging_mixin.py:188} INFO - [2024-12-09T20:48:59.072+0000] {dag.py:3047} INFO - Sync 1 DAGs
[2024-12-09T20:48:59.096+0000] {logging_mixin.py:188} INFO - [2024-12-09T20:48:59.095+0000] {dag.py:3834} INFO - Setting next_dagrun for example_weekday_branch_operator to 2024-12-08 00:00:00+00:00, run_after=2024-12-09 00:00:00+00:00
[2024-12-09T20:48:59.115+0000] {processor.py:183} INFO - Processing /home/airflow/.local/lib/python3.10/site-packages/airflow/example_dags/example_branch_day_of_week_operator.py took 0.135 seconds
[2024-12-09T20:49:29.176+0000] {processor.py:161} INFO - Started process (PID=1402) to work on /home/airflow/.local/lib/python3.10/site-packages/airflow/example_dags/example_branch_day_of_week_operator.py
[2024-12-09T20:49:29.178+0000] {processor.py:830} INFO - Processing file /home/airflow/.local/lib/python3.10/site-packages/airflow/example_dags/example_branch_day_of_week_operator.py for tasks to queue
[2024-12-09T20:49:29.180+0000] {logging_mixin.py:188} INFO - [2024-12-09T20:49:29.180+0000] {dagbag.py:540} INFO - Filling up the DagBag from /home/airflow/.local/lib/python3.10/site-packages/airflow/example_dags/example_branch_day_of_week_operator.py
[2024-12-09T20:49:29.187+0000] {processor.py:840} INFO - DAG(s) 'example_weekday_branch_operator' retrieved from /home/airflow/.local/lib/python3.10/site-packages/airflow/example_dags/example_branch_day_of_week_operator.py
[2024-12-09T20:49:29.206+0000] {logging_mixin.py:188} INFO - [2024-12-09T20:49:29.206+0000] {dag.py:3047} INFO - Sync 1 DAGs
[2024-12-09T20:49:29.226+0000] {logging_mixin.py:188} INFO - [2024-12-09T20:49:29.225+0000] {dag.py:3834} INFO - Setting next_dagrun for example_weekday_branch_operator to 2024-12-08 00:00:00+00:00, run_after=2024-12-09 00:00:00+00:00
[2024-12-09T20:49:29.244+0000] {processor.py:183} INFO - Processing /home/airflow/.local/lib/python3.10/site-packages/airflow/example_dags/example_branch_day_of_week_operator.py took 0.071 seconds
[2024-12-09T20:49:59.570+0000] {processor.py:161} INFO - Started process (PID=1458) to work on /home/airflow/.local/lib/python3.10/site-packages/airflow/example_dags/example_branch_day_of_week_operator.py
[2024-12-09T20:49:59.571+0000] {processor.py:830} INFO - Processing file /home/airflow/.local/lib/python3.10/site-packages/airflow/example_dags/example_branch_day_of_week_operator.py for tasks to queue
[2024-12-09T20:49:59.573+0000] {logging_mixin.py:188} INFO - [2024-12-09T20:49:59.573+0000] {dagbag.py:540} INFO - Filling up the DagBag from /home/airflow/.local/lib/python3.10/site-packages/airflow/example_dags/example_branch_day_of_week_operator.py
[2024-12-09T20:49:59.580+0000] {processor.py:840} INFO - DAG(s) 'example_weekday_branch_operator' retrieved from /home/airflow/.local/lib/python3.10/site-packages/airflow/example_dags/example_branch_day_of_week_operator.py
[2024-12-09T20:49:59.599+0000] {logging_mixin.py:188} INFO - [2024-12-09T20:49:59.599+0000] {dag.py:3047} INFO - Sync 1 DAGs
[2024-12-09T20:49:59.617+0000] {logging_mixin.py:188} INFO - [2024-12-09T20:49:59.617+0000] {dag.py:3834} INFO - Setting next_dagrun for example_weekday_branch_operator to 2024-12-08 00:00:00+00:00, run_after=2024-12-09 00:00:00+00:00
[2024-12-09T20:49:59.635+0000] {processor.py:183} INFO - Processing /home/airflow/.local/lib/python3.10/site-packages/airflow/example_dags/example_branch_day_of_week_operator.py took 0.068 seconds
[2024-12-09T20:50:29.963+0000] {processor.py:161} INFO - Started process (PID=1513) to work on /home/airflow/.local/lib/python3.10/site-packages/airflow/example_dags/example_branch_day_of_week_operator.py
[2024-12-09T20:50:29.965+0000] {processor.py:830} INFO - Processing file /home/airflow/.local/lib/python3.10/site-packages/airflow/example_dags/example_branch_day_of_week_operator.py for tasks to queue
[2024-12-09T20:50:29.967+0000] {logging_mixin.py:188} INFO - [2024-12-09T20:50:29.967+0000] {dagbag.py:540} INFO - Filling up the DagBag from /home/airflow/.local/lib/python3.10/site-packages/airflow/example_dags/example_branch_day_of_week_operator.py
[2024-12-09T20:50:29.974+0000] {processor.py:840} INFO - DAG(s) 'example_weekday_branch_operator' retrieved from /home/airflow/.local/lib/python3.10/site-packages/airflow/example_dags/example_branch_day_of_week_operator.py
[2024-12-09T20:50:29.993+0000] {logging_mixin.py:188} INFO - [2024-12-09T20:50:29.993+0000] {dag.py:3047} INFO - Sync 1 DAGs
[2024-12-09T20:50:30.011+0000] {logging_mixin.py:188} INFO - [2024-12-09T20:50:30.011+0000] {dag.py:3834} INFO - Setting next_dagrun for example_weekday_branch_operator to 2024-12-08 00:00:00+00:00, run_after=2024-12-09 00:00:00+00:00
[2024-12-09T20:50:30.037+0000] {processor.py:183} INFO - Processing /home/airflow/.local/lib/python3.10/site-packages/airflow/example_dags/example_branch_day_of_week_operator.py took 0.077 seconds
[2024-12-09T20:51:00.068+0000] {processor.py:161} INFO - Started process (PID=1569) to work on /home/airflow/.local/lib/python3.10/site-packages/airflow/example_dags/example_branch_day_of_week_operator.py
[2024-12-09T20:51:00.069+0000] {processor.py:830} INFO - Processing file /home/airflow/.local/lib/python3.10/site-packages/airflow/example_dags/example_branch_day_of_week_operator.py for tasks to queue
[2024-12-09T20:51:00.072+0000] {logging_mixin.py:188} INFO - [2024-12-09T20:51:00.071+0000] {dagbag.py:540} INFO - Filling up the DagBag from /home/airflow/.local/lib/python3.10/site-packages/airflow/example_dags/example_branch_day_of_week_operator.py
[2024-12-09T20:51:00.079+0000] {processor.py:840} INFO - DAG(s) 'example_weekday_branch_operator' retrieved from /home/airflow/.local/lib/python3.10/site-packages/airflow/example_dags/example_branch_day_of_week_operator.py
[2024-12-09T20:51:00.100+0000] {logging_mixin.py:188} INFO - [2024-12-09T20:51:00.100+0000] {dag.py:3047} INFO - Sync 1 DAGs
[2024-12-09T20:51:00.266+0000] {logging_mixin.py:188} INFO - [2024-12-09T20:51:00.266+0000] {dag.py:3834} INFO - Setting next_dagrun for example_weekday_branch_operator to 2024-12-08 00:00:00+00:00, run_after=2024-12-09 00:00:00+00:00
[2024-12-09T20:51:00.287+0000] {processor.py:183} INFO - Processing /home/airflow/.local/lib/python3.10/site-packages/airflow/example_dags/example_branch_day_of_week_operator.py took 0.222 seconds
[2024-12-09T20:51:30.663+0000] {processor.py:161} INFO - Started process (PID=1625) to work on /home/airflow/.local/lib/python3.10/site-packages/airflow/example_dags/example_branch_day_of_week_operator.py
[2024-12-09T20:51:30.664+0000] {processor.py:830} INFO - Processing file /home/airflow/.local/lib/python3.10/site-packages/airflow/example_dags/example_branch_day_of_week_operator.py for tasks to queue
[2024-12-09T20:51:30.666+0000] {logging_mixin.py:188} INFO - [2024-12-09T20:51:30.666+0000] {dagbag.py:540} INFO - Filling up the DagBag from /home/airflow/.local/lib/python3.10/site-packages/airflow/example_dags/example_branch_day_of_week_operator.py
[2024-12-09T20:51:30.675+0000] {processor.py:840} INFO - DAG(s) 'example_weekday_branch_operator' retrieved from /home/airflow/.local/lib/python3.10/site-packages/airflow/example_dags/example_branch_day_of_week_operator.py
[2024-12-09T20:51:30.697+0000] {logging_mixin.py:188} INFO - [2024-12-09T20:51:30.697+0000] {dag.py:3047} INFO - Sync 1 DAGs
[2024-12-09T20:51:30.718+0000] {logging_mixin.py:188} INFO - [2024-12-09T20:51:30.718+0000] {dag.py:3834} INFO - Setting next_dagrun for example_weekday_branch_operator to 2024-12-08 00:00:00+00:00, run_after=2024-12-09 00:00:00+00:00
[2024-12-09T20:51:30.848+0000] {processor.py:183} INFO - Processing /home/airflow/.local/lib/python3.10/site-packages/airflow/example_dags/example_branch_day_of_week_operator.py took 0.188 seconds
[2024-12-09T20:52:01.261+0000] {processor.py:161} INFO - Started process (PID=1681) to work on /home/airflow/.local/lib/python3.10/site-packages/airflow/example_dags/example_branch_day_of_week_operator.py
[2024-12-09T20:52:01.262+0000] {processor.py:830} INFO - Processing file /home/airflow/.local/lib/python3.10/site-packages/airflow/example_dags/example_branch_day_of_week_operator.py for tasks to queue
[2024-12-09T20:52:01.264+0000] {logging_mixin.py:188} INFO - [2024-12-09T20:52:01.264+0000] {dagbag.py:540} INFO - Filling up the DagBag from /home/airflow/.local/lib/python3.10/site-packages/airflow/example_dags/example_branch_day_of_week_operator.py
[2024-12-09T20:52:01.272+0000] {processor.py:840} INFO - DAG(s) 'example_weekday_branch_operator' retrieved from /home/airflow/.local/lib/python3.10/site-packages/airflow/example_dags/example_branch_day_of_week_operator.py
[2024-12-09T20:52:01.292+0000] {logging_mixin.py:188} INFO - [2024-12-09T20:52:01.292+0000] {dag.py:3047} INFO - Sync 1 DAGs
[2024-12-09T20:52:01.312+0000] {logging_mixin.py:188} INFO - [2024-12-09T20:52:01.312+0000] {dag.py:3834} INFO - Setting next_dagrun for example_weekday_branch_operator to 2024-12-08 00:00:00+00:00, run_after=2024-12-09 00:00:00+00:00
[2024-12-09T20:52:01.332+0000] {processor.py:183} INFO - Processing /home/airflow/.local/lib/python3.10/site-packages/airflow/example_dags/example_branch_day_of_week_operator.py took 0.075 seconds
[2024-12-09T20:52:31.363+0000] {processor.py:161} INFO - Started process (PID=1736) to work on /home/airflow/.local/lib/python3.10/site-packages/airflow/example_dags/example_branch_day_of_week_operator.py
[2024-12-09T20:52:31.364+0000] {processor.py:830} INFO - Processing file /home/airflow/.local/lib/python3.10/site-packages/airflow/example_dags/example_branch_day_of_week_operator.py for tasks to queue
[2024-12-09T20:52:31.366+0000] {logging_mixin.py:188} INFO - [2024-12-09T20:52:31.366+0000] {dagbag.py:540} INFO - Filling up the DagBag from /home/airflow/.local/lib/python3.10/site-packages/airflow/example_dags/example_branch_day_of_week_operator.py
[2024-12-09T20:52:31.374+0000] {processor.py:840} INFO - DAG(s) 'example_weekday_branch_operator' retrieved from /home/airflow/.local/lib/python3.10/site-packages/airflow/example_dags/example_branch_day_of_week_operator.py
[2024-12-09T20:52:31.394+0000] {logging_mixin.py:188} INFO - [2024-12-09T20:52:31.394+0000] {dag.py:3047} INFO - Sync 1 DAGs
[2024-12-09T20:52:31.413+0000] {logging_mixin.py:188} INFO - [2024-12-09T20:52:31.413+0000] {dag.py:3834} INFO - Setting next_dagrun for example_weekday_branch_operator to 2024-12-08 00:00:00+00:00, run_after=2024-12-09 00:00:00+00:00
[2024-12-09T20:52:31.433+0000] {processor.py:183} INFO - Processing /home/airflow/.local/lib/python3.10/site-packages/airflow/example_dags/example_branch_day_of_week_operator.py took 0.073 seconds
[2024-12-09T20:53:01.633+0000] {processor.py:161} INFO - Started process (PID=1791) to work on /home/airflow/.local/lib/python3.10/site-packages/airflow/example_dags/example_branch_day_of_week_operator.py
[2024-12-09T20:53:01.635+0000] {processor.py:830} INFO - Processing file /home/airflow/.local/lib/python3.10/site-packages/airflow/example_dags/example_branch_day_of_week_operator.py for tasks to queue
[2024-12-09T20:53:01.638+0000] {logging_mixin.py:188} INFO - [2024-12-09T20:53:01.637+0000] {dagbag.py:540} INFO - Filling up the DagBag from /home/airflow/.local/lib/python3.10/site-packages/airflow/example_dags/example_branch_day_of_week_operator.py
[2024-12-09T20:53:01.646+0000] {processor.py:840} INFO - DAG(s) 'example_weekday_branch_operator' retrieved from /home/airflow/.local/lib/python3.10/site-packages/airflow/example_dags/example_branch_day_of_week_operator.py
[2024-12-09T20:53:01.671+0000] {logging_mixin.py:188} INFO - [2024-12-09T20:53:01.670+0000] {dag.py:3047} INFO - Sync 1 DAGs
[2024-12-09T20:53:01.697+0000] {logging_mixin.py:188} INFO - [2024-12-09T20:53:01.697+0000] {dag.py:3834} INFO - Setting next_dagrun for example_weekday_branch_operator to 2024-12-08 00:00:00+00:00, run_after=2024-12-09 00:00:00+00:00
[2024-12-09T20:53:01.724+0000] {processor.py:183} INFO - Processing /home/airflow/.local/lib/python3.10/site-packages/airflow/example_dags/example_branch_day_of_week_operator.py took 0.094 seconds
[2024-12-09T20:53:32.711+0000] {processor.py:161} INFO - Started process (PID=1847) to work on /home/airflow/.local/lib/python3.10/site-packages/airflow/example_dags/example_branch_day_of_week_operator.py
[2024-12-09T20:53:32.712+0000] {processor.py:830} INFO - Processing file /home/airflow/.local/lib/python3.10/site-packages/airflow/example_dags/example_branch_day_of_week_operator.py for tasks to queue
[2024-12-09T20:53:32.714+0000] {logging_mixin.py:188} INFO - [2024-12-09T20:53:32.714+0000] {dagbag.py:540} INFO - Filling up the DagBag from /home/airflow/.local/lib/python3.10/site-packages/airflow/example_dags/example_branch_day_of_week_operator.py
[2024-12-09T20:53:32.723+0000] {processor.py:840} INFO - DAG(s) 'example_weekday_branch_operator' retrieved from /home/airflow/.local/lib/python3.10/site-packages/airflow/example_dags/example_branch_day_of_week_operator.py
[2024-12-09T20:53:32.749+0000] {logging_mixin.py:188} INFO - [2024-12-09T20:53:32.749+0000] {dag.py:3047} INFO - Sync 1 DAGs
[2024-12-09T20:53:32.926+0000] {logging_mixin.py:188} INFO - [2024-12-09T20:53:32.926+0000] {dag.py:3834} INFO - Setting next_dagrun for example_weekday_branch_operator to 2024-12-08 00:00:00+00:00, run_after=2024-12-09 00:00:00+00:00
[2024-12-09T20:53:32.946+0000] {processor.py:183} INFO - Processing /home/airflow/.local/lib/python3.10/site-packages/airflow/example_dags/example_branch_day_of_week_operator.py took 0.239 seconds
[2024-12-09T20:54:03.531+0000] {processor.py:161} INFO - Started process (PID=1902) to work on /home/airflow/.local/lib/python3.10/site-packages/airflow/example_dags/example_branch_day_of_week_operator.py
[2024-12-09T20:54:03.532+0000] {processor.py:830} INFO - Processing file /home/airflow/.local/lib/python3.10/site-packages/airflow/example_dags/example_branch_day_of_week_operator.py for tasks to queue
[2024-12-09T20:54:03.534+0000] {logging_mixin.py:188} INFO - [2024-12-09T20:54:03.534+0000] {dagbag.py:540} INFO - Filling up the DagBag from /home/airflow/.local/lib/python3.10/site-packages/airflow/example_dags/example_branch_day_of_week_operator.py
[2024-12-09T20:54:03.541+0000] {processor.py:840} INFO - DAG(s) 'example_weekday_branch_operator' retrieved from /home/airflow/.local/lib/python3.10/site-packages/airflow/example_dags/example_branch_day_of_week_operator.py
[2024-12-09T20:54:03.563+0000] {logging_mixin.py:188} INFO - [2024-12-09T20:54:03.563+0000] {dag.py:3047} INFO - Sync 1 DAGs
[2024-12-09T20:54:03.587+0000] {logging_mixin.py:188} INFO - [2024-12-09T20:54:03.587+0000] {dag.py:3834} INFO - Setting next_dagrun for example_weekday_branch_operator to 2024-12-08 00:00:00+00:00, run_after=2024-12-09 00:00:00+00:00
[2024-12-09T20:54:03.612+0000] {processor.py:183} INFO - Processing /home/airflow/.local/lib/python3.10/site-packages/airflow/example_dags/example_branch_day_of_week_operator.py took 0.084 seconds
[2024-12-09T20:54:33.697+0000] {processor.py:161} INFO - Started process (PID=1958) to work on /home/airflow/.local/lib/python3.10/site-packages/airflow/example_dags/example_branch_day_of_week_operator.py
[2024-12-09T20:54:33.698+0000] {processor.py:830} INFO - Processing file /home/airflow/.local/lib/python3.10/site-packages/airflow/example_dags/example_branch_day_of_week_operator.py for tasks to queue
[2024-12-09T20:54:33.700+0000] {logging_mixin.py:188} INFO - [2024-12-09T20:54:33.699+0000] {dagbag.py:540} INFO - Filling up the DagBag from /home/airflow/.local/lib/python3.10/site-packages/airflow/example_dags/example_branch_day_of_week_operator.py
[2024-12-09T20:54:33.707+0000] {processor.py:840} INFO - DAG(s) 'example_weekday_branch_operator' retrieved from /home/airflow/.local/lib/python3.10/site-packages/airflow/example_dags/example_branch_day_of_week_operator.py
[2024-12-09T20:54:33.727+0000] {logging_mixin.py:188} INFO - [2024-12-09T20:54:33.727+0000] {dag.py:3047} INFO - Sync 1 DAGs
[2024-12-09T20:54:33.745+0000] {logging_mixin.py:188} INFO - [2024-12-09T20:54:33.745+0000] {dag.py:3834} INFO - Setting next_dagrun for example_weekday_branch_operator to 2024-12-08 00:00:00+00:00, run_after=2024-12-09 00:00:00+00:00
[2024-12-09T20:54:33.764+0000] {processor.py:183} INFO - Processing /home/airflow/.local/lib/python3.10/site-packages/airflow/example_dags/example_branch_day_of_week_operator.py took 0.070 seconds
[2024-12-09T20:55:03.943+0000] {processor.py:161} INFO - Started process (PID=2013) to work on /home/airflow/.local/lib/python3.10/site-packages/airflow/example_dags/example_branch_day_of_week_operator.py
[2024-12-09T20:55:03.944+0000] {processor.py:830} INFO - Processing file /home/airflow/.local/lib/python3.10/site-packages/airflow/example_dags/example_branch_day_of_week_operator.py for tasks to queue
[2024-12-09T20:55:03.946+0000] {logging_mixin.py:188} INFO - [2024-12-09T20:55:03.946+0000] {dagbag.py:540} INFO - Filling up the DagBag from /home/airflow/.local/lib/python3.10/site-packages/airflow/example_dags/example_branch_day_of_week_operator.py
[2024-12-09T20:55:03.953+0000] {processor.py:840} INFO - DAG(s) 'example_weekday_branch_operator' retrieved from /home/airflow/.local/lib/python3.10/site-packages/airflow/example_dags/example_branch_day_of_week_operator.py
[2024-12-09T20:55:03.975+0000] {logging_mixin.py:188} INFO - [2024-12-09T20:55:03.975+0000] {dag.py:3047} INFO - Sync 1 DAGs
[2024-12-09T20:55:03.997+0000] {logging_mixin.py:188} INFO - [2024-12-09T20:55:03.997+0000] {dag.py:3834} INFO - Setting next_dagrun for example_weekday_branch_operator to 2024-12-08 00:00:00+00:00, run_after=2024-12-09 00:00:00+00:00
[2024-12-09T20:55:04.016+0000] {processor.py:183} INFO - Processing /home/airflow/.local/lib/python3.10/site-packages/airflow/example_dags/example_branch_day_of_week_operator.py took 0.076 seconds
[2024-12-09T20:55:34.196+0000] {processor.py:161} INFO - Started process (PID=2068) to work on /home/airflow/.local/lib/python3.10/site-packages/airflow/example_dags/example_branch_day_of_week_operator.py
[2024-12-09T20:55:34.197+0000] {processor.py:830} INFO - Processing file /home/airflow/.local/lib/python3.10/site-packages/airflow/example_dags/example_branch_day_of_week_operator.py for tasks to queue
[2024-12-09T20:55:34.199+0000] {logging_mixin.py:188} INFO - [2024-12-09T20:55:34.199+0000] {dagbag.py:540} INFO - Filling up the DagBag from /home/airflow/.local/lib/python3.10/site-packages/airflow/example_dags/example_branch_day_of_week_operator.py
[2024-12-09T20:55:34.208+0000] {processor.py:840} INFO - DAG(s) 'example_weekday_branch_operator' retrieved from /home/airflow/.local/lib/python3.10/site-packages/airflow/example_dags/example_branch_day_of_week_operator.py
[2024-12-09T20:55:34.232+0000] {logging_mixin.py:188} INFO - [2024-12-09T20:55:34.231+0000] {dag.py:3047} INFO - Sync 1 DAGs
[2024-12-09T20:55:34.252+0000] {logging_mixin.py:188} INFO - [2024-12-09T20:55:34.252+0000] {dag.py:3834} INFO - Setting next_dagrun for example_weekday_branch_operator to 2024-12-08 00:00:00+00:00, run_after=2024-12-09 00:00:00+00:00
[2024-12-09T20:55:34.270+0000] {processor.py:183} INFO - Processing /home/airflow/.local/lib/python3.10/site-packages/airflow/example_dags/example_branch_day_of_week_operator.py took 0.079 seconds
[2024-12-09T20:56:04.632+0000] {processor.py:161} INFO - Started process (PID=2123) to work on /home/airflow/.local/lib/python3.10/site-packages/airflow/example_dags/example_branch_day_of_week_operator.py
[2024-12-09T20:56:04.633+0000] {processor.py:830} INFO - Processing file /home/airflow/.local/lib/python3.10/site-packages/airflow/example_dags/example_branch_day_of_week_operator.py for tasks to queue
[2024-12-09T20:56:04.636+0000] {logging_mixin.py:188} INFO - [2024-12-09T20:56:04.635+0000] {dagbag.py:540} INFO - Filling up the DagBag from /home/airflow/.local/lib/python3.10/site-packages/airflow/example_dags/example_branch_day_of_week_operator.py
[2024-12-09T20:56:04.644+0000] {processor.py:840} INFO - DAG(s) 'example_weekday_branch_operator' retrieved from /home/airflow/.local/lib/python3.10/site-packages/airflow/example_dags/example_branch_day_of_week_operator.py
[2024-12-09T20:56:04.665+0000] {logging_mixin.py:188} INFO - [2024-12-09T20:56:04.665+0000] {dag.py:3047} INFO - Sync 1 DAGs
[2024-12-09T20:56:04.691+0000] {logging_mixin.py:188} INFO - [2024-12-09T20:56:04.691+0000] {dag.py:3834} INFO - Setting next_dagrun for example_weekday_branch_operator to 2024-12-08 00:00:00+00:00, run_after=2024-12-09 00:00:00+00:00
[2024-12-09T20:56:04.714+0000] {processor.py:183} INFO - Processing /home/airflow/.local/lib/python3.10/site-packages/airflow/example_dags/example_branch_day_of_week_operator.py took 0.085 seconds
[2024-12-09T20:56:35.090+0000] {processor.py:161} INFO - Started process (PID=2179) to work on /home/airflow/.local/lib/python3.10/site-packages/airflow/example_dags/example_branch_day_of_week_operator.py
[2024-12-09T20:56:35.091+0000] {processor.py:830} INFO - Processing file /home/airflow/.local/lib/python3.10/site-packages/airflow/example_dags/example_branch_day_of_week_operator.py for tasks to queue
[2024-12-09T20:56:35.096+0000] {logging_mixin.py:188} INFO - [2024-12-09T20:56:35.095+0000] {dagbag.py:540} INFO - Filling up the DagBag from /home/airflow/.local/lib/python3.10/site-packages/airflow/example_dags/example_branch_day_of_week_operator.py
[2024-12-09T20:56:35.107+0000] {processor.py:840} INFO - DAG(s) 'example_weekday_branch_operator' retrieved from /home/airflow/.local/lib/python3.10/site-packages/airflow/example_dags/example_branch_day_of_week_operator.py
[2024-12-09T20:56:35.140+0000] {logging_mixin.py:188} INFO - [2024-12-09T20:56:35.140+0000] {dag.py:3047} INFO - Sync 1 DAGs
[2024-12-09T20:56:35.180+0000] {logging_mixin.py:188} INFO - [2024-12-09T20:56:35.179+0000] {dag.py:3834} INFO - Setting next_dagrun for example_weekday_branch_operator to 2024-12-08 00:00:00+00:00, run_after=2024-12-09 00:00:00+00:00
[2024-12-09T20:56:35.212+0000] {processor.py:183} INFO - Processing /home/airflow/.local/lib/python3.10/site-packages/airflow/example_dags/example_branch_day_of_week_operator.py took 0.128 seconds
[2024-12-09T20:57:19.415+0000] {processor.py:161} INFO - Started process (PID=2239) to work on /home/airflow/.local/lib/python3.10/site-packages/airflow/example_dags/example_branch_day_of_week_operator.py
[2024-12-09T20:57:19.426+0000] {processor.py:830} INFO - Processing file /home/airflow/.local/lib/python3.10/site-packages/airflow/example_dags/example_branch_day_of_week_operator.py for tasks to queue
[2024-12-09T20:57:19.430+0000] {logging_mixin.py:188} INFO - [2024-12-09T20:57:19.430+0000] {dagbag.py:540} INFO - Filling up the DagBag from /home/airflow/.local/lib/python3.10/site-packages/airflow/example_dags/example_branch_day_of_week_operator.py
[2024-12-09T20:57:19.461+0000] {processor.py:840} INFO - DAG(s) 'example_weekday_branch_operator' retrieved from /home/airflow/.local/lib/python3.10/site-packages/airflow/example_dags/example_branch_day_of_week_operator.py
[2024-12-09T20:57:19.524+0000] {logging_mixin.py:188} INFO - [2024-12-09T20:57:19.524+0000] {dag.py:3047} INFO - Sync 1 DAGs
[2024-12-09T20:57:19.586+0000] {logging_mixin.py:188} INFO - [2024-12-09T20:57:19.586+0000] {dag.py:3834} INFO - Setting next_dagrun for example_weekday_branch_operator to 2024-12-08 00:00:00+00:00, run_after=2024-12-09 00:00:00+00:00
[2024-12-09T20:57:19.663+0000] {processor.py:183} INFO - Processing /home/airflow/.local/lib/python3.10/site-packages/airflow/example_dags/example_branch_day_of_week_operator.py took 0.255 seconds
[2024-12-09T20:57:50.377+0000] {processor.py:161} INFO - Started process (PID=2288) to work on /home/airflow/.local/lib/python3.10/site-packages/airflow/example_dags/example_branch_day_of_week_operator.py
[2024-12-09T20:57:50.379+0000] {processor.py:830} INFO - Processing file /home/airflow/.local/lib/python3.10/site-packages/airflow/example_dags/example_branch_day_of_week_operator.py for tasks to queue
[2024-12-09T20:57:50.381+0000] {logging_mixin.py:188} INFO - [2024-12-09T20:57:50.381+0000] {dagbag.py:540} INFO - Filling up the DagBag from /home/airflow/.local/lib/python3.10/site-packages/airflow/example_dags/example_branch_day_of_week_operator.py
[2024-12-09T20:57:50.392+0000] {processor.py:840} INFO - DAG(s) 'example_weekday_branch_operator' retrieved from /home/airflow/.local/lib/python3.10/site-packages/airflow/example_dags/example_branch_day_of_week_operator.py
[2024-12-09T20:57:50.419+0000] {logging_mixin.py:188} INFO - [2024-12-09T20:57:50.419+0000] {dag.py:3047} INFO - Sync 1 DAGs
[2024-12-09T20:57:50.445+0000] {logging_mixin.py:188} INFO - [2024-12-09T20:57:50.445+0000] {dag.py:3834} INFO - Setting next_dagrun for example_weekday_branch_operator to 2024-12-08 00:00:00+00:00, run_after=2024-12-09 00:00:00+00:00
[2024-12-09T20:57:50.469+0000] {processor.py:183} INFO - Processing /home/airflow/.local/lib/python3.10/site-packages/airflow/example_dags/example_branch_day_of_week_operator.py took 0.096 seconds
[2024-12-09T21:56:43.484+0000] {processor.py:161} INFO - Started process (PID=2354) to work on /home/airflow/.local/lib/python3.10/site-packages/airflow/example_dags/example_branch_day_of_week_operator.py
[2024-12-09T21:56:43.487+0000] {processor.py:830} INFO - Processing file /home/airflow/.local/lib/python3.10/site-packages/airflow/example_dags/example_branch_day_of_week_operator.py for tasks to queue
[2024-12-09T21:56:43.494+0000] {logging_mixin.py:188} INFO - [2024-12-09T21:56:43.493+0000] {dagbag.py:540} INFO - Filling up the DagBag from /home/airflow/.local/lib/python3.10/site-packages/airflow/example_dags/example_branch_day_of_week_operator.py
[2024-12-09T21:56:43.520+0000] {processor.py:840} INFO - DAG(s) 'example_weekday_branch_operator' retrieved from /home/airflow/.local/lib/python3.10/site-packages/airflow/example_dags/example_branch_day_of_week_operator.py
[2024-12-09T21:56:43.582+0000] {logging_mixin.py:188} INFO - [2024-12-09T21:56:43.581+0000] {dag.py:3047} INFO - Sync 1 DAGs
[2024-12-09T21:56:43.617+0000] {logging_mixin.py:188} INFO - [2024-12-09T21:56:43.617+0000] {dag.py:3834} INFO - Setting next_dagrun for example_weekday_branch_operator to 2024-12-08 00:00:00+00:00, run_after=2024-12-09 00:00:00+00:00
[2024-12-09T21:56:43.653+0000] {processor.py:183} INFO - Processing /home/airflow/.local/lib/python3.10/site-packages/airflow/example_dags/example_branch_day_of_week_operator.py took 0.174 seconds
[2024-12-09T21:57:14.461+0000] {processor.py:161} INFO - Started process (PID=2410) to work on /home/airflow/.local/lib/python3.10/site-packages/airflow/example_dags/example_branch_day_of_week_operator.py
[2024-12-09T21:57:14.462+0000] {processor.py:830} INFO - Processing file /home/airflow/.local/lib/python3.10/site-packages/airflow/example_dags/example_branch_day_of_week_operator.py for tasks to queue
[2024-12-09T21:57:14.464+0000] {logging_mixin.py:188} INFO - [2024-12-09T21:57:14.464+0000] {dagbag.py:540} INFO - Filling up the DagBag from /home/airflow/.local/lib/python3.10/site-packages/airflow/example_dags/example_branch_day_of_week_operator.py
[2024-12-09T21:57:14.473+0000] {processor.py:840} INFO - DAG(s) 'example_weekday_branch_operator' retrieved from /home/airflow/.local/lib/python3.10/site-packages/airflow/example_dags/example_branch_day_of_week_operator.py
[2024-12-09T21:57:14.495+0000] {logging_mixin.py:188} INFO - [2024-12-09T21:57:14.495+0000] {dag.py:3047} INFO - Sync 1 DAGs
[2024-12-09T21:57:14.514+0000] {logging_mixin.py:188} INFO - [2024-12-09T21:57:14.513+0000] {dag.py:3834} INFO - Setting next_dagrun for example_weekday_branch_operator to 2024-12-08 00:00:00+00:00, run_after=2024-12-09 00:00:00+00:00
[2024-12-09T21:57:14.535+0000] {processor.py:183} INFO - Processing /home/airflow/.local/lib/python3.10/site-packages/airflow/example_dags/example_branch_day_of_week_operator.py took 0.078 seconds
[2024-12-09T21:57:56.418+0000] {processor.py:161} INFO - Started process (PID=2466) to work on /home/airflow/.local/lib/python3.10/site-packages/airflow/example_dags/example_branch_day_of_week_operator.py
[2024-12-09T21:57:56.419+0000] {processor.py:830} INFO - Processing file /home/airflow/.local/lib/python3.10/site-packages/airflow/example_dags/example_branch_day_of_week_operator.py for tasks to queue
[2024-12-09T21:57:56.422+0000] {logging_mixin.py:188} INFO - [2024-12-09T21:57:56.422+0000] {dagbag.py:540} INFO - Filling up the DagBag from /home/airflow/.local/lib/python3.10/site-packages/airflow/example_dags/example_branch_day_of_week_operator.py
[2024-12-09T21:57:56.430+0000] {processor.py:840} INFO - DAG(s) 'example_weekday_branch_operator' retrieved from /home/airflow/.local/lib/python3.10/site-packages/airflow/example_dags/example_branch_day_of_week_operator.py
[2024-12-09T21:57:56.455+0000] {logging_mixin.py:188} INFO - [2024-12-09T21:57:56.455+0000] {dag.py:3047} INFO - Sync 1 DAGs
[2024-12-09T21:57:56.479+0000] {logging_mixin.py:188} INFO - [2024-12-09T21:57:56.479+0000] {dag.py:3834} INFO - Setting next_dagrun for example_weekday_branch_operator to 2024-12-08 00:00:00+00:00, run_after=2024-12-09 00:00:00+00:00
[2024-12-09T21:57:56.502+0000] {processor.py:183} INFO - Processing /home/airflow/.local/lib/python3.10/site-packages/airflow/example_dags/example_branch_day_of_week_operator.py took 0.089 seconds
[2024-12-09T21:58:27.021+0000] {processor.py:161} INFO - Started process (PID=2521) to work on /home/airflow/.local/lib/python3.10/site-packages/airflow/example_dags/example_branch_day_of_week_operator.py
[2024-12-09T21:58:27.023+0000] {processor.py:830} INFO - Processing file /home/airflow/.local/lib/python3.10/site-packages/airflow/example_dags/example_branch_day_of_week_operator.py for tasks to queue
[2024-12-09T21:58:27.025+0000] {logging_mixin.py:188} INFO - [2024-12-09T21:58:27.024+0000] {dagbag.py:540} INFO - Filling up the DagBag from /home/airflow/.local/lib/python3.10/site-packages/airflow/example_dags/example_branch_day_of_week_operator.py
[2024-12-09T21:58:27.034+0000] {processor.py:840} INFO - DAG(s) 'example_weekday_branch_operator' retrieved from /home/airflow/.local/lib/python3.10/site-packages/airflow/example_dags/example_branch_day_of_week_operator.py
[2024-12-09T21:58:27.055+0000] {logging_mixin.py:188} INFO - [2024-12-09T21:58:27.055+0000] {dag.py:3047} INFO - Sync 1 DAGs
[2024-12-09T21:58:27.074+0000] {logging_mixin.py:188} INFO - [2024-12-09T21:58:27.073+0000] {dag.py:3834} INFO - Setting next_dagrun for example_weekday_branch_operator to 2024-12-08 00:00:00+00:00, run_after=2024-12-09 00:00:00+00:00
[2024-12-09T21:58:27.095+0000] {processor.py:183} INFO - Processing /home/airflow/.local/lib/python3.10/site-packages/airflow/example_dags/example_branch_day_of_week_operator.py took 0.076 seconds
[2024-12-09T21:58:57.813+0000] {processor.py:161} INFO - Started process (PID=2576) to work on /home/airflow/.local/lib/python3.10/site-packages/airflow/example_dags/example_branch_day_of_week_operator.py
[2024-12-09T21:58:57.815+0000] {processor.py:830} INFO - Processing file /home/airflow/.local/lib/python3.10/site-packages/airflow/example_dags/example_branch_day_of_week_operator.py for tasks to queue
[2024-12-09T21:58:57.817+0000] {logging_mixin.py:188} INFO - [2024-12-09T21:58:57.817+0000] {dagbag.py:540} INFO - Filling up the DagBag from /home/airflow/.local/lib/python3.10/site-packages/airflow/example_dags/example_branch_day_of_week_operator.py
[2024-12-09T21:58:57.824+0000] {processor.py:840} INFO - DAG(s) 'example_weekday_branch_operator' retrieved from /home/airflow/.local/lib/python3.10/site-packages/airflow/example_dags/example_branch_day_of_week_operator.py
[2024-12-09T21:58:57.845+0000] {logging_mixin.py:188} INFO - [2024-12-09T21:58:57.845+0000] {dag.py:3047} INFO - Sync 1 DAGs
[2024-12-09T21:58:57.865+0000] {logging_mixin.py:188} INFO - [2024-12-09T21:58:57.865+0000] {dag.py:3834} INFO - Setting next_dagrun for example_weekday_branch_operator to 2024-12-08 00:00:00+00:00, run_after=2024-12-09 00:00:00+00:00
[2024-12-09T21:58:57.886+0000] {processor.py:183} INFO - Processing /home/airflow/.local/lib/python3.10/site-packages/airflow/example_dags/example_branch_day_of_week_operator.py took 0.076 seconds
[2024-12-09T21:59:28.683+0000] {processor.py:161} INFO - Started process (PID=2632) to work on /home/airflow/.local/lib/python3.10/site-packages/airflow/example_dags/example_branch_day_of_week_operator.py
[2024-12-09T21:59:28.684+0000] {processor.py:830} INFO - Processing file /home/airflow/.local/lib/python3.10/site-packages/airflow/example_dags/example_branch_day_of_week_operator.py for tasks to queue
[2024-12-09T21:59:28.686+0000] {logging_mixin.py:188} INFO - [2024-12-09T21:59:28.686+0000] {dagbag.py:540} INFO - Filling up the DagBag from /home/airflow/.local/lib/python3.10/site-packages/airflow/example_dags/example_branch_day_of_week_operator.py
[2024-12-09T21:59:28.693+0000] {processor.py:840} INFO - DAG(s) 'example_weekday_branch_operator' retrieved from /home/airflow/.local/lib/python3.10/site-packages/airflow/example_dags/example_branch_day_of_week_operator.py
[2024-12-09T21:59:28.714+0000] {logging_mixin.py:188} INFO - [2024-12-09T21:59:28.714+0000] {dag.py:3047} INFO - Sync 1 DAGs
[2024-12-09T21:59:28.733+0000] {logging_mixin.py:188} INFO - [2024-12-09T21:59:28.733+0000] {dag.py:3834} INFO - Setting next_dagrun for example_weekday_branch_operator to 2024-12-08 00:00:00+00:00, run_after=2024-12-09 00:00:00+00:00
[2024-12-09T21:59:28.760+0000] {processor.py:183} INFO - Processing /home/airflow/.local/lib/python3.10/site-packages/airflow/example_dags/example_branch_day_of_week_operator.py took 0.080 seconds
[2024-12-09T21:59:58.833+0000] {processor.py:161} INFO - Started process (PID=2687) to work on /home/airflow/.local/lib/python3.10/site-packages/airflow/example_dags/example_branch_day_of_week_operator.py
[2024-12-09T21:59:58.834+0000] {processor.py:830} INFO - Processing file /home/airflow/.local/lib/python3.10/site-packages/airflow/example_dags/example_branch_day_of_week_operator.py for tasks to queue
[2024-12-09T21:59:58.836+0000] {logging_mixin.py:188} INFO - [2024-12-09T21:59:58.836+0000] {dagbag.py:540} INFO - Filling up the DagBag from /home/airflow/.local/lib/python3.10/site-packages/airflow/example_dags/example_branch_day_of_week_operator.py
[2024-12-09T21:59:58.844+0000] {processor.py:840} INFO - DAG(s) 'example_weekday_branch_operator' retrieved from /home/airflow/.local/lib/python3.10/site-packages/airflow/example_dags/example_branch_day_of_week_operator.py
[2024-12-09T21:59:58.865+0000] {logging_mixin.py:188} INFO - [2024-12-09T21:59:58.865+0000] {dag.py:3047} INFO - Sync 1 DAGs
[2024-12-09T21:59:58.883+0000] {logging_mixin.py:188} INFO - [2024-12-09T21:59:58.882+0000] {dag.py:3834} INFO - Setting next_dagrun for example_weekday_branch_operator to 2024-12-08 00:00:00+00:00, run_after=2024-12-09 00:00:00+00:00
[2024-12-09T21:59:58.903+0000] {processor.py:183} INFO - Processing /home/airflow/.local/lib/python3.10/site-packages/airflow/example_dags/example_branch_day_of_week_operator.py took 0.073 seconds
