[2024-12-09T13:35:28.691+0000] {processor.py:161} INFO - Started process (PID=56) to work on /home/airflow/.local/lib/python3.10/site-packages/airflow/example_dags/example_task_group.py
[2024-12-09T13:35:28.703+0000] {processor.py:830} INFO - Processing file /home/airflow/.local/lib/python3.10/site-packages/airflow/example_dags/example_task_group.py for tasks to queue
[2024-12-09T13:35:28.724+0000] {logging_mixin.py:188} INFO - [2024-12-09T13:35:28.722+0000] {dagbag.py:540} INFO - Filling up the DagBag from /home/airflow/.local/lib/python3.10/site-packages/airflow/example_dags/example_task_group.py
[2024-12-09T13:35:28.854+0000] {processor.py:840} INFO - DAG(s) 'example_task_group' retrieved from /home/airflow/.local/lib/python3.10/site-packages/airflow/example_dags/example_task_group.py
[2024-12-09T13:35:29.174+0000] {logging_mixin.py:188} INFO - [2024-12-09T13:35:29.172+0000] {dag.py:3047} INFO - Sync 1 DAGs
[2024-12-09T13:35:29.397+0000] {logging_mixin.py:188} INFO - [2024-12-09T13:35:29.397+0000] {dag.py:3834} INFO - Setting next_dagrun for example_task_group to 2024-12-08 00:00:00+00:00, run_after=2024-12-09 00:00:00+00:00
[2024-12-09T13:35:29.595+0000] {processor.py:183} INFO - Processing /home/airflow/.local/lib/python3.10/site-packages/airflow/example_dags/example_task_group.py took 0.974 seconds
[2024-12-09T20:37:07.594+0000] {processor.py:161} INFO - Started process (PID=56) to work on /home/airflow/.local/lib/python3.10/site-packages/airflow/example_dags/example_task_group.py
[2024-12-09T20:37:07.601+0000] {processor.py:830} INFO - Processing file /home/airflow/.local/lib/python3.10/site-packages/airflow/example_dags/example_task_group.py for tasks to queue
[2024-12-09T20:37:07.606+0000] {logging_mixin.py:188} INFO - [2024-12-09T20:37:07.605+0000] {dagbag.py:540} INFO - Filling up the DagBag from /home/airflow/.local/lib/python3.10/site-packages/airflow/example_dags/example_task_group.py
[2024-12-09T20:37:07.701+0000] {processor.py:840} INFO - DAG(s) 'example_task_group' retrieved from /home/airflow/.local/lib/python3.10/site-packages/airflow/example_dags/example_task_group.py
[2024-12-09T20:37:08.031+0000] {logging_mixin.py:188} INFO - [2024-12-09T20:37:08.030+0000] {dag.py:3047} INFO - Sync 1 DAGs
[2024-12-09T20:37:08.209+0000] {logging_mixin.py:188} INFO - [2024-12-09T20:37:08.208+0000] {dag.py:3834} INFO - Setting next_dagrun for example_task_group to 2024-12-08 00:00:00+00:00, run_after=2024-12-09 00:00:00+00:00
[2024-12-09T20:37:08.618+0000] {processor.py:183} INFO - Processing /home/airflow/.local/lib/python3.10/site-packages/airflow/example_dags/example_task_group.py took 1.062 seconds
[2024-12-09T20:37:39.079+0000] {processor.py:161} INFO - Started process (PID=112) to work on /home/airflow/.local/lib/python3.10/site-packages/airflow/example_dags/example_task_group.py
[2024-12-09T20:37:39.165+0000] {processor.py:830} INFO - Processing file /home/airflow/.local/lib/python3.10/site-packages/airflow/example_dags/example_task_group.py for tasks to queue
[2024-12-09T20:37:39.169+0000] {logging_mixin.py:188} INFO - [2024-12-09T20:37:39.169+0000] {dagbag.py:540} INFO - Filling up the DagBag from /home/airflow/.local/lib/python3.10/site-packages/airflow/example_dags/example_task_group.py
[2024-12-09T20:37:39.185+0000] {processor.py:840} INFO - DAG(s) 'example_task_group' retrieved from /home/airflow/.local/lib/python3.10/site-packages/airflow/example_dags/example_task_group.py
[2024-12-09T20:37:39.221+0000] {logging_mixin.py:188} INFO - [2024-12-09T20:37:39.221+0000] {dag.py:3047} INFO - Sync 1 DAGs
[2024-12-09T20:37:39.252+0000] {logging_mixin.py:188} INFO - [2024-12-09T20:37:39.252+0000] {dag.py:3834} INFO - Setting next_dagrun for example_task_group to 2024-12-08 00:00:00+00:00, run_after=2024-12-09 00:00:00+00:00
[2024-12-09T20:37:39.485+0000] {processor.py:183} INFO - Processing /home/airflow/.local/lib/python3.10/site-packages/airflow/example_dags/example_task_group.py took 0.411 seconds
[2024-12-09T20:38:10.237+0000] {processor.py:161} INFO - Started process (PID=167) to work on /home/airflow/.local/lib/python3.10/site-packages/airflow/example_dags/example_task_group.py
[2024-12-09T20:38:10.248+0000] {processor.py:830} INFO - Processing file /home/airflow/.local/lib/python3.10/site-packages/airflow/example_dags/example_task_group.py for tasks to queue
[2024-12-09T20:38:10.249+0000] {logging_mixin.py:188} INFO - [2024-12-09T20:38:10.249+0000] {dagbag.py:540} INFO - Filling up the DagBag from /home/airflow/.local/lib/python3.10/site-packages/airflow/example_dags/example_task_group.py
[2024-12-09T20:38:10.256+0000] {processor.py:840} INFO - DAG(s) 'example_task_group' retrieved from /home/airflow/.local/lib/python3.10/site-packages/airflow/example_dags/example_task_group.py
[2024-12-09T20:38:10.276+0000] {logging_mixin.py:188} INFO - [2024-12-09T20:38:10.276+0000] {dag.py:3047} INFO - Sync 1 DAGs
[2024-12-09T20:38:10.295+0000] {logging_mixin.py:188} INFO - [2024-12-09T20:38:10.295+0000] {dag.py:3834} INFO - Setting next_dagrun for example_task_group to 2024-12-08 00:00:00+00:00, run_after=2024-12-09 00:00:00+00:00
[2024-12-09T20:38:10.316+0000] {processor.py:183} INFO - Processing /home/airflow/.local/lib/python3.10/site-packages/airflow/example_dags/example_task_group.py took 0.082 seconds
[2024-12-09T20:38:40.780+0000] {processor.py:161} INFO - Started process (PID=223) to work on /home/airflow/.local/lib/python3.10/site-packages/airflow/example_dags/example_task_group.py
[2024-12-09T20:38:40.781+0000] {processor.py:830} INFO - Processing file /home/airflow/.local/lib/python3.10/site-packages/airflow/example_dags/example_task_group.py for tasks to queue
[2024-12-09T20:38:40.784+0000] {logging_mixin.py:188} INFO - [2024-12-09T20:38:40.783+0000] {dagbag.py:540} INFO - Filling up the DagBag from /home/airflow/.local/lib/python3.10/site-packages/airflow/example_dags/example_task_group.py
[2024-12-09T20:38:40.791+0000] {processor.py:840} INFO - DAG(s) 'example_task_group' retrieved from /home/airflow/.local/lib/python3.10/site-packages/airflow/example_dags/example_task_group.py
[2024-12-09T20:38:40.810+0000] {logging_mixin.py:188} INFO - [2024-12-09T20:38:40.810+0000] {dag.py:3047} INFO - Sync 1 DAGs
[2024-12-09T20:38:40.828+0000] {logging_mixin.py:188} INFO - [2024-12-09T20:38:40.828+0000] {dag.py:3834} INFO - Setting next_dagrun for example_task_group to 2024-12-08 00:00:00+00:00, run_after=2024-12-09 00:00:00+00:00
[2024-12-09T20:38:40.846+0000] {processor.py:183} INFO - Processing /home/airflow/.local/lib/python3.10/site-packages/airflow/example_dags/example_task_group.py took 0.069 seconds
[2024-12-09T20:39:11.101+0000] {processor.py:161} INFO - Started process (PID=279) to work on /home/airflow/.local/lib/python3.10/site-packages/airflow/example_dags/example_task_group.py
[2024-12-09T20:39:11.102+0000] {processor.py:830} INFO - Processing file /home/airflow/.local/lib/python3.10/site-packages/airflow/example_dags/example_task_group.py for tasks to queue
[2024-12-09T20:39:11.104+0000] {logging_mixin.py:188} INFO - [2024-12-09T20:39:11.104+0000] {dagbag.py:540} INFO - Filling up the DagBag from /home/airflow/.local/lib/python3.10/site-packages/airflow/example_dags/example_task_group.py
[2024-12-09T20:39:11.111+0000] {processor.py:840} INFO - DAG(s) 'example_task_group' retrieved from /home/airflow/.local/lib/python3.10/site-packages/airflow/example_dags/example_task_group.py
[2024-12-09T20:39:11.130+0000] {logging_mixin.py:188} INFO - [2024-12-09T20:39:11.130+0000] {dag.py:3047} INFO - Sync 1 DAGs
[2024-12-09T20:39:11.150+0000] {logging_mixin.py:188} INFO - [2024-12-09T20:39:11.149+0000] {dag.py:3834} INFO - Setting next_dagrun for example_task_group to 2024-12-08 00:00:00+00:00, run_after=2024-12-09 00:00:00+00:00
[2024-12-09T20:39:11.166+0000] {processor.py:183} INFO - Processing /home/airflow/.local/lib/python3.10/site-packages/airflow/example_dags/example_task_group.py took 0.068 seconds
[2024-12-09T20:39:41.796+0000] {processor.py:161} INFO - Started process (PID=334) to work on /home/airflow/.local/lib/python3.10/site-packages/airflow/example_dags/example_task_group.py
[2024-12-09T20:39:41.797+0000] {processor.py:830} INFO - Processing file /home/airflow/.local/lib/python3.10/site-packages/airflow/example_dags/example_task_group.py for tasks to queue
[2024-12-09T20:39:41.799+0000] {logging_mixin.py:188} INFO - [2024-12-09T20:39:41.799+0000] {dagbag.py:540} INFO - Filling up the DagBag from /home/airflow/.local/lib/python3.10/site-packages/airflow/example_dags/example_task_group.py
[2024-12-09T20:39:41.806+0000] {processor.py:840} INFO - DAG(s) 'example_task_group' retrieved from /home/airflow/.local/lib/python3.10/site-packages/airflow/example_dags/example_task_group.py
[2024-12-09T20:39:41.825+0000] {logging_mixin.py:188} INFO - [2024-12-09T20:39:41.825+0000] {dag.py:3047} INFO - Sync 1 DAGs
[2024-12-09T20:39:41.844+0000] {logging_mixin.py:188} INFO - [2024-12-09T20:39:41.844+0000] {dag.py:3834} INFO - Setting next_dagrun for example_task_group to 2024-12-08 00:00:00+00:00, run_after=2024-12-09 00:00:00+00:00
[2024-12-09T20:39:41.862+0000] {processor.py:183} INFO - Processing /home/airflow/.local/lib/python3.10/site-packages/airflow/example_dags/example_task_group.py took 0.068 seconds
[2024-12-09T20:40:12.490+0000] {processor.py:161} INFO - Started process (PID=389) to work on /home/airflow/.local/lib/python3.10/site-packages/airflow/example_dags/example_task_group.py
[2024-12-09T20:40:12.491+0000] {processor.py:830} INFO - Processing file /home/airflow/.local/lib/python3.10/site-packages/airflow/example_dags/example_task_group.py for tasks to queue
[2024-12-09T20:40:12.493+0000] {logging_mixin.py:188} INFO - [2024-12-09T20:40:12.493+0000] {dagbag.py:540} INFO - Filling up the DagBag from /home/airflow/.local/lib/python3.10/site-packages/airflow/example_dags/example_task_group.py
[2024-12-09T20:40:12.500+0000] {processor.py:840} INFO - DAG(s) 'example_task_group' retrieved from /home/airflow/.local/lib/python3.10/site-packages/airflow/example_dags/example_task_group.py
[2024-12-09T20:40:12.520+0000] {logging_mixin.py:188} INFO - [2024-12-09T20:40:12.520+0000] {dag.py:3047} INFO - Sync 1 DAGs
[2024-12-09T20:40:12.542+0000] {logging_mixin.py:188} INFO - [2024-12-09T20:40:12.541+0000] {dag.py:3834} INFO - Setting next_dagrun for example_task_group to 2024-12-08 00:00:00+00:00, run_after=2024-12-09 00:00:00+00:00
[2024-12-09T20:40:12.559+0000] {processor.py:183} INFO - Processing /home/airflow/.local/lib/python3.10/site-packages/airflow/example_dags/example_task_group.py took 0.072 seconds
[2024-12-09T20:40:43.306+0000] {processor.py:161} INFO - Started process (PID=445) to work on /home/airflow/.local/lib/python3.10/site-packages/airflow/example_dags/example_task_group.py
[2024-12-09T20:40:43.308+0000] {processor.py:830} INFO - Processing file /home/airflow/.local/lib/python3.10/site-packages/airflow/example_dags/example_task_group.py for tasks to queue
[2024-12-09T20:40:43.316+0000] {logging_mixin.py:188} INFO - [2024-12-09T20:40:43.316+0000] {dagbag.py:540} INFO - Filling up the DagBag from /home/airflow/.local/lib/python3.10/site-packages/airflow/example_dags/example_task_group.py
[2024-12-09T20:40:43.335+0000] {processor.py:840} INFO - DAG(s) 'example_task_group' retrieved from /home/airflow/.local/lib/python3.10/site-packages/airflow/example_dags/example_task_group.py
[2024-12-09T20:40:43.372+0000] {logging_mixin.py:188} INFO - [2024-12-09T20:40:43.371+0000] {dag.py:3047} INFO - Sync 1 DAGs
[2024-12-09T20:40:43.414+0000] {logging_mixin.py:188} INFO - [2024-12-09T20:40:43.413+0000] {dag.py:3834} INFO - Setting next_dagrun for example_task_group to 2024-12-08 00:00:00+00:00, run_after=2024-12-09 00:00:00+00:00
[2024-12-09T20:40:43.451+0000] {processor.py:183} INFO - Processing /home/airflow/.local/lib/python3.10/site-packages/airflow/example_dags/example_task_group.py took 0.151 seconds
[2024-12-09T20:41:14.371+0000] {processor.py:161} INFO - Started process (PID=500) to work on /home/airflow/.local/lib/python3.10/site-packages/airflow/example_dags/example_task_group.py
[2024-12-09T20:41:14.373+0000] {processor.py:830} INFO - Processing file /home/airflow/.local/lib/python3.10/site-packages/airflow/example_dags/example_task_group.py for tasks to queue
[2024-12-09T20:41:14.375+0000] {logging_mixin.py:188} INFO - [2024-12-09T20:41:14.374+0000] {dagbag.py:540} INFO - Filling up the DagBag from /home/airflow/.local/lib/python3.10/site-packages/airflow/example_dags/example_task_group.py
[2024-12-09T20:41:14.382+0000] {processor.py:840} INFO - DAG(s) 'example_task_group' retrieved from /home/airflow/.local/lib/python3.10/site-packages/airflow/example_dags/example_task_group.py
[2024-12-09T20:41:14.403+0000] {logging_mixin.py:188} INFO - [2024-12-09T20:41:14.403+0000] {dag.py:3047} INFO - Sync 1 DAGs
[2024-12-09T20:41:14.424+0000] {logging_mixin.py:188} INFO - [2024-12-09T20:41:14.424+0000] {dag.py:3834} INFO - Setting next_dagrun for example_task_group to 2024-12-08 00:00:00+00:00, run_after=2024-12-09 00:00:00+00:00
[2024-12-09T20:41:14.443+0000] {processor.py:183} INFO - Processing /home/airflow/.local/lib/python3.10/site-packages/airflow/example_dags/example_task_group.py took 0.075 seconds
[2024-12-09T20:41:44.617+0000] {processor.py:161} INFO - Started process (PID=555) to work on /home/airflow/.local/lib/python3.10/site-packages/airflow/example_dags/example_task_group.py
[2024-12-09T20:41:44.619+0000] {processor.py:830} INFO - Processing file /home/airflow/.local/lib/python3.10/site-packages/airflow/example_dags/example_task_group.py for tasks to queue
[2024-12-09T20:41:44.622+0000] {logging_mixin.py:188} INFO - [2024-12-09T20:41:44.621+0000] {dagbag.py:540} INFO - Filling up the DagBag from /home/airflow/.local/lib/python3.10/site-packages/airflow/example_dags/example_task_group.py
[2024-12-09T20:41:44.632+0000] {processor.py:840} INFO - DAG(s) 'example_task_group' retrieved from /home/airflow/.local/lib/python3.10/site-packages/airflow/example_dags/example_task_group.py
[2024-12-09T20:41:44.658+0000] {logging_mixin.py:188} INFO - [2024-12-09T20:41:44.658+0000] {dag.py:3047} INFO - Sync 1 DAGs
[2024-12-09T20:41:44.683+0000] {logging_mixin.py:188} INFO - [2024-12-09T20:41:44.683+0000] {dag.py:3834} INFO - Setting next_dagrun for example_task_group to 2024-12-08 00:00:00+00:00, run_after=2024-12-09 00:00:00+00:00
[2024-12-09T20:41:44.707+0000] {processor.py:183} INFO - Processing /home/airflow/.local/lib/python3.10/site-packages/airflow/example_dags/example_task_group.py took 0.093 seconds
[2024-12-09T20:42:14.902+0000] {processor.py:161} INFO - Started process (PID=611) to work on /home/airflow/.local/lib/python3.10/site-packages/airflow/example_dags/example_task_group.py
[2024-12-09T20:42:14.903+0000] {processor.py:830} INFO - Processing file /home/airflow/.local/lib/python3.10/site-packages/airflow/example_dags/example_task_group.py for tasks to queue
[2024-12-09T20:42:14.905+0000] {logging_mixin.py:188} INFO - [2024-12-09T20:42:14.905+0000] {dagbag.py:540} INFO - Filling up the DagBag from /home/airflow/.local/lib/python3.10/site-packages/airflow/example_dags/example_task_group.py
[2024-12-09T20:42:14.912+0000] {processor.py:840} INFO - DAG(s) 'example_task_group' retrieved from /home/airflow/.local/lib/python3.10/site-packages/airflow/example_dags/example_task_group.py
[2024-12-09T20:42:15.012+0000] {logging_mixin.py:188} INFO - [2024-12-09T20:42:15.012+0000] {dag.py:3047} INFO - Sync 1 DAGs
[2024-12-09T20:42:15.036+0000] {logging_mixin.py:188} INFO - [2024-12-09T20:42:15.036+0000] {dag.py:3834} INFO - Setting next_dagrun for example_task_group to 2024-12-08 00:00:00+00:00, run_after=2024-12-09 00:00:00+00:00
[2024-12-09T20:42:15.054+0000] {processor.py:183} INFO - Processing /home/airflow/.local/lib/python3.10/site-packages/airflow/example_dags/example_task_group.py took 0.155 seconds
[2024-12-09T20:42:45.336+0000] {processor.py:161} INFO - Started process (PID=667) to work on /home/airflow/.local/lib/python3.10/site-packages/airflow/example_dags/example_task_group.py
[2024-12-09T20:42:45.337+0000] {processor.py:830} INFO - Processing file /home/airflow/.local/lib/python3.10/site-packages/airflow/example_dags/example_task_group.py for tasks to queue
[2024-12-09T20:42:45.339+0000] {logging_mixin.py:188} INFO - [2024-12-09T20:42:45.339+0000] {dagbag.py:540} INFO - Filling up the DagBag from /home/airflow/.local/lib/python3.10/site-packages/airflow/example_dags/example_task_group.py
[2024-12-09T20:42:45.346+0000] {processor.py:840} INFO - DAG(s) 'example_task_group' retrieved from /home/airflow/.local/lib/python3.10/site-packages/airflow/example_dags/example_task_group.py
[2024-12-09T20:42:45.368+0000] {logging_mixin.py:188} INFO - [2024-12-09T20:42:45.368+0000] {dag.py:3047} INFO - Sync 1 DAGs
[2024-12-09T20:42:45.387+0000] {logging_mixin.py:188} INFO - [2024-12-09T20:42:45.387+0000] {dag.py:3834} INFO - Setting next_dagrun for example_task_group to 2024-12-08 00:00:00+00:00, run_after=2024-12-09 00:00:00+00:00
[2024-12-09T20:42:45.415+0000] {processor.py:183} INFO - Processing /home/airflow/.local/lib/python3.10/site-packages/airflow/example_dags/example_task_group.py took 0.082 seconds
[2024-12-09T20:43:15.610+0000] {processor.py:161} INFO - Started process (PID=722) to work on /home/airflow/.local/lib/python3.10/site-packages/airflow/example_dags/example_task_group.py
[2024-12-09T20:43:15.611+0000] {processor.py:830} INFO - Processing file /home/airflow/.local/lib/python3.10/site-packages/airflow/example_dags/example_task_group.py for tasks to queue
[2024-12-09T20:43:15.613+0000] {logging_mixin.py:188} INFO - [2024-12-09T20:43:15.613+0000] {dagbag.py:540} INFO - Filling up the DagBag from /home/airflow/.local/lib/python3.10/site-packages/airflow/example_dags/example_task_group.py
[2024-12-09T20:43:15.620+0000] {processor.py:840} INFO - DAG(s) 'example_task_group' retrieved from /home/airflow/.local/lib/python3.10/site-packages/airflow/example_dags/example_task_group.py
[2024-12-09T20:43:15.639+0000] {logging_mixin.py:188} INFO - [2024-12-09T20:43:15.639+0000] {dag.py:3047} INFO - Sync 1 DAGs
[2024-12-09T20:43:15.656+0000] {logging_mixin.py:188} INFO - [2024-12-09T20:43:15.656+0000] {dag.py:3834} INFO - Setting next_dagrun for example_task_group to 2024-12-08 00:00:00+00:00, run_after=2024-12-09 00:00:00+00:00
[2024-12-09T20:43:15.678+0000] {processor.py:183} INFO - Processing /home/airflow/.local/lib/python3.10/site-packages/airflow/example_dags/example_task_group.py took 0.071 seconds
[2024-12-09T20:43:45.787+0000] {processor.py:161} INFO - Started process (PID=778) to work on /home/airflow/.local/lib/python3.10/site-packages/airflow/example_dags/example_task_group.py
[2024-12-09T20:43:45.788+0000] {processor.py:830} INFO - Processing file /home/airflow/.local/lib/python3.10/site-packages/airflow/example_dags/example_task_group.py for tasks to queue
[2024-12-09T20:43:45.790+0000] {logging_mixin.py:188} INFO - [2024-12-09T20:43:45.790+0000] {dagbag.py:540} INFO - Filling up the DagBag from /home/airflow/.local/lib/python3.10/site-packages/airflow/example_dags/example_task_group.py
[2024-12-09T20:43:45.797+0000] {processor.py:840} INFO - DAG(s) 'example_task_group' retrieved from /home/airflow/.local/lib/python3.10/site-packages/airflow/example_dags/example_task_group.py
[2024-12-09T20:43:45.820+0000] {logging_mixin.py:188} INFO - [2024-12-09T20:43:45.819+0000] {dag.py:3047} INFO - Sync 1 DAGs
[2024-12-09T20:43:45.838+0000] {logging_mixin.py:188} INFO - [2024-12-09T20:43:45.838+0000] {dag.py:3834} INFO - Setting next_dagrun for example_task_group to 2024-12-08 00:00:00+00:00, run_after=2024-12-09 00:00:00+00:00
[2024-12-09T20:43:45.859+0000] {processor.py:183} INFO - Processing /home/airflow/.local/lib/python3.10/site-packages/airflow/example_dags/example_task_group.py took 0.075 seconds
[2024-12-09T20:44:16.558+0000] {processor.py:161} INFO - Started process (PID=834) to work on /home/airflow/.local/lib/python3.10/site-packages/airflow/example_dags/example_task_group.py
[2024-12-09T20:44:16.559+0000] {processor.py:830} INFO - Processing file /home/airflow/.local/lib/python3.10/site-packages/airflow/example_dags/example_task_group.py for tasks to queue
[2024-12-09T20:44:16.562+0000] {logging_mixin.py:188} INFO - [2024-12-09T20:44:16.561+0000] {dagbag.py:540} INFO - Filling up the DagBag from /home/airflow/.local/lib/python3.10/site-packages/airflow/example_dags/example_task_group.py
[2024-12-09T20:44:16.569+0000] {processor.py:840} INFO - DAG(s) 'example_task_group' retrieved from /home/airflow/.local/lib/python3.10/site-packages/airflow/example_dags/example_task_group.py
[2024-12-09T20:44:16.591+0000] {logging_mixin.py:188} INFO - [2024-12-09T20:44:16.591+0000] {dag.py:3047} INFO - Sync 1 DAGs
[2024-12-09T20:44:16.612+0000] {logging_mixin.py:188} INFO - [2024-12-09T20:44:16.612+0000] {dag.py:3834} INFO - Setting next_dagrun for example_task_group to 2024-12-08 00:00:00+00:00, run_after=2024-12-09 00:00:00+00:00
[2024-12-09T20:44:16.632+0000] {processor.py:183} INFO - Processing /home/airflow/.local/lib/python3.10/site-packages/airflow/example_dags/example_task_group.py took 0.078 seconds
[2024-12-09T20:44:46.730+0000] {processor.py:161} INFO - Started process (PID=890) to work on /home/airflow/.local/lib/python3.10/site-packages/airflow/example_dags/example_task_group.py
[2024-12-09T20:44:46.731+0000] {processor.py:830} INFO - Processing file /home/airflow/.local/lib/python3.10/site-packages/airflow/example_dags/example_task_group.py for tasks to queue
[2024-12-09T20:44:46.733+0000] {logging_mixin.py:188} INFO - [2024-12-09T20:44:46.733+0000] {dagbag.py:540} INFO - Filling up the DagBag from /home/airflow/.local/lib/python3.10/site-packages/airflow/example_dags/example_task_group.py
[2024-12-09T20:44:46.740+0000] {processor.py:840} INFO - DAG(s) 'example_task_group' retrieved from /home/airflow/.local/lib/python3.10/site-packages/airflow/example_dags/example_task_group.py
[2024-12-09T20:44:46.760+0000] {logging_mixin.py:188} INFO - [2024-12-09T20:44:46.759+0000] {dag.py:3047} INFO - Sync 1 DAGs
[2024-12-09T20:44:46.777+0000] {logging_mixin.py:188} INFO - [2024-12-09T20:44:46.777+0000] {dag.py:3834} INFO - Setting next_dagrun for example_task_group to 2024-12-08 00:00:00+00:00, run_after=2024-12-09 00:00:00+00:00
[2024-12-09T20:44:46.795+0000] {processor.py:183} INFO - Processing /home/airflow/.local/lib/python3.10/site-packages/airflow/example_dags/example_task_group.py took 0.068 seconds
[2024-12-09T20:45:17.177+0000] {processor.py:161} INFO - Started process (PID=946) to work on /home/airflow/.local/lib/python3.10/site-packages/airflow/example_dags/example_task_group.py
[2024-12-09T20:45:17.179+0000] {processor.py:830} INFO - Processing file /home/airflow/.local/lib/python3.10/site-packages/airflow/example_dags/example_task_group.py for tasks to queue
[2024-12-09T20:45:17.181+0000] {logging_mixin.py:188} INFO - [2024-12-09T20:45:17.180+0000] {dagbag.py:540} INFO - Filling up the DagBag from /home/airflow/.local/lib/python3.10/site-packages/airflow/example_dags/example_task_group.py
[2024-12-09T20:45:17.188+0000] {processor.py:840} INFO - DAG(s) 'example_task_group' retrieved from /home/airflow/.local/lib/python3.10/site-packages/airflow/example_dags/example_task_group.py
[2024-12-09T20:45:17.209+0000] {logging_mixin.py:188} INFO - [2024-12-09T20:45:17.209+0000] {dag.py:3047} INFO - Sync 1 DAGs
[2024-12-09T20:45:17.227+0000] {logging_mixin.py:188} INFO - [2024-12-09T20:45:17.227+0000] {dag.py:3834} INFO - Setting next_dagrun for example_task_group to 2024-12-08 00:00:00+00:00, run_after=2024-12-09 00:00:00+00:00
[2024-12-09T20:45:17.249+0000] {processor.py:183} INFO - Processing /home/airflow/.local/lib/python3.10/site-packages/airflow/example_dags/example_task_group.py took 0.075 seconds
[2024-12-09T20:45:47.660+0000] {processor.py:161} INFO - Started process (PID=1001) to work on /home/airflow/.local/lib/python3.10/site-packages/airflow/example_dags/example_task_group.py
[2024-12-09T20:45:47.662+0000] {processor.py:830} INFO - Processing file /home/airflow/.local/lib/python3.10/site-packages/airflow/example_dags/example_task_group.py for tasks to queue
[2024-12-09T20:45:47.665+0000] {logging_mixin.py:188} INFO - [2024-12-09T20:45:47.664+0000] {dagbag.py:540} INFO - Filling up the DagBag from /home/airflow/.local/lib/python3.10/site-packages/airflow/example_dags/example_task_group.py
[2024-12-09T20:45:47.683+0000] {processor.py:840} INFO - DAG(s) 'example_task_group' retrieved from /home/airflow/.local/lib/python3.10/site-packages/airflow/example_dags/example_task_group.py
[2024-12-09T20:45:47.716+0000] {logging_mixin.py:188} INFO - [2024-12-09T20:45:47.715+0000] {dag.py:3047} INFO - Sync 1 DAGs
[2024-12-09T20:45:47.784+0000] {logging_mixin.py:188} INFO - [2024-12-09T20:45:47.783+0000] {dag.py:3834} INFO - Setting next_dagrun for example_task_group to 2024-12-08 00:00:00+00:00, run_after=2024-12-09 00:00:00+00:00
[2024-12-09T20:45:47.830+0000] {processor.py:183} INFO - Processing /home/airflow/.local/lib/python3.10/site-packages/airflow/example_dags/example_task_group.py took 0.177 seconds
[2024-12-09T20:46:17.969+0000] {processor.py:161} INFO - Started process (PID=1057) to work on /home/airflow/.local/lib/python3.10/site-packages/airflow/example_dags/example_task_group.py
[2024-12-09T20:46:17.970+0000] {processor.py:830} INFO - Processing file /home/airflow/.local/lib/python3.10/site-packages/airflow/example_dags/example_task_group.py for tasks to queue
[2024-12-09T20:46:17.972+0000] {logging_mixin.py:188} INFO - [2024-12-09T20:46:17.972+0000] {dagbag.py:540} INFO - Filling up the DagBag from /home/airflow/.local/lib/python3.10/site-packages/airflow/example_dags/example_task_group.py
[2024-12-09T20:46:17.979+0000] {processor.py:840} INFO - DAG(s) 'example_task_group' retrieved from /home/airflow/.local/lib/python3.10/site-packages/airflow/example_dags/example_task_group.py
[2024-12-09T20:46:18.002+0000] {logging_mixin.py:188} INFO - [2024-12-09T20:46:18.002+0000] {dag.py:3047} INFO - Sync 1 DAGs
[2024-12-09T20:46:18.022+0000] {logging_mixin.py:188} INFO - [2024-12-09T20:46:18.022+0000] {dag.py:3834} INFO - Setting next_dagrun for example_task_group to 2024-12-08 00:00:00+00:00, run_after=2024-12-09 00:00:00+00:00
[2024-12-09T20:46:18.043+0000] {processor.py:183} INFO - Processing /home/airflow/.local/lib/python3.10/site-packages/airflow/example_dags/example_task_group.py took 0.078 seconds
[2024-12-09T20:46:48.253+0000] {processor.py:161} INFO - Started process (PID=1113) to work on /home/airflow/.local/lib/python3.10/site-packages/airflow/example_dags/example_task_group.py
[2024-12-09T20:46:48.255+0000] {processor.py:830} INFO - Processing file /home/airflow/.local/lib/python3.10/site-packages/airflow/example_dags/example_task_group.py for tasks to queue
[2024-12-09T20:46:48.257+0000] {logging_mixin.py:188} INFO - [2024-12-09T20:46:48.257+0000] {dagbag.py:540} INFO - Filling up the DagBag from /home/airflow/.local/lib/python3.10/site-packages/airflow/example_dags/example_task_group.py
[2024-12-09T20:46:48.264+0000] {processor.py:840} INFO - DAG(s) 'example_task_group' retrieved from /home/airflow/.local/lib/python3.10/site-packages/airflow/example_dags/example_task_group.py
[2024-12-09T20:46:48.294+0000] {logging_mixin.py:188} INFO - [2024-12-09T20:46:48.294+0000] {dag.py:3047} INFO - Sync 1 DAGs
[2024-12-09T20:46:48.314+0000] {logging_mixin.py:188} INFO - [2024-12-09T20:46:48.314+0000] {dag.py:3834} INFO - Setting next_dagrun for example_task_group to 2024-12-08 00:00:00+00:00, run_after=2024-12-09 00:00:00+00:00
[2024-12-09T20:46:48.332+0000] {processor.py:183} INFO - Processing /home/airflow/.local/lib/python3.10/site-packages/airflow/example_dags/example_task_group.py took 0.083 seconds
[2024-12-09T20:47:18.831+0000] {processor.py:161} INFO - Started process (PID=1169) to work on /home/airflow/.local/lib/python3.10/site-packages/airflow/example_dags/example_task_group.py
[2024-12-09T20:47:18.832+0000] {processor.py:830} INFO - Processing file /home/airflow/.local/lib/python3.10/site-packages/airflow/example_dags/example_task_group.py for tasks to queue
[2024-12-09T20:47:18.834+0000] {logging_mixin.py:188} INFO - [2024-12-09T20:47:18.834+0000] {dagbag.py:540} INFO - Filling up the DagBag from /home/airflow/.local/lib/python3.10/site-packages/airflow/example_dags/example_task_group.py
[2024-12-09T20:47:18.841+0000] {processor.py:840} INFO - DAG(s) 'example_task_group' retrieved from /home/airflow/.local/lib/python3.10/site-packages/airflow/example_dags/example_task_group.py
[2024-12-09T20:47:18.863+0000] {logging_mixin.py:188} INFO - [2024-12-09T20:47:18.863+0000] {dag.py:3047} INFO - Sync 1 DAGs
[2024-12-09T20:47:18.887+0000] {logging_mixin.py:188} INFO - [2024-12-09T20:47:18.886+0000] {dag.py:3834} INFO - Setting next_dagrun for example_task_group to 2024-12-08 00:00:00+00:00, run_after=2024-12-09 00:00:00+00:00
[2024-12-09T20:47:18.911+0000] {processor.py:183} INFO - Processing /home/airflow/.local/lib/python3.10/site-packages/airflow/example_dags/example_task_group.py took 0.083 seconds
[2024-12-09T20:47:49.392+0000] {processor.py:161} INFO - Started process (PID=1224) to work on /home/airflow/.local/lib/python3.10/site-packages/airflow/example_dags/example_task_group.py
[2024-12-09T20:47:49.394+0000] {processor.py:830} INFO - Processing file /home/airflow/.local/lib/python3.10/site-packages/airflow/example_dags/example_task_group.py for tasks to queue
[2024-12-09T20:47:49.396+0000] {logging_mixin.py:188} INFO - [2024-12-09T20:47:49.395+0000] {dagbag.py:540} INFO - Filling up the DagBag from /home/airflow/.local/lib/python3.10/site-packages/airflow/example_dags/example_task_group.py
[2024-12-09T20:47:49.404+0000] {processor.py:840} INFO - DAG(s) 'example_task_group' retrieved from /home/airflow/.local/lib/python3.10/site-packages/airflow/example_dags/example_task_group.py
[2024-12-09T20:47:49.424+0000] {logging_mixin.py:188} INFO - [2024-12-09T20:47:49.423+0000] {dag.py:3047} INFO - Sync 1 DAGs
[2024-12-09T20:47:49.443+0000] {logging_mixin.py:188} INFO - [2024-12-09T20:47:49.443+0000] {dag.py:3834} INFO - Setting next_dagrun for example_task_group to 2024-12-08 00:00:00+00:00, run_after=2024-12-09 00:00:00+00:00
[2024-12-09T20:47:49.463+0000] {processor.py:183} INFO - Processing /home/airflow/.local/lib/python3.10/site-packages/airflow/example_dags/example_task_group.py took 0.074 seconds
[2024-12-09T20:48:19.953+0000] {processor.py:161} INFO - Started process (PID=1279) to work on /home/airflow/.local/lib/python3.10/site-packages/airflow/example_dags/example_task_group.py
[2024-12-09T20:48:19.954+0000] {processor.py:830} INFO - Processing file /home/airflow/.local/lib/python3.10/site-packages/airflow/example_dags/example_task_group.py for tasks to queue
[2024-12-09T20:48:19.956+0000] {logging_mixin.py:188} INFO - [2024-12-09T20:48:19.956+0000] {dagbag.py:540} INFO - Filling up the DagBag from /home/airflow/.local/lib/python3.10/site-packages/airflow/example_dags/example_task_group.py
[2024-12-09T20:48:19.963+0000] {processor.py:840} INFO - DAG(s) 'example_task_group' retrieved from /home/airflow/.local/lib/python3.10/site-packages/airflow/example_dags/example_task_group.py
[2024-12-09T20:48:19.981+0000] {logging_mixin.py:188} INFO - [2024-12-09T20:48:19.981+0000] {dag.py:3047} INFO - Sync 1 DAGs
[2024-12-09T20:48:19.999+0000] {logging_mixin.py:188} INFO - [2024-12-09T20:48:19.999+0000] {dag.py:3834} INFO - Setting next_dagrun for example_task_group to 2024-12-08 00:00:00+00:00, run_after=2024-12-09 00:00:00+00:00
[2024-12-09T20:48:20.017+0000] {processor.py:183} INFO - Processing /home/airflow/.local/lib/python3.10/site-packages/airflow/example_dags/example_task_group.py took 0.067 seconds
[2024-12-09T20:48:50.315+0000] {processor.py:161} INFO - Started process (PID=1334) to work on /home/airflow/.local/lib/python3.10/site-packages/airflow/example_dags/example_task_group.py
[2024-12-09T20:48:50.320+0000] {processor.py:830} INFO - Processing file /home/airflow/.local/lib/python3.10/site-packages/airflow/example_dags/example_task_group.py for tasks to queue
[2024-12-09T20:48:50.324+0000] {logging_mixin.py:188} INFO - [2024-12-09T20:48:50.324+0000] {dagbag.py:540} INFO - Filling up the DagBag from /home/airflow/.local/lib/python3.10/site-packages/airflow/example_dags/example_task_group.py
[2024-12-09T20:48:50.342+0000] {processor.py:840} INFO - DAG(s) 'example_task_group' retrieved from /home/airflow/.local/lib/python3.10/site-packages/airflow/example_dags/example_task_group.py
[2024-12-09T20:48:50.377+0000] {logging_mixin.py:188} INFO - [2024-12-09T20:48:50.377+0000] {dag.py:3047} INFO - Sync 1 DAGs
[2024-12-09T20:48:50.410+0000] {logging_mixin.py:188} INFO - [2024-12-09T20:48:50.409+0000] {dag.py:3834} INFO - Setting next_dagrun for example_task_group to 2024-12-08 00:00:00+00:00, run_after=2024-12-09 00:00:00+00:00
[2024-12-09T20:48:50.437+0000] {processor.py:183} INFO - Processing /home/airflow/.local/lib/python3.10/site-packages/airflow/example_dags/example_task_group.py took 0.129 seconds
[2024-12-09T20:49:20.483+0000] {processor.py:161} INFO - Started process (PID=1388) to work on /home/airflow/.local/lib/python3.10/site-packages/airflow/example_dags/example_task_group.py
[2024-12-09T20:49:20.484+0000] {processor.py:830} INFO - Processing file /home/airflow/.local/lib/python3.10/site-packages/airflow/example_dags/example_task_group.py for tasks to queue
[2024-12-09T20:49:20.486+0000] {logging_mixin.py:188} INFO - [2024-12-09T20:49:20.486+0000] {dagbag.py:540} INFO - Filling up the DagBag from /home/airflow/.local/lib/python3.10/site-packages/airflow/example_dags/example_task_group.py
[2024-12-09T20:49:20.493+0000] {processor.py:840} INFO - DAG(s) 'example_task_group' retrieved from /home/airflow/.local/lib/python3.10/site-packages/airflow/example_dags/example_task_group.py
[2024-12-09T20:49:20.514+0000] {logging_mixin.py:188} INFO - [2024-12-09T20:49:20.514+0000] {dag.py:3047} INFO - Sync 1 DAGs
[2024-12-09T20:49:20.534+0000] {logging_mixin.py:188} INFO - [2024-12-09T20:49:20.534+0000] {dag.py:3834} INFO - Setting next_dagrun for example_task_group to 2024-12-08 00:00:00+00:00, run_after=2024-12-09 00:00:00+00:00
[2024-12-09T20:49:20.554+0000] {processor.py:183} INFO - Processing /home/airflow/.local/lib/python3.10/site-packages/airflow/example_dags/example_task_group.py took 0.074 seconds
[2024-12-09T20:49:50.915+0000] {processor.py:161} INFO - Started process (PID=1443) to work on /home/airflow/.local/lib/python3.10/site-packages/airflow/example_dags/example_task_group.py
[2024-12-09T20:49:50.916+0000] {processor.py:830} INFO - Processing file /home/airflow/.local/lib/python3.10/site-packages/airflow/example_dags/example_task_group.py for tasks to queue
[2024-12-09T20:49:50.918+0000] {logging_mixin.py:188} INFO - [2024-12-09T20:49:50.918+0000] {dagbag.py:540} INFO - Filling up the DagBag from /home/airflow/.local/lib/python3.10/site-packages/airflow/example_dags/example_task_group.py
[2024-12-09T20:49:50.924+0000] {processor.py:840} INFO - DAG(s) 'example_task_group' retrieved from /home/airflow/.local/lib/python3.10/site-packages/airflow/example_dags/example_task_group.py
[2024-12-09T20:49:50.946+0000] {logging_mixin.py:188} INFO - [2024-12-09T20:49:50.946+0000] {dag.py:3047} INFO - Sync 1 DAGs
[2024-12-09T20:49:50.968+0000] {logging_mixin.py:188} INFO - [2024-12-09T20:49:50.968+0000] {dag.py:3834} INFO - Setting next_dagrun for example_task_group to 2024-12-08 00:00:00+00:00, run_after=2024-12-09 00:00:00+00:00
[2024-12-09T20:49:50.985+0000] {processor.py:183} INFO - Processing /home/airflow/.local/lib/python3.10/site-packages/airflow/example_dags/example_task_group.py took 0.073 seconds
[2024-12-09T20:50:21.739+0000] {processor.py:161} INFO - Started process (PID=1498) to work on /home/airflow/.local/lib/python3.10/site-packages/airflow/example_dags/example_task_group.py
[2024-12-09T20:50:21.740+0000] {processor.py:830} INFO - Processing file /home/airflow/.local/lib/python3.10/site-packages/airflow/example_dags/example_task_group.py for tasks to queue
[2024-12-09T20:50:21.743+0000] {logging_mixin.py:188} INFO - [2024-12-09T20:50:21.742+0000] {dagbag.py:540} INFO - Filling up the DagBag from /home/airflow/.local/lib/python3.10/site-packages/airflow/example_dags/example_task_group.py
[2024-12-09T20:50:21.749+0000] {processor.py:840} INFO - DAG(s) 'example_task_group' retrieved from /home/airflow/.local/lib/python3.10/site-packages/airflow/example_dags/example_task_group.py
[2024-12-09T20:50:21.770+0000] {logging_mixin.py:188} INFO - [2024-12-09T20:50:21.770+0000] {dag.py:3047} INFO - Sync 1 DAGs
[2024-12-09T20:50:21.909+0000] {logging_mixin.py:188} INFO - [2024-12-09T20:50:21.909+0000] {dag.py:3834} INFO - Setting next_dagrun for example_task_group to 2024-12-08 00:00:00+00:00, run_after=2024-12-09 00:00:00+00:00
[2024-12-09T20:50:21.928+0000] {processor.py:183} INFO - Processing /home/airflow/.local/lib/python3.10/site-packages/airflow/example_dags/example_task_group.py took 0.192 seconds
[2024-12-09T20:50:52.969+0000] {processor.py:161} INFO - Started process (PID=1554) to work on /home/airflow/.local/lib/python3.10/site-packages/airflow/example_dags/example_task_group.py
[2024-12-09T20:50:52.973+0000] {processor.py:830} INFO - Processing file /home/airflow/.local/lib/python3.10/site-packages/airflow/example_dags/example_task_group.py for tasks to queue
[2024-12-09T20:50:52.978+0000] {logging_mixin.py:188} INFO - [2024-12-09T20:50:52.978+0000] {dagbag.py:540} INFO - Filling up the DagBag from /home/airflow/.local/lib/python3.10/site-packages/airflow/example_dags/example_task_group.py
[2024-12-09T20:50:52.995+0000] {processor.py:840} INFO - DAG(s) 'example_task_group' retrieved from /home/airflow/.local/lib/python3.10/site-packages/airflow/example_dags/example_task_group.py
[2024-12-09T20:50:53.033+0000] {logging_mixin.py:188} INFO - [2024-12-09T20:50:53.032+0000] {dag.py:3047} INFO - Sync 1 DAGs
[2024-12-09T20:50:53.066+0000] {logging_mixin.py:188} INFO - [2024-12-09T20:50:53.066+0000] {dag.py:3834} INFO - Setting next_dagrun for example_task_group to 2024-12-08 00:00:00+00:00, run_after=2024-12-09 00:00:00+00:00
[2024-12-09T20:50:53.240+0000] {processor.py:183} INFO - Processing /home/airflow/.local/lib/python3.10/site-packages/airflow/example_dags/example_task_group.py took 0.288 seconds
[2024-12-09T20:51:23.316+0000] {processor.py:161} INFO - Started process (PID=1610) to work on /home/airflow/.local/lib/python3.10/site-packages/airflow/example_dags/example_task_group.py
[2024-12-09T20:51:23.317+0000] {processor.py:830} INFO - Processing file /home/airflow/.local/lib/python3.10/site-packages/airflow/example_dags/example_task_group.py for tasks to queue
[2024-12-09T20:51:23.319+0000] {logging_mixin.py:188} INFO - [2024-12-09T20:51:23.319+0000] {dagbag.py:540} INFO - Filling up the DagBag from /home/airflow/.local/lib/python3.10/site-packages/airflow/example_dags/example_task_group.py
[2024-12-09T20:51:23.326+0000] {processor.py:840} INFO - DAG(s) 'example_task_group' retrieved from /home/airflow/.local/lib/python3.10/site-packages/airflow/example_dags/example_task_group.py
[2024-12-09T20:51:23.347+0000] {logging_mixin.py:188} INFO - [2024-12-09T20:51:23.347+0000] {dag.py:3047} INFO - Sync 1 DAGs
[2024-12-09T20:51:23.367+0000] {logging_mixin.py:188} INFO - [2024-12-09T20:51:23.367+0000] {dag.py:3834} INFO - Setting next_dagrun for example_task_group to 2024-12-08 00:00:00+00:00, run_after=2024-12-09 00:00:00+00:00
[2024-12-09T20:51:23.385+0000] {processor.py:183} INFO - Processing /home/airflow/.local/lib/python3.10/site-packages/airflow/example_dags/example_task_group.py took 0.072 seconds
[2024-12-09T20:51:54.375+0000] {processor.py:161} INFO - Started process (PID=1666) to work on /home/airflow/.local/lib/python3.10/site-packages/airflow/example_dags/example_task_group.py
[2024-12-09T20:51:54.376+0000] {processor.py:830} INFO - Processing file /home/airflow/.local/lib/python3.10/site-packages/airflow/example_dags/example_task_group.py for tasks to queue
[2024-12-09T20:51:54.378+0000] {logging_mixin.py:188} INFO - [2024-12-09T20:51:54.378+0000] {dagbag.py:540} INFO - Filling up the DagBag from /home/airflow/.local/lib/python3.10/site-packages/airflow/example_dags/example_task_group.py
[2024-12-09T20:51:54.385+0000] {processor.py:840} INFO - DAG(s) 'example_task_group' retrieved from /home/airflow/.local/lib/python3.10/site-packages/airflow/example_dags/example_task_group.py
[2024-12-09T20:51:54.407+0000] {logging_mixin.py:188} INFO - [2024-12-09T20:51:54.407+0000] {dag.py:3047} INFO - Sync 1 DAGs
[2024-12-09T20:51:54.428+0000] {logging_mixin.py:188} INFO - [2024-12-09T20:51:54.428+0000] {dag.py:3834} INFO - Setting next_dagrun for example_task_group to 2024-12-08 00:00:00+00:00, run_after=2024-12-09 00:00:00+00:00
[2024-12-09T20:51:54.446+0000] {processor.py:183} INFO - Processing /home/airflow/.local/lib/python3.10/site-packages/airflow/example_dags/example_task_group.py took 0.075 seconds
[2024-12-09T20:52:25.203+0000] {processor.py:161} INFO - Started process (PID=1721) to work on /home/airflow/.local/lib/python3.10/site-packages/airflow/example_dags/example_task_group.py
[2024-12-09T20:52:25.204+0000] {processor.py:830} INFO - Processing file /home/airflow/.local/lib/python3.10/site-packages/airflow/example_dags/example_task_group.py for tasks to queue
[2024-12-09T20:52:25.206+0000] {logging_mixin.py:188} INFO - [2024-12-09T20:52:25.206+0000] {dagbag.py:540} INFO - Filling up the DagBag from /home/airflow/.local/lib/python3.10/site-packages/airflow/example_dags/example_task_group.py
[2024-12-09T20:52:25.215+0000] {processor.py:840} INFO - DAG(s) 'example_task_group' retrieved from /home/airflow/.local/lib/python3.10/site-packages/airflow/example_dags/example_task_group.py
[2024-12-09T20:52:25.238+0000] {logging_mixin.py:188} INFO - [2024-12-09T20:52:25.238+0000] {dag.py:3047} INFO - Sync 1 DAGs
[2024-12-09T20:52:25.263+0000] {logging_mixin.py:188} INFO - [2024-12-09T20:52:25.263+0000] {dag.py:3834} INFO - Setting next_dagrun for example_task_group to 2024-12-08 00:00:00+00:00, run_after=2024-12-09 00:00:00+00:00
[2024-12-09T20:52:25.283+0000] {processor.py:183} INFO - Processing /home/airflow/.local/lib/python3.10/site-packages/airflow/example_dags/example_task_group.py took 0.084 seconds
[2024-12-09T20:52:55.941+0000] {processor.py:161} INFO - Started process (PID=1776) to work on /home/airflow/.local/lib/python3.10/site-packages/airflow/example_dags/example_task_group.py
[2024-12-09T20:52:55.942+0000] {processor.py:830} INFO - Processing file /home/airflow/.local/lib/python3.10/site-packages/airflow/example_dags/example_task_group.py for tasks to queue
[2024-12-09T20:52:55.944+0000] {logging_mixin.py:188} INFO - [2024-12-09T20:52:55.944+0000] {dagbag.py:540} INFO - Filling up the DagBag from /home/airflow/.local/lib/python3.10/site-packages/airflow/example_dags/example_task_group.py
[2024-12-09T20:52:55.953+0000] {processor.py:840} INFO - DAG(s) 'example_task_group' retrieved from /home/airflow/.local/lib/python3.10/site-packages/airflow/example_dags/example_task_group.py
[2024-12-09T20:52:55.977+0000] {logging_mixin.py:188} INFO - [2024-12-09T20:52:55.977+0000] {dag.py:3047} INFO - Sync 1 DAGs
[2024-12-09T20:52:56.154+0000] {logging_mixin.py:188} INFO - [2024-12-09T20:52:56.154+0000] {dag.py:3834} INFO - Setting next_dagrun for example_task_group to 2024-12-08 00:00:00+00:00, run_after=2024-12-09 00:00:00+00:00
[2024-12-09T20:52:56.174+0000] {processor.py:183} INFO - Processing /home/airflow/.local/lib/python3.10/site-packages/airflow/example_dags/example_task_group.py took 0.237 seconds
[2024-12-09T20:53:27.029+0000] {processor.py:161} INFO - Started process (PID=1832) to work on /home/airflow/.local/lib/python3.10/site-packages/airflow/example_dags/example_task_group.py
[2024-12-09T20:53:27.030+0000] {processor.py:830} INFO - Processing file /home/airflow/.local/lib/python3.10/site-packages/airflow/example_dags/example_task_group.py for tasks to queue
[2024-12-09T20:53:27.032+0000] {logging_mixin.py:188} INFO - [2024-12-09T20:53:27.032+0000] {dagbag.py:540} INFO - Filling up the DagBag from /home/airflow/.local/lib/python3.10/site-packages/airflow/example_dags/example_task_group.py
[2024-12-09T20:53:27.039+0000] {processor.py:840} INFO - DAG(s) 'example_task_group' retrieved from /home/airflow/.local/lib/python3.10/site-packages/airflow/example_dags/example_task_group.py
[2024-12-09T20:53:27.059+0000] {logging_mixin.py:188} INFO - [2024-12-09T20:53:27.059+0000] {dag.py:3047} INFO - Sync 1 DAGs
[2024-12-09T20:53:27.198+0000] {logging_mixin.py:188} INFO - [2024-12-09T20:53:27.198+0000] {dag.py:3834} INFO - Setting next_dagrun for example_task_group to 2024-12-08 00:00:00+00:00, run_after=2024-12-09 00:00:00+00:00
[2024-12-09T20:53:27.216+0000] {processor.py:183} INFO - Processing /home/airflow/.local/lib/python3.10/site-packages/airflow/example_dags/example_task_group.py took 0.190 seconds
[2024-12-09T20:53:57.290+0000] {processor.py:161} INFO - Started process (PID=1887) to work on /home/airflow/.local/lib/python3.10/site-packages/airflow/example_dags/example_task_group.py
[2024-12-09T20:53:57.292+0000] {processor.py:830} INFO - Processing file /home/airflow/.local/lib/python3.10/site-packages/airflow/example_dags/example_task_group.py for tasks to queue
[2024-12-09T20:53:57.294+0000] {logging_mixin.py:188} INFO - [2024-12-09T20:53:57.293+0000] {dagbag.py:540} INFO - Filling up the DagBag from /home/airflow/.local/lib/python3.10/site-packages/airflow/example_dags/example_task_group.py
[2024-12-09T20:53:57.300+0000] {processor.py:840} INFO - DAG(s) 'example_task_group' retrieved from /home/airflow/.local/lib/python3.10/site-packages/airflow/example_dags/example_task_group.py
[2024-12-09T20:53:57.326+0000] {logging_mixin.py:188} INFO - [2024-12-09T20:53:57.326+0000] {dag.py:3047} INFO - Sync 1 DAGs
[2024-12-09T20:53:57.347+0000] {logging_mixin.py:188} INFO - [2024-12-09T20:53:57.347+0000] {dag.py:3834} INFO - Setting next_dagrun for example_task_group to 2024-12-08 00:00:00+00:00, run_after=2024-12-09 00:00:00+00:00
[2024-12-09T20:53:57.368+0000] {processor.py:183} INFO - Processing /home/airflow/.local/lib/python3.10/site-packages/airflow/example_dags/example_task_group.py took 0.081 seconds
[2024-12-09T20:54:27.556+0000] {processor.py:161} INFO - Started process (PID=1943) to work on /home/airflow/.local/lib/python3.10/site-packages/airflow/example_dags/example_task_group.py
[2024-12-09T20:54:27.558+0000] {processor.py:830} INFO - Processing file /home/airflow/.local/lib/python3.10/site-packages/airflow/example_dags/example_task_group.py for tasks to queue
[2024-12-09T20:54:27.560+0000] {logging_mixin.py:188} INFO - [2024-12-09T20:54:27.559+0000] {dagbag.py:540} INFO - Filling up the DagBag from /home/airflow/.local/lib/python3.10/site-packages/airflow/example_dags/example_task_group.py
[2024-12-09T20:54:27.568+0000] {processor.py:840} INFO - DAG(s) 'example_task_group' retrieved from /home/airflow/.local/lib/python3.10/site-packages/airflow/example_dags/example_task_group.py
[2024-12-09T20:54:27.589+0000] {logging_mixin.py:188} INFO - [2024-12-09T20:54:27.589+0000] {dag.py:3047} INFO - Sync 1 DAGs
[2024-12-09T20:54:27.609+0000] {logging_mixin.py:188} INFO - [2024-12-09T20:54:27.608+0000] {dag.py:3834} INFO - Setting next_dagrun for example_task_group to 2024-12-08 00:00:00+00:00, run_after=2024-12-09 00:00:00+00:00
[2024-12-09T20:54:27.626+0000] {processor.py:183} INFO - Processing /home/airflow/.local/lib/python3.10/site-packages/airflow/example_dags/example_task_group.py took 0.073 seconds
[2024-12-09T20:54:57.773+0000] {processor.py:161} INFO - Started process (PID=1998) to work on /home/airflow/.local/lib/python3.10/site-packages/airflow/example_dags/example_task_group.py
[2024-12-09T20:54:57.774+0000] {processor.py:830} INFO - Processing file /home/airflow/.local/lib/python3.10/site-packages/airflow/example_dags/example_task_group.py for tasks to queue
[2024-12-09T20:54:57.777+0000] {logging_mixin.py:188} INFO - [2024-12-09T20:54:57.776+0000] {dagbag.py:540} INFO - Filling up the DagBag from /home/airflow/.local/lib/python3.10/site-packages/airflow/example_dags/example_task_group.py
[2024-12-09T20:54:57.783+0000] {processor.py:840} INFO - DAG(s) 'example_task_group' retrieved from /home/airflow/.local/lib/python3.10/site-packages/airflow/example_dags/example_task_group.py
[2024-12-09T20:54:57.807+0000] {logging_mixin.py:188} INFO - [2024-12-09T20:54:57.807+0000] {dag.py:3047} INFO - Sync 1 DAGs
[2024-12-09T20:54:57.832+0000] {logging_mixin.py:188} INFO - [2024-12-09T20:54:57.832+0000] {dag.py:3834} INFO - Setting next_dagrun for example_task_group to 2024-12-08 00:00:00+00:00, run_after=2024-12-09 00:00:00+00:00
[2024-12-09T20:54:57.853+0000] {processor.py:183} INFO - Processing /home/airflow/.local/lib/python3.10/site-packages/airflow/example_dags/example_task_group.py took 0.083 seconds
[2024-12-09T20:55:28.198+0000] {processor.py:161} INFO - Started process (PID=2053) to work on /home/airflow/.local/lib/python3.10/site-packages/airflow/example_dags/example_task_group.py
[2024-12-09T20:55:28.199+0000] {processor.py:830} INFO - Processing file /home/airflow/.local/lib/python3.10/site-packages/airflow/example_dags/example_task_group.py for tasks to queue
[2024-12-09T20:55:28.202+0000] {logging_mixin.py:188} INFO - [2024-12-09T20:55:28.201+0000] {dagbag.py:540} INFO - Filling up the DagBag from /home/airflow/.local/lib/python3.10/site-packages/airflow/example_dags/example_task_group.py
[2024-12-09T20:55:28.210+0000] {processor.py:840} INFO - DAG(s) 'example_task_group' retrieved from /home/airflow/.local/lib/python3.10/site-packages/airflow/example_dags/example_task_group.py
[2024-12-09T20:55:28.239+0000] {logging_mixin.py:188} INFO - [2024-12-09T20:55:28.238+0000] {dag.py:3047} INFO - Sync 1 DAGs
[2024-12-09T20:55:28.271+0000] {logging_mixin.py:188} INFO - [2024-12-09T20:55:28.271+0000] {dag.py:3834} INFO - Setting next_dagrun for example_task_group to 2024-12-08 00:00:00+00:00, run_after=2024-12-09 00:00:00+00:00
[2024-12-09T20:55:28.294+0000] {processor.py:183} INFO - Processing /home/airflow/.local/lib/python3.10/site-packages/airflow/example_dags/example_task_group.py took 0.100 seconds
[2024-12-09T20:55:58.785+0000] {processor.py:161} INFO - Started process (PID=2108) to work on /home/airflow/.local/lib/python3.10/site-packages/airflow/example_dags/example_task_group.py
[2024-12-09T20:55:58.786+0000] {processor.py:830} INFO - Processing file /home/airflow/.local/lib/python3.10/site-packages/airflow/example_dags/example_task_group.py for tasks to queue
[2024-12-09T20:55:58.788+0000] {logging_mixin.py:188} INFO - [2024-12-09T20:55:58.788+0000] {dagbag.py:540} INFO - Filling up the DagBag from /home/airflow/.local/lib/python3.10/site-packages/airflow/example_dags/example_task_group.py
[2024-12-09T20:55:58.795+0000] {processor.py:840} INFO - DAG(s) 'example_task_group' retrieved from /home/airflow/.local/lib/python3.10/site-packages/airflow/example_dags/example_task_group.py
[2024-12-09T20:55:58.818+0000] {logging_mixin.py:188} INFO - [2024-12-09T20:55:58.817+0000] {dag.py:3047} INFO - Sync 1 DAGs
[2024-12-09T20:55:58.840+0000] {logging_mixin.py:188} INFO - [2024-12-09T20:55:58.840+0000] {dag.py:3834} INFO - Setting next_dagrun for example_task_group to 2024-12-08 00:00:00+00:00, run_after=2024-12-09 00:00:00+00:00
[2024-12-09T20:55:58.860+0000] {processor.py:183} INFO - Processing /home/airflow/.local/lib/python3.10/site-packages/airflow/example_dags/example_task_group.py took 0.079 seconds
[2024-12-09T20:56:29.501+0000] {processor.py:161} INFO - Started process (PID=2164) to work on /home/airflow/.local/lib/python3.10/site-packages/airflow/example_dags/example_task_group.py
[2024-12-09T20:56:29.503+0000] {processor.py:830} INFO - Processing file /home/airflow/.local/lib/python3.10/site-packages/airflow/example_dags/example_task_group.py for tasks to queue
[2024-12-09T20:56:29.505+0000] {logging_mixin.py:188} INFO - [2024-12-09T20:56:29.505+0000] {dagbag.py:540} INFO - Filling up the DagBag from /home/airflow/.local/lib/python3.10/site-packages/airflow/example_dags/example_task_group.py
[2024-12-09T20:56:29.518+0000] {processor.py:840} INFO - DAG(s) 'example_task_group' retrieved from /home/airflow/.local/lib/python3.10/site-packages/airflow/example_dags/example_task_group.py
[2024-12-09T20:56:29.557+0000] {logging_mixin.py:188} INFO - [2024-12-09T20:56:29.556+0000] {dag.py:3047} INFO - Sync 1 DAGs
[2024-12-09T20:56:29.589+0000] {logging_mixin.py:188} INFO - [2024-12-09T20:56:29.589+0000] {dag.py:3834} INFO - Setting next_dagrun for example_task_group to 2024-12-08 00:00:00+00:00, run_after=2024-12-09 00:00:00+00:00
[2024-12-09T20:56:29.616+0000] {processor.py:183} INFO - Processing /home/airflow/.local/lib/python3.10/site-packages/airflow/example_dags/example_task_group.py took 0.119 seconds
[2024-12-09T20:57:05.628+0000] {processor.py:161} INFO - Started process (PID=2220) to work on /home/airflow/.local/lib/python3.10/site-packages/airflow/example_dags/example_task_group.py
[2024-12-09T20:57:05.629+0000] {processor.py:830} INFO - Processing file /home/airflow/.local/lib/python3.10/site-packages/airflow/example_dags/example_task_group.py for tasks to queue
[2024-12-09T20:57:05.632+0000] {logging_mixin.py:188} INFO - [2024-12-09T20:57:05.632+0000] {dagbag.py:540} INFO - Filling up the DagBag from /home/airflow/.local/lib/python3.10/site-packages/airflow/example_dags/example_task_group.py
[2024-12-09T20:57:05.646+0000] {processor.py:840} INFO - DAG(s) 'example_task_group' retrieved from /home/airflow/.local/lib/python3.10/site-packages/airflow/example_dags/example_task_group.py
[2024-12-09T20:57:05.681+0000] {logging_mixin.py:188} INFO - [2024-12-09T20:57:05.681+0000] {dag.py:3047} INFO - Sync 1 DAGs
[2024-12-09T20:57:05.709+0000] {logging_mixin.py:188} INFO - [2024-12-09T20:57:05.708+0000] {dag.py:3834} INFO - Setting next_dagrun for example_task_group to 2024-12-08 00:00:00+00:00, run_after=2024-12-09 00:00:00+00:00
[2024-12-09T20:57:05.732+0000] {processor.py:183} INFO - Processing /home/airflow/.local/lib/python3.10/site-packages/airflow/example_dags/example_task_group.py took 0.109 seconds
[2024-12-09T20:57:36.404+0000] {processor.py:161} INFO - Started process (PID=2275) to work on /home/airflow/.local/lib/python3.10/site-packages/airflow/example_dags/example_task_group.py
[2024-12-09T20:57:36.406+0000] {processor.py:830} INFO - Processing file /home/airflow/.local/lib/python3.10/site-packages/airflow/example_dags/example_task_group.py for tasks to queue
[2024-12-09T20:57:36.409+0000] {logging_mixin.py:188} INFO - [2024-12-09T20:57:36.408+0000] {dagbag.py:540} INFO - Filling up the DagBag from /home/airflow/.local/lib/python3.10/site-packages/airflow/example_dags/example_task_group.py
[2024-12-09T20:57:36.417+0000] {processor.py:840} INFO - DAG(s) 'example_task_group' retrieved from /home/airflow/.local/lib/python3.10/site-packages/airflow/example_dags/example_task_group.py
[2024-12-09T20:57:36.443+0000] {logging_mixin.py:188} INFO - [2024-12-09T20:57:36.443+0000] {dag.py:3047} INFO - Sync 1 DAGs
[2024-12-09T20:57:36.471+0000] {logging_mixin.py:188} INFO - [2024-12-09T20:57:36.471+0000] {dag.py:3834} INFO - Setting next_dagrun for example_task_group to 2024-12-08 00:00:00+00:00, run_after=2024-12-09 00:00:00+00:00
[2024-12-09T20:57:36.492+0000] {processor.py:183} INFO - Processing /home/airflow/.local/lib/python3.10/site-packages/airflow/example_dags/example_task_group.py took 0.093 seconds
[2024-12-09T21:56:40.882+0000] {processor.py:161} INFO - Started process (PID=2342) to work on /home/airflow/.local/lib/python3.10/site-packages/airflow/example_dags/example_task_group.py
[2024-12-09T21:56:40.894+0000] {processor.py:830} INFO - Processing file /home/airflow/.local/lib/python3.10/site-packages/airflow/example_dags/example_task_group.py for tasks to queue
[2024-12-09T21:56:40.912+0000] {logging_mixin.py:188} INFO - [2024-12-09T21:56:40.911+0000] {dagbag.py:540} INFO - Filling up the DagBag from /home/airflow/.local/lib/python3.10/site-packages/airflow/example_dags/example_task_group.py
[2024-12-09T21:56:40.939+0000] {processor.py:840} INFO - DAG(s) 'example_task_group' retrieved from /home/airflow/.local/lib/python3.10/site-packages/airflow/example_dags/example_task_group.py
[2024-12-09T21:56:41.031+0000] {logging_mixin.py:188} INFO - [2024-12-09T21:56:41.031+0000] {dag.py:3047} INFO - Sync 1 DAGs
[2024-12-09T21:56:41.073+0000] {logging_mixin.py:188} INFO - [2024-12-09T21:56:41.073+0000] {dag.py:3834} INFO - Setting next_dagrun for example_task_group to 2024-12-08 00:00:00+00:00, run_after=2024-12-09 00:00:00+00:00
[2024-12-09T21:56:41.147+0000] {processor.py:183} INFO - Processing /home/airflow/.local/lib/python3.10/site-packages/airflow/example_dags/example_task_group.py took 0.270 seconds
[2024-12-09T21:57:11.232+0000] {processor.py:161} INFO - Started process (PID=2397) to work on /home/airflow/.local/lib/python3.10/site-packages/airflow/example_dags/example_task_group.py
[2024-12-09T21:57:11.233+0000] {processor.py:830} INFO - Processing file /home/airflow/.local/lib/python3.10/site-packages/airflow/example_dags/example_task_group.py for tasks to queue
[2024-12-09T21:57:11.235+0000] {logging_mixin.py:188} INFO - [2024-12-09T21:57:11.235+0000] {dagbag.py:540} INFO - Filling up the DagBag from /home/airflow/.local/lib/python3.10/site-packages/airflow/example_dags/example_task_group.py
[2024-12-09T21:57:11.242+0000] {processor.py:840} INFO - DAG(s) 'example_task_group' retrieved from /home/airflow/.local/lib/python3.10/site-packages/airflow/example_dags/example_task_group.py
[2024-12-09T21:57:11.261+0000] {logging_mixin.py:188} INFO - [2024-12-09T21:57:11.261+0000] {dag.py:3047} INFO - Sync 1 DAGs
[2024-12-09T21:57:11.279+0000] {logging_mixin.py:188} INFO - [2024-12-09T21:57:11.279+0000] {dag.py:3834} INFO - Setting next_dagrun for example_task_group to 2024-12-08 00:00:00+00:00, run_after=2024-12-09 00:00:00+00:00
[2024-12-09T21:57:11.296+0000] {processor.py:183} INFO - Processing /home/airflow/.local/lib/python3.10/site-packages/airflow/example_dags/example_task_group.py took 0.067 seconds
[2024-12-09T21:57:55.586+0000] {processor.py:161} INFO - Started process (PID=2454) to work on /home/airflow/.local/lib/python3.10/site-packages/airflow/example_dags/example_task_group.py
[2024-12-09T21:57:55.587+0000] {processor.py:830} INFO - Processing file /home/airflow/.local/lib/python3.10/site-packages/airflow/example_dags/example_task_group.py for tasks to queue
[2024-12-09T21:57:55.589+0000] {logging_mixin.py:188} INFO - [2024-12-09T21:57:55.589+0000] {dagbag.py:540} INFO - Filling up the DagBag from /home/airflow/.local/lib/python3.10/site-packages/airflow/example_dags/example_task_group.py
[2024-12-09T21:57:55.596+0000] {processor.py:840} INFO - DAG(s) 'example_task_group' retrieved from /home/airflow/.local/lib/python3.10/site-packages/airflow/example_dags/example_task_group.py
[2024-12-09T21:57:55.619+0000] {logging_mixin.py:188} INFO - [2024-12-09T21:57:55.618+0000] {dag.py:3047} INFO - Sync 1 DAGs
[2024-12-09T21:57:55.641+0000] {logging_mixin.py:188} INFO - [2024-12-09T21:57:55.640+0000] {dag.py:3834} INFO - Setting next_dagrun for example_task_group to 2024-12-08 00:00:00+00:00, run_after=2024-12-09 00:00:00+00:00
[2024-12-09T21:57:55.662+0000] {processor.py:183} INFO - Processing /home/airflow/.local/lib/python3.10/site-packages/airflow/example_dags/example_task_group.py took 0.080 seconds
[2024-12-09T21:58:26.003+0000] {processor.py:161} INFO - Started process (PID=2509) to work on /home/airflow/.local/lib/python3.10/site-packages/airflow/example_dags/example_task_group.py
[2024-12-09T21:58:26.004+0000] {processor.py:830} INFO - Processing file /home/airflow/.local/lib/python3.10/site-packages/airflow/example_dags/example_task_group.py for tasks to queue
[2024-12-09T21:58:26.006+0000] {logging_mixin.py:188} INFO - [2024-12-09T21:58:26.006+0000] {dagbag.py:540} INFO - Filling up the DagBag from /home/airflow/.local/lib/python3.10/site-packages/airflow/example_dags/example_task_group.py
[2024-12-09T21:58:26.013+0000] {processor.py:840} INFO - DAG(s) 'example_task_group' retrieved from /home/airflow/.local/lib/python3.10/site-packages/airflow/example_dags/example_task_group.py
[2024-12-09T21:58:26.036+0000] {logging_mixin.py:188} INFO - [2024-12-09T21:58:26.036+0000] {dag.py:3047} INFO - Sync 1 DAGs
[2024-12-09T21:58:26.054+0000] {logging_mixin.py:188} INFO - [2024-12-09T21:58:26.054+0000] {dag.py:3834} INFO - Setting next_dagrun for example_task_group to 2024-12-08 00:00:00+00:00, run_after=2024-12-09 00:00:00+00:00
[2024-12-09T21:58:26.074+0000] {processor.py:183} INFO - Processing /home/airflow/.local/lib/python3.10/site-packages/airflow/example_dags/example_task_group.py took 0.075 seconds
[2024-12-09T21:58:56.929+0000] {processor.py:161} INFO - Started process (PID=2564) to work on /home/airflow/.local/lib/python3.10/site-packages/airflow/example_dags/example_task_group.py
[2024-12-09T21:58:56.931+0000] {processor.py:830} INFO - Processing file /home/airflow/.local/lib/python3.10/site-packages/airflow/example_dags/example_task_group.py for tasks to queue
[2024-12-09T21:58:56.933+0000] {logging_mixin.py:188} INFO - [2024-12-09T21:58:56.933+0000] {dagbag.py:540} INFO - Filling up the DagBag from /home/airflow/.local/lib/python3.10/site-packages/airflow/example_dags/example_task_group.py
[2024-12-09T21:58:56.940+0000] {processor.py:840} INFO - DAG(s) 'example_task_group' retrieved from /home/airflow/.local/lib/python3.10/site-packages/airflow/example_dags/example_task_group.py
[2024-12-09T21:58:56.960+0000] {logging_mixin.py:188} INFO - [2024-12-09T21:58:56.960+0000] {dag.py:3047} INFO - Sync 1 DAGs
[2024-12-09T21:58:56.977+0000] {logging_mixin.py:188} INFO - [2024-12-09T21:58:56.977+0000] {dag.py:3834} INFO - Setting next_dagrun for example_task_group to 2024-12-08 00:00:00+00:00, run_after=2024-12-09 00:00:00+00:00
[2024-12-09T21:58:56.995+0000] {processor.py:183} INFO - Processing /home/airflow/.local/lib/python3.10/site-packages/airflow/example_dags/example_task_group.py took 0.069 seconds
[2024-12-09T21:59:27.901+0000] {processor.py:161} INFO - Started process (PID=2620) to work on /home/airflow/.local/lib/python3.10/site-packages/airflow/example_dags/example_task_group.py
[2024-12-09T21:59:27.902+0000] {processor.py:830} INFO - Processing file /home/airflow/.local/lib/python3.10/site-packages/airflow/example_dags/example_task_group.py for tasks to queue
[2024-12-09T21:59:27.904+0000] {logging_mixin.py:188} INFO - [2024-12-09T21:59:27.904+0000] {dagbag.py:540} INFO - Filling up the DagBag from /home/airflow/.local/lib/python3.10/site-packages/airflow/example_dags/example_task_group.py
[2024-12-09T21:59:27.911+0000] {processor.py:840} INFO - DAG(s) 'example_task_group' retrieved from /home/airflow/.local/lib/python3.10/site-packages/airflow/example_dags/example_task_group.py
[2024-12-09T21:59:27.932+0000] {logging_mixin.py:188} INFO - [2024-12-09T21:59:27.931+0000] {dag.py:3047} INFO - Sync 1 DAGs
[2024-12-09T21:59:27.948+0000] {logging_mixin.py:188} INFO - [2024-12-09T21:59:27.948+0000] {dag.py:3834} INFO - Setting next_dagrun for example_task_group to 2024-12-08 00:00:00+00:00, run_after=2024-12-09 00:00:00+00:00
[2024-12-09T21:59:27.970+0000] {processor.py:183} INFO - Processing /home/airflow/.local/lib/python3.10/site-packages/airflow/example_dags/example_task_group.py took 0.072 seconds
[2024-12-09T21:59:58.039+0000] {processor.py:161} INFO - Started process (PID=2674) to work on /home/airflow/.local/lib/python3.10/site-packages/airflow/example_dags/example_task_group.py
[2024-12-09T21:59:58.040+0000] {processor.py:830} INFO - Processing file /home/airflow/.local/lib/python3.10/site-packages/airflow/example_dags/example_task_group.py for tasks to queue
[2024-12-09T21:59:58.043+0000] {logging_mixin.py:188} INFO - [2024-12-09T21:59:58.042+0000] {dagbag.py:540} INFO - Filling up the DagBag from /home/airflow/.local/lib/python3.10/site-packages/airflow/example_dags/example_task_group.py
[2024-12-09T21:59:58.050+0000] {processor.py:840} INFO - DAG(s) 'example_task_group' retrieved from /home/airflow/.local/lib/python3.10/site-packages/airflow/example_dags/example_task_group.py
[2024-12-09T21:59:58.075+0000] {logging_mixin.py:188} INFO - [2024-12-09T21:59:58.075+0000] {dag.py:3047} INFO - Sync 1 DAGs
[2024-12-09T21:59:58.095+0000] {logging_mixin.py:188} INFO - [2024-12-09T21:59:58.094+0000] {dag.py:3834} INFO - Setting next_dagrun for example_task_group to 2024-12-08 00:00:00+00:00, run_after=2024-12-09 00:00:00+00:00
[2024-12-09T21:59:58.116+0000] {processor.py:183} INFO - Processing /home/airflow/.local/lib/python3.10/site-packages/airflow/example_dags/example_task_group.py took 0.080 seconds
[2024-12-09T23:00:46.596+0000] {processor.py:161} INFO - Started process (PID=2731) to work on /home/airflow/.local/lib/python3.10/site-packages/airflow/example_dags/example_task_group.py
[2024-12-09T23:00:46.599+0000] {processor.py:830} INFO - Processing file /home/airflow/.local/lib/python3.10/site-packages/airflow/example_dags/example_task_group.py for tasks to queue
[2024-12-09T23:00:46.605+0000] {logging_mixin.py:188} INFO - [2024-12-09T23:00:46.604+0000] {dagbag.py:540} INFO - Filling up the DagBag from /home/airflow/.local/lib/python3.10/site-packages/airflow/example_dags/example_task_group.py
[2024-12-09T23:00:46.629+0000] {processor.py:840} INFO - DAG(s) 'example_task_group' retrieved from /home/airflow/.local/lib/python3.10/site-packages/airflow/example_dags/example_task_group.py
[2024-12-09T23:00:46.699+0000] {logging_mixin.py:188} INFO - [2024-12-09T23:00:46.697+0000] {dag.py:3047} INFO - Sync 1 DAGs
[2024-12-09T23:00:46.767+0000] {logging_mixin.py:188} INFO - [2024-12-09T23:00:46.767+0000] {dag.py:3834} INFO - Setting next_dagrun for example_task_group to 2024-12-08 00:00:00+00:00, run_after=2024-12-09 00:00:00+00:00
[2024-12-09T23:00:46.843+0000] {processor.py:183} INFO - Processing /home/airflow/.local/lib/python3.10/site-packages/airflow/example_dags/example_task_group.py took 0.253 seconds
