[2024-12-09T13:35:40.047+0000] {processor.py:161} INFO - Started process (PID=71) to work on /home/airflow/.local/lib/python3.10/site-packages/airflow/example_dags/example_python_operator.py
[2024-12-09T13:35:40.089+0000] {processor.py:830} INFO - Processing file /home/airflow/.local/lib/python3.10/site-packages/airflow/example_dags/example_python_operator.py for tasks to queue
[2024-12-09T13:35:40.125+0000] {logging_mixin.py:188} INFO - [2024-12-09T13:35:40.114+0000] {dagbag.py:540} INFO - Filling up the DagBag from /home/airflow/.local/lib/python3.10/site-packages/airflow/example_dags/example_python_operator.py
[2024-12-09T13:35:40.342+0000] {processor.py:840} INFO - DAG(s) 'example_python_operator' retrieved from /home/airflow/.local/lib/python3.10/site-packages/airflow/example_dags/example_python_operator.py
[2024-12-09T13:35:41.031+0000] {logging_mixin.py:188} INFO - [2024-12-09T13:35:41.031+0000] {dag.py:3047} INFO - Sync 1 DAGs
[2024-12-09T13:35:41.085+0000] {logging_mixin.py:188} INFO - [2024-12-09T13:35:41.084+0000] {dag.py:3834} INFO - Setting next_dagrun for example_python_operator to None, run_after=None
[2024-12-09T13:35:41.177+0000] {processor.py:183} INFO - Processing /home/airflow/.local/lib/python3.10/site-packages/airflow/example_dags/example_python_operator.py took 1.163 seconds
[2024-12-09T20:37:17.640+0000] {processor.py:161} INFO - Started process (PID=71) to work on /home/airflow/.local/lib/python3.10/site-packages/airflow/example_dags/example_python_operator.py
[2024-12-09T20:37:17.730+0000] {processor.py:830} INFO - Processing file /home/airflow/.local/lib/python3.10/site-packages/airflow/example_dags/example_python_operator.py for tasks to queue
[2024-12-09T20:37:17.801+0000] {logging_mixin.py:188} INFO - [2024-12-09T20:37:17.800+0000] {dagbag.py:540} INFO - Filling up the DagBag from /home/airflow/.local/lib/python3.10/site-packages/airflow/example_dags/example_python_operator.py
[2024-12-09T20:37:18.254+0000] {processor.py:840} INFO - DAG(s) 'example_python_operator' retrieved from /home/airflow/.local/lib/python3.10/site-packages/airflow/example_dags/example_python_operator.py
[2024-12-09T20:37:19.192+0000] {logging_mixin.py:188} INFO - [2024-12-09T20:37:19.191+0000] {dag.py:3047} INFO - Sync 1 DAGs
[2024-12-09T20:37:19.247+0000] {logging_mixin.py:188} INFO - [2024-12-09T20:37:19.246+0000] {dag.py:3834} INFO - Setting next_dagrun for example_python_operator to None, run_after=None
[2024-12-09T20:37:19.466+0000] {processor.py:183} INFO - Processing /home/airflow/.local/lib/python3.10/site-packages/airflow/example_dags/example_python_operator.py took 2.412 seconds
[2024-12-09T20:37:49.697+0000] {processor.py:161} INFO - Started process (PID=127) to work on /home/airflow/.local/lib/python3.10/site-packages/airflow/example_dags/example_python_operator.py
[2024-12-09T20:37:49.704+0000] {processor.py:830} INFO - Processing file /home/airflow/.local/lib/python3.10/site-packages/airflow/example_dags/example_python_operator.py for tasks to queue
[2024-12-09T20:37:49.715+0000] {logging_mixin.py:188} INFO - [2024-12-09T20:37:49.714+0000] {dagbag.py:540} INFO - Filling up the DagBag from /home/airflow/.local/lib/python3.10/site-packages/airflow/example_dags/example_python_operator.py
[2024-12-09T20:37:49.875+0000] {processor.py:840} INFO - DAG(s) 'example_python_operator' retrieved from /home/airflow/.local/lib/python3.10/site-packages/airflow/example_dags/example_python_operator.py
[2024-12-09T20:37:50.020+0000] {logging_mixin.py:188} INFO - [2024-12-09T20:37:50.019+0000] {dag.py:3047} INFO - Sync 1 DAGs
[2024-12-09T20:37:50.177+0000] {logging_mixin.py:188} INFO - [2024-12-09T20:37:50.177+0000] {dag.py:3834} INFO - Setting next_dagrun for example_python_operator to None, run_after=None
[2024-12-09T20:37:50.264+0000] {processor.py:183} INFO - Processing /home/airflow/.local/lib/python3.10/site-packages/airflow/example_dags/example_python_operator.py took 0.580 seconds
[2024-12-09T20:38:21.212+0000] {processor.py:161} INFO - Started process (PID=183) to work on /home/airflow/.local/lib/python3.10/site-packages/airflow/example_dags/example_python_operator.py
[2024-12-09T20:38:21.215+0000] {processor.py:830} INFO - Processing file /home/airflow/.local/lib/python3.10/site-packages/airflow/example_dags/example_python_operator.py for tasks to queue
[2024-12-09T20:38:21.217+0000] {logging_mixin.py:188} INFO - [2024-12-09T20:38:21.217+0000] {dagbag.py:540} INFO - Filling up the DagBag from /home/airflow/.local/lib/python3.10/site-packages/airflow/example_dags/example_python_operator.py
[2024-12-09T20:38:21.226+0000] {processor.py:840} INFO - DAG(s) 'example_python_operator' retrieved from /home/airflow/.local/lib/python3.10/site-packages/airflow/example_dags/example_python_operator.py
[2024-12-09T20:38:21.246+0000] {logging_mixin.py:188} INFO - [2024-12-09T20:38:21.246+0000] {dag.py:3047} INFO - Sync 1 DAGs
[2024-12-09T20:38:21.256+0000] {logging_mixin.py:188} INFO - [2024-12-09T20:38:21.256+0000] {dag.py:3834} INFO - Setting next_dagrun for example_python_operator to None, run_after=None
[2024-12-09T20:38:21.275+0000] {processor.py:183} INFO - Processing /home/airflow/.local/lib/python3.10/site-packages/airflow/example_dags/example_python_operator.py took 0.066 seconds
[2024-12-09T20:38:51.710+0000] {processor.py:161} INFO - Started process (PID=239) to work on /home/airflow/.local/lib/python3.10/site-packages/airflow/example_dags/example_python_operator.py
[2024-12-09T20:38:51.711+0000] {processor.py:830} INFO - Processing file /home/airflow/.local/lib/python3.10/site-packages/airflow/example_dags/example_python_operator.py for tasks to queue
[2024-12-09T20:38:51.713+0000] {logging_mixin.py:188} INFO - [2024-12-09T20:38:51.713+0000] {dagbag.py:540} INFO - Filling up the DagBag from /home/airflow/.local/lib/python3.10/site-packages/airflow/example_dags/example_python_operator.py
[2024-12-09T20:38:51.722+0000] {processor.py:840} INFO - DAG(s) 'example_python_operator' retrieved from /home/airflow/.local/lib/python3.10/site-packages/airflow/example_dags/example_python_operator.py
[2024-12-09T20:38:51.742+0000] {logging_mixin.py:188} INFO - [2024-12-09T20:38:51.742+0000] {dag.py:3047} INFO - Sync 1 DAGs
[2024-12-09T20:38:51.752+0000] {logging_mixin.py:188} INFO - [2024-12-09T20:38:51.752+0000] {dag.py:3834} INFO - Setting next_dagrun for example_python_operator to None, run_after=None
[2024-12-09T20:38:51.772+0000] {processor.py:183} INFO - Processing /home/airflow/.local/lib/python3.10/site-packages/airflow/example_dags/example_python_operator.py took 0.066 seconds
[2024-12-09T20:39:22.065+0000] {processor.py:161} INFO - Started process (PID=295) to work on /home/airflow/.local/lib/python3.10/site-packages/airflow/example_dags/example_python_operator.py
[2024-12-09T20:39:22.066+0000] {processor.py:830} INFO - Processing file /home/airflow/.local/lib/python3.10/site-packages/airflow/example_dags/example_python_operator.py for tasks to queue
[2024-12-09T20:39:22.069+0000] {logging_mixin.py:188} INFO - [2024-12-09T20:39:22.068+0000] {dagbag.py:540} INFO - Filling up the DagBag from /home/airflow/.local/lib/python3.10/site-packages/airflow/example_dags/example_python_operator.py
[2024-12-09T20:39:22.084+0000] {processor.py:840} INFO - DAG(s) 'example_python_operator' retrieved from /home/airflow/.local/lib/python3.10/site-packages/airflow/example_dags/example_python_operator.py
[2024-12-09T20:39:22.109+0000] {logging_mixin.py:188} INFO - [2024-12-09T20:39:22.108+0000] {dag.py:3047} INFO - Sync 1 DAGs
[2024-12-09T20:39:22.122+0000] {logging_mixin.py:188} INFO - [2024-12-09T20:39:22.122+0000] {dag.py:3834} INFO - Setting next_dagrun for example_python_operator to None, run_after=None
[2024-12-09T20:39:22.142+0000] {processor.py:183} INFO - Processing /home/airflow/.local/lib/python3.10/site-packages/airflow/example_dags/example_python_operator.py took 0.082 seconds
[2024-12-09T20:39:52.683+0000] {processor.py:161} INFO - Started process (PID=350) to work on /home/airflow/.local/lib/python3.10/site-packages/airflow/example_dags/example_python_operator.py
[2024-12-09T20:39:52.684+0000] {processor.py:830} INFO - Processing file /home/airflow/.local/lib/python3.10/site-packages/airflow/example_dags/example_python_operator.py for tasks to queue
[2024-12-09T20:39:52.686+0000] {logging_mixin.py:188} INFO - [2024-12-09T20:39:52.686+0000] {dagbag.py:540} INFO - Filling up the DagBag from /home/airflow/.local/lib/python3.10/site-packages/airflow/example_dags/example_python_operator.py
[2024-12-09T20:39:52.698+0000] {processor.py:840} INFO - DAG(s) 'example_python_operator' retrieved from /home/airflow/.local/lib/python3.10/site-packages/airflow/example_dags/example_python_operator.py
[2024-12-09T20:39:52.720+0000] {logging_mixin.py:188} INFO - [2024-12-09T20:39:52.719+0000] {dag.py:3047} INFO - Sync 1 DAGs
[2024-12-09T20:39:52.732+0000] {logging_mixin.py:188} INFO - [2024-12-09T20:39:52.732+0000] {dag.py:3834} INFO - Setting next_dagrun for example_python_operator to None, run_after=None
[2024-12-09T20:39:52.752+0000] {processor.py:183} INFO - Processing /home/airflow/.local/lib/python3.10/site-packages/airflow/example_dags/example_python_operator.py took 0.073 seconds
[2024-12-09T20:40:23.426+0000] {processor.py:161} INFO - Started process (PID=405) to work on /home/airflow/.local/lib/python3.10/site-packages/airflow/example_dags/example_python_operator.py
[2024-12-09T20:40:23.427+0000] {processor.py:830} INFO - Processing file /home/airflow/.local/lib/python3.10/site-packages/airflow/example_dags/example_python_operator.py for tasks to queue
[2024-12-09T20:40:23.429+0000] {logging_mixin.py:188} INFO - [2024-12-09T20:40:23.429+0000] {dagbag.py:540} INFO - Filling up the DagBag from /home/airflow/.local/lib/python3.10/site-packages/airflow/example_dags/example_python_operator.py
[2024-12-09T20:40:23.439+0000] {processor.py:840} INFO - DAG(s) 'example_python_operator' retrieved from /home/airflow/.local/lib/python3.10/site-packages/airflow/example_dags/example_python_operator.py
[2024-12-09T20:40:23.463+0000] {logging_mixin.py:188} INFO - [2024-12-09T20:40:23.462+0000] {dag.py:3047} INFO - Sync 1 DAGs
[2024-12-09T20:40:23.476+0000] {logging_mixin.py:188} INFO - [2024-12-09T20:40:23.476+0000] {dag.py:3834} INFO - Setting next_dagrun for example_python_operator to None, run_after=None
[2024-12-09T20:40:23.497+0000] {processor.py:183} INFO - Processing /home/airflow/.local/lib/python3.10/site-packages/airflow/example_dags/example_python_operator.py took 0.074 seconds
[2024-12-09T20:40:54.006+0000] {processor.py:161} INFO - Started process (PID=461) to work on /home/airflow/.local/lib/python3.10/site-packages/airflow/example_dags/example_python_operator.py
[2024-12-09T20:40:54.008+0000] {processor.py:830} INFO - Processing file /home/airflow/.local/lib/python3.10/site-packages/airflow/example_dags/example_python_operator.py for tasks to queue
[2024-12-09T20:40:54.011+0000] {logging_mixin.py:188} INFO - [2024-12-09T20:40:54.011+0000] {dagbag.py:540} INFO - Filling up the DagBag from /home/airflow/.local/lib/python3.10/site-packages/airflow/example_dags/example_python_operator.py
[2024-12-09T20:40:54.022+0000] {processor.py:840} INFO - DAG(s) 'example_python_operator' retrieved from /home/airflow/.local/lib/python3.10/site-packages/airflow/example_dags/example_python_operator.py
[2024-12-09T20:40:54.052+0000] {logging_mixin.py:188} INFO - [2024-12-09T20:40:54.052+0000] {dag.py:3047} INFO - Sync 1 DAGs
[2024-12-09T20:40:54.064+0000] {logging_mixin.py:188} INFO - [2024-12-09T20:40:54.064+0000] {dag.py:3834} INFO - Setting next_dagrun for example_python_operator to None, run_after=None
[2024-12-09T20:40:54.202+0000] {processor.py:183} INFO - Processing /home/airflow/.local/lib/python3.10/site-packages/airflow/example_dags/example_python_operator.py took 0.199 seconds
[2024-12-09T20:41:24.395+0000] {processor.py:161} INFO - Started process (PID=516) to work on /home/airflow/.local/lib/python3.10/site-packages/airflow/example_dags/example_python_operator.py
[2024-12-09T20:41:24.396+0000] {processor.py:830} INFO - Processing file /home/airflow/.local/lib/python3.10/site-packages/airflow/example_dags/example_python_operator.py for tasks to queue
[2024-12-09T20:41:24.398+0000] {logging_mixin.py:188} INFO - [2024-12-09T20:41:24.398+0000] {dagbag.py:540} INFO - Filling up the DagBag from /home/airflow/.local/lib/python3.10/site-packages/airflow/example_dags/example_python_operator.py
[2024-12-09T20:41:24.408+0000] {processor.py:840} INFO - DAG(s) 'example_python_operator' retrieved from /home/airflow/.local/lib/python3.10/site-packages/airflow/example_dags/example_python_operator.py
[2024-12-09T20:41:24.431+0000] {logging_mixin.py:188} INFO - [2024-12-09T20:41:24.430+0000] {dag.py:3047} INFO - Sync 1 DAGs
[2024-12-09T20:41:24.441+0000] {logging_mixin.py:188} INFO - [2024-12-09T20:41:24.441+0000] {dag.py:3834} INFO - Setting next_dagrun for example_python_operator to None, run_after=None
[2024-12-09T20:41:24.460+0000] {processor.py:183} INFO - Processing /home/airflow/.local/lib/python3.10/site-packages/airflow/example_dags/example_python_operator.py took 0.068 seconds
[2024-12-09T20:41:54.932+0000] {processor.py:161} INFO - Started process (PID=571) to work on /home/airflow/.local/lib/python3.10/site-packages/airflow/example_dags/example_python_operator.py
[2024-12-09T20:41:54.934+0000] {processor.py:830} INFO - Processing file /home/airflow/.local/lib/python3.10/site-packages/airflow/example_dags/example_python_operator.py for tasks to queue
[2024-12-09T20:41:54.936+0000] {logging_mixin.py:188} INFO - [2024-12-09T20:41:54.936+0000] {dagbag.py:540} INFO - Filling up the DagBag from /home/airflow/.local/lib/python3.10/site-packages/airflow/example_dags/example_python_operator.py
[2024-12-09T20:41:54.945+0000] {processor.py:840} INFO - DAG(s) 'example_python_operator' retrieved from /home/airflow/.local/lib/python3.10/site-packages/airflow/example_dags/example_python_operator.py
[2024-12-09T20:41:54.966+0000] {logging_mixin.py:188} INFO - [2024-12-09T20:41:54.966+0000] {dag.py:3047} INFO - Sync 1 DAGs
[2024-12-09T20:41:54.976+0000] {logging_mixin.py:188} INFO - [2024-12-09T20:41:54.976+0000] {dag.py:3834} INFO - Setting next_dagrun for example_python_operator to None, run_after=None
[2024-12-09T20:41:54.996+0000] {processor.py:183} INFO - Processing /home/airflow/.local/lib/python3.10/site-packages/airflow/example_dags/example_python_operator.py took 0.067 seconds
[2024-12-09T20:42:25.206+0000] {processor.py:161} INFO - Started process (PID=627) to work on /home/airflow/.local/lib/python3.10/site-packages/airflow/example_dags/example_python_operator.py
[2024-12-09T20:42:25.207+0000] {processor.py:830} INFO - Processing file /home/airflow/.local/lib/python3.10/site-packages/airflow/example_dags/example_python_operator.py for tasks to queue
[2024-12-09T20:42:25.209+0000] {logging_mixin.py:188} INFO - [2024-12-09T20:42:25.209+0000] {dagbag.py:540} INFO - Filling up the DagBag from /home/airflow/.local/lib/python3.10/site-packages/airflow/example_dags/example_python_operator.py
[2024-12-09T20:42:25.219+0000] {processor.py:840} INFO - DAG(s) 'example_python_operator' retrieved from /home/airflow/.local/lib/python3.10/site-packages/airflow/example_dags/example_python_operator.py
[2024-12-09T20:42:25.240+0000] {logging_mixin.py:188} INFO - [2024-12-09T20:42:25.239+0000] {dag.py:3047} INFO - Sync 1 DAGs
[2024-12-09T20:42:25.251+0000] {logging_mixin.py:188} INFO - [2024-12-09T20:42:25.251+0000] {dag.py:3834} INFO - Setting next_dagrun for example_python_operator to None, run_after=None
[2024-12-09T20:42:25.271+0000] {processor.py:183} INFO - Processing /home/airflow/.local/lib/python3.10/site-packages/airflow/example_dags/example_python_operator.py took 0.067 seconds
[2024-12-09T20:42:55.494+0000] {processor.py:161} INFO - Started process (PID=683) to work on /home/airflow/.local/lib/python3.10/site-packages/airflow/example_dags/example_python_operator.py
[2024-12-09T20:42:55.495+0000] {processor.py:830} INFO - Processing file /home/airflow/.local/lib/python3.10/site-packages/airflow/example_dags/example_python_operator.py for tasks to queue
[2024-12-09T20:42:55.497+0000] {logging_mixin.py:188} INFO - [2024-12-09T20:42:55.496+0000] {dagbag.py:540} INFO - Filling up the DagBag from /home/airflow/.local/lib/python3.10/site-packages/airflow/example_dags/example_python_operator.py
[2024-12-09T20:42:55.507+0000] {processor.py:840} INFO - DAG(s) 'example_python_operator' retrieved from /home/airflow/.local/lib/python3.10/site-packages/airflow/example_dags/example_python_operator.py
[2024-12-09T20:42:55.528+0000] {logging_mixin.py:188} INFO - [2024-12-09T20:42:55.527+0000] {dag.py:3047} INFO - Sync 1 DAGs
[2024-12-09T20:42:55.538+0000] {logging_mixin.py:188} INFO - [2024-12-09T20:42:55.538+0000] {dag.py:3834} INFO - Setting next_dagrun for example_python_operator to None, run_after=None
[2024-12-09T20:42:55.558+0000] {processor.py:183} INFO - Processing /home/airflow/.local/lib/python3.10/site-packages/airflow/example_dags/example_python_operator.py took 0.067 seconds
[2024-12-09T20:43:25.661+0000] {processor.py:161} INFO - Started process (PID=738) to work on /home/airflow/.local/lib/python3.10/site-packages/airflow/example_dags/example_python_operator.py
[2024-12-09T20:43:25.662+0000] {processor.py:830} INFO - Processing file /home/airflow/.local/lib/python3.10/site-packages/airflow/example_dags/example_python_operator.py for tasks to queue
[2024-12-09T20:43:25.664+0000] {logging_mixin.py:188} INFO - [2024-12-09T20:43:25.664+0000] {dagbag.py:540} INFO - Filling up the DagBag from /home/airflow/.local/lib/python3.10/site-packages/airflow/example_dags/example_python_operator.py
[2024-12-09T20:43:25.674+0000] {processor.py:840} INFO - DAG(s) 'example_python_operator' retrieved from /home/airflow/.local/lib/python3.10/site-packages/airflow/example_dags/example_python_operator.py
[2024-12-09T20:43:25.697+0000] {logging_mixin.py:188} INFO - [2024-12-09T20:43:25.697+0000] {dag.py:3047} INFO - Sync 1 DAGs
[2024-12-09T20:43:25.709+0000] {logging_mixin.py:188} INFO - [2024-12-09T20:43:25.708+0000] {dag.py:3834} INFO - Setting next_dagrun for example_python_operator to None, run_after=None
[2024-12-09T20:43:25.729+0000] {processor.py:183} INFO - Processing /home/airflow/.local/lib/python3.10/site-packages/airflow/example_dags/example_python_operator.py took 0.072 seconds
[2024-12-09T20:43:55.818+0000] {processor.py:161} INFO - Started process (PID=794) to work on /home/airflow/.local/lib/python3.10/site-packages/airflow/example_dags/example_python_operator.py
[2024-12-09T20:43:55.819+0000] {processor.py:830} INFO - Processing file /home/airflow/.local/lib/python3.10/site-packages/airflow/example_dags/example_python_operator.py for tasks to queue
[2024-12-09T20:43:55.823+0000] {logging_mixin.py:188} INFO - [2024-12-09T20:43:55.823+0000] {dagbag.py:540} INFO - Filling up the DagBag from /home/airflow/.local/lib/python3.10/site-packages/airflow/example_dags/example_python_operator.py
[2024-12-09T20:43:55.834+0000] {processor.py:840} INFO - DAG(s) 'example_python_operator' retrieved from /home/airflow/.local/lib/python3.10/site-packages/airflow/example_dags/example_python_operator.py
[2024-12-09T20:43:55.858+0000] {logging_mixin.py:188} INFO - [2024-12-09T20:43:55.858+0000] {dag.py:3047} INFO - Sync 1 DAGs
[2024-12-09T20:43:55.870+0000] {logging_mixin.py:188} INFO - [2024-12-09T20:43:55.870+0000] {dag.py:3834} INFO - Setting next_dagrun for example_python_operator to None, run_after=None
[2024-12-09T20:43:55.891+0000] {processor.py:183} INFO - Processing /home/airflow/.local/lib/python3.10/site-packages/airflow/example_dags/example_python_operator.py took 0.076 seconds
[2024-12-09T20:44:26.609+0000] {processor.py:161} INFO - Started process (PID=850) to work on /home/airflow/.local/lib/python3.10/site-packages/airflow/example_dags/example_python_operator.py
[2024-12-09T20:44:26.610+0000] {processor.py:830} INFO - Processing file /home/airflow/.local/lib/python3.10/site-packages/airflow/example_dags/example_python_operator.py for tasks to queue
[2024-12-09T20:44:26.612+0000] {logging_mixin.py:188} INFO - [2024-12-09T20:44:26.612+0000] {dagbag.py:540} INFO - Filling up the DagBag from /home/airflow/.local/lib/python3.10/site-packages/airflow/example_dags/example_python_operator.py
[2024-12-09T20:44:26.622+0000] {processor.py:840} INFO - DAG(s) 'example_python_operator' retrieved from /home/airflow/.local/lib/python3.10/site-packages/airflow/example_dags/example_python_operator.py
[2024-12-09T20:44:26.643+0000] {logging_mixin.py:188} INFO - [2024-12-09T20:44:26.643+0000] {dag.py:3047} INFO - Sync 1 DAGs
[2024-12-09T20:44:26.654+0000] {logging_mixin.py:188} INFO - [2024-12-09T20:44:26.654+0000] {dag.py:3834} INFO - Setting next_dagrun for example_python_operator to None, run_after=None
[2024-12-09T20:44:26.674+0000] {processor.py:183} INFO - Processing /home/airflow/.local/lib/python3.10/site-packages/airflow/example_dags/example_python_operator.py took 0.068 seconds
[2024-12-09T20:44:56.757+0000] {processor.py:161} INFO - Started process (PID=906) to work on /home/airflow/.local/lib/python3.10/site-packages/airflow/example_dags/example_python_operator.py
[2024-12-09T20:44:56.758+0000] {processor.py:830} INFO - Processing file /home/airflow/.local/lib/python3.10/site-packages/airflow/example_dags/example_python_operator.py for tasks to queue
[2024-12-09T20:44:56.760+0000] {logging_mixin.py:188} INFO - [2024-12-09T20:44:56.760+0000] {dagbag.py:540} INFO - Filling up the DagBag from /home/airflow/.local/lib/python3.10/site-packages/airflow/example_dags/example_python_operator.py
[2024-12-09T20:44:56.771+0000] {processor.py:840} INFO - DAG(s) 'example_python_operator' retrieved from /home/airflow/.local/lib/python3.10/site-packages/airflow/example_dags/example_python_operator.py
[2024-12-09T20:44:56.797+0000] {logging_mixin.py:188} INFO - [2024-12-09T20:44:56.797+0000] {dag.py:3047} INFO - Sync 1 DAGs
[2024-12-09T20:44:56.814+0000] {logging_mixin.py:188} INFO - [2024-12-09T20:44:56.814+0000] {dag.py:3834} INFO - Setting next_dagrun for example_python_operator to None, run_after=None
[2024-12-09T20:44:56.838+0000] {processor.py:183} INFO - Processing /home/airflow/.local/lib/python3.10/site-packages/airflow/example_dags/example_python_operator.py took 0.084 seconds
[2024-12-09T20:45:26.952+0000] {processor.py:161} INFO - Started process (PID=962) to work on /home/airflow/.local/lib/python3.10/site-packages/airflow/example_dags/example_python_operator.py
[2024-12-09T20:45:26.953+0000] {processor.py:830} INFO - Processing file /home/airflow/.local/lib/python3.10/site-packages/airflow/example_dags/example_python_operator.py for tasks to queue
[2024-12-09T20:45:26.955+0000] {logging_mixin.py:188} INFO - [2024-12-09T20:45:26.955+0000] {dagbag.py:540} INFO - Filling up the DagBag from /home/airflow/.local/lib/python3.10/site-packages/airflow/example_dags/example_python_operator.py
[2024-12-09T20:45:26.964+0000] {processor.py:840} INFO - DAG(s) 'example_python_operator' retrieved from /home/airflow/.local/lib/python3.10/site-packages/airflow/example_dags/example_python_operator.py
[2024-12-09T20:45:26.985+0000] {logging_mixin.py:188} INFO - [2024-12-09T20:45:26.984+0000] {dag.py:3047} INFO - Sync 1 DAGs
[2024-12-09T20:45:26.995+0000] {logging_mixin.py:188} INFO - [2024-12-09T20:45:26.995+0000] {dag.py:3834} INFO - Setting next_dagrun for example_python_operator to None, run_after=None
[2024-12-09T20:45:27.017+0000] {processor.py:183} INFO - Processing /home/airflow/.local/lib/python3.10/site-packages/airflow/example_dags/example_python_operator.py took 0.068 seconds
[2024-12-09T20:45:57.916+0000] {processor.py:161} INFO - Started process (PID=1017) to work on /home/airflow/.local/lib/python3.10/site-packages/airflow/example_dags/example_python_operator.py
[2024-12-09T20:45:57.917+0000] {processor.py:830} INFO - Processing file /home/airflow/.local/lib/python3.10/site-packages/airflow/example_dags/example_python_operator.py for tasks to queue
[2024-12-09T20:45:57.920+0000] {logging_mixin.py:188} INFO - [2024-12-09T20:45:57.920+0000] {dagbag.py:540} INFO - Filling up the DagBag from /home/airflow/.local/lib/python3.10/site-packages/airflow/example_dags/example_python_operator.py
[2024-12-09T20:45:57.939+0000] {processor.py:840} INFO - DAG(s) 'example_python_operator' retrieved from /home/airflow/.local/lib/python3.10/site-packages/airflow/example_dags/example_python_operator.py
[2024-12-09T20:45:57.973+0000] {logging_mixin.py:188} INFO - [2024-12-09T20:45:57.972+0000] {dag.py:3047} INFO - Sync 1 DAGs
[2024-12-09T20:45:57.991+0000] {logging_mixin.py:188} INFO - [2024-12-09T20:45:57.991+0000] {dag.py:3834} INFO - Setting next_dagrun for example_python_operator to None, run_after=None
[2024-12-09T20:45:58.015+0000] {processor.py:183} INFO - Processing /home/airflow/.local/lib/python3.10/site-packages/airflow/example_dags/example_python_operator.py took 0.103 seconds
[2024-12-09T20:46:28.243+0000] {processor.py:161} INFO - Started process (PID=1073) to work on /home/airflow/.local/lib/python3.10/site-packages/airflow/example_dags/example_python_operator.py
[2024-12-09T20:46:28.244+0000] {processor.py:830} INFO - Processing file /home/airflow/.local/lib/python3.10/site-packages/airflow/example_dags/example_python_operator.py for tasks to queue
[2024-12-09T20:46:28.246+0000] {logging_mixin.py:188} INFO - [2024-12-09T20:46:28.246+0000] {dagbag.py:540} INFO - Filling up the DagBag from /home/airflow/.local/lib/python3.10/site-packages/airflow/example_dags/example_python_operator.py
[2024-12-09T20:46:28.255+0000] {processor.py:840} INFO - DAG(s) 'example_python_operator' retrieved from /home/airflow/.local/lib/python3.10/site-packages/airflow/example_dags/example_python_operator.py
[2024-12-09T20:46:28.276+0000] {logging_mixin.py:188} INFO - [2024-12-09T20:46:28.275+0000] {dag.py:3047} INFO - Sync 1 DAGs
[2024-12-09T20:46:28.286+0000] {logging_mixin.py:188} INFO - [2024-12-09T20:46:28.286+0000] {dag.py:3834} INFO - Setting next_dagrun for example_python_operator to None, run_after=None
[2024-12-09T20:46:28.305+0000] {processor.py:183} INFO - Processing /home/airflow/.local/lib/python3.10/site-packages/airflow/example_dags/example_python_operator.py took 0.065 seconds
[2024-12-09T20:46:58.560+0000] {processor.py:161} INFO - Started process (PID=1129) to work on /home/airflow/.local/lib/python3.10/site-packages/airflow/example_dags/example_python_operator.py
[2024-12-09T20:46:58.562+0000] {processor.py:830} INFO - Processing file /home/airflow/.local/lib/python3.10/site-packages/airflow/example_dags/example_python_operator.py for tasks to queue
[2024-12-09T20:46:58.563+0000] {logging_mixin.py:188} INFO - [2024-12-09T20:46:58.563+0000] {dagbag.py:540} INFO - Filling up the DagBag from /home/airflow/.local/lib/python3.10/site-packages/airflow/example_dags/example_python_operator.py
[2024-12-09T20:46:58.573+0000] {processor.py:840} INFO - DAG(s) 'example_python_operator' retrieved from /home/airflow/.local/lib/python3.10/site-packages/airflow/example_dags/example_python_operator.py
[2024-12-09T20:46:58.642+0000] {logging_mixin.py:188} INFO - [2024-12-09T20:46:58.642+0000] {dag.py:3047} INFO - Sync 1 DAGs
[2024-12-09T20:46:58.656+0000] {logging_mixin.py:188} INFO - [2024-12-09T20:46:58.656+0000] {dag.py:3834} INFO - Setting next_dagrun for example_python_operator to None, run_after=None
[2024-12-09T20:46:58.676+0000] {processor.py:183} INFO - Processing /home/airflow/.local/lib/python3.10/site-packages/airflow/example_dags/example_python_operator.py took 0.118 seconds
[2024-12-09T20:47:28.778+0000] {processor.py:161} INFO - Started process (PID=1185) to work on /home/airflow/.local/lib/python3.10/site-packages/airflow/example_dags/example_python_operator.py
[2024-12-09T20:47:28.779+0000] {processor.py:830} INFO - Processing file /home/airflow/.local/lib/python3.10/site-packages/airflow/example_dags/example_python_operator.py for tasks to queue
[2024-12-09T20:47:28.781+0000] {logging_mixin.py:188} INFO - [2024-12-09T20:47:28.781+0000] {dagbag.py:540} INFO - Filling up the DagBag from /home/airflow/.local/lib/python3.10/site-packages/airflow/example_dags/example_python_operator.py
[2024-12-09T20:47:28.791+0000] {processor.py:840} INFO - DAG(s) 'example_python_operator' retrieved from /home/airflow/.local/lib/python3.10/site-packages/airflow/example_dags/example_python_operator.py
[2024-12-09T20:47:28.811+0000] {logging_mixin.py:188} INFO - [2024-12-09T20:47:28.811+0000] {dag.py:3047} INFO - Sync 1 DAGs
[2024-12-09T20:47:28.821+0000] {logging_mixin.py:188} INFO - [2024-12-09T20:47:28.821+0000] {dag.py:3834} INFO - Setting next_dagrun for example_python_operator to None, run_after=None
[2024-12-09T20:47:28.841+0000] {processor.py:183} INFO - Processing /home/airflow/.local/lib/python3.10/site-packages/airflow/example_dags/example_python_operator.py took 0.067 seconds
[2024-12-09T20:47:59.306+0000] {processor.py:161} INFO - Started process (PID=1240) to work on /home/airflow/.local/lib/python3.10/site-packages/airflow/example_dags/example_python_operator.py
[2024-12-09T20:47:59.307+0000] {processor.py:830} INFO - Processing file /home/airflow/.local/lib/python3.10/site-packages/airflow/example_dags/example_python_operator.py for tasks to queue
[2024-12-09T20:47:59.309+0000] {logging_mixin.py:188} INFO - [2024-12-09T20:47:59.309+0000] {dagbag.py:540} INFO - Filling up the DagBag from /home/airflow/.local/lib/python3.10/site-packages/airflow/example_dags/example_python_operator.py
[2024-12-09T20:47:59.319+0000] {processor.py:840} INFO - DAG(s) 'example_python_operator' retrieved from /home/airflow/.local/lib/python3.10/site-packages/airflow/example_dags/example_python_operator.py
[2024-12-09T20:47:59.340+0000] {logging_mixin.py:188} INFO - [2024-12-09T20:47:59.340+0000] {dag.py:3047} INFO - Sync 1 DAGs
[2024-12-09T20:47:59.350+0000] {logging_mixin.py:188} INFO - [2024-12-09T20:47:59.350+0000] {dag.py:3834} INFO - Setting next_dagrun for example_python_operator to None, run_after=None
[2024-12-09T20:47:59.370+0000] {processor.py:183} INFO - Processing /home/airflow/.local/lib/python3.10/site-packages/airflow/example_dags/example_python_operator.py took 0.067 seconds
[2024-12-09T20:48:29.942+0000] {processor.py:161} INFO - Started process (PID=1295) to work on /home/airflow/.local/lib/python3.10/site-packages/airflow/example_dags/example_python_operator.py
[2024-12-09T20:48:29.944+0000] {processor.py:830} INFO - Processing file /home/airflow/.local/lib/python3.10/site-packages/airflow/example_dags/example_python_operator.py for tasks to queue
[2024-12-09T20:48:29.945+0000] {logging_mixin.py:188} INFO - [2024-12-09T20:48:29.945+0000] {dagbag.py:540} INFO - Filling up the DagBag from /home/airflow/.local/lib/python3.10/site-packages/airflow/example_dags/example_python_operator.py
[2024-12-09T20:48:29.955+0000] {processor.py:840} INFO - DAG(s) 'example_python_operator' retrieved from /home/airflow/.local/lib/python3.10/site-packages/airflow/example_dags/example_python_operator.py
[2024-12-09T20:48:29.975+0000] {logging_mixin.py:188} INFO - [2024-12-09T20:48:29.974+0000] {dag.py:3047} INFO - Sync 1 DAGs
[2024-12-09T20:48:29.985+0000] {logging_mixin.py:188} INFO - [2024-12-09T20:48:29.985+0000] {dag.py:3834} INFO - Setting next_dagrun for example_python_operator to None, run_after=None
[2024-12-09T20:48:30.003+0000] {processor.py:183} INFO - Processing /home/airflow/.local/lib/python3.10/site-packages/airflow/example_dags/example_python_operator.py took 0.064 seconds
[2024-12-09T20:49:00.175+0000] {processor.py:161} INFO - Started process (PID=1350) to work on /home/airflow/.local/lib/python3.10/site-packages/airflow/example_dags/example_python_operator.py
[2024-12-09T20:49:00.176+0000] {processor.py:830} INFO - Processing file /home/airflow/.local/lib/python3.10/site-packages/airflow/example_dags/example_python_operator.py for tasks to queue
[2024-12-09T20:49:00.177+0000] {logging_mixin.py:188} INFO - [2024-12-09T20:49:00.177+0000] {dagbag.py:540} INFO - Filling up the DagBag from /home/airflow/.local/lib/python3.10/site-packages/airflow/example_dags/example_python_operator.py
[2024-12-09T20:49:00.187+0000] {processor.py:840} INFO - DAG(s) 'example_python_operator' retrieved from /home/airflow/.local/lib/python3.10/site-packages/airflow/example_dags/example_python_operator.py
[2024-12-09T20:49:00.207+0000] {logging_mixin.py:188} INFO - [2024-12-09T20:49:00.207+0000] {dag.py:3047} INFO - Sync 1 DAGs
[2024-12-09T20:49:00.219+0000] {logging_mixin.py:188} INFO - [2024-12-09T20:49:00.219+0000] {dag.py:3834} INFO - Setting next_dagrun for example_python_operator to None, run_after=None
[2024-12-09T20:49:00.239+0000] {processor.py:183} INFO - Processing /home/airflow/.local/lib/python3.10/site-packages/airflow/example_dags/example_python_operator.py took 0.067 seconds
[2024-12-09T20:49:30.288+0000] {processor.py:161} INFO - Started process (PID=1405) to work on /home/airflow/.local/lib/python3.10/site-packages/airflow/example_dags/example_python_operator.py
[2024-12-09T20:49:30.289+0000] {processor.py:830} INFO - Processing file /home/airflow/.local/lib/python3.10/site-packages/airflow/example_dags/example_python_operator.py for tasks to queue
[2024-12-09T20:49:30.291+0000] {logging_mixin.py:188} INFO - [2024-12-09T20:49:30.291+0000] {dagbag.py:540} INFO - Filling up the DagBag from /home/airflow/.local/lib/python3.10/site-packages/airflow/example_dags/example_python_operator.py
[2024-12-09T20:49:30.301+0000] {processor.py:840} INFO - DAG(s) 'example_python_operator' retrieved from /home/airflow/.local/lib/python3.10/site-packages/airflow/example_dags/example_python_operator.py
[2024-12-09T20:49:30.323+0000] {logging_mixin.py:188} INFO - [2024-12-09T20:49:30.323+0000] {dag.py:3047} INFO - Sync 1 DAGs
[2024-12-09T20:49:30.334+0000] {logging_mixin.py:188} INFO - [2024-12-09T20:49:30.334+0000] {dag.py:3834} INFO - Setting next_dagrun for example_python_operator to None, run_after=None
[2024-12-09T20:49:30.354+0000] {processor.py:183} INFO - Processing /home/airflow/.local/lib/python3.10/site-packages/airflow/example_dags/example_python_operator.py took 0.070 seconds
[2024-12-09T20:50:00.682+0000] {processor.py:161} INFO - Started process (PID=1461) to work on /home/airflow/.local/lib/python3.10/site-packages/airflow/example_dags/example_python_operator.py
[2024-12-09T20:50:00.683+0000] {processor.py:830} INFO - Processing file /home/airflow/.local/lib/python3.10/site-packages/airflow/example_dags/example_python_operator.py for tasks to queue
[2024-12-09T20:50:00.685+0000] {logging_mixin.py:188} INFO - [2024-12-09T20:50:00.685+0000] {dagbag.py:540} INFO - Filling up the DagBag from /home/airflow/.local/lib/python3.10/site-packages/airflow/example_dags/example_python_operator.py
[2024-12-09T20:50:00.694+0000] {processor.py:840} INFO - DAG(s) 'example_python_operator' retrieved from /home/airflow/.local/lib/python3.10/site-packages/airflow/example_dags/example_python_operator.py
[2024-12-09T20:50:00.714+0000] {logging_mixin.py:188} INFO - [2024-12-09T20:50:00.714+0000] {dag.py:3047} INFO - Sync 1 DAGs
[2024-12-09T20:50:00.724+0000] {logging_mixin.py:188} INFO - [2024-12-09T20:50:00.724+0000] {dag.py:3834} INFO - Setting next_dagrun for example_python_operator to None, run_after=None
[2024-12-09T20:50:00.742+0000] {processor.py:183} INFO - Processing /home/airflow/.local/lib/python3.10/site-packages/airflow/example_dags/example_python_operator.py took 0.064 seconds
[2024-12-09T20:50:31.157+0000] {processor.py:161} INFO - Started process (PID=1516) to work on /home/airflow/.local/lib/python3.10/site-packages/airflow/example_dags/example_python_operator.py
[2024-12-09T20:50:31.159+0000] {processor.py:830} INFO - Processing file /home/airflow/.local/lib/python3.10/site-packages/airflow/example_dags/example_python_operator.py for tasks to queue
[2024-12-09T20:50:31.161+0000] {logging_mixin.py:188} INFO - [2024-12-09T20:50:31.161+0000] {dagbag.py:540} INFO - Filling up the DagBag from /home/airflow/.local/lib/python3.10/site-packages/airflow/example_dags/example_python_operator.py
[2024-12-09T20:50:31.172+0000] {processor.py:840} INFO - DAG(s) 'example_python_operator' retrieved from /home/airflow/.local/lib/python3.10/site-packages/airflow/example_dags/example_python_operator.py
[2024-12-09T20:50:31.194+0000] {logging_mixin.py:188} INFO - [2024-12-09T20:50:31.194+0000] {dag.py:3047} INFO - Sync 1 DAGs
[2024-12-09T20:50:31.205+0000] {logging_mixin.py:188} INFO - [2024-12-09T20:50:31.205+0000] {dag.py:3834} INFO - Setting next_dagrun for example_python_operator to None, run_after=None
[2024-12-09T20:50:31.225+0000] {processor.py:183} INFO - Processing /home/airflow/.local/lib/python3.10/site-packages/airflow/example_dags/example_python_operator.py took 0.070 seconds
[2024-12-09T20:51:01.531+0000] {processor.py:161} INFO - Started process (PID=1572) to work on /home/airflow/.local/lib/python3.10/site-packages/airflow/example_dags/example_python_operator.py
[2024-12-09T20:51:01.532+0000] {processor.py:830} INFO - Processing file /home/airflow/.local/lib/python3.10/site-packages/airflow/example_dags/example_python_operator.py for tasks to queue
[2024-12-09T20:51:01.534+0000] {logging_mixin.py:188} INFO - [2024-12-09T20:51:01.533+0000] {dagbag.py:540} INFO - Filling up the DagBag from /home/airflow/.local/lib/python3.10/site-packages/airflow/example_dags/example_python_operator.py
[2024-12-09T20:51:01.543+0000] {processor.py:840} INFO - DAG(s) 'example_python_operator' retrieved from /home/airflow/.local/lib/python3.10/site-packages/airflow/example_dags/example_python_operator.py
[2024-12-09T20:51:01.565+0000] {logging_mixin.py:188} INFO - [2024-12-09T20:51:01.564+0000] {dag.py:3047} INFO - Sync 1 DAGs
[2024-12-09T20:51:01.683+0000] {logging_mixin.py:188} INFO - [2024-12-09T20:51:01.682+0000] {dag.py:3834} INFO - Setting next_dagrun for example_python_operator to None, run_after=None
[2024-12-09T20:51:01.699+0000] {processor.py:183} INFO - Processing /home/airflow/.local/lib/python3.10/site-packages/airflow/example_dags/example_python_operator.py took 0.172 seconds
[2024-12-09T20:51:31.812+0000] {processor.py:161} INFO - Started process (PID=1628) to work on /home/airflow/.local/lib/python3.10/site-packages/airflow/example_dags/example_python_operator.py
[2024-12-09T20:51:31.814+0000] {processor.py:830} INFO - Processing file /home/airflow/.local/lib/python3.10/site-packages/airflow/example_dags/example_python_operator.py for tasks to queue
[2024-12-09T20:51:31.816+0000] {logging_mixin.py:188} INFO - [2024-12-09T20:51:31.815+0000] {dagbag.py:540} INFO - Filling up the DagBag from /home/airflow/.local/lib/python3.10/site-packages/airflow/example_dags/example_python_operator.py
[2024-12-09T20:51:31.826+0000] {processor.py:840} INFO - DAG(s) 'example_python_operator' retrieved from /home/airflow/.local/lib/python3.10/site-packages/airflow/example_dags/example_python_operator.py
[2024-12-09T20:51:31.851+0000] {logging_mixin.py:188} INFO - [2024-12-09T20:51:31.851+0000] {dag.py:3047} INFO - Sync 1 DAGs
[2024-12-09T20:51:31.864+0000] {logging_mixin.py:188} INFO - [2024-12-09T20:51:31.864+0000] {dag.py:3834} INFO - Setting next_dagrun for example_python_operator to None, run_after=None
[2024-12-09T20:51:32.000+0000] {processor.py:183} INFO - Processing /home/airflow/.local/lib/python3.10/site-packages/airflow/example_dags/example_python_operator.py took 0.191 seconds
[2024-12-09T20:52:02.494+0000] {processor.py:161} INFO - Started process (PID=1684) to work on /home/airflow/.local/lib/python3.10/site-packages/airflow/example_dags/example_python_operator.py
[2024-12-09T20:52:02.495+0000] {processor.py:830} INFO - Processing file /home/airflow/.local/lib/python3.10/site-packages/airflow/example_dags/example_python_operator.py for tasks to queue
[2024-12-09T20:52:02.497+0000] {logging_mixin.py:188} INFO - [2024-12-09T20:52:02.497+0000] {dagbag.py:540} INFO - Filling up the DagBag from /home/airflow/.local/lib/python3.10/site-packages/airflow/example_dags/example_python_operator.py
[2024-12-09T20:52:02.507+0000] {processor.py:840} INFO - DAG(s) 'example_python_operator' retrieved from /home/airflow/.local/lib/python3.10/site-packages/airflow/example_dags/example_python_operator.py
[2024-12-09T20:52:02.528+0000] {logging_mixin.py:188} INFO - [2024-12-09T20:52:02.527+0000] {dag.py:3047} INFO - Sync 1 DAGs
[2024-12-09T20:52:02.538+0000] {logging_mixin.py:188} INFO - [2024-12-09T20:52:02.538+0000] {dag.py:3834} INFO - Setting next_dagrun for example_python_operator to None, run_after=None
[2024-12-09T20:52:02.558+0000] {processor.py:183} INFO - Processing /home/airflow/.local/lib/python3.10/site-packages/airflow/example_dags/example_python_operator.py took 0.067 seconds
[2024-12-09T20:52:33.488+0000] {processor.py:161} INFO - Started process (PID=1739) to work on /home/airflow/.local/lib/python3.10/site-packages/airflow/example_dags/example_python_operator.py
[2024-12-09T20:52:33.489+0000] {processor.py:830} INFO - Processing file /home/airflow/.local/lib/python3.10/site-packages/airflow/example_dags/example_python_operator.py for tasks to queue
[2024-12-09T20:52:33.490+0000] {logging_mixin.py:188} INFO - [2024-12-09T20:52:33.490+0000] {dagbag.py:540} INFO - Filling up the DagBag from /home/airflow/.local/lib/python3.10/site-packages/airflow/example_dags/example_python_operator.py
[2024-12-09T20:52:33.500+0000] {processor.py:840} INFO - DAG(s) 'example_python_operator' retrieved from /home/airflow/.local/lib/python3.10/site-packages/airflow/example_dags/example_python_operator.py
[2024-12-09T20:52:33.520+0000] {logging_mixin.py:188} INFO - [2024-12-09T20:52:33.520+0000] {dag.py:3047} INFO - Sync 1 DAGs
[2024-12-09T20:52:33.531+0000] {logging_mixin.py:188} INFO - [2024-12-09T20:52:33.531+0000] {dag.py:3834} INFO - Setting next_dagrun for example_python_operator to None, run_after=None
[2024-12-09T20:52:33.550+0000] {processor.py:183} INFO - Processing /home/airflow/.local/lib/python3.10/site-packages/airflow/example_dags/example_python_operator.py took 0.065 seconds
[2024-12-09T20:53:03.853+0000] {processor.py:161} INFO - Started process (PID=1794) to work on /home/airflow/.local/lib/python3.10/site-packages/airflow/example_dags/example_python_operator.py
[2024-12-09T20:53:03.855+0000] {processor.py:830} INFO - Processing file /home/airflow/.local/lib/python3.10/site-packages/airflow/example_dags/example_python_operator.py for tasks to queue
[2024-12-09T20:53:03.856+0000] {logging_mixin.py:188} INFO - [2024-12-09T20:53:03.856+0000] {dagbag.py:540} INFO - Filling up the DagBag from /home/airflow/.local/lib/python3.10/site-packages/airflow/example_dags/example_python_operator.py
[2024-12-09T20:53:03.867+0000] {processor.py:840} INFO - DAG(s) 'example_python_operator' retrieved from /home/airflow/.local/lib/python3.10/site-packages/airflow/example_dags/example_python_operator.py
[2024-12-09T20:53:03.889+0000] {logging_mixin.py:188} INFO - [2024-12-09T20:53:03.889+0000] {dag.py:3047} INFO - Sync 1 DAGs
[2024-12-09T20:53:03.902+0000] {logging_mixin.py:188} INFO - [2024-12-09T20:53:03.902+0000] {dag.py:3834} INFO - Setting next_dagrun for example_python_operator to None, run_after=None
[2024-12-09T20:53:03.924+0000] {processor.py:183} INFO - Processing /home/airflow/.local/lib/python3.10/site-packages/airflow/example_dags/example_python_operator.py took 0.073 seconds
[2024-12-09T20:53:34.212+0000] {processor.py:161} INFO - Started process (PID=1850) to work on /home/airflow/.local/lib/python3.10/site-packages/airflow/example_dags/example_python_operator.py
[2024-12-09T20:53:34.213+0000] {processor.py:830} INFO - Processing file /home/airflow/.local/lib/python3.10/site-packages/airflow/example_dags/example_python_operator.py for tasks to queue
[2024-12-09T20:53:34.215+0000] {logging_mixin.py:188} INFO - [2024-12-09T20:53:34.215+0000] {dagbag.py:540} INFO - Filling up the DagBag from /home/airflow/.local/lib/python3.10/site-packages/airflow/example_dags/example_python_operator.py
[2024-12-09T20:53:34.225+0000] {processor.py:840} INFO - DAG(s) 'example_python_operator' retrieved from /home/airflow/.local/lib/python3.10/site-packages/airflow/example_dags/example_python_operator.py
[2024-12-09T20:53:34.407+0000] {logging_mixin.py:188} INFO - [2024-12-09T20:53:34.406+0000] {dag.py:3047} INFO - Sync 1 DAGs
[2024-12-09T20:53:34.417+0000] {logging_mixin.py:188} INFO - [2024-12-09T20:53:34.417+0000] {dag.py:3834} INFO - Setting next_dagrun for example_python_operator to None, run_after=None
[2024-12-09T20:53:34.440+0000] {processor.py:183} INFO - Processing /home/airflow/.local/lib/python3.10/site-packages/airflow/example_dags/example_python_operator.py took 0.232 seconds
[2024-12-09T20:54:04.679+0000] {processor.py:161} INFO - Started process (PID=1905) to work on /home/airflow/.local/lib/python3.10/site-packages/airflow/example_dags/example_python_operator.py
[2024-12-09T20:54:04.681+0000] {processor.py:830} INFO - Processing file /home/airflow/.local/lib/python3.10/site-packages/airflow/example_dags/example_python_operator.py for tasks to queue
[2024-12-09T20:54:04.685+0000] {logging_mixin.py:188} INFO - [2024-12-09T20:54:04.685+0000] {dagbag.py:540} INFO - Filling up the DagBag from /home/airflow/.local/lib/python3.10/site-packages/airflow/example_dags/example_python_operator.py
[2024-12-09T20:54:04.698+0000] {processor.py:840} INFO - DAG(s) 'example_python_operator' retrieved from /home/airflow/.local/lib/python3.10/site-packages/airflow/example_dags/example_python_operator.py
[2024-12-09T20:54:04.721+0000] {logging_mixin.py:188} INFO - [2024-12-09T20:54:04.720+0000] {dag.py:3047} INFO - Sync 1 DAGs
[2024-12-09T20:54:04.735+0000] {logging_mixin.py:188} INFO - [2024-12-09T20:54:04.734+0000] {dag.py:3834} INFO - Setting next_dagrun for example_python_operator to None, run_after=None
[2024-12-09T20:54:04.756+0000] {processor.py:183} INFO - Processing /home/airflow/.local/lib/python3.10/site-packages/airflow/example_dags/example_python_operator.py took 0.080 seconds
[2024-12-09T20:54:34.806+0000] {processor.py:161} INFO - Started process (PID=1961) to work on /home/airflow/.local/lib/python3.10/site-packages/airflow/example_dags/example_python_operator.py
[2024-12-09T20:54:34.807+0000] {processor.py:830} INFO - Processing file /home/airflow/.local/lib/python3.10/site-packages/airflow/example_dags/example_python_operator.py for tasks to queue
[2024-12-09T20:54:34.809+0000] {logging_mixin.py:188} INFO - [2024-12-09T20:54:34.809+0000] {dagbag.py:540} INFO - Filling up the DagBag from /home/airflow/.local/lib/python3.10/site-packages/airflow/example_dags/example_python_operator.py
[2024-12-09T20:54:34.818+0000] {processor.py:840} INFO - DAG(s) 'example_python_operator' retrieved from /home/airflow/.local/lib/python3.10/site-packages/airflow/example_dags/example_python_operator.py
[2024-12-09T20:54:34.839+0000] {logging_mixin.py:188} INFO - [2024-12-09T20:54:34.838+0000] {dag.py:3047} INFO - Sync 1 DAGs
[2024-12-09T20:54:34.850+0000] {logging_mixin.py:188} INFO - [2024-12-09T20:54:34.850+0000] {dag.py:3834} INFO - Setting next_dagrun for example_python_operator to None, run_after=None
[2024-12-09T20:54:34.869+0000] {processor.py:183} INFO - Processing /home/airflow/.local/lib/python3.10/site-packages/airflow/example_dags/example_python_operator.py took 0.066 seconds
[2024-12-09T20:55:05.093+0000] {processor.py:161} INFO - Started process (PID=2016) to work on /home/airflow/.local/lib/python3.10/site-packages/airflow/example_dags/example_python_operator.py
[2024-12-09T20:55:05.094+0000] {processor.py:830} INFO - Processing file /home/airflow/.local/lib/python3.10/site-packages/airflow/example_dags/example_python_operator.py for tasks to queue
[2024-12-09T20:55:05.096+0000] {logging_mixin.py:188} INFO - [2024-12-09T20:55:05.096+0000] {dagbag.py:540} INFO - Filling up the DagBag from /home/airflow/.local/lib/python3.10/site-packages/airflow/example_dags/example_python_operator.py
[2024-12-09T20:55:05.105+0000] {processor.py:840} INFO - DAG(s) 'example_python_operator' retrieved from /home/airflow/.local/lib/python3.10/site-packages/airflow/example_dags/example_python_operator.py
[2024-12-09T20:55:05.129+0000] {logging_mixin.py:188} INFO - [2024-12-09T20:55:05.128+0000] {dag.py:3047} INFO - Sync 1 DAGs
[2024-12-09T20:55:05.139+0000] {logging_mixin.py:188} INFO - [2024-12-09T20:55:05.139+0000] {dag.py:3834} INFO - Setting next_dagrun for example_python_operator to None, run_after=None
[2024-12-09T20:55:05.161+0000] {processor.py:183} INFO - Processing /home/airflow/.local/lib/python3.10/site-packages/airflow/example_dags/example_python_operator.py took 0.072 seconds
[2024-12-09T20:55:35.393+0000] {processor.py:161} INFO - Started process (PID=2071) to work on /home/airflow/.local/lib/python3.10/site-packages/airflow/example_dags/example_python_operator.py
[2024-12-09T20:55:35.395+0000] {processor.py:830} INFO - Processing file /home/airflow/.local/lib/python3.10/site-packages/airflow/example_dags/example_python_operator.py for tasks to queue
[2024-12-09T20:55:35.398+0000] {logging_mixin.py:188} INFO - [2024-12-09T20:55:35.397+0000] {dagbag.py:540} INFO - Filling up the DagBag from /home/airflow/.local/lib/python3.10/site-packages/airflow/example_dags/example_python_operator.py
[2024-12-09T20:55:35.407+0000] {processor.py:840} INFO - DAG(s) 'example_python_operator' retrieved from /home/airflow/.local/lib/python3.10/site-packages/airflow/example_dags/example_python_operator.py
[2024-12-09T20:55:35.428+0000] {logging_mixin.py:188} INFO - [2024-12-09T20:55:35.428+0000] {dag.py:3047} INFO - Sync 1 DAGs
[2024-12-09T20:55:35.439+0000] {logging_mixin.py:188} INFO - [2024-12-09T20:55:35.439+0000] {dag.py:3834} INFO - Setting next_dagrun for example_python_operator to None, run_after=None
[2024-12-09T20:55:35.458+0000] {processor.py:183} INFO - Processing /home/airflow/.local/lib/python3.10/site-packages/airflow/example_dags/example_python_operator.py took 0.069 seconds
[2024-12-09T20:56:05.826+0000] {processor.py:161} INFO - Started process (PID=2126) to work on /home/airflow/.local/lib/python3.10/site-packages/airflow/example_dags/example_python_operator.py
[2024-12-09T20:56:05.827+0000] {processor.py:830} INFO - Processing file /home/airflow/.local/lib/python3.10/site-packages/airflow/example_dags/example_python_operator.py for tasks to queue
[2024-12-09T20:56:05.829+0000] {logging_mixin.py:188} INFO - [2024-12-09T20:56:05.829+0000] {dagbag.py:540} INFO - Filling up the DagBag from /home/airflow/.local/lib/python3.10/site-packages/airflow/example_dags/example_python_operator.py
[2024-12-09T20:56:05.839+0000] {processor.py:840} INFO - DAG(s) 'example_python_operator' retrieved from /home/airflow/.local/lib/python3.10/site-packages/airflow/example_dags/example_python_operator.py
[2024-12-09T20:56:05.858+0000] {logging_mixin.py:188} INFO - [2024-12-09T20:56:05.858+0000] {dag.py:3047} INFO - Sync 1 DAGs
[2024-12-09T20:56:05.872+0000] {logging_mixin.py:188} INFO - [2024-12-09T20:56:05.872+0000] {dag.py:3834} INFO - Setting next_dagrun for example_python_operator to None, run_after=None
[2024-12-09T20:56:05.891+0000] {processor.py:183} INFO - Processing /home/airflow/.local/lib/python3.10/site-packages/airflow/example_dags/example_python_operator.py took 0.068 seconds
[2024-12-09T20:56:36.362+0000] {processor.py:161} INFO - Started process (PID=2182) to work on /home/airflow/.local/lib/python3.10/site-packages/airflow/example_dags/example_python_operator.py
[2024-12-09T20:56:36.363+0000] {processor.py:830} INFO - Processing file /home/airflow/.local/lib/python3.10/site-packages/airflow/example_dags/example_python_operator.py for tasks to queue
[2024-12-09T20:56:36.365+0000] {logging_mixin.py:188} INFO - [2024-12-09T20:56:36.365+0000] {dagbag.py:540} INFO - Filling up the DagBag from /home/airflow/.local/lib/python3.10/site-packages/airflow/example_dags/example_python_operator.py
[2024-12-09T20:56:36.375+0000] {processor.py:840} INFO - DAG(s) 'example_python_operator' retrieved from /home/airflow/.local/lib/python3.10/site-packages/airflow/example_dags/example_python_operator.py
[2024-12-09T20:56:36.399+0000] {logging_mixin.py:188} INFO - [2024-12-09T20:56:36.399+0000] {dag.py:3047} INFO - Sync 1 DAGs
[2024-12-09T20:56:36.412+0000] {logging_mixin.py:188} INFO - [2024-12-09T20:56:36.412+0000] {dag.py:3834} INFO - Setting next_dagrun for example_python_operator to None, run_after=None
[2024-12-09T20:56:36.433+0000] {processor.py:183} INFO - Processing /home/airflow/.local/lib/python3.10/site-packages/airflow/example_dags/example_python_operator.py took 0.075 seconds
[2024-12-09T20:57:20.248+0000] {processor.py:161} INFO - Started process (PID=2244) to work on /home/airflow/.local/lib/python3.10/site-packages/airflow/example_dags/example_python_operator.py
[2024-12-09T20:57:20.251+0000] {processor.py:830} INFO - Processing file /home/airflow/.local/lib/python3.10/site-packages/airflow/example_dags/example_python_operator.py for tasks to queue
[2024-12-09T20:57:20.262+0000] {logging_mixin.py:188} INFO - [2024-12-09T20:57:20.255+0000] {dagbag.py:540} INFO - Filling up the DagBag from /home/airflow/.local/lib/python3.10/site-packages/airflow/example_dags/example_python_operator.py
[2024-12-09T20:57:20.290+0000] {processor.py:840} INFO - DAG(s) 'example_python_operator' retrieved from /home/airflow/.local/lib/python3.10/site-packages/airflow/example_dags/example_python_operator.py
[2024-12-09T20:57:20.354+0000] {logging_mixin.py:188} INFO - [2024-12-09T20:57:20.353+0000] {dag.py:3047} INFO - Sync 1 DAGs
[2024-12-09T20:57:20.389+0000] {logging_mixin.py:188} INFO - [2024-12-09T20:57:20.389+0000] {dag.py:3834} INFO - Setting next_dagrun for example_python_operator to None, run_after=None
[2024-12-09T20:57:20.437+0000] {processor.py:183} INFO - Processing /home/airflow/.local/lib/python3.10/site-packages/airflow/example_dags/example_python_operator.py took 0.195 seconds
[2024-12-09T20:57:50.817+0000] {processor.py:161} INFO - Started process (PID=2298) to work on /home/airflow/.local/lib/python3.10/site-packages/airflow/example_dags/example_python_operator.py
[2024-12-09T20:57:50.819+0000] {processor.py:830} INFO - Processing file /home/airflow/.local/lib/python3.10/site-packages/airflow/example_dags/example_python_operator.py for tasks to queue
[2024-12-09T20:57:50.824+0000] {logging_mixin.py:188} INFO - [2024-12-09T20:57:50.823+0000] {dagbag.py:540} INFO - Filling up the DagBag from /home/airflow/.local/lib/python3.10/site-packages/airflow/example_dags/example_python_operator.py
[2024-12-09T20:57:50.846+0000] {processor.py:840} INFO - DAG(s) 'example_python_operator' retrieved from /home/airflow/.local/lib/python3.10/site-packages/airflow/example_dags/example_python_operator.py
[2024-12-09T20:57:50.912+0000] {logging_mixin.py:188} INFO - [2024-12-09T20:57:50.912+0000] {dag.py:3047} INFO - Sync 1 DAGs
[2024-12-09T20:57:50.936+0000] {logging_mixin.py:188} INFO - [2024-12-09T20:57:50.935+0000] {dag.py:3834} INFO - Setting next_dagrun for example_python_operator to None, run_after=None
[2024-12-09T20:57:50.968+0000] {processor.py:183} INFO - Processing /home/airflow/.local/lib/python3.10/site-packages/airflow/example_dags/example_python_operator.py took 0.157 seconds
[2024-12-09T21:56:43.748+0000] {processor.py:161} INFO - Started process (PID=2357) to work on /home/airflow/.local/lib/python3.10/site-packages/airflow/example_dags/example_python_operator.py
[2024-12-09T21:56:43.750+0000] {processor.py:830} INFO - Processing file /home/airflow/.local/lib/python3.10/site-packages/airflow/example_dags/example_python_operator.py for tasks to queue
[2024-12-09T21:56:43.753+0000] {logging_mixin.py:188} INFO - [2024-12-09T21:56:43.753+0000] {dagbag.py:540} INFO - Filling up the DagBag from /home/airflow/.local/lib/python3.10/site-packages/airflow/example_dags/example_python_operator.py
[2024-12-09T21:56:43.776+0000] {processor.py:840} INFO - DAG(s) 'example_python_operator' retrieved from /home/airflow/.local/lib/python3.10/site-packages/airflow/example_dags/example_python_operator.py
[2024-12-09T21:56:43.819+0000] {logging_mixin.py:188} INFO - [2024-12-09T21:56:43.818+0000] {dag.py:3047} INFO - Sync 1 DAGs
[2024-12-09T21:56:43.837+0000] {logging_mixin.py:188} INFO - [2024-12-09T21:56:43.837+0000] {dag.py:3834} INFO - Setting next_dagrun for example_python_operator to None, run_after=None
[2024-12-09T21:56:43.864+0000] {processor.py:183} INFO - Processing /home/airflow/.local/lib/python3.10/site-packages/airflow/example_dags/example_python_operator.py took 0.122 seconds
[2024-12-09T21:57:14.676+0000] {processor.py:161} INFO - Started process (PID=2413) to work on /home/airflow/.local/lib/python3.10/site-packages/airflow/example_dags/example_python_operator.py
[2024-12-09T21:57:14.677+0000] {processor.py:830} INFO - Processing file /home/airflow/.local/lib/python3.10/site-packages/airflow/example_dags/example_python_operator.py for tasks to queue
[2024-12-09T21:57:14.679+0000] {logging_mixin.py:188} INFO - [2024-12-09T21:57:14.679+0000] {dagbag.py:540} INFO - Filling up the DagBag from /home/airflow/.local/lib/python3.10/site-packages/airflow/example_dags/example_python_operator.py
[2024-12-09T21:57:14.689+0000] {processor.py:840} INFO - DAG(s) 'example_python_operator' retrieved from /home/airflow/.local/lib/python3.10/site-packages/airflow/example_dags/example_python_operator.py
[2024-12-09T21:57:14.712+0000] {logging_mixin.py:188} INFO - [2024-12-09T21:57:14.712+0000] {dag.py:3047} INFO - Sync 1 DAGs
[2024-12-09T21:57:14.723+0000] {logging_mixin.py:188} INFO - [2024-12-09T21:57:14.723+0000] {dag.py:3834} INFO - Setting next_dagrun for example_python_operator to None, run_after=None
[2024-12-09T21:57:14.741+0000] {processor.py:183} INFO - Processing /home/airflow/.local/lib/python3.10/site-packages/airflow/example_dags/example_python_operator.py took 0.069 seconds
[2024-12-09T21:57:56.583+0000] {processor.py:161} INFO - Started process (PID=2469) to work on /home/airflow/.local/lib/python3.10/site-packages/airflow/example_dags/example_python_operator.py
[2024-12-09T21:57:56.585+0000] {processor.py:830} INFO - Processing file /home/airflow/.local/lib/python3.10/site-packages/airflow/example_dags/example_python_operator.py for tasks to queue
[2024-12-09T21:57:56.587+0000] {logging_mixin.py:188} INFO - [2024-12-09T21:57:56.587+0000] {dagbag.py:540} INFO - Filling up the DagBag from /home/airflow/.local/lib/python3.10/site-packages/airflow/example_dags/example_python_operator.py
[2024-12-09T21:57:56.598+0000] {processor.py:840} INFO - DAG(s) 'example_python_operator' retrieved from /home/airflow/.local/lib/python3.10/site-packages/airflow/example_dags/example_python_operator.py
[2024-12-09T21:57:56.627+0000] {logging_mixin.py:188} INFO - [2024-12-09T21:57:56.626+0000] {dag.py:3047} INFO - Sync 1 DAGs
[2024-12-09T21:57:56.641+0000] {logging_mixin.py:188} INFO - [2024-12-09T21:57:56.640+0000] {dag.py:3834} INFO - Setting next_dagrun for example_python_operator to None, run_after=None
[2024-12-09T21:57:56.662+0000] {processor.py:183} INFO - Processing /home/airflow/.local/lib/python3.10/site-packages/airflow/example_dags/example_python_operator.py took 0.082 seconds
[2024-12-09T21:58:27.245+0000] {processor.py:161} INFO - Started process (PID=2524) to work on /home/airflow/.local/lib/python3.10/site-packages/airflow/example_dags/example_python_operator.py
[2024-12-09T21:58:27.246+0000] {processor.py:830} INFO - Processing file /home/airflow/.local/lib/python3.10/site-packages/airflow/example_dags/example_python_operator.py for tasks to queue
[2024-12-09T21:58:27.248+0000] {logging_mixin.py:188} INFO - [2024-12-09T21:58:27.248+0000] {dagbag.py:540} INFO - Filling up the DagBag from /home/airflow/.local/lib/python3.10/site-packages/airflow/example_dags/example_python_operator.py
[2024-12-09T21:58:27.258+0000] {processor.py:840} INFO - DAG(s) 'example_python_operator' retrieved from /home/airflow/.local/lib/python3.10/site-packages/airflow/example_dags/example_python_operator.py
[2024-12-09T21:58:27.281+0000] {logging_mixin.py:188} INFO - [2024-12-09T21:58:27.281+0000] {dag.py:3047} INFO - Sync 1 DAGs
[2024-12-09T21:58:27.292+0000] {logging_mixin.py:188} INFO - [2024-12-09T21:58:27.292+0000] {dag.py:3834} INFO - Setting next_dagrun for example_python_operator to None, run_after=None
[2024-12-09T21:58:27.313+0000] {processor.py:183} INFO - Processing /home/airflow/.local/lib/python3.10/site-packages/airflow/example_dags/example_python_operator.py took 0.071 seconds
[2024-12-09T21:58:58.015+0000] {processor.py:161} INFO - Started process (PID=2579) to work on /home/airflow/.local/lib/python3.10/site-packages/airflow/example_dags/example_python_operator.py
[2024-12-09T21:58:58.016+0000] {processor.py:830} INFO - Processing file /home/airflow/.local/lib/python3.10/site-packages/airflow/example_dags/example_python_operator.py for tasks to queue
[2024-12-09T21:58:58.018+0000] {logging_mixin.py:188} INFO - [2024-12-09T21:58:58.018+0000] {dagbag.py:540} INFO - Filling up the DagBag from /home/airflow/.local/lib/python3.10/site-packages/airflow/example_dags/example_python_operator.py
[2024-12-09T21:58:58.028+0000] {processor.py:840} INFO - DAG(s) 'example_python_operator' retrieved from /home/airflow/.local/lib/python3.10/site-packages/airflow/example_dags/example_python_operator.py
[2024-12-09T21:58:58.050+0000] {logging_mixin.py:188} INFO - [2024-12-09T21:58:58.049+0000] {dag.py:3047} INFO - Sync 1 DAGs
[2024-12-09T21:58:58.059+0000] {logging_mixin.py:188} INFO - [2024-12-09T21:58:58.059+0000] {dag.py:3834} INFO - Setting next_dagrun for example_python_operator to None, run_after=None
[2024-12-09T21:58:58.079+0000] {processor.py:183} INFO - Processing /home/airflow/.local/lib/python3.10/site-packages/airflow/example_dags/example_python_operator.py took 0.068 seconds
[2024-12-09T21:59:28.902+0000] {processor.py:161} INFO - Started process (PID=2635) to work on /home/airflow/.local/lib/python3.10/site-packages/airflow/example_dags/example_python_operator.py
[2024-12-09T21:59:28.904+0000] {processor.py:830} INFO - Processing file /home/airflow/.local/lib/python3.10/site-packages/airflow/example_dags/example_python_operator.py for tasks to queue
[2024-12-09T21:59:28.905+0000] {logging_mixin.py:188} INFO - [2024-12-09T21:59:28.905+0000] {dagbag.py:540} INFO - Filling up the DagBag from /home/airflow/.local/lib/python3.10/site-packages/airflow/example_dags/example_python_operator.py
[2024-12-09T21:59:28.915+0000] {processor.py:840} INFO - DAG(s) 'example_python_operator' retrieved from /home/airflow/.local/lib/python3.10/site-packages/airflow/example_dags/example_python_operator.py
[2024-12-09T21:59:28.936+0000] {logging_mixin.py:188} INFO - [2024-12-09T21:59:28.936+0000] {dag.py:3047} INFO - Sync 1 DAGs
[2024-12-09T21:59:28.946+0000] {logging_mixin.py:188} INFO - [2024-12-09T21:59:28.946+0000] {dag.py:3834} INFO - Setting next_dagrun for example_python_operator to None, run_after=None
[2024-12-09T21:59:28.964+0000] {processor.py:183} INFO - Processing /home/airflow/.local/lib/python3.10/site-packages/airflow/example_dags/example_python_operator.py took 0.065 seconds
[2024-12-09T21:59:59.136+0000] {processor.py:161} INFO - Started process (PID=2690) to work on /home/airflow/.local/lib/python3.10/site-packages/airflow/example_dags/example_python_operator.py
[2024-12-09T21:59:59.137+0000] {processor.py:830} INFO - Processing file /home/airflow/.local/lib/python3.10/site-packages/airflow/example_dags/example_python_operator.py for tasks to queue
[2024-12-09T21:59:59.139+0000] {logging_mixin.py:188} INFO - [2024-12-09T21:59:59.139+0000] {dagbag.py:540} INFO - Filling up the DagBag from /home/airflow/.local/lib/python3.10/site-packages/airflow/example_dags/example_python_operator.py
[2024-12-09T21:59:59.149+0000] {processor.py:840} INFO - DAG(s) 'example_python_operator' retrieved from /home/airflow/.local/lib/python3.10/site-packages/airflow/example_dags/example_python_operator.py
[2024-12-09T21:59:59.169+0000] {logging_mixin.py:188} INFO - [2024-12-09T21:59:59.169+0000] {dag.py:3047} INFO - Sync 1 DAGs
[2024-12-09T21:59:59.181+0000] {logging_mixin.py:188} INFO - [2024-12-09T21:59:59.181+0000] {dag.py:3834} INFO - Setting next_dagrun for example_python_operator to None, run_after=None
[2024-12-09T21:59:59.200+0000] {processor.py:183} INFO - Processing /home/airflow/.local/lib/python3.10/site-packages/airflow/example_dags/example_python_operator.py took 0.068 seconds
