[2024-12-09T13:35:22.371+0000] {processor.py:161} INFO - Started process (PID=47) to work on /home/airflow/.local/lib/python3.10/site-packages/airflow/example_dags/example_short_circuit_operator.py
[2024-12-09T13:35:22.381+0000] {processor.py:830} INFO - Processing file /home/airflow/.local/lib/python3.10/site-packages/airflow/example_dags/example_short_circuit_operator.py for tasks to queue
[2024-12-09T13:35:22.384+0000] {logging_mixin.py:188} INFO - [2024-12-09T13:35:22.384+0000] {dagbag.py:540} INFO - Filling up the DagBag from /home/airflow/.local/lib/python3.10/site-packages/airflow/example_dags/example_short_circuit_operator.py
[2024-12-09T13:35:22.439+0000] {processor.py:840} INFO - DAG(s) 'example_short_circuit_operator' retrieved from /home/airflow/.local/lib/python3.10/site-packages/airflow/example_dags/example_short_circuit_operator.py
[2024-12-09T13:35:22.583+0000] {logging_mixin.py:188} INFO - [2024-12-09T13:35:22.583+0000] {dag.py:3047} INFO - Sync 1 DAGs
[2024-12-09T13:35:22.676+0000] {logging_mixin.py:188} INFO - [2024-12-09T13:35:22.675+0000] {dag.py:3834} INFO - Setting next_dagrun for example_short_circuit_operator to 2024-12-08 00:00:00+00:00, run_after=2024-12-09 00:00:00+00:00
[2024-12-09T13:35:22.804+0000] {processor.py:183} INFO - Processing /home/airflow/.local/lib/python3.10/site-packages/airflow/example_dags/example_short_circuit_operator.py took 0.439 seconds
[2024-12-09T13:35:54.283+0000] {processor.py:161} INFO - Started process (PID=103) to work on /home/airflow/.local/lib/python3.10/site-packages/airflow/example_dags/example_short_circuit_operator.py
[2024-12-09T13:35:54.286+0000] {processor.py:830} INFO - Processing file /home/airflow/.local/lib/python3.10/site-packages/airflow/example_dags/example_short_circuit_operator.py for tasks to queue
[2024-12-09T13:35:54.290+0000] {logging_mixin.py:188} INFO - [2024-12-09T13:35:54.289+0000] {dagbag.py:540} INFO - Filling up the DagBag from /home/airflow/.local/lib/python3.10/site-packages/airflow/example_dags/example_short_circuit_operator.py
[2024-12-09T13:35:54.415+0000] {processor.py:840} INFO - DAG(s) 'example_short_circuit_operator' retrieved from /home/airflow/.local/lib/python3.10/site-packages/airflow/example_dags/example_short_circuit_operator.py
[2024-12-09T13:35:54.479+0000] {logging_mixin.py:188} INFO - [2024-12-09T13:35:54.478+0000] {dag.py:3047} INFO - Sync 1 DAGs
[2024-12-09T13:35:54.532+0000] {logging_mixin.py:188} INFO - [2024-12-09T13:35:54.531+0000] {dag.py:3834} INFO - Setting next_dagrun for example_short_circuit_operator to 2024-12-08 00:00:00+00:00, run_after=2024-12-09 00:00:00+00:00
[2024-12-09T13:35:54.592+0000] {processor.py:183} INFO - Processing /home/airflow/.local/lib/python3.10/site-packages/airflow/example_dags/example_short_circuit_operator.py took 0.316 seconds
[2024-12-09T20:37:03.149+0000] {processor.py:161} INFO - Started process (PID=39) to work on /home/airflow/.local/lib/python3.10/site-packages/airflow/example_dags/example_short_circuit_operator.py
[2024-12-09T20:37:03.152+0000] {processor.py:830} INFO - Processing file /home/airflow/.local/lib/python3.10/site-packages/airflow/example_dags/example_short_circuit_operator.py for tasks to queue
[2024-12-09T20:37:03.164+0000] {logging_mixin.py:188} INFO - [2024-12-09T20:37:03.163+0000] {dagbag.py:540} INFO - Filling up the DagBag from /home/airflow/.local/lib/python3.10/site-packages/airflow/example_dags/example_short_circuit_operator.py
[2024-12-09T20:37:03.198+0000] {processor.py:840} INFO - DAG(s) 'example_short_circuit_operator' retrieved from /home/airflow/.local/lib/python3.10/site-packages/airflow/example_dags/example_short_circuit_operator.py
[2024-12-09T20:37:03.296+0000] {logging_mixin.py:188} INFO - [2024-12-09T20:37:03.296+0000] {dag.py:3047} INFO - Sync 1 DAGs
[2024-12-09T20:37:03.371+0000] {logging_mixin.py:188} INFO - [2024-12-09T20:37:03.370+0000] {dag.py:3834} INFO - Setting next_dagrun for example_short_circuit_operator to 2024-12-08 00:00:00+00:00, run_after=2024-12-09 00:00:00+00:00
[2024-12-09T20:37:03.415+0000] {processor.py:183} INFO - Processing /home/airflow/.local/lib/python3.10/site-packages/airflow/example_dags/example_short_circuit_operator.py took 0.291 seconds
[2024-12-09T20:37:33.891+0000] {processor.py:161} INFO - Started process (PID=96) to work on /home/airflow/.local/lib/python3.10/site-packages/airflow/example_dags/example_short_circuit_operator.py
[2024-12-09T20:37:33.906+0000] {processor.py:830} INFO - Processing file /home/airflow/.local/lib/python3.10/site-packages/airflow/example_dags/example_short_circuit_operator.py for tasks to queue
[2024-12-09T20:37:33.910+0000] {logging_mixin.py:188} INFO - [2024-12-09T20:37:33.910+0000] {dagbag.py:540} INFO - Filling up the DagBag from /home/airflow/.local/lib/python3.10/site-packages/airflow/example_dags/example_short_circuit_operator.py
[2024-12-09T20:37:33.931+0000] {processor.py:840} INFO - DAG(s) 'example_short_circuit_operator' retrieved from /home/airflow/.local/lib/python3.10/site-packages/airflow/example_dags/example_short_circuit_operator.py
[2024-12-09T20:37:33.988+0000] {logging_mixin.py:188} INFO - [2024-12-09T20:37:33.987+0000] {dag.py:3047} INFO - Sync 1 DAGs
[2024-12-09T20:37:34.041+0000] {logging_mixin.py:188} INFO - [2024-12-09T20:37:34.037+0000] {dag.py:3834} INFO - Setting next_dagrun for example_short_circuit_operator to 2024-12-08 00:00:00+00:00, run_after=2024-12-09 00:00:00+00:00
[2024-12-09T20:37:34.084+0000] {processor.py:183} INFO - Processing /home/airflow/.local/lib/python3.10/site-packages/airflow/example_dags/example_short_circuit_operator.py took 0.197 seconds
[2024-12-09T20:38:04.936+0000] {processor.py:161} INFO - Started process (PID=152) to work on /home/airflow/.local/lib/python3.10/site-packages/airflow/example_dags/example_short_circuit_operator.py
[2024-12-09T20:38:05.043+0000] {processor.py:830} INFO - Processing file /home/airflow/.local/lib/python3.10/site-packages/airflow/example_dags/example_short_circuit_operator.py for tasks to queue
[2024-12-09T20:38:05.117+0000] {logging_mixin.py:188} INFO - [2024-12-09T20:38:05.116+0000] {dagbag.py:540} INFO - Filling up the DagBag from /home/airflow/.local/lib/python3.10/site-packages/airflow/example_dags/example_short_circuit_operator.py
[2024-12-09T20:38:05.210+0000] {processor.py:840} INFO - DAG(s) 'example_short_circuit_operator' retrieved from /home/airflow/.local/lib/python3.10/site-packages/airflow/example_dags/example_short_circuit_operator.py
[2024-12-09T20:38:05.358+0000] {logging_mixin.py:188} INFO - [2024-12-09T20:38:05.358+0000] {dag.py:3047} INFO - Sync 1 DAGs
[2024-12-09T20:38:05.376+0000] {logging_mixin.py:188} INFO - [2024-12-09T20:38:05.376+0000] {dag.py:3834} INFO - Setting next_dagrun for example_short_circuit_operator to 2024-12-08 00:00:00+00:00, run_after=2024-12-09 00:00:00+00:00
[2024-12-09T20:38:05.616+0000] {processor.py:183} INFO - Processing /home/airflow/.local/lib/python3.10/site-packages/airflow/example_dags/example_short_circuit_operator.py took 0.683 seconds
[2024-12-09T20:38:36.413+0000] {processor.py:161} INFO - Started process (PID=208) to work on /home/airflow/.local/lib/python3.10/site-packages/airflow/example_dags/example_short_circuit_operator.py
[2024-12-09T20:38:36.414+0000] {processor.py:830} INFO - Processing file /home/airflow/.local/lib/python3.10/site-packages/airflow/example_dags/example_short_circuit_operator.py for tasks to queue
[2024-12-09T20:38:36.416+0000] {logging_mixin.py:188} INFO - [2024-12-09T20:38:36.416+0000] {dagbag.py:540} INFO - Filling up the DagBag from /home/airflow/.local/lib/python3.10/site-packages/airflow/example_dags/example_short_circuit_operator.py
[2024-12-09T20:38:36.423+0000] {processor.py:840} INFO - DAG(s) 'example_short_circuit_operator' retrieved from /home/airflow/.local/lib/python3.10/site-packages/airflow/example_dags/example_short_circuit_operator.py
[2024-12-09T20:38:36.445+0000] {logging_mixin.py:188} INFO - [2024-12-09T20:38:36.445+0000] {dag.py:3047} INFO - Sync 1 DAGs
[2024-12-09T20:38:36.466+0000] {logging_mixin.py:188} INFO - [2024-12-09T20:38:36.466+0000] {dag.py:3834} INFO - Setting next_dagrun for example_short_circuit_operator to 2024-12-08 00:00:00+00:00, run_after=2024-12-09 00:00:00+00:00
[2024-12-09T20:38:36.485+0000] {processor.py:183} INFO - Processing /home/airflow/.local/lib/python3.10/site-packages/airflow/example_dags/example_short_circuit_operator.py took 0.075 seconds
[2024-12-09T20:39:06.748+0000] {processor.py:161} INFO - Started process (PID=264) to work on /home/airflow/.local/lib/python3.10/site-packages/airflow/example_dags/example_short_circuit_operator.py
[2024-12-09T20:39:06.749+0000] {processor.py:830} INFO - Processing file /home/airflow/.local/lib/python3.10/site-packages/airflow/example_dags/example_short_circuit_operator.py for tasks to queue
[2024-12-09T20:39:06.751+0000] {logging_mixin.py:188} INFO - [2024-12-09T20:39:06.751+0000] {dagbag.py:540} INFO - Filling up the DagBag from /home/airflow/.local/lib/python3.10/site-packages/airflow/example_dags/example_short_circuit_operator.py
[2024-12-09T20:39:06.758+0000] {processor.py:840} INFO - DAG(s) 'example_short_circuit_operator' retrieved from /home/airflow/.local/lib/python3.10/site-packages/airflow/example_dags/example_short_circuit_operator.py
[2024-12-09T20:39:06.780+0000] {logging_mixin.py:188} INFO - [2024-12-09T20:39:06.780+0000] {dag.py:3047} INFO - Sync 1 DAGs
[2024-12-09T20:39:06.798+0000] {logging_mixin.py:188} INFO - [2024-12-09T20:39:06.797+0000] {dag.py:3834} INFO - Setting next_dagrun for example_short_circuit_operator to 2024-12-08 00:00:00+00:00, run_after=2024-12-09 00:00:00+00:00
[2024-12-09T20:39:06.818+0000] {processor.py:183} INFO - Processing /home/airflow/.local/lib/python3.10/site-packages/airflow/example_dags/example_short_circuit_operator.py took 0.073 seconds
[2024-12-09T20:39:37.375+0000] {processor.py:161} INFO - Started process (PID=320) to work on /home/airflow/.local/lib/python3.10/site-packages/airflow/example_dags/example_short_circuit_operator.py
[2024-12-09T20:39:37.376+0000] {processor.py:830} INFO - Processing file /home/airflow/.local/lib/python3.10/site-packages/airflow/example_dags/example_short_circuit_operator.py for tasks to queue
[2024-12-09T20:39:37.378+0000] {logging_mixin.py:188} INFO - [2024-12-09T20:39:37.378+0000] {dagbag.py:540} INFO - Filling up the DagBag from /home/airflow/.local/lib/python3.10/site-packages/airflow/example_dags/example_short_circuit_operator.py
[2024-12-09T20:39:37.385+0000] {processor.py:840} INFO - DAG(s) 'example_short_circuit_operator' retrieved from /home/airflow/.local/lib/python3.10/site-packages/airflow/example_dags/example_short_circuit_operator.py
[2024-12-09T20:39:37.406+0000] {logging_mixin.py:188} INFO - [2024-12-09T20:39:37.406+0000] {dag.py:3047} INFO - Sync 1 DAGs
[2024-12-09T20:39:37.424+0000] {logging_mixin.py:188} INFO - [2024-12-09T20:39:37.424+0000] {dag.py:3834} INFO - Setting next_dagrun for example_short_circuit_operator to 2024-12-08 00:00:00+00:00, run_after=2024-12-09 00:00:00+00:00
[2024-12-09T20:39:37.444+0000] {processor.py:183} INFO - Processing /home/airflow/.local/lib/python3.10/site-packages/airflow/example_dags/example_short_circuit_operator.py took 0.072 seconds
[2024-12-09T20:40:07.970+0000] {processor.py:161} INFO - Started process (PID=375) to work on /home/airflow/.local/lib/python3.10/site-packages/airflow/example_dags/example_short_circuit_operator.py
[2024-12-09T20:40:07.972+0000] {processor.py:830} INFO - Processing file /home/airflow/.local/lib/python3.10/site-packages/airflow/example_dags/example_short_circuit_operator.py for tasks to queue
[2024-12-09T20:40:07.974+0000] {logging_mixin.py:188} INFO - [2024-12-09T20:40:07.974+0000] {dagbag.py:540} INFO - Filling up the DagBag from /home/airflow/.local/lib/python3.10/site-packages/airflow/example_dags/example_short_circuit_operator.py
[2024-12-09T20:40:07.985+0000] {processor.py:840} INFO - DAG(s) 'example_short_circuit_operator' retrieved from /home/airflow/.local/lib/python3.10/site-packages/airflow/example_dags/example_short_circuit_operator.py
[2024-12-09T20:40:08.020+0000] {logging_mixin.py:188} INFO - [2024-12-09T20:40:08.020+0000] {dag.py:3047} INFO - Sync 1 DAGs
[2024-12-09T20:40:08.052+0000] {logging_mixin.py:188} INFO - [2024-12-09T20:40:08.051+0000] {dag.py:3834} INFO - Setting next_dagrun for example_short_circuit_operator to 2024-12-08 00:00:00+00:00, run_after=2024-12-09 00:00:00+00:00
[2024-12-09T20:40:08.071+0000] {processor.py:183} INFO - Processing /home/airflow/.local/lib/python3.10/site-packages/airflow/example_dags/example_short_circuit_operator.py took 0.105 seconds
[2024-12-09T20:40:38.642+0000] {processor.py:161} INFO - Started process (PID=430) to work on /home/airflow/.local/lib/python3.10/site-packages/airflow/example_dags/example_short_circuit_operator.py
[2024-12-09T20:40:38.643+0000] {processor.py:830} INFO - Processing file /home/airflow/.local/lib/python3.10/site-packages/airflow/example_dags/example_short_circuit_operator.py for tasks to queue
[2024-12-09T20:40:38.646+0000] {logging_mixin.py:188} INFO - [2024-12-09T20:40:38.645+0000] {dagbag.py:540} INFO - Filling up the DagBag from /home/airflow/.local/lib/python3.10/site-packages/airflow/example_dags/example_short_circuit_operator.py
[2024-12-09T20:40:38.655+0000] {processor.py:840} INFO - DAG(s) 'example_short_circuit_operator' retrieved from /home/airflow/.local/lib/python3.10/site-packages/airflow/example_dags/example_short_circuit_operator.py
[2024-12-09T20:40:38.685+0000] {logging_mixin.py:188} INFO - [2024-12-09T20:40:38.685+0000] {dag.py:3047} INFO - Sync 1 DAGs
[2024-12-09T20:40:38.710+0000] {logging_mixin.py:188} INFO - [2024-12-09T20:40:38.710+0000] {dag.py:3834} INFO - Setting next_dagrun for example_short_circuit_operator to 2024-12-08 00:00:00+00:00, run_after=2024-12-09 00:00:00+00:00
[2024-12-09T20:40:38.735+0000] {processor.py:183} INFO - Processing /home/airflow/.local/lib/python3.10/site-packages/airflow/example_dags/example_short_circuit_operator.py took 0.097 seconds
[2024-12-09T20:41:08.909+0000] {processor.py:161} INFO - Started process (PID=486) to work on /home/airflow/.local/lib/python3.10/site-packages/airflow/example_dags/example_short_circuit_operator.py
[2024-12-09T20:41:08.911+0000] {processor.py:830} INFO - Processing file /home/airflow/.local/lib/python3.10/site-packages/airflow/example_dags/example_short_circuit_operator.py for tasks to queue
[2024-12-09T20:41:08.913+0000] {logging_mixin.py:188} INFO - [2024-12-09T20:41:08.913+0000] {dagbag.py:540} INFO - Filling up the DagBag from /home/airflow/.local/lib/python3.10/site-packages/airflow/example_dags/example_short_circuit_operator.py
[2024-12-09T20:41:08.923+0000] {processor.py:840} INFO - DAG(s) 'example_short_circuit_operator' retrieved from /home/airflow/.local/lib/python3.10/site-packages/airflow/example_dags/example_short_circuit_operator.py
[2024-12-09T20:41:08.945+0000] {logging_mixin.py:188} INFO - [2024-12-09T20:41:08.944+0000] {dag.py:3047} INFO - Sync 1 DAGs
[2024-12-09T20:41:08.963+0000] {logging_mixin.py:188} INFO - [2024-12-09T20:41:08.963+0000] {dag.py:3834} INFO - Setting next_dagrun for example_short_circuit_operator to 2024-12-08 00:00:00+00:00, run_after=2024-12-09 00:00:00+00:00
[2024-12-09T20:41:08.983+0000] {processor.py:183} INFO - Processing /home/airflow/.local/lib/python3.10/site-packages/airflow/example_dags/example_short_circuit_operator.py took 0.077 seconds
[2024-12-09T20:41:39.096+0000] {processor.py:161} INFO - Started process (PID=541) to work on /home/airflow/.local/lib/python3.10/site-packages/airflow/example_dags/example_short_circuit_operator.py
[2024-12-09T20:41:39.097+0000] {processor.py:830} INFO - Processing file /home/airflow/.local/lib/python3.10/site-packages/airflow/example_dags/example_short_circuit_operator.py for tasks to queue
[2024-12-09T20:41:39.099+0000] {logging_mixin.py:188} INFO - [2024-12-09T20:41:39.099+0000] {dagbag.py:540} INFO - Filling up the DagBag from /home/airflow/.local/lib/python3.10/site-packages/airflow/example_dags/example_short_circuit_operator.py
[2024-12-09T20:41:39.106+0000] {processor.py:840} INFO - DAG(s) 'example_short_circuit_operator' retrieved from /home/airflow/.local/lib/python3.10/site-packages/airflow/example_dags/example_short_circuit_operator.py
[2024-12-09T20:41:39.129+0000] {logging_mixin.py:188} INFO - [2024-12-09T20:41:39.128+0000] {dag.py:3047} INFO - Sync 1 DAGs
[2024-12-09T20:41:39.156+0000] {logging_mixin.py:188} INFO - [2024-12-09T20:41:39.156+0000] {dag.py:3834} INFO - Setting next_dagrun for example_short_circuit_operator to 2024-12-08 00:00:00+00:00, run_after=2024-12-09 00:00:00+00:00
[2024-12-09T20:41:39.176+0000] {processor.py:183} INFO - Processing /home/airflow/.local/lib/python3.10/site-packages/airflow/example_dags/example_short_circuit_operator.py took 0.084 seconds
[2024-12-09T20:42:09.390+0000] {processor.py:161} INFO - Started process (PID=596) to work on /home/airflow/.local/lib/python3.10/site-packages/airflow/example_dags/example_short_circuit_operator.py
[2024-12-09T20:42:09.392+0000] {processor.py:830} INFO - Processing file /home/airflow/.local/lib/python3.10/site-packages/airflow/example_dags/example_short_circuit_operator.py for tasks to queue
[2024-12-09T20:42:09.394+0000] {logging_mixin.py:188} INFO - [2024-12-09T20:42:09.394+0000] {dagbag.py:540} INFO - Filling up the DagBag from /home/airflow/.local/lib/python3.10/site-packages/airflow/example_dags/example_short_circuit_operator.py
[2024-12-09T20:42:09.404+0000] {processor.py:840} INFO - DAG(s) 'example_short_circuit_operator' retrieved from /home/airflow/.local/lib/python3.10/site-packages/airflow/example_dags/example_short_circuit_operator.py
[2024-12-09T20:42:09.430+0000] {logging_mixin.py:188} INFO - [2024-12-09T20:42:09.430+0000] {dag.py:3047} INFO - Sync 1 DAGs
[2024-12-09T20:42:09.457+0000] {logging_mixin.py:188} INFO - [2024-12-09T20:42:09.456+0000] {dag.py:3834} INFO - Setting next_dagrun for example_short_circuit_operator to 2024-12-08 00:00:00+00:00, run_after=2024-12-09 00:00:00+00:00
[2024-12-09T20:42:09.483+0000] {processor.py:183} INFO - Processing /home/airflow/.local/lib/python3.10/site-packages/airflow/example_dags/example_short_circuit_operator.py took 0.097 seconds
[2024-12-09T20:42:39.948+0000] {processor.py:161} INFO - Started process (PID=659) to work on /home/airflow/.local/lib/python3.10/site-packages/airflow/example_dags/example_short_circuit_operator.py
[2024-12-09T20:42:39.949+0000] {processor.py:830} INFO - Processing file /home/airflow/.local/lib/python3.10/site-packages/airflow/example_dags/example_short_circuit_operator.py for tasks to queue
[2024-12-09T20:42:39.951+0000] {logging_mixin.py:188} INFO - [2024-12-09T20:42:39.951+0000] {dagbag.py:540} INFO - Filling up the DagBag from /home/airflow/.local/lib/python3.10/site-packages/airflow/example_dags/example_short_circuit_operator.py
[2024-12-09T20:42:39.958+0000] {processor.py:840} INFO - DAG(s) 'example_short_circuit_operator' retrieved from /home/airflow/.local/lib/python3.10/site-packages/airflow/example_dags/example_short_circuit_operator.py
[2024-12-09T20:42:39.979+0000] {logging_mixin.py:188} INFO - [2024-12-09T20:42:39.979+0000] {dag.py:3047} INFO - Sync 1 DAGs
[2024-12-09T20:42:39.998+0000] {logging_mixin.py:188} INFO - [2024-12-09T20:42:39.998+0000] {dag.py:3834} INFO - Setting next_dagrun for example_short_circuit_operator to 2024-12-08 00:00:00+00:00, run_after=2024-12-09 00:00:00+00:00
[2024-12-09T20:42:40.018+0000] {processor.py:183} INFO - Processing /home/airflow/.local/lib/python3.10/site-packages/airflow/example_dags/example_short_circuit_operator.py took 0.074 seconds
[2024-12-09T20:43:10.744+0000] {processor.py:161} INFO - Started process (PID=712) to work on /home/airflow/.local/lib/python3.10/site-packages/airflow/example_dags/example_short_circuit_operator.py
[2024-12-09T20:43:10.746+0000] {processor.py:830} INFO - Processing file /home/airflow/.local/lib/python3.10/site-packages/airflow/example_dags/example_short_circuit_operator.py for tasks to queue
[2024-12-09T20:43:10.749+0000] {logging_mixin.py:188} INFO - [2024-12-09T20:43:10.749+0000] {dagbag.py:540} INFO - Filling up the DagBag from /home/airflow/.local/lib/python3.10/site-packages/airflow/example_dags/example_short_circuit_operator.py
[2024-12-09T20:43:10.756+0000] {processor.py:840} INFO - DAG(s) 'example_short_circuit_operator' retrieved from /home/airflow/.local/lib/python3.10/site-packages/airflow/example_dags/example_short_circuit_operator.py
[2024-12-09T20:43:10.778+0000] {logging_mixin.py:188} INFO - [2024-12-09T20:43:10.778+0000] {dag.py:3047} INFO - Sync 1 DAGs
[2024-12-09T20:43:10.798+0000] {logging_mixin.py:188} INFO - [2024-12-09T20:43:10.798+0000] {dag.py:3834} INFO - Setting next_dagrun for example_short_circuit_operator to 2024-12-08 00:00:00+00:00, run_after=2024-12-09 00:00:00+00:00
[2024-12-09T20:43:10.818+0000] {processor.py:183} INFO - Processing /home/airflow/.local/lib/python3.10/site-packages/airflow/example_dags/example_short_circuit_operator.py took 0.078 seconds
[2024-12-09T20:43:41.034+0000] {processor.py:161} INFO - Started process (PID=768) to work on /home/airflow/.local/lib/python3.10/site-packages/airflow/example_dags/example_short_circuit_operator.py
[2024-12-09T20:43:41.036+0000] {processor.py:830} INFO - Processing file /home/airflow/.local/lib/python3.10/site-packages/airflow/example_dags/example_short_circuit_operator.py for tasks to queue
[2024-12-09T20:43:41.038+0000] {logging_mixin.py:188} INFO - [2024-12-09T20:43:41.037+0000] {dagbag.py:540} INFO - Filling up the DagBag from /home/airflow/.local/lib/python3.10/site-packages/airflow/example_dags/example_short_circuit_operator.py
[2024-12-09T20:43:41.044+0000] {processor.py:840} INFO - DAG(s) 'example_short_circuit_operator' retrieved from /home/airflow/.local/lib/python3.10/site-packages/airflow/example_dags/example_short_circuit_operator.py
[2024-12-09T20:43:41.066+0000] {logging_mixin.py:188} INFO - [2024-12-09T20:43:41.065+0000] {dag.py:3047} INFO - Sync 1 DAGs
[2024-12-09T20:43:41.083+0000] {logging_mixin.py:188} INFO - [2024-12-09T20:43:41.083+0000] {dag.py:3834} INFO - Setting next_dagrun for example_short_circuit_operator to 2024-12-08 00:00:00+00:00, run_after=2024-12-09 00:00:00+00:00
[2024-12-09T20:43:41.106+0000] {processor.py:183} INFO - Processing /home/airflow/.local/lib/python3.10/site-packages/airflow/example_dags/example_short_circuit_operator.py took 0.075 seconds
[2024-12-09T20:44:12.042+0000] {processor.py:161} INFO - Started process (PID=824) to work on /home/airflow/.local/lib/python3.10/site-packages/airflow/example_dags/example_short_circuit_operator.py
[2024-12-09T20:44:12.043+0000] {processor.py:830} INFO - Processing file /home/airflow/.local/lib/python3.10/site-packages/airflow/example_dags/example_short_circuit_operator.py for tasks to queue
[2024-12-09T20:44:12.045+0000] {logging_mixin.py:188} INFO - [2024-12-09T20:44:12.045+0000] {dagbag.py:540} INFO - Filling up the DagBag from /home/airflow/.local/lib/python3.10/site-packages/airflow/example_dags/example_short_circuit_operator.py
[2024-12-09T20:44:12.052+0000] {processor.py:840} INFO - DAG(s) 'example_short_circuit_operator' retrieved from /home/airflow/.local/lib/python3.10/site-packages/airflow/example_dags/example_short_circuit_operator.py
[2024-12-09T20:44:12.075+0000] {logging_mixin.py:188} INFO - [2024-12-09T20:44:12.074+0000] {dag.py:3047} INFO - Sync 1 DAGs
[2024-12-09T20:44:12.099+0000] {logging_mixin.py:188} INFO - [2024-12-09T20:44:12.099+0000] {dag.py:3834} INFO - Setting next_dagrun for example_short_circuit_operator to 2024-12-08 00:00:00+00:00, run_after=2024-12-09 00:00:00+00:00
[2024-12-09T20:44:12.119+0000] {processor.py:183} INFO - Processing /home/airflow/.local/lib/python3.10/site-packages/airflow/example_dags/example_short_circuit_operator.py took 0.080 seconds
[2024-12-09T20:44:43.004+0000] {processor.py:161} INFO - Started process (PID=880) to work on /home/airflow/.local/lib/python3.10/site-packages/airflow/example_dags/example_short_circuit_operator.py
[2024-12-09T20:44:43.006+0000] {processor.py:830} INFO - Processing file /home/airflow/.local/lib/python3.10/site-packages/airflow/example_dags/example_short_circuit_operator.py for tasks to queue
[2024-12-09T20:44:43.008+0000] {logging_mixin.py:188} INFO - [2024-12-09T20:44:43.008+0000] {dagbag.py:540} INFO - Filling up the DagBag from /home/airflow/.local/lib/python3.10/site-packages/airflow/example_dags/example_short_circuit_operator.py
[2024-12-09T20:44:43.016+0000] {processor.py:840} INFO - DAG(s) 'example_short_circuit_operator' retrieved from /home/airflow/.local/lib/python3.10/site-packages/airflow/example_dags/example_short_circuit_operator.py
[2024-12-09T20:44:43.037+0000] {logging_mixin.py:188} INFO - [2024-12-09T20:44:43.037+0000] {dag.py:3047} INFO - Sync 1 DAGs
[2024-12-09T20:44:43.062+0000] {logging_mixin.py:188} INFO - [2024-12-09T20:44:43.061+0000] {dag.py:3834} INFO - Setting next_dagrun for example_short_circuit_operator to 2024-12-08 00:00:00+00:00, run_after=2024-12-09 00:00:00+00:00
[2024-12-09T20:44:43.082+0000] {processor.py:183} INFO - Processing /home/airflow/.local/lib/python3.10/site-packages/airflow/example_dags/example_short_circuit_operator.py took 0.082 seconds
[2024-12-09T20:45:13.265+0000] {processor.py:161} INFO - Started process (PID=936) to work on /home/airflow/.local/lib/python3.10/site-packages/airflow/example_dags/example_short_circuit_operator.py
[2024-12-09T20:45:13.266+0000] {processor.py:830} INFO - Processing file /home/airflow/.local/lib/python3.10/site-packages/airflow/example_dags/example_short_circuit_operator.py for tasks to queue
[2024-12-09T20:45:13.268+0000] {logging_mixin.py:188} INFO - [2024-12-09T20:45:13.267+0000] {dagbag.py:540} INFO - Filling up the DagBag from /home/airflow/.local/lib/python3.10/site-packages/airflow/example_dags/example_short_circuit_operator.py
[2024-12-09T20:45:13.276+0000] {processor.py:840} INFO - DAG(s) 'example_short_circuit_operator' retrieved from /home/airflow/.local/lib/python3.10/site-packages/airflow/example_dags/example_short_circuit_operator.py
[2024-12-09T20:45:13.297+0000] {logging_mixin.py:188} INFO - [2024-12-09T20:45:13.297+0000] {dag.py:3047} INFO - Sync 1 DAGs
[2024-12-09T20:45:13.317+0000] {logging_mixin.py:188} INFO - [2024-12-09T20:45:13.316+0000] {dag.py:3834} INFO - Setting next_dagrun for example_short_circuit_operator to 2024-12-08 00:00:00+00:00, run_after=2024-12-09 00:00:00+00:00
[2024-12-09T20:45:13.335+0000] {processor.py:183} INFO - Processing /home/airflow/.local/lib/python3.10/site-packages/airflow/example_dags/example_short_circuit_operator.py took 0.074 seconds
[2024-12-09T20:45:43.693+0000] {processor.py:161} INFO - Started process (PID=991) to work on /home/airflow/.local/lib/python3.10/site-packages/airflow/example_dags/example_short_circuit_operator.py
[2024-12-09T20:45:43.694+0000] {processor.py:830} INFO - Processing file /home/airflow/.local/lib/python3.10/site-packages/airflow/example_dags/example_short_circuit_operator.py for tasks to queue
[2024-12-09T20:45:43.696+0000] {logging_mixin.py:188} INFO - [2024-12-09T20:45:43.696+0000] {dagbag.py:540} INFO - Filling up the DagBag from /home/airflow/.local/lib/python3.10/site-packages/airflow/example_dags/example_short_circuit_operator.py
[2024-12-09T20:45:43.703+0000] {processor.py:840} INFO - DAG(s) 'example_short_circuit_operator' retrieved from /home/airflow/.local/lib/python3.10/site-packages/airflow/example_dags/example_short_circuit_operator.py
[2024-12-09T20:45:43.728+0000] {logging_mixin.py:188} INFO - [2024-12-09T20:45:43.727+0000] {dag.py:3047} INFO - Sync 1 DAGs
[2024-12-09T20:45:43.749+0000] {logging_mixin.py:188} INFO - [2024-12-09T20:45:43.748+0000] {dag.py:3834} INFO - Setting next_dagrun for example_short_circuit_operator to 2024-12-08 00:00:00+00:00, run_after=2024-12-09 00:00:00+00:00
[2024-12-09T20:45:43.769+0000] {processor.py:183} INFO - Processing /home/airflow/.local/lib/python3.10/site-packages/airflow/example_dags/example_short_circuit_operator.py took 0.080 seconds
[2024-12-09T20:46:14.600+0000] {processor.py:161} INFO - Started process (PID=1047) to work on /home/airflow/.local/lib/python3.10/site-packages/airflow/example_dags/example_short_circuit_operator.py
[2024-12-09T20:46:14.602+0000] {processor.py:830} INFO - Processing file /home/airflow/.local/lib/python3.10/site-packages/airflow/example_dags/example_short_circuit_operator.py for tasks to queue
[2024-12-09T20:46:14.604+0000] {logging_mixin.py:188} INFO - [2024-12-09T20:46:14.604+0000] {dagbag.py:540} INFO - Filling up the DagBag from /home/airflow/.local/lib/python3.10/site-packages/airflow/example_dags/example_short_circuit_operator.py
[2024-12-09T20:46:14.610+0000] {processor.py:840} INFO - DAG(s) 'example_short_circuit_operator' retrieved from /home/airflow/.local/lib/python3.10/site-packages/airflow/example_dags/example_short_circuit_operator.py
[2024-12-09T20:46:14.633+0000] {logging_mixin.py:188} INFO - [2024-12-09T20:46:14.633+0000] {dag.py:3047} INFO - Sync 1 DAGs
[2024-12-09T20:46:14.654+0000] {logging_mixin.py:188} INFO - [2024-12-09T20:46:14.654+0000] {dag.py:3834} INFO - Setting next_dagrun for example_short_circuit_operator to 2024-12-08 00:00:00+00:00, run_after=2024-12-09 00:00:00+00:00
[2024-12-09T20:46:14.674+0000] {processor.py:183} INFO - Processing /home/airflow/.local/lib/python3.10/site-packages/airflow/example_dags/example_short_circuit_operator.py took 0.077 seconds
[2024-12-09T20:46:45.544+0000] {processor.py:161} INFO - Started process (PID=1103) to work on /home/airflow/.local/lib/python3.10/site-packages/airflow/example_dags/example_short_circuit_operator.py
[2024-12-09T20:46:45.545+0000] {processor.py:830} INFO - Processing file /home/airflow/.local/lib/python3.10/site-packages/airflow/example_dags/example_short_circuit_operator.py for tasks to queue
[2024-12-09T20:46:45.547+0000] {logging_mixin.py:188} INFO - [2024-12-09T20:46:45.547+0000] {dagbag.py:540} INFO - Filling up the DagBag from /home/airflow/.local/lib/python3.10/site-packages/airflow/example_dags/example_short_circuit_operator.py
[2024-12-09T20:46:45.553+0000] {processor.py:840} INFO - DAG(s) 'example_short_circuit_operator' retrieved from /home/airflow/.local/lib/python3.10/site-packages/airflow/example_dags/example_short_circuit_operator.py
[2024-12-09T20:46:45.575+0000] {logging_mixin.py:188} INFO - [2024-12-09T20:46:45.575+0000] {dag.py:3047} INFO - Sync 1 DAGs
[2024-12-09T20:46:45.595+0000] {logging_mixin.py:188} INFO - [2024-12-09T20:46:45.595+0000] {dag.py:3834} INFO - Setting next_dagrun for example_short_circuit_operator to 2024-12-08 00:00:00+00:00, run_after=2024-12-09 00:00:00+00:00
[2024-12-09T20:46:45.615+0000] {processor.py:183} INFO - Processing /home/airflow/.local/lib/python3.10/site-packages/airflow/example_dags/example_short_circuit_operator.py took 0.074 seconds
[2024-12-09T20:47:15.958+0000] {processor.py:161} INFO - Started process (PID=1159) to work on /home/airflow/.local/lib/python3.10/site-packages/airflow/example_dags/example_short_circuit_operator.py
[2024-12-09T20:47:15.959+0000] {processor.py:830} INFO - Processing file /home/airflow/.local/lib/python3.10/site-packages/airflow/example_dags/example_short_circuit_operator.py for tasks to queue
[2024-12-09T20:47:15.961+0000] {logging_mixin.py:188} INFO - [2024-12-09T20:47:15.961+0000] {dagbag.py:540} INFO - Filling up the DagBag from /home/airflow/.local/lib/python3.10/site-packages/airflow/example_dags/example_short_circuit_operator.py
[2024-12-09T20:47:15.986+0000] {processor.py:840} INFO - DAG(s) 'example_short_circuit_operator' retrieved from /home/airflow/.local/lib/python3.10/site-packages/airflow/example_dags/example_short_circuit_operator.py
[2024-12-09T20:47:16.016+0000] {logging_mixin.py:188} INFO - [2024-12-09T20:47:16.016+0000] {dag.py:3047} INFO - Sync 1 DAGs
[2024-12-09T20:47:16.042+0000] {logging_mixin.py:188} INFO - [2024-12-09T20:47:16.042+0000] {dag.py:3834} INFO - Setting next_dagrun for example_short_circuit_operator to 2024-12-08 00:00:00+00:00, run_after=2024-12-09 00:00:00+00:00
[2024-12-09T20:47:16.068+0000] {processor.py:183} INFO - Processing /home/airflow/.local/lib/python3.10/site-packages/airflow/example_dags/example_short_circuit_operator.py took 0.115 seconds
[2024-12-09T20:47:46.979+0000] {processor.py:161} INFO - Started process (PID=1214) to work on /home/airflow/.local/lib/python3.10/site-packages/airflow/example_dags/example_short_circuit_operator.py
[2024-12-09T20:47:46.980+0000] {processor.py:830} INFO - Processing file /home/airflow/.local/lib/python3.10/site-packages/airflow/example_dags/example_short_circuit_operator.py for tasks to queue
[2024-12-09T20:47:46.982+0000] {logging_mixin.py:188} INFO - [2024-12-09T20:47:46.981+0000] {dagbag.py:540} INFO - Filling up the DagBag from /home/airflow/.local/lib/python3.10/site-packages/airflow/example_dags/example_short_circuit_operator.py
[2024-12-09T20:47:46.990+0000] {processor.py:840} INFO - DAG(s) 'example_short_circuit_operator' retrieved from /home/airflow/.local/lib/python3.10/site-packages/airflow/example_dags/example_short_circuit_operator.py
[2024-12-09T20:47:47.012+0000] {logging_mixin.py:188} INFO - [2024-12-09T20:47:47.012+0000] {dag.py:3047} INFO - Sync 1 DAGs
[2024-12-09T20:47:47.035+0000] {logging_mixin.py:188} INFO - [2024-12-09T20:47:47.034+0000] {dag.py:3834} INFO - Setting next_dagrun for example_short_circuit_operator to 2024-12-08 00:00:00+00:00, run_after=2024-12-09 00:00:00+00:00
[2024-12-09T20:47:47.053+0000] {processor.py:183} INFO - Processing /home/airflow/.local/lib/python3.10/site-packages/airflow/example_dags/example_short_circuit_operator.py took 0.078 seconds
[2024-12-09T20:48:17.510+0000] {processor.py:161} INFO - Started process (PID=1269) to work on /home/airflow/.local/lib/python3.10/site-packages/airflow/example_dags/example_short_circuit_operator.py
[2024-12-09T20:48:17.511+0000] {processor.py:830} INFO - Processing file /home/airflow/.local/lib/python3.10/site-packages/airflow/example_dags/example_short_circuit_operator.py for tasks to queue
[2024-12-09T20:48:17.513+0000] {logging_mixin.py:188} INFO - [2024-12-09T20:48:17.513+0000] {dagbag.py:540} INFO - Filling up the DagBag from /home/airflow/.local/lib/python3.10/site-packages/airflow/example_dags/example_short_circuit_operator.py
[2024-12-09T20:48:17.522+0000] {processor.py:840} INFO - DAG(s) 'example_short_circuit_operator' retrieved from /home/airflow/.local/lib/python3.10/site-packages/airflow/example_dags/example_short_circuit_operator.py
[2024-12-09T20:48:17.547+0000] {logging_mixin.py:188} INFO - [2024-12-09T20:48:17.547+0000] {dag.py:3047} INFO - Sync 1 DAGs
[2024-12-09T20:48:17.570+0000] {logging_mixin.py:188} INFO - [2024-12-09T20:48:17.569+0000] {dag.py:3834} INFO - Setting next_dagrun for example_short_circuit_operator to 2024-12-08 00:00:00+00:00, run_after=2024-12-09 00:00:00+00:00
[2024-12-09T20:48:17.590+0000] {processor.py:183} INFO - Processing /home/airflow/.local/lib/python3.10/site-packages/airflow/example_dags/example_short_circuit_operator.py took 0.084 seconds
[2024-12-09T20:48:48.174+0000] {processor.py:161} INFO - Started process (PID=1324) to work on /home/airflow/.local/lib/python3.10/site-packages/airflow/example_dags/example_short_circuit_operator.py
[2024-12-09T20:48:48.176+0000] {processor.py:830} INFO - Processing file /home/airflow/.local/lib/python3.10/site-packages/airflow/example_dags/example_short_circuit_operator.py for tasks to queue
[2024-12-09T20:48:48.178+0000] {logging_mixin.py:188} INFO - [2024-12-09T20:48:48.177+0000] {dagbag.py:540} INFO - Filling up the DagBag from /home/airflow/.local/lib/python3.10/site-packages/airflow/example_dags/example_short_circuit_operator.py
[2024-12-09T20:48:48.186+0000] {processor.py:840} INFO - DAG(s) 'example_short_circuit_operator' retrieved from /home/airflow/.local/lib/python3.10/site-packages/airflow/example_dags/example_short_circuit_operator.py
[2024-12-09T20:48:48.212+0000] {logging_mixin.py:188} INFO - [2024-12-09T20:48:48.212+0000] {dag.py:3047} INFO - Sync 1 DAGs
[2024-12-09T20:48:48.236+0000] {logging_mixin.py:188} INFO - [2024-12-09T20:48:48.236+0000] {dag.py:3834} INFO - Setting next_dagrun for example_short_circuit_operator to 2024-12-08 00:00:00+00:00, run_after=2024-12-09 00:00:00+00:00
[2024-12-09T20:48:48.258+0000] {processor.py:183} INFO - Processing /home/airflow/.local/lib/python3.10/site-packages/airflow/example_dags/example_short_circuit_operator.py took 0.087 seconds
[2024-12-09T20:49:19.035+0000] {processor.py:161} INFO - Started process (PID=1379) to work on /home/airflow/.local/lib/python3.10/site-packages/airflow/example_dags/example_short_circuit_operator.py
[2024-12-09T20:49:19.037+0000] {processor.py:830} INFO - Processing file /home/airflow/.local/lib/python3.10/site-packages/airflow/example_dags/example_short_circuit_operator.py for tasks to queue
[2024-12-09T20:49:19.039+0000] {logging_mixin.py:188} INFO - [2024-12-09T20:49:19.039+0000] {dagbag.py:540} INFO - Filling up the DagBag from /home/airflow/.local/lib/python3.10/site-packages/airflow/example_dags/example_short_circuit_operator.py
[2024-12-09T20:49:19.046+0000] {processor.py:840} INFO - DAG(s) 'example_short_circuit_operator' retrieved from /home/airflow/.local/lib/python3.10/site-packages/airflow/example_dags/example_short_circuit_operator.py
[2024-12-09T20:49:19.069+0000] {logging_mixin.py:188} INFO - [2024-12-09T20:49:19.069+0000] {dag.py:3047} INFO - Sync 1 DAGs
[2024-12-09T20:49:19.088+0000] {logging_mixin.py:188} INFO - [2024-12-09T20:49:19.088+0000] {dag.py:3834} INFO - Setting next_dagrun for example_short_circuit_operator to 2024-12-08 00:00:00+00:00, run_after=2024-12-09 00:00:00+00:00
[2024-12-09T20:49:19.108+0000] {processor.py:183} INFO - Processing /home/airflow/.local/lib/python3.10/site-packages/airflow/example_dags/example_short_circuit_operator.py took 0.076 seconds
[2024-12-09T20:49:49.562+0000] {processor.py:161} INFO - Started process (PID=1435) to work on /home/airflow/.local/lib/python3.10/site-packages/airflow/example_dags/example_short_circuit_operator.py
[2024-12-09T20:49:49.563+0000] {processor.py:830} INFO - Processing file /home/airflow/.local/lib/python3.10/site-packages/airflow/example_dags/example_short_circuit_operator.py for tasks to queue
[2024-12-09T20:49:49.566+0000] {logging_mixin.py:188} INFO - [2024-12-09T20:49:49.565+0000] {dagbag.py:540} INFO - Filling up the DagBag from /home/airflow/.local/lib/python3.10/site-packages/airflow/example_dags/example_short_circuit_operator.py
[2024-12-09T20:49:49.573+0000] {processor.py:840} INFO - DAG(s) 'example_short_circuit_operator' retrieved from /home/airflow/.local/lib/python3.10/site-packages/airflow/example_dags/example_short_circuit_operator.py
[2024-12-09T20:49:49.596+0000] {logging_mixin.py:188} INFO - [2024-12-09T20:49:49.595+0000] {dag.py:3047} INFO - Sync 1 DAGs
[2024-12-09T20:49:49.615+0000] {logging_mixin.py:188} INFO - [2024-12-09T20:49:49.615+0000] {dag.py:3834} INFO - Setting next_dagrun for example_short_circuit_operator to 2024-12-08 00:00:00+00:00, run_after=2024-12-09 00:00:00+00:00
[2024-12-09T20:49:49.634+0000] {processor.py:183} INFO - Processing /home/airflow/.local/lib/python3.10/site-packages/airflow/example_dags/example_short_circuit_operator.py took 0.075 seconds
[2024-12-09T20:50:19.921+0000] {processor.py:161} INFO - Started process (PID=1490) to work on /home/airflow/.local/lib/python3.10/site-packages/airflow/example_dags/example_short_circuit_operator.py
[2024-12-09T20:50:19.922+0000] {processor.py:830} INFO - Processing file /home/airflow/.local/lib/python3.10/site-packages/airflow/example_dags/example_short_circuit_operator.py for tasks to queue
[2024-12-09T20:50:19.924+0000] {logging_mixin.py:188} INFO - [2024-12-09T20:50:19.924+0000] {dagbag.py:540} INFO - Filling up the DagBag from /home/airflow/.local/lib/python3.10/site-packages/airflow/example_dags/example_short_circuit_operator.py
[2024-12-09T20:50:19.931+0000] {processor.py:840} INFO - DAG(s) 'example_short_circuit_operator' retrieved from /home/airflow/.local/lib/python3.10/site-packages/airflow/example_dags/example_short_circuit_operator.py
[2024-12-09T20:50:19.954+0000] {logging_mixin.py:188} INFO - [2024-12-09T20:50:19.954+0000] {dag.py:3047} INFO - Sync 1 DAGs
[2024-12-09T20:50:19.973+0000] {logging_mixin.py:188} INFO - [2024-12-09T20:50:19.973+0000] {dag.py:3834} INFO - Setting next_dagrun for example_short_circuit_operator to 2024-12-08 00:00:00+00:00, run_after=2024-12-09 00:00:00+00:00
[2024-12-09T20:50:20.147+0000] {processor.py:183} INFO - Processing /home/airflow/.local/lib/python3.10/site-packages/airflow/example_dags/example_short_circuit_operator.py took 0.231 seconds
[2024-12-09T20:50:50.410+0000] {processor.py:161} INFO - Started process (PID=1546) to work on /home/airflow/.local/lib/python3.10/site-packages/airflow/example_dags/example_short_circuit_operator.py
[2024-12-09T20:50:50.411+0000] {processor.py:830} INFO - Processing file /home/airflow/.local/lib/python3.10/site-packages/airflow/example_dags/example_short_circuit_operator.py for tasks to queue
[2024-12-09T20:50:50.413+0000] {logging_mixin.py:188} INFO - [2024-12-09T20:50:50.413+0000] {dagbag.py:540} INFO - Filling up the DagBag from /home/airflow/.local/lib/python3.10/site-packages/airflow/example_dags/example_short_circuit_operator.py
[2024-12-09T20:50:50.419+0000] {processor.py:840} INFO - DAG(s) 'example_short_circuit_operator' retrieved from /home/airflow/.local/lib/python3.10/site-packages/airflow/example_dags/example_short_circuit_operator.py
[2024-12-09T20:50:50.441+0000] {logging_mixin.py:188} INFO - [2024-12-09T20:50:50.441+0000] {dag.py:3047} INFO - Sync 1 DAGs
[2024-12-09T20:50:50.460+0000] {logging_mixin.py:188} INFO - [2024-12-09T20:50:50.459+0000] {dag.py:3834} INFO - Setting next_dagrun for example_short_circuit_operator to 2024-12-08 00:00:00+00:00, run_after=2024-12-09 00:00:00+00:00
[2024-12-09T20:50:50.479+0000] {processor.py:183} INFO - Processing /home/airflow/.local/lib/python3.10/site-packages/airflow/example_dags/example_short_circuit_operator.py took 0.072 seconds
[2024-12-09T20:51:20.899+0000] {processor.py:161} INFO - Started process (PID=1602) to work on /home/airflow/.local/lib/python3.10/site-packages/airflow/example_dags/example_short_circuit_operator.py
[2024-12-09T20:51:20.900+0000] {processor.py:830} INFO - Processing file /home/airflow/.local/lib/python3.10/site-packages/airflow/example_dags/example_short_circuit_operator.py for tasks to queue
[2024-12-09T20:51:20.902+0000] {logging_mixin.py:188} INFO - [2024-12-09T20:51:20.902+0000] {dagbag.py:540} INFO - Filling up the DagBag from /home/airflow/.local/lib/python3.10/site-packages/airflow/example_dags/example_short_circuit_operator.py
[2024-12-09T20:51:20.909+0000] {processor.py:840} INFO - DAG(s) 'example_short_circuit_operator' retrieved from /home/airflow/.local/lib/python3.10/site-packages/airflow/example_dags/example_short_circuit_operator.py
[2024-12-09T20:51:20.931+0000] {logging_mixin.py:188} INFO - [2024-12-09T20:51:20.931+0000] {dag.py:3047} INFO - Sync 1 DAGs
[2024-12-09T20:51:20.949+0000] {logging_mixin.py:188} INFO - [2024-12-09T20:51:20.949+0000] {dag.py:3834} INFO - Setting next_dagrun for example_short_circuit_operator to 2024-12-08 00:00:00+00:00, run_after=2024-12-09 00:00:00+00:00
[2024-12-09T20:51:20.969+0000] {processor.py:183} INFO - Processing /home/airflow/.local/lib/python3.10/site-packages/airflow/example_dags/example_short_circuit_operator.py took 0.073 seconds
[2024-12-09T20:51:51.021+0000] {processor.py:161} INFO - Started process (PID=1658) to work on /home/airflow/.local/lib/python3.10/site-packages/airflow/example_dags/example_short_circuit_operator.py
[2024-12-09T20:51:51.023+0000] {processor.py:830} INFO - Processing file /home/airflow/.local/lib/python3.10/site-packages/airflow/example_dags/example_short_circuit_operator.py for tasks to queue
[2024-12-09T20:51:51.025+0000] {logging_mixin.py:188} INFO - [2024-12-09T20:51:51.024+0000] {dagbag.py:540} INFO - Filling up the DagBag from /home/airflow/.local/lib/python3.10/site-packages/airflow/example_dags/example_short_circuit_operator.py
[2024-12-09T20:51:51.031+0000] {processor.py:840} INFO - DAG(s) 'example_short_circuit_operator' retrieved from /home/airflow/.local/lib/python3.10/site-packages/airflow/example_dags/example_short_circuit_operator.py
[2024-12-09T20:51:51.054+0000] {logging_mixin.py:188} INFO - [2024-12-09T20:51:51.053+0000] {dag.py:3047} INFO - Sync 1 DAGs
[2024-12-09T20:51:51.074+0000] {logging_mixin.py:188} INFO - [2024-12-09T20:51:51.074+0000] {dag.py:3834} INFO - Setting next_dagrun for example_short_circuit_operator to 2024-12-08 00:00:00+00:00, run_after=2024-12-09 00:00:00+00:00
[2024-12-09T20:51:51.094+0000] {processor.py:183} INFO - Processing /home/airflow/.local/lib/python3.10/site-packages/airflow/example_dags/example_short_circuit_operator.py took 0.075 seconds
[2024-12-09T20:52:21.718+0000] {processor.py:161} INFO - Started process (PID=1713) to work on /home/airflow/.local/lib/python3.10/site-packages/airflow/example_dags/example_short_circuit_operator.py
[2024-12-09T20:52:21.720+0000] {processor.py:830} INFO - Processing file /home/airflow/.local/lib/python3.10/site-packages/airflow/example_dags/example_short_circuit_operator.py for tasks to queue
[2024-12-09T20:52:21.722+0000] {logging_mixin.py:188} INFO - [2024-12-09T20:52:21.721+0000] {dagbag.py:540} INFO - Filling up the DagBag from /home/airflow/.local/lib/python3.10/site-packages/airflow/example_dags/example_short_circuit_operator.py
[2024-12-09T20:52:21.729+0000] {processor.py:840} INFO - DAG(s) 'example_short_circuit_operator' retrieved from /home/airflow/.local/lib/python3.10/site-packages/airflow/example_dags/example_short_circuit_operator.py
[2024-12-09T20:52:21.750+0000] {logging_mixin.py:188} INFO - [2024-12-09T20:52:21.750+0000] {dag.py:3047} INFO - Sync 1 DAGs
[2024-12-09T20:52:21.888+0000] {logging_mixin.py:188} INFO - [2024-12-09T20:52:21.888+0000] {dag.py:3834} INFO - Setting next_dagrun for example_short_circuit_operator to 2024-12-08 00:00:00+00:00, run_after=2024-12-09 00:00:00+00:00
[2024-12-09T20:52:21.908+0000] {processor.py:183} INFO - Processing /home/airflow/.local/lib/python3.10/site-packages/airflow/example_dags/example_short_circuit_operator.py took 0.193 seconds
[2024-12-09T20:52:52.878+0000] {processor.py:161} INFO - Started process (PID=1768) to work on /home/airflow/.local/lib/python3.10/site-packages/airflow/example_dags/example_short_circuit_operator.py
[2024-12-09T20:52:52.879+0000] {processor.py:830} INFO - Processing file /home/airflow/.local/lib/python3.10/site-packages/airflow/example_dags/example_short_circuit_operator.py for tasks to queue
[2024-12-09T20:52:52.881+0000] {logging_mixin.py:188} INFO - [2024-12-09T20:52:52.881+0000] {dagbag.py:540} INFO - Filling up the DagBag from /home/airflow/.local/lib/python3.10/site-packages/airflow/example_dags/example_short_circuit_operator.py
[2024-12-09T20:52:52.889+0000] {processor.py:840} INFO - DAG(s) 'example_short_circuit_operator' retrieved from /home/airflow/.local/lib/python3.10/site-packages/airflow/example_dags/example_short_circuit_operator.py
[2024-12-09T20:52:52.916+0000] {logging_mixin.py:188} INFO - [2024-12-09T20:52:52.915+0000] {dag.py:3047} INFO - Sync 1 DAGs
[2024-12-09T20:52:53.076+0000] {logging_mixin.py:188} INFO - [2024-12-09T20:52:53.075+0000] {dag.py:3834} INFO - Setting next_dagrun for example_short_circuit_operator to 2024-12-08 00:00:00+00:00, run_after=2024-12-09 00:00:00+00:00
[2024-12-09T20:52:53.095+0000] {processor.py:183} INFO - Processing /home/airflow/.local/lib/python3.10/site-packages/airflow/example_dags/example_short_circuit_operator.py took 0.220 seconds
[2024-12-09T20:53:24.071+0000] {processor.py:161} INFO - Started process (PID=1824) to work on /home/airflow/.local/lib/python3.10/site-packages/airflow/example_dags/example_short_circuit_operator.py
[2024-12-09T20:53:24.072+0000] {processor.py:830} INFO - Processing file /home/airflow/.local/lib/python3.10/site-packages/airflow/example_dags/example_short_circuit_operator.py for tasks to queue
[2024-12-09T20:53:24.074+0000] {logging_mixin.py:188} INFO - [2024-12-09T20:53:24.074+0000] {dagbag.py:540} INFO - Filling up the DagBag from /home/airflow/.local/lib/python3.10/site-packages/airflow/example_dags/example_short_circuit_operator.py
[2024-12-09T20:53:24.082+0000] {processor.py:840} INFO - DAG(s) 'example_short_circuit_operator' retrieved from /home/airflow/.local/lib/python3.10/site-packages/airflow/example_dags/example_short_circuit_operator.py
[2024-12-09T20:53:24.104+0000] {logging_mixin.py:188} INFO - [2024-12-09T20:53:24.103+0000] {dag.py:3047} INFO - Sync 1 DAGs
[2024-12-09T20:53:24.122+0000] {logging_mixin.py:188} INFO - [2024-12-09T20:53:24.122+0000] {dag.py:3834} INFO - Setting next_dagrun for example_short_circuit_operator to 2024-12-08 00:00:00+00:00, run_after=2024-12-09 00:00:00+00:00
[2024-12-09T20:53:24.270+0000] {processor.py:183} INFO - Processing /home/airflow/.local/lib/python3.10/site-packages/airflow/example_dags/example_short_circuit_operator.py took 0.202 seconds
[2024-12-09T20:53:54.689+0000] {processor.py:161} INFO - Started process (PID=1879) to work on /home/airflow/.local/lib/python3.10/site-packages/airflow/example_dags/example_short_circuit_operator.py
[2024-12-09T20:53:54.693+0000] {processor.py:830} INFO - Processing file /home/airflow/.local/lib/python3.10/site-packages/airflow/example_dags/example_short_circuit_operator.py for tasks to queue
[2024-12-09T20:53:54.697+0000] {logging_mixin.py:188} INFO - [2024-12-09T20:53:54.696+0000] {dagbag.py:540} INFO - Filling up the DagBag from /home/airflow/.local/lib/python3.10/site-packages/airflow/example_dags/example_short_circuit_operator.py
[2024-12-09T20:53:54.709+0000] {processor.py:840} INFO - DAG(s) 'example_short_circuit_operator' retrieved from /home/airflow/.local/lib/python3.10/site-packages/airflow/example_dags/example_short_circuit_operator.py
[2024-12-09T20:53:54.748+0000] {logging_mixin.py:188} INFO - [2024-12-09T20:53:54.748+0000] {dag.py:3047} INFO - Sync 1 DAGs
[2024-12-09T20:53:54.786+0000] {logging_mixin.py:188} INFO - [2024-12-09T20:53:54.786+0000] {dag.py:3834} INFO - Setting next_dagrun for example_short_circuit_operator to 2024-12-08 00:00:00+00:00, run_after=2024-12-09 00:00:00+00:00
[2024-12-09T20:53:54.824+0000] {processor.py:183} INFO - Processing /home/airflow/.local/lib/python3.10/site-packages/airflow/example_dags/example_short_circuit_operator.py took 0.140 seconds
[2024-12-09T20:54:25.079+0000] {processor.py:161} INFO - Started process (PID=1935) to work on /home/airflow/.local/lib/python3.10/site-packages/airflow/example_dags/example_short_circuit_operator.py
[2024-12-09T20:54:25.080+0000] {processor.py:830} INFO - Processing file /home/airflow/.local/lib/python3.10/site-packages/airflow/example_dags/example_short_circuit_operator.py for tasks to queue
[2024-12-09T20:54:25.082+0000] {logging_mixin.py:188} INFO - [2024-12-09T20:54:25.082+0000] {dagbag.py:540} INFO - Filling up the DagBag from /home/airflow/.local/lib/python3.10/site-packages/airflow/example_dags/example_short_circuit_operator.py
[2024-12-09T20:54:25.090+0000] {processor.py:840} INFO - DAG(s) 'example_short_circuit_operator' retrieved from /home/airflow/.local/lib/python3.10/site-packages/airflow/example_dags/example_short_circuit_operator.py
[2024-12-09T20:54:25.115+0000] {logging_mixin.py:188} INFO - [2024-12-09T20:54:25.115+0000] {dag.py:3047} INFO - Sync 1 DAGs
[2024-12-09T20:54:25.142+0000] {logging_mixin.py:188} INFO - [2024-12-09T20:54:25.141+0000] {dag.py:3834} INFO - Setting next_dagrun for example_short_circuit_operator to 2024-12-08 00:00:00+00:00, run_after=2024-12-09 00:00:00+00:00
[2024-12-09T20:54:25.163+0000] {processor.py:183} INFO - Processing /home/airflow/.local/lib/python3.10/site-packages/airflow/example_dags/example_short_circuit_operator.py took 0.087 seconds
[2024-12-09T20:54:55.245+0000] {processor.py:161} INFO - Started process (PID=1990) to work on /home/airflow/.local/lib/python3.10/site-packages/airflow/example_dags/example_short_circuit_operator.py
[2024-12-09T20:54:55.246+0000] {processor.py:830} INFO - Processing file /home/airflow/.local/lib/python3.10/site-packages/airflow/example_dags/example_short_circuit_operator.py for tasks to queue
[2024-12-09T20:54:55.248+0000] {logging_mixin.py:188} INFO - [2024-12-09T20:54:55.248+0000] {dagbag.py:540} INFO - Filling up the DagBag from /home/airflow/.local/lib/python3.10/site-packages/airflow/example_dags/example_short_circuit_operator.py
[2024-12-09T20:54:55.255+0000] {processor.py:840} INFO - DAG(s) 'example_short_circuit_operator' retrieved from /home/airflow/.local/lib/python3.10/site-packages/airflow/example_dags/example_short_circuit_operator.py
[2024-12-09T20:54:55.277+0000] {logging_mixin.py:188} INFO - [2024-12-09T20:54:55.277+0000] {dag.py:3047} INFO - Sync 1 DAGs
[2024-12-09T20:54:55.296+0000] {logging_mixin.py:188} INFO - [2024-12-09T20:54:55.295+0000] {dag.py:3834} INFO - Setting next_dagrun for example_short_circuit_operator to 2024-12-08 00:00:00+00:00, run_after=2024-12-09 00:00:00+00:00
[2024-12-09T20:54:55.315+0000] {processor.py:183} INFO - Processing /home/airflow/.local/lib/python3.10/site-packages/airflow/example_dags/example_short_circuit_operator.py took 0.074 seconds
[2024-12-09T20:55:25.434+0000] {processor.py:161} INFO - Started process (PID=2045) to work on /home/airflow/.local/lib/python3.10/site-packages/airflow/example_dags/example_short_circuit_operator.py
[2024-12-09T20:55:25.436+0000] {processor.py:830} INFO - Processing file /home/airflow/.local/lib/python3.10/site-packages/airflow/example_dags/example_short_circuit_operator.py for tasks to queue
[2024-12-09T20:55:25.439+0000] {logging_mixin.py:188} INFO - [2024-12-09T20:55:25.438+0000] {dagbag.py:540} INFO - Filling up the DagBag from /home/airflow/.local/lib/python3.10/site-packages/airflow/example_dags/example_short_circuit_operator.py
[2024-12-09T20:55:25.447+0000] {processor.py:840} INFO - DAG(s) 'example_short_circuit_operator' retrieved from /home/airflow/.local/lib/python3.10/site-packages/airflow/example_dags/example_short_circuit_operator.py
[2024-12-09T20:55:25.483+0000] {logging_mixin.py:188} INFO - [2024-12-09T20:55:25.482+0000] {dag.py:3047} INFO - Sync 1 DAGs
[2024-12-09T20:55:25.553+0000] {logging_mixin.py:188} INFO - [2024-12-09T20:55:25.553+0000] {dag.py:3834} INFO - Setting next_dagrun for example_short_circuit_operator to 2024-12-08 00:00:00+00:00, run_after=2024-12-09 00:00:00+00:00
[2024-12-09T20:55:25.592+0000] {processor.py:183} INFO - Processing /home/airflow/.local/lib/python3.10/site-packages/airflow/example_dags/example_short_circuit_operator.py took 0.163 seconds
[2024-12-09T20:55:56.334+0000] {processor.py:161} INFO - Started process (PID=2100) to work on /home/airflow/.local/lib/python3.10/site-packages/airflow/example_dags/example_short_circuit_operator.py
[2024-12-09T20:55:56.335+0000] {processor.py:830} INFO - Processing file /home/airflow/.local/lib/python3.10/site-packages/airflow/example_dags/example_short_circuit_operator.py for tasks to queue
[2024-12-09T20:55:56.339+0000] {logging_mixin.py:188} INFO - [2024-12-09T20:55:56.337+0000] {dagbag.py:540} INFO - Filling up the DagBag from /home/airflow/.local/lib/python3.10/site-packages/airflow/example_dags/example_short_circuit_operator.py
[2024-12-09T20:55:56.352+0000] {processor.py:840} INFO - DAG(s) 'example_short_circuit_operator' retrieved from /home/airflow/.local/lib/python3.10/site-packages/airflow/example_dags/example_short_circuit_operator.py
[2024-12-09T20:55:56.398+0000] {logging_mixin.py:188} INFO - [2024-12-09T20:55:56.398+0000] {dag.py:3047} INFO - Sync 1 DAGs
[2024-12-09T20:55:56.433+0000] {logging_mixin.py:188} INFO - [2024-12-09T20:55:56.432+0000] {dag.py:3834} INFO - Setting next_dagrun for example_short_circuit_operator to 2024-12-08 00:00:00+00:00, run_after=2024-12-09 00:00:00+00:00
[2024-12-09T20:55:56.455+0000] {processor.py:183} INFO - Processing /home/airflow/.local/lib/python3.10/site-packages/airflow/example_dags/example_short_circuit_operator.py took 0.125 seconds
[2024-12-09T20:56:26.975+0000] {processor.py:161} INFO - Started process (PID=2156) to work on /home/airflow/.local/lib/python3.10/site-packages/airflow/example_dags/example_short_circuit_operator.py
[2024-12-09T20:56:26.976+0000] {processor.py:830} INFO - Processing file /home/airflow/.local/lib/python3.10/site-packages/airflow/example_dags/example_short_circuit_operator.py for tasks to queue
[2024-12-09T20:56:26.978+0000] {logging_mixin.py:188} INFO - [2024-12-09T20:56:26.978+0000] {dagbag.py:540} INFO - Filling up the DagBag from /home/airflow/.local/lib/python3.10/site-packages/airflow/example_dags/example_short_circuit_operator.py
[2024-12-09T20:56:26.985+0000] {processor.py:840} INFO - DAG(s) 'example_short_circuit_operator' retrieved from /home/airflow/.local/lib/python3.10/site-packages/airflow/example_dags/example_short_circuit_operator.py
[2024-12-09T20:56:27.007+0000] {logging_mixin.py:188} INFO - [2024-12-09T20:56:27.007+0000] {dag.py:3047} INFO - Sync 1 DAGs
[2024-12-09T20:56:27.029+0000] {logging_mixin.py:188} INFO - [2024-12-09T20:56:27.029+0000] {dag.py:3834} INFO - Setting next_dagrun for example_short_circuit_operator to 2024-12-08 00:00:00+00:00, run_after=2024-12-09 00:00:00+00:00
[2024-12-09T20:56:27.049+0000] {processor.py:183} INFO - Processing /home/airflow/.local/lib/python3.10/site-packages/airflow/example_dags/example_short_circuit_operator.py took 0.078 seconds
[2024-12-09T20:56:57.538+0000] {processor.py:161} INFO - Started process (PID=2212) to work on /home/airflow/.local/lib/python3.10/site-packages/airflow/example_dags/example_short_circuit_operator.py
[2024-12-09T20:56:57.539+0000] {processor.py:830} INFO - Processing file /home/airflow/.local/lib/python3.10/site-packages/airflow/example_dags/example_short_circuit_operator.py for tasks to queue
[2024-12-09T20:56:57.541+0000] {logging_mixin.py:188} INFO - [2024-12-09T20:56:57.541+0000] {dagbag.py:540} INFO - Filling up the DagBag from /home/airflow/.local/lib/python3.10/site-packages/airflow/example_dags/example_short_circuit_operator.py
[2024-12-09T20:56:57.548+0000] {processor.py:840} INFO - DAG(s) 'example_short_circuit_operator' retrieved from /home/airflow/.local/lib/python3.10/site-packages/airflow/example_dags/example_short_circuit_operator.py
[2024-12-09T20:56:57.571+0000] {logging_mixin.py:188} INFO - [2024-12-09T20:56:57.571+0000] {dag.py:3047} INFO - Sync 1 DAGs
[2024-12-09T20:56:57.595+0000] {logging_mixin.py:188} INFO - [2024-12-09T20:56:57.595+0000] {dag.py:3834} INFO - Setting next_dagrun for example_short_circuit_operator to 2024-12-08 00:00:00+00:00, run_after=2024-12-09 00:00:00+00:00
[2024-12-09T20:56:57.616+0000] {processor.py:183} INFO - Processing /home/airflow/.local/lib/python3.10/site-packages/airflow/example_dags/example_short_circuit_operator.py took 0.081 seconds
[2024-12-09T20:57:27.744+0000] {processor.py:161} INFO - Started process (PID=2267) to work on /home/airflow/.local/lib/python3.10/site-packages/airflow/example_dags/example_short_circuit_operator.py
[2024-12-09T20:57:27.746+0000] {processor.py:830} INFO - Processing file /home/airflow/.local/lib/python3.10/site-packages/airflow/example_dags/example_short_circuit_operator.py for tasks to queue
[2024-12-09T20:57:27.748+0000] {logging_mixin.py:188} INFO - [2024-12-09T20:57:27.747+0000] {dagbag.py:540} INFO - Filling up the DagBag from /home/airflow/.local/lib/python3.10/site-packages/airflow/example_dags/example_short_circuit_operator.py
[2024-12-09T20:57:27.755+0000] {processor.py:840} INFO - DAG(s) 'example_short_circuit_operator' retrieved from /home/airflow/.local/lib/python3.10/site-packages/airflow/example_dags/example_short_circuit_operator.py
[2024-12-09T20:57:27.780+0000] {logging_mixin.py:188} INFO - [2024-12-09T20:57:27.780+0000] {dag.py:3047} INFO - Sync 1 DAGs
[2024-12-09T20:57:27.803+0000] {logging_mixin.py:188} INFO - [2024-12-09T20:57:27.802+0000] {dag.py:3834} INFO - Setting next_dagrun for example_short_circuit_operator to 2024-12-08 00:00:00+00:00, run_after=2024-12-09 00:00:00+00:00
[2024-12-09T20:57:27.826+0000] {processor.py:183} INFO - Processing /home/airflow/.local/lib/python3.10/site-packages/airflow/example_dags/example_short_circuit_operator.py took 0.086 seconds
[2024-12-09T21:56:38.275+0000] {processor.py:161} INFO - Started process (PID=2333) to work on /home/airflow/.local/lib/python3.10/site-packages/airflow/example_dags/example_short_circuit_operator.py
[2024-12-09T21:56:38.277+0000] {processor.py:830} INFO - Processing file /home/airflow/.local/lib/python3.10/site-packages/airflow/example_dags/example_short_circuit_operator.py for tasks to queue
[2024-12-09T21:56:38.282+0000] {logging_mixin.py:188} INFO - [2024-12-09T21:56:38.282+0000] {dagbag.py:540} INFO - Filling up the DagBag from /home/airflow/.local/lib/python3.10/site-packages/airflow/example_dags/example_short_circuit_operator.py
[2024-12-09T21:56:38.327+0000] {processor.py:840} INFO - DAG(s) 'example_short_circuit_operator' retrieved from /home/airflow/.local/lib/python3.10/site-packages/airflow/example_dags/example_short_circuit_operator.py
[2024-12-09T21:56:38.476+0000] {logging_mixin.py:188} INFO - [2024-12-09T21:56:38.476+0000] {dag.py:3047} INFO - Sync 1 DAGs
[2024-12-09T21:56:38.541+0000] {logging_mixin.py:188} INFO - [2024-12-09T21:56:38.541+0000] {dag.py:3834} INFO - Setting next_dagrun for example_short_circuit_operator to 2024-12-08 00:00:00+00:00, run_after=2024-12-09 00:00:00+00:00
[2024-12-09T21:56:38.653+0000] {processor.py:183} INFO - Processing /home/airflow/.local/lib/python3.10/site-packages/airflow/example_dags/example_short_circuit_operator.py took 0.383 seconds
[2024-12-09T21:57:09.687+0000] {processor.py:161} INFO - Started process (PID=2389) to work on /home/airflow/.local/lib/python3.10/site-packages/airflow/example_dags/example_short_circuit_operator.py
[2024-12-09T21:57:09.688+0000] {processor.py:830} INFO - Processing file /home/airflow/.local/lib/python3.10/site-packages/airflow/example_dags/example_short_circuit_operator.py for tasks to queue
[2024-12-09T21:57:09.690+0000] {logging_mixin.py:188} INFO - [2024-12-09T21:57:09.690+0000] {dagbag.py:540} INFO - Filling up the DagBag from /home/airflow/.local/lib/python3.10/site-packages/airflow/example_dags/example_short_circuit_operator.py
[2024-12-09T21:57:09.699+0000] {processor.py:840} INFO - DAG(s) 'example_short_circuit_operator' retrieved from /home/airflow/.local/lib/python3.10/site-packages/airflow/example_dags/example_short_circuit_operator.py
[2024-12-09T21:57:09.721+0000] {logging_mixin.py:188} INFO - [2024-12-09T21:57:09.721+0000] {dag.py:3047} INFO - Sync 1 DAGs
[2024-12-09T21:57:09.738+0000] {logging_mixin.py:188} INFO - [2024-12-09T21:57:09.737+0000] {dag.py:3834} INFO - Setting next_dagrun for example_short_circuit_operator to 2024-12-08 00:00:00+00:00, run_after=2024-12-09 00:00:00+00:00
[2024-12-09T21:57:09.758+0000] {processor.py:183} INFO - Processing /home/airflow/.local/lib/python3.10/site-packages/airflow/example_dags/example_short_circuit_operator.py took 0.075 seconds
[2024-12-09T21:57:55.018+0000] {processor.py:161} INFO - Started process (PID=2445) to work on /home/airflow/.local/lib/python3.10/site-packages/airflow/example_dags/example_short_circuit_operator.py
[2024-12-09T21:57:55.019+0000] {processor.py:830} INFO - Processing file /home/airflow/.local/lib/python3.10/site-packages/airflow/example_dags/example_short_circuit_operator.py for tasks to queue
[2024-12-09T21:57:55.022+0000] {logging_mixin.py:188} INFO - [2024-12-09T21:57:55.021+0000] {dagbag.py:540} INFO - Filling up the DagBag from /home/airflow/.local/lib/python3.10/site-packages/airflow/example_dags/example_short_circuit_operator.py
[2024-12-09T21:57:55.031+0000] {processor.py:840} INFO - DAG(s) 'example_short_circuit_operator' retrieved from /home/airflow/.local/lib/python3.10/site-packages/airflow/example_dags/example_short_circuit_operator.py
[2024-12-09T21:57:55.057+0000] {logging_mixin.py:188} INFO - [2024-12-09T21:57:55.056+0000] {dag.py:3047} INFO - Sync 1 DAGs
[2024-12-09T21:57:55.078+0000] {logging_mixin.py:188} INFO - [2024-12-09T21:57:55.078+0000] {dag.py:3834} INFO - Setting next_dagrun for example_short_circuit_operator to 2024-12-08 00:00:00+00:00, run_after=2024-12-09 00:00:00+00:00
[2024-12-09T21:57:55.098+0000] {processor.py:183} INFO - Processing /home/airflow/.local/lib/python3.10/site-packages/airflow/example_dags/example_short_circuit_operator.py took 0.084 seconds
[2024-12-09T21:58:25.453+0000] {processor.py:161} INFO - Started process (PID=2500) to work on /home/airflow/.local/lib/python3.10/site-packages/airflow/example_dags/example_short_circuit_operator.py
[2024-12-09T21:58:25.454+0000] {processor.py:830} INFO - Processing file /home/airflow/.local/lib/python3.10/site-packages/airflow/example_dags/example_short_circuit_operator.py for tasks to queue
[2024-12-09T21:58:25.456+0000] {logging_mixin.py:188} INFO - [2024-12-09T21:58:25.456+0000] {dagbag.py:540} INFO - Filling up the DagBag from /home/airflow/.local/lib/python3.10/site-packages/airflow/example_dags/example_short_circuit_operator.py
[2024-12-09T21:58:25.464+0000] {processor.py:840} INFO - DAG(s) 'example_short_circuit_operator' retrieved from /home/airflow/.local/lib/python3.10/site-packages/airflow/example_dags/example_short_circuit_operator.py
[2024-12-09T21:58:25.487+0000] {logging_mixin.py:188} INFO - [2024-12-09T21:58:25.486+0000] {dag.py:3047} INFO - Sync 1 DAGs
[2024-12-09T21:58:25.504+0000] {logging_mixin.py:188} INFO - [2024-12-09T21:58:25.504+0000] {dag.py:3834} INFO - Setting next_dagrun for example_short_circuit_operator to 2024-12-08 00:00:00+00:00, run_after=2024-12-09 00:00:00+00:00
[2024-12-09T21:58:25.523+0000] {processor.py:183} INFO - Processing /home/airflow/.local/lib/python3.10/site-packages/airflow/example_dags/example_short_circuit_operator.py took 0.073 seconds
[2024-12-09T21:58:56.401+0000] {processor.py:161} INFO - Started process (PID=2555) to work on /home/airflow/.local/lib/python3.10/site-packages/airflow/example_dags/example_short_circuit_operator.py
[2024-12-09T21:58:56.402+0000] {processor.py:830} INFO - Processing file /home/airflow/.local/lib/python3.10/site-packages/airflow/example_dags/example_short_circuit_operator.py for tasks to queue
[2024-12-09T21:58:56.404+0000] {logging_mixin.py:188} INFO - [2024-12-09T21:58:56.404+0000] {dagbag.py:540} INFO - Filling up the DagBag from /home/airflow/.local/lib/python3.10/site-packages/airflow/example_dags/example_short_circuit_operator.py
[2024-12-09T21:58:56.412+0000] {processor.py:840} INFO - DAG(s) 'example_short_circuit_operator' retrieved from /home/airflow/.local/lib/python3.10/site-packages/airflow/example_dags/example_short_circuit_operator.py
[2024-12-09T21:58:56.435+0000] {logging_mixin.py:188} INFO - [2024-12-09T21:58:56.435+0000] {dag.py:3047} INFO - Sync 1 DAGs
[2024-12-09T21:58:56.453+0000] {logging_mixin.py:188} INFO - [2024-12-09T21:58:56.452+0000] {dag.py:3834} INFO - Setting next_dagrun for example_short_circuit_operator to 2024-12-08 00:00:00+00:00, run_after=2024-12-09 00:00:00+00:00
[2024-12-09T21:58:56.474+0000] {processor.py:183} INFO - Processing /home/airflow/.local/lib/python3.10/site-packages/airflow/example_dags/example_short_circuit_operator.py took 0.077 seconds
[2024-12-09T21:59:27.372+0000] {processor.py:161} INFO - Started process (PID=2611) to work on /home/airflow/.local/lib/python3.10/site-packages/airflow/example_dags/example_short_circuit_operator.py
[2024-12-09T21:59:27.373+0000] {processor.py:830} INFO - Processing file /home/airflow/.local/lib/python3.10/site-packages/airflow/example_dags/example_short_circuit_operator.py for tasks to queue
[2024-12-09T21:59:27.375+0000] {logging_mixin.py:188} INFO - [2024-12-09T21:59:27.375+0000] {dagbag.py:540} INFO - Filling up the DagBag from /home/airflow/.local/lib/python3.10/site-packages/airflow/example_dags/example_short_circuit_operator.py
[2024-12-09T21:59:27.383+0000] {processor.py:840} INFO - DAG(s) 'example_short_circuit_operator' retrieved from /home/airflow/.local/lib/python3.10/site-packages/airflow/example_dags/example_short_circuit_operator.py
[2024-12-09T21:59:27.406+0000] {logging_mixin.py:188} INFO - [2024-12-09T21:59:27.406+0000] {dag.py:3047} INFO - Sync 1 DAGs
[2024-12-09T21:59:27.424+0000] {logging_mixin.py:188} INFO - [2024-12-09T21:59:27.424+0000] {dag.py:3834} INFO - Setting next_dagrun for example_short_circuit_operator to 2024-12-08 00:00:00+00:00, run_after=2024-12-09 00:00:00+00:00
[2024-12-09T21:59:27.450+0000] {processor.py:183} INFO - Processing /home/airflow/.local/lib/python3.10/site-packages/airflow/example_dags/example_short_circuit_operator.py took 0.082 seconds
[2024-12-09T21:59:57.523+0000] {processor.py:161} INFO - Started process (PID=2666) to work on /home/airflow/.local/lib/python3.10/site-packages/airflow/example_dags/example_short_circuit_operator.py
[2024-12-09T21:59:57.524+0000] {processor.py:830} INFO - Processing file /home/airflow/.local/lib/python3.10/site-packages/airflow/example_dags/example_short_circuit_operator.py for tasks to queue
[2024-12-09T21:59:57.526+0000] {logging_mixin.py:188} INFO - [2024-12-09T21:59:57.526+0000] {dagbag.py:540} INFO - Filling up the DagBag from /home/airflow/.local/lib/python3.10/site-packages/airflow/example_dags/example_short_circuit_operator.py
[2024-12-09T21:59:57.533+0000] {processor.py:840} INFO - DAG(s) 'example_short_circuit_operator' retrieved from /home/airflow/.local/lib/python3.10/site-packages/airflow/example_dags/example_short_circuit_operator.py
[2024-12-09T21:59:57.557+0000] {logging_mixin.py:188} INFO - [2024-12-09T21:59:57.557+0000] {dag.py:3047} INFO - Sync 1 DAGs
[2024-12-09T21:59:57.574+0000] {logging_mixin.py:188} INFO - [2024-12-09T21:59:57.574+0000] {dag.py:3834} INFO - Setting next_dagrun for example_short_circuit_operator to 2024-12-08 00:00:00+00:00, run_after=2024-12-09 00:00:00+00:00
[2024-12-09T21:59:57.592+0000] {processor.py:183} INFO - Processing /home/airflow/.local/lib/python3.10/site-packages/airflow/example_dags/example_short_circuit_operator.py took 0.072 seconds
[2024-12-09T23:00:44.935+0000] {processor.py:161} INFO - Started process (PID=2722) to work on /home/airflow/.local/lib/python3.10/site-packages/airflow/example_dags/example_short_circuit_operator.py
[2024-12-09T23:00:44.937+0000] {processor.py:830} INFO - Processing file /home/airflow/.local/lib/python3.10/site-packages/airflow/example_dags/example_short_circuit_operator.py for tasks to queue
[2024-12-09T23:00:44.940+0000] {logging_mixin.py:188} INFO - [2024-12-09T23:00:44.939+0000] {dagbag.py:540} INFO - Filling up the DagBag from /home/airflow/.local/lib/python3.10/site-packages/airflow/example_dags/example_short_circuit_operator.py
[2024-12-09T23:00:44.956+0000] {processor.py:840} INFO - DAG(s) 'example_short_circuit_operator' retrieved from /home/airflow/.local/lib/python3.10/site-packages/airflow/example_dags/example_short_circuit_operator.py
[2024-12-09T23:00:45.056+0000] {logging_mixin.py:188} INFO - [2024-12-09T23:00:45.055+0000] {dag.py:3047} INFO - Sync 1 DAGs
[2024-12-09T23:00:45.121+0000] {logging_mixin.py:188} INFO - [2024-12-09T23:00:45.121+0000] {dag.py:3834} INFO - Setting next_dagrun for example_short_circuit_operator to 2024-12-08 00:00:00+00:00, run_after=2024-12-09 00:00:00+00:00
[2024-12-09T23:00:45.183+0000] {processor.py:183} INFO - Processing /home/airflow/.local/lib/python3.10/site-packages/airflow/example_dags/example_short_circuit_operator.py took 0.254 seconds
