[2024-12-09T13:35:24.033+0000] {processor.py:161} INFO - Started process (PID=51) to work on /home/airflow/.local/lib/python3.10/site-packages/airflow/example_dags/example_branch_labels.py
[2024-12-09T13:35:24.037+0000] {processor.py:830} INFO - Processing file /home/airflow/.local/lib/python3.10/site-packages/airflow/example_dags/example_branch_labels.py for tasks to queue
[2024-12-09T13:35:24.051+0000] {logging_mixin.py:188} INFO - [2024-12-09T13:35:24.041+0000] {dagbag.py:540} INFO - Filling up the DagBag from /home/airflow/.local/lib/python3.10/site-packages/airflow/example_dags/example_branch_labels.py
[2024-12-09T13:35:24.123+0000] {processor.py:840} INFO - DAG(s) 'example_branch_labels' retrieved from /home/airflow/.local/lib/python3.10/site-packages/airflow/example_dags/example_branch_labels.py
[2024-12-09T13:35:24.257+0000] {logging_mixin.py:188} INFO - [2024-12-09T13:35:24.256+0000] {dag.py:3047} INFO - Sync 1 DAGs
[2024-12-09T13:35:24.364+0000] {logging_mixin.py:188} INFO - [2024-12-09T13:35:24.363+0000] {dag.py:3834} INFO - Setting next_dagrun for example_branch_labels to 2024-12-08 00:00:00+00:00, run_after=2024-12-09 00:00:00+00:00
[2024-12-09T13:35:24.492+0000] {processor.py:183} INFO - Processing /home/airflow/.local/lib/python3.10/site-packages/airflow/example_dags/example_branch_labels.py took 0.485 seconds
[2024-12-09T20:37:04.895+0000] {processor.py:161} INFO - Started process (PID=43) to work on /home/airflow/.local/lib/python3.10/site-packages/airflow/example_dags/example_branch_labels.py
[2024-12-09T20:37:04.900+0000] {processor.py:830} INFO - Processing file /home/airflow/.local/lib/python3.10/site-packages/airflow/example_dags/example_branch_labels.py for tasks to queue
[2024-12-09T20:37:04.917+0000] {logging_mixin.py:188} INFO - [2024-12-09T20:37:04.903+0000] {dagbag.py:540} INFO - Filling up the DagBag from /home/airflow/.local/lib/python3.10/site-packages/airflow/example_dags/example_branch_labels.py
[2024-12-09T20:37:05.296+0000] {processor.py:840} INFO - DAG(s) 'example_branch_labels' retrieved from /home/airflow/.local/lib/python3.10/site-packages/airflow/example_dags/example_branch_labels.py
[2024-12-09T20:37:05.591+0000] {logging_mixin.py:188} INFO - [2024-12-09T20:37:05.590+0000] {dag.py:3047} INFO - Sync 1 DAGs
[2024-12-09T20:37:05.664+0000] {logging_mixin.py:188} INFO - [2024-12-09T20:37:05.663+0000] {dag.py:3834} INFO - Setting next_dagrun for example_branch_labels to 2024-12-08 00:00:00+00:00, run_after=2024-12-09 00:00:00+00:00
[2024-12-09T20:37:05.725+0000] {processor.py:183} INFO - Processing /home/airflow/.local/lib/python3.10/site-packages/airflow/example_dags/example_branch_labels.py took 0.867 seconds
[2024-12-09T20:37:38.368+0000] {processor.py:161} INFO - Started process (PID=106) to work on /home/airflow/.local/lib/python3.10/site-packages/airflow/example_dags/example_branch_labels.py
[2024-12-09T20:37:38.371+0000] {processor.py:830} INFO - Processing file /home/airflow/.local/lib/python3.10/site-packages/airflow/example_dags/example_branch_labels.py for tasks to queue
[2024-12-09T20:37:38.378+0000] {logging_mixin.py:188} INFO - [2024-12-09T20:37:38.377+0000] {dagbag.py:540} INFO - Filling up the DagBag from /home/airflow/.local/lib/python3.10/site-packages/airflow/example_dags/example_branch_labels.py
[2024-12-09T20:37:38.419+0000] {processor.py:840} INFO - DAG(s) 'example_branch_labels' retrieved from /home/airflow/.local/lib/python3.10/site-packages/airflow/example_dags/example_branch_labels.py
[2024-12-09T20:37:38.485+0000] {logging_mixin.py:188} INFO - [2024-12-09T20:37:38.484+0000] {dag.py:3047} INFO - Sync 1 DAGs
[2024-12-09T20:37:38.523+0000] {logging_mixin.py:188} INFO - [2024-12-09T20:37:38.523+0000] {dag.py:3834} INFO - Setting next_dagrun for example_branch_labels to 2024-12-08 00:00:00+00:00, run_after=2024-12-09 00:00:00+00:00
[2024-12-09T20:37:38.576+0000] {processor.py:183} INFO - Processing /home/airflow/.local/lib/python3.10/site-packages/airflow/example_dags/example_branch_labels.py took 0.213 seconds
[2024-12-09T20:38:08.922+0000] {processor.py:161} INFO - Started process (PID=163) to work on /home/airflow/.local/lib/python3.10/site-packages/airflow/example_dags/example_branch_labels.py
[2024-12-09T20:38:08.923+0000] {processor.py:830} INFO - Processing file /home/airflow/.local/lib/python3.10/site-packages/airflow/example_dags/example_branch_labels.py for tasks to queue
[2024-12-09T20:38:08.925+0000] {logging_mixin.py:188} INFO - [2024-12-09T20:38:08.925+0000] {dagbag.py:540} INFO - Filling up the DagBag from /home/airflow/.local/lib/python3.10/site-packages/airflow/example_dags/example_branch_labels.py
[2024-12-09T20:38:08.933+0000] {processor.py:840} INFO - DAG(s) 'example_branch_labels' retrieved from /home/airflow/.local/lib/python3.10/site-packages/airflow/example_dags/example_branch_labels.py
[2024-12-09T20:38:08.955+0000] {logging_mixin.py:188} INFO - [2024-12-09T20:38:08.954+0000] {dag.py:3047} INFO - Sync 1 DAGs
[2024-12-09T20:38:08.975+0000] {logging_mixin.py:188} INFO - [2024-12-09T20:38:08.975+0000] {dag.py:3834} INFO - Setting next_dagrun for example_branch_labels to 2024-12-08 00:00:00+00:00, run_after=2024-12-09 00:00:00+00:00
[2024-12-09T20:38:08.991+0000] {processor.py:183} INFO - Processing /home/airflow/.local/lib/python3.10/site-packages/airflow/example_dags/example_branch_labels.py took 0.073 seconds
[2024-12-09T20:38:39.539+0000] {processor.py:161} INFO - Started process (PID=219) to work on /home/airflow/.local/lib/python3.10/site-packages/airflow/example_dags/example_branch_labels.py
[2024-12-09T20:38:39.540+0000] {processor.py:830} INFO - Processing file /home/airflow/.local/lib/python3.10/site-packages/airflow/example_dags/example_branch_labels.py for tasks to queue
[2024-12-09T20:38:39.542+0000] {logging_mixin.py:188} INFO - [2024-12-09T20:38:39.542+0000] {dagbag.py:540} INFO - Filling up the DagBag from /home/airflow/.local/lib/python3.10/site-packages/airflow/example_dags/example_branch_labels.py
[2024-12-09T20:38:39.550+0000] {processor.py:840} INFO - DAG(s) 'example_branch_labels' retrieved from /home/airflow/.local/lib/python3.10/site-packages/airflow/example_dags/example_branch_labels.py
[2024-12-09T20:38:39.570+0000] {logging_mixin.py:188} INFO - [2024-12-09T20:38:39.570+0000] {dag.py:3047} INFO - Sync 1 DAGs
[2024-12-09T20:38:39.592+0000] {logging_mixin.py:188} INFO - [2024-12-09T20:38:39.592+0000] {dag.py:3834} INFO - Setting next_dagrun for example_branch_labels to 2024-12-08 00:00:00+00:00, run_after=2024-12-09 00:00:00+00:00
[2024-12-09T20:38:39.612+0000] {processor.py:183} INFO - Processing /home/airflow/.local/lib/python3.10/site-packages/airflow/example_dags/example_branch_labels.py took 0.076 seconds
[2024-12-09T20:39:09.871+0000] {processor.py:161} INFO - Started process (PID=275) to work on /home/airflow/.local/lib/python3.10/site-packages/airflow/example_dags/example_branch_labels.py
[2024-12-09T20:39:09.872+0000] {processor.py:830} INFO - Processing file /home/airflow/.local/lib/python3.10/site-packages/airflow/example_dags/example_branch_labels.py for tasks to queue
[2024-12-09T20:39:09.874+0000] {logging_mixin.py:188} INFO - [2024-12-09T20:39:09.873+0000] {dagbag.py:540} INFO - Filling up the DagBag from /home/airflow/.local/lib/python3.10/site-packages/airflow/example_dags/example_branch_labels.py
[2024-12-09T20:39:09.881+0000] {processor.py:840} INFO - DAG(s) 'example_branch_labels' retrieved from /home/airflow/.local/lib/python3.10/site-packages/airflow/example_dags/example_branch_labels.py
[2024-12-09T20:39:09.900+0000] {logging_mixin.py:188} INFO - [2024-12-09T20:39:09.900+0000] {dag.py:3047} INFO - Sync 1 DAGs
[2024-12-09T20:39:09.920+0000] {logging_mixin.py:188} INFO - [2024-12-09T20:39:09.919+0000] {dag.py:3834} INFO - Setting next_dagrun for example_branch_labels to 2024-12-08 00:00:00+00:00, run_after=2024-12-09 00:00:00+00:00
[2024-12-09T20:39:09.941+0000] {processor.py:183} INFO - Processing /home/airflow/.local/lib/python3.10/site-packages/airflow/example_dags/example_branch_labels.py took 0.073 seconds
[2024-12-09T20:39:40.497+0000] {processor.py:161} INFO - Started process (PID=330) to work on /home/airflow/.local/lib/python3.10/site-packages/airflow/example_dags/example_branch_labels.py
[2024-12-09T20:39:40.498+0000] {processor.py:830} INFO - Processing file /home/airflow/.local/lib/python3.10/site-packages/airflow/example_dags/example_branch_labels.py for tasks to queue
[2024-12-09T20:39:40.500+0000] {logging_mixin.py:188} INFO - [2024-12-09T20:39:40.500+0000] {dagbag.py:540} INFO - Filling up the DagBag from /home/airflow/.local/lib/python3.10/site-packages/airflow/example_dags/example_branch_labels.py
[2024-12-09T20:39:40.507+0000] {processor.py:840} INFO - DAG(s) 'example_branch_labels' retrieved from /home/airflow/.local/lib/python3.10/site-packages/airflow/example_dags/example_branch_labels.py
[2024-12-09T20:39:40.528+0000] {logging_mixin.py:188} INFO - [2024-12-09T20:39:40.528+0000] {dag.py:3047} INFO - Sync 1 DAGs
[2024-12-09T20:39:40.548+0000] {logging_mixin.py:188} INFO - [2024-12-09T20:39:40.548+0000] {dag.py:3834} INFO - Setting next_dagrun for example_branch_labels to 2024-12-08 00:00:00+00:00, run_after=2024-12-09 00:00:00+00:00
[2024-12-09T20:39:40.568+0000] {processor.py:183} INFO - Processing /home/airflow/.local/lib/python3.10/site-packages/airflow/example_dags/example_branch_labels.py took 0.074 seconds
[2024-12-09T20:40:11.123+0000] {processor.py:161} INFO - Started process (PID=385) to work on /home/airflow/.local/lib/python3.10/site-packages/airflow/example_dags/example_branch_labels.py
[2024-12-09T20:40:11.124+0000] {processor.py:830} INFO - Processing file /home/airflow/.local/lib/python3.10/site-packages/airflow/example_dags/example_branch_labels.py for tasks to queue
[2024-12-09T20:40:11.126+0000] {logging_mixin.py:188} INFO - [2024-12-09T20:40:11.125+0000] {dagbag.py:540} INFO - Filling up the DagBag from /home/airflow/.local/lib/python3.10/site-packages/airflow/example_dags/example_branch_labels.py
[2024-12-09T20:40:11.134+0000] {processor.py:840} INFO - DAG(s) 'example_branch_labels' retrieved from /home/airflow/.local/lib/python3.10/site-packages/airflow/example_dags/example_branch_labels.py
[2024-12-09T20:40:11.158+0000] {logging_mixin.py:188} INFO - [2024-12-09T20:40:11.158+0000] {dag.py:3047} INFO - Sync 1 DAGs
[2024-12-09T20:40:11.190+0000] {logging_mixin.py:188} INFO - [2024-12-09T20:40:11.189+0000] {dag.py:3834} INFO - Setting next_dagrun for example_branch_labels to 2024-12-08 00:00:00+00:00, run_after=2024-12-09 00:00:00+00:00
[2024-12-09T20:40:11.221+0000] {processor.py:183} INFO - Processing /home/airflow/.local/lib/python3.10/site-packages/airflow/example_dags/example_branch_labels.py took 0.102 seconds
[2024-12-09T20:40:41.816+0000] {processor.py:161} INFO - Started process (PID=441) to work on /home/airflow/.local/lib/python3.10/site-packages/airflow/example_dags/example_branch_labels.py
[2024-12-09T20:40:41.818+0000] {processor.py:830} INFO - Processing file /home/airflow/.local/lib/python3.10/site-packages/airflow/example_dags/example_branch_labels.py for tasks to queue
[2024-12-09T20:40:41.822+0000] {logging_mixin.py:188} INFO - [2024-12-09T20:40:41.821+0000] {dagbag.py:540} INFO - Filling up the DagBag from /home/airflow/.local/lib/python3.10/site-packages/airflow/example_dags/example_branch_labels.py
[2024-12-09T20:40:41.840+0000] {processor.py:840} INFO - DAG(s) 'example_branch_labels' retrieved from /home/airflow/.local/lib/python3.10/site-packages/airflow/example_dags/example_branch_labels.py
[2024-12-09T20:40:41.889+0000] {logging_mixin.py:188} INFO - [2024-12-09T20:40:41.888+0000] {dag.py:3047} INFO - Sync 1 DAGs
[2024-12-09T20:40:41.927+0000] {logging_mixin.py:188} INFO - [2024-12-09T20:40:41.927+0000] {dag.py:3834} INFO - Setting next_dagrun for example_branch_labels to 2024-12-08 00:00:00+00:00, run_after=2024-12-09 00:00:00+00:00
[2024-12-09T20:40:41.961+0000] {processor.py:183} INFO - Processing /home/airflow/.local/lib/python3.10/site-packages/airflow/example_dags/example_branch_labels.py took 0.154 seconds
[2024-12-09T20:41:12.045+0000] {processor.py:161} INFO - Started process (PID=496) to work on /home/airflow/.local/lib/python3.10/site-packages/airflow/example_dags/example_branch_labels.py
[2024-12-09T20:41:12.046+0000] {processor.py:830} INFO - Processing file /home/airflow/.local/lib/python3.10/site-packages/airflow/example_dags/example_branch_labels.py for tasks to queue
[2024-12-09T20:41:12.048+0000] {logging_mixin.py:188} INFO - [2024-12-09T20:41:12.048+0000] {dagbag.py:540} INFO - Filling up the DagBag from /home/airflow/.local/lib/python3.10/site-packages/airflow/example_dags/example_branch_labels.py
[2024-12-09T20:41:12.056+0000] {processor.py:840} INFO - DAG(s) 'example_branch_labels' retrieved from /home/airflow/.local/lib/python3.10/site-packages/airflow/example_dags/example_branch_labels.py
[2024-12-09T20:41:12.080+0000] {logging_mixin.py:188} INFO - [2024-12-09T20:41:12.079+0000] {dag.py:3047} INFO - Sync 1 DAGs
[2024-12-09T20:41:12.104+0000] {logging_mixin.py:188} INFO - [2024-12-09T20:41:12.103+0000] {dag.py:3834} INFO - Setting next_dagrun for example_branch_labels to 2024-12-08 00:00:00+00:00, run_after=2024-12-09 00:00:00+00:00
[2024-12-09T20:41:12.129+0000] {processor.py:183} INFO - Processing /home/airflow/.local/lib/python3.10/site-packages/airflow/example_dags/example_branch_labels.py took 0.087 seconds
[2024-12-09T20:41:42.269+0000] {processor.py:161} INFO - Started process (PID=551) to work on /home/airflow/.local/lib/python3.10/site-packages/airflow/example_dags/example_branch_labels.py
[2024-12-09T20:41:42.271+0000] {processor.py:830} INFO - Processing file /home/airflow/.local/lib/python3.10/site-packages/airflow/example_dags/example_branch_labels.py for tasks to queue
[2024-12-09T20:41:42.276+0000] {logging_mixin.py:188} INFO - [2024-12-09T20:41:42.274+0000] {dagbag.py:540} INFO - Filling up the DagBag from /home/airflow/.local/lib/python3.10/site-packages/airflow/example_dags/example_branch_labels.py
[2024-12-09T20:41:42.288+0000] {processor.py:840} INFO - DAG(s) 'example_branch_labels' retrieved from /home/airflow/.local/lib/python3.10/site-packages/airflow/example_dags/example_branch_labels.py
[2024-12-09T20:41:42.319+0000] {logging_mixin.py:188} INFO - [2024-12-09T20:41:42.319+0000] {dag.py:3047} INFO - Sync 1 DAGs
[2024-12-09T20:41:42.379+0000] {logging_mixin.py:188} INFO - [2024-12-09T20:41:42.376+0000] {dag.py:3834} INFO - Setting next_dagrun for example_branch_labels to 2024-12-08 00:00:00+00:00, run_after=2024-12-09 00:00:00+00:00
[2024-12-09T20:41:42.427+0000] {processor.py:183} INFO - Processing /home/airflow/.local/lib/python3.10/site-packages/airflow/example_dags/example_branch_labels.py took 0.162 seconds
[2024-12-09T20:42:12.666+0000] {processor.py:161} INFO - Started process (PID=607) to work on /home/airflow/.local/lib/python3.10/site-packages/airflow/example_dags/example_branch_labels.py
[2024-12-09T20:42:12.668+0000] {processor.py:830} INFO - Processing file /home/airflow/.local/lib/python3.10/site-packages/airflow/example_dags/example_branch_labels.py for tasks to queue
[2024-12-09T20:42:12.670+0000] {logging_mixin.py:188} INFO - [2024-12-09T20:42:12.669+0000] {dagbag.py:540} INFO - Filling up the DagBag from /home/airflow/.local/lib/python3.10/site-packages/airflow/example_dags/example_branch_labels.py
[2024-12-09T20:42:12.677+0000] {processor.py:840} INFO - DAG(s) 'example_branch_labels' retrieved from /home/airflow/.local/lib/python3.10/site-packages/airflow/example_dags/example_branch_labels.py
[2024-12-09T20:42:12.698+0000] {logging_mixin.py:188} INFO - [2024-12-09T20:42:12.698+0000] {dag.py:3047} INFO - Sync 1 DAGs
[2024-12-09T20:42:12.719+0000] {logging_mixin.py:188} INFO - [2024-12-09T20:42:12.719+0000] {dag.py:3834} INFO - Setting next_dagrun for example_branch_labels to 2024-12-08 00:00:00+00:00, run_after=2024-12-09 00:00:00+00:00
[2024-12-09T20:42:12.739+0000] {processor.py:183} INFO - Processing /home/airflow/.local/lib/python3.10/site-packages/airflow/example_dags/example_branch_labels.py took 0.076 seconds
[2024-12-09T20:42:43.079+0000] {processor.py:161} INFO - Started process (PID=663) to work on /home/airflow/.local/lib/python3.10/site-packages/airflow/example_dags/example_branch_labels.py
[2024-12-09T20:42:43.081+0000] {processor.py:830} INFO - Processing file /home/airflow/.local/lib/python3.10/site-packages/airflow/example_dags/example_branch_labels.py for tasks to queue
[2024-12-09T20:42:43.082+0000] {logging_mixin.py:188} INFO - [2024-12-09T20:42:43.082+0000] {dagbag.py:540} INFO - Filling up the DagBag from /home/airflow/.local/lib/python3.10/site-packages/airflow/example_dags/example_branch_labels.py
[2024-12-09T20:42:43.090+0000] {processor.py:840} INFO - DAG(s) 'example_branch_labels' retrieved from /home/airflow/.local/lib/python3.10/site-packages/airflow/example_dags/example_branch_labels.py
[2024-12-09T20:42:43.114+0000] {logging_mixin.py:188} INFO - [2024-12-09T20:42:43.114+0000] {dag.py:3047} INFO - Sync 1 DAGs
[2024-12-09T20:42:43.136+0000] {logging_mixin.py:188} INFO - [2024-12-09T20:42:43.136+0000] {dag.py:3834} INFO - Setting next_dagrun for example_branch_labels to 2024-12-08 00:00:00+00:00, run_after=2024-12-09 00:00:00+00:00
[2024-12-09T20:42:43.156+0000] {processor.py:183} INFO - Processing /home/airflow/.local/lib/python3.10/site-packages/airflow/example_dags/example_branch_labels.py took 0.081 seconds
[2024-12-09T20:43:13.370+0000] {processor.py:161} INFO - Started process (PID=718) to work on /home/airflow/.local/lib/python3.10/site-packages/airflow/example_dags/example_branch_labels.py
[2024-12-09T20:43:13.371+0000] {processor.py:830} INFO - Processing file /home/airflow/.local/lib/python3.10/site-packages/airflow/example_dags/example_branch_labels.py for tasks to queue
[2024-12-09T20:43:13.373+0000] {logging_mixin.py:188} INFO - [2024-12-09T20:43:13.373+0000] {dagbag.py:540} INFO - Filling up the DagBag from /home/airflow/.local/lib/python3.10/site-packages/airflow/example_dags/example_branch_labels.py
[2024-12-09T20:43:13.380+0000] {processor.py:840} INFO - DAG(s) 'example_branch_labels' retrieved from /home/airflow/.local/lib/python3.10/site-packages/airflow/example_dags/example_branch_labels.py
[2024-12-09T20:43:13.401+0000] {logging_mixin.py:188} INFO - [2024-12-09T20:43:13.401+0000] {dag.py:3047} INFO - Sync 1 DAGs
[2024-12-09T20:43:13.421+0000] {logging_mixin.py:188} INFO - [2024-12-09T20:43:13.421+0000] {dag.py:3834} INFO - Setting next_dagrun for example_branch_labels to 2024-12-08 00:00:00+00:00, run_after=2024-12-09 00:00:00+00:00
[2024-12-09T20:43:13.443+0000] {processor.py:183} INFO - Processing /home/airflow/.local/lib/python3.10/site-packages/airflow/example_dags/example_branch_labels.py took 0.076 seconds
[2024-12-09T20:43:43.546+0000] {processor.py:161} INFO - Started process (PID=774) to work on /home/airflow/.local/lib/python3.10/site-packages/airflow/example_dags/example_branch_labels.py
[2024-12-09T20:43:43.547+0000] {processor.py:830} INFO - Processing file /home/airflow/.local/lib/python3.10/site-packages/airflow/example_dags/example_branch_labels.py for tasks to queue
[2024-12-09T20:43:43.549+0000] {logging_mixin.py:188} INFO - [2024-12-09T20:43:43.549+0000] {dagbag.py:540} INFO - Filling up the DagBag from /home/airflow/.local/lib/python3.10/site-packages/airflow/example_dags/example_branch_labels.py
[2024-12-09T20:43:43.556+0000] {processor.py:840} INFO - DAG(s) 'example_branch_labels' retrieved from /home/airflow/.local/lib/python3.10/site-packages/airflow/example_dags/example_branch_labels.py
[2024-12-09T20:43:43.578+0000] {logging_mixin.py:188} INFO - [2024-12-09T20:43:43.578+0000] {dag.py:3047} INFO - Sync 1 DAGs
[2024-12-09T20:43:43.598+0000] {logging_mixin.py:188} INFO - [2024-12-09T20:43:43.598+0000] {dag.py:3834} INFO - Setting next_dagrun for example_branch_labels to 2024-12-08 00:00:00+00:00, run_after=2024-12-09 00:00:00+00:00
[2024-12-09T20:43:43.620+0000] {processor.py:183} INFO - Processing /home/airflow/.local/lib/python3.10/site-packages/airflow/example_dags/example_branch_labels.py took 0.077 seconds
[2024-12-09T20:44:14.276+0000] {processor.py:161} INFO - Started process (PID=830) to work on /home/airflow/.local/lib/python3.10/site-packages/airflow/example_dags/example_branch_labels.py
[2024-12-09T20:44:14.277+0000] {processor.py:830} INFO - Processing file /home/airflow/.local/lib/python3.10/site-packages/airflow/example_dags/example_branch_labels.py for tasks to queue
[2024-12-09T20:44:14.279+0000] {logging_mixin.py:188} INFO - [2024-12-09T20:44:14.279+0000] {dagbag.py:540} INFO - Filling up the DagBag from /home/airflow/.local/lib/python3.10/site-packages/airflow/example_dags/example_branch_labels.py
[2024-12-09T20:44:14.288+0000] {processor.py:840} INFO - DAG(s) 'example_branch_labels' retrieved from /home/airflow/.local/lib/python3.10/site-packages/airflow/example_dags/example_branch_labels.py
[2024-12-09T20:44:14.314+0000] {logging_mixin.py:188} INFO - [2024-12-09T20:44:14.314+0000] {dag.py:3047} INFO - Sync 1 DAGs
[2024-12-09T20:44:14.341+0000] {logging_mixin.py:188} INFO - [2024-12-09T20:44:14.341+0000] {dag.py:3834} INFO - Setting next_dagrun for example_branch_labels to 2024-12-08 00:00:00+00:00, run_after=2024-12-09 00:00:00+00:00
[2024-12-09T20:44:14.364+0000] {processor.py:183} INFO - Processing /home/airflow/.local/lib/python3.10/site-packages/airflow/example_dags/example_branch_labels.py took 0.091 seconds
[2024-12-09T20:44:44.495+0000] {processor.py:161} INFO - Started process (PID=886) to work on /home/airflow/.local/lib/python3.10/site-packages/airflow/example_dags/example_branch_labels.py
[2024-12-09T20:44:44.497+0000] {processor.py:830} INFO - Processing file /home/airflow/.local/lib/python3.10/site-packages/airflow/example_dags/example_branch_labels.py for tasks to queue
[2024-12-09T20:44:44.498+0000] {logging_mixin.py:188} INFO - [2024-12-09T20:44:44.498+0000] {dagbag.py:540} INFO - Filling up the DagBag from /home/airflow/.local/lib/python3.10/site-packages/airflow/example_dags/example_branch_labels.py
[2024-12-09T20:44:44.505+0000] {processor.py:840} INFO - DAG(s) 'example_branch_labels' retrieved from /home/airflow/.local/lib/python3.10/site-packages/airflow/example_dags/example_branch_labels.py
[2024-12-09T20:44:44.526+0000] {logging_mixin.py:188} INFO - [2024-12-09T20:44:44.526+0000] {dag.py:3047} INFO - Sync 1 DAGs
[2024-12-09T20:44:44.547+0000] {logging_mixin.py:188} INFO - [2024-12-09T20:44:44.547+0000] {dag.py:3834} INFO - Setting next_dagrun for example_branch_labels to 2024-12-08 00:00:00+00:00, run_after=2024-12-09 00:00:00+00:00
[2024-12-09T20:44:44.568+0000] {processor.py:183} INFO - Processing /home/airflow/.local/lib/python3.10/site-packages/airflow/example_dags/example_branch_labels.py took 0.075 seconds
[2024-12-09T20:45:14.903+0000] {processor.py:161} INFO - Started process (PID=942) to work on /home/airflow/.local/lib/python3.10/site-packages/airflow/example_dags/example_branch_labels.py
[2024-12-09T20:45:14.905+0000] {processor.py:830} INFO - Processing file /home/airflow/.local/lib/python3.10/site-packages/airflow/example_dags/example_branch_labels.py for tasks to queue
[2024-12-09T20:45:14.907+0000] {logging_mixin.py:188} INFO - [2024-12-09T20:45:14.906+0000] {dagbag.py:540} INFO - Filling up the DagBag from /home/airflow/.local/lib/python3.10/site-packages/airflow/example_dags/example_branch_labels.py
[2024-12-09T20:45:14.914+0000] {processor.py:840} INFO - DAG(s) 'example_branch_labels' retrieved from /home/airflow/.local/lib/python3.10/site-packages/airflow/example_dags/example_branch_labels.py
[2024-12-09T20:45:14.940+0000] {logging_mixin.py:188} INFO - [2024-12-09T20:45:14.939+0000] {dag.py:3047} INFO - Sync 1 DAGs
[2024-12-09T20:45:14.976+0000] {logging_mixin.py:188} INFO - [2024-12-09T20:45:14.975+0000] {dag.py:3834} INFO - Setting next_dagrun for example_branch_labels to 2024-12-08 00:00:00+00:00, run_after=2024-12-09 00:00:00+00:00
[2024-12-09T20:45:14.999+0000] {processor.py:183} INFO - Processing /home/airflow/.local/lib/python3.10/site-packages/airflow/example_dags/example_branch_labels.py took 0.099 seconds
[2024-12-09T20:45:45.348+0000] {processor.py:161} INFO - Started process (PID=997) to work on /home/airflow/.local/lib/python3.10/site-packages/airflow/example_dags/example_branch_labels.py
[2024-12-09T20:45:45.349+0000] {processor.py:830} INFO - Processing file /home/airflow/.local/lib/python3.10/site-packages/airflow/example_dags/example_branch_labels.py for tasks to queue
[2024-12-09T20:45:45.351+0000] {logging_mixin.py:188} INFO - [2024-12-09T20:45:45.351+0000] {dagbag.py:540} INFO - Filling up the DagBag from /home/airflow/.local/lib/python3.10/site-packages/airflow/example_dags/example_branch_labels.py
[2024-12-09T20:45:45.360+0000] {processor.py:840} INFO - DAG(s) 'example_branch_labels' retrieved from /home/airflow/.local/lib/python3.10/site-packages/airflow/example_dags/example_branch_labels.py
[2024-12-09T20:45:45.380+0000] {logging_mixin.py:188} INFO - [2024-12-09T20:45:45.379+0000] {dag.py:3047} INFO - Sync 1 DAGs
[2024-12-09T20:45:45.401+0000] {logging_mixin.py:188} INFO - [2024-12-09T20:45:45.400+0000] {dag.py:3834} INFO - Setting next_dagrun for example_branch_labels to 2024-12-08 00:00:00+00:00, run_after=2024-12-09 00:00:00+00:00
[2024-12-09T20:45:45.423+0000] {processor.py:183} INFO - Processing /home/airflow/.local/lib/python3.10/site-packages/airflow/example_dags/example_branch_labels.py took 0.078 seconds
[2024-12-09T20:46:15.719+0000] {processor.py:161} INFO - Started process (PID=1051) to work on /home/airflow/.local/lib/python3.10/site-packages/airflow/example_dags/example_branch_labels.py
[2024-12-09T20:46:15.720+0000] {processor.py:830} INFO - Processing file /home/airflow/.local/lib/python3.10/site-packages/airflow/example_dags/example_branch_labels.py for tasks to queue
[2024-12-09T20:46:15.722+0000] {logging_mixin.py:188} INFO - [2024-12-09T20:46:15.722+0000] {dagbag.py:540} INFO - Filling up the DagBag from /home/airflow/.local/lib/python3.10/site-packages/airflow/example_dags/example_branch_labels.py
[2024-12-09T20:46:15.729+0000] {processor.py:840} INFO - DAG(s) 'example_branch_labels' retrieved from /home/airflow/.local/lib/python3.10/site-packages/airflow/example_dags/example_branch_labels.py
[2024-12-09T20:46:15.752+0000] {logging_mixin.py:188} INFO - [2024-12-09T20:46:15.751+0000] {dag.py:3047} INFO - Sync 1 DAGs
[2024-12-09T20:46:15.777+0000] {logging_mixin.py:188} INFO - [2024-12-09T20:46:15.777+0000] {dag.py:3834} INFO - Setting next_dagrun for example_branch_labels to 2024-12-08 00:00:00+00:00, run_after=2024-12-09 00:00:00+00:00
[2024-12-09T20:46:15.798+0000] {processor.py:183} INFO - Processing /home/airflow/.local/lib/python3.10/site-packages/airflow/example_dags/example_branch_labels.py took 0.082 seconds
[2024-12-09T20:46:46.657+0000] {processor.py:161} INFO - Started process (PID=1107) to work on /home/airflow/.local/lib/python3.10/site-packages/airflow/example_dags/example_branch_labels.py
[2024-12-09T20:46:46.658+0000] {processor.py:830} INFO - Processing file /home/airflow/.local/lib/python3.10/site-packages/airflow/example_dags/example_branch_labels.py for tasks to queue
[2024-12-09T20:46:46.660+0000] {logging_mixin.py:188} INFO - [2024-12-09T20:46:46.660+0000] {dagbag.py:540} INFO - Filling up the DagBag from /home/airflow/.local/lib/python3.10/site-packages/airflow/example_dags/example_branch_labels.py
[2024-12-09T20:46:46.668+0000] {processor.py:840} INFO - DAG(s) 'example_branch_labels' retrieved from /home/airflow/.local/lib/python3.10/site-packages/airflow/example_dags/example_branch_labels.py
[2024-12-09T20:46:46.688+0000] {logging_mixin.py:188} INFO - [2024-12-09T20:46:46.688+0000] {dag.py:3047} INFO - Sync 1 DAGs
[2024-12-09T20:46:46.709+0000] {logging_mixin.py:188} INFO - [2024-12-09T20:46:46.709+0000] {dag.py:3834} INFO - Setting next_dagrun for example_branch_labels to 2024-12-08 00:00:00+00:00, run_after=2024-12-09 00:00:00+00:00
[2024-12-09T20:46:46.728+0000] {processor.py:183} INFO - Processing /home/airflow/.local/lib/python3.10/site-packages/airflow/example_dags/example_branch_labels.py took 0.074 seconds
[2024-12-09T20:47:17.113+0000] {processor.py:161} INFO - Started process (PID=1163) to work on /home/airflow/.local/lib/python3.10/site-packages/airflow/example_dags/example_branch_labels.py
[2024-12-09T20:47:17.114+0000] {processor.py:830} INFO - Processing file /home/airflow/.local/lib/python3.10/site-packages/airflow/example_dags/example_branch_labels.py for tasks to queue
[2024-12-09T20:47:17.116+0000] {logging_mixin.py:188} INFO - [2024-12-09T20:47:17.116+0000] {dagbag.py:540} INFO - Filling up the DagBag from /home/airflow/.local/lib/python3.10/site-packages/airflow/example_dags/example_branch_labels.py
[2024-12-09T20:47:17.125+0000] {processor.py:840} INFO - DAG(s) 'example_branch_labels' retrieved from /home/airflow/.local/lib/python3.10/site-packages/airflow/example_dags/example_branch_labels.py
[2024-12-09T20:47:17.149+0000] {logging_mixin.py:188} INFO - [2024-12-09T20:47:17.148+0000] {dag.py:3047} INFO - Sync 1 DAGs
[2024-12-09T20:47:17.174+0000] {logging_mixin.py:188} INFO - [2024-12-09T20:47:17.174+0000] {dag.py:3834} INFO - Setting next_dagrun for example_branch_labels to 2024-12-08 00:00:00+00:00, run_after=2024-12-09 00:00:00+00:00
[2024-12-09T20:47:17.197+0000] {processor.py:183} INFO - Processing /home/airflow/.local/lib/python3.10/site-packages/airflow/example_dags/example_branch_labels.py took 0.087 seconds
[2024-12-09T20:47:48.097+0000] {processor.py:161} INFO - Started process (PID=1218) to work on /home/airflow/.local/lib/python3.10/site-packages/airflow/example_dags/example_branch_labels.py
[2024-12-09T20:47:48.099+0000] {processor.py:830} INFO - Processing file /home/airflow/.local/lib/python3.10/site-packages/airflow/example_dags/example_branch_labels.py for tasks to queue
[2024-12-09T20:47:48.101+0000] {logging_mixin.py:188} INFO - [2024-12-09T20:47:48.100+0000] {dagbag.py:540} INFO - Filling up the DagBag from /home/airflow/.local/lib/python3.10/site-packages/airflow/example_dags/example_branch_labels.py
[2024-12-09T20:47:48.110+0000] {processor.py:840} INFO - DAG(s) 'example_branch_labels' retrieved from /home/airflow/.local/lib/python3.10/site-packages/airflow/example_dags/example_branch_labels.py
[2024-12-09T20:47:48.132+0000] {logging_mixin.py:188} INFO - [2024-12-09T20:47:48.131+0000] {dag.py:3047} INFO - Sync 1 DAGs
[2024-12-09T20:47:48.155+0000] {logging_mixin.py:188} INFO - [2024-12-09T20:47:48.154+0000] {dag.py:3834} INFO - Setting next_dagrun for example_branch_labels to 2024-12-08 00:00:00+00:00, run_after=2024-12-09 00:00:00+00:00
[2024-12-09T20:47:48.174+0000] {processor.py:183} INFO - Processing /home/airflow/.local/lib/python3.10/site-packages/airflow/example_dags/example_branch_labels.py took 0.080 seconds
[2024-12-09T20:48:18.641+0000] {processor.py:161} INFO - Started process (PID=1273) to work on /home/airflow/.local/lib/python3.10/site-packages/airflow/example_dags/example_branch_labels.py
[2024-12-09T20:48:18.643+0000] {processor.py:830} INFO - Processing file /home/airflow/.local/lib/python3.10/site-packages/airflow/example_dags/example_branch_labels.py for tasks to queue
[2024-12-09T20:48:18.646+0000] {logging_mixin.py:188} INFO - [2024-12-09T20:48:18.646+0000] {dagbag.py:540} INFO - Filling up the DagBag from /home/airflow/.local/lib/python3.10/site-packages/airflow/example_dags/example_branch_labels.py
[2024-12-09T20:48:18.657+0000] {processor.py:840} INFO - DAG(s) 'example_branch_labels' retrieved from /home/airflow/.local/lib/python3.10/site-packages/airflow/example_dags/example_branch_labels.py
[2024-12-09T20:48:18.681+0000] {logging_mixin.py:188} INFO - [2024-12-09T20:48:18.680+0000] {dag.py:3047} INFO - Sync 1 DAGs
[2024-12-09T20:48:18.705+0000] {logging_mixin.py:188} INFO - [2024-12-09T20:48:18.704+0000] {dag.py:3834} INFO - Setting next_dagrun for example_branch_labels to 2024-12-08 00:00:00+00:00, run_after=2024-12-09 00:00:00+00:00
[2024-12-09T20:48:18.726+0000] {processor.py:183} INFO - Processing /home/airflow/.local/lib/python3.10/site-packages/airflow/example_dags/example_branch_labels.py took 0.089 seconds
[2024-12-09T20:48:49.347+0000] {processor.py:161} INFO - Started process (PID=1328) to work on /home/airflow/.local/lib/python3.10/site-packages/airflow/example_dags/example_branch_labels.py
[2024-12-09T20:48:49.348+0000] {processor.py:830} INFO - Processing file /home/airflow/.local/lib/python3.10/site-packages/airflow/example_dags/example_branch_labels.py for tasks to queue
[2024-12-09T20:48:49.360+0000] {logging_mixin.py:188} INFO - [2024-12-09T20:48:49.360+0000] {dagbag.py:540} INFO - Filling up the DagBag from /home/airflow/.local/lib/python3.10/site-packages/airflow/example_dags/example_branch_labels.py
[2024-12-09T20:48:49.373+0000] {processor.py:840} INFO - DAG(s) 'example_branch_labels' retrieved from /home/airflow/.local/lib/python3.10/site-packages/airflow/example_dags/example_branch_labels.py
[2024-12-09T20:48:49.404+0000] {logging_mixin.py:188} INFO - [2024-12-09T20:48:49.404+0000] {dag.py:3047} INFO - Sync 1 DAGs
[2024-12-09T20:48:49.429+0000] {logging_mixin.py:188} INFO - [2024-12-09T20:48:49.429+0000] {dag.py:3834} INFO - Setting next_dagrun for example_branch_labels to 2024-12-08 00:00:00+00:00, run_after=2024-12-09 00:00:00+00:00
[2024-12-09T20:48:49.457+0000] {processor.py:183} INFO - Processing /home/airflow/.local/lib/python3.10/site-packages/airflow/example_dags/example_branch_labels.py took 0.116 seconds
[2024-12-09T20:49:20.156+0000] {processor.py:161} INFO - Started process (PID=1383) to work on /home/airflow/.local/lib/python3.10/site-packages/airflow/example_dags/example_branch_labels.py
[2024-12-09T20:49:20.158+0000] {processor.py:830} INFO - Processing file /home/airflow/.local/lib/python3.10/site-packages/airflow/example_dags/example_branch_labels.py for tasks to queue
[2024-12-09T20:49:20.160+0000] {logging_mixin.py:188} INFO - [2024-12-09T20:49:20.159+0000] {dagbag.py:540} INFO - Filling up the DagBag from /home/airflow/.local/lib/python3.10/site-packages/airflow/example_dags/example_branch_labels.py
[2024-12-09T20:49:20.167+0000] {processor.py:840} INFO - DAG(s) 'example_branch_labels' retrieved from /home/airflow/.local/lib/python3.10/site-packages/airflow/example_dags/example_branch_labels.py
[2024-12-09T20:49:20.188+0000] {logging_mixin.py:188} INFO - [2024-12-09T20:49:20.187+0000] {dag.py:3047} INFO - Sync 1 DAGs
[2024-12-09T20:49:20.208+0000] {logging_mixin.py:188} INFO - [2024-12-09T20:49:20.208+0000] {dag.py:3834} INFO - Setting next_dagrun for example_branch_labels to 2024-12-08 00:00:00+00:00, run_after=2024-12-09 00:00:00+00:00
[2024-12-09T20:49:20.227+0000] {processor.py:183} INFO - Processing /home/airflow/.local/lib/python3.10/site-packages/airflow/example_dags/example_branch_labels.py took 0.074 seconds
[2024-12-09T20:49:50.682+0000] {processor.py:161} INFO - Started process (PID=1439) to work on /home/airflow/.local/lib/python3.10/site-packages/airflow/example_dags/example_branch_labels.py
[2024-12-09T20:49:50.683+0000] {processor.py:830} INFO - Processing file /home/airflow/.local/lib/python3.10/site-packages/airflow/example_dags/example_branch_labels.py for tasks to queue
[2024-12-09T20:49:50.685+0000] {logging_mixin.py:188} INFO - [2024-12-09T20:49:50.685+0000] {dagbag.py:540} INFO - Filling up the DagBag from /home/airflow/.local/lib/python3.10/site-packages/airflow/example_dags/example_branch_labels.py
[2024-12-09T20:49:50.693+0000] {processor.py:840} INFO - DAG(s) 'example_branch_labels' retrieved from /home/airflow/.local/lib/python3.10/site-packages/airflow/example_dags/example_branch_labels.py
[2024-12-09T20:49:50.717+0000] {logging_mixin.py:188} INFO - [2024-12-09T20:49:50.716+0000] {dag.py:3047} INFO - Sync 1 DAGs
[2024-12-09T20:49:50.740+0000] {logging_mixin.py:188} INFO - [2024-12-09T20:49:50.740+0000] {dag.py:3834} INFO - Setting next_dagrun for example_branch_labels to 2024-12-08 00:00:00+00:00, run_after=2024-12-09 00:00:00+00:00
[2024-12-09T20:49:50.762+0000] {processor.py:183} INFO - Processing /home/airflow/.local/lib/python3.10/site-packages/airflow/example_dags/example_branch_labels.py took 0.083 seconds
[2024-12-09T20:50:21.206+0000] {processor.py:161} INFO - Started process (PID=1494) to work on /home/airflow/.local/lib/python3.10/site-packages/airflow/example_dags/example_branch_labels.py
[2024-12-09T20:50:21.208+0000] {processor.py:830} INFO - Processing file /home/airflow/.local/lib/python3.10/site-packages/airflow/example_dags/example_branch_labels.py for tasks to queue
[2024-12-09T20:50:21.210+0000] {logging_mixin.py:188} INFO - [2024-12-09T20:50:21.210+0000] {dagbag.py:540} INFO - Filling up the DagBag from /home/airflow/.local/lib/python3.10/site-packages/airflow/example_dags/example_branch_labels.py
[2024-12-09T20:50:21.217+0000] {processor.py:840} INFO - DAG(s) 'example_branch_labels' retrieved from /home/airflow/.local/lib/python3.10/site-packages/airflow/example_dags/example_branch_labels.py
[2024-12-09T20:50:21.240+0000] {logging_mixin.py:188} INFO - [2024-12-09T20:50:21.240+0000] {dag.py:3047} INFO - Sync 1 DAGs
[2024-12-09T20:50:21.263+0000] {logging_mixin.py:188} INFO - [2024-12-09T20:50:21.263+0000] {dag.py:3834} INFO - Setting next_dagrun for example_branch_labels to 2024-12-08 00:00:00+00:00, run_after=2024-12-09 00:00:00+00:00
[2024-12-09T20:50:21.456+0000] {processor.py:183} INFO - Processing /home/airflow/.local/lib/python3.10/site-packages/airflow/example_dags/example_branch_labels.py took 0.253 seconds
[2024-12-09T20:50:51.519+0000] {processor.py:161} INFO - Started process (PID=1550) to work on /home/airflow/.local/lib/python3.10/site-packages/airflow/example_dags/example_branch_labels.py
[2024-12-09T20:50:51.520+0000] {processor.py:830} INFO - Processing file /home/airflow/.local/lib/python3.10/site-packages/airflow/example_dags/example_branch_labels.py for tasks to queue
[2024-12-09T20:50:51.522+0000] {logging_mixin.py:188} INFO - [2024-12-09T20:50:51.522+0000] {dagbag.py:540} INFO - Filling up the DagBag from /home/airflow/.local/lib/python3.10/site-packages/airflow/example_dags/example_branch_labels.py
[2024-12-09T20:50:51.531+0000] {processor.py:840} INFO - DAG(s) 'example_branch_labels' retrieved from /home/airflow/.local/lib/python3.10/site-packages/airflow/example_dags/example_branch_labels.py
[2024-12-09T20:50:51.552+0000] {logging_mixin.py:188} INFO - [2024-12-09T20:50:51.552+0000] {dag.py:3047} INFO - Sync 1 DAGs
[2024-12-09T20:50:51.575+0000] {logging_mixin.py:188} INFO - [2024-12-09T20:50:51.575+0000] {dag.py:3834} INFO - Setting next_dagrun for example_branch_labels to 2024-12-08 00:00:00+00:00, run_after=2024-12-09 00:00:00+00:00
[2024-12-09T20:50:51.596+0000] {processor.py:183} INFO - Processing /home/airflow/.local/lib/python3.10/site-packages/airflow/example_dags/example_branch_labels.py took 0.080 seconds
[2024-12-09T20:51:22.022+0000] {processor.py:161} INFO - Started process (PID=1606) to work on /home/airflow/.local/lib/python3.10/site-packages/airflow/example_dags/example_branch_labels.py
[2024-12-09T20:51:22.023+0000] {processor.py:830} INFO - Processing file /home/airflow/.local/lib/python3.10/site-packages/airflow/example_dags/example_branch_labels.py for tasks to queue
[2024-12-09T20:51:22.025+0000] {logging_mixin.py:188} INFO - [2024-12-09T20:51:22.025+0000] {dagbag.py:540} INFO - Filling up the DagBag from /home/airflow/.local/lib/python3.10/site-packages/airflow/example_dags/example_branch_labels.py
[2024-12-09T20:51:22.032+0000] {processor.py:840} INFO - DAG(s) 'example_branch_labels' retrieved from /home/airflow/.local/lib/python3.10/site-packages/airflow/example_dags/example_branch_labels.py
[2024-12-09T20:51:22.054+0000] {logging_mixin.py:188} INFO - [2024-12-09T20:51:22.054+0000] {dag.py:3047} INFO - Sync 1 DAGs
[2024-12-09T20:51:22.074+0000] {logging_mixin.py:188} INFO - [2024-12-09T20:51:22.074+0000] {dag.py:3834} INFO - Setting next_dagrun for example_branch_labels to 2024-12-08 00:00:00+00:00, run_after=2024-12-09 00:00:00+00:00
[2024-12-09T20:51:22.094+0000] {processor.py:183} INFO - Processing /home/airflow/.local/lib/python3.10/site-packages/airflow/example_dags/example_branch_labels.py took 0.075 seconds
[2024-12-09T20:51:52.145+0000] {processor.py:161} INFO - Started process (PID=1662) to work on /home/airflow/.local/lib/python3.10/site-packages/airflow/example_dags/example_branch_labels.py
[2024-12-09T20:51:52.146+0000] {processor.py:830} INFO - Processing file /home/airflow/.local/lib/python3.10/site-packages/airflow/example_dags/example_branch_labels.py for tasks to queue
[2024-12-09T20:51:52.148+0000] {logging_mixin.py:188} INFO - [2024-12-09T20:51:52.148+0000] {dagbag.py:540} INFO - Filling up the DagBag from /home/airflow/.local/lib/python3.10/site-packages/airflow/example_dags/example_branch_labels.py
[2024-12-09T20:51:52.156+0000] {processor.py:840} INFO - DAG(s) 'example_branch_labels' retrieved from /home/airflow/.local/lib/python3.10/site-packages/airflow/example_dags/example_branch_labels.py
[2024-12-09T20:51:52.176+0000] {logging_mixin.py:188} INFO - [2024-12-09T20:51:52.176+0000] {dag.py:3047} INFO - Sync 1 DAGs
[2024-12-09T20:51:52.197+0000] {logging_mixin.py:188} INFO - [2024-12-09T20:51:52.196+0000] {dag.py:3834} INFO - Setting next_dagrun for example_branch_labels to 2024-12-08 00:00:00+00:00, run_after=2024-12-09 00:00:00+00:00
[2024-12-09T20:51:52.216+0000] {processor.py:183} INFO - Processing /home/airflow/.local/lib/python3.10/site-packages/airflow/example_dags/example_branch_labels.py took 0.074 seconds
[2024-12-09T20:52:22.961+0000] {processor.py:161} INFO - Started process (PID=1717) to work on /home/airflow/.local/lib/python3.10/site-packages/airflow/example_dags/example_branch_labels.py
[2024-12-09T20:52:22.962+0000] {processor.py:830} INFO - Processing file /home/airflow/.local/lib/python3.10/site-packages/airflow/example_dags/example_branch_labels.py for tasks to queue
[2024-12-09T20:52:22.964+0000] {logging_mixin.py:188} INFO - [2024-12-09T20:52:22.964+0000] {dagbag.py:540} INFO - Filling up the DagBag from /home/airflow/.local/lib/python3.10/site-packages/airflow/example_dags/example_branch_labels.py
[2024-12-09T20:52:22.972+0000] {processor.py:840} INFO - DAG(s) 'example_branch_labels' retrieved from /home/airflow/.local/lib/python3.10/site-packages/airflow/example_dags/example_branch_labels.py
[2024-12-09T20:52:22.994+0000] {logging_mixin.py:188} INFO - [2024-12-09T20:52:22.994+0000] {dag.py:3047} INFO - Sync 1 DAGs
[2024-12-09T20:52:23.015+0000] {logging_mixin.py:188} INFO - [2024-12-09T20:52:23.015+0000] {dag.py:3834} INFO - Setting next_dagrun for example_branch_labels to 2024-12-08 00:00:00+00:00, run_after=2024-12-09 00:00:00+00:00
[2024-12-09T20:52:23.035+0000] {processor.py:183} INFO - Processing /home/airflow/.local/lib/python3.10/site-packages/airflow/example_dags/example_branch_labels.py took 0.077 seconds
[2024-12-09T20:52:53.350+0000] {processor.py:161} INFO - Started process (PID=1772) to work on /home/airflow/.local/lib/python3.10/site-packages/airflow/example_dags/example_branch_labels.py
[2024-12-09T20:52:53.352+0000] {processor.py:830} INFO - Processing file /home/airflow/.local/lib/python3.10/site-packages/airflow/example_dags/example_branch_labels.py for tasks to queue
[2024-12-09T20:52:53.353+0000] {logging_mixin.py:188} INFO - [2024-12-09T20:52:53.353+0000] {dagbag.py:540} INFO - Filling up the DagBag from /home/airflow/.local/lib/python3.10/site-packages/airflow/example_dags/example_branch_labels.py
[2024-12-09T20:52:53.360+0000] {processor.py:840} INFO - DAG(s) 'example_branch_labels' retrieved from /home/airflow/.local/lib/python3.10/site-packages/airflow/example_dags/example_branch_labels.py
[2024-12-09T20:52:53.382+0000] {logging_mixin.py:188} INFO - [2024-12-09T20:52:53.381+0000] {dag.py:3047} INFO - Sync 1 DAGs
[2024-12-09T20:52:53.536+0000] {logging_mixin.py:188} INFO - [2024-12-09T20:52:53.536+0000] {dag.py:3834} INFO - Setting next_dagrun for example_branch_labels to 2024-12-08 00:00:00+00:00, run_after=2024-12-09 00:00:00+00:00
[2024-12-09T20:52:53.555+0000] {processor.py:183} INFO - Processing /home/airflow/.local/lib/python3.10/site-packages/airflow/example_dags/example_branch_labels.py took 0.208 seconds
[2024-12-09T20:53:24.527+0000] {processor.py:161} INFO - Started process (PID=1828) to work on /home/airflow/.local/lib/python3.10/site-packages/airflow/example_dags/example_branch_labels.py
[2024-12-09T20:53:24.529+0000] {processor.py:830} INFO - Processing file /home/airflow/.local/lib/python3.10/site-packages/airflow/example_dags/example_branch_labels.py for tasks to queue
[2024-12-09T20:53:24.530+0000] {logging_mixin.py:188} INFO - [2024-12-09T20:53:24.530+0000] {dagbag.py:540} INFO - Filling up the DagBag from /home/airflow/.local/lib/python3.10/site-packages/airflow/example_dags/example_branch_labels.py
[2024-12-09T20:53:24.539+0000] {processor.py:840} INFO - DAG(s) 'example_branch_labels' retrieved from /home/airflow/.local/lib/python3.10/site-packages/airflow/example_dags/example_branch_labels.py
[2024-12-09T20:53:24.562+0000] {logging_mixin.py:188} INFO - [2024-12-09T20:53:24.561+0000] {dag.py:3047} INFO - Sync 1 DAGs
[2024-12-09T20:53:24.582+0000] {logging_mixin.py:188} INFO - [2024-12-09T20:53:24.581+0000] {dag.py:3834} INFO - Setting next_dagrun for example_branch_labels to 2024-12-08 00:00:00+00:00, run_after=2024-12-09 00:00:00+00:00
[2024-12-09T20:53:24.726+0000] {processor.py:183} INFO - Processing /home/airflow/.local/lib/python3.10/site-packages/airflow/example_dags/example_branch_labels.py took 0.201 seconds
[2024-12-09T20:53:55.041+0000] {processor.py:161} INFO - Started process (PID=1883) to work on /home/airflow/.local/lib/python3.10/site-packages/airflow/example_dags/example_branch_labels.py
[2024-12-09T20:53:55.042+0000] {processor.py:830} INFO - Processing file /home/airflow/.local/lib/python3.10/site-packages/airflow/example_dags/example_branch_labels.py for tasks to queue
[2024-12-09T20:53:55.045+0000] {logging_mixin.py:188} INFO - [2024-12-09T20:53:55.045+0000] {dagbag.py:540} INFO - Filling up the DagBag from /home/airflow/.local/lib/python3.10/site-packages/airflow/example_dags/example_branch_labels.py
[2024-12-09T20:53:55.056+0000] {processor.py:840} INFO - DAG(s) 'example_branch_labels' retrieved from /home/airflow/.local/lib/python3.10/site-packages/airflow/example_dags/example_branch_labels.py
[2024-12-09T20:53:55.078+0000] {logging_mixin.py:188} INFO - [2024-12-09T20:53:55.078+0000] {dag.py:3047} INFO - Sync 1 DAGs
[2024-12-09T20:53:55.102+0000] {logging_mixin.py:188} INFO - [2024-12-09T20:53:55.101+0000] {dag.py:3834} INFO - Setting next_dagrun for example_branch_labels to 2024-12-08 00:00:00+00:00, run_after=2024-12-09 00:00:00+00:00
[2024-12-09T20:53:55.126+0000] {processor.py:183} INFO - Processing /home/airflow/.local/lib/python3.10/site-packages/airflow/example_dags/example_branch_labels.py took 0.090 seconds
[2024-12-09T20:54:25.319+0000] {processor.py:161} INFO - Started process (PID=1939) to work on /home/airflow/.local/lib/python3.10/site-packages/airflow/example_dags/example_branch_labels.py
[2024-12-09T20:54:25.320+0000] {processor.py:830} INFO - Processing file /home/airflow/.local/lib/python3.10/site-packages/airflow/example_dags/example_branch_labels.py for tasks to queue
[2024-12-09T20:54:25.323+0000] {logging_mixin.py:188} INFO - [2024-12-09T20:54:25.322+0000] {dagbag.py:540} INFO - Filling up the DagBag from /home/airflow/.local/lib/python3.10/site-packages/airflow/example_dags/example_branch_labels.py
[2024-12-09T20:54:25.331+0000] {processor.py:840} INFO - DAG(s) 'example_branch_labels' retrieved from /home/airflow/.local/lib/python3.10/site-packages/airflow/example_dags/example_branch_labels.py
[2024-12-09T20:54:25.354+0000] {logging_mixin.py:188} INFO - [2024-12-09T20:54:25.354+0000] {dag.py:3047} INFO - Sync 1 DAGs
[2024-12-09T20:54:25.374+0000] {logging_mixin.py:188} INFO - [2024-12-09T20:54:25.374+0000] {dag.py:3834} INFO - Setting next_dagrun for example_branch_labels to 2024-12-08 00:00:00+00:00, run_after=2024-12-09 00:00:00+00:00
[2024-12-09T20:54:25.395+0000] {processor.py:183} INFO - Processing /home/airflow/.local/lib/python3.10/site-packages/airflow/example_dags/example_branch_labels.py took 0.079 seconds
[2024-12-09T20:54:55.469+0000] {processor.py:161} INFO - Started process (PID=1994) to work on /home/airflow/.local/lib/python3.10/site-packages/airflow/example_dags/example_branch_labels.py
[2024-12-09T20:54:55.470+0000] {processor.py:830} INFO - Processing file /home/airflow/.local/lib/python3.10/site-packages/airflow/example_dags/example_branch_labels.py for tasks to queue
[2024-12-09T20:54:55.472+0000] {logging_mixin.py:188} INFO - [2024-12-09T20:54:55.472+0000] {dagbag.py:540} INFO - Filling up the DagBag from /home/airflow/.local/lib/python3.10/site-packages/airflow/example_dags/example_branch_labels.py
[2024-12-09T20:54:55.480+0000] {processor.py:840} INFO - DAG(s) 'example_branch_labels' retrieved from /home/airflow/.local/lib/python3.10/site-packages/airflow/example_dags/example_branch_labels.py
[2024-12-09T20:54:55.502+0000] {logging_mixin.py:188} INFO - [2024-12-09T20:54:55.501+0000] {dag.py:3047} INFO - Sync 1 DAGs
[2024-12-09T20:54:55.522+0000] {logging_mixin.py:188} INFO - [2024-12-09T20:54:55.522+0000] {dag.py:3834} INFO - Setting next_dagrun for example_branch_labels to 2024-12-08 00:00:00+00:00, run_after=2024-12-09 00:00:00+00:00
[2024-12-09T20:54:55.543+0000] {processor.py:183} INFO - Processing /home/airflow/.local/lib/python3.10/site-packages/airflow/example_dags/example_branch_labels.py took 0.077 seconds
[2024-12-09T20:55:25.838+0000] {processor.py:161} INFO - Started process (PID=2049) to work on /home/airflow/.local/lib/python3.10/site-packages/airflow/example_dags/example_branch_labels.py
[2024-12-09T20:55:25.839+0000] {processor.py:830} INFO - Processing file /home/airflow/.local/lib/python3.10/site-packages/airflow/example_dags/example_branch_labels.py for tasks to queue
[2024-12-09T20:55:25.842+0000] {logging_mixin.py:188} INFO - [2024-12-09T20:55:25.841+0000] {dagbag.py:540} INFO - Filling up the DagBag from /home/airflow/.local/lib/python3.10/site-packages/airflow/example_dags/example_branch_labels.py
[2024-12-09T20:55:25.859+0000] {processor.py:840} INFO - DAG(s) 'example_branch_labels' retrieved from /home/airflow/.local/lib/python3.10/site-packages/airflow/example_dags/example_branch_labels.py
[2024-12-09T20:55:25.903+0000] {logging_mixin.py:188} INFO - [2024-12-09T20:55:25.902+0000] {dag.py:3047} INFO - Sync 1 DAGs
[2024-12-09T20:55:25.942+0000] {logging_mixin.py:188} INFO - [2024-12-09T20:55:25.942+0000] {dag.py:3834} INFO - Setting next_dagrun for example_branch_labels to 2024-12-08 00:00:00+00:00, run_after=2024-12-09 00:00:00+00:00
[2024-12-09T20:55:25.976+0000] {processor.py:183} INFO - Processing /home/airflow/.local/lib/python3.10/site-packages/airflow/example_dags/example_branch_labels.py took 0.141 seconds
[2024-12-09T20:55:56.613+0000] {processor.py:161} INFO - Started process (PID=2104) to work on /home/airflow/.local/lib/python3.10/site-packages/airflow/example_dags/example_branch_labels.py
[2024-12-09T20:55:56.615+0000] {processor.py:830} INFO - Processing file /home/airflow/.local/lib/python3.10/site-packages/airflow/example_dags/example_branch_labels.py for tasks to queue
[2024-12-09T20:55:56.617+0000] {logging_mixin.py:188} INFO - [2024-12-09T20:55:56.617+0000] {dagbag.py:540} INFO - Filling up the DagBag from /home/airflow/.local/lib/python3.10/site-packages/airflow/example_dags/example_branch_labels.py
[2024-12-09T20:55:56.627+0000] {processor.py:840} INFO - DAG(s) 'example_branch_labels' retrieved from /home/airflow/.local/lib/python3.10/site-packages/airflow/example_dags/example_branch_labels.py
[2024-12-09T20:55:56.651+0000] {logging_mixin.py:188} INFO - [2024-12-09T20:55:56.651+0000] {dag.py:3047} INFO - Sync 1 DAGs
[2024-12-09T20:55:56.674+0000] {logging_mixin.py:188} INFO - [2024-12-09T20:55:56.673+0000] {dag.py:3834} INFO - Setting next_dagrun for example_branch_labels to 2024-12-08 00:00:00+00:00, run_after=2024-12-09 00:00:00+00:00
[2024-12-09T20:55:56.694+0000] {processor.py:183} INFO - Processing /home/airflow/.local/lib/python3.10/site-packages/airflow/example_dags/example_branch_labels.py took 0.084 seconds
[2024-12-09T20:56:27.200+0000] {processor.py:161} INFO - Started process (PID=2160) to work on /home/airflow/.local/lib/python3.10/site-packages/airflow/example_dags/example_branch_labels.py
[2024-12-09T20:56:27.201+0000] {processor.py:830} INFO - Processing file /home/airflow/.local/lib/python3.10/site-packages/airflow/example_dags/example_branch_labels.py for tasks to queue
[2024-12-09T20:56:27.203+0000] {logging_mixin.py:188} INFO - [2024-12-09T20:56:27.203+0000] {dagbag.py:540} INFO - Filling up the DagBag from /home/airflow/.local/lib/python3.10/site-packages/airflow/example_dags/example_branch_labels.py
[2024-12-09T20:56:27.210+0000] {processor.py:840} INFO - DAG(s) 'example_branch_labels' retrieved from /home/airflow/.local/lib/python3.10/site-packages/airflow/example_dags/example_branch_labels.py
[2024-12-09T20:56:27.233+0000] {logging_mixin.py:188} INFO - [2024-12-09T20:56:27.233+0000] {dag.py:3047} INFO - Sync 1 DAGs
[2024-12-09T20:56:27.256+0000] {logging_mixin.py:188} INFO - [2024-12-09T20:56:27.255+0000] {dag.py:3834} INFO - Setting next_dagrun for example_branch_labels to 2024-12-08 00:00:00+00:00, run_after=2024-12-09 00:00:00+00:00
[2024-12-09T20:56:27.275+0000] {processor.py:183} INFO - Processing /home/airflow/.local/lib/python3.10/site-packages/airflow/example_dags/example_branch_labels.py took 0.078 seconds
[2024-12-09T20:56:57.774+0000] {processor.py:161} INFO - Started process (PID=2216) to work on /home/airflow/.local/lib/python3.10/site-packages/airflow/example_dags/example_branch_labels.py
[2024-12-09T20:56:57.775+0000] {processor.py:830} INFO - Processing file /home/airflow/.local/lib/python3.10/site-packages/airflow/example_dags/example_branch_labels.py for tasks to queue
[2024-12-09T20:56:57.777+0000] {logging_mixin.py:188} INFO - [2024-12-09T20:56:57.777+0000] {dagbag.py:540} INFO - Filling up the DagBag from /home/airflow/.local/lib/python3.10/site-packages/airflow/example_dags/example_branch_labels.py
[2024-12-09T20:56:57.788+0000] {processor.py:840} INFO - DAG(s) 'example_branch_labels' retrieved from /home/airflow/.local/lib/python3.10/site-packages/airflow/example_dags/example_branch_labels.py
[2024-12-09T20:56:57.814+0000] {logging_mixin.py:188} INFO - [2024-12-09T20:56:57.813+0000] {dag.py:3047} INFO - Sync 1 DAGs
[2024-12-09T20:56:57.837+0000] {logging_mixin.py:188} INFO - [2024-12-09T20:56:57.837+0000] {dag.py:3834} INFO - Setting next_dagrun for example_branch_labels to 2024-12-08 00:00:00+00:00, run_after=2024-12-09 00:00:00+00:00
[2024-12-09T20:56:57.858+0000] {processor.py:183} INFO - Processing /home/airflow/.local/lib/python3.10/site-packages/airflow/example_dags/example_branch_labels.py took 0.090 seconds
[2024-12-09T20:57:28.187+0000] {processor.py:161} INFO - Started process (PID=2271) to work on /home/airflow/.local/lib/python3.10/site-packages/airflow/example_dags/example_branch_labels.py
[2024-12-09T20:57:28.189+0000] {processor.py:830} INFO - Processing file /home/airflow/.local/lib/python3.10/site-packages/airflow/example_dags/example_branch_labels.py for tasks to queue
[2024-12-09T20:57:28.192+0000] {logging_mixin.py:188} INFO - [2024-12-09T20:57:28.192+0000] {dagbag.py:540} INFO - Filling up the DagBag from /home/airflow/.local/lib/python3.10/site-packages/airflow/example_dags/example_branch_labels.py
[2024-12-09T20:57:28.203+0000] {processor.py:840} INFO - DAG(s) 'example_branch_labels' retrieved from /home/airflow/.local/lib/python3.10/site-packages/airflow/example_dags/example_branch_labels.py
[2024-12-09T20:57:28.242+0000] {logging_mixin.py:188} INFO - [2024-12-09T20:57:28.241+0000] {dag.py:3047} INFO - Sync 1 DAGs
[2024-12-09T20:57:28.279+0000] {logging_mixin.py:188} INFO - [2024-12-09T20:57:28.279+0000] {dag.py:3834} INFO - Setting next_dagrun for example_branch_labels to 2024-12-08 00:00:00+00:00, run_after=2024-12-09 00:00:00+00:00
[2024-12-09T20:57:28.313+0000] {processor.py:183} INFO - Processing /home/airflow/.local/lib/python3.10/site-packages/airflow/example_dags/example_branch_labels.py took 0.130 seconds
[2024-12-09T21:56:39.266+0000] {processor.py:161} INFO - Started process (PID=2337) to work on /home/airflow/.local/lib/python3.10/site-packages/airflow/example_dags/example_branch_labels.py
[2024-12-09T21:56:39.268+0000] {processor.py:830} INFO - Processing file /home/airflow/.local/lib/python3.10/site-packages/airflow/example_dags/example_branch_labels.py for tasks to queue
[2024-12-09T21:56:39.276+0000] {logging_mixin.py:188} INFO - [2024-12-09T21:56:39.275+0000] {dagbag.py:540} INFO - Filling up the DagBag from /home/airflow/.local/lib/python3.10/site-packages/airflow/example_dags/example_branch_labels.py
[2024-12-09T21:56:39.308+0000] {processor.py:840} INFO - DAG(s) 'example_branch_labels' retrieved from /home/airflow/.local/lib/python3.10/site-packages/airflow/example_dags/example_branch_labels.py
[2024-12-09T21:56:39.414+0000] {logging_mixin.py:188} INFO - [2024-12-09T21:56:39.413+0000] {dag.py:3047} INFO - Sync 1 DAGs
[2024-12-09T21:56:39.481+0000] {logging_mixin.py:188} INFO - [2024-12-09T21:56:39.481+0000] {dag.py:3834} INFO - Setting next_dagrun for example_branch_labels to 2024-12-08 00:00:00+00:00, run_after=2024-12-09 00:00:00+00:00
[2024-12-09T21:56:39.920+0000] {processor.py:183} INFO - Processing /home/airflow/.local/lib/python3.10/site-packages/airflow/example_dags/example_branch_labels.py took 0.670 seconds
[2024-12-09T21:57:10.918+0000] {processor.py:161} INFO - Started process (PID=2393) to work on /home/airflow/.local/lib/python3.10/site-packages/airflow/example_dags/example_branch_labels.py
[2024-12-09T21:57:10.919+0000] {processor.py:830} INFO - Processing file /home/airflow/.local/lib/python3.10/site-packages/airflow/example_dags/example_branch_labels.py for tasks to queue
[2024-12-09T21:57:10.921+0000] {logging_mixin.py:188} INFO - [2024-12-09T21:57:10.920+0000] {dagbag.py:540} INFO - Filling up the DagBag from /home/airflow/.local/lib/python3.10/site-packages/airflow/example_dags/example_branch_labels.py
[2024-12-09T21:57:10.929+0000] {processor.py:840} INFO - DAG(s) 'example_branch_labels' retrieved from /home/airflow/.local/lib/python3.10/site-packages/airflow/example_dags/example_branch_labels.py
[2024-12-09T21:57:10.950+0000] {logging_mixin.py:188} INFO - [2024-12-09T21:57:10.950+0000] {dag.py:3047} INFO - Sync 1 DAGs
[2024-12-09T21:57:10.969+0000] {logging_mixin.py:188} INFO - [2024-12-09T21:57:10.969+0000] {dag.py:3834} INFO - Setting next_dagrun for example_branch_labels to 2024-12-08 00:00:00+00:00, run_after=2024-12-09 00:00:00+00:00
[2024-12-09T21:57:10.990+0000] {processor.py:183} INFO - Processing /home/airflow/.local/lib/python3.10/site-packages/airflow/example_dags/example_branch_labels.py took 0.076 seconds
[2024-12-09T21:57:55.270+0000] {processor.py:161} INFO - Started process (PID=2449) to work on /home/airflow/.local/lib/python3.10/site-packages/airflow/example_dags/example_branch_labels.py
[2024-12-09T21:57:55.271+0000] {processor.py:830} INFO - Processing file /home/airflow/.local/lib/python3.10/site-packages/airflow/example_dags/example_branch_labels.py for tasks to queue
[2024-12-09T21:57:55.273+0000] {logging_mixin.py:188} INFO - [2024-12-09T21:57:55.273+0000] {dagbag.py:540} INFO - Filling up the DagBag from /home/airflow/.local/lib/python3.10/site-packages/airflow/example_dags/example_branch_labels.py
[2024-12-09T21:57:55.282+0000] {processor.py:840} INFO - DAG(s) 'example_branch_labels' retrieved from /home/airflow/.local/lib/python3.10/site-packages/airflow/example_dags/example_branch_labels.py
[2024-12-09T21:57:55.307+0000] {logging_mixin.py:188} INFO - [2024-12-09T21:57:55.307+0000] {dag.py:3047} INFO - Sync 1 DAGs
[2024-12-09T21:57:55.329+0000] {logging_mixin.py:188} INFO - [2024-12-09T21:57:55.329+0000] {dag.py:3834} INFO - Setting next_dagrun for example_branch_labels to 2024-12-08 00:00:00+00:00, run_after=2024-12-09 00:00:00+00:00
[2024-12-09T21:57:55.348+0000] {processor.py:183} INFO - Processing /home/airflow/.local/lib/python3.10/site-packages/airflow/example_dags/example_branch_labels.py took 0.082 seconds
[2024-12-09T21:58:25.673+0000] {processor.py:161} INFO - Started process (PID=2504) to work on /home/airflow/.local/lib/python3.10/site-packages/airflow/example_dags/example_branch_labels.py
[2024-12-09T21:58:25.674+0000] {processor.py:830} INFO - Processing file /home/airflow/.local/lib/python3.10/site-packages/airflow/example_dags/example_branch_labels.py for tasks to queue
[2024-12-09T21:58:25.676+0000] {logging_mixin.py:188} INFO - [2024-12-09T21:58:25.675+0000] {dagbag.py:540} INFO - Filling up the DagBag from /home/airflow/.local/lib/python3.10/site-packages/airflow/example_dags/example_branch_labels.py
[2024-12-09T21:58:25.685+0000] {processor.py:840} INFO - DAG(s) 'example_branch_labels' retrieved from /home/airflow/.local/lib/python3.10/site-packages/airflow/example_dags/example_branch_labels.py
[2024-12-09T21:58:25.705+0000] {logging_mixin.py:188} INFO - [2024-12-09T21:58:25.705+0000] {dag.py:3047} INFO - Sync 1 DAGs
[2024-12-09T21:58:25.724+0000] {logging_mixin.py:188} INFO - [2024-12-09T21:58:25.723+0000] {dag.py:3834} INFO - Setting next_dagrun for example_branch_labels to 2024-12-08 00:00:00+00:00, run_after=2024-12-09 00:00:00+00:00
[2024-12-09T21:58:25.744+0000] {processor.py:183} INFO - Processing /home/airflow/.local/lib/python3.10/site-packages/airflow/example_dags/example_branch_labels.py took 0.074 seconds
[2024-12-09T21:58:56.628+0000] {processor.py:161} INFO - Started process (PID=2559) to work on /home/airflow/.local/lib/python3.10/site-packages/airflow/example_dags/example_branch_labels.py
[2024-12-09T21:58:56.629+0000] {processor.py:830} INFO - Processing file /home/airflow/.local/lib/python3.10/site-packages/airflow/example_dags/example_branch_labels.py for tasks to queue
[2024-12-09T21:58:56.631+0000] {logging_mixin.py:188} INFO - [2024-12-09T21:58:56.631+0000] {dagbag.py:540} INFO - Filling up the DagBag from /home/airflow/.local/lib/python3.10/site-packages/airflow/example_dags/example_branch_labels.py
[2024-12-09T21:58:56.639+0000] {processor.py:840} INFO - DAG(s) 'example_branch_labels' retrieved from /home/airflow/.local/lib/python3.10/site-packages/airflow/example_dags/example_branch_labels.py
[2024-12-09T21:58:56.659+0000] {logging_mixin.py:188} INFO - [2024-12-09T21:58:56.659+0000] {dag.py:3047} INFO - Sync 1 DAGs
[2024-12-09T21:58:56.676+0000] {logging_mixin.py:188} INFO - [2024-12-09T21:58:56.676+0000] {dag.py:3834} INFO - Setting next_dagrun for example_branch_labels to 2024-12-08 00:00:00+00:00, run_after=2024-12-09 00:00:00+00:00
[2024-12-09T21:58:56.697+0000] {processor.py:183} INFO - Processing /home/airflow/.local/lib/python3.10/site-packages/airflow/example_dags/example_branch_labels.py took 0.072 seconds
[2024-12-09T21:59:27.604+0000] {processor.py:161} INFO - Started process (PID=2615) to work on /home/airflow/.local/lib/python3.10/site-packages/airflow/example_dags/example_branch_labels.py
[2024-12-09T21:59:27.605+0000] {processor.py:830} INFO - Processing file /home/airflow/.local/lib/python3.10/site-packages/airflow/example_dags/example_branch_labels.py for tasks to queue
[2024-12-09T21:59:27.607+0000] {logging_mixin.py:188} INFO - [2024-12-09T21:59:27.607+0000] {dagbag.py:540} INFO - Filling up the DagBag from /home/airflow/.local/lib/python3.10/site-packages/airflow/example_dags/example_branch_labels.py
[2024-12-09T21:59:27.615+0000] {processor.py:840} INFO - DAG(s) 'example_branch_labels' retrieved from /home/airflow/.local/lib/python3.10/site-packages/airflow/example_dags/example_branch_labels.py
[2024-12-09T21:59:27.635+0000] {logging_mixin.py:188} INFO - [2024-12-09T21:59:27.635+0000] {dag.py:3047} INFO - Sync 1 DAGs
[2024-12-09T21:59:27.651+0000] {logging_mixin.py:188} INFO - [2024-12-09T21:59:27.651+0000] {dag.py:3834} INFO - Setting next_dagrun for example_branch_labels to 2024-12-08 00:00:00+00:00, run_after=2024-12-09 00:00:00+00:00
[2024-12-09T21:59:27.671+0000] {processor.py:183} INFO - Processing /home/airflow/.local/lib/python3.10/site-packages/airflow/example_dags/example_branch_labels.py took 0.070 seconds
[2024-12-09T21:59:57.741+0000] {processor.py:161} INFO - Started process (PID=2670) to work on /home/airflow/.local/lib/python3.10/site-packages/airflow/example_dags/example_branch_labels.py
[2024-12-09T21:59:57.742+0000] {processor.py:830} INFO - Processing file /home/airflow/.local/lib/python3.10/site-packages/airflow/example_dags/example_branch_labels.py for tasks to queue
[2024-12-09T21:59:57.744+0000] {logging_mixin.py:188} INFO - [2024-12-09T21:59:57.743+0000] {dagbag.py:540} INFO - Filling up the DagBag from /home/airflow/.local/lib/python3.10/site-packages/airflow/example_dags/example_branch_labels.py
[2024-12-09T21:59:57.751+0000] {processor.py:840} INFO - DAG(s) 'example_branch_labels' retrieved from /home/airflow/.local/lib/python3.10/site-packages/airflow/example_dags/example_branch_labels.py
[2024-12-09T21:59:57.772+0000] {logging_mixin.py:188} INFO - [2024-12-09T21:59:57.771+0000] {dag.py:3047} INFO - Sync 1 DAGs
[2024-12-09T21:59:57.790+0000] {logging_mixin.py:188} INFO - [2024-12-09T21:59:57.789+0000] {dag.py:3834} INFO - Setting next_dagrun for example_branch_labels to 2024-12-08 00:00:00+00:00, run_after=2024-12-09 00:00:00+00:00
[2024-12-09T21:59:57.806+0000] {processor.py:183} INFO - Processing /home/airflow/.local/lib/python3.10/site-packages/airflow/example_dags/example_branch_labels.py took 0.068 seconds
[2024-12-09T23:00:45.546+0000] {processor.py:161} INFO - Started process (PID=2726) to work on /home/airflow/.local/lib/python3.10/site-packages/airflow/example_dags/example_branch_labels.py
[2024-12-09T23:00:45.548+0000] {processor.py:830} INFO - Processing file /home/airflow/.local/lib/python3.10/site-packages/airflow/example_dags/example_branch_labels.py for tasks to queue
[2024-12-09T23:00:45.558+0000] {logging_mixin.py:188} INFO - [2024-12-09T23:00:45.557+0000] {dagbag.py:540} INFO - Filling up the DagBag from /home/airflow/.local/lib/python3.10/site-packages/airflow/example_dags/example_branch_labels.py
[2024-12-09T23:00:45.627+0000] {processor.py:840} INFO - DAG(s) 'example_branch_labels' retrieved from /home/airflow/.local/lib/python3.10/site-packages/airflow/example_dags/example_branch_labels.py
[2024-12-09T23:00:45.740+0000] {logging_mixin.py:188} INFO - [2024-12-09T23:00:45.739+0000] {dag.py:3047} INFO - Sync 1 DAGs
[2024-12-09T23:00:45.804+0000] {logging_mixin.py:188} INFO - [2024-12-09T23:00:45.804+0000] {dag.py:3834} INFO - Setting next_dagrun for example_branch_labels to 2024-12-08 00:00:00+00:00, run_after=2024-12-09 00:00:00+00:00
[2024-12-09T23:00:45.862+0000] {processor.py:183} INFO - Processing /home/airflow/.local/lib/python3.10/site-packages/airflow/example_dags/example_branch_labels.py took 0.324 seconds
