[2024-12-09T13:35:31.542+0000] {processor.py:161} INFO - Started process (PID=58) to work on /home/airflow/.local/lib/python3.10/site-packages/airflow/example_dags/example_complex.py
[2024-12-09T13:35:31.609+0000] {processor.py:830} INFO - Processing file /home/airflow/.local/lib/python3.10/site-packages/airflow/example_dags/example_complex.py for tasks to queue
[2024-12-09T13:35:31.620+0000] {logging_mixin.py:188} INFO - [2024-12-09T13:35:31.619+0000] {dagbag.py:540} INFO - Filling up the DagBag from /home/airflow/.local/lib/python3.10/site-packages/airflow/example_dags/example_complex.py
[2024-12-09T13:35:31.707+0000] {processor.py:840} INFO - DAG(s) 'example_complex' retrieved from /home/airflow/.local/lib/python3.10/site-packages/airflow/example_dags/example_complex.py
[2024-12-09T13:35:32.068+0000] {logging_mixin.py:188} INFO - [2024-12-09T13:35:32.067+0000] {dag.py:3047} INFO - Sync 1 DAGs
[2024-12-09T13:35:32.298+0000] {logging_mixin.py:188} INFO - [2024-12-09T13:35:32.297+0000] {dag.py:3834} INFO - Setting next_dagrun for example_complex to None, run_after=None
[2024-12-09T13:35:32.680+0000] {processor.py:183} INFO - Processing /home/airflow/.local/lib/python3.10/site-packages/airflow/example_dags/example_complex.py took 1.331 seconds
[2024-12-09T20:37:09.966+0000] {processor.py:161} INFO - Started process (PID=58) to work on /home/airflow/.local/lib/python3.10/site-packages/airflow/example_dags/example_complex.py
[2024-12-09T20:37:09.971+0000] {processor.py:830} INFO - Processing file /home/airflow/.local/lib/python3.10/site-packages/airflow/example_dags/example_complex.py for tasks to queue
[2024-12-09T20:37:09.999+0000] {logging_mixin.py:188} INFO - [2024-12-09T20:37:09.997+0000] {dagbag.py:540} INFO - Filling up the DagBag from /home/airflow/.local/lib/python3.10/site-packages/airflow/example_dags/example_complex.py
[2024-12-09T20:37:10.105+0000] {processor.py:840} INFO - DAG(s) 'example_complex' retrieved from /home/airflow/.local/lib/python3.10/site-packages/airflow/example_dags/example_complex.py
[2024-12-09T20:37:10.260+0000] {logging_mixin.py:188} INFO - [2024-12-09T20:37:10.260+0000] {dag.py:3047} INFO - Sync 1 DAGs
[2024-12-09T20:37:10.302+0000] {logging_mixin.py:188} INFO - [2024-12-09T20:37:10.302+0000] {dag.py:3834} INFO - Setting next_dagrun for example_complex to None, run_after=None
[2024-12-09T20:37:10.392+0000] {processor.py:183} INFO - Processing /home/airflow/.local/lib/python3.10/site-packages/airflow/example_dags/example_complex.py took 0.445 seconds
[2024-12-09T20:37:40.840+0000] {processor.py:161} INFO - Started process (PID=114) to work on /home/airflow/.local/lib/python3.10/site-packages/airflow/example_dags/example_complex.py
[2024-12-09T20:37:40.843+0000] {processor.py:830} INFO - Processing file /home/airflow/.local/lib/python3.10/site-packages/airflow/example_dags/example_complex.py for tasks to queue
[2024-12-09T20:37:40.846+0000] {logging_mixin.py:188} INFO - [2024-12-09T20:37:40.845+0000] {dagbag.py:540} INFO - Filling up the DagBag from /home/airflow/.local/lib/python3.10/site-packages/airflow/example_dags/example_complex.py
[2024-12-09T20:37:40.869+0000] {processor.py:840} INFO - DAG(s) 'example_complex' retrieved from /home/airflow/.local/lib/python3.10/site-packages/airflow/example_dags/example_complex.py
[2024-12-09T20:37:40.946+0000] {logging_mixin.py:188} INFO - [2024-12-09T20:37:40.945+0000] {dag.py:3047} INFO - Sync 1 DAGs
[2024-12-09T20:37:40.975+0000] {logging_mixin.py:188} INFO - [2024-12-09T20:37:40.974+0000] {dag.py:3834} INFO - Setting next_dagrun for example_complex to None, run_after=None
[2024-12-09T20:37:41.027+0000] {processor.py:183} INFO - Processing /home/airflow/.local/lib/python3.10/site-packages/airflow/example_dags/example_complex.py took 0.195 seconds
[2024-12-09T20:38:11.403+0000] {processor.py:161} INFO - Started process (PID=170) to work on /home/airflow/.local/lib/python3.10/site-packages/airflow/example_dags/example_complex.py
[2024-12-09T20:38:11.404+0000] {processor.py:830} INFO - Processing file /home/airflow/.local/lib/python3.10/site-packages/airflow/example_dags/example_complex.py for tasks to queue
[2024-12-09T20:38:11.407+0000] {logging_mixin.py:188} INFO - [2024-12-09T20:38:11.406+0000] {dagbag.py:540} INFO - Filling up the DagBag from /home/airflow/.local/lib/python3.10/site-packages/airflow/example_dags/example_complex.py
[2024-12-09T20:38:11.417+0000] {processor.py:840} INFO - DAG(s) 'example_complex' retrieved from /home/airflow/.local/lib/python3.10/site-packages/airflow/example_dags/example_complex.py
[2024-12-09T20:38:11.446+0000] {logging_mixin.py:188} INFO - [2024-12-09T20:38:11.446+0000] {dag.py:3047} INFO - Sync 1 DAGs
[2024-12-09T20:38:11.457+0000] {logging_mixin.py:188} INFO - [2024-12-09T20:38:11.457+0000] {dag.py:3834} INFO - Setting next_dagrun for example_complex to None, run_after=None
[2024-12-09T20:38:11.477+0000] {processor.py:183} INFO - Processing /home/airflow/.local/lib/python3.10/site-packages/airflow/example_dags/example_complex.py took 0.077 seconds
[2024-12-09T20:38:41.975+0000] {processor.py:161} INFO - Started process (PID=226) to work on /home/airflow/.local/lib/python3.10/site-packages/airflow/example_dags/example_complex.py
[2024-12-09T20:38:41.976+0000] {processor.py:830} INFO - Processing file /home/airflow/.local/lib/python3.10/site-packages/airflow/example_dags/example_complex.py for tasks to queue
[2024-12-09T20:38:41.979+0000] {logging_mixin.py:188} INFO - [2024-12-09T20:38:41.978+0000] {dagbag.py:540} INFO - Filling up the DagBag from /home/airflow/.local/lib/python3.10/site-packages/airflow/example_dags/example_complex.py
[2024-12-09T20:38:41.988+0000] {processor.py:840} INFO - DAG(s) 'example_complex' retrieved from /home/airflow/.local/lib/python3.10/site-packages/airflow/example_dags/example_complex.py
[2024-12-09T20:38:42.017+0000] {logging_mixin.py:188} INFO - [2024-12-09T20:38:42.016+0000] {dag.py:3047} INFO - Sync 1 DAGs
[2024-12-09T20:38:42.028+0000] {logging_mixin.py:188} INFO - [2024-12-09T20:38:42.028+0000] {dag.py:3834} INFO - Setting next_dagrun for example_complex to None, run_after=None
[2024-12-09T20:38:42.060+0000] {processor.py:183} INFO - Processing /home/airflow/.local/lib/python3.10/site-packages/airflow/example_dags/example_complex.py took 0.088 seconds
[2024-12-09T20:39:12.297+0000] {processor.py:161} INFO - Started process (PID=282) to work on /home/airflow/.local/lib/python3.10/site-packages/airflow/example_dags/example_complex.py
[2024-12-09T20:39:12.299+0000] {processor.py:830} INFO - Processing file /home/airflow/.local/lib/python3.10/site-packages/airflow/example_dags/example_complex.py for tasks to queue
[2024-12-09T20:39:12.301+0000] {logging_mixin.py:188} INFO - [2024-12-09T20:39:12.300+0000] {dagbag.py:540} INFO - Filling up the DagBag from /home/airflow/.local/lib/python3.10/site-packages/airflow/example_dags/example_complex.py
[2024-12-09T20:39:12.311+0000] {processor.py:840} INFO - DAG(s) 'example_complex' retrieved from /home/airflow/.local/lib/python3.10/site-packages/airflow/example_dags/example_complex.py
[2024-12-09T20:39:12.342+0000] {logging_mixin.py:188} INFO - [2024-12-09T20:39:12.341+0000] {dag.py:3047} INFO - Sync 1 DAGs
[2024-12-09T20:39:12.355+0000] {logging_mixin.py:188} INFO - [2024-12-09T20:39:12.355+0000] {dag.py:3834} INFO - Setting next_dagrun for example_complex to None, run_after=None
[2024-12-09T20:39:12.378+0000] {processor.py:183} INFO - Processing /home/airflow/.local/lib/python3.10/site-packages/airflow/example_dags/example_complex.py took 0.084 seconds
[2024-12-09T20:39:42.962+0000] {processor.py:161} INFO - Started process (PID=337) to work on /home/airflow/.local/lib/python3.10/site-packages/airflow/example_dags/example_complex.py
[2024-12-09T20:39:42.964+0000] {processor.py:830} INFO - Processing file /home/airflow/.local/lib/python3.10/site-packages/airflow/example_dags/example_complex.py for tasks to queue
[2024-12-09T20:39:42.966+0000] {logging_mixin.py:188} INFO - [2024-12-09T20:39:42.965+0000] {dagbag.py:540} INFO - Filling up the DagBag from /home/airflow/.local/lib/python3.10/site-packages/airflow/example_dags/example_complex.py
[2024-12-09T20:39:42.975+0000] {processor.py:840} INFO - DAG(s) 'example_complex' retrieved from /home/airflow/.local/lib/python3.10/site-packages/airflow/example_dags/example_complex.py
[2024-12-09T20:39:43.004+0000] {logging_mixin.py:188} INFO - [2024-12-09T20:39:43.004+0000] {dag.py:3047} INFO - Sync 1 DAGs
[2024-12-09T20:39:43.015+0000] {logging_mixin.py:188} INFO - [2024-12-09T20:39:43.015+0000] {dag.py:3834} INFO - Setting next_dagrun for example_complex to None, run_after=None
[2024-12-09T20:39:43.036+0000] {processor.py:183} INFO - Processing /home/airflow/.local/lib/python3.10/site-packages/airflow/example_dags/example_complex.py took 0.077 seconds
[2024-12-09T20:40:13.649+0000] {processor.py:161} INFO - Started process (PID=392) to work on /home/airflow/.local/lib/python3.10/site-packages/airflow/example_dags/example_complex.py
[2024-12-09T20:40:13.650+0000] {processor.py:830} INFO - Processing file /home/airflow/.local/lib/python3.10/site-packages/airflow/example_dags/example_complex.py for tasks to queue
[2024-12-09T20:40:13.652+0000] {logging_mixin.py:188} INFO - [2024-12-09T20:40:13.652+0000] {dagbag.py:540} INFO - Filling up the DagBag from /home/airflow/.local/lib/python3.10/site-packages/airflow/example_dags/example_complex.py
[2024-12-09T20:40:13.661+0000] {processor.py:840} INFO - DAG(s) 'example_complex' retrieved from /home/airflow/.local/lib/python3.10/site-packages/airflow/example_dags/example_complex.py
[2024-12-09T20:40:13.693+0000] {logging_mixin.py:188} INFO - [2024-12-09T20:40:13.692+0000] {dag.py:3047} INFO - Sync 1 DAGs
[2024-12-09T20:40:13.705+0000] {logging_mixin.py:188} INFO - [2024-12-09T20:40:13.705+0000] {dag.py:3834} INFO - Setting next_dagrun for example_complex to None, run_after=None
[2024-12-09T20:40:13.728+0000] {processor.py:183} INFO - Processing /home/airflow/.local/lib/python3.10/site-packages/airflow/example_dags/example_complex.py took 0.083 seconds
[2024-12-09T20:40:44.656+0000] {processor.py:161} INFO - Started process (PID=448) to work on /home/airflow/.local/lib/python3.10/site-packages/airflow/example_dags/example_complex.py
[2024-12-09T20:40:44.658+0000] {processor.py:830} INFO - Processing file /home/airflow/.local/lib/python3.10/site-packages/airflow/example_dags/example_complex.py for tasks to queue
[2024-12-09T20:40:44.662+0000] {logging_mixin.py:188} INFO - [2024-12-09T20:40:44.661+0000] {dagbag.py:540} INFO - Filling up the DagBag from /home/airflow/.local/lib/python3.10/site-packages/airflow/example_dags/example_complex.py
[2024-12-09T20:40:44.679+0000] {processor.py:840} INFO - DAG(s) 'example_complex' retrieved from /home/airflow/.local/lib/python3.10/site-packages/airflow/example_dags/example_complex.py
[2024-12-09T20:40:44.728+0000] {logging_mixin.py:188} INFO - [2024-12-09T20:40:44.727+0000] {dag.py:3047} INFO - Sync 1 DAGs
[2024-12-09T20:40:44.750+0000] {logging_mixin.py:188} INFO - [2024-12-09T20:40:44.750+0000] {dag.py:3834} INFO - Setting next_dagrun for example_complex to None, run_after=None
[2024-12-09T20:40:44.796+0000] {processor.py:183} INFO - Processing /home/airflow/.local/lib/python3.10/site-packages/airflow/example_dags/example_complex.py took 0.145 seconds
[2024-12-09T20:41:15.575+0000] {processor.py:161} INFO - Started process (PID=503) to work on /home/airflow/.local/lib/python3.10/site-packages/airflow/example_dags/example_complex.py
[2024-12-09T20:41:15.576+0000] {processor.py:830} INFO - Processing file /home/airflow/.local/lib/python3.10/site-packages/airflow/example_dags/example_complex.py for tasks to queue
[2024-12-09T20:41:15.579+0000] {logging_mixin.py:188} INFO - [2024-12-09T20:41:15.578+0000] {dagbag.py:540} INFO - Filling up the DagBag from /home/airflow/.local/lib/python3.10/site-packages/airflow/example_dags/example_complex.py
[2024-12-09T20:41:15.591+0000] {processor.py:840} INFO - DAG(s) 'example_complex' retrieved from /home/airflow/.local/lib/python3.10/site-packages/airflow/example_dags/example_complex.py
[2024-12-09T20:41:15.622+0000] {logging_mixin.py:188} INFO - [2024-12-09T20:41:15.622+0000] {dag.py:3047} INFO - Sync 1 DAGs
[2024-12-09T20:41:15.635+0000] {logging_mixin.py:188} INFO - [2024-12-09T20:41:15.634+0000] {dag.py:3834} INFO - Setting next_dagrun for example_complex to None, run_after=None
[2024-12-09T20:41:15.656+0000] {processor.py:183} INFO - Processing /home/airflow/.local/lib/python3.10/site-packages/airflow/example_dags/example_complex.py took 0.085 seconds
[2024-12-09T20:41:45.896+0000] {processor.py:161} INFO - Started process (PID=558) to work on /home/airflow/.local/lib/python3.10/site-packages/airflow/example_dags/example_complex.py
[2024-12-09T20:41:45.897+0000] {processor.py:830} INFO - Processing file /home/airflow/.local/lib/python3.10/site-packages/airflow/example_dags/example_complex.py for tasks to queue
[2024-12-09T20:41:45.900+0000] {logging_mixin.py:188} INFO - [2024-12-09T20:41:45.899+0000] {dagbag.py:540} INFO - Filling up the DagBag from /home/airflow/.local/lib/python3.10/site-packages/airflow/example_dags/example_complex.py
[2024-12-09T20:41:45.913+0000] {processor.py:840} INFO - DAG(s) 'example_complex' retrieved from /home/airflow/.local/lib/python3.10/site-packages/airflow/example_dags/example_complex.py
[2024-12-09T20:41:45.958+0000] {logging_mixin.py:188} INFO - [2024-12-09T20:41:45.958+0000] {dag.py:3047} INFO - Sync 1 DAGs
[2024-12-09T20:41:45.979+0000] {logging_mixin.py:188} INFO - [2024-12-09T20:41:45.978+0000] {dag.py:3834} INFO - Setting next_dagrun for example_complex to None, run_after=None
[2024-12-09T20:41:46.015+0000] {processor.py:183} INFO - Processing /home/airflow/.local/lib/python3.10/site-packages/airflow/example_dags/example_complex.py took 0.123 seconds
[2024-12-09T20:42:16.090+0000] {processor.py:161} INFO - Started process (PID=613) to work on /home/airflow/.local/lib/python3.10/site-packages/airflow/example_dags/example_complex.py
[2024-12-09T20:42:16.092+0000] {processor.py:830} INFO - Processing file /home/airflow/.local/lib/python3.10/site-packages/airflow/example_dags/example_complex.py for tasks to queue
[2024-12-09T20:42:16.094+0000] {logging_mixin.py:188} INFO - [2024-12-09T20:42:16.094+0000] {dagbag.py:540} INFO - Filling up the DagBag from /home/airflow/.local/lib/python3.10/site-packages/airflow/example_dags/example_complex.py
[2024-12-09T20:42:16.107+0000] {processor.py:840} INFO - DAG(s) 'example_complex' retrieved from /home/airflow/.local/lib/python3.10/site-packages/airflow/example_dags/example_complex.py
[2024-12-09T20:42:16.144+0000] {logging_mixin.py:188} INFO - [2024-12-09T20:42:16.144+0000] {dag.py:3047} INFO - Sync 1 DAGs
[2024-12-09T20:42:16.158+0000] {logging_mixin.py:188} INFO - [2024-12-09T20:42:16.158+0000] {dag.py:3834} INFO - Setting next_dagrun for example_complex to None, run_after=None
[2024-12-09T20:42:16.180+0000] {processor.py:183} INFO - Processing /home/airflow/.local/lib/python3.10/site-packages/airflow/example_dags/example_complex.py took 0.093 seconds
[2024-12-09T20:42:46.402+0000] {processor.py:161} INFO - Started process (PID=669) to work on /home/airflow/.local/lib/python3.10/site-packages/airflow/example_dags/example_complex.py
[2024-12-09T20:42:46.403+0000] {processor.py:830} INFO - Processing file /home/airflow/.local/lib/python3.10/site-packages/airflow/example_dags/example_complex.py for tasks to queue
[2024-12-09T20:42:46.405+0000] {logging_mixin.py:188} INFO - [2024-12-09T20:42:46.405+0000] {dagbag.py:540} INFO - Filling up the DagBag from /home/airflow/.local/lib/python3.10/site-packages/airflow/example_dags/example_complex.py
[2024-12-09T20:42:46.415+0000] {processor.py:840} INFO - DAG(s) 'example_complex' retrieved from /home/airflow/.local/lib/python3.10/site-packages/airflow/example_dags/example_complex.py
[2024-12-09T20:42:46.443+0000] {logging_mixin.py:188} INFO - [2024-12-09T20:42:46.443+0000] {dag.py:3047} INFO - Sync 1 DAGs
[2024-12-09T20:42:46.456+0000] {logging_mixin.py:188} INFO - [2024-12-09T20:42:46.456+0000] {dag.py:3834} INFO - Setting next_dagrun for example_complex to None, run_after=None
[2024-12-09T20:42:46.476+0000] {processor.py:183} INFO - Processing /home/airflow/.local/lib/python3.10/site-packages/airflow/example_dags/example_complex.py took 0.077 seconds
[2024-12-09T20:43:16.678+0000] {processor.py:161} INFO - Started process (PID=724) to work on /home/airflow/.local/lib/python3.10/site-packages/airflow/example_dags/example_complex.py
[2024-12-09T20:43:16.680+0000] {processor.py:830} INFO - Processing file /home/airflow/.local/lib/python3.10/site-packages/airflow/example_dags/example_complex.py for tasks to queue
[2024-12-09T20:43:16.682+0000] {logging_mixin.py:188} INFO - [2024-12-09T20:43:16.681+0000] {dagbag.py:540} INFO - Filling up the DagBag from /home/airflow/.local/lib/python3.10/site-packages/airflow/example_dags/example_complex.py
[2024-12-09T20:43:16.692+0000] {processor.py:840} INFO - DAG(s) 'example_complex' retrieved from /home/airflow/.local/lib/python3.10/site-packages/airflow/example_dags/example_complex.py
[2024-12-09T20:43:16.723+0000] {logging_mixin.py:188} INFO - [2024-12-09T20:43:16.723+0000] {dag.py:3047} INFO - Sync 1 DAGs
[2024-12-09T20:43:16.736+0000] {logging_mixin.py:188} INFO - [2024-12-09T20:43:16.736+0000] {dag.py:3834} INFO - Setting next_dagrun for example_complex to None, run_after=None
[2024-12-09T20:43:16.758+0000] {processor.py:183} INFO - Processing /home/airflow/.local/lib/python3.10/site-packages/airflow/example_dags/example_complex.py took 0.083 seconds
[2024-12-09T20:43:46.848+0000] {processor.py:161} INFO - Started process (PID=780) to work on /home/airflow/.local/lib/python3.10/site-packages/airflow/example_dags/example_complex.py
[2024-12-09T20:43:46.850+0000] {processor.py:830} INFO - Processing file /home/airflow/.local/lib/python3.10/site-packages/airflow/example_dags/example_complex.py for tasks to queue
[2024-12-09T20:43:46.852+0000] {logging_mixin.py:188} INFO - [2024-12-09T20:43:46.851+0000] {dagbag.py:540} INFO - Filling up the DagBag from /home/airflow/.local/lib/python3.10/site-packages/airflow/example_dags/example_complex.py
[2024-12-09T20:43:46.861+0000] {processor.py:840} INFO - DAG(s) 'example_complex' retrieved from /home/airflow/.local/lib/python3.10/site-packages/airflow/example_dags/example_complex.py
[2024-12-09T20:43:46.891+0000] {logging_mixin.py:188} INFO - [2024-12-09T20:43:46.891+0000] {dag.py:3047} INFO - Sync 1 DAGs
[2024-12-09T20:43:46.903+0000] {logging_mixin.py:188} INFO - [2024-12-09T20:43:46.903+0000] {dag.py:3834} INFO - Setting next_dagrun for example_complex to None, run_after=None
[2024-12-09T20:43:46.924+0000] {processor.py:183} INFO - Processing /home/airflow/.local/lib/python3.10/site-packages/airflow/example_dags/example_complex.py took 0.079 seconds
[2024-12-09T20:44:17.622+0000] {processor.py:161} INFO - Started process (PID=836) to work on /home/airflow/.local/lib/python3.10/site-packages/airflow/example_dags/example_complex.py
[2024-12-09T20:44:17.623+0000] {processor.py:830} INFO - Processing file /home/airflow/.local/lib/python3.10/site-packages/airflow/example_dags/example_complex.py for tasks to queue
[2024-12-09T20:44:17.626+0000] {logging_mixin.py:188} INFO - [2024-12-09T20:44:17.626+0000] {dagbag.py:540} INFO - Filling up the DagBag from /home/airflow/.local/lib/python3.10/site-packages/airflow/example_dags/example_complex.py
[2024-12-09T20:44:17.639+0000] {processor.py:840} INFO - DAG(s) 'example_complex' retrieved from /home/airflow/.local/lib/python3.10/site-packages/airflow/example_dags/example_complex.py
[2024-12-09T20:44:17.673+0000] {logging_mixin.py:188} INFO - [2024-12-09T20:44:17.672+0000] {dag.py:3047} INFO - Sync 1 DAGs
[2024-12-09T20:44:17.684+0000] {logging_mixin.py:188} INFO - [2024-12-09T20:44:17.684+0000] {dag.py:3834} INFO - Setting next_dagrun for example_complex to None, run_after=None
[2024-12-09T20:44:17.704+0000] {processor.py:183} INFO - Processing /home/airflow/.local/lib/python3.10/site-packages/airflow/example_dags/example_complex.py took 0.089 seconds
[2024-12-09T20:44:47.803+0000] {processor.py:161} INFO - Started process (PID=891) to work on /home/airflow/.local/lib/python3.10/site-packages/airflow/example_dags/example_complex.py
[2024-12-09T20:44:47.804+0000] {processor.py:830} INFO - Processing file /home/airflow/.local/lib/python3.10/site-packages/airflow/example_dags/example_complex.py for tasks to queue
[2024-12-09T20:44:47.806+0000] {logging_mixin.py:188} INFO - [2024-12-09T20:44:47.806+0000] {dagbag.py:540} INFO - Filling up the DagBag from /home/airflow/.local/lib/python3.10/site-packages/airflow/example_dags/example_complex.py
[2024-12-09T20:44:47.816+0000] {processor.py:840} INFO - DAG(s) 'example_complex' retrieved from /home/airflow/.local/lib/python3.10/site-packages/airflow/example_dags/example_complex.py
[2024-12-09T20:44:47.844+0000] {logging_mixin.py:188} INFO - [2024-12-09T20:44:47.844+0000] {dag.py:3047} INFO - Sync 1 DAGs
[2024-12-09T20:44:47.856+0000] {logging_mixin.py:188} INFO - [2024-12-09T20:44:47.855+0000] {dag.py:3834} INFO - Setting next_dagrun for example_complex to None, run_after=None
[2024-12-09T20:44:47.876+0000] {processor.py:183} INFO - Processing /home/airflow/.local/lib/python3.10/site-packages/airflow/example_dags/example_complex.py took 0.076 seconds
[2024-12-09T20:45:18.241+0000] {processor.py:161} INFO - Started process (PID=948) to work on /home/airflow/.local/lib/python3.10/site-packages/airflow/example_dags/example_complex.py
[2024-12-09T20:45:18.242+0000] {processor.py:830} INFO - Processing file /home/airflow/.local/lib/python3.10/site-packages/airflow/example_dags/example_complex.py for tasks to queue
[2024-12-09T20:45:18.245+0000] {logging_mixin.py:188} INFO - [2024-12-09T20:45:18.244+0000] {dagbag.py:540} INFO - Filling up the DagBag from /home/airflow/.local/lib/python3.10/site-packages/airflow/example_dags/example_complex.py
[2024-12-09T20:45:18.258+0000] {processor.py:840} INFO - DAG(s) 'example_complex' retrieved from /home/airflow/.local/lib/python3.10/site-packages/airflow/example_dags/example_complex.py
[2024-12-09T20:45:18.290+0000] {logging_mixin.py:188} INFO - [2024-12-09T20:45:18.290+0000] {dag.py:3047} INFO - Sync 1 DAGs
[2024-12-09T20:45:18.303+0000] {logging_mixin.py:188} INFO - [2024-12-09T20:45:18.303+0000] {dag.py:3834} INFO - Setting next_dagrun for example_complex to None, run_after=None
[2024-12-09T20:45:18.326+0000] {processor.py:183} INFO - Processing /home/airflow/.local/lib/python3.10/site-packages/airflow/example_dags/example_complex.py took 0.088 seconds
[2024-12-09T20:45:48.748+0000] {processor.py:161} INFO - Started process (PID=1003) to work on /home/airflow/.local/lib/python3.10/site-packages/airflow/example_dags/example_complex.py
[2024-12-09T20:45:48.750+0000] {processor.py:830} INFO - Processing file /home/airflow/.local/lib/python3.10/site-packages/airflow/example_dags/example_complex.py for tasks to queue
[2024-12-09T20:45:48.753+0000] {logging_mixin.py:188} INFO - [2024-12-09T20:45:48.753+0000] {dagbag.py:540} INFO - Filling up the DagBag from /home/airflow/.local/lib/python3.10/site-packages/airflow/example_dags/example_complex.py
[2024-12-09T20:45:48.771+0000] {processor.py:840} INFO - DAG(s) 'example_complex' retrieved from /home/airflow/.local/lib/python3.10/site-packages/airflow/example_dags/example_complex.py
[2024-12-09T20:45:48.814+0000] {logging_mixin.py:188} INFO - [2024-12-09T20:45:48.813+0000] {dag.py:3047} INFO - Sync 1 DAGs
[2024-12-09T20:45:48.832+0000] {logging_mixin.py:188} INFO - [2024-12-09T20:45:48.831+0000] {dag.py:3834} INFO - Setting next_dagrun for example_complex to None, run_after=None
[2024-12-09T20:45:48.858+0000] {processor.py:183} INFO - Processing /home/airflow/.local/lib/python3.10/site-packages/airflow/example_dags/example_complex.py took 0.115 seconds
[2024-12-09T20:46:19.017+0000] {processor.py:161} INFO - Started process (PID=1059) to work on /home/airflow/.local/lib/python3.10/site-packages/airflow/example_dags/example_complex.py
[2024-12-09T20:46:19.019+0000] {processor.py:830} INFO - Processing file /home/airflow/.local/lib/python3.10/site-packages/airflow/example_dags/example_complex.py for tasks to queue
[2024-12-09T20:46:19.022+0000] {logging_mixin.py:188} INFO - [2024-12-09T20:46:19.022+0000] {dagbag.py:540} INFO - Filling up the DagBag from /home/airflow/.local/lib/python3.10/site-packages/airflow/example_dags/example_complex.py
[2024-12-09T20:46:19.034+0000] {processor.py:840} INFO - DAG(s) 'example_complex' retrieved from /home/airflow/.local/lib/python3.10/site-packages/airflow/example_dags/example_complex.py
[2024-12-09T20:46:19.073+0000] {logging_mixin.py:188} INFO - [2024-12-09T20:46:19.073+0000] {dag.py:3047} INFO - Sync 1 DAGs
[2024-12-09T20:46:19.087+0000] {logging_mixin.py:188} INFO - [2024-12-09T20:46:19.087+0000] {dag.py:3834} INFO - Setting next_dagrun for example_complex to None, run_after=None
[2024-12-09T20:46:19.110+0000] {processor.py:183} INFO - Processing /home/airflow/.local/lib/python3.10/site-packages/airflow/example_dags/example_complex.py took 0.097 seconds
[2024-12-09T20:46:49.325+0000] {processor.py:161} INFO - Started process (PID=1115) to work on /home/airflow/.local/lib/python3.10/site-packages/airflow/example_dags/example_complex.py
[2024-12-09T20:46:49.326+0000] {processor.py:830} INFO - Processing file /home/airflow/.local/lib/python3.10/site-packages/airflow/example_dags/example_complex.py for tasks to queue
[2024-12-09T20:46:49.329+0000] {logging_mixin.py:188} INFO - [2024-12-09T20:46:49.328+0000] {dagbag.py:540} INFO - Filling up the DagBag from /home/airflow/.local/lib/python3.10/site-packages/airflow/example_dags/example_complex.py
[2024-12-09T20:46:49.339+0000] {processor.py:840} INFO - DAG(s) 'example_complex' retrieved from /home/airflow/.local/lib/python3.10/site-packages/airflow/example_dags/example_complex.py
[2024-12-09T20:46:49.444+0000] {logging_mixin.py:188} INFO - [2024-12-09T20:46:49.443+0000] {dag.py:3047} INFO - Sync 1 DAGs
[2024-12-09T20:46:49.460+0000] {logging_mixin.py:188} INFO - [2024-12-09T20:46:49.460+0000] {dag.py:3834} INFO - Setting next_dagrun for example_complex to None, run_after=None
[2024-12-09T20:46:49.535+0000] {processor.py:183} INFO - Processing /home/airflow/.local/lib/python3.10/site-packages/airflow/example_dags/example_complex.py took 0.214 seconds
[2024-12-09T20:47:19.906+0000] {processor.py:161} INFO - Started process (PID=1171) to work on /home/airflow/.local/lib/python3.10/site-packages/airflow/example_dags/example_complex.py
[2024-12-09T20:47:19.907+0000] {processor.py:830} INFO - Processing file /home/airflow/.local/lib/python3.10/site-packages/airflow/example_dags/example_complex.py for tasks to queue
[2024-12-09T20:47:19.909+0000] {logging_mixin.py:188} INFO - [2024-12-09T20:47:19.909+0000] {dagbag.py:540} INFO - Filling up the DagBag from /home/airflow/.local/lib/python3.10/site-packages/airflow/example_dags/example_complex.py
[2024-12-09T20:47:19.920+0000] {processor.py:840} INFO - DAG(s) 'example_complex' retrieved from /home/airflow/.local/lib/python3.10/site-packages/airflow/example_dags/example_complex.py
[2024-12-09T20:47:19.953+0000] {logging_mixin.py:188} INFO - [2024-12-09T20:47:19.953+0000] {dag.py:3047} INFO - Sync 1 DAGs
[2024-12-09T20:47:19.964+0000] {logging_mixin.py:188} INFO - [2024-12-09T20:47:19.964+0000] {dag.py:3834} INFO - Setting next_dagrun for example_complex to None, run_after=None
[2024-12-09T20:47:19.985+0000] {processor.py:183} INFO - Processing /home/airflow/.local/lib/python3.10/site-packages/airflow/example_dags/example_complex.py took 0.082 seconds
[2024-12-09T20:47:50.400+0000] {processor.py:161} INFO - Started process (PID=1226) to work on /home/airflow/.local/lib/python3.10/site-packages/airflow/example_dags/example_complex.py
[2024-12-09T20:47:50.402+0000] {processor.py:830} INFO - Processing file /home/airflow/.local/lib/python3.10/site-packages/airflow/example_dags/example_complex.py for tasks to queue
[2024-12-09T20:47:50.404+0000] {logging_mixin.py:188} INFO - [2024-12-09T20:47:50.403+0000] {dagbag.py:540} INFO - Filling up the DagBag from /home/airflow/.local/lib/python3.10/site-packages/airflow/example_dags/example_complex.py
[2024-12-09T20:47:50.414+0000] {processor.py:840} INFO - DAG(s) 'example_complex' retrieved from /home/airflow/.local/lib/python3.10/site-packages/airflow/example_dags/example_complex.py
[2024-12-09T20:47:50.442+0000] {logging_mixin.py:188} INFO - [2024-12-09T20:47:50.442+0000] {dag.py:3047} INFO - Sync 1 DAGs
[2024-12-09T20:47:50.454+0000] {logging_mixin.py:188} INFO - [2024-12-09T20:47:50.454+0000] {dag.py:3834} INFO - Setting next_dagrun for example_complex to None, run_after=None
[2024-12-09T20:47:50.476+0000] {processor.py:183} INFO - Processing /home/airflow/.local/lib/python3.10/site-packages/airflow/example_dags/example_complex.py took 0.079 seconds
[2024-12-09T20:48:20.962+0000] {processor.py:161} INFO - Started process (PID=1281) to work on /home/airflow/.local/lib/python3.10/site-packages/airflow/example_dags/example_complex.py
[2024-12-09T20:48:20.963+0000] {processor.py:830} INFO - Processing file /home/airflow/.local/lib/python3.10/site-packages/airflow/example_dags/example_complex.py for tasks to queue
[2024-12-09T20:48:20.965+0000] {logging_mixin.py:188} INFO - [2024-12-09T20:48:20.965+0000] {dagbag.py:540} INFO - Filling up the DagBag from /home/airflow/.local/lib/python3.10/site-packages/airflow/example_dags/example_complex.py
[2024-12-09T20:48:20.975+0000] {processor.py:840} INFO - DAG(s) 'example_complex' retrieved from /home/airflow/.local/lib/python3.10/site-packages/airflow/example_dags/example_complex.py
[2024-12-09T20:48:21.002+0000] {logging_mixin.py:188} INFO - [2024-12-09T20:48:21.002+0000] {dag.py:3047} INFO - Sync 1 DAGs
[2024-12-09T20:48:21.014+0000] {logging_mixin.py:188} INFO - [2024-12-09T20:48:21.013+0000] {dag.py:3834} INFO - Setting next_dagrun for example_complex to None, run_after=None
[2024-12-09T20:48:21.033+0000] {processor.py:183} INFO - Processing /home/airflow/.local/lib/python3.10/site-packages/airflow/example_dags/example_complex.py took 0.074 seconds
[2024-12-09T20:48:51.316+0000] {processor.py:161} INFO - Started process (PID=1336) to work on /home/airflow/.local/lib/python3.10/site-packages/airflow/example_dags/example_complex.py
[2024-12-09T20:48:51.318+0000] {processor.py:830} INFO - Processing file /home/airflow/.local/lib/python3.10/site-packages/airflow/example_dags/example_complex.py for tasks to queue
[2024-12-09T20:48:51.320+0000] {logging_mixin.py:188} INFO - [2024-12-09T20:48:51.320+0000] {dagbag.py:540} INFO - Filling up the DagBag from /home/airflow/.local/lib/python3.10/site-packages/airflow/example_dags/example_complex.py
[2024-12-09T20:48:51.337+0000] {processor.py:840} INFO - DAG(s) 'example_complex' retrieved from /home/airflow/.local/lib/python3.10/site-packages/airflow/example_dags/example_complex.py
[2024-12-09T20:48:51.390+0000] {logging_mixin.py:188} INFO - [2024-12-09T20:48:51.390+0000] {dag.py:3047} INFO - Sync 1 DAGs
[2024-12-09T20:48:51.411+0000] {logging_mixin.py:188} INFO - [2024-12-09T20:48:51.410+0000] {dag.py:3834} INFO - Setting next_dagrun for example_complex to None, run_after=None
[2024-12-09T20:48:51.439+0000] {processor.py:183} INFO - Processing /home/airflow/.local/lib/python3.10/site-packages/airflow/example_dags/example_complex.py took 0.126 seconds
[2024-12-09T20:49:21.594+0000] {processor.py:161} INFO - Started process (PID=1391) to work on /home/airflow/.local/lib/python3.10/site-packages/airflow/example_dags/example_complex.py
[2024-12-09T20:49:21.595+0000] {processor.py:830} INFO - Processing file /home/airflow/.local/lib/python3.10/site-packages/airflow/example_dags/example_complex.py for tasks to queue
[2024-12-09T20:49:21.597+0000] {logging_mixin.py:188} INFO - [2024-12-09T20:49:21.597+0000] {dagbag.py:540} INFO - Filling up the DagBag from /home/airflow/.local/lib/python3.10/site-packages/airflow/example_dags/example_complex.py
[2024-12-09T20:49:21.606+0000] {processor.py:840} INFO - DAG(s) 'example_complex' retrieved from /home/airflow/.local/lib/python3.10/site-packages/airflow/example_dags/example_complex.py
[2024-12-09T20:49:21.638+0000] {logging_mixin.py:188} INFO - [2024-12-09T20:49:21.638+0000] {dag.py:3047} INFO - Sync 1 DAGs
[2024-12-09T20:49:21.650+0000] {logging_mixin.py:188} INFO - [2024-12-09T20:49:21.649+0000] {dag.py:3834} INFO - Setting next_dagrun for example_complex to None, run_after=None
[2024-12-09T20:49:21.670+0000] {processor.py:183} INFO - Processing /home/airflow/.local/lib/python3.10/site-packages/airflow/example_dags/example_complex.py took 0.080 seconds
[2024-12-09T20:49:52.037+0000] {processor.py:161} INFO - Started process (PID=1447) to work on /home/airflow/.local/lib/python3.10/site-packages/airflow/example_dags/example_complex.py
[2024-12-09T20:49:52.038+0000] {processor.py:830} INFO - Processing file /home/airflow/.local/lib/python3.10/site-packages/airflow/example_dags/example_complex.py for tasks to queue
[2024-12-09T20:49:52.040+0000] {logging_mixin.py:188} INFO - [2024-12-09T20:49:52.040+0000] {dagbag.py:540} INFO - Filling up the DagBag from /home/airflow/.local/lib/python3.10/site-packages/airflow/example_dags/example_complex.py
[2024-12-09T20:49:52.052+0000] {processor.py:840} INFO - DAG(s) 'example_complex' retrieved from /home/airflow/.local/lib/python3.10/site-packages/airflow/example_dags/example_complex.py
[2024-12-09T20:49:52.082+0000] {logging_mixin.py:188} INFO - [2024-12-09T20:49:52.082+0000] {dag.py:3047} INFO - Sync 1 DAGs
[2024-12-09T20:49:52.092+0000] {logging_mixin.py:188} INFO - [2024-12-09T20:49:52.092+0000] {dag.py:3834} INFO - Setting next_dagrun for example_complex to None, run_after=None
[2024-12-09T20:49:52.114+0000] {processor.py:183} INFO - Processing /home/airflow/.local/lib/python3.10/site-packages/airflow/example_dags/example_complex.py took 0.082 seconds
[2024-12-09T20:50:22.333+0000] {processor.py:161} INFO - Started process (PID=1502) to work on /home/airflow/.local/lib/python3.10/site-packages/airflow/example_dags/example_complex.py
[2024-12-09T20:50:22.335+0000] {processor.py:830} INFO - Processing file /home/airflow/.local/lib/python3.10/site-packages/airflow/example_dags/example_complex.py for tasks to queue
[2024-12-09T20:50:22.337+0000] {logging_mixin.py:188} INFO - [2024-12-09T20:50:22.336+0000] {dagbag.py:540} INFO - Filling up the DagBag from /home/airflow/.local/lib/python3.10/site-packages/airflow/example_dags/example_complex.py
[2024-12-09T20:50:22.348+0000] {processor.py:840} INFO - DAG(s) 'example_complex' retrieved from /home/airflow/.local/lib/python3.10/site-packages/airflow/example_dags/example_complex.py
[2024-12-09T20:50:22.377+0000] {logging_mixin.py:188} INFO - [2024-12-09T20:50:22.376+0000] {dag.py:3047} INFO - Sync 1 DAGs
[2024-12-09T20:50:22.389+0000] {logging_mixin.py:188} INFO - [2024-12-09T20:50:22.389+0000] {dag.py:3834} INFO - Setting next_dagrun for example_complex to None, run_after=None
[2024-12-09T20:50:22.423+0000] {processor.py:183} INFO - Processing /home/airflow/.local/lib/python3.10/site-packages/airflow/example_dags/example_complex.py took 0.095 seconds
[2024-12-09T20:50:53.272+0000] {processor.py:161} INFO - Started process (PID=1556) to work on /home/airflow/.local/lib/python3.10/site-packages/airflow/example_dags/example_complex.py
[2024-12-09T20:50:53.274+0000] {processor.py:830} INFO - Processing file /home/airflow/.local/lib/python3.10/site-packages/airflow/example_dags/example_complex.py for tasks to queue
[2024-12-09T20:50:53.276+0000] {logging_mixin.py:188} INFO - [2024-12-09T20:50:53.275+0000] {dagbag.py:540} INFO - Filling up the DagBag from /home/airflow/.local/lib/python3.10/site-packages/airflow/example_dags/example_complex.py
[2024-12-09T20:50:53.286+0000] {processor.py:840} INFO - DAG(s) 'example_complex' retrieved from /home/airflow/.local/lib/python3.10/site-packages/airflow/example_dags/example_complex.py
[2024-12-09T20:50:53.318+0000] {logging_mixin.py:188} INFO - [2024-12-09T20:50:53.317+0000] {dag.py:3047} INFO - Sync 1 DAGs
[2024-12-09T20:50:53.335+0000] {logging_mixin.py:188} INFO - [2024-12-09T20:50:53.335+0000] {dag.py:3834} INFO - Setting next_dagrun for example_complex to None, run_after=None
[2024-12-09T20:50:53.559+0000] {processor.py:183} INFO - Processing /home/airflow/.local/lib/python3.10/site-packages/airflow/example_dags/example_complex.py took 0.290 seconds
[2024-12-09T20:51:24.388+0000] {processor.py:161} INFO - Started process (PID=1612) to work on /home/airflow/.local/lib/python3.10/site-packages/airflow/example_dags/example_complex.py
[2024-12-09T20:51:24.389+0000] {processor.py:830} INFO - Processing file /home/airflow/.local/lib/python3.10/site-packages/airflow/example_dags/example_complex.py for tasks to queue
[2024-12-09T20:51:24.391+0000] {logging_mixin.py:188} INFO - [2024-12-09T20:51:24.390+0000] {dagbag.py:540} INFO - Filling up the DagBag from /home/airflow/.local/lib/python3.10/site-packages/airflow/example_dags/example_complex.py
[2024-12-09T20:51:24.401+0000] {processor.py:840} INFO - DAG(s) 'example_complex' retrieved from /home/airflow/.local/lib/python3.10/site-packages/airflow/example_dags/example_complex.py
[2024-12-09T20:51:24.428+0000] {logging_mixin.py:188} INFO - [2024-12-09T20:51:24.428+0000] {dag.py:3047} INFO - Sync 1 DAGs
[2024-12-09T20:51:24.439+0000] {logging_mixin.py:188} INFO - [2024-12-09T20:51:24.439+0000] {dag.py:3834} INFO - Setting next_dagrun for example_complex to None, run_after=None
[2024-12-09T20:51:24.459+0000] {processor.py:183} INFO - Processing /home/airflow/.local/lib/python3.10/site-packages/airflow/example_dags/example_complex.py took 0.074 seconds
[2024-12-09T20:51:55.603+0000] {processor.py:161} INFO - Started process (PID=1669) to work on /home/airflow/.local/lib/python3.10/site-packages/airflow/example_dags/example_complex.py
[2024-12-09T20:51:55.604+0000] {processor.py:830} INFO - Processing file /home/airflow/.local/lib/python3.10/site-packages/airflow/example_dags/example_complex.py for tasks to queue
[2024-12-09T20:51:55.607+0000] {logging_mixin.py:188} INFO - [2024-12-09T20:51:55.607+0000] {dagbag.py:540} INFO - Filling up the DagBag from /home/airflow/.local/lib/python3.10/site-packages/airflow/example_dags/example_complex.py
[2024-12-09T20:51:55.617+0000] {processor.py:840} INFO - DAG(s) 'example_complex' retrieved from /home/airflow/.local/lib/python3.10/site-packages/airflow/example_dags/example_complex.py
[2024-12-09T20:51:55.645+0000] {logging_mixin.py:188} INFO - [2024-12-09T20:51:55.645+0000] {dag.py:3047} INFO - Sync 1 DAGs
[2024-12-09T20:51:55.656+0000] {logging_mixin.py:188} INFO - [2024-12-09T20:51:55.656+0000] {dag.py:3834} INFO - Setting next_dagrun for example_complex to None, run_after=None
[2024-12-09T20:51:55.676+0000] {processor.py:183} INFO - Processing /home/airflow/.local/lib/python3.10/site-packages/airflow/example_dags/example_complex.py took 0.077 seconds
[2024-12-09T20:52:26.476+0000] {processor.py:161} INFO - Started process (PID=1724) to work on /home/airflow/.local/lib/python3.10/site-packages/airflow/example_dags/example_complex.py
[2024-12-09T20:52:26.477+0000] {processor.py:830} INFO - Processing file /home/airflow/.local/lib/python3.10/site-packages/airflow/example_dags/example_complex.py for tasks to queue
[2024-12-09T20:52:26.479+0000] {logging_mixin.py:188} INFO - [2024-12-09T20:52:26.478+0000] {dagbag.py:540} INFO - Filling up the DagBag from /home/airflow/.local/lib/python3.10/site-packages/airflow/example_dags/example_complex.py
[2024-12-09T20:52:26.488+0000] {processor.py:840} INFO - DAG(s) 'example_complex' retrieved from /home/airflow/.local/lib/python3.10/site-packages/airflow/example_dags/example_complex.py
[2024-12-09T20:52:26.517+0000] {logging_mixin.py:188} INFO - [2024-12-09T20:52:26.517+0000] {dag.py:3047} INFO - Sync 1 DAGs
[2024-12-09T20:52:26.527+0000] {logging_mixin.py:188} INFO - [2024-12-09T20:52:26.527+0000] {dag.py:3834} INFO - Setting next_dagrun for example_complex to None, run_after=None
[2024-12-09T20:52:26.548+0000] {processor.py:183} INFO - Processing /home/airflow/.local/lib/python3.10/site-packages/airflow/example_dags/example_complex.py took 0.076 seconds
[2024-12-09T20:52:57.520+0000] {processor.py:161} INFO - Started process (PID=1779) to work on /home/airflow/.local/lib/python3.10/site-packages/airflow/example_dags/example_complex.py
[2024-12-09T20:52:57.522+0000] {processor.py:830} INFO - Processing file /home/airflow/.local/lib/python3.10/site-packages/airflow/example_dags/example_complex.py for tasks to queue
[2024-12-09T20:52:57.524+0000] {logging_mixin.py:188} INFO - [2024-12-09T20:52:57.523+0000] {dagbag.py:540} INFO - Filling up the DagBag from /home/airflow/.local/lib/python3.10/site-packages/airflow/example_dags/example_complex.py
[2024-12-09T20:52:57.534+0000] {processor.py:840} INFO - DAG(s) 'example_complex' retrieved from /home/airflow/.local/lib/python3.10/site-packages/airflow/example_dags/example_complex.py
[2024-12-09T20:52:57.756+0000] {logging_mixin.py:188} INFO - [2024-12-09T20:52:57.756+0000] {dag.py:3047} INFO - Sync 1 DAGs
[2024-12-09T20:52:57.770+0000] {logging_mixin.py:188} INFO - [2024-12-09T20:52:57.769+0000] {dag.py:3834} INFO - Setting next_dagrun for example_complex to None, run_after=None
[2024-12-09T20:52:57.795+0000] {processor.py:183} INFO - Processing /home/airflow/.local/lib/python3.10/site-packages/airflow/example_dags/example_complex.py took 0.279 seconds
[2024-12-09T20:53:28.498+0000] {processor.py:161} INFO - Started process (PID=1835) to work on /home/airflow/.local/lib/python3.10/site-packages/airflow/example_dags/example_complex.py
[2024-12-09T20:53:28.499+0000] {processor.py:830} INFO - Processing file /home/airflow/.local/lib/python3.10/site-packages/airflow/example_dags/example_complex.py for tasks to queue
[2024-12-09T20:53:28.502+0000] {logging_mixin.py:188} INFO - [2024-12-09T20:53:28.501+0000] {dagbag.py:540} INFO - Filling up the DagBag from /home/airflow/.local/lib/python3.10/site-packages/airflow/example_dags/example_complex.py
[2024-12-09T20:53:28.517+0000] {processor.py:840} INFO - DAG(s) 'example_complex' retrieved from /home/airflow/.local/lib/python3.10/site-packages/airflow/example_dags/example_complex.py
[2024-12-09T20:53:28.546+0000] {logging_mixin.py:188} INFO - [2024-12-09T20:53:28.546+0000] {dag.py:3047} INFO - Sync 1 DAGs
[2024-12-09T20:53:28.678+0000] {logging_mixin.py:188} INFO - [2024-12-09T20:53:28.678+0000] {dag.py:3834} INFO - Setting next_dagrun for example_complex to None, run_after=None
[2024-12-09T20:53:28.698+0000] {processor.py:183} INFO - Processing /home/airflow/.local/lib/python3.10/site-packages/airflow/example_dags/example_complex.py took 0.202 seconds
[2024-12-09T20:53:59.555+0000] {processor.py:161} INFO - Started process (PID=1890) to work on /home/airflow/.local/lib/python3.10/site-packages/airflow/example_dags/example_complex.py
[2024-12-09T20:53:59.557+0000] {processor.py:830} INFO - Processing file /home/airflow/.local/lib/python3.10/site-packages/airflow/example_dags/example_complex.py for tasks to queue
[2024-12-09T20:53:59.565+0000] {logging_mixin.py:188} INFO - [2024-12-09T20:53:59.564+0000] {dagbag.py:540} INFO - Filling up the DagBag from /home/airflow/.local/lib/python3.10/site-packages/airflow/example_dags/example_complex.py
[2024-12-09T20:53:59.580+0000] {processor.py:840} INFO - DAG(s) 'example_complex' retrieved from /home/airflow/.local/lib/python3.10/site-packages/airflow/example_dags/example_complex.py
[2024-12-09T20:53:59.633+0000] {logging_mixin.py:188} INFO - [2024-12-09T20:53:59.632+0000] {dag.py:3047} INFO - Sync 1 DAGs
[2024-12-09T20:53:59.655+0000] {logging_mixin.py:188} INFO - [2024-12-09T20:53:59.654+0000] {dag.py:3834} INFO - Setting next_dagrun for example_complex to None, run_after=None
[2024-12-09T20:53:59.687+0000] {processor.py:183} INFO - Processing /home/airflow/.local/lib/python3.10/site-packages/airflow/example_dags/example_complex.py took 0.137 seconds
[2024-12-09T20:54:29.730+0000] {processor.py:161} INFO - Started process (PID=1945) to work on /home/airflow/.local/lib/python3.10/site-packages/airflow/example_dags/example_complex.py
[2024-12-09T20:54:29.731+0000] {processor.py:830} INFO - Processing file /home/airflow/.local/lib/python3.10/site-packages/airflow/example_dags/example_complex.py for tasks to queue
[2024-12-09T20:54:29.733+0000] {logging_mixin.py:188} INFO - [2024-12-09T20:54:29.733+0000] {dagbag.py:540} INFO - Filling up the DagBag from /home/airflow/.local/lib/python3.10/site-packages/airflow/example_dags/example_complex.py
[2024-12-09T20:54:29.744+0000] {processor.py:840} INFO - DAG(s) 'example_complex' retrieved from /home/airflow/.local/lib/python3.10/site-packages/airflow/example_dags/example_complex.py
[2024-12-09T20:54:29.773+0000] {logging_mixin.py:188} INFO - [2024-12-09T20:54:29.773+0000] {dag.py:3047} INFO - Sync 1 DAGs
[2024-12-09T20:54:29.785+0000] {logging_mixin.py:188} INFO - [2024-12-09T20:54:29.785+0000] {dag.py:3834} INFO - Setting next_dagrun for example_complex to None, run_after=None
[2024-12-09T20:54:29.803+0000] {processor.py:183} INFO - Processing /home/airflow/.local/lib/python3.10/site-packages/airflow/example_dags/example_complex.py took 0.077 seconds
[2024-12-09T20:54:59.855+0000] {processor.py:161} INFO - Started process (PID=2000) to work on /home/airflow/.local/lib/python3.10/site-packages/airflow/example_dags/example_complex.py
[2024-12-09T20:54:59.859+0000] {processor.py:830} INFO - Processing file /home/airflow/.local/lib/python3.10/site-packages/airflow/example_dags/example_complex.py for tasks to queue
[2024-12-09T20:54:59.862+0000] {logging_mixin.py:188} INFO - [2024-12-09T20:54:59.861+0000] {dagbag.py:540} INFO - Filling up the DagBag from /home/airflow/.local/lib/python3.10/site-packages/airflow/example_dags/example_complex.py
[2024-12-09T20:54:59.877+0000] {processor.py:840} INFO - DAG(s) 'example_complex' retrieved from /home/airflow/.local/lib/python3.10/site-packages/airflow/example_dags/example_complex.py
[2024-12-09T20:54:59.913+0000] {logging_mixin.py:188} INFO - [2024-12-09T20:54:59.912+0000] {dag.py:3047} INFO - Sync 1 DAGs
[2024-12-09T20:54:59.926+0000] {logging_mixin.py:188} INFO - [2024-12-09T20:54:59.926+0000] {dag.py:3834} INFO - Setting next_dagrun for example_complex to None, run_after=None
[2024-12-09T20:54:59.952+0000] {processor.py:183} INFO - Processing /home/airflow/.local/lib/python3.10/site-packages/airflow/example_dags/example_complex.py took 0.102 seconds
[2024-12-09T20:55:30.468+0000] {processor.py:161} INFO - Started process (PID=2056) to work on /home/airflow/.local/lib/python3.10/site-packages/airflow/example_dags/example_complex.py
[2024-12-09T20:55:30.470+0000] {processor.py:830} INFO - Processing file /home/airflow/.local/lib/python3.10/site-packages/airflow/example_dags/example_complex.py for tasks to queue
[2024-12-09T20:55:30.473+0000] {logging_mixin.py:188} INFO - [2024-12-09T20:55:30.473+0000] {dagbag.py:540} INFO - Filling up the DagBag from /home/airflow/.local/lib/python3.10/site-packages/airflow/example_dags/example_complex.py
[2024-12-09T20:55:30.492+0000] {processor.py:840} INFO - DAG(s) 'example_complex' retrieved from /home/airflow/.local/lib/python3.10/site-packages/airflow/example_dags/example_complex.py
[2024-12-09T20:55:30.533+0000] {logging_mixin.py:188} INFO - [2024-12-09T20:55:30.532+0000] {dag.py:3047} INFO - Sync 1 DAGs
[2024-12-09T20:55:30.554+0000] {logging_mixin.py:188} INFO - [2024-12-09T20:55:30.553+0000] {dag.py:3834} INFO - Setting next_dagrun for example_complex to None, run_after=None
[2024-12-09T20:55:30.588+0000] {processor.py:183} INFO - Processing /home/airflow/.local/lib/python3.10/site-packages/airflow/example_dags/example_complex.py took 0.125 seconds
[2024-12-09T20:56:01.019+0000] {processor.py:161} INFO - Started process (PID=2111) to work on /home/airflow/.local/lib/python3.10/site-packages/airflow/example_dags/example_complex.py
[2024-12-09T20:56:01.021+0000] {processor.py:830} INFO - Processing file /home/airflow/.local/lib/python3.10/site-packages/airflow/example_dags/example_complex.py for tasks to queue
[2024-12-09T20:56:01.023+0000] {logging_mixin.py:188} INFO - [2024-12-09T20:56:01.023+0000] {dagbag.py:540} INFO - Filling up the DagBag from /home/airflow/.local/lib/python3.10/site-packages/airflow/example_dags/example_complex.py
[2024-12-09T20:56:01.035+0000] {processor.py:840} INFO - DAG(s) 'example_complex' retrieved from /home/airflow/.local/lib/python3.10/site-packages/airflow/example_dags/example_complex.py
[2024-12-09T20:56:01.064+0000] {logging_mixin.py:188} INFO - [2024-12-09T20:56:01.064+0000] {dag.py:3047} INFO - Sync 1 DAGs
[2024-12-09T20:56:01.076+0000] {logging_mixin.py:188} INFO - [2024-12-09T20:56:01.076+0000] {dag.py:3834} INFO - Setting next_dagrun for example_complex to None, run_after=None
[2024-12-09T20:56:01.102+0000] {processor.py:183} INFO - Processing /home/airflow/.local/lib/python3.10/site-packages/airflow/example_dags/example_complex.py took 0.087 seconds
[2024-12-09T20:56:31.824+0000] {processor.py:161} INFO - Started process (PID=2167) to work on /home/airflow/.local/lib/python3.10/site-packages/airflow/example_dags/example_complex.py
[2024-12-09T20:56:31.826+0000] {processor.py:830} INFO - Processing file /home/airflow/.local/lib/python3.10/site-packages/airflow/example_dags/example_complex.py for tasks to queue
[2024-12-09T20:56:31.830+0000] {logging_mixin.py:188} INFO - [2024-12-09T20:56:31.829+0000] {dagbag.py:540} INFO - Filling up the DagBag from /home/airflow/.local/lib/python3.10/site-packages/airflow/example_dags/example_complex.py
[2024-12-09T20:56:31.852+0000] {processor.py:840} INFO - DAG(s) 'example_complex' retrieved from /home/airflow/.local/lib/python3.10/site-packages/airflow/example_dags/example_complex.py
[2024-12-09T20:56:31.919+0000] {logging_mixin.py:188} INFO - [2024-12-09T20:56:31.919+0000] {dag.py:3047} INFO - Sync 1 DAGs
[2024-12-09T20:56:31.937+0000] {logging_mixin.py:188} INFO - [2024-12-09T20:56:31.937+0000] {dag.py:3834} INFO - Setting next_dagrun for example_complex to None, run_after=None
[2024-12-09T20:56:31.967+0000] {processor.py:183} INFO - Processing /home/airflow/.local/lib/python3.10/site-packages/airflow/example_dags/example_complex.py took 0.147 seconds
[2024-12-09T20:57:18.315+0000] {processor.py:161} INFO - Started process (PID=2225) to work on /home/airflow/.local/lib/python3.10/site-packages/airflow/example_dags/example_complex.py
[2024-12-09T20:57:18.324+0000] {processor.py:830} INFO - Processing file /home/airflow/.local/lib/python3.10/site-packages/airflow/example_dags/example_complex.py for tasks to queue
[2024-12-09T20:57:18.332+0000] {logging_mixin.py:188} INFO - [2024-12-09T20:57:18.331+0000] {dagbag.py:540} INFO - Filling up the DagBag from /home/airflow/.local/lib/python3.10/site-packages/airflow/example_dags/example_complex.py
[2024-12-09T20:57:18.367+0000] {processor.py:840} INFO - DAG(s) 'example_complex' retrieved from /home/airflow/.local/lib/python3.10/site-packages/airflow/example_dags/example_complex.py
[2024-12-09T20:57:18.479+0000] {logging_mixin.py:188} INFO - [2024-12-09T20:57:18.478+0000] {dag.py:3047} INFO - Sync 1 DAGs
[2024-12-09T20:57:18.510+0000] {logging_mixin.py:188} INFO - [2024-12-09T20:57:18.510+0000] {dag.py:3834} INFO - Setting next_dagrun for example_complex to None, run_after=None
[2024-12-09T20:57:18.542+0000] {processor.py:183} INFO - Processing /home/airflow/.local/lib/python3.10/site-packages/airflow/example_dags/example_complex.py took 0.233 seconds
[2024-12-09T20:57:48.735+0000] {processor.py:161} INFO - Started process (PID=2278) to work on /home/airflow/.local/lib/python3.10/site-packages/airflow/example_dags/example_complex.py
[2024-12-09T20:57:48.736+0000] {processor.py:830} INFO - Processing file /home/airflow/.local/lib/python3.10/site-packages/airflow/example_dags/example_complex.py for tasks to queue
[2024-12-09T20:57:48.739+0000] {logging_mixin.py:188} INFO - [2024-12-09T20:57:48.738+0000] {dagbag.py:540} INFO - Filling up the DagBag from /home/airflow/.local/lib/python3.10/site-packages/airflow/example_dags/example_complex.py
[2024-12-09T20:57:48.749+0000] {processor.py:840} INFO - DAG(s) 'example_complex' retrieved from /home/airflow/.local/lib/python3.10/site-packages/airflow/example_dags/example_complex.py
[2024-12-09T20:57:48.787+0000] {logging_mixin.py:188} INFO - [2024-12-09T20:57:48.787+0000] {dag.py:3047} INFO - Sync 1 DAGs
[2024-12-09T20:57:48.801+0000] {logging_mixin.py:188} INFO - [2024-12-09T20:57:48.800+0000] {dag.py:3834} INFO - Setting next_dagrun for example_complex to None, run_after=None
[2024-12-09T20:57:48.825+0000] {processor.py:183} INFO - Processing /home/airflow/.local/lib/python3.10/site-packages/airflow/example_dags/example_complex.py took 0.094 seconds
[2024-12-09T21:56:41.577+0000] {processor.py:161} INFO - Started process (PID=2344) to work on /home/airflow/.local/lib/python3.10/site-packages/airflow/example_dags/example_complex.py
[2024-12-09T21:56:41.587+0000] {processor.py:830} INFO - Processing file /home/airflow/.local/lib/python3.10/site-packages/airflow/example_dags/example_complex.py for tasks to queue
[2024-12-09T21:56:41.591+0000] {logging_mixin.py:188} INFO - [2024-12-09T21:56:41.590+0000] {dagbag.py:540} INFO - Filling up the DagBag from /home/airflow/.local/lib/python3.10/site-packages/airflow/example_dags/example_complex.py
[2024-12-09T21:56:41.633+0000] {processor.py:840} INFO - DAG(s) 'example_complex' retrieved from /home/airflow/.local/lib/python3.10/site-packages/airflow/example_dags/example_complex.py
[2024-12-09T21:56:41.784+0000] {logging_mixin.py:188} INFO - [2024-12-09T21:56:41.784+0000] {dag.py:3047} INFO - Sync 1 DAGs
[2024-12-09T21:56:41.820+0000] {logging_mixin.py:188} INFO - [2024-12-09T21:56:41.820+0000] {dag.py:3834} INFO - Setting next_dagrun for example_complex to None, run_after=None
[2024-12-09T21:56:41.886+0000] {processor.py:183} INFO - Processing /home/airflow/.local/lib/python3.10/site-packages/airflow/example_dags/example_complex.py took 0.315 seconds
[2024-12-09T21:57:12.468+0000] {processor.py:161} INFO - Started process (PID=2400) to work on /home/airflow/.local/lib/python3.10/site-packages/airflow/example_dags/example_complex.py
[2024-12-09T21:57:12.469+0000] {processor.py:830} INFO - Processing file /home/airflow/.local/lib/python3.10/site-packages/airflow/example_dags/example_complex.py for tasks to queue
[2024-12-09T21:57:12.471+0000] {logging_mixin.py:188} INFO - [2024-12-09T21:57:12.471+0000] {dagbag.py:540} INFO - Filling up the DagBag from /home/airflow/.local/lib/python3.10/site-packages/airflow/example_dags/example_complex.py
[2024-12-09T21:57:12.481+0000] {processor.py:840} INFO - DAG(s) 'example_complex' retrieved from /home/airflow/.local/lib/python3.10/site-packages/airflow/example_dags/example_complex.py
[2024-12-09T21:57:12.511+0000] {logging_mixin.py:188} INFO - [2024-12-09T21:57:12.511+0000] {dag.py:3047} INFO - Sync 1 DAGs
[2024-12-09T21:57:12.521+0000] {logging_mixin.py:188} INFO - [2024-12-09T21:57:12.521+0000] {dag.py:3834} INFO - Setting next_dagrun for example_complex to None, run_after=None
[2024-12-09T21:57:12.541+0000] {processor.py:183} INFO - Processing /home/airflow/.local/lib/python3.10/site-packages/airflow/example_dags/example_complex.py took 0.076 seconds
[2024-12-09T21:57:55.805+0000] {processor.py:161} INFO - Started process (PID=2456) to work on /home/airflow/.local/lib/python3.10/site-packages/airflow/example_dags/example_complex.py
[2024-12-09T21:57:55.807+0000] {processor.py:830} INFO - Processing file /home/airflow/.local/lib/python3.10/site-packages/airflow/example_dags/example_complex.py for tasks to queue
[2024-12-09T21:57:55.811+0000] {logging_mixin.py:188} INFO - [2024-12-09T21:57:55.810+0000] {dagbag.py:540} INFO - Filling up the DagBag from /home/airflow/.local/lib/python3.10/site-packages/airflow/example_dags/example_complex.py
[2024-12-09T21:57:55.825+0000] {processor.py:840} INFO - DAG(s) 'example_complex' retrieved from /home/airflow/.local/lib/python3.10/site-packages/airflow/example_dags/example_complex.py
[2024-12-09T21:57:55.860+0000] {logging_mixin.py:188} INFO - [2024-12-09T21:57:55.860+0000] {dag.py:3047} INFO - Sync 1 DAGs
[2024-12-09T21:57:55.874+0000] {logging_mixin.py:188} INFO - [2024-12-09T21:57:55.874+0000] {dag.py:3834} INFO - Setting next_dagrun for example_complex to None, run_after=None
[2024-12-09T21:57:55.898+0000] {processor.py:183} INFO - Processing /home/airflow/.local/lib/python3.10/site-packages/airflow/example_dags/example_complex.py took 0.099 seconds
[2024-12-09T21:58:26.248+0000] {processor.py:161} INFO - Started process (PID=2511) to work on /home/airflow/.local/lib/python3.10/site-packages/airflow/example_dags/example_complex.py
[2024-12-09T21:58:26.249+0000] {processor.py:830} INFO - Processing file /home/airflow/.local/lib/python3.10/site-packages/airflow/example_dags/example_complex.py for tasks to queue
[2024-12-09T21:58:26.251+0000] {logging_mixin.py:188} INFO - [2024-12-09T21:58:26.250+0000] {dagbag.py:540} INFO - Filling up the DagBag from /home/airflow/.local/lib/python3.10/site-packages/airflow/example_dags/example_complex.py
[2024-12-09T21:58:26.260+0000] {processor.py:840} INFO - DAG(s) 'example_complex' retrieved from /home/airflow/.local/lib/python3.10/site-packages/airflow/example_dags/example_complex.py
[2024-12-09T21:58:26.290+0000] {logging_mixin.py:188} INFO - [2024-12-09T21:58:26.290+0000] {dag.py:3047} INFO - Sync 1 DAGs
[2024-12-09T21:58:26.304+0000] {logging_mixin.py:188} INFO - [2024-12-09T21:58:26.303+0000] {dag.py:3834} INFO - Setting next_dagrun for example_complex to None, run_after=None
[2024-12-09T21:58:26.323+0000] {processor.py:183} INFO - Processing /home/airflow/.local/lib/python3.10/site-packages/airflow/example_dags/example_complex.py took 0.079 seconds
[2024-12-09T21:58:57.091+0000] {processor.py:161} INFO - Started process (PID=2566) to work on /home/airflow/.local/lib/python3.10/site-packages/airflow/example_dags/example_complex.py
[2024-12-09T21:58:57.092+0000] {processor.py:830} INFO - Processing file /home/airflow/.local/lib/python3.10/site-packages/airflow/example_dags/example_complex.py for tasks to queue
[2024-12-09T21:58:57.094+0000] {logging_mixin.py:188} INFO - [2024-12-09T21:58:57.094+0000] {dagbag.py:540} INFO - Filling up the DagBag from /home/airflow/.local/lib/python3.10/site-packages/airflow/example_dags/example_complex.py
[2024-12-09T21:58:57.106+0000] {processor.py:840} INFO - DAG(s) 'example_complex' retrieved from /home/airflow/.local/lib/python3.10/site-packages/airflow/example_dags/example_complex.py
[2024-12-09T21:58:57.138+0000] {logging_mixin.py:188} INFO - [2024-12-09T21:58:57.137+0000] {dag.py:3047} INFO - Sync 1 DAGs
[2024-12-09T21:58:57.149+0000] {logging_mixin.py:188} INFO - [2024-12-09T21:58:57.149+0000] {dag.py:3834} INFO - Setting next_dagrun for example_complex to None, run_after=None
[2024-12-09T21:58:57.169+0000] {processor.py:183} INFO - Processing /home/airflow/.local/lib/python3.10/site-packages/airflow/example_dags/example_complex.py took 0.082 seconds
[2024-12-09T21:59:28.062+0000] {processor.py:161} INFO - Started process (PID=2622) to work on /home/airflow/.local/lib/python3.10/site-packages/airflow/example_dags/example_complex.py
[2024-12-09T21:59:28.064+0000] {processor.py:830} INFO - Processing file /home/airflow/.local/lib/python3.10/site-packages/airflow/example_dags/example_complex.py for tasks to queue
[2024-12-09T21:59:28.066+0000] {logging_mixin.py:188} INFO - [2024-12-09T21:59:28.065+0000] {dagbag.py:540} INFO - Filling up the DagBag from /home/airflow/.local/lib/python3.10/site-packages/airflow/example_dags/example_complex.py
[2024-12-09T21:59:28.076+0000] {processor.py:840} INFO - DAG(s) 'example_complex' retrieved from /home/airflow/.local/lib/python3.10/site-packages/airflow/example_dags/example_complex.py
[2024-12-09T21:59:28.105+0000] {logging_mixin.py:188} INFO - [2024-12-09T21:59:28.104+0000] {dag.py:3047} INFO - Sync 1 DAGs
[2024-12-09T21:59:28.115+0000] {logging_mixin.py:188} INFO - [2024-12-09T21:59:28.115+0000] {dag.py:3834} INFO - Setting next_dagrun for example_complex to None, run_after=None
[2024-12-09T21:59:28.136+0000] {processor.py:183} INFO - Processing /home/airflow/.local/lib/python3.10/site-packages/airflow/example_dags/example_complex.py took 0.077 seconds
[2024-12-09T21:59:58.299+0000] {processor.py:161} INFO - Started process (PID=2677) to work on /home/airflow/.local/lib/python3.10/site-packages/airflow/example_dags/example_complex.py
[2024-12-09T21:59:58.300+0000] {processor.py:830} INFO - Processing file /home/airflow/.local/lib/python3.10/site-packages/airflow/example_dags/example_complex.py for tasks to queue
[2024-12-09T21:59:58.302+0000] {logging_mixin.py:188} INFO - [2024-12-09T21:59:58.302+0000] {dagbag.py:540} INFO - Filling up the DagBag from /home/airflow/.local/lib/python3.10/site-packages/airflow/example_dags/example_complex.py
[2024-12-09T21:59:58.312+0000] {processor.py:840} INFO - DAG(s) 'example_complex' retrieved from /home/airflow/.local/lib/python3.10/site-packages/airflow/example_dags/example_complex.py
[2024-12-09T21:59:58.341+0000] {logging_mixin.py:188} INFO - [2024-12-09T21:59:58.341+0000] {dag.py:3047} INFO - Sync 1 DAGs
[2024-12-09T21:59:58.353+0000] {logging_mixin.py:188} INFO - [2024-12-09T21:59:58.353+0000] {dag.py:3834} INFO - Setting next_dagrun for example_complex to None, run_after=None
[2024-12-09T21:59:58.373+0000] {processor.py:183} INFO - Processing /home/airflow/.local/lib/python3.10/site-packages/airflow/example_dags/example_complex.py took 0.077 seconds
[2024-12-09T23:00:47.188+0000] {processor.py:161} INFO - Started process (PID=2733) to work on /home/airflow/.local/lib/python3.10/site-packages/airflow/example_dags/example_complex.py
[2024-12-09T23:00:47.190+0000] {processor.py:830} INFO - Processing file /home/airflow/.local/lib/python3.10/site-packages/airflow/example_dags/example_complex.py for tasks to queue
[2024-12-09T23:00:47.193+0000] {logging_mixin.py:188} INFO - [2024-12-09T23:00:47.192+0000] {dagbag.py:540} INFO - Filling up the DagBag from /home/airflow/.local/lib/python3.10/site-packages/airflow/example_dags/example_complex.py
[2024-12-09T23:00:47.209+0000] {processor.py:840} INFO - DAG(s) 'example_complex' retrieved from /home/airflow/.local/lib/python3.10/site-packages/airflow/example_dags/example_complex.py
[2024-12-09T23:00:47.261+0000] {logging_mixin.py:188} INFO - [2024-12-09T23:00:47.261+0000] {dag.py:3047} INFO - Sync 1 DAGs
[2024-12-09T23:00:47.277+0000] {logging_mixin.py:188} INFO - [2024-12-09T23:00:47.277+0000] {dag.py:3834} INFO - Setting next_dagrun for example_complex to None, run_after=None
