[2024-12-09T13:35:46.595+0000] {processor.py:161} INFO - Started process (PID=86) to work on /home/airflow/.local/lib/python3.10/site-packages/airflow/example_dags/example_branch_python_dop_operator_3.py
[2024-12-09T13:35:46.598+0000] {processor.py:830} INFO - Processing file /home/airflow/.local/lib/python3.10/site-packages/airflow/example_dags/example_branch_python_dop_operator_3.py for tasks to queue
[2024-12-09T13:35:46.602+0000] {logging_mixin.py:188} INFO - [2024-12-09T13:35:46.602+0000] {dagbag.py:540} INFO - Filling up the DagBag from /home/airflow/.local/lib/python3.10/site-packages/airflow/example_dags/example_branch_python_dop_operator_3.py
[2024-12-09T13:35:46.641+0000] {processor.py:840} INFO - DAG(s) 'example_branch_dop_operator_v3' retrieved from /home/airflow/.local/lib/python3.10/site-packages/airflow/example_dags/example_branch_python_dop_operator_3.py
[2024-12-09T13:35:46.759+0000] {logging_mixin.py:188} INFO - [2024-12-09T13:35:46.758+0000] {dag.py:3047} INFO - Sync 1 DAGs
[2024-12-09T13:35:46.825+0000] {logging_mixin.py:188} INFO - [2024-12-09T13:35:46.824+0000] {dag.py:3834} INFO - Setting next_dagrun for example_branch_dop_operator_v3 to 2024-12-09 13:34:00+00:00, run_after=2024-12-09 13:35:00+00:00
[2024-12-09T13:35:46.895+0000] {processor.py:183} INFO - Processing /home/airflow/.local/lib/python3.10/site-packages/airflow/example_dags/example_branch_python_dop_operator_3.py took 0.317 seconds
[2024-12-09T20:37:22.734+0000] {processor.py:161} INFO - Started process (PID=79) to work on /home/airflow/.local/lib/python3.10/site-packages/airflow/example_dags/example_branch_python_dop_operator_3.py
[2024-12-09T20:37:22.742+0000] {processor.py:830} INFO - Processing file /home/airflow/.local/lib/python3.10/site-packages/airflow/example_dags/example_branch_python_dop_operator_3.py for tasks to queue
[2024-12-09T20:37:22.747+0000] {logging_mixin.py:188} INFO - [2024-12-09T20:37:22.746+0000] {dagbag.py:540} INFO - Filling up the DagBag from /home/airflow/.local/lib/python3.10/site-packages/airflow/example_dags/example_branch_python_dop_operator_3.py
[2024-12-09T20:37:22.781+0000] {processor.py:840} INFO - DAG(s) 'example_branch_dop_operator_v3' retrieved from /home/airflow/.local/lib/python3.10/site-packages/airflow/example_dags/example_branch_python_dop_operator_3.py
[2024-12-09T20:37:22.986+0000] {logging_mixin.py:188} INFO - [2024-12-09T20:37:22.985+0000] {dag.py:3047} INFO - Sync 1 DAGs
[2024-12-09T20:37:23.078+0000] {logging_mixin.py:188} INFO - [2024-12-09T20:37:23.077+0000] {dag.py:3834} INFO - Setting next_dagrun for example_branch_dop_operator_v3 to 2024-12-09 20:36:00+00:00, run_after=2024-12-09 20:37:00+00:00
[2024-12-09T20:37:23.152+0000] {processor.py:183} INFO - Processing /home/airflow/.local/lib/python3.10/site-packages/airflow/example_dags/example_branch_python_dop_operator_3.py took 0.433 seconds
[2024-12-09T20:37:53.414+0000] {processor.py:161} INFO - Started process (PID=135) to work on /home/airflow/.local/lib/python3.10/site-packages/airflow/example_dags/example_branch_python_dop_operator_3.py
[2024-12-09T20:37:53.417+0000] {processor.py:830} INFO - Processing file /home/airflow/.local/lib/python3.10/site-packages/airflow/example_dags/example_branch_python_dop_operator_3.py for tasks to queue
[2024-12-09T20:37:53.421+0000] {logging_mixin.py:188} INFO - [2024-12-09T20:37:53.420+0000] {dagbag.py:540} INFO - Filling up the DagBag from /home/airflow/.local/lib/python3.10/site-packages/airflow/example_dags/example_branch_python_dop_operator_3.py
[2024-12-09T20:37:53.439+0000] {processor.py:840} INFO - DAG(s) 'example_branch_dop_operator_v3' retrieved from /home/airflow/.local/lib/python3.10/site-packages/airflow/example_dags/example_branch_python_dop_operator_3.py
[2024-12-09T20:37:53.480+0000] {logging_mixin.py:188} INFO - [2024-12-09T20:37:53.479+0000] {dag.py:3047} INFO - Sync 1 DAGs
[2024-12-09T20:37:53.559+0000] {logging_mixin.py:188} INFO - [2024-12-09T20:37:53.557+0000] {dag.py:3834} INFO - Setting next_dagrun for example_branch_dop_operator_v3 to 2024-12-09 20:36:00+00:00, run_after=2024-12-09 20:37:00+00:00
[2024-12-09T20:37:53.609+0000] {processor.py:183} INFO - Processing /home/airflow/.local/lib/python3.10/site-packages/airflow/example_dags/example_branch_python_dop_operator_3.py took 0.202 seconds
[2024-12-09T20:38:23.698+0000] {processor.py:161} INFO - Started process (PID=191) to work on /home/airflow/.local/lib/python3.10/site-packages/airflow/example_dags/example_branch_python_dop_operator_3.py
[2024-12-09T20:38:23.701+0000] {processor.py:830} INFO - Processing file /home/airflow/.local/lib/python3.10/site-packages/airflow/example_dags/example_branch_python_dop_operator_3.py for tasks to queue
[2024-12-09T20:38:23.703+0000] {logging_mixin.py:188} INFO - [2024-12-09T20:38:23.703+0000] {dagbag.py:540} INFO - Filling up the DagBag from /home/airflow/.local/lib/python3.10/site-packages/airflow/example_dags/example_branch_python_dop_operator_3.py
[2024-12-09T20:38:23.712+0000] {processor.py:840} INFO - DAG(s) 'example_branch_dop_operator_v3' retrieved from /home/airflow/.local/lib/python3.10/site-packages/airflow/example_dags/example_branch_python_dop_operator_3.py
[2024-12-09T20:38:23.732+0000] {logging_mixin.py:188} INFO - [2024-12-09T20:38:23.731+0000] {dag.py:3047} INFO - Sync 1 DAGs
[2024-12-09T20:38:23.757+0000] {logging_mixin.py:188} INFO - [2024-12-09T20:38:23.757+0000] {dag.py:3834} INFO - Setting next_dagrun for example_branch_dop_operator_v3 to 2024-12-09 20:37:00+00:00, run_after=2024-12-09 20:38:00+00:00
[2024-12-09T20:38:23.781+0000] {processor.py:183} INFO - Processing /home/airflow/.local/lib/python3.10/site-packages/airflow/example_dags/example_branch_python_dop_operator_3.py took 0.086 seconds
[2024-12-09T20:38:54.262+0000] {processor.py:161} INFO - Started process (PID=247) to work on /home/airflow/.local/lib/python3.10/site-packages/airflow/example_dags/example_branch_python_dop_operator_3.py
[2024-12-09T20:38:54.264+0000] {processor.py:830} INFO - Processing file /home/airflow/.local/lib/python3.10/site-packages/airflow/example_dags/example_branch_python_dop_operator_3.py for tasks to queue
[2024-12-09T20:38:54.267+0000] {logging_mixin.py:188} INFO - [2024-12-09T20:38:54.266+0000] {dagbag.py:540} INFO - Filling up the DagBag from /home/airflow/.local/lib/python3.10/site-packages/airflow/example_dags/example_branch_python_dop_operator_3.py
[2024-12-09T20:38:54.276+0000] {processor.py:840} INFO - DAG(s) 'example_branch_dop_operator_v3' retrieved from /home/airflow/.local/lib/python3.10/site-packages/airflow/example_dags/example_branch_python_dop_operator_3.py
[2024-12-09T20:38:54.296+0000] {logging_mixin.py:188} INFO - [2024-12-09T20:38:54.295+0000] {dag.py:3047} INFO - Sync 1 DAGs
[2024-12-09T20:38:54.325+0000] {logging_mixin.py:188} INFO - [2024-12-09T20:38:54.324+0000] {dag.py:3834} INFO - Setting next_dagrun for example_branch_dop_operator_v3 to 2024-12-09 20:37:00+00:00, run_after=2024-12-09 20:38:00+00:00
[2024-12-09T20:38:54.352+0000] {processor.py:183} INFO - Processing /home/airflow/.local/lib/python3.10/site-packages/airflow/example_dags/example_branch_python_dop_operator_3.py took 0.093 seconds
[2024-12-09T20:39:24.532+0000] {processor.py:161} INFO - Started process (PID=303) to work on /home/airflow/.local/lib/python3.10/site-packages/airflow/example_dags/example_branch_python_dop_operator_3.py
[2024-12-09T20:39:24.533+0000] {processor.py:830} INFO - Processing file /home/airflow/.local/lib/python3.10/site-packages/airflow/example_dags/example_branch_python_dop_operator_3.py for tasks to queue
[2024-12-09T20:39:24.535+0000] {logging_mixin.py:188} INFO - [2024-12-09T20:39:24.535+0000] {dagbag.py:540} INFO - Filling up the DagBag from /home/airflow/.local/lib/python3.10/site-packages/airflow/example_dags/example_branch_python_dop_operator_3.py
[2024-12-09T20:39:24.544+0000] {processor.py:840} INFO - DAG(s) 'example_branch_dop_operator_v3' retrieved from /home/airflow/.local/lib/python3.10/site-packages/airflow/example_dags/example_branch_python_dop_operator_3.py
[2024-12-09T20:39:24.562+0000] {logging_mixin.py:188} INFO - [2024-12-09T20:39:24.562+0000] {dag.py:3047} INFO - Sync 1 DAGs
[2024-12-09T20:39:24.584+0000] {logging_mixin.py:188} INFO - [2024-12-09T20:39:24.584+0000] {dag.py:3834} INFO - Setting next_dagrun for example_branch_dop_operator_v3 to 2024-12-09 20:38:00+00:00, run_after=2024-12-09 20:39:00+00:00
[2024-12-09T20:39:24.605+0000] {processor.py:183} INFO - Processing /home/airflow/.local/lib/python3.10/site-packages/airflow/example_dags/example_branch_python_dop_operator_3.py took 0.076 seconds
[2024-12-09T20:39:55.048+0000] {processor.py:161} INFO - Started process (PID=358) to work on /home/airflow/.local/lib/python3.10/site-packages/airflow/example_dags/example_branch_python_dop_operator_3.py
[2024-12-09T20:39:55.049+0000] {processor.py:830} INFO - Processing file /home/airflow/.local/lib/python3.10/site-packages/airflow/example_dags/example_branch_python_dop_operator_3.py for tasks to queue
[2024-12-09T20:39:55.051+0000] {logging_mixin.py:188} INFO - [2024-12-09T20:39:55.050+0000] {dagbag.py:540} INFO - Filling up the DagBag from /home/airflow/.local/lib/python3.10/site-packages/airflow/example_dags/example_branch_python_dop_operator_3.py
[2024-12-09T20:39:55.059+0000] {processor.py:840} INFO - DAG(s) 'example_branch_dop_operator_v3' retrieved from /home/airflow/.local/lib/python3.10/site-packages/airflow/example_dags/example_branch_python_dop_operator_3.py
[2024-12-09T20:39:55.076+0000] {logging_mixin.py:188} INFO - [2024-12-09T20:39:55.076+0000] {dag.py:3047} INFO - Sync 1 DAGs
[2024-12-09T20:39:55.099+0000] {logging_mixin.py:188} INFO - [2024-12-09T20:39:55.098+0000] {dag.py:3834} INFO - Setting next_dagrun for example_branch_dop_operator_v3 to 2024-12-09 20:38:00+00:00, run_after=2024-12-09 20:39:00+00:00
[2024-12-09T20:39:55.118+0000] {processor.py:183} INFO - Processing /home/airflow/.local/lib/python3.10/site-packages/airflow/example_dags/example_branch_python_dop_operator_3.py took 0.073 seconds
[2024-12-09T20:40:25.820+0000] {processor.py:161} INFO - Started process (PID=413) to work on /home/airflow/.local/lib/python3.10/site-packages/airflow/example_dags/example_branch_python_dop_operator_3.py
[2024-12-09T20:40:25.821+0000] {processor.py:830} INFO - Processing file /home/airflow/.local/lib/python3.10/site-packages/airflow/example_dags/example_branch_python_dop_operator_3.py for tasks to queue
[2024-12-09T20:40:25.823+0000] {logging_mixin.py:188} INFO - [2024-12-09T20:40:25.822+0000] {dagbag.py:540} INFO - Filling up the DagBag from /home/airflow/.local/lib/python3.10/site-packages/airflow/example_dags/example_branch_python_dop_operator_3.py
[2024-12-09T20:40:25.830+0000] {processor.py:840} INFO - DAG(s) 'example_branch_dop_operator_v3' retrieved from /home/airflow/.local/lib/python3.10/site-packages/airflow/example_dags/example_branch_python_dop_operator_3.py
[2024-12-09T20:40:25.849+0000] {logging_mixin.py:188} INFO - [2024-12-09T20:40:25.849+0000] {dag.py:3047} INFO - Sync 1 DAGs
[2024-12-09T20:40:25.873+0000] {logging_mixin.py:188} INFO - [2024-12-09T20:40:25.872+0000] {dag.py:3834} INFO - Setting next_dagrun for example_branch_dop_operator_v3 to 2024-12-09 20:39:00+00:00, run_after=2024-12-09 20:40:00+00:00
[2024-12-09T20:40:25.894+0000] {processor.py:183} INFO - Processing /home/airflow/.local/lib/python3.10/site-packages/airflow/example_dags/example_branch_python_dop_operator_3.py took 0.077 seconds
[2024-12-09T20:40:57.003+0000] {processor.py:161} INFO - Started process (PID=469) to work on /home/airflow/.local/lib/python3.10/site-packages/airflow/example_dags/example_branch_python_dop_operator_3.py
[2024-12-09T20:40:57.005+0000] {processor.py:830} INFO - Processing file /home/airflow/.local/lib/python3.10/site-packages/airflow/example_dags/example_branch_python_dop_operator_3.py for tasks to queue
[2024-12-09T20:40:57.008+0000] {logging_mixin.py:188} INFO - [2024-12-09T20:40:57.007+0000] {dagbag.py:540} INFO - Filling up the DagBag from /home/airflow/.local/lib/python3.10/site-packages/airflow/example_dags/example_branch_python_dop_operator_3.py
[2024-12-09T20:40:57.019+0000] {processor.py:840} INFO - DAG(s) 'example_branch_dop_operator_v3' retrieved from /home/airflow/.local/lib/python3.10/site-packages/airflow/example_dags/example_branch_python_dop_operator_3.py
[2024-12-09T20:40:57.060+0000] {logging_mixin.py:188} INFO - [2024-12-09T20:40:57.059+0000] {dag.py:3047} INFO - Sync 1 DAGs
[2024-12-09T20:40:57.115+0000] {logging_mixin.py:188} INFO - [2024-12-09T20:40:57.115+0000] {dag.py:3834} INFO - Setting next_dagrun for example_branch_dop_operator_v3 to 2024-12-09 20:39:00+00:00, run_after=2024-12-09 20:40:00+00:00
[2024-12-09T20:40:57.147+0000] {processor.py:183} INFO - Processing /home/airflow/.local/lib/python3.10/site-packages/airflow/example_dags/example_branch_python_dop_operator_3.py took 0.148 seconds
[2024-12-09T20:41:27.773+0000] {processor.py:161} INFO - Started process (PID=524) to work on /home/airflow/.local/lib/python3.10/site-packages/airflow/example_dags/example_branch_python_dop_operator_3.py
[2024-12-09T20:41:27.775+0000] {processor.py:830} INFO - Processing file /home/airflow/.local/lib/python3.10/site-packages/airflow/example_dags/example_branch_python_dop_operator_3.py for tasks to queue
[2024-12-09T20:41:27.777+0000] {logging_mixin.py:188} INFO - [2024-12-09T20:41:27.776+0000] {dagbag.py:540} INFO - Filling up the DagBag from /home/airflow/.local/lib/python3.10/site-packages/airflow/example_dags/example_branch_python_dop_operator_3.py
[2024-12-09T20:41:27.786+0000] {processor.py:840} INFO - DAG(s) 'example_branch_dop_operator_v3' retrieved from /home/airflow/.local/lib/python3.10/site-packages/airflow/example_dags/example_branch_python_dop_operator_3.py
[2024-12-09T20:41:27.805+0000] {logging_mixin.py:188} INFO - [2024-12-09T20:41:27.805+0000] {dag.py:3047} INFO - Sync 1 DAGs
[2024-12-09T20:41:27.831+0000] {logging_mixin.py:188} INFO - [2024-12-09T20:41:27.831+0000] {dag.py:3834} INFO - Setting next_dagrun for example_branch_dop_operator_v3 to 2024-12-09 20:40:00+00:00, run_after=2024-12-09 20:41:00+00:00
[2024-12-09T20:41:27.852+0000] {processor.py:183} INFO - Processing /home/airflow/.local/lib/python3.10/site-packages/airflow/example_dags/example_branch_python_dop_operator_3.py took 0.082 seconds
[2024-12-09T20:41:58.430+0000] {processor.py:161} INFO - Started process (PID=579) to work on /home/airflow/.local/lib/python3.10/site-packages/airflow/example_dags/example_branch_python_dop_operator_3.py
[2024-12-09T20:41:58.432+0000] {processor.py:830} INFO - Processing file /home/airflow/.local/lib/python3.10/site-packages/airflow/example_dags/example_branch_python_dop_operator_3.py for tasks to queue
[2024-12-09T20:41:58.435+0000] {logging_mixin.py:188} INFO - [2024-12-09T20:41:58.435+0000] {dagbag.py:540} INFO - Filling up the DagBag from /home/airflow/.local/lib/python3.10/site-packages/airflow/example_dags/example_branch_python_dop_operator_3.py
[2024-12-09T20:41:58.446+0000] {processor.py:840} INFO - DAG(s) 'example_branch_dop_operator_v3' retrieved from /home/airflow/.local/lib/python3.10/site-packages/airflow/example_dags/example_branch_python_dop_operator_3.py
[2024-12-09T20:41:58.470+0000] {logging_mixin.py:188} INFO - [2024-12-09T20:41:58.470+0000] {dag.py:3047} INFO - Sync 1 DAGs
[2024-12-09T20:41:58.497+0000] {logging_mixin.py:188} INFO - [2024-12-09T20:41:58.497+0000] {dag.py:3834} INFO - Setting next_dagrun for example_branch_dop_operator_v3 to 2024-12-09 20:40:00+00:00, run_after=2024-12-09 20:41:00+00:00
[2024-12-09T20:41:58.514+0000] {processor.py:183} INFO - Processing /home/airflow/.local/lib/python3.10/site-packages/airflow/example_dags/example_branch_python_dop_operator_3.py took 0.087 seconds
[2024-12-09T20:42:28.706+0000] {processor.py:161} INFO - Started process (PID=635) to work on /home/airflow/.local/lib/python3.10/site-packages/airflow/example_dags/example_branch_python_dop_operator_3.py
[2024-12-09T20:42:28.707+0000] {processor.py:830} INFO - Processing file /home/airflow/.local/lib/python3.10/site-packages/airflow/example_dags/example_branch_python_dop_operator_3.py for tasks to queue
[2024-12-09T20:42:28.710+0000] {logging_mixin.py:188} INFO - [2024-12-09T20:42:28.710+0000] {dagbag.py:540} INFO - Filling up the DagBag from /home/airflow/.local/lib/python3.10/site-packages/airflow/example_dags/example_branch_python_dop_operator_3.py
[2024-12-09T20:42:28.718+0000] {processor.py:840} INFO - DAG(s) 'example_branch_dop_operator_v3' retrieved from /home/airflow/.local/lib/python3.10/site-packages/airflow/example_dags/example_branch_python_dop_operator_3.py
[2024-12-09T20:42:28.739+0000] {logging_mixin.py:188} INFO - [2024-12-09T20:42:28.739+0000] {dag.py:3047} INFO - Sync 1 DAGs
[2024-12-09T20:42:28.765+0000] {logging_mixin.py:188} INFO - [2024-12-09T20:42:28.765+0000] {dag.py:3834} INFO - Setting next_dagrun for example_branch_dop_operator_v3 to 2024-12-09 20:41:00+00:00, run_after=2024-12-09 20:42:00+00:00
[2024-12-09T20:42:28.786+0000] {processor.py:183} INFO - Processing /home/airflow/.local/lib/python3.10/site-packages/airflow/example_dags/example_branch_python_dop_operator_3.py took 0.083 seconds
[2024-12-09T20:42:58.973+0000] {processor.py:161} INFO - Started process (PID=691) to work on /home/airflow/.local/lib/python3.10/site-packages/airflow/example_dags/example_branch_python_dop_operator_3.py
[2024-12-09T20:42:58.974+0000] {processor.py:830} INFO - Processing file /home/airflow/.local/lib/python3.10/site-packages/airflow/example_dags/example_branch_python_dop_operator_3.py for tasks to queue
[2024-12-09T20:42:58.976+0000] {logging_mixin.py:188} INFO - [2024-12-09T20:42:58.976+0000] {dagbag.py:540} INFO - Filling up the DagBag from /home/airflow/.local/lib/python3.10/site-packages/airflow/example_dags/example_branch_python_dop_operator_3.py
[2024-12-09T20:42:58.984+0000] {processor.py:840} INFO - DAG(s) 'example_branch_dop_operator_v3' retrieved from /home/airflow/.local/lib/python3.10/site-packages/airflow/example_dags/example_branch_python_dop_operator_3.py
[2024-12-09T20:42:59.004+0000] {logging_mixin.py:188} INFO - [2024-12-09T20:42:59.004+0000] {dag.py:3047} INFO - Sync 1 DAGs
[2024-12-09T20:42:59.026+0000] {logging_mixin.py:188} INFO - [2024-12-09T20:42:59.026+0000] {dag.py:3834} INFO - Setting next_dagrun for example_branch_dop_operator_v3 to 2024-12-09 20:41:00+00:00, run_after=2024-12-09 20:42:00+00:00
[2024-12-09T20:42:59.045+0000] {processor.py:183} INFO - Processing /home/airflow/.local/lib/python3.10/site-packages/airflow/example_dags/example_branch_python_dop_operator_3.py took 0.076 seconds
[2024-12-09T20:43:29.181+0000] {processor.py:161} INFO - Started process (PID=746) to work on /home/airflow/.local/lib/python3.10/site-packages/airflow/example_dags/example_branch_python_dop_operator_3.py
[2024-12-09T20:43:29.182+0000] {processor.py:830} INFO - Processing file /home/airflow/.local/lib/python3.10/site-packages/airflow/example_dags/example_branch_python_dop_operator_3.py for tasks to queue
[2024-12-09T20:43:29.184+0000] {logging_mixin.py:188} INFO - [2024-12-09T20:43:29.184+0000] {dagbag.py:540} INFO - Filling up the DagBag from /home/airflow/.local/lib/python3.10/site-packages/airflow/example_dags/example_branch_python_dop_operator_3.py
[2024-12-09T20:43:29.195+0000] {processor.py:840} INFO - DAG(s) 'example_branch_dop_operator_v3' retrieved from /home/airflow/.local/lib/python3.10/site-packages/airflow/example_dags/example_branch_python_dop_operator_3.py
[2024-12-09T20:43:29.217+0000] {logging_mixin.py:188} INFO - [2024-12-09T20:43:29.217+0000] {dag.py:3047} INFO - Sync 1 DAGs
[2024-12-09T20:43:29.243+0000] {logging_mixin.py:188} INFO - [2024-12-09T20:43:29.242+0000] {dag.py:3834} INFO - Setting next_dagrun for example_branch_dop_operator_v3 to 2024-12-09 20:42:00+00:00, run_after=2024-12-09 20:43:00+00:00
[2024-12-09T20:43:29.266+0000] {processor.py:183} INFO - Processing /home/airflow/.local/lib/python3.10/site-packages/airflow/example_dags/example_branch_python_dop_operator_3.py took 0.088 seconds
[2024-12-09T20:43:59.308+0000] {processor.py:161} INFO - Started process (PID=802) to work on /home/airflow/.local/lib/python3.10/site-packages/airflow/example_dags/example_branch_python_dop_operator_3.py
[2024-12-09T20:43:59.309+0000] {processor.py:830} INFO - Processing file /home/airflow/.local/lib/python3.10/site-packages/airflow/example_dags/example_branch_python_dop_operator_3.py for tasks to queue
[2024-12-09T20:43:59.311+0000] {logging_mixin.py:188} INFO - [2024-12-09T20:43:59.311+0000] {dagbag.py:540} INFO - Filling up the DagBag from /home/airflow/.local/lib/python3.10/site-packages/airflow/example_dags/example_branch_python_dop_operator_3.py
[2024-12-09T20:43:59.319+0000] {processor.py:840} INFO - DAG(s) 'example_branch_dop_operator_v3' retrieved from /home/airflow/.local/lib/python3.10/site-packages/airflow/example_dags/example_branch_python_dop_operator_3.py
[2024-12-09T20:43:59.338+0000] {logging_mixin.py:188} INFO - [2024-12-09T20:43:59.338+0000] {dag.py:3047} INFO - Sync 1 DAGs
[2024-12-09T20:43:59.362+0000] {logging_mixin.py:188} INFO - [2024-12-09T20:43:59.362+0000] {dag.py:3834} INFO - Setting next_dagrun for example_branch_dop_operator_v3 to 2024-12-09 20:42:00+00:00, run_after=2024-12-09 20:43:00+00:00
[2024-12-09T20:43:59.384+0000] {processor.py:183} INFO - Processing /home/airflow/.local/lib/python3.10/site-packages/airflow/example_dags/example_branch_python_dop_operator_3.py took 0.079 seconds
[2024-12-09T20:44:30.190+0000] {processor.py:161} INFO - Started process (PID=858) to work on /home/airflow/.local/lib/python3.10/site-packages/airflow/example_dags/example_branch_python_dop_operator_3.py
[2024-12-09T20:44:30.192+0000] {processor.py:830} INFO - Processing file /home/airflow/.local/lib/python3.10/site-packages/airflow/example_dags/example_branch_python_dop_operator_3.py for tasks to queue
[2024-12-09T20:44:30.194+0000] {logging_mixin.py:188} INFO - [2024-12-09T20:44:30.193+0000] {dagbag.py:540} INFO - Filling up the DagBag from /home/airflow/.local/lib/python3.10/site-packages/airflow/example_dags/example_branch_python_dop_operator_3.py
[2024-12-09T20:44:30.202+0000] {processor.py:840} INFO - DAG(s) 'example_branch_dop_operator_v3' retrieved from /home/airflow/.local/lib/python3.10/site-packages/airflow/example_dags/example_branch_python_dop_operator_3.py
[2024-12-09T20:44:30.221+0000] {logging_mixin.py:188} INFO - [2024-12-09T20:44:30.221+0000] {dag.py:3047} INFO - Sync 1 DAGs
[2024-12-09T20:44:30.245+0000] {logging_mixin.py:188} INFO - [2024-12-09T20:44:30.245+0000] {dag.py:3834} INFO - Setting next_dagrun for example_branch_dop_operator_v3 to 2024-12-09 20:43:00+00:00, run_after=2024-12-09 20:44:00+00:00
[2024-12-09T20:44:30.266+0000] {processor.py:183} INFO - Processing /home/airflow/.local/lib/python3.10/site-packages/airflow/example_dags/example_branch_python_dop_operator_3.py took 0.079 seconds
[2024-12-09T20:45:00.332+0000] {processor.py:161} INFO - Started process (PID=914) to work on /home/airflow/.local/lib/python3.10/site-packages/airflow/example_dags/example_branch_python_dop_operator_3.py
[2024-12-09T20:45:00.333+0000] {processor.py:830} INFO - Processing file /home/airflow/.local/lib/python3.10/site-packages/airflow/example_dags/example_branch_python_dop_operator_3.py for tasks to queue
[2024-12-09T20:45:00.335+0000] {logging_mixin.py:188} INFO - [2024-12-09T20:45:00.335+0000] {dagbag.py:540} INFO - Filling up the DagBag from /home/airflow/.local/lib/python3.10/site-packages/airflow/example_dags/example_branch_python_dop_operator_3.py
[2024-12-09T20:45:00.344+0000] {processor.py:840} INFO - DAG(s) 'example_branch_dop_operator_v3' retrieved from /home/airflow/.local/lib/python3.10/site-packages/airflow/example_dags/example_branch_python_dop_operator_3.py
[2024-12-09T20:45:00.363+0000] {logging_mixin.py:188} INFO - [2024-12-09T20:45:00.363+0000] {dag.py:3047} INFO - Sync 1 DAGs
[2024-12-09T20:45:00.394+0000] {logging_mixin.py:188} INFO - [2024-12-09T20:45:00.393+0000] {dag.py:3834} INFO - Setting next_dagrun for example_branch_dop_operator_v3 to 2024-12-09 20:44:00+00:00, run_after=2024-12-09 20:45:00+00:00
[2024-12-09T20:45:00.415+0000] {processor.py:183} INFO - Processing /home/airflow/.local/lib/python3.10/site-packages/airflow/example_dags/example_branch_python_dop_operator_3.py took 0.086 seconds
[2024-12-09T20:45:30.503+0000] {processor.py:161} INFO - Started process (PID=970) to work on /home/airflow/.local/lib/python3.10/site-packages/airflow/example_dags/example_branch_python_dop_operator_3.py
[2024-12-09T20:45:30.505+0000] {processor.py:830} INFO - Processing file /home/airflow/.local/lib/python3.10/site-packages/airflow/example_dags/example_branch_python_dop_operator_3.py for tasks to queue
[2024-12-09T20:45:30.506+0000] {logging_mixin.py:188} INFO - [2024-12-09T20:45:30.506+0000] {dagbag.py:540} INFO - Filling up the DagBag from /home/airflow/.local/lib/python3.10/site-packages/airflow/example_dags/example_branch_python_dop_operator_3.py
[2024-12-09T20:45:30.515+0000] {processor.py:840} INFO - DAG(s) 'example_branch_dop_operator_v3' retrieved from /home/airflow/.local/lib/python3.10/site-packages/airflow/example_dags/example_branch_python_dop_operator_3.py
[2024-12-09T20:45:30.620+0000] {logging_mixin.py:188} INFO - [2024-12-09T20:45:30.620+0000] {dag.py:3047} INFO - Sync 1 DAGs
[2024-12-09T20:45:30.647+0000] {logging_mixin.py:188} INFO - [2024-12-09T20:45:30.647+0000] {dag.py:3834} INFO - Setting next_dagrun for example_branch_dop_operator_v3 to 2024-12-09 20:44:00+00:00, run_after=2024-12-09 20:45:00+00:00
[2024-12-09T20:45:30.666+0000] {processor.py:183} INFO - Processing /home/airflow/.local/lib/python3.10/site-packages/airflow/example_dags/example_branch_python_dop_operator_3.py took 0.167 seconds
[2024-12-09T20:46:01.420+0000] {processor.py:161} INFO - Started process (PID=1025) to work on /home/airflow/.local/lib/python3.10/site-packages/airflow/example_dags/example_branch_python_dop_operator_3.py
[2024-12-09T20:46:01.422+0000] {processor.py:830} INFO - Processing file /home/airflow/.local/lib/python3.10/site-packages/airflow/example_dags/example_branch_python_dop_operator_3.py for tasks to queue
[2024-12-09T20:46:01.424+0000] {logging_mixin.py:188} INFO - [2024-12-09T20:46:01.424+0000] {dagbag.py:540} INFO - Filling up the DagBag from /home/airflow/.local/lib/python3.10/site-packages/airflow/example_dags/example_branch_python_dop_operator_3.py
[2024-12-09T20:46:01.437+0000] {processor.py:840} INFO - DAG(s) 'example_branch_dop_operator_v3' retrieved from /home/airflow/.local/lib/python3.10/site-packages/airflow/example_dags/example_branch_python_dop_operator_3.py
[2024-12-09T20:46:01.464+0000] {logging_mixin.py:188} INFO - [2024-12-09T20:46:01.464+0000] {dag.py:3047} INFO - Sync 1 DAGs
[2024-12-09T20:46:01.501+0000] {logging_mixin.py:188} INFO - [2024-12-09T20:46:01.500+0000] {dag.py:3834} INFO - Setting next_dagrun for example_branch_dop_operator_v3 to 2024-12-09 20:45:00+00:00, run_after=2024-12-09 20:46:00+00:00
[2024-12-09T20:46:01.528+0000] {processor.py:183} INFO - Processing /home/airflow/.local/lib/python3.10/site-packages/airflow/example_dags/example_branch_python_dop_operator_3.py took 0.112 seconds
[2024-12-09T20:46:31.702+0000] {processor.py:161} INFO - Started process (PID=1081) to work on /home/airflow/.local/lib/python3.10/site-packages/airflow/example_dags/example_branch_python_dop_operator_3.py
[2024-12-09T20:46:31.703+0000] {processor.py:830} INFO - Processing file /home/airflow/.local/lib/python3.10/site-packages/airflow/example_dags/example_branch_python_dop_operator_3.py for tasks to queue
[2024-12-09T20:46:31.705+0000] {logging_mixin.py:188} INFO - [2024-12-09T20:46:31.705+0000] {dagbag.py:540} INFO - Filling up the DagBag from /home/airflow/.local/lib/python3.10/site-packages/airflow/example_dags/example_branch_python_dop_operator_3.py
[2024-12-09T20:46:31.713+0000] {processor.py:840} INFO - DAG(s) 'example_branch_dop_operator_v3' retrieved from /home/airflow/.local/lib/python3.10/site-packages/airflow/example_dags/example_branch_python_dop_operator_3.py
[2024-12-09T20:46:31.733+0000] {logging_mixin.py:188} INFO - [2024-12-09T20:46:31.733+0000] {dag.py:3047} INFO - Sync 1 DAGs
[2024-12-09T20:46:31.756+0000] {logging_mixin.py:188} INFO - [2024-12-09T20:46:31.756+0000] {dag.py:3834} INFO - Setting next_dagrun for example_branch_dop_operator_v3 to 2024-12-09 20:45:00+00:00, run_after=2024-12-09 20:46:00+00:00
[2024-12-09T20:46:31.777+0000] {processor.py:183} INFO - Processing /home/airflow/.local/lib/python3.10/site-packages/airflow/example_dags/example_branch_python_dop_operator_3.py took 0.078 seconds
[2024-12-09T20:47:02.075+0000] {processor.py:161} INFO - Started process (PID=1137) to work on /home/airflow/.local/lib/python3.10/site-packages/airflow/example_dags/example_branch_python_dop_operator_3.py
[2024-12-09T20:47:02.076+0000] {processor.py:830} INFO - Processing file /home/airflow/.local/lib/python3.10/site-packages/airflow/example_dags/example_branch_python_dop_operator_3.py for tasks to queue
[2024-12-09T20:47:02.078+0000] {logging_mixin.py:188} INFO - [2024-12-09T20:47:02.078+0000] {dagbag.py:540} INFO - Filling up the DagBag from /home/airflow/.local/lib/python3.10/site-packages/airflow/example_dags/example_branch_python_dop_operator_3.py
[2024-12-09T20:47:02.087+0000] {processor.py:840} INFO - DAG(s) 'example_branch_dop_operator_v3' retrieved from /home/airflow/.local/lib/python3.10/site-packages/airflow/example_dags/example_branch_python_dop_operator_3.py
[2024-12-09T20:47:02.107+0000] {logging_mixin.py:188} INFO - [2024-12-09T20:47:02.107+0000] {dag.py:3047} INFO - Sync 1 DAGs
[2024-12-09T20:47:02.129+0000] {logging_mixin.py:188} INFO - [2024-12-09T20:47:02.129+0000] {dag.py:3834} INFO - Setting next_dagrun for example_branch_dop_operator_v3 to 2024-12-09 20:46:00+00:00, run_after=2024-12-09 20:47:00+00:00
[2024-12-09T20:47:02.151+0000] {processor.py:183} INFO - Processing /home/airflow/.local/lib/python3.10/site-packages/airflow/example_dags/example_branch_python_dop_operator_3.py took 0.079 seconds
[2024-12-09T20:47:32.256+0000] {processor.py:161} INFO - Started process (PID=1193) to work on /home/airflow/.local/lib/python3.10/site-packages/airflow/example_dags/example_branch_python_dop_operator_3.py
[2024-12-09T20:47:32.257+0000] {processor.py:830} INFO - Processing file /home/airflow/.local/lib/python3.10/site-packages/airflow/example_dags/example_branch_python_dop_operator_3.py for tasks to queue
[2024-12-09T20:47:32.259+0000] {logging_mixin.py:188} INFO - [2024-12-09T20:47:32.259+0000] {dagbag.py:540} INFO - Filling up the DagBag from /home/airflow/.local/lib/python3.10/site-packages/airflow/example_dags/example_branch_python_dop_operator_3.py
[2024-12-09T20:47:32.267+0000] {processor.py:840} INFO - DAG(s) 'example_branch_dop_operator_v3' retrieved from /home/airflow/.local/lib/python3.10/site-packages/airflow/example_dags/example_branch_python_dop_operator_3.py
[2024-12-09T20:47:32.288+0000] {logging_mixin.py:188} INFO - [2024-12-09T20:47:32.288+0000] {dag.py:3047} INFO - Sync 1 DAGs
[2024-12-09T20:47:32.315+0000] {logging_mixin.py:188} INFO - [2024-12-09T20:47:32.315+0000] {dag.py:3834} INFO - Setting next_dagrun for example_branch_dop_operator_v3 to 2024-12-09 20:46:00+00:00, run_after=2024-12-09 20:47:00+00:00
[2024-12-09T20:47:32.334+0000] {processor.py:183} INFO - Processing /home/airflow/.local/lib/python3.10/site-packages/airflow/example_dags/example_branch_python_dop_operator_3.py took 0.082 seconds
[2024-12-09T20:48:02.678+0000] {processor.py:161} INFO - Started process (PID=1248) to work on /home/airflow/.local/lib/python3.10/site-packages/airflow/example_dags/example_branch_python_dop_operator_3.py
[2024-12-09T20:48:02.679+0000] {processor.py:830} INFO - Processing file /home/airflow/.local/lib/python3.10/site-packages/airflow/example_dags/example_branch_python_dop_operator_3.py for tasks to queue
[2024-12-09T20:48:02.681+0000] {logging_mixin.py:188} INFO - [2024-12-09T20:48:02.681+0000] {dagbag.py:540} INFO - Filling up the DagBag from /home/airflow/.local/lib/python3.10/site-packages/airflow/example_dags/example_branch_python_dop_operator_3.py
[2024-12-09T20:48:02.689+0000] {processor.py:840} INFO - DAG(s) 'example_branch_dop_operator_v3' retrieved from /home/airflow/.local/lib/python3.10/site-packages/airflow/example_dags/example_branch_python_dop_operator_3.py
[2024-12-09T20:48:02.709+0000] {logging_mixin.py:188} INFO - [2024-12-09T20:48:02.708+0000] {dag.py:3047} INFO - Sync 1 DAGs
[2024-12-09T20:48:02.732+0000] {logging_mixin.py:188} INFO - [2024-12-09T20:48:02.731+0000] {dag.py:3834} INFO - Setting next_dagrun for example_branch_dop_operator_v3 to 2024-12-09 20:47:00+00:00, run_after=2024-12-09 20:48:00+00:00
[2024-12-09T20:48:02.753+0000] {processor.py:183} INFO - Processing /home/airflow/.local/lib/python3.10/site-packages/airflow/example_dags/example_branch_python_dop_operator_3.py took 0.078 seconds
[2024-12-09T20:48:33.416+0000] {processor.py:161} INFO - Started process (PID=1303) to work on /home/airflow/.local/lib/python3.10/site-packages/airflow/example_dags/example_branch_python_dop_operator_3.py
[2024-12-09T20:48:33.417+0000] {processor.py:830} INFO - Processing file /home/airflow/.local/lib/python3.10/site-packages/airflow/example_dags/example_branch_python_dop_operator_3.py for tasks to queue
[2024-12-09T20:48:33.419+0000] {logging_mixin.py:188} INFO - [2024-12-09T20:48:33.419+0000] {dagbag.py:540} INFO - Filling up the DagBag from /home/airflow/.local/lib/python3.10/site-packages/airflow/example_dags/example_branch_python_dop_operator_3.py
[2024-12-09T20:48:33.427+0000] {processor.py:840} INFO - DAG(s) 'example_branch_dop_operator_v3' retrieved from /home/airflow/.local/lib/python3.10/site-packages/airflow/example_dags/example_branch_python_dop_operator_3.py
[2024-12-09T20:48:33.446+0000] {logging_mixin.py:188} INFO - [2024-12-09T20:48:33.445+0000] {dag.py:3047} INFO - Sync 1 DAGs
[2024-12-09T20:48:33.468+0000] {logging_mixin.py:188} INFO - [2024-12-09T20:48:33.468+0000] {dag.py:3834} INFO - Setting next_dagrun for example_branch_dop_operator_v3 to 2024-12-09 20:47:00+00:00, run_after=2024-12-09 20:48:00+00:00
[2024-12-09T20:48:33.490+0000] {processor.py:183} INFO - Processing /home/airflow/.local/lib/python3.10/site-packages/airflow/example_dags/example_branch_python_dop_operator_3.py took 0.077 seconds
[2024-12-09T20:49:03.868+0000] {processor.py:161} INFO - Started process (PID=1358) to work on /home/airflow/.local/lib/python3.10/site-packages/airflow/example_dags/example_branch_python_dop_operator_3.py
[2024-12-09T20:49:03.869+0000] {processor.py:830} INFO - Processing file /home/airflow/.local/lib/python3.10/site-packages/airflow/example_dags/example_branch_python_dop_operator_3.py for tasks to queue
[2024-12-09T20:49:03.871+0000] {logging_mixin.py:188} INFO - [2024-12-09T20:49:03.871+0000] {dagbag.py:540} INFO - Filling up the DagBag from /home/airflow/.local/lib/python3.10/site-packages/airflow/example_dags/example_branch_python_dop_operator_3.py
[2024-12-09T20:49:03.879+0000] {processor.py:840} INFO - DAG(s) 'example_branch_dop_operator_v3' retrieved from /home/airflow/.local/lib/python3.10/site-packages/airflow/example_dags/example_branch_python_dop_operator_3.py
[2024-12-09T20:49:03.898+0000] {logging_mixin.py:188} INFO - [2024-12-09T20:49:03.898+0000] {dag.py:3047} INFO - Sync 1 DAGs
[2024-12-09T20:49:03.922+0000] {logging_mixin.py:188} INFO - [2024-12-09T20:49:03.921+0000] {dag.py:3834} INFO - Setting next_dagrun for example_branch_dop_operator_v3 to 2024-12-09 20:48:00+00:00, run_after=2024-12-09 20:49:00+00:00
[2024-12-09T20:49:04.070+0000] {processor.py:183} INFO - Processing /home/airflow/.local/lib/python3.10/site-packages/airflow/example_dags/example_branch_python_dop_operator_3.py took 0.206 seconds
[2024-12-09T20:49:34.769+0000] {processor.py:161} INFO - Started process (PID=1413) to work on /home/airflow/.local/lib/python3.10/site-packages/airflow/example_dags/example_branch_python_dop_operator_3.py
[2024-12-09T20:49:34.770+0000] {processor.py:830} INFO - Processing file /home/airflow/.local/lib/python3.10/site-packages/airflow/example_dags/example_branch_python_dop_operator_3.py for tasks to queue
[2024-12-09T20:49:34.772+0000] {logging_mixin.py:188} INFO - [2024-12-09T20:49:34.772+0000] {dagbag.py:540} INFO - Filling up the DagBag from /home/airflow/.local/lib/python3.10/site-packages/airflow/example_dags/example_branch_python_dop_operator_3.py
[2024-12-09T20:49:34.780+0000] {processor.py:840} INFO - DAG(s) 'example_branch_dop_operator_v3' retrieved from /home/airflow/.local/lib/python3.10/site-packages/airflow/example_dags/example_branch_python_dop_operator_3.py
[2024-12-09T20:49:34.799+0000] {logging_mixin.py:188} INFO - [2024-12-09T20:49:34.799+0000] {dag.py:3047} INFO - Sync 1 DAGs
[2024-12-09T20:49:34.823+0000] {logging_mixin.py:188} INFO - [2024-12-09T20:49:34.823+0000] {dag.py:3834} INFO - Setting next_dagrun for example_branch_dop_operator_v3 to 2024-12-09 20:48:00+00:00, run_after=2024-12-09 20:49:00+00:00
[2024-12-09T20:49:34.843+0000] {processor.py:183} INFO - Processing /home/airflow/.local/lib/python3.10/site-packages/airflow/example_dags/example_branch_python_dop_operator_3.py took 0.077 seconds
[2024-12-09T20:50:05.180+0000] {processor.py:161} INFO - Started process (PID=1469) to work on /home/airflow/.local/lib/python3.10/site-packages/airflow/example_dags/example_branch_python_dop_operator_3.py
[2024-12-09T20:50:05.181+0000] {processor.py:830} INFO - Processing file /home/airflow/.local/lib/python3.10/site-packages/airflow/example_dags/example_branch_python_dop_operator_3.py for tasks to queue
[2024-12-09T20:50:05.183+0000] {logging_mixin.py:188} INFO - [2024-12-09T20:50:05.182+0000] {dagbag.py:540} INFO - Filling up the DagBag from /home/airflow/.local/lib/python3.10/site-packages/airflow/example_dags/example_branch_python_dop_operator_3.py
[2024-12-09T20:50:05.191+0000] {processor.py:840} INFO - DAG(s) 'example_branch_dop_operator_v3' retrieved from /home/airflow/.local/lib/python3.10/site-packages/airflow/example_dags/example_branch_python_dop_operator_3.py
[2024-12-09T20:50:05.210+0000] {logging_mixin.py:188} INFO - [2024-12-09T20:50:05.210+0000] {dag.py:3047} INFO - Sync 1 DAGs
[2024-12-09T20:50:05.234+0000] {logging_mixin.py:188} INFO - [2024-12-09T20:50:05.234+0000] {dag.py:3834} INFO - Setting next_dagrun for example_branch_dop_operator_v3 to 2024-12-09 20:49:00+00:00, run_after=2024-12-09 20:50:00+00:00
[2024-12-09T20:50:05.255+0000] {processor.py:183} INFO - Processing /home/airflow/.local/lib/python3.10/site-packages/airflow/example_dags/example_branch_python_dop_operator_3.py took 0.078 seconds
[2024-12-09T20:50:35.534+0000] {processor.py:161} INFO - Started process (PID=1524) to work on /home/airflow/.local/lib/python3.10/site-packages/airflow/example_dags/example_branch_python_dop_operator_3.py
[2024-12-09T20:50:35.536+0000] {processor.py:830} INFO - Processing file /home/airflow/.local/lib/python3.10/site-packages/airflow/example_dags/example_branch_python_dop_operator_3.py for tasks to queue
[2024-12-09T20:50:35.538+0000] {logging_mixin.py:188} INFO - [2024-12-09T20:50:35.537+0000] {dagbag.py:540} INFO - Filling up the DagBag from /home/airflow/.local/lib/python3.10/site-packages/airflow/example_dags/example_branch_python_dop_operator_3.py
[2024-12-09T20:50:35.546+0000] {processor.py:840} INFO - DAG(s) 'example_branch_dop_operator_v3' retrieved from /home/airflow/.local/lib/python3.10/site-packages/airflow/example_dags/example_branch_python_dop_operator_3.py
[2024-12-09T20:50:35.567+0000] {logging_mixin.py:188} INFO - [2024-12-09T20:50:35.566+0000] {dag.py:3047} INFO - Sync 1 DAGs
[2024-12-09T20:50:35.588+0000] {logging_mixin.py:188} INFO - [2024-12-09T20:50:35.588+0000] {dag.py:3834} INFO - Setting next_dagrun for example_branch_dop_operator_v3 to 2024-12-09 20:49:00+00:00, run_after=2024-12-09 20:50:00+00:00
[2024-12-09T20:50:35.617+0000] {processor.py:183} INFO - Processing /home/airflow/.local/lib/python3.10/site-packages/airflow/example_dags/example_branch_python_dop_operator_3.py took 0.086 seconds
[2024-12-09T20:51:06.024+0000] {processor.py:161} INFO - Started process (PID=1580) to work on /home/airflow/.local/lib/python3.10/site-packages/airflow/example_dags/example_branch_python_dop_operator_3.py
[2024-12-09T20:51:06.025+0000] {processor.py:830} INFO - Processing file /home/airflow/.local/lib/python3.10/site-packages/airflow/example_dags/example_branch_python_dop_operator_3.py for tasks to queue
[2024-12-09T20:51:06.027+0000] {logging_mixin.py:188} INFO - [2024-12-09T20:51:06.027+0000] {dagbag.py:540} INFO - Filling up the DagBag from /home/airflow/.local/lib/python3.10/site-packages/airflow/example_dags/example_branch_python_dop_operator_3.py
[2024-12-09T20:51:06.035+0000] {processor.py:840} INFO - DAG(s) 'example_branch_dop_operator_v3' retrieved from /home/airflow/.local/lib/python3.10/site-packages/airflow/example_dags/example_branch_python_dop_operator_3.py
[2024-12-09T20:51:06.055+0000] {logging_mixin.py:188} INFO - [2024-12-09T20:51:06.055+0000] {dag.py:3047} INFO - Sync 1 DAGs
[2024-12-09T20:51:06.088+0000] {logging_mixin.py:188} INFO - [2024-12-09T20:51:06.088+0000] {dag.py:3834} INFO - Setting next_dagrun for example_branch_dop_operator_v3 to 2024-12-09 20:50:00+00:00, run_after=2024-12-09 20:51:00+00:00
[2024-12-09T20:51:06.108+0000] {processor.py:183} INFO - Processing /home/airflow/.local/lib/python3.10/site-packages/airflow/example_dags/example_branch_python_dop_operator_3.py took 0.087 seconds
[2024-12-09T20:51:36.766+0000] {processor.py:161} INFO - Started process (PID=1636) to work on /home/airflow/.local/lib/python3.10/site-packages/airflow/example_dags/example_branch_python_dop_operator_3.py
[2024-12-09T20:51:36.768+0000] {processor.py:830} INFO - Processing file /home/airflow/.local/lib/python3.10/site-packages/airflow/example_dags/example_branch_python_dop_operator_3.py for tasks to queue
[2024-12-09T20:51:36.770+0000] {logging_mixin.py:188} INFO - [2024-12-09T20:51:36.769+0000] {dagbag.py:540} INFO - Filling up the DagBag from /home/airflow/.local/lib/python3.10/site-packages/airflow/example_dags/example_branch_python_dop_operator_3.py
[2024-12-09T20:51:36.778+0000] {processor.py:840} INFO - DAG(s) 'example_branch_dop_operator_v3' retrieved from /home/airflow/.local/lib/python3.10/site-packages/airflow/example_dags/example_branch_python_dop_operator_3.py
[2024-12-09T20:51:36.798+0000] {logging_mixin.py:188} INFO - [2024-12-09T20:51:36.798+0000] {dag.py:3047} INFO - Sync 1 DAGs
[2024-12-09T20:51:36.950+0000] {logging_mixin.py:188} INFO - [2024-12-09T20:51:36.950+0000] {dag.py:3834} INFO - Setting next_dagrun for example_branch_dop_operator_v3 to 2024-12-09 20:50:00+00:00, run_after=2024-12-09 20:51:00+00:00
[2024-12-09T20:51:36.968+0000] {processor.py:183} INFO - Processing /home/airflow/.local/lib/python3.10/site-packages/airflow/example_dags/example_branch_python_dop_operator_3.py took 0.205 seconds
[2024-12-09T20:52:07.146+0000] {processor.py:161} INFO - Started process (PID=1692) to work on /home/airflow/.local/lib/python3.10/site-packages/airflow/example_dags/example_branch_python_dop_operator_3.py
[2024-12-09T20:52:07.148+0000] {processor.py:830} INFO - Processing file /home/airflow/.local/lib/python3.10/site-packages/airflow/example_dags/example_branch_python_dop_operator_3.py for tasks to queue
[2024-12-09T20:52:07.151+0000] {logging_mixin.py:188} INFO - [2024-12-09T20:52:07.150+0000] {dagbag.py:540} INFO - Filling up the DagBag from /home/airflow/.local/lib/python3.10/site-packages/airflow/example_dags/example_branch_python_dop_operator_3.py
[2024-12-09T20:52:07.162+0000] {processor.py:840} INFO - DAG(s) 'example_branch_dop_operator_v3' retrieved from /home/airflow/.local/lib/python3.10/site-packages/airflow/example_dags/example_branch_python_dop_operator_3.py
[2024-12-09T20:52:07.184+0000] {logging_mixin.py:188} INFO - [2024-12-09T20:52:07.184+0000] {dag.py:3047} INFO - Sync 1 DAGs
[2024-12-09T20:52:07.220+0000] {logging_mixin.py:188} INFO - [2024-12-09T20:52:07.219+0000] {dag.py:3834} INFO - Setting next_dagrun for example_branch_dop_operator_v3 to 2024-12-09 20:51:00+00:00, run_after=2024-12-09 20:52:00+00:00
[2024-12-09T20:52:07.374+0000] {processor.py:183} INFO - Processing /home/airflow/.local/lib/python3.10/site-packages/airflow/example_dags/example_branch_python_dop_operator_3.py took 0.231 seconds
[2024-12-09T20:52:37.968+0000] {processor.py:161} INFO - Started process (PID=1747) to work on /home/airflow/.local/lib/python3.10/site-packages/airflow/example_dags/example_branch_python_dop_operator_3.py
[2024-12-09T20:52:37.969+0000] {processor.py:830} INFO - Processing file /home/airflow/.local/lib/python3.10/site-packages/airflow/example_dags/example_branch_python_dop_operator_3.py for tasks to queue
[2024-12-09T20:52:37.971+0000] {logging_mixin.py:188} INFO - [2024-12-09T20:52:37.971+0000] {dagbag.py:540} INFO - Filling up the DagBag from /home/airflow/.local/lib/python3.10/site-packages/airflow/example_dags/example_branch_python_dop_operator_3.py
[2024-12-09T20:52:37.981+0000] {processor.py:840} INFO - DAG(s) 'example_branch_dop_operator_v3' retrieved from /home/airflow/.local/lib/python3.10/site-packages/airflow/example_dags/example_branch_python_dop_operator_3.py
[2024-12-09T20:52:38.002+0000] {logging_mixin.py:188} INFO - [2024-12-09T20:52:38.002+0000] {dag.py:3047} INFO - Sync 1 DAGs
[2024-12-09T20:52:38.024+0000] {logging_mixin.py:188} INFO - [2024-12-09T20:52:38.024+0000] {dag.py:3834} INFO - Setting next_dagrun for example_branch_dop_operator_v3 to 2024-12-09 20:51:00+00:00, run_after=2024-12-09 20:52:00+00:00
[2024-12-09T20:52:38.046+0000] {processor.py:183} INFO - Processing /home/airflow/.local/lib/python3.10/site-packages/airflow/example_dags/example_branch_python_dop_operator_3.py took 0.081 seconds
[2024-12-09T20:53:08.340+0000] {processor.py:161} INFO - Started process (PID=1802) to work on /home/airflow/.local/lib/python3.10/site-packages/airflow/example_dags/example_branch_python_dop_operator_3.py
[2024-12-09T20:53:08.341+0000] {processor.py:830} INFO - Processing file /home/airflow/.local/lib/python3.10/site-packages/airflow/example_dags/example_branch_python_dop_operator_3.py for tasks to queue
[2024-12-09T20:53:08.343+0000] {logging_mixin.py:188} INFO - [2024-12-09T20:53:08.343+0000] {dagbag.py:540} INFO - Filling up the DagBag from /home/airflow/.local/lib/python3.10/site-packages/airflow/example_dags/example_branch_python_dop_operator_3.py
[2024-12-09T20:53:08.352+0000] {processor.py:840} INFO - DAG(s) 'example_branch_dop_operator_v3' retrieved from /home/airflow/.local/lib/python3.10/site-packages/airflow/example_dags/example_branch_python_dop_operator_3.py
[2024-12-09T20:53:08.372+0000] {logging_mixin.py:188} INFO - [2024-12-09T20:53:08.371+0000] {dag.py:3047} INFO - Sync 1 DAGs
[2024-12-09T20:53:08.395+0000] {logging_mixin.py:188} INFO - [2024-12-09T20:53:08.395+0000] {dag.py:3834} INFO - Setting next_dagrun for example_branch_dop_operator_v3 to 2024-12-09 20:52:00+00:00, run_after=2024-12-09 20:53:00+00:00
[2024-12-09T20:53:08.415+0000] {processor.py:183} INFO - Processing /home/airflow/.local/lib/python3.10/site-packages/airflow/example_dags/example_branch_python_dop_operator_3.py took 0.078 seconds
[2024-12-09T20:53:38.767+0000] {processor.py:161} INFO - Started process (PID=1858) to work on /home/airflow/.local/lib/python3.10/site-packages/airflow/example_dags/example_branch_python_dop_operator_3.py
[2024-12-09T20:53:38.769+0000] {processor.py:830} INFO - Processing file /home/airflow/.local/lib/python3.10/site-packages/airflow/example_dags/example_branch_python_dop_operator_3.py for tasks to queue
[2024-12-09T20:53:38.771+0000] {logging_mixin.py:188} INFO - [2024-12-09T20:53:38.771+0000] {dagbag.py:540} INFO - Filling up the DagBag from /home/airflow/.local/lib/python3.10/site-packages/airflow/example_dags/example_branch_python_dop_operator_3.py
[2024-12-09T20:53:38.780+0000] {processor.py:840} INFO - DAG(s) 'example_branch_dop_operator_v3' retrieved from /home/airflow/.local/lib/python3.10/site-packages/airflow/example_dags/example_branch_python_dop_operator_3.py
[2024-12-09T20:53:38.928+0000] {logging_mixin.py:188} INFO - [2024-12-09T20:53:38.928+0000] {dag.py:3047} INFO - Sync 1 DAGs
[2024-12-09T20:53:38.950+0000] {logging_mixin.py:188} INFO - [2024-12-09T20:53:38.949+0000] {dag.py:3834} INFO - Setting next_dagrun for example_branch_dop_operator_v3 to 2024-12-09 20:52:00+00:00, run_after=2024-12-09 20:53:00+00:00
[2024-12-09T20:53:38.969+0000] {processor.py:183} INFO - Processing /home/airflow/.local/lib/python3.10/site-packages/airflow/example_dags/example_branch_python_dop_operator_3.py took 0.204 seconds
[2024-12-09T20:54:09.189+0000] {processor.py:161} INFO - Started process (PID=1913) to work on /home/airflow/.local/lib/python3.10/site-packages/airflow/example_dags/example_branch_python_dop_operator_3.py
[2024-12-09T20:54:09.191+0000] {processor.py:830} INFO - Processing file /home/airflow/.local/lib/python3.10/site-packages/airflow/example_dags/example_branch_python_dop_operator_3.py for tasks to queue
[2024-12-09T20:54:09.193+0000] {logging_mixin.py:188} INFO - [2024-12-09T20:54:09.193+0000] {dagbag.py:540} INFO - Filling up the DagBag from /home/airflow/.local/lib/python3.10/site-packages/airflow/example_dags/example_branch_python_dop_operator_3.py
[2024-12-09T20:54:09.202+0000] {processor.py:840} INFO - DAG(s) 'example_branch_dop_operator_v3' retrieved from /home/airflow/.local/lib/python3.10/site-packages/airflow/example_dags/example_branch_python_dop_operator_3.py
[2024-12-09T20:54:09.221+0000] {logging_mixin.py:188} INFO - [2024-12-09T20:54:09.221+0000] {dag.py:3047} INFO - Sync 1 DAGs
[2024-12-09T20:54:09.249+0000] {logging_mixin.py:188} INFO - [2024-12-09T20:54:09.249+0000] {dag.py:3834} INFO - Setting next_dagrun for example_branch_dop_operator_v3 to 2024-12-09 20:53:00+00:00, run_after=2024-12-09 20:54:00+00:00
[2024-12-09T20:54:09.269+0000] {processor.py:183} INFO - Processing /home/airflow/.local/lib/python3.10/site-packages/airflow/example_dags/example_branch_python_dop_operator_3.py took 0.083 seconds
[2024-12-09T20:54:39.321+0000] {processor.py:161} INFO - Started process (PID=1969) to work on /home/airflow/.local/lib/python3.10/site-packages/airflow/example_dags/example_branch_python_dop_operator_3.py
[2024-12-09T20:54:39.322+0000] {processor.py:830} INFO - Processing file /home/airflow/.local/lib/python3.10/site-packages/airflow/example_dags/example_branch_python_dop_operator_3.py for tasks to queue
[2024-12-09T20:54:39.324+0000] {logging_mixin.py:188} INFO - [2024-12-09T20:54:39.324+0000] {dagbag.py:540} INFO - Filling up the DagBag from /home/airflow/.local/lib/python3.10/site-packages/airflow/example_dags/example_branch_python_dop_operator_3.py
[2024-12-09T20:54:39.332+0000] {processor.py:840} INFO - DAG(s) 'example_branch_dop_operator_v3' retrieved from /home/airflow/.local/lib/python3.10/site-packages/airflow/example_dags/example_branch_python_dop_operator_3.py
[2024-12-09T20:54:39.352+0000] {logging_mixin.py:188} INFO - [2024-12-09T20:54:39.351+0000] {dag.py:3047} INFO - Sync 1 DAGs
[2024-12-09T20:54:39.374+0000] {logging_mixin.py:188} INFO - [2024-12-09T20:54:39.374+0000] {dag.py:3834} INFO - Setting next_dagrun for example_branch_dop_operator_v3 to 2024-12-09 20:53:00+00:00, run_after=2024-12-09 20:54:00+00:00
[2024-12-09T20:54:39.392+0000] {processor.py:183} INFO - Processing /home/airflow/.local/lib/python3.10/site-packages/airflow/example_dags/example_branch_python_dop_operator_3.py took 0.075 seconds
[2024-12-09T20:55:09.698+0000] {processor.py:161} INFO - Started process (PID=2024) to work on /home/airflow/.local/lib/python3.10/site-packages/airflow/example_dags/example_branch_python_dop_operator_3.py
[2024-12-09T20:55:09.700+0000] {processor.py:830} INFO - Processing file /home/airflow/.local/lib/python3.10/site-packages/airflow/example_dags/example_branch_python_dop_operator_3.py for tasks to queue
[2024-12-09T20:55:09.705+0000] {logging_mixin.py:188} INFO - [2024-12-09T20:55:09.703+0000] {dagbag.py:540} INFO - Filling up the DagBag from /home/airflow/.local/lib/python3.10/site-packages/airflow/example_dags/example_branch_python_dop_operator_3.py
[2024-12-09T20:55:09.718+0000] {processor.py:840} INFO - DAG(s) 'example_branch_dop_operator_v3' retrieved from /home/airflow/.local/lib/python3.10/site-packages/airflow/example_dags/example_branch_python_dop_operator_3.py
[2024-12-09T20:55:09.797+0000] {logging_mixin.py:188} INFO - [2024-12-09T20:55:09.796+0000] {dag.py:3047} INFO - Sync 1 DAGs
[2024-12-09T20:55:09.839+0000] {logging_mixin.py:188} INFO - [2024-12-09T20:55:09.838+0000] {dag.py:3834} INFO - Setting next_dagrun for example_branch_dop_operator_v3 to 2024-12-09 20:54:00+00:00, run_after=2024-12-09 20:55:00+00:00
[2024-12-09T20:55:09.870+0000] {processor.py:183} INFO - Processing /home/airflow/.local/lib/python3.10/site-packages/airflow/example_dags/example_branch_python_dop_operator_3.py took 0.177 seconds
[2024-12-09T20:55:40.785+0000] {processor.py:161} INFO - Started process (PID=2079) to work on /home/airflow/.local/lib/python3.10/site-packages/airflow/example_dags/example_branch_python_dop_operator_3.py
[2024-12-09T20:55:40.786+0000] {processor.py:830} INFO - Processing file /home/airflow/.local/lib/python3.10/site-packages/airflow/example_dags/example_branch_python_dop_operator_3.py for tasks to queue
[2024-12-09T20:55:40.788+0000] {logging_mixin.py:188} INFO - [2024-12-09T20:55:40.788+0000] {dagbag.py:540} INFO - Filling up the DagBag from /home/airflow/.local/lib/python3.10/site-packages/airflow/example_dags/example_branch_python_dop_operator_3.py
[2024-12-09T20:55:40.798+0000] {processor.py:840} INFO - DAG(s) 'example_branch_dop_operator_v3' retrieved from /home/airflow/.local/lib/python3.10/site-packages/airflow/example_dags/example_branch_python_dop_operator_3.py
[2024-12-09T20:55:40.819+0000] {logging_mixin.py:188} INFO - [2024-12-09T20:55:40.819+0000] {dag.py:3047} INFO - Sync 1 DAGs
[2024-12-09T20:55:40.843+0000] {logging_mixin.py:188} INFO - [2024-12-09T20:55:40.842+0000] {dag.py:3834} INFO - Setting next_dagrun for example_branch_dop_operator_v3 to 2024-12-09 20:54:00+00:00, run_after=2024-12-09 20:55:00+00:00
[2024-12-09T20:55:40.865+0000] {processor.py:183} INFO - Processing /home/airflow/.local/lib/python3.10/site-packages/airflow/example_dags/example_branch_python_dop_operator_3.py took 0.084 seconds
[2024-12-09T20:56:11.268+0000] {processor.py:161} INFO - Started process (PID=2134) to work on /home/airflow/.local/lib/python3.10/site-packages/airflow/example_dags/example_branch_python_dop_operator_3.py
[2024-12-09T20:56:11.270+0000] {processor.py:830} INFO - Processing file /home/airflow/.local/lib/python3.10/site-packages/airflow/example_dags/example_branch_python_dop_operator_3.py for tasks to queue
[2024-12-09T20:56:11.272+0000] {logging_mixin.py:188} INFO - [2024-12-09T20:56:11.271+0000] {dagbag.py:540} INFO - Filling up the DagBag from /home/airflow/.local/lib/python3.10/site-packages/airflow/example_dags/example_branch_python_dop_operator_3.py
[2024-12-09T20:56:11.282+0000] {processor.py:840} INFO - DAG(s) 'example_branch_dop_operator_v3' retrieved from /home/airflow/.local/lib/python3.10/site-packages/airflow/example_dags/example_branch_python_dop_operator_3.py
[2024-12-09T20:56:11.303+0000] {logging_mixin.py:188} INFO - [2024-12-09T20:56:11.302+0000] {dag.py:3047} INFO - Sync 1 DAGs
[2024-12-09T20:56:11.329+0000] {logging_mixin.py:188} INFO - [2024-12-09T20:56:11.329+0000] {dag.py:3834} INFO - Setting next_dagrun for example_branch_dop_operator_v3 to 2024-12-09 20:55:00+00:00, run_after=2024-12-09 20:56:00+00:00
[2024-12-09T20:56:11.353+0000] {processor.py:183} INFO - Processing /home/airflow/.local/lib/python3.10/site-packages/airflow/example_dags/example_branch_python_dop_operator_3.py took 0.089 seconds
[2024-12-09T20:56:41.758+0000] {processor.py:161} INFO - Started process (PID=2190) to work on /home/airflow/.local/lib/python3.10/site-packages/airflow/example_dags/example_branch_python_dop_operator_3.py
[2024-12-09T20:56:41.759+0000] {processor.py:830} INFO - Processing file /home/airflow/.local/lib/python3.10/site-packages/airflow/example_dags/example_branch_python_dop_operator_3.py for tasks to queue
[2024-12-09T20:56:41.761+0000] {logging_mixin.py:188} INFO - [2024-12-09T20:56:41.761+0000] {dagbag.py:540} INFO - Filling up the DagBag from /home/airflow/.local/lib/python3.10/site-packages/airflow/example_dags/example_branch_python_dop_operator_3.py
[2024-12-09T20:56:41.769+0000] {processor.py:840} INFO - DAG(s) 'example_branch_dop_operator_v3' retrieved from /home/airflow/.local/lib/python3.10/site-packages/airflow/example_dags/example_branch_python_dop_operator_3.py
[2024-12-09T20:56:41.790+0000] {logging_mixin.py:188} INFO - [2024-12-09T20:56:41.789+0000] {dag.py:3047} INFO - Sync 1 DAGs
[2024-12-09T20:56:41.813+0000] {logging_mixin.py:188} INFO - [2024-12-09T20:56:41.812+0000] {dag.py:3834} INFO - Setting next_dagrun for example_branch_dop_operator_v3 to 2024-12-09 20:55:00+00:00, run_after=2024-12-09 20:56:00+00:00
[2024-12-09T20:56:41.832+0000] {processor.py:183} INFO - Processing /home/airflow/.local/lib/python3.10/site-packages/airflow/example_dags/example_branch_python_dop_operator_3.py took 0.077 seconds
[2024-12-09T20:57:21.477+0000] {processor.py:161} INFO - Started process (PID=2252) to work on /home/airflow/.local/lib/python3.10/site-packages/airflow/example_dags/example_branch_python_dop_operator_3.py
[2024-12-09T20:57:21.478+0000] {processor.py:830} INFO - Processing file /home/airflow/.local/lib/python3.10/site-packages/airflow/example_dags/example_branch_python_dop_operator_3.py for tasks to queue
[2024-12-09T20:57:21.482+0000] {logging_mixin.py:188} INFO - [2024-12-09T20:57:21.481+0000] {dagbag.py:540} INFO - Filling up the DagBag from /home/airflow/.local/lib/python3.10/site-packages/airflow/example_dags/example_branch_python_dop_operator_3.py
[2024-12-09T20:57:21.499+0000] {processor.py:840} INFO - DAG(s) 'example_branch_dop_operator_v3' retrieved from /home/airflow/.local/lib/python3.10/site-packages/airflow/example_dags/example_branch_python_dop_operator_3.py
[2024-12-09T20:57:21.543+0000] {logging_mixin.py:188} INFO - [2024-12-09T20:57:21.542+0000] {dag.py:3047} INFO - Sync 1 DAGs
[2024-12-09T20:57:21.589+0000] {logging_mixin.py:188} INFO - [2024-12-09T20:57:21.588+0000] {dag.py:3834} INFO - Setting next_dagrun for example_branch_dop_operator_v3 to 2024-12-09 20:56:00+00:00, run_after=2024-12-09 20:57:00+00:00
[2024-12-09T20:57:21.619+0000] {processor.py:183} INFO - Processing /home/airflow/.local/lib/python3.10/site-packages/airflow/example_dags/example_branch_python_dop_operator_3.py took 0.148 seconds
[2024-12-09T20:57:51.853+0000] {processor.py:161} INFO - Started process (PID=2308) to work on /home/airflow/.local/lib/python3.10/site-packages/airflow/example_dags/example_branch_python_dop_operator_3.py
[2024-12-09T20:57:51.855+0000] {processor.py:830} INFO - Processing file /home/airflow/.local/lib/python3.10/site-packages/airflow/example_dags/example_branch_python_dop_operator_3.py for tasks to queue
[2024-12-09T20:57:51.857+0000] {logging_mixin.py:188} INFO - [2024-12-09T20:57:51.857+0000] {dagbag.py:540} INFO - Filling up the DagBag from /home/airflow/.local/lib/python3.10/site-packages/airflow/example_dags/example_branch_python_dop_operator_3.py
[2024-12-09T20:57:51.869+0000] {processor.py:840} INFO - DAG(s) 'example_branch_dop_operator_v3' retrieved from /home/airflow/.local/lib/python3.10/site-packages/airflow/example_dags/example_branch_python_dop_operator_3.py
[2024-12-09T20:57:51.896+0000] {logging_mixin.py:188} INFO - [2024-12-09T20:57:51.896+0000] {dag.py:3047} INFO - Sync 1 DAGs
[2024-12-09T20:57:51.927+0000] {logging_mixin.py:188} INFO - [2024-12-09T20:57:51.927+0000] {dag.py:3834} INFO - Setting next_dagrun for example_branch_dop_operator_v3 to 2024-12-09 20:56:00+00:00, run_after=2024-12-09 20:57:00+00:00
[2024-12-09T20:57:51.951+0000] {processor.py:183} INFO - Processing /home/airflow/.local/lib/python3.10/site-packages/airflow/example_dags/example_branch_python_dop_operator_3.py took 0.103 seconds
[2024-12-09T21:56:44.638+0000] {processor.py:161} INFO - Started process (PID=2365) to work on /home/airflow/.local/lib/python3.10/site-packages/airflow/example_dags/example_branch_python_dop_operator_3.py
[2024-12-09T21:56:44.639+0000] {processor.py:830} INFO - Processing file /home/airflow/.local/lib/python3.10/site-packages/airflow/example_dags/example_branch_python_dop_operator_3.py for tasks to queue
[2024-12-09T21:56:44.642+0000] {logging_mixin.py:188} INFO - [2024-12-09T21:56:44.642+0000] {dagbag.py:540} INFO - Filling up the DagBag from /home/airflow/.local/lib/python3.10/site-packages/airflow/example_dags/example_branch_python_dop_operator_3.py
[2024-12-09T21:56:44.658+0000] {processor.py:840} INFO - DAG(s) 'example_branch_dop_operator_v3' retrieved from /home/airflow/.local/lib/python3.10/site-packages/airflow/example_dags/example_branch_python_dop_operator_3.py
[2024-12-09T21:56:44.693+0000] {logging_mixin.py:188} INFO - [2024-12-09T21:56:44.692+0000] {dag.py:3047} INFO - Sync 1 DAGs
[2024-12-09T21:56:44.735+0000] {logging_mixin.py:188} INFO - [2024-12-09T21:56:44.735+0000] {dag.py:3834} INFO - Setting next_dagrun for example_branch_dop_operator_v3 to 2024-12-09 21:55:00+00:00, run_after=2024-12-09 21:56:00+00:00
[2024-12-09T21:56:44.778+0000] {processor.py:183} INFO - Processing /home/airflow/.local/lib/python3.10/site-packages/airflow/example_dags/example_branch_python_dop_operator_3.py took 0.146 seconds
[2024-12-09T21:57:15.258+0000] {processor.py:161} INFO - Started process (PID=2421) to work on /home/airflow/.local/lib/python3.10/site-packages/airflow/example_dags/example_branch_python_dop_operator_3.py
[2024-12-09T21:57:15.259+0000] {processor.py:830} INFO - Processing file /home/airflow/.local/lib/python3.10/site-packages/airflow/example_dags/example_branch_python_dop_operator_3.py for tasks to queue
[2024-12-09T21:57:15.261+0000] {logging_mixin.py:188} INFO - [2024-12-09T21:57:15.261+0000] {dagbag.py:540} INFO - Filling up the DagBag from /home/airflow/.local/lib/python3.10/site-packages/airflow/example_dags/example_branch_python_dop_operator_3.py
[2024-12-09T21:57:15.272+0000] {processor.py:840} INFO - DAG(s) 'example_branch_dop_operator_v3' retrieved from /home/airflow/.local/lib/python3.10/site-packages/airflow/example_dags/example_branch_python_dop_operator_3.py
[2024-12-09T21:57:15.294+0000] {logging_mixin.py:188} INFO - [2024-12-09T21:57:15.294+0000] {dag.py:3047} INFO - Sync 1 DAGs
[2024-12-09T21:57:15.315+0000] {logging_mixin.py:188} INFO - [2024-12-09T21:57:15.315+0000] {dag.py:3834} INFO - Setting next_dagrun for example_branch_dop_operator_v3 to 2024-12-09 21:56:00+00:00, run_after=2024-12-09 21:57:00+00:00
[2024-12-09T21:57:15.335+0000] {processor.py:183} INFO - Processing /home/airflow/.local/lib/python3.10/site-packages/airflow/example_dags/example_branch_python_dop_operator_3.py took 0.081 seconds
[2024-12-09T21:57:57.103+0000] {processor.py:161} INFO - Started process (PID=2477) to work on /home/airflow/.local/lib/python3.10/site-packages/airflow/example_dags/example_branch_python_dop_operator_3.py
[2024-12-09T21:57:57.105+0000] {processor.py:830} INFO - Processing file /home/airflow/.local/lib/python3.10/site-packages/airflow/example_dags/example_branch_python_dop_operator_3.py for tasks to queue
[2024-12-09T21:57:57.108+0000] {logging_mixin.py:188} INFO - [2024-12-09T21:57:57.107+0000] {dagbag.py:540} INFO - Filling up the DagBag from /home/airflow/.local/lib/python3.10/site-packages/airflow/example_dags/example_branch_python_dop_operator_3.py
[2024-12-09T21:57:57.117+0000] {processor.py:840} INFO - DAG(s) 'example_branch_dop_operator_v3' retrieved from /home/airflow/.local/lib/python3.10/site-packages/airflow/example_dags/example_branch_python_dop_operator_3.py
[2024-12-09T21:57:57.140+0000] {logging_mixin.py:188} INFO - [2024-12-09T21:57:57.139+0000] {dag.py:3047} INFO - Sync 1 DAGs
[2024-12-09T21:57:57.170+0000] {logging_mixin.py:188} INFO - [2024-12-09T21:57:57.170+0000] {dag.py:3834} INFO - Setting next_dagrun for example_branch_dop_operator_v3 to 2024-12-09 21:56:00+00:00, run_after=2024-12-09 21:57:00+00:00
[2024-12-09T21:57:57.192+0000] {processor.py:183} INFO - Processing /home/airflow/.local/lib/python3.10/site-packages/airflow/example_dags/example_branch_python_dop_operator_3.py took 0.093 seconds
[2024-12-09T21:58:27.711+0000] {processor.py:161} INFO - Started process (PID=2532) to work on /home/airflow/.local/lib/python3.10/site-packages/airflow/example_dags/example_branch_python_dop_operator_3.py
[2024-12-09T21:58:27.712+0000] {processor.py:830} INFO - Processing file /home/airflow/.local/lib/python3.10/site-packages/airflow/example_dags/example_branch_python_dop_operator_3.py for tasks to queue
[2024-12-09T21:58:27.714+0000] {logging_mixin.py:188} INFO - [2024-12-09T21:58:27.714+0000] {dagbag.py:540} INFO - Filling up the DagBag from /home/airflow/.local/lib/python3.10/site-packages/airflow/example_dags/example_branch_python_dop_operator_3.py
[2024-12-09T21:58:27.725+0000] {processor.py:840} INFO - DAG(s) 'example_branch_dop_operator_v3' retrieved from /home/airflow/.local/lib/python3.10/site-packages/airflow/example_dags/example_branch_python_dop_operator_3.py
[2024-12-09T21:58:27.748+0000] {logging_mixin.py:188} INFO - [2024-12-09T21:58:27.748+0000] {dag.py:3047} INFO - Sync 1 DAGs
[2024-12-09T21:58:27.775+0000] {logging_mixin.py:188} INFO - [2024-12-09T21:58:27.775+0000] {dag.py:3834} INFO - Setting next_dagrun for example_branch_dop_operator_v3 to 2024-12-09 21:57:00+00:00, run_after=2024-12-09 21:58:00+00:00
[2024-12-09T21:58:27.794+0000] {processor.py:183} INFO - Processing /home/airflow/.local/lib/python3.10/site-packages/airflow/example_dags/example_branch_python_dop_operator_3.py took 0.087 seconds
[2024-12-09T21:58:58.483+0000] {processor.py:161} INFO - Started process (PID=2587) to work on /home/airflow/.local/lib/python3.10/site-packages/airflow/example_dags/example_branch_python_dop_operator_3.py
[2024-12-09T21:58:58.484+0000] {processor.py:830} INFO - Processing file /home/airflow/.local/lib/python3.10/site-packages/airflow/example_dags/example_branch_python_dop_operator_3.py for tasks to queue
[2024-12-09T21:58:58.486+0000] {logging_mixin.py:188} INFO - [2024-12-09T21:58:58.486+0000] {dagbag.py:540} INFO - Filling up the DagBag from /home/airflow/.local/lib/python3.10/site-packages/airflow/example_dags/example_branch_python_dop_operator_3.py
[2024-12-09T21:58:58.495+0000] {processor.py:840} INFO - DAG(s) 'example_branch_dop_operator_v3' retrieved from /home/airflow/.local/lib/python3.10/site-packages/airflow/example_dags/example_branch_python_dop_operator_3.py
[2024-12-09T21:58:58.516+0000] {logging_mixin.py:188} INFO - [2024-12-09T21:58:58.516+0000] {dag.py:3047} INFO - Sync 1 DAGs
[2024-12-09T21:58:58.539+0000] {logging_mixin.py:188} INFO - [2024-12-09T21:58:58.538+0000] {dag.py:3834} INFO - Setting next_dagrun for example_branch_dop_operator_v3 to 2024-12-09 21:57:00+00:00, run_after=2024-12-09 21:58:00+00:00
[2024-12-09T21:58:58.561+0000] {processor.py:183} INFO - Processing /home/airflow/.local/lib/python3.10/site-packages/airflow/example_dags/example_branch_python_dop_operator_3.py took 0.082 seconds
[2024-12-09T21:59:29.436+0000] {processor.py:161} INFO - Started process (PID=2643) to work on /home/airflow/.local/lib/python3.10/site-packages/airflow/example_dags/example_branch_python_dop_operator_3.py
[2024-12-09T21:59:29.438+0000] {processor.py:830} INFO - Processing file /home/airflow/.local/lib/python3.10/site-packages/airflow/example_dags/example_branch_python_dop_operator_3.py for tasks to queue
[2024-12-09T21:59:29.440+0000] {logging_mixin.py:188} INFO - [2024-12-09T21:59:29.440+0000] {dagbag.py:540} INFO - Filling up the DagBag from /home/airflow/.local/lib/python3.10/site-packages/airflow/example_dags/example_branch_python_dop_operator_3.py
[2024-12-09T21:59:29.449+0000] {processor.py:840} INFO - DAG(s) 'example_branch_dop_operator_v3' retrieved from /home/airflow/.local/lib/python3.10/site-packages/airflow/example_dags/example_branch_python_dop_operator_3.py
[2024-12-09T21:59:29.469+0000] {logging_mixin.py:188} INFO - [2024-12-09T21:59:29.469+0000] {dag.py:3047} INFO - Sync 1 DAGs
[2024-12-09T21:59:29.490+0000] {logging_mixin.py:188} INFO - [2024-12-09T21:59:29.490+0000] {dag.py:3834} INFO - Setting next_dagrun for example_branch_dop_operator_v3 to 2024-12-09 21:58:00+00:00, run_after=2024-12-09 21:59:00+00:00
[2024-12-09T21:59:29.513+0000] {processor.py:183} INFO - Processing /home/airflow/.local/lib/python3.10/site-packages/airflow/example_dags/example_branch_python_dop_operator_3.py took 0.081 seconds
[2024-12-09T21:59:59.668+0000] {processor.py:161} INFO - Started process (PID=2698) to work on /home/airflow/.local/lib/python3.10/site-packages/airflow/example_dags/example_branch_python_dop_operator_3.py
[2024-12-09T21:59:59.669+0000] {processor.py:830} INFO - Processing file /home/airflow/.local/lib/python3.10/site-packages/airflow/example_dags/example_branch_python_dop_operator_3.py for tasks to queue
[2024-12-09T21:59:59.671+0000] {logging_mixin.py:188} INFO - [2024-12-09T21:59:59.671+0000] {dagbag.py:540} INFO - Filling up the DagBag from /home/airflow/.local/lib/python3.10/site-packages/airflow/example_dags/example_branch_python_dop_operator_3.py
[2024-12-09T21:59:59.682+0000] {processor.py:840} INFO - DAG(s) 'example_branch_dop_operator_v3' retrieved from /home/airflow/.local/lib/python3.10/site-packages/airflow/example_dags/example_branch_python_dop_operator_3.py
[2024-12-09T21:59:59.702+0000] {logging_mixin.py:188} INFO - [2024-12-09T21:59:59.702+0000] {dag.py:3047} INFO - Sync 1 DAGs
[2024-12-09T21:59:59.724+0000] {logging_mixin.py:188} INFO - [2024-12-09T21:59:59.724+0000] {dag.py:3834} INFO - Setting next_dagrun for example_branch_dop_operator_v3 to 2024-12-09 21:58:00+00:00, run_after=2024-12-09 21:59:00+00:00
[2024-12-09T21:59:59.744+0000] {processor.py:183} INFO - Processing /home/airflow/.local/lib/python3.10/site-packages/airflow/example_dags/example_branch_python_dop_operator_3.py took 0.080 seconds
