[2024-12-09T13:35:25.433+0000] {processor.py:161} INFO - Started process (PID=52) to work on /home/airflow/.local/lib/python3.10/site-packages/airflow/example_dags/tutorial_objectstorage.py
[2024-12-09T13:35:25.436+0000] {processor.py:830} INFO - Processing file /home/airflow/.local/lib/python3.10/site-packages/airflow/example_dags/tutorial_objectstorage.py for tasks to queue
[2024-12-09T13:35:25.446+0000] {logging_mixin.py:188} INFO - [2024-12-09T13:35:25.445+0000] {dagbag.py:540} INFO - Filling up the DagBag from /home/airflow/.local/lib/python3.10/site-packages/airflow/example_dags/tutorial_objectstorage.py
[2024-12-09T13:35:26.060+0000] {processor.py:840} INFO - DAG(s) 'tutorial_objectstorage' retrieved from /home/airflow/.local/lib/python3.10/site-packages/airflow/example_dags/tutorial_objectstorage.py
[2024-12-09T13:35:26.485+0000] {logging_mixin.py:188} INFO - [2024-12-09T13:35:26.484+0000] {dag.py:3047} INFO - Sync 1 DAGs
[2024-12-09T13:35:26.670+0000] {logging_mixin.py:188} INFO - [2024-12-09T13:35:26.670+0000] {dag.py:3834} INFO - Setting next_dagrun for tutorial_objectstorage to None, run_after=None
[2024-12-09T13:35:27.284+0000] {processor.py:183} INFO - Processing /home/airflow/.local/lib/python3.10/site-packages/airflow/example_dags/tutorial_objectstorage.py took 1.897 seconds
[2024-12-09T20:37:06.030+0000] {processor.py:161} INFO - Started process (PID=52) to work on /home/airflow/.local/lib/python3.10/site-packages/airflow/example_dags/tutorial_objectstorage.py
[2024-12-09T20:37:06.031+0000] {processor.py:830} INFO - Processing file /home/airflow/.local/lib/python3.10/site-packages/airflow/example_dags/tutorial_objectstorage.py for tasks to queue
[2024-12-09T20:37:06.034+0000] {logging_mixin.py:188} INFO - [2024-12-09T20:37:06.034+0000] {dagbag.py:540} INFO - Filling up the DagBag from /home/airflow/.local/lib/python3.10/site-packages/airflow/example_dags/tutorial_objectstorage.py
[2024-12-09T20:37:06.072+0000] {processor.py:840} INFO - DAG(s) 'tutorial_objectstorage' retrieved from /home/airflow/.local/lib/python3.10/site-packages/airflow/example_dags/tutorial_objectstorage.py
[2024-12-09T20:37:06.267+0000] {logging_mixin.py:188} INFO - [2024-12-09T20:37:06.266+0000] {dag.py:3047} INFO - Sync 1 DAGs
[2024-12-09T20:37:06.355+0000] {logging_mixin.py:188} INFO - [2024-12-09T20:37:06.355+0000] {dag.py:3834} INFO - Setting next_dagrun for tutorial_objectstorage to None, run_after=None
[2024-12-09T20:37:06.430+0000] {processor.py:183} INFO - Processing /home/airflow/.local/lib/python3.10/site-packages/airflow/example_dags/tutorial_objectstorage.py took 0.417 seconds
[2024-12-09T20:37:38.520+0000] {processor.py:161} INFO - Started process (PID=108) to work on /home/airflow/.local/lib/python3.10/site-packages/airflow/example_dags/tutorial_objectstorage.py
[2024-12-09T20:37:38.522+0000] {processor.py:830} INFO - Processing file /home/airflow/.local/lib/python3.10/site-packages/airflow/example_dags/tutorial_objectstorage.py for tasks to queue
[2024-12-09T20:37:38.525+0000] {logging_mixin.py:188} INFO - [2024-12-09T20:37:38.524+0000] {dagbag.py:540} INFO - Filling up the DagBag from /home/airflow/.local/lib/python3.10/site-packages/airflow/example_dags/tutorial_objectstorage.py
[2024-12-09T20:37:38.536+0000] {processor.py:840} INFO - DAG(s) 'tutorial_objectstorage' retrieved from /home/airflow/.local/lib/python3.10/site-packages/airflow/example_dags/tutorial_objectstorage.py
[2024-12-09T20:37:38.586+0000] {logging_mixin.py:188} INFO - [2024-12-09T20:37:38.585+0000] {dag.py:3047} INFO - Sync 1 DAGs
[2024-12-09T20:37:38.616+0000] {logging_mixin.py:188} INFO - [2024-12-09T20:37:38.616+0000] {dag.py:3834} INFO - Setting next_dagrun for tutorial_objectstorage to None, run_after=None
[2024-12-09T20:37:38.676+0000] {processor.py:183} INFO - Processing /home/airflow/.local/lib/python3.10/site-packages/airflow/example_dags/tutorial_objectstorage.py took 0.161 seconds
[2024-12-09T20:38:09.027+0000] {processor.py:161} INFO - Started process (PID=164) to work on /home/airflow/.local/lib/python3.10/site-packages/airflow/example_dags/tutorial_objectstorage.py
[2024-12-09T20:38:09.029+0000] {processor.py:830} INFO - Processing file /home/airflow/.local/lib/python3.10/site-packages/airflow/example_dags/tutorial_objectstorage.py for tasks to queue
[2024-12-09T20:38:09.031+0000] {logging_mixin.py:188} INFO - [2024-12-09T20:38:09.031+0000] {dagbag.py:540} INFO - Filling up the DagBag from /home/airflow/.local/lib/python3.10/site-packages/airflow/example_dags/tutorial_objectstorage.py
[2024-12-09T20:38:09.038+0000] {processor.py:840} INFO - DAG(s) 'tutorial_objectstorage' retrieved from /home/airflow/.local/lib/python3.10/site-packages/airflow/example_dags/tutorial_objectstorage.py
[2024-12-09T20:38:09.057+0000] {logging_mixin.py:188} INFO - [2024-12-09T20:38:09.056+0000] {dag.py:3047} INFO - Sync 1 DAGs
[2024-12-09T20:38:09.068+0000] {logging_mixin.py:188} INFO - [2024-12-09T20:38:09.067+0000] {dag.py:3834} INFO - Setting next_dagrun for tutorial_objectstorage to None, run_after=None
[2024-12-09T20:38:09.087+0000] {processor.py:183} INFO - Processing /home/airflow/.local/lib/python3.10/site-packages/airflow/example_dags/tutorial_objectstorage.py took 0.063 seconds
[2024-12-09T20:38:39.639+0000] {processor.py:161} INFO - Started process (PID=220) to work on /home/airflow/.local/lib/python3.10/site-packages/airflow/example_dags/tutorial_objectstorage.py
[2024-12-09T20:38:39.640+0000] {processor.py:830} INFO - Processing file /home/airflow/.local/lib/python3.10/site-packages/airflow/example_dags/tutorial_objectstorage.py for tasks to queue
[2024-12-09T20:38:39.642+0000] {logging_mixin.py:188} INFO - [2024-12-09T20:38:39.641+0000] {dagbag.py:540} INFO - Filling up the DagBag from /home/airflow/.local/lib/python3.10/site-packages/airflow/example_dags/tutorial_objectstorage.py
[2024-12-09T20:38:39.648+0000] {processor.py:840} INFO - DAG(s) 'tutorial_objectstorage' retrieved from /home/airflow/.local/lib/python3.10/site-packages/airflow/example_dags/tutorial_objectstorage.py
[2024-12-09T20:38:39.665+0000] {logging_mixin.py:188} INFO - [2024-12-09T20:38:39.664+0000] {dag.py:3047} INFO - Sync 1 DAGs
[2024-12-09T20:38:39.676+0000] {logging_mixin.py:188} INFO - [2024-12-09T20:38:39.676+0000] {dag.py:3834} INFO - Setting next_dagrun for tutorial_objectstorage to None, run_after=None
[2024-12-09T20:38:39.695+0000] {processor.py:183} INFO - Processing /home/airflow/.local/lib/python3.10/site-packages/airflow/example_dags/tutorial_objectstorage.py took 0.059 seconds
[2024-12-09T20:39:09.964+0000] {processor.py:161} INFO - Started process (PID=276) to work on /home/airflow/.local/lib/python3.10/site-packages/airflow/example_dags/tutorial_objectstorage.py
[2024-12-09T20:39:09.965+0000] {processor.py:830} INFO - Processing file /home/airflow/.local/lib/python3.10/site-packages/airflow/example_dags/tutorial_objectstorage.py for tasks to queue
[2024-12-09T20:39:09.966+0000] {logging_mixin.py:188} INFO - [2024-12-09T20:39:09.966+0000] {dagbag.py:540} INFO - Filling up the DagBag from /home/airflow/.local/lib/python3.10/site-packages/airflow/example_dags/tutorial_objectstorage.py
[2024-12-09T20:39:09.972+0000] {processor.py:840} INFO - DAG(s) 'tutorial_objectstorage' retrieved from /home/airflow/.local/lib/python3.10/site-packages/airflow/example_dags/tutorial_objectstorage.py
[2024-12-09T20:39:09.991+0000] {logging_mixin.py:188} INFO - [2024-12-09T20:39:09.990+0000] {dag.py:3047} INFO - Sync 1 DAGs
[2024-12-09T20:39:10.003+0000] {logging_mixin.py:188} INFO - [2024-12-09T20:39:10.003+0000] {dag.py:3834} INFO - Setting next_dagrun for tutorial_objectstorage to None, run_after=None
[2024-12-09T20:39:10.022+0000] {processor.py:183} INFO - Processing /home/airflow/.local/lib/python3.10/site-packages/airflow/example_dags/tutorial_objectstorage.py took 0.061 seconds
[2024-12-09T20:39:40.595+0000] {processor.py:161} INFO - Started process (PID=331) to work on /home/airflow/.local/lib/python3.10/site-packages/airflow/example_dags/tutorial_objectstorage.py
[2024-12-09T20:39:40.596+0000] {processor.py:830} INFO - Processing file /home/airflow/.local/lib/python3.10/site-packages/airflow/example_dags/tutorial_objectstorage.py for tasks to queue
[2024-12-09T20:39:40.598+0000] {logging_mixin.py:188} INFO - [2024-12-09T20:39:40.598+0000] {dagbag.py:540} INFO - Filling up the DagBag from /home/airflow/.local/lib/python3.10/site-packages/airflow/example_dags/tutorial_objectstorage.py
[2024-12-09T20:39:40.604+0000] {processor.py:840} INFO - DAG(s) 'tutorial_objectstorage' retrieved from /home/airflow/.local/lib/python3.10/site-packages/airflow/example_dags/tutorial_objectstorage.py
[2024-12-09T20:39:40.622+0000] {logging_mixin.py:188} INFO - [2024-12-09T20:39:40.622+0000] {dag.py:3047} INFO - Sync 1 DAGs
[2024-12-09T20:39:40.632+0000] {logging_mixin.py:188} INFO - [2024-12-09T20:39:40.632+0000] {dag.py:3834} INFO - Setting next_dagrun for tutorial_objectstorage to None, run_after=None
[2024-12-09T20:39:40.652+0000] {processor.py:183} INFO - Processing /home/airflow/.local/lib/python3.10/site-packages/airflow/example_dags/tutorial_objectstorage.py took 0.059 seconds
[2024-12-09T20:40:11.245+0000] {processor.py:161} INFO - Started process (PID=386) to work on /home/airflow/.local/lib/python3.10/site-packages/airflow/example_dags/tutorial_objectstorage.py
[2024-12-09T20:40:11.246+0000] {processor.py:830} INFO - Processing file /home/airflow/.local/lib/python3.10/site-packages/airflow/example_dags/tutorial_objectstorage.py for tasks to queue
[2024-12-09T20:40:11.249+0000] {logging_mixin.py:188} INFO - [2024-12-09T20:40:11.249+0000] {dagbag.py:540} INFO - Filling up the DagBag from /home/airflow/.local/lib/python3.10/site-packages/airflow/example_dags/tutorial_objectstorage.py
[2024-12-09T20:40:11.261+0000] {processor.py:840} INFO - DAG(s) 'tutorial_objectstorage' retrieved from /home/airflow/.local/lib/python3.10/site-packages/airflow/example_dags/tutorial_objectstorage.py
[2024-12-09T20:40:11.288+0000] {logging_mixin.py:188} INFO - [2024-12-09T20:40:11.287+0000] {dag.py:3047} INFO - Sync 1 DAGs
[2024-12-09T20:40:11.300+0000] {logging_mixin.py:188} INFO - [2024-12-09T20:40:11.300+0000] {dag.py:3834} INFO - Setting next_dagrun for tutorial_objectstorage to None, run_after=None
[2024-12-09T20:40:11.320+0000] {processor.py:183} INFO - Processing /home/airflow/.local/lib/python3.10/site-packages/airflow/example_dags/tutorial_objectstorage.py took 0.084 seconds
[2024-12-09T20:40:41.990+0000] {processor.py:161} INFO - Started process (PID=442) to work on /home/airflow/.local/lib/python3.10/site-packages/airflow/example_dags/tutorial_objectstorage.py
[2024-12-09T20:40:41.992+0000] {processor.py:830} INFO - Processing file /home/airflow/.local/lib/python3.10/site-packages/airflow/example_dags/tutorial_objectstorage.py for tasks to queue
[2024-12-09T20:40:41.997+0000] {logging_mixin.py:188} INFO - [2024-12-09T20:40:41.996+0000] {dagbag.py:540} INFO - Filling up the DagBag from /home/airflow/.local/lib/python3.10/site-packages/airflow/example_dags/tutorial_objectstorage.py
[2024-12-09T20:40:42.015+0000] {processor.py:840} INFO - DAG(s) 'tutorial_objectstorage' retrieved from /home/airflow/.local/lib/python3.10/site-packages/airflow/example_dags/tutorial_objectstorage.py
[2024-12-09T20:40:42.057+0000] {logging_mixin.py:188} INFO - [2024-12-09T20:40:42.057+0000] {dag.py:3047} INFO - Sync 1 DAGs
[2024-12-09T20:40:42.091+0000] {logging_mixin.py:188} INFO - [2024-12-09T20:40:42.091+0000] {dag.py:3834} INFO - Setting next_dagrun for tutorial_objectstorage to None, run_after=None
[2024-12-09T20:40:42.140+0000] {processor.py:183} INFO - Processing /home/airflow/.local/lib/python3.10/site-packages/airflow/example_dags/tutorial_objectstorage.py took 0.157 seconds
[2024-12-09T20:41:13.157+0000] {processor.py:161} INFO - Started process (PID=497) to work on /home/airflow/.local/lib/python3.10/site-packages/airflow/example_dags/tutorial_objectstorage.py
[2024-12-09T20:41:13.159+0000] {processor.py:830} INFO - Processing file /home/airflow/.local/lib/python3.10/site-packages/airflow/example_dags/tutorial_objectstorage.py for tasks to queue
[2024-12-09T20:41:13.161+0000] {logging_mixin.py:188} INFO - [2024-12-09T20:41:13.161+0000] {dagbag.py:540} INFO - Filling up the DagBag from /home/airflow/.local/lib/python3.10/site-packages/airflow/example_dags/tutorial_objectstorage.py
[2024-12-09T20:41:13.167+0000] {processor.py:840} INFO - DAG(s) 'tutorial_objectstorage' retrieved from /home/airflow/.local/lib/python3.10/site-packages/airflow/example_dags/tutorial_objectstorage.py
[2024-12-09T20:41:13.196+0000] {logging_mixin.py:188} INFO - [2024-12-09T20:41:13.195+0000] {dag.py:3047} INFO - Sync 1 DAGs
[2024-12-09T20:41:13.208+0000] {logging_mixin.py:188} INFO - [2024-12-09T20:41:13.208+0000] {dag.py:3834} INFO - Setting next_dagrun for tutorial_objectstorage to None, run_after=None
[2024-12-09T20:41:13.229+0000] {processor.py:183} INFO - Processing /home/airflow/.local/lib/python3.10/site-packages/airflow/example_dags/tutorial_objectstorage.py took 0.076 seconds
[2024-12-09T20:41:43.450+0000] {processor.py:161} INFO - Started process (PID=552) to work on /home/airflow/.local/lib/python3.10/site-packages/airflow/example_dags/tutorial_objectstorage.py
[2024-12-09T20:41:43.452+0000] {processor.py:830} INFO - Processing file /home/airflow/.local/lib/python3.10/site-packages/airflow/example_dags/tutorial_objectstorage.py for tasks to queue
[2024-12-09T20:41:43.455+0000] {logging_mixin.py:188} INFO - [2024-12-09T20:41:43.454+0000] {dagbag.py:540} INFO - Filling up the DagBag from /home/airflow/.local/lib/python3.10/site-packages/airflow/example_dags/tutorial_objectstorage.py
[2024-12-09T20:41:43.464+0000] {processor.py:840} INFO - DAG(s) 'tutorial_objectstorage' retrieved from /home/airflow/.local/lib/python3.10/site-packages/airflow/example_dags/tutorial_objectstorage.py
[2024-12-09T20:41:43.487+0000] {logging_mixin.py:188} INFO - [2024-12-09T20:41:43.486+0000] {dag.py:3047} INFO - Sync 1 DAGs
[2024-12-09T20:41:43.502+0000] {logging_mixin.py:188} INFO - [2024-12-09T20:41:43.501+0000] {dag.py:3834} INFO - Setting next_dagrun for tutorial_objectstorage to None, run_after=None
[2024-12-09T20:41:43.526+0000] {processor.py:183} INFO - Processing /home/airflow/.local/lib/python3.10/site-packages/airflow/example_dags/tutorial_objectstorage.py took 0.079 seconds
[2024-12-09T20:42:13.770+0000] {processor.py:161} INFO - Started process (PID=608) to work on /home/airflow/.local/lib/python3.10/site-packages/airflow/example_dags/tutorial_objectstorage.py
[2024-12-09T20:42:13.771+0000] {processor.py:830} INFO - Processing file /home/airflow/.local/lib/python3.10/site-packages/airflow/example_dags/tutorial_objectstorage.py for tasks to queue
[2024-12-09T20:42:13.773+0000] {logging_mixin.py:188} INFO - [2024-12-09T20:42:13.773+0000] {dagbag.py:540} INFO - Filling up the DagBag from /home/airflow/.local/lib/python3.10/site-packages/airflow/example_dags/tutorial_objectstorage.py
[2024-12-09T20:42:13.779+0000] {processor.py:840} INFO - DAG(s) 'tutorial_objectstorage' retrieved from /home/airflow/.local/lib/python3.10/site-packages/airflow/example_dags/tutorial_objectstorage.py
[2024-12-09T20:42:13.798+0000] {logging_mixin.py:188} INFO - [2024-12-09T20:42:13.798+0000] {dag.py:3047} INFO - Sync 1 DAGs
[2024-12-09T20:42:13.809+0000] {logging_mixin.py:188} INFO - [2024-12-09T20:42:13.808+0000] {dag.py:3834} INFO - Setting next_dagrun for tutorial_objectstorage to None, run_after=None
[2024-12-09T20:42:13.828+0000] {processor.py:183} INFO - Processing /home/airflow/.local/lib/python3.10/site-packages/airflow/example_dags/tutorial_objectstorage.py took 0.061 seconds
[2024-12-09T20:42:44.187+0000] {processor.py:161} INFO - Started process (PID=664) to work on /home/airflow/.local/lib/python3.10/site-packages/airflow/example_dags/tutorial_objectstorage.py
[2024-12-09T20:42:44.188+0000] {processor.py:830} INFO - Processing file /home/airflow/.local/lib/python3.10/site-packages/airflow/example_dags/tutorial_objectstorage.py for tasks to queue
[2024-12-09T20:42:44.190+0000] {logging_mixin.py:188} INFO - [2024-12-09T20:42:44.190+0000] {dagbag.py:540} INFO - Filling up the DagBag from /home/airflow/.local/lib/python3.10/site-packages/airflow/example_dags/tutorial_objectstorage.py
[2024-12-09T20:42:44.197+0000] {processor.py:840} INFO - DAG(s) 'tutorial_objectstorage' retrieved from /home/airflow/.local/lib/python3.10/site-packages/airflow/example_dags/tutorial_objectstorage.py
[2024-12-09T20:42:44.218+0000] {logging_mixin.py:188} INFO - [2024-12-09T20:42:44.217+0000] {dag.py:3047} INFO - Sync 1 DAGs
[2024-12-09T20:42:44.230+0000] {logging_mixin.py:188} INFO - [2024-12-09T20:42:44.230+0000] {dag.py:3834} INFO - Setting next_dagrun for tutorial_objectstorage to None, run_after=None
[2024-12-09T20:42:44.252+0000] {processor.py:183} INFO - Processing /home/airflow/.local/lib/python3.10/site-packages/airflow/example_dags/tutorial_objectstorage.py took 0.068 seconds
[2024-12-09T20:43:14.470+0000] {processor.py:161} INFO - Started process (PID=719) to work on /home/airflow/.local/lib/python3.10/site-packages/airflow/example_dags/tutorial_objectstorage.py
[2024-12-09T20:43:14.472+0000] {processor.py:830} INFO - Processing file /home/airflow/.local/lib/python3.10/site-packages/airflow/example_dags/tutorial_objectstorage.py for tasks to queue
[2024-12-09T20:43:14.475+0000] {logging_mixin.py:188} INFO - [2024-12-09T20:43:14.474+0000] {dagbag.py:540} INFO - Filling up the DagBag from /home/airflow/.local/lib/python3.10/site-packages/airflow/example_dags/tutorial_objectstorage.py
[2024-12-09T20:43:14.484+0000] {processor.py:840} INFO - DAG(s) 'tutorial_objectstorage' retrieved from /home/airflow/.local/lib/python3.10/site-packages/airflow/example_dags/tutorial_objectstorage.py
[2024-12-09T20:43:14.504+0000] {logging_mixin.py:188} INFO - [2024-12-09T20:43:14.504+0000] {dag.py:3047} INFO - Sync 1 DAGs
[2024-12-09T20:43:14.515+0000] {logging_mixin.py:188} INFO - [2024-12-09T20:43:14.515+0000] {dag.py:3834} INFO - Setting next_dagrun for tutorial_objectstorage to None, run_after=None
[2024-12-09T20:43:14.534+0000] {processor.py:183} INFO - Processing /home/airflow/.local/lib/python3.10/site-packages/airflow/example_dags/tutorial_objectstorage.py took 0.068 seconds
[2024-12-09T20:43:44.648+0000] {processor.py:161} INFO - Started process (PID=775) to work on /home/airflow/.local/lib/python3.10/site-packages/airflow/example_dags/tutorial_objectstorage.py
[2024-12-09T20:43:44.649+0000] {processor.py:830} INFO - Processing file /home/airflow/.local/lib/python3.10/site-packages/airflow/example_dags/tutorial_objectstorage.py for tasks to queue
[2024-12-09T20:43:44.652+0000] {logging_mixin.py:188} INFO - [2024-12-09T20:43:44.651+0000] {dagbag.py:540} INFO - Filling up the DagBag from /home/airflow/.local/lib/python3.10/site-packages/airflow/example_dags/tutorial_objectstorage.py
[2024-12-09T20:43:44.659+0000] {processor.py:840} INFO - DAG(s) 'tutorial_objectstorage' retrieved from /home/airflow/.local/lib/python3.10/site-packages/airflow/example_dags/tutorial_objectstorage.py
[2024-12-09T20:43:44.678+0000] {logging_mixin.py:188} INFO - [2024-12-09T20:43:44.677+0000] {dag.py:3047} INFO - Sync 1 DAGs
[2024-12-09T20:43:44.689+0000] {logging_mixin.py:188} INFO - [2024-12-09T20:43:44.689+0000] {dag.py:3834} INFO - Setting next_dagrun for tutorial_objectstorage to None, run_after=None
[2024-12-09T20:43:44.708+0000] {processor.py:183} INFO - Processing /home/airflow/.local/lib/python3.10/site-packages/airflow/example_dags/tutorial_objectstorage.py took 0.063 seconds
[2024-12-09T20:44:15.400+0000] {processor.py:161} INFO - Started process (PID=831) to work on /home/airflow/.local/lib/python3.10/site-packages/airflow/example_dags/tutorial_objectstorage.py
[2024-12-09T20:44:15.401+0000] {processor.py:830} INFO - Processing file /home/airflow/.local/lib/python3.10/site-packages/airflow/example_dags/tutorial_objectstorage.py for tasks to queue
[2024-12-09T20:44:15.403+0000] {logging_mixin.py:188} INFO - [2024-12-09T20:44:15.403+0000] {dagbag.py:540} INFO - Filling up the DagBag from /home/airflow/.local/lib/python3.10/site-packages/airflow/example_dags/tutorial_objectstorage.py
[2024-12-09T20:44:15.410+0000] {processor.py:840} INFO - DAG(s) 'tutorial_objectstorage' retrieved from /home/airflow/.local/lib/python3.10/site-packages/airflow/example_dags/tutorial_objectstorage.py
[2024-12-09T20:44:15.433+0000] {logging_mixin.py:188} INFO - [2024-12-09T20:44:15.433+0000] {dag.py:3047} INFO - Sync 1 DAGs
[2024-12-09T20:44:15.447+0000] {logging_mixin.py:188} INFO - [2024-12-09T20:44:15.447+0000] {dag.py:3834} INFO - Setting next_dagrun for tutorial_objectstorage to None, run_after=None
[2024-12-09T20:44:15.469+0000] {processor.py:183} INFO - Processing /home/airflow/.local/lib/python3.10/site-packages/airflow/example_dags/tutorial_objectstorage.py took 0.073 seconds
[2024-12-09T20:44:45.600+0000] {processor.py:161} INFO - Started process (PID=887) to work on /home/airflow/.local/lib/python3.10/site-packages/airflow/example_dags/tutorial_objectstorage.py
[2024-12-09T20:44:45.601+0000] {processor.py:830} INFO - Processing file /home/airflow/.local/lib/python3.10/site-packages/airflow/example_dags/tutorial_objectstorage.py for tasks to queue
[2024-12-09T20:44:45.603+0000] {logging_mixin.py:188} INFO - [2024-12-09T20:44:45.603+0000] {dagbag.py:540} INFO - Filling up the DagBag from /home/airflow/.local/lib/python3.10/site-packages/airflow/example_dags/tutorial_objectstorage.py
[2024-12-09T20:44:45.609+0000] {processor.py:840} INFO - DAG(s) 'tutorial_objectstorage' retrieved from /home/airflow/.local/lib/python3.10/site-packages/airflow/example_dags/tutorial_objectstorage.py
[2024-12-09T20:44:45.628+0000] {logging_mixin.py:188} INFO - [2024-12-09T20:44:45.628+0000] {dag.py:3047} INFO - Sync 1 DAGs
[2024-12-09T20:44:45.639+0000] {logging_mixin.py:188} INFO - [2024-12-09T20:44:45.639+0000] {dag.py:3834} INFO - Setting next_dagrun for tutorial_objectstorage to None, run_after=None
[2024-12-09T20:44:45.659+0000] {processor.py:183} INFO - Processing /home/airflow/.local/lib/python3.10/site-packages/airflow/example_dags/tutorial_objectstorage.py took 0.062 seconds
[2024-12-09T20:45:16.032+0000] {processor.py:161} INFO - Started process (PID=943) to work on /home/airflow/.local/lib/python3.10/site-packages/airflow/example_dags/tutorial_objectstorage.py
[2024-12-09T20:45:16.033+0000] {processor.py:830} INFO - Processing file /home/airflow/.local/lib/python3.10/site-packages/airflow/example_dags/tutorial_objectstorage.py for tasks to queue
[2024-12-09T20:45:16.035+0000] {logging_mixin.py:188} INFO - [2024-12-09T20:45:16.035+0000] {dagbag.py:540} INFO - Filling up the DagBag from /home/airflow/.local/lib/python3.10/site-packages/airflow/example_dags/tutorial_objectstorage.py
[2024-12-09T20:45:16.043+0000] {processor.py:840} INFO - DAG(s) 'tutorial_objectstorage' retrieved from /home/airflow/.local/lib/python3.10/site-packages/airflow/example_dags/tutorial_objectstorage.py
[2024-12-09T20:45:16.064+0000] {logging_mixin.py:188} INFO - [2024-12-09T20:45:16.063+0000] {dag.py:3047} INFO - Sync 1 DAGs
[2024-12-09T20:45:16.078+0000] {logging_mixin.py:188} INFO - [2024-12-09T20:45:16.077+0000] {dag.py:3834} INFO - Setting next_dagrun for tutorial_objectstorage to None, run_after=None
[2024-12-09T20:45:16.097+0000] {processor.py:183} INFO - Processing /home/airflow/.local/lib/python3.10/site-packages/airflow/example_dags/tutorial_objectstorage.py took 0.069 seconds
[2024-12-09T20:45:46.462+0000] {processor.py:161} INFO - Started process (PID=998) to work on /home/airflow/.local/lib/python3.10/site-packages/airflow/example_dags/tutorial_objectstorage.py
[2024-12-09T20:45:46.463+0000] {processor.py:830} INFO - Processing file /home/airflow/.local/lib/python3.10/site-packages/airflow/example_dags/tutorial_objectstorage.py for tasks to queue
[2024-12-09T20:45:46.466+0000] {logging_mixin.py:188} INFO - [2024-12-09T20:45:46.466+0000] {dagbag.py:540} INFO - Filling up the DagBag from /home/airflow/.local/lib/python3.10/site-packages/airflow/example_dags/tutorial_objectstorage.py
[2024-12-09T20:45:46.477+0000] {processor.py:840} INFO - DAG(s) 'tutorial_objectstorage' retrieved from /home/airflow/.local/lib/python3.10/site-packages/airflow/example_dags/tutorial_objectstorage.py
[2024-12-09T20:45:46.502+0000] {logging_mixin.py:188} INFO - [2024-12-09T20:45:46.502+0000] {dag.py:3047} INFO - Sync 1 DAGs
[2024-12-09T20:45:46.519+0000] {logging_mixin.py:188} INFO - [2024-12-09T20:45:46.519+0000] {dag.py:3834} INFO - Setting next_dagrun for tutorial_objectstorage to None, run_after=None
[2024-12-09T20:45:46.546+0000] {processor.py:183} INFO - Processing /home/airflow/.local/lib/python3.10/site-packages/airflow/example_dags/tutorial_objectstorage.py took 0.090 seconds
[2024-12-09T20:46:16.838+0000] {processor.py:161} INFO - Started process (PID=1054) to work on /home/airflow/.local/lib/python3.10/site-packages/airflow/example_dags/tutorial_objectstorage.py
[2024-12-09T20:46:16.839+0000] {processor.py:830} INFO - Processing file /home/airflow/.local/lib/python3.10/site-packages/airflow/example_dags/tutorial_objectstorage.py for tasks to queue
[2024-12-09T20:46:16.841+0000] {logging_mixin.py:188} INFO - [2024-12-09T20:46:16.841+0000] {dagbag.py:540} INFO - Filling up the DagBag from /home/airflow/.local/lib/python3.10/site-packages/airflow/example_dags/tutorial_objectstorage.py
[2024-12-09T20:46:16.847+0000] {processor.py:840} INFO - DAG(s) 'tutorial_objectstorage' retrieved from /home/airflow/.local/lib/python3.10/site-packages/airflow/example_dags/tutorial_objectstorage.py
[2024-12-09T20:46:16.867+0000] {logging_mixin.py:188} INFO - [2024-12-09T20:46:16.867+0000] {dag.py:3047} INFO - Sync 1 DAGs
[2024-12-09T20:46:16.879+0000] {logging_mixin.py:188} INFO - [2024-12-09T20:46:16.878+0000] {dag.py:3834} INFO - Setting next_dagrun for tutorial_objectstorage to None, run_after=None
[2024-12-09T20:46:16.899+0000] {processor.py:183} INFO - Processing /home/airflow/.local/lib/python3.10/site-packages/airflow/example_dags/tutorial_objectstorage.py took 0.064 seconds
[2024-12-09T20:46:47.122+0000] {processor.py:161} INFO - Started process (PID=1110) to work on /home/airflow/.local/lib/python3.10/site-packages/airflow/example_dags/tutorial_objectstorage.py
[2024-12-09T20:46:47.123+0000] {processor.py:830} INFO - Processing file /home/airflow/.local/lib/python3.10/site-packages/airflow/example_dags/tutorial_objectstorage.py for tasks to queue
[2024-12-09T20:46:47.125+0000] {logging_mixin.py:188} INFO - [2024-12-09T20:46:47.125+0000] {dagbag.py:540} INFO - Filling up the DagBag from /home/airflow/.local/lib/python3.10/site-packages/airflow/example_dags/tutorial_objectstorage.py
[2024-12-09T20:46:47.131+0000] {processor.py:840} INFO - DAG(s) 'tutorial_objectstorage' retrieved from /home/airflow/.local/lib/python3.10/site-packages/airflow/example_dags/tutorial_objectstorage.py
[2024-12-09T20:46:47.151+0000] {logging_mixin.py:188} INFO - [2024-12-09T20:46:47.151+0000] {dag.py:3047} INFO - Sync 1 DAGs
[2024-12-09T20:46:47.163+0000] {logging_mixin.py:188} INFO - [2024-12-09T20:46:47.163+0000] {dag.py:3834} INFO - Setting next_dagrun for tutorial_objectstorage to None, run_after=None
[2024-12-09T20:46:47.183+0000] {processor.py:183} INFO - Processing /home/airflow/.local/lib/python3.10/site-packages/airflow/example_dags/tutorial_objectstorage.py took 0.065 seconds
[2024-12-09T20:47:17.682+0000] {processor.py:161} INFO - Started process (PID=1166) to work on /home/airflow/.local/lib/python3.10/site-packages/airflow/example_dags/tutorial_objectstorage.py
[2024-12-09T20:47:17.683+0000] {processor.py:830} INFO - Processing file /home/airflow/.local/lib/python3.10/site-packages/airflow/example_dags/tutorial_objectstorage.py for tasks to queue
[2024-12-09T20:47:17.685+0000] {logging_mixin.py:188} INFO - [2024-12-09T20:47:17.685+0000] {dagbag.py:540} INFO - Filling up the DagBag from /home/airflow/.local/lib/python3.10/site-packages/airflow/example_dags/tutorial_objectstorage.py
[2024-12-09T20:47:17.692+0000] {processor.py:840} INFO - DAG(s) 'tutorial_objectstorage' retrieved from /home/airflow/.local/lib/python3.10/site-packages/airflow/example_dags/tutorial_objectstorage.py
[2024-12-09T20:47:17.714+0000] {logging_mixin.py:188} INFO - [2024-12-09T20:47:17.714+0000] {dag.py:3047} INFO - Sync 1 DAGs
[2024-12-09T20:47:17.726+0000] {logging_mixin.py:188} INFO - [2024-12-09T20:47:17.725+0000] {dag.py:3834} INFO - Setting next_dagrun for tutorial_objectstorage to None, run_after=None
[2024-12-09T20:47:17.750+0000] {processor.py:183} INFO - Processing /home/airflow/.local/lib/python3.10/site-packages/airflow/example_dags/tutorial_objectstorage.py took 0.072 seconds
[2024-12-09T20:47:48.193+0000] {processor.py:161} INFO - Started process (PID=1219) to work on /home/airflow/.local/lib/python3.10/site-packages/airflow/example_dags/tutorial_objectstorage.py
[2024-12-09T20:47:48.195+0000] {processor.py:830} INFO - Processing file /home/airflow/.local/lib/python3.10/site-packages/airflow/example_dags/tutorial_objectstorage.py for tasks to queue
[2024-12-09T20:47:48.197+0000] {logging_mixin.py:188} INFO - [2024-12-09T20:47:48.197+0000] {dagbag.py:540} INFO - Filling up the DagBag from /home/airflow/.local/lib/python3.10/site-packages/airflow/example_dags/tutorial_objectstorage.py
[2024-12-09T20:47:48.204+0000] {processor.py:840} INFO - DAG(s) 'tutorial_objectstorage' retrieved from /home/airflow/.local/lib/python3.10/site-packages/airflow/example_dags/tutorial_objectstorage.py
[2024-12-09T20:47:48.223+0000] {logging_mixin.py:188} INFO - [2024-12-09T20:47:48.223+0000] {dag.py:3047} INFO - Sync 1 DAGs
[2024-12-09T20:47:48.235+0000] {logging_mixin.py:188} INFO - [2024-12-09T20:47:48.235+0000] {dag.py:3834} INFO - Setting next_dagrun for tutorial_objectstorage to None, run_after=None
[2024-12-09T20:47:48.254+0000] {processor.py:183} INFO - Processing /home/airflow/.local/lib/python3.10/site-packages/airflow/example_dags/tutorial_objectstorage.py took 0.064 seconds
[2024-12-09T20:48:18.744+0000] {processor.py:161} INFO - Started process (PID=1274) to work on /home/airflow/.local/lib/python3.10/site-packages/airflow/example_dags/tutorial_objectstorage.py
[2024-12-09T20:48:18.745+0000] {processor.py:830} INFO - Processing file /home/airflow/.local/lib/python3.10/site-packages/airflow/example_dags/tutorial_objectstorage.py for tasks to queue
[2024-12-09T20:48:18.748+0000] {logging_mixin.py:188} INFO - [2024-12-09T20:48:18.747+0000] {dagbag.py:540} INFO - Filling up the DagBag from /home/airflow/.local/lib/python3.10/site-packages/airflow/example_dags/tutorial_objectstorage.py
[2024-12-09T20:48:18.756+0000] {processor.py:840} INFO - DAG(s) 'tutorial_objectstorage' retrieved from /home/airflow/.local/lib/python3.10/site-packages/airflow/example_dags/tutorial_objectstorage.py
[2024-12-09T20:48:18.779+0000] {logging_mixin.py:188} INFO - [2024-12-09T20:48:18.778+0000] {dag.py:3047} INFO - Sync 1 DAGs
[2024-12-09T20:48:18.790+0000] {logging_mixin.py:188} INFO - [2024-12-09T20:48:18.790+0000] {dag.py:3834} INFO - Setting next_dagrun for tutorial_objectstorage to None, run_after=None
[2024-12-09T20:48:18.808+0000] {processor.py:183} INFO - Processing /home/airflow/.local/lib/python3.10/site-packages/airflow/example_dags/tutorial_objectstorage.py took 0.068 seconds
[2024-12-09T20:48:49.458+0000] {processor.py:161} INFO - Started process (PID=1329) to work on /home/airflow/.local/lib/python3.10/site-packages/airflow/example_dags/tutorial_objectstorage.py
[2024-12-09T20:48:49.459+0000] {processor.py:830} INFO - Processing file /home/airflow/.local/lib/python3.10/site-packages/airflow/example_dags/tutorial_objectstorage.py for tasks to queue
[2024-12-09T20:48:49.462+0000] {logging_mixin.py:188} INFO - [2024-12-09T20:48:49.461+0000] {dagbag.py:540} INFO - Filling up the DagBag from /home/airflow/.local/lib/python3.10/site-packages/airflow/example_dags/tutorial_objectstorage.py
[2024-12-09T20:48:49.472+0000] {processor.py:840} INFO - DAG(s) 'tutorial_objectstorage' retrieved from /home/airflow/.local/lib/python3.10/site-packages/airflow/example_dags/tutorial_objectstorage.py
[2024-12-09T20:48:49.495+0000] {logging_mixin.py:188} INFO - [2024-12-09T20:48:49.495+0000] {dag.py:3047} INFO - Sync 1 DAGs
[2024-12-09T20:48:49.510+0000] {logging_mixin.py:188} INFO - [2024-12-09T20:48:49.509+0000] {dag.py:3834} INFO - Setting next_dagrun for tutorial_objectstorage to None, run_after=None
[2024-12-09T20:48:49.531+0000] {processor.py:183} INFO - Processing /home/airflow/.local/lib/python3.10/site-packages/airflow/example_dags/tutorial_objectstorage.py took 0.077 seconds
[2024-12-09T20:49:20.263+0000] {processor.py:161} INFO - Started process (PID=1384) to work on /home/airflow/.local/lib/python3.10/site-packages/airflow/example_dags/tutorial_objectstorage.py
[2024-12-09T20:49:20.264+0000] {processor.py:830} INFO - Processing file /home/airflow/.local/lib/python3.10/site-packages/airflow/example_dags/tutorial_objectstorage.py for tasks to queue
[2024-12-09T20:49:20.266+0000] {logging_mixin.py:188} INFO - [2024-12-09T20:49:20.265+0000] {dagbag.py:540} INFO - Filling up the DagBag from /home/airflow/.local/lib/python3.10/site-packages/airflow/example_dags/tutorial_objectstorage.py
[2024-12-09T20:49:20.273+0000] {processor.py:840} INFO - DAG(s) 'tutorial_objectstorage' retrieved from /home/airflow/.local/lib/python3.10/site-packages/airflow/example_dags/tutorial_objectstorage.py
[2024-12-09T20:49:20.291+0000] {logging_mixin.py:188} INFO - [2024-12-09T20:49:20.290+0000] {dag.py:3047} INFO - Sync 1 DAGs
[2024-12-09T20:49:20.302+0000] {logging_mixin.py:188} INFO - [2024-12-09T20:49:20.301+0000] {dag.py:3834} INFO - Setting next_dagrun for tutorial_objectstorage to None, run_after=None
[2024-12-09T20:49:20.319+0000] {processor.py:183} INFO - Processing /home/airflow/.local/lib/python3.10/site-packages/airflow/example_dags/tutorial_objectstorage.py took 0.060 seconds
[2024-12-09T20:49:50.783+0000] {processor.py:161} INFO - Started process (PID=1440) to work on /home/airflow/.local/lib/python3.10/site-packages/airflow/example_dags/tutorial_objectstorage.py
[2024-12-09T20:49:50.785+0000] {processor.py:830} INFO - Processing file /home/airflow/.local/lib/python3.10/site-packages/airflow/example_dags/tutorial_objectstorage.py for tasks to queue
[2024-12-09T20:49:50.787+0000] {logging_mixin.py:188} INFO - [2024-12-09T20:49:50.787+0000] {dagbag.py:540} INFO - Filling up the DagBag from /home/airflow/.local/lib/python3.10/site-packages/airflow/example_dags/tutorial_objectstorage.py
[2024-12-09T20:49:50.795+0000] {processor.py:840} INFO - DAG(s) 'tutorial_objectstorage' retrieved from /home/airflow/.local/lib/python3.10/site-packages/airflow/example_dags/tutorial_objectstorage.py
[2024-12-09T20:49:50.814+0000] {logging_mixin.py:188} INFO - [2024-12-09T20:49:50.814+0000] {dag.py:3047} INFO - Sync 1 DAGs
[2024-12-09T20:49:50.827+0000] {logging_mixin.py:188} INFO - [2024-12-09T20:49:50.827+0000] {dag.py:3834} INFO - Setting next_dagrun for tutorial_objectstorage to None, run_after=None
[2024-12-09T20:49:50.846+0000] {processor.py:183} INFO - Processing /home/airflow/.local/lib/python3.10/site-packages/airflow/example_dags/tutorial_objectstorage.py took 0.067 seconds
[2024-12-09T20:50:21.472+0000] {processor.py:161} INFO - Started process (PID=1495) to work on /home/airflow/.local/lib/python3.10/site-packages/airflow/example_dags/tutorial_objectstorage.py
[2024-12-09T20:50:21.473+0000] {processor.py:830} INFO - Processing file /home/airflow/.local/lib/python3.10/site-packages/airflow/example_dags/tutorial_objectstorage.py for tasks to queue
[2024-12-09T20:50:21.476+0000] {logging_mixin.py:188} INFO - [2024-12-09T20:50:21.475+0000] {dagbag.py:540} INFO - Filling up the DagBag from /home/airflow/.local/lib/python3.10/site-packages/airflow/example_dags/tutorial_objectstorage.py
[2024-12-09T20:50:21.482+0000] {processor.py:840} INFO - DAG(s) 'tutorial_objectstorage' retrieved from /home/airflow/.local/lib/python3.10/site-packages/airflow/example_dags/tutorial_objectstorage.py
[2024-12-09T20:50:21.501+0000] {logging_mixin.py:188} INFO - [2024-12-09T20:50:21.501+0000] {dag.py:3047} INFO - Sync 1 DAGs
[2024-12-09T20:50:21.513+0000] {logging_mixin.py:188} INFO - [2024-12-09T20:50:21.513+0000] {dag.py:3834} INFO - Setting next_dagrun for tutorial_objectstorage to None, run_after=None
[2024-12-09T20:50:21.663+0000] {processor.py:183} INFO - Processing /home/airflow/.local/lib/python3.10/site-packages/airflow/example_dags/tutorial_objectstorage.py took 0.194 seconds
[2024-12-09T20:50:52.632+0000] {processor.py:161} INFO - Started process (PID=1551) to work on /home/airflow/.local/lib/python3.10/site-packages/airflow/example_dags/tutorial_objectstorage.py
[2024-12-09T20:50:52.633+0000] {processor.py:830} INFO - Processing file /home/airflow/.local/lib/python3.10/site-packages/airflow/example_dags/tutorial_objectstorage.py for tasks to queue
[2024-12-09T20:50:52.636+0000] {logging_mixin.py:188} INFO - [2024-12-09T20:50:52.636+0000] {dagbag.py:540} INFO - Filling up the DagBag from /home/airflow/.local/lib/python3.10/site-packages/airflow/example_dags/tutorial_objectstorage.py
[2024-12-09T20:50:52.645+0000] {processor.py:840} INFO - DAG(s) 'tutorial_objectstorage' retrieved from /home/airflow/.local/lib/python3.10/site-packages/airflow/example_dags/tutorial_objectstorage.py
[2024-12-09T20:50:52.704+0000] {logging_mixin.py:188} INFO - [2024-12-09T20:50:52.704+0000] {dag.py:3047} INFO - Sync 1 DAGs
[2024-12-09T20:50:52.724+0000] {logging_mixin.py:188} INFO - [2024-12-09T20:50:52.723+0000] {dag.py:3834} INFO - Setting next_dagrun for tutorial_objectstorage to None, run_after=None
[2024-12-09T20:50:52.760+0000] {processor.py:183} INFO - Processing /home/airflow/.local/lib/python3.10/site-packages/airflow/example_dags/tutorial_objectstorage.py took 0.133 seconds
[2024-12-09T20:51:23.188+0000] {processor.py:161} INFO - Started process (PID=1607) to work on /home/airflow/.local/lib/python3.10/site-packages/airflow/example_dags/tutorial_objectstorage.py
[2024-12-09T20:51:23.190+0000] {processor.py:830} INFO - Processing file /home/airflow/.local/lib/python3.10/site-packages/airflow/example_dags/tutorial_objectstorage.py for tasks to queue
[2024-12-09T20:51:23.192+0000] {logging_mixin.py:188} INFO - [2024-12-09T20:51:23.191+0000] {dagbag.py:540} INFO - Filling up the DagBag from /home/airflow/.local/lib/python3.10/site-packages/airflow/example_dags/tutorial_objectstorage.py
[2024-12-09T20:51:23.199+0000] {processor.py:840} INFO - DAG(s) 'tutorial_objectstorage' retrieved from /home/airflow/.local/lib/python3.10/site-packages/airflow/example_dags/tutorial_objectstorage.py
[2024-12-09T20:51:23.219+0000] {logging_mixin.py:188} INFO - [2024-12-09T20:51:23.218+0000] {dag.py:3047} INFO - Sync 1 DAGs
[2024-12-09T20:51:23.230+0000] {logging_mixin.py:188} INFO - [2024-12-09T20:51:23.230+0000] {dag.py:3834} INFO - Setting next_dagrun for tutorial_objectstorage to None, run_after=None
[2024-12-09T20:51:23.250+0000] {processor.py:183} INFO - Processing /home/airflow/.local/lib/python3.10/site-packages/airflow/example_dags/tutorial_objectstorage.py took 0.066 seconds
[2024-12-09T20:51:54.254+0000] {processor.py:161} INFO - Started process (PID=1663) to work on /home/airflow/.local/lib/python3.10/site-packages/airflow/example_dags/tutorial_objectstorage.py
[2024-12-09T20:51:54.255+0000] {processor.py:830} INFO - Processing file /home/airflow/.local/lib/python3.10/site-packages/airflow/example_dags/tutorial_objectstorage.py for tasks to queue
[2024-12-09T20:51:54.257+0000] {logging_mixin.py:188} INFO - [2024-12-09T20:51:54.257+0000] {dagbag.py:540} INFO - Filling up the DagBag from /home/airflow/.local/lib/python3.10/site-packages/airflow/example_dags/tutorial_objectstorage.py
[2024-12-09T20:51:54.263+0000] {processor.py:840} INFO - DAG(s) 'tutorial_objectstorage' retrieved from /home/airflow/.local/lib/python3.10/site-packages/airflow/example_dags/tutorial_objectstorage.py
[2024-12-09T20:51:54.282+0000] {logging_mixin.py:188} INFO - [2024-12-09T20:51:54.282+0000] {dag.py:3047} INFO - Sync 1 DAGs
[2024-12-09T20:51:54.293+0000] {logging_mixin.py:188} INFO - [2024-12-09T20:51:54.293+0000] {dag.py:3834} INFO - Setting next_dagrun for tutorial_objectstorage to None, run_after=None
[2024-12-09T20:51:54.312+0000] {processor.py:183} INFO - Processing /home/airflow/.local/lib/python3.10/site-packages/airflow/example_dags/tutorial_objectstorage.py took 0.061 seconds
[2024-12-09T20:52:25.071+0000] {processor.py:161} INFO - Started process (PID=1718) to work on /home/airflow/.local/lib/python3.10/site-packages/airflow/example_dags/tutorial_objectstorage.py
[2024-12-09T20:52:25.072+0000] {processor.py:830} INFO - Processing file /home/airflow/.local/lib/python3.10/site-packages/airflow/example_dags/tutorial_objectstorage.py for tasks to queue
[2024-12-09T20:52:25.074+0000] {logging_mixin.py:188} INFO - [2024-12-09T20:52:25.074+0000] {dagbag.py:540} INFO - Filling up the DagBag from /home/airflow/.local/lib/python3.10/site-packages/airflow/example_dags/tutorial_objectstorage.py
[2024-12-09T20:52:25.081+0000] {processor.py:840} INFO - DAG(s) 'tutorial_objectstorage' retrieved from /home/airflow/.local/lib/python3.10/site-packages/airflow/example_dags/tutorial_objectstorage.py
[2024-12-09T20:52:25.103+0000] {logging_mixin.py:188} INFO - [2024-12-09T20:52:25.103+0000] {dag.py:3047} INFO - Sync 1 DAGs
[2024-12-09T20:52:25.116+0000] {logging_mixin.py:188} INFO - [2024-12-09T20:52:25.115+0000] {dag.py:3834} INFO - Setting next_dagrun for tutorial_objectstorage to None, run_after=None
[2024-12-09T20:52:25.137+0000] {processor.py:183} INFO - Processing /home/airflow/.local/lib/python3.10/site-packages/airflow/example_dags/tutorial_objectstorage.py took 0.069 seconds
[2024-12-09T20:52:55.595+0000] {processor.py:161} INFO - Started process (PID=1773) to work on /home/airflow/.local/lib/python3.10/site-packages/airflow/example_dags/tutorial_objectstorage.py
[2024-12-09T20:52:55.596+0000] {processor.py:830} INFO - Processing file /home/airflow/.local/lib/python3.10/site-packages/airflow/example_dags/tutorial_objectstorage.py for tasks to queue
[2024-12-09T20:52:55.599+0000] {logging_mixin.py:188} INFO - [2024-12-09T20:52:55.598+0000] {dagbag.py:540} INFO - Filling up the DagBag from /home/airflow/.local/lib/python3.10/site-packages/airflow/example_dags/tutorial_objectstorage.py
[2024-12-09T20:52:55.608+0000] {processor.py:840} INFO - DAG(s) 'tutorial_objectstorage' retrieved from /home/airflow/.local/lib/python3.10/site-packages/airflow/example_dags/tutorial_objectstorage.py
[2024-12-09T20:52:55.629+0000] {logging_mixin.py:188} INFO - [2024-12-09T20:52:55.629+0000] {dag.py:3047} INFO - Sync 1 DAGs
[2024-12-09T20:52:55.829+0000] {logging_mixin.py:188} INFO - [2024-12-09T20:52:55.829+0000] {dag.py:3834} INFO - Setting next_dagrun for tutorial_objectstorage to None, run_after=None
[2024-12-09T20:52:55.853+0000] {processor.py:183} INFO - Processing /home/airflow/.local/lib/python3.10/site-packages/airflow/example_dags/tutorial_objectstorage.py took 0.261 seconds
[2024-12-09T20:53:26.766+0000] {processor.py:161} INFO - Started process (PID=1829) to work on /home/airflow/.local/lib/python3.10/site-packages/airflow/example_dags/tutorial_objectstorage.py
[2024-12-09T20:53:26.767+0000] {processor.py:830} INFO - Processing file /home/airflow/.local/lib/python3.10/site-packages/airflow/example_dags/tutorial_objectstorage.py for tasks to queue
[2024-12-09T20:53:26.769+0000] {logging_mixin.py:188} INFO - [2024-12-09T20:53:26.769+0000] {dagbag.py:540} INFO - Filling up the DagBag from /home/airflow/.local/lib/python3.10/site-packages/airflow/example_dags/tutorial_objectstorage.py
[2024-12-09T20:53:26.776+0000] {processor.py:840} INFO - DAG(s) 'tutorial_objectstorage' retrieved from /home/airflow/.local/lib/python3.10/site-packages/airflow/example_dags/tutorial_objectstorage.py
[2024-12-09T20:53:26.798+0000] {logging_mixin.py:188} INFO - [2024-12-09T20:53:26.798+0000] {dag.py:3047} INFO - Sync 1 DAGs
[2024-12-09T20:53:26.810+0000] {logging_mixin.py:188} INFO - [2024-12-09T20:53:26.809+0000] {dag.py:3834} INFO - Setting next_dagrun for tutorial_objectstorage to None, run_after=None
[2024-12-09T20:53:26.966+0000] {processor.py:183} INFO - Processing /home/airflow/.local/lib/python3.10/site-packages/airflow/example_dags/tutorial_objectstorage.py took 0.203 seconds
[2024-12-09T20:53:57.168+0000] {processor.py:161} INFO - Started process (PID=1884) to work on /home/airflow/.local/lib/python3.10/site-packages/airflow/example_dags/tutorial_objectstorage.py
[2024-12-09T20:53:57.169+0000] {processor.py:830} INFO - Processing file /home/airflow/.local/lib/python3.10/site-packages/airflow/example_dags/tutorial_objectstorage.py for tasks to queue
[2024-12-09T20:53:57.171+0000] {logging_mixin.py:188} INFO - [2024-12-09T20:53:57.171+0000] {dagbag.py:540} INFO - Filling up the DagBag from /home/airflow/.local/lib/python3.10/site-packages/airflow/example_dags/tutorial_objectstorage.py
[2024-12-09T20:53:57.177+0000] {processor.py:840} INFO - DAG(s) 'tutorial_objectstorage' retrieved from /home/airflow/.local/lib/python3.10/site-packages/airflow/example_dags/tutorial_objectstorage.py
[2024-12-09T20:53:57.198+0000] {logging_mixin.py:188} INFO - [2024-12-09T20:53:57.198+0000] {dag.py:3047} INFO - Sync 1 DAGs
[2024-12-09T20:53:57.210+0000] {logging_mixin.py:188} INFO - [2024-12-09T20:53:57.209+0000] {dag.py:3834} INFO - Setting next_dagrun for tutorial_objectstorage to None, run_after=None
[2024-12-09T20:53:57.230+0000] {processor.py:183} INFO - Processing /home/airflow/.local/lib/python3.10/site-packages/airflow/example_dags/tutorial_objectstorage.py took 0.065 seconds
[2024-12-09T20:54:27.432+0000] {processor.py:161} INFO - Started process (PID=1940) to work on /home/airflow/.local/lib/python3.10/site-packages/airflow/example_dags/tutorial_objectstorage.py
[2024-12-09T20:54:27.433+0000] {processor.py:830} INFO - Processing file /home/airflow/.local/lib/python3.10/site-packages/airflow/example_dags/tutorial_objectstorage.py for tasks to queue
[2024-12-09T20:54:27.435+0000] {logging_mixin.py:188} INFO - [2024-12-09T20:54:27.435+0000] {dagbag.py:540} INFO - Filling up the DagBag from /home/airflow/.local/lib/python3.10/site-packages/airflow/example_dags/tutorial_objectstorage.py
[2024-12-09T20:54:27.442+0000] {processor.py:840} INFO - DAG(s) 'tutorial_objectstorage' retrieved from /home/airflow/.local/lib/python3.10/site-packages/airflow/example_dags/tutorial_objectstorage.py
[2024-12-09T20:54:27.462+0000] {logging_mixin.py:188} INFO - [2024-12-09T20:54:27.462+0000] {dag.py:3047} INFO - Sync 1 DAGs
[2024-12-09T20:54:27.473+0000] {logging_mixin.py:188} INFO - [2024-12-09T20:54:27.473+0000] {dag.py:3834} INFO - Setting next_dagrun for tutorial_objectstorage to None, run_after=None
[2024-12-09T20:54:27.492+0000] {processor.py:183} INFO - Processing /home/airflow/.local/lib/python3.10/site-packages/airflow/example_dags/tutorial_objectstorage.py took 0.063 seconds
[2024-12-09T20:54:57.580+0000] {processor.py:161} INFO - Started process (PID=1995) to work on /home/airflow/.local/lib/python3.10/site-packages/airflow/example_dags/tutorial_objectstorage.py
[2024-12-09T20:54:57.581+0000] {processor.py:830} INFO - Processing file /home/airflow/.local/lib/python3.10/site-packages/airflow/example_dags/tutorial_objectstorage.py for tasks to queue
[2024-12-09T20:54:57.583+0000] {logging_mixin.py:188} INFO - [2024-12-09T20:54:57.583+0000] {dagbag.py:540} INFO - Filling up the DagBag from /home/airflow/.local/lib/python3.10/site-packages/airflow/example_dags/tutorial_objectstorage.py
[2024-12-09T20:54:57.590+0000] {processor.py:840} INFO - DAG(s) 'tutorial_objectstorage' retrieved from /home/airflow/.local/lib/python3.10/site-packages/airflow/example_dags/tutorial_objectstorage.py
[2024-12-09T20:54:57.612+0000] {logging_mixin.py:188} INFO - [2024-12-09T20:54:57.612+0000] {dag.py:3047} INFO - Sync 1 DAGs
[2024-12-09T20:54:57.624+0000] {logging_mixin.py:188} INFO - [2024-12-09T20:54:57.624+0000] {dag.py:3834} INFO - Setting next_dagrun for tutorial_objectstorage to None, run_after=None
[2024-12-09T20:54:57.653+0000] {processor.py:183} INFO - Processing /home/airflow/.local/lib/python3.10/site-packages/airflow/example_dags/tutorial_objectstorage.py took 0.076 seconds
[2024-12-09T20:55:28.029+0000] {processor.py:161} INFO - Started process (PID=2050) to work on /home/airflow/.local/lib/python3.10/site-packages/airflow/example_dags/tutorial_objectstorage.py
[2024-12-09T20:55:28.032+0000] {processor.py:830} INFO - Processing file /home/airflow/.local/lib/python3.10/site-packages/airflow/example_dags/tutorial_objectstorage.py for tasks to queue
[2024-12-09T20:55:28.037+0000] {logging_mixin.py:188} INFO - [2024-12-09T20:55:28.036+0000] {dagbag.py:540} INFO - Filling up the DagBag from /home/airflow/.local/lib/python3.10/site-packages/airflow/example_dags/tutorial_objectstorage.py
[2024-12-09T20:55:28.046+0000] {processor.py:840} INFO - DAG(s) 'tutorial_objectstorage' retrieved from /home/airflow/.local/lib/python3.10/site-packages/airflow/example_dags/tutorial_objectstorage.py
[2024-12-09T20:55:28.076+0000] {logging_mixin.py:188} INFO - [2024-12-09T20:55:28.076+0000] {dag.py:3047} INFO - Sync 1 DAGs
[2024-12-09T20:55:28.091+0000] {logging_mixin.py:188} INFO - [2024-12-09T20:55:28.091+0000] {dag.py:3834} INFO - Setting next_dagrun for tutorial_objectstorage to None, run_after=None
[2024-12-09T20:55:28.118+0000] {processor.py:183} INFO - Processing /home/airflow/.local/lib/python3.10/site-packages/airflow/example_dags/tutorial_objectstorage.py took 0.094 seconds
[2024-12-09T20:55:58.659+0000] {processor.py:161} INFO - Started process (PID=2105) to work on /home/airflow/.local/lib/python3.10/site-packages/airflow/example_dags/tutorial_objectstorage.py
[2024-12-09T20:55:58.660+0000] {processor.py:830} INFO - Processing file /home/airflow/.local/lib/python3.10/site-packages/airflow/example_dags/tutorial_objectstorage.py for tasks to queue
[2024-12-09T20:55:58.662+0000] {logging_mixin.py:188} INFO - [2024-12-09T20:55:58.662+0000] {dagbag.py:540} INFO - Filling up the DagBag from /home/airflow/.local/lib/python3.10/site-packages/airflow/example_dags/tutorial_objectstorage.py
[2024-12-09T20:55:58.668+0000] {processor.py:840} INFO - DAG(s) 'tutorial_objectstorage' retrieved from /home/airflow/.local/lib/python3.10/site-packages/airflow/example_dags/tutorial_objectstorage.py
[2024-12-09T20:55:58.688+0000] {logging_mixin.py:188} INFO - [2024-12-09T20:55:58.688+0000] {dag.py:3047} INFO - Sync 1 DAGs
[2024-12-09T20:55:58.701+0000] {logging_mixin.py:188} INFO - [2024-12-09T20:55:58.701+0000] {dag.py:3834} INFO - Setting next_dagrun for tutorial_objectstorage to None, run_after=None
[2024-12-09T20:55:58.721+0000] {processor.py:183} INFO - Processing /home/airflow/.local/lib/python3.10/site-packages/airflow/example_dags/tutorial_objectstorage.py took 0.065 seconds
[2024-12-09T20:56:29.314+0000] {processor.py:161} INFO - Started process (PID=2161) to work on /home/airflow/.local/lib/python3.10/site-packages/airflow/example_dags/tutorial_objectstorage.py
[2024-12-09T20:56:29.316+0000] {processor.py:830} INFO - Processing file /home/airflow/.local/lib/python3.10/site-packages/airflow/example_dags/tutorial_objectstorage.py for tasks to queue
[2024-12-09T20:56:29.319+0000] {logging_mixin.py:188} INFO - [2024-12-09T20:56:29.319+0000] {dagbag.py:540} INFO - Filling up the DagBag from /home/airflow/.local/lib/python3.10/site-packages/airflow/example_dags/tutorial_objectstorage.py
[2024-12-09T20:56:29.332+0000] {processor.py:840} INFO - DAG(s) 'tutorial_objectstorage' retrieved from /home/airflow/.local/lib/python3.10/site-packages/airflow/example_dags/tutorial_objectstorage.py
[2024-12-09T20:56:29.365+0000] {logging_mixin.py:188} INFO - [2024-12-09T20:56:29.364+0000] {dag.py:3047} INFO - Sync 1 DAGs
[2024-12-09T20:56:29.381+0000] {logging_mixin.py:188} INFO - [2024-12-09T20:56:29.380+0000] {dag.py:3834} INFO - Setting next_dagrun for tutorial_objectstorage to None, run_after=None
[2024-12-09T20:56:29.409+0000] {processor.py:183} INFO - Processing /home/airflow/.local/lib/python3.10/site-packages/airflow/example_dags/tutorial_objectstorage.py took 0.101 seconds
[2024-12-09T20:56:59.828+0000] {processor.py:161} INFO - Started process (PID=2217) to work on /home/airflow/.local/lib/python3.10/site-packages/airflow/example_dags/tutorial_objectstorage.py
[2024-12-09T20:56:59.830+0000] {processor.py:830} INFO - Processing file /home/airflow/.local/lib/python3.10/site-packages/airflow/example_dags/tutorial_objectstorage.py for tasks to queue
[2024-12-09T20:56:59.838+0000] {logging_mixin.py:188} INFO - [2024-12-09T20:56:59.837+0000] {dagbag.py:540} INFO - Filling up the DagBag from /home/airflow/.local/lib/python3.10/site-packages/airflow/example_dags/tutorial_objectstorage.py
[2024-12-09T20:56:59.851+0000] {processor.py:840} INFO - DAG(s) 'tutorial_objectstorage' retrieved from /home/airflow/.local/lib/python3.10/site-packages/airflow/example_dags/tutorial_objectstorage.py
[2024-12-09T20:57:05.341+0000] {logging_mixin.py:188} INFO - [2024-12-09T20:57:05.340+0000] {dag.py:3047} INFO - Sync 1 DAGs
[2024-12-09T20:57:05.391+0000] {logging_mixin.py:188} INFO - [2024-12-09T20:57:05.390+0000] {dag.py:3834} INFO - Setting next_dagrun for tutorial_objectstorage to None, run_after=None
[2024-12-09T20:57:05.573+0000] {processor.py:183} INFO - Processing /home/airflow/.local/lib/python3.10/site-packages/airflow/example_dags/tutorial_objectstorage.py took 5.750 seconds
[2024-12-09T20:57:36.241+0000] {processor.py:161} INFO - Started process (PID=2272) to work on /home/airflow/.local/lib/python3.10/site-packages/airflow/example_dags/tutorial_objectstorage.py
[2024-12-09T20:57:36.243+0000] {processor.py:830} INFO - Processing file /home/airflow/.local/lib/python3.10/site-packages/airflow/example_dags/tutorial_objectstorage.py for tasks to queue
[2024-12-09T20:57:36.245+0000] {logging_mixin.py:188} INFO - [2024-12-09T20:57:36.245+0000] {dagbag.py:540} INFO - Filling up the DagBag from /home/airflow/.local/lib/python3.10/site-packages/airflow/example_dags/tutorial_objectstorage.py
[2024-12-09T20:57:36.253+0000] {processor.py:840} INFO - DAG(s) 'tutorial_objectstorage' retrieved from /home/airflow/.local/lib/python3.10/site-packages/airflow/example_dags/tutorial_objectstorage.py
[2024-12-09T20:57:36.277+0000] {logging_mixin.py:188} INFO - [2024-12-09T20:57:36.277+0000] {dag.py:3047} INFO - Sync 1 DAGs
[2024-12-09T20:57:36.293+0000] {logging_mixin.py:188} INFO - [2024-12-09T20:57:36.292+0000] {dag.py:3834} INFO - Setting next_dagrun for tutorial_objectstorage to None, run_after=None
[2024-12-09T20:57:36.322+0000] {processor.py:183} INFO - Processing /home/airflow/.local/lib/python3.10/site-packages/airflow/example_dags/tutorial_objectstorage.py took 0.085 seconds
[2024-12-09T21:56:40.331+0000] {processor.py:161} INFO - Started process (PID=2338) to work on /home/airflow/.local/lib/python3.10/site-packages/airflow/example_dags/tutorial_objectstorage.py
[2024-12-09T21:56:40.335+0000] {processor.py:830} INFO - Processing file /home/airflow/.local/lib/python3.10/site-packages/airflow/example_dags/tutorial_objectstorage.py for tasks to queue
[2024-12-09T21:56:40.341+0000] {logging_mixin.py:188} INFO - [2024-12-09T21:56:40.341+0000] {dagbag.py:540} INFO - Filling up the DagBag from /home/airflow/.local/lib/python3.10/site-packages/airflow/example_dags/tutorial_objectstorage.py
[2024-12-09T21:56:40.370+0000] {processor.py:840} INFO - DAG(s) 'tutorial_objectstorage' retrieved from /home/airflow/.local/lib/python3.10/site-packages/airflow/example_dags/tutorial_objectstorage.py
[2024-12-09T21:56:40.464+0000] {logging_mixin.py:188} INFO - [2024-12-09T21:56:40.464+0000] {dag.py:3047} INFO - Sync 1 DAGs
[2024-12-09T21:56:40.500+0000] {logging_mixin.py:188} INFO - [2024-12-09T21:56:40.500+0000] {dag.py:3834} INFO - Setting next_dagrun for tutorial_objectstorage to None, run_after=None
[2024-12-09T21:56:40.559+0000] {processor.py:183} INFO - Processing /home/airflow/.local/lib/python3.10/site-packages/airflow/example_dags/tutorial_objectstorage.py took 0.232 seconds
[2024-12-09T21:57:10.920+0000] {processor.py:161} INFO - Started process (PID=2394) to work on /home/airflow/.local/lib/python3.10/site-packages/airflow/example_dags/tutorial_objectstorage.py
[2024-12-09T21:57:10.921+0000] {processor.py:830} INFO - Processing file /home/airflow/.local/lib/python3.10/site-packages/airflow/example_dags/tutorial_objectstorage.py for tasks to queue
[2024-12-09T21:57:10.923+0000] {logging_mixin.py:188} INFO - [2024-12-09T21:57:10.923+0000] {dagbag.py:540} INFO - Filling up the DagBag from /home/airflow/.local/lib/python3.10/site-packages/airflow/example_dags/tutorial_objectstorage.py
[2024-12-09T21:57:10.930+0000] {processor.py:840} INFO - DAG(s) 'tutorial_objectstorage' retrieved from /home/airflow/.local/lib/python3.10/site-packages/airflow/example_dags/tutorial_objectstorage.py
[2024-12-09T21:57:10.949+0000] {logging_mixin.py:188} INFO - [2024-12-09T21:57:10.949+0000] {dag.py:3047} INFO - Sync 1 DAGs
[2024-12-09T21:57:10.961+0000] {logging_mixin.py:188} INFO - [2024-12-09T21:57:10.960+0000] {dag.py:3834} INFO - Setting next_dagrun for tutorial_objectstorage to None, run_after=None
[2024-12-09T21:57:10.980+0000] {processor.py:183} INFO - Processing /home/airflow/.local/lib/python3.10/site-packages/airflow/example_dags/tutorial_objectstorage.py took 0.064 seconds
[2024-12-09T21:57:55.383+0000] {processor.py:161} INFO - Started process (PID=2450) to work on /home/airflow/.local/lib/python3.10/site-packages/airflow/example_dags/tutorial_objectstorage.py
[2024-12-09T21:57:55.385+0000] {processor.py:830} INFO - Processing file /home/airflow/.local/lib/python3.10/site-packages/airflow/example_dags/tutorial_objectstorage.py for tasks to queue
[2024-12-09T21:57:55.387+0000] {logging_mixin.py:188} INFO - [2024-12-09T21:57:55.387+0000] {dagbag.py:540} INFO - Filling up the DagBag from /home/airflow/.local/lib/python3.10/site-packages/airflow/example_dags/tutorial_objectstorage.py
[2024-12-09T21:57:55.395+0000] {processor.py:840} INFO - DAG(s) 'tutorial_objectstorage' retrieved from /home/airflow/.local/lib/python3.10/site-packages/airflow/example_dags/tutorial_objectstorage.py
[2024-12-09T21:57:55.415+0000] {logging_mixin.py:188} INFO - [2024-12-09T21:57:55.415+0000] {dag.py:3047} INFO - Sync 1 DAGs
[2024-12-09T21:57:55.428+0000] {logging_mixin.py:188} INFO - [2024-12-09T21:57:55.428+0000] {dag.py:3834} INFO - Setting next_dagrun for tutorial_objectstorage to None, run_after=None
[2024-12-09T21:57:55.446+0000] {processor.py:183} INFO - Processing /home/airflow/.local/lib/python3.10/site-packages/airflow/example_dags/tutorial_objectstorage.py took 0.067 seconds
[2024-12-09T21:58:25.692+0000] {processor.py:161} INFO - Started process (PID=2505) to work on /home/airflow/.local/lib/python3.10/site-packages/airflow/example_dags/tutorial_objectstorage.py
[2024-12-09T21:58:25.693+0000] {processor.py:830} INFO - Processing file /home/airflow/.local/lib/python3.10/site-packages/airflow/example_dags/tutorial_objectstorage.py for tasks to queue
[2024-12-09T21:58:25.695+0000] {logging_mixin.py:188} INFO - [2024-12-09T21:58:25.695+0000] {dagbag.py:540} INFO - Filling up the DagBag from /home/airflow/.local/lib/python3.10/site-packages/airflow/example_dags/tutorial_objectstorage.py
[2024-12-09T21:58:25.702+0000] {processor.py:840} INFO - DAG(s) 'tutorial_objectstorage' retrieved from /home/airflow/.local/lib/python3.10/site-packages/airflow/example_dags/tutorial_objectstorage.py
[2024-12-09T21:58:25.721+0000] {logging_mixin.py:188} INFO - [2024-12-09T21:58:25.721+0000] {dag.py:3047} INFO - Sync 1 DAGs
[2024-12-09T21:58:25.731+0000] {logging_mixin.py:188} INFO - [2024-12-09T21:58:25.731+0000] {dag.py:3834} INFO - Setting next_dagrun for tutorial_objectstorage to None, run_after=None
[2024-12-09T21:58:25.751+0000] {processor.py:183} INFO - Processing /home/airflow/.local/lib/python3.10/site-packages/airflow/example_dags/tutorial_objectstorage.py took 0.063 seconds
[2024-12-09T21:58:56.733+0000] {processor.py:161} INFO - Started process (PID=2560) to work on /home/airflow/.local/lib/python3.10/site-packages/airflow/example_dags/tutorial_objectstorage.py
[2024-12-09T21:58:56.734+0000] {processor.py:830} INFO - Processing file /home/airflow/.local/lib/python3.10/site-packages/airflow/example_dags/tutorial_objectstorage.py for tasks to queue
[2024-12-09T21:58:56.736+0000] {logging_mixin.py:188} INFO - [2024-12-09T21:58:56.736+0000] {dagbag.py:540} INFO - Filling up the DagBag from /home/airflow/.local/lib/python3.10/site-packages/airflow/example_dags/tutorial_objectstorage.py
[2024-12-09T21:58:56.743+0000] {processor.py:840} INFO - DAG(s) 'tutorial_objectstorage' retrieved from /home/airflow/.local/lib/python3.10/site-packages/airflow/example_dags/tutorial_objectstorage.py
[2024-12-09T21:58:56.763+0000] {logging_mixin.py:188} INFO - [2024-12-09T21:58:56.763+0000] {dag.py:3047} INFO - Sync 1 DAGs
[2024-12-09T21:58:56.774+0000] {logging_mixin.py:188} INFO - [2024-12-09T21:58:56.774+0000] {dag.py:3834} INFO - Setting next_dagrun for tutorial_objectstorage to None, run_after=None
[2024-12-09T21:58:56.804+0000] {processor.py:183} INFO - Processing /home/airflow/.local/lib/python3.10/site-packages/airflow/example_dags/tutorial_objectstorage.py took 0.075 seconds
[2024-12-09T21:59:27.709+0000] {processor.py:161} INFO - Started process (PID=2616) to work on /home/airflow/.local/lib/python3.10/site-packages/airflow/example_dags/tutorial_objectstorage.py
[2024-12-09T21:59:27.710+0000] {processor.py:830} INFO - Processing file /home/airflow/.local/lib/python3.10/site-packages/airflow/example_dags/tutorial_objectstorage.py for tasks to queue
[2024-12-09T21:59:27.712+0000] {logging_mixin.py:188} INFO - [2024-12-09T21:59:27.711+0000] {dagbag.py:540} INFO - Filling up the DagBag from /home/airflow/.local/lib/python3.10/site-packages/airflow/example_dags/tutorial_objectstorage.py
[2024-12-09T21:59:27.718+0000] {processor.py:840} INFO - DAG(s) 'tutorial_objectstorage' retrieved from /home/airflow/.local/lib/python3.10/site-packages/airflow/example_dags/tutorial_objectstorage.py
[2024-12-09T21:59:27.738+0000] {logging_mixin.py:188} INFO - [2024-12-09T21:59:27.737+0000] {dag.py:3047} INFO - Sync 1 DAGs
[2024-12-09T21:59:27.748+0000] {logging_mixin.py:188} INFO - [2024-12-09T21:59:27.748+0000] {dag.py:3834} INFO - Setting next_dagrun for tutorial_objectstorage to None, run_after=None
[2024-12-09T21:59:27.767+0000] {processor.py:183} INFO - Processing /home/airflow/.local/lib/python3.10/site-packages/airflow/example_dags/tutorial_objectstorage.py took 0.062 seconds
[2024-12-09T21:59:57.842+0000] {processor.py:161} INFO - Started process (PID=2671) to work on /home/airflow/.local/lib/python3.10/site-packages/airflow/example_dags/tutorial_objectstorage.py
[2024-12-09T21:59:57.843+0000] {processor.py:830} INFO - Processing file /home/airflow/.local/lib/python3.10/site-packages/airflow/example_dags/tutorial_objectstorage.py for tasks to queue
[2024-12-09T21:59:57.845+0000] {logging_mixin.py:188} INFO - [2024-12-09T21:59:57.845+0000] {dagbag.py:540} INFO - Filling up the DagBag from /home/airflow/.local/lib/python3.10/site-packages/airflow/example_dags/tutorial_objectstorage.py
[2024-12-09T21:59:57.854+0000] {processor.py:840} INFO - DAG(s) 'tutorial_objectstorage' retrieved from /home/airflow/.local/lib/python3.10/site-packages/airflow/example_dags/tutorial_objectstorage.py
[2024-12-09T21:59:57.874+0000] {logging_mixin.py:188} INFO - [2024-12-09T21:59:57.874+0000] {dag.py:3047} INFO - Sync 1 DAGs
[2024-12-09T21:59:57.889+0000] {logging_mixin.py:188} INFO - [2024-12-09T21:59:57.889+0000] {dag.py:3834} INFO - Setting next_dagrun for tutorial_objectstorage to None, run_after=None
[2024-12-09T21:59:57.907+0000] {processor.py:183} INFO - Processing /home/airflow/.local/lib/python3.10/site-packages/airflow/example_dags/tutorial_objectstorage.py took 0.069 seconds
[2024-12-09T23:00:46.091+0000] {processor.py:161} INFO - Started process (PID=2727) to work on /home/airflow/.local/lib/python3.10/site-packages/airflow/example_dags/tutorial_objectstorage.py
[2024-12-09T23:00:46.093+0000] {processor.py:830} INFO - Processing file /home/airflow/.local/lib/python3.10/site-packages/airflow/example_dags/tutorial_objectstorage.py for tasks to queue
[2024-12-09T23:00:46.097+0000] {logging_mixin.py:188} INFO - [2024-12-09T23:00:46.096+0000] {dagbag.py:540} INFO - Filling up the DagBag from /home/airflow/.local/lib/python3.10/site-packages/airflow/example_dags/tutorial_objectstorage.py
[2024-12-09T23:00:46.115+0000] {processor.py:840} INFO - DAG(s) 'tutorial_objectstorage' retrieved from /home/airflow/.local/lib/python3.10/site-packages/airflow/example_dags/tutorial_objectstorage.py
[2024-12-09T23:00:46.161+0000] {logging_mixin.py:188} INFO - [2024-12-09T23:00:46.161+0000] {dag.py:3047} INFO - Sync 1 DAGs
[2024-12-09T23:00:46.184+0000] {logging_mixin.py:188} INFO - [2024-12-09T23:00:46.184+0000] {dag.py:3834} INFO - Setting next_dagrun for tutorial_objectstorage to None, run_after=None
[2024-12-09T23:00:46.217+0000] {processor.py:183} INFO - Processing /home/airflow/.local/lib/python3.10/site-packages/airflow/example_dags/tutorial_objectstorage.py took 0.134 seconds
