[2024-12-09T13:35:35.402+0000] {processor.py:161} INFO - Started process (PID=64) to work on /home/airflow/.local/lib/python3.10/site-packages/airflow/example_dags/tutorial.py
[2024-12-09T13:35:35.428+0000] {processor.py:830} INFO - Processing file /home/airflow/.local/lib/python3.10/site-packages/airflow/example_dags/tutorial.py for tasks to queue
[2024-12-09T13:35:35.444+0000] {logging_mixin.py:188} INFO - [2024-12-09T13:35:35.443+0000] {dagbag.py:540} INFO - Filling up the DagBag from /home/airflow/.local/lib/python3.10/site-packages/airflow/example_dags/tutorial.py
[2024-12-09T13:35:35.510+0000] {processor.py:840} INFO - DAG(s) 'tutorial' retrieved from /home/airflow/.local/lib/python3.10/site-packages/airflow/example_dags/tutorial.py
[2024-12-09T13:35:35.735+0000] {logging_mixin.py:188} INFO - [2024-12-09T13:35:35.735+0000] {dag.py:3047} INFO - Sync 1 DAGs
[2024-12-09T13:35:35.904+0000] {logging_mixin.py:188} INFO - [2024-12-09T13:35:35.903+0000] {dag.py:3834} INFO - Setting next_dagrun for tutorial to 2024-12-08 00:00:00+00:00, run_after=2024-12-09 00:00:00+00:00
[2024-12-09T13:35:35.982+0000] {processor.py:183} INFO - Processing /home/airflow/.local/lib/python3.10/site-packages/airflow/example_dags/tutorial.py took 0.662 seconds
[2024-12-09T20:37:11.754+0000] {processor.py:161} INFO - Started process (PID=64) to work on /home/airflow/.local/lib/python3.10/site-packages/airflow/example_dags/tutorial.py
[2024-12-09T20:37:11.763+0000] {processor.py:830} INFO - Processing file /home/airflow/.local/lib/python3.10/site-packages/airflow/example_dags/tutorial.py for tasks to queue
[2024-12-09T20:37:11.773+0000] {logging_mixin.py:188} INFO - [2024-12-09T20:37:11.770+0000] {dagbag.py:540} INFO - Filling up the DagBag from /home/airflow/.local/lib/python3.10/site-packages/airflow/example_dags/tutorial.py
[2024-12-09T20:37:11.864+0000] {processor.py:840} INFO - DAG(s) 'tutorial' retrieved from /home/airflow/.local/lib/python3.10/site-packages/airflow/example_dags/tutorial.py
[2024-12-09T20:37:12.084+0000] {logging_mixin.py:188} INFO - [2024-12-09T20:37:12.083+0000] {dag.py:3047} INFO - Sync 1 DAGs
[2024-12-09T20:37:12.180+0000] {logging_mixin.py:188} INFO - [2024-12-09T20:37:12.179+0000] {dag.py:3834} INFO - Setting next_dagrun for tutorial to 2024-12-08 00:00:00+00:00, run_after=2024-12-09 00:00:00+00:00
[2024-12-09T20:37:13.879+0000] {processor.py:183} INFO - Processing /home/airflow/.local/lib/python3.10/site-packages/airflow/example_dags/tutorial.py took 2.145 seconds
[2024-12-09T20:37:44.487+0000] {processor.py:161} INFO - Started process (PID=120) to work on /home/airflow/.local/lib/python3.10/site-packages/airflow/example_dags/tutorial.py
[2024-12-09T20:37:44.489+0000] {processor.py:830} INFO - Processing file /home/airflow/.local/lib/python3.10/site-packages/airflow/example_dags/tutorial.py for tasks to queue
[2024-12-09T20:37:44.491+0000] {logging_mixin.py:188} INFO - [2024-12-09T20:37:44.491+0000] {dagbag.py:540} INFO - Filling up the DagBag from /home/airflow/.local/lib/python3.10/site-packages/airflow/example_dags/tutorial.py
[2024-12-09T20:37:44.500+0000] {processor.py:840} INFO - DAG(s) 'tutorial' retrieved from /home/airflow/.local/lib/python3.10/site-packages/airflow/example_dags/tutorial.py
[2024-12-09T20:37:44.534+0000] {logging_mixin.py:188} INFO - [2024-12-09T20:37:44.534+0000] {dag.py:3047} INFO - Sync 1 DAGs
[2024-12-09T20:37:44.578+0000] {logging_mixin.py:188} INFO - [2024-12-09T20:37:44.577+0000] {dag.py:3834} INFO - Setting next_dagrun for tutorial to 2024-12-08 00:00:00+00:00, run_after=2024-12-09 00:00:00+00:00
[2024-12-09T20:37:44.619+0000] {processor.py:183} INFO - Processing /home/airflow/.local/lib/python3.10/site-packages/airflow/example_dags/tutorial.py took 0.137 seconds
[2024-12-09T20:38:14.780+0000] {processor.py:161} INFO - Started process (PID=176) to work on /home/airflow/.local/lib/python3.10/site-packages/airflow/example_dags/tutorial.py
[2024-12-09T20:38:14.784+0000] {processor.py:830} INFO - Processing file /home/airflow/.local/lib/python3.10/site-packages/airflow/example_dags/tutorial.py for tasks to queue
[2024-12-09T20:38:14.787+0000] {logging_mixin.py:188} INFO - [2024-12-09T20:38:14.786+0000] {dagbag.py:540} INFO - Filling up the DagBag from /home/airflow/.local/lib/python3.10/site-packages/airflow/example_dags/tutorial.py
[2024-12-09T20:38:14.793+0000] {processor.py:840} INFO - DAG(s) 'tutorial' retrieved from /home/airflow/.local/lib/python3.10/site-packages/airflow/example_dags/tutorial.py
[2024-12-09T20:38:14.813+0000] {logging_mixin.py:188} INFO - [2024-12-09T20:38:14.813+0000] {dag.py:3047} INFO - Sync 1 DAGs
[2024-12-09T20:38:14.835+0000] {logging_mixin.py:188} INFO - [2024-12-09T20:38:14.834+0000] {dag.py:3834} INFO - Setting next_dagrun for tutorial to 2024-12-08 00:00:00+00:00, run_after=2024-12-09 00:00:00+00:00
[2024-12-09T20:38:14.855+0000] {processor.py:183} INFO - Processing /home/airflow/.local/lib/python3.10/site-packages/airflow/example_dags/tutorial.py took 0.079 seconds
[2024-12-09T20:38:45.314+0000] {processor.py:161} INFO - Started process (PID=232) to work on /home/airflow/.local/lib/python3.10/site-packages/airflow/example_dags/tutorial.py
[2024-12-09T20:38:45.315+0000] {processor.py:830} INFO - Processing file /home/airflow/.local/lib/python3.10/site-packages/airflow/example_dags/tutorial.py for tasks to queue
[2024-12-09T20:38:45.317+0000] {logging_mixin.py:188} INFO - [2024-12-09T20:38:45.317+0000] {dagbag.py:540} INFO - Filling up the DagBag from /home/airflow/.local/lib/python3.10/site-packages/airflow/example_dags/tutorial.py
[2024-12-09T20:38:45.322+0000] {processor.py:840} INFO - DAG(s) 'tutorial' retrieved from /home/airflow/.local/lib/python3.10/site-packages/airflow/example_dags/tutorial.py
[2024-12-09T20:38:45.342+0000] {logging_mixin.py:188} INFO - [2024-12-09T20:38:45.342+0000] {dag.py:3047} INFO - Sync 1 DAGs
[2024-12-09T20:38:45.363+0000] {logging_mixin.py:188} INFO - [2024-12-09T20:38:45.363+0000] {dag.py:3834} INFO - Setting next_dagrun for tutorial to 2024-12-08 00:00:00+00:00, run_after=2024-12-09 00:00:00+00:00
[2024-12-09T20:38:45.380+0000] {processor.py:183} INFO - Processing /home/airflow/.local/lib/python3.10/site-packages/airflow/example_dags/tutorial.py took 0.069 seconds
[2024-12-09T20:39:15.655+0000] {processor.py:161} INFO - Started process (PID=288) to work on /home/airflow/.local/lib/python3.10/site-packages/airflow/example_dags/tutorial.py
[2024-12-09T20:39:15.656+0000] {processor.py:830} INFO - Processing file /home/airflow/.local/lib/python3.10/site-packages/airflow/example_dags/tutorial.py for tasks to queue
[2024-12-09T20:39:15.658+0000] {logging_mixin.py:188} INFO - [2024-12-09T20:39:15.658+0000] {dagbag.py:540} INFO - Filling up the DagBag from /home/airflow/.local/lib/python3.10/site-packages/airflow/example_dags/tutorial.py
[2024-12-09T20:39:15.663+0000] {processor.py:840} INFO - DAG(s) 'tutorial' retrieved from /home/airflow/.local/lib/python3.10/site-packages/airflow/example_dags/tutorial.py
[2024-12-09T20:39:15.682+0000] {logging_mixin.py:188} INFO - [2024-12-09T20:39:15.681+0000] {dag.py:3047} INFO - Sync 1 DAGs
[2024-12-09T20:39:15.700+0000] {logging_mixin.py:188} INFO - [2024-12-09T20:39:15.699+0000] {dag.py:3834} INFO - Setting next_dagrun for tutorial to 2024-12-08 00:00:00+00:00, run_after=2024-12-09 00:00:00+00:00
[2024-12-09T20:39:15.716+0000] {processor.py:183} INFO - Processing /home/airflow/.local/lib/python3.10/site-packages/airflow/example_dags/tutorial.py took 0.064 seconds
[2024-12-09T20:39:46.330+0000] {processor.py:161} INFO - Started process (PID=343) to work on /home/airflow/.local/lib/python3.10/site-packages/airflow/example_dags/tutorial.py
[2024-12-09T20:39:46.331+0000] {processor.py:830} INFO - Processing file /home/airflow/.local/lib/python3.10/site-packages/airflow/example_dags/tutorial.py for tasks to queue
[2024-12-09T20:39:46.333+0000] {logging_mixin.py:188} INFO - [2024-12-09T20:39:46.332+0000] {dagbag.py:540} INFO - Filling up the DagBag from /home/airflow/.local/lib/python3.10/site-packages/airflow/example_dags/tutorial.py
[2024-12-09T20:39:46.338+0000] {processor.py:840} INFO - DAG(s) 'tutorial' retrieved from /home/airflow/.local/lib/python3.10/site-packages/airflow/example_dags/tutorial.py
[2024-12-09T20:39:46.356+0000] {logging_mixin.py:188} INFO - [2024-12-09T20:39:46.355+0000] {dag.py:3047} INFO - Sync 1 DAGs
[2024-12-09T20:39:46.374+0000] {logging_mixin.py:188} INFO - [2024-12-09T20:39:46.374+0000] {dag.py:3834} INFO - Setting next_dagrun for tutorial to 2024-12-08 00:00:00+00:00, run_after=2024-12-09 00:00:00+00:00
[2024-12-09T20:39:46.392+0000] {processor.py:183} INFO - Processing /home/airflow/.local/lib/python3.10/site-packages/airflow/example_dags/tutorial.py took 0.065 seconds
[2024-12-09T20:40:17.043+0000] {processor.py:161} INFO - Started process (PID=398) to work on /home/airflow/.local/lib/python3.10/site-packages/airflow/example_dags/tutorial.py
[2024-12-09T20:40:17.044+0000] {processor.py:830} INFO - Processing file /home/airflow/.local/lib/python3.10/site-packages/airflow/example_dags/tutorial.py for tasks to queue
[2024-12-09T20:40:17.046+0000] {logging_mixin.py:188} INFO - [2024-12-09T20:40:17.045+0000] {dagbag.py:540} INFO - Filling up the DagBag from /home/airflow/.local/lib/python3.10/site-packages/airflow/example_dags/tutorial.py
[2024-12-09T20:40:17.051+0000] {processor.py:840} INFO - DAG(s) 'tutorial' retrieved from /home/airflow/.local/lib/python3.10/site-packages/airflow/example_dags/tutorial.py
[2024-12-09T20:40:17.070+0000] {logging_mixin.py:188} INFO - [2024-12-09T20:40:17.070+0000] {dag.py:3047} INFO - Sync 1 DAGs
[2024-12-09T20:40:17.090+0000] {logging_mixin.py:188} INFO - [2024-12-09T20:40:17.089+0000] {dag.py:3834} INFO - Setting next_dagrun for tutorial to 2024-12-08 00:00:00+00:00, run_after=2024-12-09 00:00:00+00:00
[2024-12-09T20:40:17.109+0000] {processor.py:183} INFO - Processing /home/airflow/.local/lib/python3.10/site-packages/airflow/example_dags/tutorial.py took 0.070 seconds
[2024-12-09T20:40:47.600+0000] {processor.py:161} INFO - Started process (PID=454) to work on /home/airflow/.local/lib/python3.10/site-packages/airflow/example_dags/tutorial.py
[2024-12-09T20:40:47.601+0000] {processor.py:830} INFO - Processing file /home/airflow/.local/lib/python3.10/site-packages/airflow/example_dags/tutorial.py for tasks to queue
[2024-12-09T20:40:47.604+0000] {logging_mixin.py:188} INFO - [2024-12-09T20:40:47.603+0000] {dagbag.py:540} INFO - Filling up the DagBag from /home/airflow/.local/lib/python3.10/site-packages/airflow/example_dags/tutorial.py
[2024-12-09T20:40:47.615+0000] {processor.py:840} INFO - DAG(s) 'tutorial' retrieved from /home/airflow/.local/lib/python3.10/site-packages/airflow/example_dags/tutorial.py
[2024-12-09T20:40:47.644+0000] {logging_mixin.py:188} INFO - [2024-12-09T20:40:47.644+0000] {dag.py:3047} INFO - Sync 1 DAGs
[2024-12-09T20:40:47.678+0000] {logging_mixin.py:188} INFO - [2024-12-09T20:40:47.678+0000] {dag.py:3834} INFO - Setting next_dagrun for tutorial to 2024-12-08 00:00:00+00:00, run_after=2024-12-09 00:00:00+00:00
[2024-12-09T20:40:47.706+0000] {processor.py:183} INFO - Processing /home/airflow/.local/lib/python3.10/site-packages/airflow/example_dags/tutorial.py took 0.111 seconds
[2024-12-09T20:41:17.941+0000] {processor.py:161} INFO - Started process (PID=509) to work on /home/airflow/.local/lib/python3.10/site-packages/airflow/example_dags/tutorial.py
[2024-12-09T20:41:17.942+0000] {processor.py:830} INFO - Processing file /home/airflow/.local/lib/python3.10/site-packages/airflow/example_dags/tutorial.py for tasks to queue
[2024-12-09T20:41:17.944+0000] {logging_mixin.py:188} INFO - [2024-12-09T20:41:17.944+0000] {dagbag.py:540} INFO - Filling up the DagBag from /home/airflow/.local/lib/python3.10/site-packages/airflow/example_dags/tutorial.py
[2024-12-09T20:41:17.951+0000] {processor.py:840} INFO - DAG(s) 'tutorial' retrieved from /home/airflow/.local/lib/python3.10/site-packages/airflow/example_dags/tutorial.py
[2024-12-09T20:41:17.971+0000] {logging_mixin.py:188} INFO - [2024-12-09T20:41:17.971+0000] {dag.py:3047} INFO - Sync 1 DAGs
[2024-12-09T20:41:17.990+0000] {logging_mixin.py:188} INFO - [2024-12-09T20:41:17.990+0000] {dag.py:3834} INFO - Setting next_dagrun for tutorial to 2024-12-08 00:00:00+00:00, run_after=2024-12-09 00:00:00+00:00
[2024-12-09T20:41:18.010+0000] {processor.py:183} INFO - Processing /home/airflow/.local/lib/python3.10/site-packages/airflow/example_dags/tutorial.py took 0.072 seconds
[2024-12-09T20:41:48.553+0000] {processor.py:161} INFO - Started process (PID=564) to work on /home/airflow/.local/lib/python3.10/site-packages/airflow/example_dags/tutorial.py
[2024-12-09T20:41:48.555+0000] {processor.py:830} INFO - Processing file /home/airflow/.local/lib/python3.10/site-packages/airflow/example_dags/tutorial.py for tasks to queue
[2024-12-09T20:41:48.559+0000] {logging_mixin.py:188} INFO - [2024-12-09T20:41:48.559+0000] {dagbag.py:540} INFO - Filling up the DagBag from /home/airflow/.local/lib/python3.10/site-packages/airflow/example_dags/tutorial.py
[2024-12-09T20:41:48.567+0000] {processor.py:840} INFO - DAG(s) 'tutorial' retrieved from /home/airflow/.local/lib/python3.10/site-packages/airflow/example_dags/tutorial.py
[2024-12-09T20:41:48.597+0000] {logging_mixin.py:188} INFO - [2024-12-09T20:41:48.596+0000] {dag.py:3047} INFO - Sync 1 DAGs
[2024-12-09T20:41:48.625+0000] {logging_mixin.py:188} INFO - [2024-12-09T20:41:48.625+0000] {dag.py:3834} INFO - Setting next_dagrun for tutorial to 2024-12-08 00:00:00+00:00, run_after=2024-12-09 00:00:00+00:00
[2024-12-09T20:41:48.651+0000] {processor.py:183} INFO - Processing /home/airflow/.local/lib/python3.10/site-packages/airflow/example_dags/tutorial.py took 0.103 seconds
[2024-12-09T20:42:18.865+0000] {processor.py:161} INFO - Started process (PID=620) to work on /home/airflow/.local/lib/python3.10/site-packages/airflow/example_dags/tutorial.py
[2024-12-09T20:42:18.866+0000] {processor.py:830} INFO - Processing file /home/airflow/.local/lib/python3.10/site-packages/airflow/example_dags/tutorial.py for tasks to queue
[2024-12-09T20:42:18.868+0000] {logging_mixin.py:188} INFO - [2024-12-09T20:42:18.868+0000] {dagbag.py:540} INFO - Filling up the DagBag from /home/airflow/.local/lib/python3.10/site-packages/airflow/example_dags/tutorial.py
[2024-12-09T20:42:18.873+0000] {processor.py:840} INFO - DAG(s) 'tutorial' retrieved from /home/airflow/.local/lib/python3.10/site-packages/airflow/example_dags/tutorial.py
[2024-12-09T20:42:18.891+0000] {logging_mixin.py:188} INFO - [2024-12-09T20:42:18.891+0000] {dag.py:3047} INFO - Sync 1 DAGs
[2024-12-09T20:42:18.911+0000] {logging_mixin.py:188} INFO - [2024-12-09T20:42:18.911+0000] {dag.py:3834} INFO - Setting next_dagrun for tutorial to 2024-12-08 00:00:00+00:00, run_after=2024-12-09 00:00:00+00:00
[2024-12-09T20:42:18.930+0000] {processor.py:183} INFO - Processing /home/airflow/.local/lib/python3.10/site-packages/airflow/example_dags/tutorial.py took 0.068 seconds
[2024-12-09T20:42:49.154+0000] {processor.py:161} INFO - Started process (PID=676) to work on /home/airflow/.local/lib/python3.10/site-packages/airflow/example_dags/tutorial.py
[2024-12-09T20:42:49.156+0000] {processor.py:830} INFO - Processing file /home/airflow/.local/lib/python3.10/site-packages/airflow/example_dags/tutorial.py for tasks to queue
[2024-12-09T20:42:49.158+0000] {logging_mixin.py:188} INFO - [2024-12-09T20:42:49.158+0000] {dagbag.py:540} INFO - Filling up the DagBag from /home/airflow/.local/lib/python3.10/site-packages/airflow/example_dags/tutorial.py
[2024-12-09T20:42:49.163+0000] {processor.py:840} INFO - DAG(s) 'tutorial' retrieved from /home/airflow/.local/lib/python3.10/site-packages/airflow/example_dags/tutorial.py
[2024-12-09T20:42:49.180+0000] {logging_mixin.py:188} INFO - [2024-12-09T20:42:49.180+0000] {dag.py:3047} INFO - Sync 1 DAGs
[2024-12-09T20:42:49.198+0000] {logging_mixin.py:188} INFO - [2024-12-09T20:42:49.197+0000] {dag.py:3834} INFO - Setting next_dagrun for tutorial to 2024-12-08 00:00:00+00:00, run_after=2024-12-09 00:00:00+00:00
[2024-12-09T20:42:49.217+0000] {processor.py:183} INFO - Processing /home/airflow/.local/lib/python3.10/site-packages/airflow/example_dags/tutorial.py took 0.066 seconds
[2024-12-09T20:43:19.280+0000] {processor.py:161} INFO - Started process (PID=731) to work on /home/airflow/.local/lib/python3.10/site-packages/airflow/example_dags/tutorial.py
[2024-12-09T20:43:19.281+0000] {processor.py:830} INFO - Processing file /home/airflow/.local/lib/python3.10/site-packages/airflow/example_dags/tutorial.py for tasks to queue
[2024-12-09T20:43:19.283+0000] {logging_mixin.py:188} INFO - [2024-12-09T20:43:19.283+0000] {dagbag.py:540} INFO - Filling up the DagBag from /home/airflow/.local/lib/python3.10/site-packages/airflow/example_dags/tutorial.py
[2024-12-09T20:43:19.288+0000] {processor.py:840} INFO - DAG(s) 'tutorial' retrieved from /home/airflow/.local/lib/python3.10/site-packages/airflow/example_dags/tutorial.py
[2024-12-09T20:43:19.309+0000] {logging_mixin.py:188} INFO - [2024-12-09T20:43:19.309+0000] {dag.py:3047} INFO - Sync 1 DAGs
[2024-12-09T20:43:19.331+0000] {logging_mixin.py:188} INFO - [2024-12-09T20:43:19.331+0000] {dag.py:3834} INFO - Setting next_dagrun for tutorial to 2024-12-08 00:00:00+00:00, run_after=2024-12-09 00:00:00+00:00
[2024-12-09T20:43:19.350+0000] {processor.py:183} INFO - Processing /home/airflow/.local/lib/python3.10/site-packages/airflow/example_dags/tutorial.py took 0.074 seconds
[2024-12-09T20:43:49.462+0000] {processor.py:161} INFO - Started process (PID=787) to work on /home/airflow/.local/lib/python3.10/site-packages/airflow/example_dags/tutorial.py
[2024-12-09T20:43:49.464+0000] {processor.py:830} INFO - Processing file /home/airflow/.local/lib/python3.10/site-packages/airflow/example_dags/tutorial.py for tasks to queue
[2024-12-09T20:43:49.466+0000] {logging_mixin.py:188} INFO - [2024-12-09T20:43:49.465+0000] {dagbag.py:540} INFO - Filling up the DagBag from /home/airflow/.local/lib/python3.10/site-packages/airflow/example_dags/tutorial.py
[2024-12-09T20:43:49.471+0000] {processor.py:840} INFO - DAG(s) 'tutorial' retrieved from /home/airflow/.local/lib/python3.10/site-packages/airflow/example_dags/tutorial.py
[2024-12-09T20:43:49.490+0000] {logging_mixin.py:188} INFO - [2024-12-09T20:43:49.489+0000] {dag.py:3047} INFO - Sync 1 DAGs
[2024-12-09T20:43:49.508+0000] {logging_mixin.py:188} INFO - [2024-12-09T20:43:49.508+0000] {dag.py:3834} INFO - Setting next_dagrun for tutorial to 2024-12-08 00:00:00+00:00, run_after=2024-12-09 00:00:00+00:00
[2024-12-09T20:43:49.525+0000] {processor.py:183} INFO - Processing /home/airflow/.local/lib/python3.10/site-packages/airflow/example_dags/tutorial.py took 0.066 seconds
[2024-12-09T20:44:20.205+0000] {processor.py:161} INFO - Started process (PID=843) to work on /home/airflow/.local/lib/python3.10/site-packages/airflow/example_dags/tutorial.py
[2024-12-09T20:44:20.206+0000] {processor.py:830} INFO - Processing file /home/airflow/.local/lib/python3.10/site-packages/airflow/example_dags/tutorial.py for tasks to queue
[2024-12-09T20:44:20.208+0000] {logging_mixin.py:188} INFO - [2024-12-09T20:44:20.208+0000] {dagbag.py:540} INFO - Filling up the DagBag from /home/airflow/.local/lib/python3.10/site-packages/airflow/example_dags/tutorial.py
[2024-12-09T20:44:20.214+0000] {processor.py:840} INFO - DAG(s) 'tutorial' retrieved from /home/airflow/.local/lib/python3.10/site-packages/airflow/example_dags/tutorial.py
[2024-12-09T20:44:20.232+0000] {logging_mixin.py:188} INFO - [2024-12-09T20:44:20.231+0000] {dag.py:3047} INFO - Sync 1 DAGs
[2024-12-09T20:44:20.251+0000] {logging_mixin.py:188} INFO - [2024-12-09T20:44:20.251+0000] {dag.py:3834} INFO - Setting next_dagrun for tutorial to 2024-12-08 00:00:00+00:00, run_after=2024-12-09 00:00:00+00:00
[2024-12-09T20:44:20.271+0000] {processor.py:183} INFO - Processing /home/airflow/.local/lib/python3.10/site-packages/airflow/example_dags/tutorial.py took 0.070 seconds
[2024-12-09T20:44:50.416+0000] {processor.py:161} INFO - Started process (PID=899) to work on /home/airflow/.local/lib/python3.10/site-packages/airflow/example_dags/tutorial.py
[2024-12-09T20:44:50.418+0000] {processor.py:830} INFO - Processing file /home/airflow/.local/lib/python3.10/site-packages/airflow/example_dags/tutorial.py for tasks to queue
[2024-12-09T20:44:50.420+0000] {logging_mixin.py:188} INFO - [2024-12-09T20:44:50.419+0000] {dagbag.py:540} INFO - Filling up the DagBag from /home/airflow/.local/lib/python3.10/site-packages/airflow/example_dags/tutorial.py
[2024-12-09T20:44:50.425+0000] {processor.py:840} INFO - DAG(s) 'tutorial' retrieved from /home/airflow/.local/lib/python3.10/site-packages/airflow/example_dags/tutorial.py
[2024-12-09T20:44:50.443+0000] {logging_mixin.py:188} INFO - [2024-12-09T20:44:50.443+0000] {dag.py:3047} INFO - Sync 1 DAGs
[2024-12-09T20:44:50.465+0000] {logging_mixin.py:188} INFO - [2024-12-09T20:44:50.465+0000] {dag.py:3834} INFO - Setting next_dagrun for tutorial to 2024-12-08 00:00:00+00:00, run_after=2024-12-09 00:00:00+00:00
[2024-12-09T20:44:50.484+0000] {processor.py:183} INFO - Processing /home/airflow/.local/lib/python3.10/site-packages/airflow/example_dags/tutorial.py took 0.071 seconds
[2024-12-09T20:45:20.643+0000] {processor.py:161} INFO - Started process (PID=955) to work on /home/airflow/.local/lib/python3.10/site-packages/airflow/example_dags/tutorial.py
[2024-12-09T20:45:20.644+0000] {processor.py:830} INFO - Processing file /home/airflow/.local/lib/python3.10/site-packages/airflow/example_dags/tutorial.py for tasks to queue
[2024-12-09T20:45:20.646+0000] {logging_mixin.py:188} INFO - [2024-12-09T20:45:20.645+0000] {dagbag.py:540} INFO - Filling up the DagBag from /home/airflow/.local/lib/python3.10/site-packages/airflow/example_dags/tutorial.py
[2024-12-09T20:45:20.651+0000] {processor.py:840} INFO - DAG(s) 'tutorial' retrieved from /home/airflow/.local/lib/python3.10/site-packages/airflow/example_dags/tutorial.py
[2024-12-09T20:45:20.671+0000] {logging_mixin.py:188} INFO - [2024-12-09T20:45:20.671+0000] {dag.py:3047} INFO - Sync 1 DAGs
[2024-12-09T20:45:20.692+0000] {logging_mixin.py:188} INFO - [2024-12-09T20:45:20.692+0000] {dag.py:3834} INFO - Setting next_dagrun for tutorial to 2024-12-08 00:00:00+00:00, run_after=2024-12-09 00:00:00+00:00
[2024-12-09T20:45:20.709+0000] {processor.py:183} INFO - Processing /home/airflow/.local/lib/python3.10/site-packages/airflow/example_dags/tutorial.py took 0.070 seconds
[2024-12-09T20:45:51.408+0000] {processor.py:161} INFO - Started process (PID=1010) to work on /home/airflow/.local/lib/python3.10/site-packages/airflow/example_dags/tutorial.py
[2024-12-09T20:45:51.410+0000] {processor.py:830} INFO - Processing file /home/airflow/.local/lib/python3.10/site-packages/airflow/example_dags/tutorial.py for tasks to queue
[2024-12-09T20:45:51.413+0000] {logging_mixin.py:188} INFO - [2024-12-09T20:45:51.412+0000] {dagbag.py:540} INFO - Filling up the DagBag from /home/airflow/.local/lib/python3.10/site-packages/airflow/example_dags/tutorial.py
[2024-12-09T20:45:51.422+0000] {processor.py:840} INFO - DAG(s) 'tutorial' retrieved from /home/airflow/.local/lib/python3.10/site-packages/airflow/example_dags/tutorial.py
[2024-12-09T20:45:51.461+0000] {logging_mixin.py:188} INFO - [2024-12-09T20:45:51.460+0000] {dag.py:3047} INFO - Sync 1 DAGs
[2024-12-09T20:45:51.491+0000] {logging_mixin.py:188} INFO - [2024-12-09T20:45:51.491+0000] {dag.py:3834} INFO - Setting next_dagrun for tutorial to 2024-12-08 00:00:00+00:00, run_after=2024-12-09 00:00:00+00:00
[2024-12-09T20:45:51.520+0000] {processor.py:183} INFO - Processing /home/airflow/.local/lib/python3.10/site-packages/airflow/example_dags/tutorial.py took 0.116 seconds
[2024-12-09T20:46:21.822+0000] {processor.py:161} INFO - Started process (PID=1066) to work on /home/airflow/.local/lib/python3.10/site-packages/airflow/example_dags/tutorial.py
[2024-12-09T20:46:21.823+0000] {processor.py:830} INFO - Processing file /home/airflow/.local/lib/python3.10/site-packages/airflow/example_dags/tutorial.py for tasks to queue
[2024-12-09T20:46:21.825+0000] {logging_mixin.py:188} INFO - [2024-12-09T20:46:21.825+0000] {dagbag.py:540} INFO - Filling up the DagBag from /home/airflow/.local/lib/python3.10/site-packages/airflow/example_dags/tutorial.py
[2024-12-09T20:46:21.832+0000] {processor.py:840} INFO - DAG(s) 'tutorial' retrieved from /home/airflow/.local/lib/python3.10/site-packages/airflow/example_dags/tutorial.py
[2024-12-09T20:46:21.852+0000] {logging_mixin.py:188} INFO - [2024-12-09T20:46:21.852+0000] {dag.py:3047} INFO - Sync 1 DAGs
[2024-12-09T20:46:21.872+0000] {logging_mixin.py:188} INFO - [2024-12-09T20:46:21.872+0000] {dag.py:3834} INFO - Setting next_dagrun for tutorial to 2024-12-08 00:00:00+00:00, run_after=2024-12-09 00:00:00+00:00
[2024-12-09T20:46:21.892+0000] {processor.py:183} INFO - Processing /home/airflow/.local/lib/python3.10/site-packages/airflow/example_dags/tutorial.py took 0.074 seconds
[2024-12-09T20:46:52.147+0000] {processor.py:161} INFO - Started process (PID=1122) to work on /home/airflow/.local/lib/python3.10/site-packages/airflow/example_dags/tutorial.py
[2024-12-09T20:46:52.148+0000] {processor.py:830} INFO - Processing file /home/airflow/.local/lib/python3.10/site-packages/airflow/example_dags/tutorial.py for tasks to queue
[2024-12-09T20:46:52.150+0000] {logging_mixin.py:188} INFO - [2024-12-09T20:46:52.150+0000] {dagbag.py:540} INFO - Filling up the DagBag from /home/airflow/.local/lib/python3.10/site-packages/airflow/example_dags/tutorial.py
[2024-12-09T20:46:52.156+0000] {processor.py:840} INFO - DAG(s) 'tutorial' retrieved from /home/airflow/.local/lib/python3.10/site-packages/airflow/example_dags/tutorial.py
[2024-12-09T20:46:52.174+0000] {logging_mixin.py:188} INFO - [2024-12-09T20:46:52.173+0000] {dag.py:3047} INFO - Sync 1 DAGs
[2024-12-09T20:46:52.192+0000] {logging_mixin.py:188} INFO - [2024-12-09T20:46:52.192+0000] {dag.py:3834} INFO - Setting next_dagrun for tutorial to 2024-12-08 00:00:00+00:00, run_after=2024-12-09 00:00:00+00:00
[2024-12-09T20:46:52.210+0000] {processor.py:183} INFO - Processing /home/airflow/.local/lib/python3.10/site-packages/airflow/example_dags/tutorial.py took 0.066 seconds
[2024-12-09T20:47:22.373+0000] {processor.py:161} INFO - Started process (PID=1178) to work on /home/airflow/.local/lib/python3.10/site-packages/airflow/example_dags/tutorial.py
[2024-12-09T20:47:22.374+0000] {processor.py:830} INFO - Processing file /home/airflow/.local/lib/python3.10/site-packages/airflow/example_dags/tutorial.py for tasks to queue
[2024-12-09T20:47:22.376+0000] {logging_mixin.py:188} INFO - [2024-12-09T20:47:22.376+0000] {dagbag.py:540} INFO - Filling up the DagBag from /home/airflow/.local/lib/python3.10/site-packages/airflow/example_dags/tutorial.py
[2024-12-09T20:47:22.382+0000] {processor.py:840} INFO - DAG(s) 'tutorial' retrieved from /home/airflow/.local/lib/python3.10/site-packages/airflow/example_dags/tutorial.py
[2024-12-09T20:47:22.401+0000] {logging_mixin.py:188} INFO - [2024-12-09T20:47:22.401+0000] {dag.py:3047} INFO - Sync 1 DAGs
[2024-12-09T20:47:22.419+0000] {logging_mixin.py:188} INFO - [2024-12-09T20:47:22.419+0000] {dag.py:3834} INFO - Setting next_dagrun for tutorial to 2024-12-08 00:00:00+00:00, run_after=2024-12-09 00:00:00+00:00
[2024-12-09T20:47:22.437+0000] {processor.py:183} INFO - Processing /home/airflow/.local/lib/python3.10/site-packages/airflow/example_dags/tutorial.py took 0.068 seconds
[2024-12-09T20:47:52.926+0000] {processor.py:161} INFO - Started process (PID=1233) to work on /home/airflow/.local/lib/python3.10/site-packages/airflow/example_dags/tutorial.py
[2024-12-09T20:47:52.927+0000] {processor.py:830} INFO - Processing file /home/airflow/.local/lib/python3.10/site-packages/airflow/example_dags/tutorial.py for tasks to queue
[2024-12-09T20:47:52.929+0000] {logging_mixin.py:188} INFO - [2024-12-09T20:47:52.929+0000] {dagbag.py:540} INFO - Filling up the DagBag from /home/airflow/.local/lib/python3.10/site-packages/airflow/example_dags/tutorial.py
[2024-12-09T20:47:52.935+0000] {processor.py:840} INFO - DAG(s) 'tutorial' retrieved from /home/airflow/.local/lib/python3.10/site-packages/airflow/example_dags/tutorial.py
[2024-12-09T20:47:52.956+0000] {logging_mixin.py:188} INFO - [2024-12-09T20:47:52.956+0000] {dag.py:3047} INFO - Sync 1 DAGs
[2024-12-09T20:47:52.978+0000] {logging_mixin.py:188} INFO - [2024-12-09T20:47:52.978+0000] {dag.py:3834} INFO - Setting next_dagrun for tutorial to 2024-12-08 00:00:00+00:00, run_after=2024-12-09 00:00:00+00:00
[2024-12-09T20:47:53.001+0000] {processor.py:183} INFO - Processing /home/airflow/.local/lib/python3.10/site-packages/airflow/example_dags/tutorial.py took 0.079 seconds
[2024-12-09T20:48:23.551+0000] {processor.py:161} INFO - Started process (PID=1288) to work on /home/airflow/.local/lib/python3.10/site-packages/airflow/example_dags/tutorial.py
[2024-12-09T20:48:23.552+0000] {processor.py:830} INFO - Processing file /home/airflow/.local/lib/python3.10/site-packages/airflow/example_dags/tutorial.py for tasks to queue
[2024-12-09T20:48:23.555+0000] {logging_mixin.py:188} INFO - [2024-12-09T20:48:23.554+0000] {dagbag.py:540} INFO - Filling up the DagBag from /home/airflow/.local/lib/python3.10/site-packages/airflow/example_dags/tutorial.py
[2024-12-09T20:48:23.560+0000] {processor.py:840} INFO - DAG(s) 'tutorial' retrieved from /home/airflow/.local/lib/python3.10/site-packages/airflow/example_dags/tutorial.py
[2024-12-09T20:48:23.578+0000] {logging_mixin.py:188} INFO - [2024-12-09T20:48:23.578+0000] {dag.py:3047} INFO - Sync 1 DAGs
[2024-12-09T20:48:23.598+0000] {logging_mixin.py:188} INFO - [2024-12-09T20:48:23.598+0000] {dag.py:3834} INFO - Setting next_dagrun for tutorial to 2024-12-08 00:00:00+00:00, run_after=2024-12-09 00:00:00+00:00
[2024-12-09T20:48:23.618+0000] {processor.py:183} INFO - Processing /home/airflow/.local/lib/python3.10/site-packages/airflow/example_dags/tutorial.py took 0.070 seconds
[2024-12-09T20:48:53.835+0000] {processor.py:161} INFO - Started process (PID=1343) to work on /home/airflow/.local/lib/python3.10/site-packages/airflow/example_dags/tutorial.py
[2024-12-09T20:48:53.836+0000] {processor.py:830} INFO - Processing file /home/airflow/.local/lib/python3.10/site-packages/airflow/example_dags/tutorial.py for tasks to queue
[2024-12-09T20:48:53.838+0000] {logging_mixin.py:188} INFO - [2024-12-09T20:48:53.838+0000] {dagbag.py:540} INFO - Filling up the DagBag from /home/airflow/.local/lib/python3.10/site-packages/airflow/example_dags/tutorial.py
[2024-12-09T20:48:53.844+0000] {processor.py:840} INFO - DAG(s) 'tutorial' retrieved from /home/airflow/.local/lib/python3.10/site-packages/airflow/example_dags/tutorial.py
[2024-12-09T20:48:53.864+0000] {logging_mixin.py:188} INFO - [2024-12-09T20:48:53.864+0000] {dag.py:3047} INFO - Sync 1 DAGs
[2024-12-09T20:48:53.883+0000] {logging_mixin.py:188} INFO - [2024-12-09T20:48:53.883+0000] {dag.py:3834} INFO - Setting next_dagrun for tutorial to 2024-12-08 00:00:00+00:00, run_after=2024-12-09 00:00:00+00:00
[2024-12-09T20:48:53.901+0000] {processor.py:183} INFO - Processing /home/airflow/.local/lib/python3.10/site-packages/airflow/example_dags/tutorial.py took 0.069 seconds
[2024-12-09T20:49:24.039+0000] {processor.py:161} INFO - Started process (PID=1398) to work on /home/airflow/.local/lib/python3.10/site-packages/airflow/example_dags/tutorial.py
[2024-12-09T20:49:24.040+0000] {processor.py:830} INFO - Processing file /home/airflow/.local/lib/python3.10/site-packages/airflow/example_dags/tutorial.py for tasks to queue
[2024-12-09T20:49:24.042+0000] {logging_mixin.py:188} INFO - [2024-12-09T20:49:24.042+0000] {dagbag.py:540} INFO - Filling up the DagBag from /home/airflow/.local/lib/python3.10/site-packages/airflow/example_dags/tutorial.py
[2024-12-09T20:49:24.048+0000] {processor.py:840} INFO - DAG(s) 'tutorial' retrieved from /home/airflow/.local/lib/python3.10/site-packages/airflow/example_dags/tutorial.py
[2024-12-09T20:49:24.067+0000] {logging_mixin.py:188} INFO - [2024-12-09T20:49:24.067+0000] {dag.py:3047} INFO - Sync 1 DAGs
[2024-12-09T20:49:24.088+0000] {logging_mixin.py:188} INFO - [2024-12-09T20:49:24.088+0000] {dag.py:3834} INFO - Setting next_dagrun for tutorial to 2024-12-08 00:00:00+00:00, run_after=2024-12-09 00:00:00+00:00
[2024-12-09T20:49:24.107+0000] {processor.py:183} INFO - Processing /home/airflow/.local/lib/python3.10/site-packages/airflow/example_dags/tutorial.py took 0.071 seconds
[2024-12-09T20:49:54.420+0000] {processor.py:161} INFO - Started process (PID=1454) to work on /home/airflow/.local/lib/python3.10/site-packages/airflow/example_dags/tutorial.py
[2024-12-09T20:49:54.421+0000] {processor.py:830} INFO - Processing file /home/airflow/.local/lib/python3.10/site-packages/airflow/example_dags/tutorial.py for tasks to queue
[2024-12-09T20:49:54.423+0000] {logging_mixin.py:188} INFO - [2024-12-09T20:49:54.423+0000] {dagbag.py:540} INFO - Filling up the DagBag from /home/airflow/.local/lib/python3.10/site-packages/airflow/example_dags/tutorial.py
[2024-12-09T20:49:54.428+0000] {processor.py:840} INFO - DAG(s) 'tutorial' retrieved from /home/airflow/.local/lib/python3.10/site-packages/airflow/example_dags/tutorial.py
[2024-12-09T20:49:54.448+0000] {logging_mixin.py:188} INFO - [2024-12-09T20:49:54.448+0000] {dag.py:3047} INFO - Sync 1 DAGs
[2024-12-09T20:49:54.466+0000] {logging_mixin.py:188} INFO - [2024-12-09T20:49:54.466+0000] {dag.py:3834} INFO - Setting next_dagrun for tutorial to 2024-12-08 00:00:00+00:00, run_after=2024-12-09 00:00:00+00:00
[2024-12-09T20:49:54.485+0000] {processor.py:183} INFO - Processing /home/airflow/.local/lib/python3.10/site-packages/airflow/example_dags/tutorial.py took 0.068 seconds
[2024-12-09T20:50:24.817+0000] {processor.py:161} INFO - Started process (PID=1509) to work on /home/airflow/.local/lib/python3.10/site-packages/airflow/example_dags/tutorial.py
[2024-12-09T20:50:24.818+0000] {processor.py:830} INFO - Processing file /home/airflow/.local/lib/python3.10/site-packages/airflow/example_dags/tutorial.py for tasks to queue
[2024-12-09T20:50:24.820+0000] {logging_mixin.py:188} INFO - [2024-12-09T20:50:24.820+0000] {dagbag.py:540} INFO - Filling up the DagBag from /home/airflow/.local/lib/python3.10/site-packages/airflow/example_dags/tutorial.py
[2024-12-09T20:50:24.826+0000] {processor.py:840} INFO - DAG(s) 'tutorial' retrieved from /home/airflow/.local/lib/python3.10/site-packages/airflow/example_dags/tutorial.py
[2024-12-09T20:50:24.844+0000] {logging_mixin.py:188} INFO - [2024-12-09T20:50:24.844+0000] {dag.py:3047} INFO - Sync 1 DAGs
[2024-12-09T20:50:24.862+0000] {logging_mixin.py:188} INFO - [2024-12-09T20:50:24.862+0000] {dag.py:3834} INFO - Setting next_dagrun for tutorial to 2024-12-08 00:00:00+00:00, run_after=2024-12-09 00:00:00+00:00
[2024-12-09T20:50:24.882+0000] {processor.py:183} INFO - Processing /home/airflow/.local/lib/python3.10/site-packages/airflow/example_dags/tutorial.py took 0.068 seconds
[2024-12-09T20:50:55.637+0000] {processor.py:161} INFO - Started process (PID=1565) to work on /home/airflow/.local/lib/python3.10/site-packages/airflow/example_dags/tutorial.py
[2024-12-09T20:50:55.639+0000] {processor.py:830} INFO - Processing file /home/airflow/.local/lib/python3.10/site-packages/airflow/example_dags/tutorial.py for tasks to queue
[2024-12-09T20:50:55.641+0000] {logging_mixin.py:188} INFO - [2024-12-09T20:50:55.641+0000] {dagbag.py:540} INFO - Filling up the DagBag from /home/airflow/.local/lib/python3.10/site-packages/airflow/example_dags/tutorial.py
[2024-12-09T20:50:55.646+0000] {processor.py:840} INFO - DAG(s) 'tutorial' retrieved from /home/airflow/.local/lib/python3.10/site-packages/airflow/example_dags/tutorial.py
[2024-12-09T20:50:55.665+0000] {logging_mixin.py:188} INFO - [2024-12-09T20:50:55.665+0000] {dag.py:3047} INFO - Sync 1 DAGs
[2024-12-09T20:50:55.815+0000] {logging_mixin.py:188} INFO - [2024-12-09T20:50:55.815+0000] {dag.py:3834} INFO - Setting next_dagrun for tutorial to 2024-12-08 00:00:00+00:00, run_after=2024-12-09 00:00:00+00:00
[2024-12-09T20:50:55.836+0000] {processor.py:183} INFO - Processing /home/airflow/.local/lib/python3.10/site-packages/airflow/example_dags/tutorial.py took 0.203 seconds
[2024-12-09T20:51:26.354+0000] {processor.py:161} INFO - Started process (PID=1621) to work on /home/airflow/.local/lib/python3.10/site-packages/airflow/example_dags/tutorial.py
[2024-12-09T20:51:26.355+0000] {processor.py:830} INFO - Processing file /home/airflow/.local/lib/python3.10/site-packages/airflow/example_dags/tutorial.py for tasks to queue
[2024-12-09T20:51:26.356+0000] {logging_mixin.py:188} INFO - [2024-12-09T20:51:26.356+0000] {dagbag.py:540} INFO - Filling up the DagBag from /home/airflow/.local/lib/python3.10/site-packages/airflow/example_dags/tutorial.py
[2024-12-09T20:51:26.362+0000] {processor.py:840} INFO - DAG(s) 'tutorial' retrieved from /home/airflow/.local/lib/python3.10/site-packages/airflow/example_dags/tutorial.py
[2024-12-09T20:51:26.379+0000] {logging_mixin.py:188} INFO - [2024-12-09T20:51:26.379+0000] {dag.py:3047} INFO - Sync 1 DAGs
[2024-12-09T20:51:26.399+0000] {logging_mixin.py:188} INFO - [2024-12-09T20:51:26.399+0000] {dag.py:3834} INFO - Setting next_dagrun for tutorial to 2024-12-08 00:00:00+00:00, run_after=2024-12-09 00:00:00+00:00
[2024-12-09T20:51:26.517+0000] {processor.py:183} INFO - Processing /home/airflow/.local/lib/python3.10/site-packages/airflow/example_dags/tutorial.py took 0.166 seconds
[2024-12-09T20:51:57.122+0000] {processor.py:161} INFO - Started process (PID=1677) to work on /home/airflow/.local/lib/python3.10/site-packages/airflow/example_dags/tutorial.py
[2024-12-09T20:51:57.123+0000] {processor.py:830} INFO - Processing file /home/airflow/.local/lib/python3.10/site-packages/airflow/example_dags/tutorial.py for tasks to queue
[2024-12-09T20:51:57.125+0000] {logging_mixin.py:188} INFO - [2024-12-09T20:51:57.125+0000] {dagbag.py:540} INFO - Filling up the DagBag from /home/airflow/.local/lib/python3.10/site-packages/airflow/example_dags/tutorial.py
[2024-12-09T20:51:57.130+0000] {processor.py:840} INFO - DAG(s) 'tutorial' retrieved from /home/airflow/.local/lib/python3.10/site-packages/airflow/example_dags/tutorial.py
[2024-12-09T20:51:57.152+0000] {logging_mixin.py:188} INFO - [2024-12-09T20:51:57.152+0000] {dag.py:3047} INFO - Sync 1 DAGs
[2024-12-09T20:51:57.174+0000] {logging_mixin.py:188} INFO - [2024-12-09T20:51:57.174+0000] {dag.py:3834} INFO - Setting next_dagrun for tutorial to 2024-12-08 00:00:00+00:00, run_after=2024-12-09 00:00:00+00:00
[2024-12-09T20:51:57.193+0000] {processor.py:183} INFO - Processing /home/airflow/.local/lib/python3.10/site-packages/airflow/example_dags/tutorial.py took 0.074 seconds
[2024-12-09T20:52:27.240+0000] {processor.py:161} INFO - Started process (PID=1732) to work on /home/airflow/.local/lib/python3.10/site-packages/airflow/example_dags/tutorial.py
[2024-12-09T20:52:27.241+0000] {processor.py:830} INFO - Processing file /home/airflow/.local/lib/python3.10/site-packages/airflow/example_dags/tutorial.py for tasks to queue
[2024-12-09T20:52:27.243+0000] {logging_mixin.py:188} INFO - [2024-12-09T20:52:27.243+0000] {dagbag.py:540} INFO - Filling up the DagBag from /home/airflow/.local/lib/python3.10/site-packages/airflow/example_dags/tutorial.py
[2024-12-09T20:52:27.249+0000] {processor.py:840} INFO - DAG(s) 'tutorial' retrieved from /home/airflow/.local/lib/python3.10/site-packages/airflow/example_dags/tutorial.py
[2024-12-09T20:52:27.267+0000] {logging_mixin.py:188} INFO - [2024-12-09T20:52:27.267+0000] {dag.py:3047} INFO - Sync 1 DAGs
[2024-12-09T20:52:27.285+0000] {logging_mixin.py:188} INFO - [2024-12-09T20:52:27.285+0000] {dag.py:3834} INFO - Setting next_dagrun for tutorial to 2024-12-08 00:00:00+00:00, run_after=2024-12-09 00:00:00+00:00
[2024-12-09T20:52:27.305+0000] {processor.py:183} INFO - Processing /home/airflow/.local/lib/python3.10/site-packages/airflow/example_dags/tutorial.py took 0.068 seconds
[2024-12-09T20:52:58.358+0000] {processor.py:161} INFO - Started process (PID=1785) to work on /home/airflow/.local/lib/python3.10/site-packages/airflow/example_dags/tutorial.py
[2024-12-09T20:52:58.360+0000] {processor.py:830} INFO - Processing file /home/airflow/.local/lib/python3.10/site-packages/airflow/example_dags/tutorial.py for tasks to queue
[2024-12-09T20:52:58.362+0000] {logging_mixin.py:188} INFO - [2024-12-09T20:52:58.362+0000] {dagbag.py:540} INFO - Filling up the DagBag from /home/airflow/.local/lib/python3.10/site-packages/airflow/example_dags/tutorial.py
[2024-12-09T20:52:58.371+0000] {processor.py:840} INFO - DAG(s) 'tutorial' retrieved from /home/airflow/.local/lib/python3.10/site-packages/airflow/example_dags/tutorial.py
[2024-12-09T20:52:58.397+0000] {logging_mixin.py:188} INFO - [2024-12-09T20:52:58.397+0000] {dag.py:3047} INFO - Sync 1 DAGs
[2024-12-09T20:52:58.429+0000] {logging_mixin.py:188} INFO - [2024-12-09T20:52:58.429+0000] {dag.py:3834} INFO - Setting next_dagrun for tutorial to 2024-12-08 00:00:00+00:00, run_after=2024-12-09 00:00:00+00:00
[2024-12-09T20:52:58.455+0000] {processor.py:183} INFO - Processing /home/airflow/.local/lib/python3.10/site-packages/airflow/example_dags/tutorial.py took 0.101 seconds
[2024-12-09T20:53:29.187+0000] {processor.py:161} INFO - Started process (PID=1841) to work on /home/airflow/.local/lib/python3.10/site-packages/airflow/example_dags/tutorial.py
[2024-12-09T20:53:29.188+0000] {processor.py:830} INFO - Processing file /home/airflow/.local/lib/python3.10/site-packages/airflow/example_dags/tutorial.py for tasks to queue
[2024-12-09T20:53:29.190+0000] {logging_mixin.py:188} INFO - [2024-12-09T20:53:29.190+0000] {dagbag.py:540} INFO - Filling up the DagBag from /home/airflow/.local/lib/python3.10/site-packages/airflow/example_dags/tutorial.py
[2024-12-09T20:53:29.195+0000] {processor.py:840} INFO - DAG(s) 'tutorial' retrieved from /home/airflow/.local/lib/python3.10/site-packages/airflow/example_dags/tutorial.py
[2024-12-09T20:53:29.216+0000] {logging_mixin.py:188} INFO - [2024-12-09T20:53:29.216+0000] {dag.py:3047} INFO - Sync 1 DAGs
[2024-12-09T20:53:29.359+0000] {logging_mixin.py:188} INFO - [2024-12-09T20:53:29.359+0000] {dag.py:3834} INFO - Setting next_dagrun for tutorial to 2024-12-08 00:00:00+00:00, run_after=2024-12-09 00:00:00+00:00
[2024-12-09T20:53:29.378+0000] {processor.py:183} INFO - Processing /home/airflow/.local/lib/python3.10/site-packages/airflow/example_dags/tutorial.py took 0.194 seconds
[2024-12-09T20:54:00.133+0000] {processor.py:161} INFO - Started process (PID=1896) to work on /home/airflow/.local/lib/python3.10/site-packages/airflow/example_dags/tutorial.py
[2024-12-09T20:54:00.134+0000] {processor.py:830} INFO - Processing file /home/airflow/.local/lib/python3.10/site-packages/airflow/example_dags/tutorial.py for tasks to queue
[2024-12-09T20:54:00.137+0000] {logging_mixin.py:188} INFO - [2024-12-09T20:54:00.137+0000] {dagbag.py:540} INFO - Filling up the DagBag from /home/airflow/.local/lib/python3.10/site-packages/airflow/example_dags/tutorial.py
[2024-12-09T20:54:00.150+0000] {processor.py:840} INFO - DAG(s) 'tutorial' retrieved from /home/airflow/.local/lib/python3.10/site-packages/airflow/example_dags/tutorial.py
[2024-12-09T20:54:00.186+0000] {logging_mixin.py:188} INFO - [2024-12-09T20:54:00.176+0000] {dag.py:3047} INFO - Sync 1 DAGs
[2024-12-09T20:54:00.230+0000] {logging_mixin.py:188} INFO - [2024-12-09T20:54:00.229+0000] {dag.py:3834} INFO - Setting next_dagrun for tutorial to 2024-12-08 00:00:00+00:00, run_after=2024-12-09 00:00:00+00:00
[2024-12-09T20:54:00.257+0000] {processor.py:183} INFO - Processing /home/airflow/.local/lib/python3.10/site-packages/airflow/example_dags/tutorial.py took 0.130 seconds
[2024-12-09T20:54:30.366+0000] {processor.py:161} INFO - Started process (PID=1952) to work on /home/airflow/.local/lib/python3.10/site-packages/airflow/example_dags/tutorial.py
[2024-12-09T20:54:30.367+0000] {processor.py:830} INFO - Processing file /home/airflow/.local/lib/python3.10/site-packages/airflow/example_dags/tutorial.py for tasks to queue
[2024-12-09T20:54:30.370+0000] {logging_mixin.py:188} INFO - [2024-12-09T20:54:30.369+0000] {dagbag.py:540} INFO - Filling up the DagBag from /home/airflow/.local/lib/python3.10/site-packages/airflow/example_dags/tutorial.py
[2024-12-09T20:54:30.376+0000] {processor.py:840} INFO - DAG(s) 'tutorial' retrieved from /home/airflow/.local/lib/python3.10/site-packages/airflow/example_dags/tutorial.py
[2024-12-09T20:54:30.395+0000] {logging_mixin.py:188} INFO - [2024-12-09T20:54:30.395+0000] {dag.py:3047} INFO - Sync 1 DAGs
[2024-12-09T20:54:30.416+0000] {logging_mixin.py:188} INFO - [2024-12-09T20:54:30.416+0000] {dag.py:3834} INFO - Setting next_dagrun for tutorial to 2024-12-08 00:00:00+00:00, run_after=2024-12-09 00:00:00+00:00
[2024-12-09T20:54:30.437+0000] {processor.py:183} INFO - Processing /home/airflow/.local/lib/python3.10/site-packages/airflow/example_dags/tutorial.py took 0.074 seconds
[2024-12-09T20:55:00.698+0000] {processor.py:161} INFO - Started process (PID=2007) to work on /home/airflow/.local/lib/python3.10/site-packages/airflow/example_dags/tutorial.py
[2024-12-09T20:55:00.699+0000] {processor.py:830} INFO - Processing file /home/airflow/.local/lib/python3.10/site-packages/airflow/example_dags/tutorial.py for tasks to queue
[2024-12-09T20:55:00.702+0000] {logging_mixin.py:188} INFO - [2024-12-09T20:55:00.702+0000] {dagbag.py:540} INFO - Filling up the DagBag from /home/airflow/.local/lib/python3.10/site-packages/airflow/example_dags/tutorial.py
[2024-12-09T20:55:00.710+0000] {processor.py:840} INFO - DAG(s) 'tutorial' retrieved from /home/airflow/.local/lib/python3.10/site-packages/airflow/example_dags/tutorial.py
[2024-12-09T20:55:00.731+0000] {logging_mixin.py:188} INFO - [2024-12-09T20:55:00.731+0000] {dag.py:3047} INFO - Sync 1 DAGs
[2024-12-09T20:55:00.751+0000] {logging_mixin.py:188} INFO - [2024-12-09T20:55:00.750+0000] {dag.py:3834} INFO - Setting next_dagrun for tutorial to 2024-12-08 00:00:00+00:00, run_after=2024-12-09 00:00:00+00:00
[2024-12-09T20:55:00.782+0000] {processor.py:183} INFO - Processing /home/airflow/.local/lib/python3.10/site-packages/airflow/example_dags/tutorial.py took 0.089 seconds
[2024-12-09T20:55:30.924+0000] {processor.py:161} INFO - Started process (PID=2062) to work on /home/airflow/.local/lib/python3.10/site-packages/airflow/example_dags/tutorial.py
[2024-12-09T20:55:30.926+0000] {processor.py:830} INFO - Processing file /home/airflow/.local/lib/python3.10/site-packages/airflow/example_dags/tutorial.py for tasks to queue
[2024-12-09T20:55:30.929+0000] {logging_mixin.py:188} INFO - [2024-12-09T20:55:30.928+0000] {dagbag.py:540} INFO - Filling up the DagBag from /home/airflow/.local/lib/python3.10/site-packages/airflow/example_dags/tutorial.py
[2024-12-09T20:55:30.937+0000] {processor.py:840} INFO - DAG(s) 'tutorial' retrieved from /home/airflow/.local/lib/python3.10/site-packages/airflow/example_dags/tutorial.py
[2024-12-09T20:55:30.964+0000] {logging_mixin.py:188} INFO - [2024-12-09T20:55:30.963+0000] {dag.py:3047} INFO - Sync 1 DAGs
[2024-12-09T20:55:30.990+0000] {logging_mixin.py:188} INFO - [2024-12-09T20:55:30.990+0000] {dag.py:3834} INFO - Setting next_dagrun for tutorial to 2024-12-08 00:00:00+00:00, run_after=2024-12-09 00:00:00+00:00
[2024-12-09T20:55:31.017+0000] {processor.py:183} INFO - Processing /home/airflow/.local/lib/python3.10/site-packages/airflow/example_dags/tutorial.py took 0.098 seconds
[2024-12-09T20:56:01.400+0000] {processor.py:161} INFO - Started process (PID=2117) to work on /home/airflow/.local/lib/python3.10/site-packages/airflow/example_dags/tutorial.py
[2024-12-09T20:56:01.401+0000] {processor.py:830} INFO - Processing file /home/airflow/.local/lib/python3.10/site-packages/airflow/example_dags/tutorial.py for tasks to queue
[2024-12-09T20:56:01.403+0000] {logging_mixin.py:188} INFO - [2024-12-09T20:56:01.403+0000] {dagbag.py:540} INFO - Filling up the DagBag from /home/airflow/.local/lib/python3.10/site-packages/airflow/example_dags/tutorial.py
[2024-12-09T20:56:01.410+0000] {processor.py:840} INFO - DAG(s) 'tutorial' retrieved from /home/airflow/.local/lib/python3.10/site-packages/airflow/example_dags/tutorial.py
[2024-12-09T20:56:01.432+0000] {logging_mixin.py:188} INFO - [2024-12-09T20:56:01.432+0000] {dag.py:3047} INFO - Sync 1 DAGs
[2024-12-09T20:56:01.454+0000] {logging_mixin.py:188} INFO - [2024-12-09T20:56:01.453+0000] {dag.py:3834} INFO - Setting next_dagrun for tutorial to 2024-12-08 00:00:00+00:00, run_after=2024-12-09 00:00:00+00:00
[2024-12-09T20:56:01.475+0000] {processor.py:183} INFO - Processing /home/airflow/.local/lib/python3.10/site-packages/airflow/example_dags/tutorial.py took 0.078 seconds
[2024-12-09T20:56:32.374+0000] {processor.py:161} INFO - Started process (PID=2173) to work on /home/airflow/.local/lib/python3.10/site-packages/airflow/example_dags/tutorial.py
[2024-12-09T20:56:32.375+0000] {processor.py:830} INFO - Processing file /home/airflow/.local/lib/python3.10/site-packages/airflow/example_dags/tutorial.py for tasks to queue
[2024-12-09T20:56:32.381+0000] {logging_mixin.py:188} INFO - [2024-12-09T20:56:32.380+0000] {dagbag.py:540} INFO - Filling up the DagBag from /home/airflow/.local/lib/python3.10/site-packages/airflow/example_dags/tutorial.py
[2024-12-09T20:56:32.393+0000] {processor.py:840} INFO - DAG(s) 'tutorial' retrieved from /home/airflow/.local/lib/python3.10/site-packages/airflow/example_dags/tutorial.py
[2024-12-09T20:56:32.431+0000] {logging_mixin.py:188} INFO - [2024-12-09T20:56:32.431+0000] {dag.py:3047} INFO - Sync 1 DAGs
[2024-12-09T20:56:32.488+0000] {logging_mixin.py:188} INFO - [2024-12-09T20:56:32.487+0000] {dag.py:3834} INFO - Setting next_dagrun for tutorial to 2024-12-08 00:00:00+00:00, run_after=2024-12-09 00:00:00+00:00
[2024-12-09T20:56:32.521+0000] {processor.py:183} INFO - Processing /home/airflow/.local/lib/python3.10/site-packages/airflow/example_dags/tutorial.py took 0.162 seconds
[2024-12-09T20:57:18.953+0000] {processor.py:161} INFO - Started process (PID=2235) to work on /home/airflow/.local/lib/python3.10/site-packages/airflow/example_dags/tutorial.py
[2024-12-09T20:57:18.954+0000] {processor.py:830} INFO - Processing file /home/airflow/.local/lib/python3.10/site-packages/airflow/example_dags/tutorial.py for tasks to queue
[2024-12-09T20:57:18.957+0000] {logging_mixin.py:188} INFO - [2024-12-09T20:57:18.956+0000] {dagbag.py:540} INFO - Filling up the DagBag from /home/airflow/.local/lib/python3.10/site-packages/airflow/example_dags/tutorial.py
[2024-12-09T20:57:18.963+0000] {processor.py:840} INFO - DAG(s) 'tutorial' retrieved from /home/airflow/.local/lib/python3.10/site-packages/airflow/example_dags/tutorial.py
[2024-12-09T20:57:18.985+0000] {logging_mixin.py:188} INFO - [2024-12-09T20:57:18.985+0000] {dag.py:3047} INFO - Sync 1 DAGs
[2024-12-09T20:57:19.011+0000] {logging_mixin.py:188} INFO - [2024-12-09T20:57:19.011+0000] {dag.py:3834} INFO - Setting next_dagrun for tutorial to 2024-12-08 00:00:00+00:00, run_after=2024-12-09 00:00:00+00:00
[2024-12-09T20:57:19.035+0000] {processor.py:183} INFO - Processing /home/airflow/.local/lib/python3.10/site-packages/airflow/example_dags/tutorial.py took 0.086 seconds
[2024-12-09T20:57:49.145+0000] {processor.py:161} INFO - Started process (PID=2284) to work on /home/airflow/.local/lib/python3.10/site-packages/airflow/example_dags/tutorial.py
[2024-12-09T20:57:49.147+0000] {processor.py:830} INFO - Processing file /home/airflow/.local/lib/python3.10/site-packages/airflow/example_dags/tutorial.py for tasks to queue
[2024-12-09T20:57:49.151+0000] {logging_mixin.py:188} INFO - [2024-12-09T20:57:49.151+0000] {dagbag.py:540} INFO - Filling up the DagBag from /home/airflow/.local/lib/python3.10/site-packages/airflow/example_dags/tutorial.py
[2024-12-09T20:57:49.160+0000] {processor.py:840} INFO - DAG(s) 'tutorial' retrieved from /home/airflow/.local/lib/python3.10/site-packages/airflow/example_dags/tutorial.py
[2024-12-09T20:57:49.187+0000] {logging_mixin.py:188} INFO - [2024-12-09T20:57:49.187+0000] {dag.py:3047} INFO - Sync 1 DAGs
[2024-12-09T20:57:49.221+0000] {logging_mixin.py:188} INFO - [2024-12-09T20:57:49.221+0000] {dag.py:3834} INFO - Setting next_dagrun for tutorial to 2024-12-08 00:00:00+00:00, run_after=2024-12-09 00:00:00+00:00
[2024-12-09T20:57:49.249+0000] {processor.py:183} INFO - Processing /home/airflow/.local/lib/python3.10/site-packages/airflow/example_dags/tutorial.py took 0.109 seconds
[2024-12-09T21:56:42.804+0000] {processor.py:161} INFO - Started process (PID=2350) to work on /home/airflow/.local/lib/python3.10/site-packages/airflow/example_dags/tutorial.py
[2024-12-09T21:56:42.807+0000] {processor.py:830} INFO - Processing file /home/airflow/.local/lib/python3.10/site-packages/airflow/example_dags/tutorial.py for tasks to queue
[2024-12-09T21:56:42.822+0000] {logging_mixin.py:188} INFO - [2024-12-09T21:56:42.821+0000] {dagbag.py:540} INFO - Filling up the DagBag from /home/airflow/.local/lib/python3.10/site-packages/airflow/example_dags/tutorial.py
[2024-12-09T21:56:42.865+0000] {processor.py:840} INFO - DAG(s) 'tutorial' retrieved from /home/airflow/.local/lib/python3.10/site-packages/airflow/example_dags/tutorial.py
[2024-12-09T21:56:42.966+0000] {logging_mixin.py:188} INFO - [2024-12-09T21:56:42.965+0000] {dag.py:3047} INFO - Sync 1 DAGs
[2024-12-09T21:56:43.010+0000] {logging_mixin.py:188} INFO - [2024-12-09T21:56:43.009+0000] {dag.py:3834} INFO - Setting next_dagrun for tutorial to 2024-12-08 00:00:00+00:00, run_after=2024-12-09 00:00:00+00:00
[2024-12-09T21:56:43.059+0000] {processor.py:183} INFO - Processing /home/airflow/.local/lib/python3.10/site-packages/airflow/example_dags/tutorial.py took 0.264 seconds
[2024-12-09T21:57:13.180+0000] {processor.py:161} INFO - Started process (PID=2406) to work on /home/airflow/.local/lib/python3.10/site-packages/airflow/example_dags/tutorial.py
[2024-12-09T21:57:13.181+0000] {processor.py:830} INFO - Processing file /home/airflow/.local/lib/python3.10/site-packages/airflow/example_dags/tutorial.py for tasks to queue
[2024-12-09T21:57:13.183+0000] {logging_mixin.py:188} INFO - [2024-12-09T21:57:13.183+0000] {dagbag.py:540} INFO - Filling up the DagBag from /home/airflow/.local/lib/python3.10/site-packages/airflow/example_dags/tutorial.py
[2024-12-09T21:57:13.189+0000] {processor.py:840} INFO - DAG(s) 'tutorial' retrieved from /home/airflow/.local/lib/python3.10/site-packages/airflow/example_dags/tutorial.py
[2024-12-09T21:57:13.214+0000] {logging_mixin.py:188} INFO - [2024-12-09T21:57:13.213+0000] {dag.py:3047} INFO - Sync 1 DAGs
[2024-12-09T21:57:13.237+0000] {logging_mixin.py:188} INFO - [2024-12-09T21:57:13.237+0000] {dag.py:3834} INFO - Setting next_dagrun for tutorial to 2024-12-08 00:00:00+00:00, run_after=2024-12-09 00:00:00+00:00
[2024-12-09T21:57:13.262+0000] {processor.py:183} INFO - Processing /home/airflow/.local/lib/python3.10/site-packages/airflow/example_dags/tutorial.py took 0.086 seconds
[2024-12-09T21:57:56.165+0000] {processor.py:161} INFO - Started process (PID=2462) to work on /home/airflow/.local/lib/python3.10/site-packages/airflow/example_dags/tutorial.py
[2024-12-09T21:57:56.166+0000] {processor.py:830} INFO - Processing file /home/airflow/.local/lib/python3.10/site-packages/airflow/example_dags/tutorial.py for tasks to queue
[2024-12-09T21:57:56.169+0000] {logging_mixin.py:188} INFO - [2024-12-09T21:57:56.169+0000] {dagbag.py:540} INFO - Filling up the DagBag from /home/airflow/.local/lib/python3.10/site-packages/airflow/example_dags/tutorial.py
[2024-12-09T21:57:56.175+0000] {processor.py:840} INFO - DAG(s) 'tutorial' retrieved from /home/airflow/.local/lib/python3.10/site-packages/airflow/example_dags/tutorial.py
[2024-12-09T21:57:56.200+0000] {logging_mixin.py:188} INFO - [2024-12-09T21:57:56.199+0000] {dag.py:3047} INFO - Sync 1 DAGs
[2024-12-09T21:57:56.224+0000] {logging_mixin.py:188} INFO - [2024-12-09T21:57:56.224+0000] {dag.py:3834} INFO - Setting next_dagrun for tutorial to 2024-12-08 00:00:00+00:00, run_after=2024-12-09 00:00:00+00:00
[2024-12-09T21:57:56.250+0000] {processor.py:183} INFO - Processing /home/airflow/.local/lib/python3.10/site-packages/airflow/example_dags/tutorial.py took 0.089 seconds
[2024-12-09T21:58:26.697+0000] {processor.py:161} INFO - Started process (PID=2517) to work on /home/airflow/.local/lib/python3.10/site-packages/airflow/example_dags/tutorial.py
[2024-12-09T21:58:26.698+0000] {processor.py:830} INFO - Processing file /home/airflow/.local/lib/python3.10/site-packages/airflow/example_dags/tutorial.py for tasks to queue
[2024-12-09T21:58:26.701+0000] {logging_mixin.py:188} INFO - [2024-12-09T21:58:26.700+0000] {dagbag.py:540} INFO - Filling up the DagBag from /home/airflow/.local/lib/python3.10/site-packages/airflow/example_dags/tutorial.py
[2024-12-09T21:58:26.706+0000] {processor.py:840} INFO - DAG(s) 'tutorial' retrieved from /home/airflow/.local/lib/python3.10/site-packages/airflow/example_dags/tutorial.py
[2024-12-09T21:58:26.725+0000] {logging_mixin.py:188} INFO - [2024-12-09T21:58:26.724+0000] {dag.py:3047} INFO - Sync 1 DAGs
[2024-12-09T21:58:26.741+0000] {logging_mixin.py:188} INFO - [2024-12-09T21:58:26.741+0000] {dag.py:3834} INFO - Setting next_dagrun for tutorial to 2024-12-08 00:00:00+00:00, run_after=2024-12-09 00:00:00+00:00
[2024-12-09T21:58:26.760+0000] {processor.py:183} INFO - Processing /home/airflow/.local/lib/python3.10/site-packages/airflow/example_dags/tutorial.py took 0.066 seconds
[2024-12-09T21:58:57.502+0000] {processor.py:161} INFO - Started process (PID=2572) to work on /home/airflow/.local/lib/python3.10/site-packages/airflow/example_dags/tutorial.py
[2024-12-09T21:58:57.503+0000] {processor.py:830} INFO - Processing file /home/airflow/.local/lib/python3.10/site-packages/airflow/example_dags/tutorial.py for tasks to queue
[2024-12-09T21:58:57.505+0000] {logging_mixin.py:188} INFO - [2024-12-09T21:58:57.505+0000] {dagbag.py:540} INFO - Filling up the DagBag from /home/airflow/.local/lib/python3.10/site-packages/airflow/example_dags/tutorial.py
[2024-12-09T21:58:57.511+0000] {processor.py:840} INFO - DAG(s) 'tutorial' retrieved from /home/airflow/.local/lib/python3.10/site-packages/airflow/example_dags/tutorial.py
[2024-12-09T21:58:57.530+0000] {logging_mixin.py:188} INFO - [2024-12-09T21:58:57.530+0000] {dag.py:3047} INFO - Sync 1 DAGs
[2024-12-09T21:58:57.548+0000] {logging_mixin.py:188} INFO - [2024-12-09T21:58:57.548+0000] {dag.py:3834} INFO - Setting next_dagrun for tutorial to 2024-12-08 00:00:00+00:00, run_after=2024-12-09 00:00:00+00:00
[2024-12-09T21:58:57.566+0000] {processor.py:183} INFO - Processing /home/airflow/.local/lib/python3.10/site-packages/airflow/example_dags/tutorial.py took 0.067 seconds
[2024-12-09T21:59:28.471+0000] {processor.py:161} INFO - Started process (PID=2628) to work on /home/airflow/.local/lib/python3.10/site-packages/airflow/example_dags/tutorial.py
[2024-12-09T21:59:28.473+0000] {processor.py:830} INFO - Processing file /home/airflow/.local/lib/python3.10/site-packages/airflow/example_dags/tutorial.py for tasks to queue
[2024-12-09T21:59:28.475+0000] {logging_mixin.py:188} INFO - [2024-12-09T21:59:28.474+0000] {dagbag.py:540} INFO - Filling up the DagBag from /home/airflow/.local/lib/python3.10/site-packages/airflow/example_dags/tutorial.py
[2024-12-09T21:59:28.480+0000] {processor.py:840} INFO - DAG(s) 'tutorial' retrieved from /home/airflow/.local/lib/python3.10/site-packages/airflow/example_dags/tutorial.py
[2024-12-09T21:59:28.500+0000] {logging_mixin.py:188} INFO - [2024-12-09T21:59:28.500+0000] {dag.py:3047} INFO - Sync 1 DAGs
[2024-12-09T21:59:28.517+0000] {logging_mixin.py:188} INFO - [2024-12-09T21:59:28.517+0000] {dag.py:3834} INFO - Setting next_dagrun for tutorial to 2024-12-08 00:00:00+00:00, run_after=2024-12-09 00:00:00+00:00
[2024-12-09T21:59:28.536+0000] {processor.py:183} INFO - Processing /home/airflow/.local/lib/python3.10/site-packages/airflow/example_dags/tutorial.py took 0.068 seconds
[2024-12-09T21:59:58.630+0000] {processor.py:161} INFO - Started process (PID=2683) to work on /home/airflow/.local/lib/python3.10/site-packages/airflow/example_dags/tutorial.py
[2024-12-09T21:59:58.631+0000] {processor.py:830} INFO - Processing file /home/airflow/.local/lib/python3.10/site-packages/airflow/example_dags/tutorial.py for tasks to queue
[2024-12-09T21:59:58.634+0000] {logging_mixin.py:188} INFO - [2024-12-09T21:59:58.633+0000] {dagbag.py:540} INFO - Filling up the DagBag from /home/airflow/.local/lib/python3.10/site-packages/airflow/example_dags/tutorial.py
[2024-12-09T21:59:58.641+0000] {processor.py:840} INFO - DAG(s) 'tutorial' retrieved from /home/airflow/.local/lib/python3.10/site-packages/airflow/example_dags/tutorial.py
[2024-12-09T21:59:58.661+0000] {logging_mixin.py:188} INFO - [2024-12-09T21:59:58.661+0000] {dag.py:3047} INFO - Sync 1 DAGs
[2024-12-09T21:59:58.681+0000] {logging_mixin.py:188} INFO - [2024-12-09T21:59:58.680+0000] {dag.py:3834} INFO - Setting next_dagrun for tutorial to 2024-12-08 00:00:00+00:00, run_after=2024-12-09 00:00:00+00:00
[2024-12-09T21:59:58.701+0000] {processor.py:183} INFO - Processing /home/airflow/.local/lib/python3.10/site-packages/airflow/example_dags/tutorial.py took 0.075 seconds
